Sender: LSF System <lsfadmin@ls16>
Subject: Job 14799238: <_adam_SAGEConv_1e-5> in cluster <lila> Done

Job <_adam_SAGEConv_1e-5> was submitted from host <lx04> by user <wangy1> in cluster <lila> at Fri Jun  5 10:53:54 2020
Job was executed on host(s) <12*ls16>, in queue <gpuqueue>, as user <wangy1> in cluster <lila> at Fri Jun  5 11:09:10 2020
</home/wangy1> was used as the home directory.
</data/chodera/wangyq/pinot/scripts/comparison> was used as the working directory.
Started at Fri Jun  5 11:09:10 2020
Terminated at Fri Jun  5 11:14:16 2020
Results reported at Fri Jun  5 11:14:16 2020

Your job looked like:

------------------------------------------------------------
# LSBATCH: User input
python ../../pinot/app/supervised_train.py --layer SAGEConv --optimizer adam --lr 1e-5 --out _adam_SAGEConv_1e-5 --n_epochs 1000
------------------------------------------------------------

Successfully completed.

Resource usage summary:

    CPU time :                                   303.00 sec.
    Max Memory :                                 1 GB
    Average Memory :                             0.97 GB
    Total Requested Memory :                     48.00 GB
    Delta Memory :                               47.00 GB
    Max Swap :                                   -
    Max Processes :                              3
    Max Threads :                                9
    Run time :                                   305 sec.
    Turnaround time :                            1222 sec.

The output (if any) follows:



PS:

Read file <14799238.stderr> for stderr output of this job.

