Sender: LSF System <lsfadmin@lt18>
Subject: Job 14836086: <_gp_61> in cluster <lila> Done

Job <_gp_61> was submitted from host <ls14> by user <wangy1> in cluster <lila> at Thu Jun 11 19:30:07 2020
Job was executed on host(s) <12*lt18>, in queue <gpuqueue>, as user <wangy1> in cluster <lila> at Thu Jun 11 19:30:08 2020
</home/wangy1> was used as the home directory.
</data/chodera/wangyq/pinot/scripts/gp_split> was used as the working directory.
Started at Thu Jun 11 19:30:08 2020
Terminated at Thu Jun 11 19:33:00 2020
Results reported at Thu Jun 11 19:33:00 2020

Your job looked like:

------------------------------------------------------------
# LSBATCH: User input
python ../../pinot/app/gp_train.py --layer GraphConv --out _gp_61 --n_epochs 500 --lr 1e-3 --config 32 tanh 32 tanh 32 tanh --lr 1e-3 --partition 61:39
------------------------------------------------------------

Successfully completed.

Resource usage summary:

    CPU time :                                   537.95 sec.
    Max Memory :                                 2 GB
    Average Memory :                             1.90 GB
    Total Requested Memory :                     48.00 GB
    Delta Memory :                               46.00 GB
    Max Swap :                                   -
    Max Processes :                              3
    Max Threads :                                20
    Run time :                                   173 sec.
    Turnaround time :                            173 sec.

The output (if any) follows:

Parameter containing:
tensor(-3., device='cuda:0', requires_grad=True)
Parameter containing:
tensor(-2.9990, device='cuda:0', requires_grad=True)
Parameter containing:
tensor(-2.9980, device='cuda:0', requires_grad=True)
Parameter containing:
tensor(-2.9970, device='cuda:0', requires_grad=True)
Parameter containing:
tensor(-2.9961, device='cuda:0', requires_grad=True)
Parameter containing:
tensor(-2.9951, device='cuda:0', requires_grad=True)
Parameter containing:
tensor(-2.9942, device='cuda:0', requires_grad=True)
Parameter containing:
tensor(-2.9933, device='cuda:0', requires_grad=True)
Parameter containing:
tensor(-2.9924, device='cuda:0', requires_grad=True)
Parameter containing:
tensor(-2.9915, device='cuda:0', requires_grad=True)
Parameter containing:
tensor(-2.9906, device='cuda:0', requires_grad=True)
Parameter containing:
tensor(-2.9898, device='cuda:0', requires_grad=True)
Parameter containing:
tensor(-2.9889, device='cuda:0', requires_grad=True)
Parameter containing:
tensor(-2.9881, device='cuda:0', requires_grad=True)
Parameter containing:
tensor(-2.9872, device='cuda:0', requires_grad=True)
Parameter containing:
tensor(-2.9864, device='cuda:0', requires_grad=True)
Parameter containing:
tensor(-2.9855, device='cuda:0', requires_grad=True)
Parameter containing:
tensor(-2.9847, device='cuda:0', requires_grad=True)
Parameter containing:
tensor(-2.9839, device='cuda:0', requires_grad=True)
Parameter containing:
tensor(-2.9830, device='cuda:0', requires_grad=True)
Parameter containing:
tensor(-2.9822, device='cuda:0', requires_grad=True)
Parameter containing:
tensor(-2.9813, device='cuda:0', requires_grad=True)
Parameter containing:
tensor(-2.9805, device='cuda:0', requires_grad=True)
Parameter containing:
tensor(-2.9796, device='cuda:0', requires_grad=True)
Parameter containing:
tensor(-2.9788, device='cuda:0', requires_grad=True)
Parameter containing:
tensor(-2.9779, device='cuda:0', requires_grad=True)
Parameter containing:
tensor(-2.9771, device='cuda:0', requires_grad=True)
Parameter containing:
tensor(-2.9762, device='cuda:0', requires_grad=True)
Parameter containing:
tensor(-2.9753, device='cuda:0', requires_grad=True)
Parameter containing:
tensor(-2.9744, device='cuda:0', requires_grad=True)
Parameter containing:
tensor(-2.9736, device='cuda:0', requires_grad=True)
Parameter containing:
tensor(-2.9727, device='cuda:0', requires_grad=True)
Parameter containing:
tensor(-2.9718, device='cuda:0', requires_grad=True)
Parameter containing:
tensor(-2.9710, device='cuda:0', requires_grad=True)
Parameter containing:
tensor(-2.9701, device='cuda:0', requires_grad=True)
Parameter containing:
tensor(-2.9692, device='cuda:0', requires_grad=True)
Parameter containing:
tensor(-2.9683, device='cuda:0', requires_grad=True)
Parameter containing:
tensor(-2.9675, device='cuda:0', requires_grad=True)
Parameter containing:
tensor(-2.9666, device='cuda:0', requires_grad=True)
Parameter containing:
tensor(-2.9658, device='cuda:0', requires_grad=True)
Parameter containing:
tensor(-2.9649, device='cuda:0', requires_grad=True)
Parameter containing:
tensor(-2.9641, device='cuda:0', requires_grad=True)
Parameter containing:
tensor(-2.9632, device='cuda:0', requires_grad=True)
Parameter containing:
tensor(-2.9624, device='cuda:0', requires_grad=True)
Parameter containing:
tensor(-2.9615, device='cuda:0', requires_grad=True)
Parameter containing:
tensor(-2.9607, device='cuda:0', requires_grad=True)
Parameter containing:
tensor(-2.9598, device='cuda:0', requires_grad=True)
Parameter containing:
tensor(-2.9590, device='cuda:0', requires_grad=True)
Parameter containing:
tensor(-2.9582, device='cuda:0', requires_grad=True)
Parameter containing:
tensor(-2.9573, device='cuda:0', requires_grad=True)
Parameter containing:
tensor(-2.9565, device='cuda:0', requires_grad=True)
Parameter containing:
tensor(-2.9556, device='cuda:0', requires_grad=True)
Parameter containing:
tensor(-2.9548, device='cuda:0', requires_grad=True)
Parameter containing:
tensor(-2.9540, device='cuda:0', requires_grad=True)
Parameter containing:
tensor(-2.9531, device='cuda:0', requires_grad=True)
Parameter containing:
tensor(-2.9523, device='cuda:0', requires_grad=True)
Parameter containing:
tensor(-2.9515, device='cuda:0', requires_grad=True)
Parameter containing:
tensor(-2.9506, device='cuda:0', requires_grad=True)
Parameter containing:
tensor(-2.9498, device='cuda:0', requires_grad=True)
Parameter containing:
tensor(-2.9490, device='cuda:0', requires_grad=True)
Parameter containing:
tensor(-2.9481, device='cuda:0', requires_grad=True)
Parameter containing:
tensor(-2.9473, device='cuda:0', requires_grad=True)
Parameter containing:
tensor(-2.9465, device='cuda:0', requires_grad=True)
Parameter containing:
tensor(-2.9456, device='cuda:0', requires_grad=True)
Parameter containing:
tensor(-2.9448, device='cuda:0', requires_grad=True)
Parameter containing:
tensor(-2.9440, device='cuda:0', requires_grad=True)
Parameter containing:
tensor(-2.9432, device='cuda:0', requires_grad=True)
Parameter containing:
tensor(-2.9423, device='cuda:0', requires_grad=True)
Parameter containing:
tensor(-2.9415, device='cuda:0', requires_grad=True)
Parameter containing:
tensor(-2.9407, device='cuda:0', requires_grad=True)
Parameter containing:
tensor(-2.9398, device='cuda:0', requires_grad=True)
Parameter containing:
tensor(-2.9390, device='cuda:0', requires_grad=True)
Parameter containing:
tensor(-2.9382, device='cuda:0', requires_grad=True)
Parameter containing:
tensor(-2.9374, device='cuda:0', requires_grad=True)
Parameter containing:
tensor(-2.9365, device='cuda:0', requires_grad=True)
Parameter containing:
tensor(-2.9357, device='cuda:0', requires_grad=True)
Parameter containing:
tensor(-2.9349, device='cuda:0', requires_grad=True)
Parameter containing:
tensor(-2.9340, device='cuda:0', requires_grad=True)
Parameter containing:
tensor(-2.9332, device='cuda:0', requires_grad=True)
Parameter containing:
tensor(-2.9324, device='cuda:0', requires_grad=True)
Parameter containing:
tensor(-2.9316, device='cuda:0', requires_grad=True)
Parameter containing:
tensor(-2.9307, device='cuda:0', requires_grad=True)
Parameter containing:
tensor(-2.9299, device='cuda:0', requires_grad=True)
Parameter containing:
tensor(-2.9291, device='cuda:0', requires_grad=True)
Parameter containing:
tensor(-2.9282, device='cuda:0', requires_grad=True)
Parameter containing:
tensor(-2.9274, device='cuda:0', requires_grad=True)
Parameter containing:
tensor(-2.9266, device='cuda:0', requires_grad=True)
Parameter containing:
tensor(-2.9258, device='cuda:0', requires_grad=True)
Parameter containing:
tensor(-2.9250, device='cuda:0', requires_grad=True)
Parameter containing:
tensor(-2.9241, device='cuda:0', requires_grad=True)
Parameter containing:
tensor(-2.9233, device='cuda:0', requires_grad=True)
Parameter containing:
tensor(-2.9225, device='cuda:0', requires_grad=True)
Parameter containing:
tensor(-2.9217, device='cuda:0', requires_grad=True)
Parameter containing:
tensor(-2.9209, device='cuda:0', requires_grad=True)
Parameter containing:
tensor(-2.9200, device='cuda:0', requires_grad=True)
Parameter containing:
tensor(-2.9192, device='cuda:0', requires_grad=True)
Parameter containing:
tensor(-2.9184, device='cuda:0', requires_grad=True)
Parameter containing:
tensor(-2.9175, device='cuda:0', requires_grad=True)
Parameter containing:
tensor(-2.9167, device='cuda:0', requires_grad=True)
Parameter containing:
tensor(-2.9159, device='cuda:0', requires_grad=True)
Parameter containing:
tensor(-2.9151, device='cuda:0', requires_grad=True)
Parameter containing:
tensor(-2.9143, device='cuda:0', requires_grad=True)
Parameter containing:
tensor(-2.9135, device='cuda:0', requires_grad=True)
Parameter containing:
tensor(-2.9128, device='cuda:0', requires_grad=True)
Parameter containing:
tensor(-2.9120, device='cuda:0', requires_grad=True)
Parameter containing:
tensor(-2.9112, device='cuda:0', requires_grad=True)
Parameter containing:
tensor(-2.9105, device='cuda:0', requires_grad=True)
Parameter containing:
tensor(-2.9097, device='cuda:0', requires_grad=True)
Parameter containing:
tensor(-2.9089, device='cuda:0', requires_grad=True)
Parameter containing:
tensor(-2.9082, device='cuda:0', requires_grad=True)
Parameter containing:
tensor(-2.9074, device='cuda:0', requires_grad=True)
Parameter containing:
tensor(-2.9067, device='cuda:0', requires_grad=True)
Parameter containing:
tensor(-2.9059, device='cuda:0', requires_grad=True)
Parameter containing:
tensor(-2.9051, device='cuda:0', requires_grad=True)
Parameter containing:
tensor(-2.9044, device='cuda:0', requires_grad=True)
Parameter containing:
tensor(-2.9036, device='cuda:0', requires_grad=True)
Parameter containing:
tensor(-2.9029, device='cuda:0', requires_grad=True)
Parameter containing:
tensor(-2.9021, device='cuda:0', requires_grad=True)
Parameter containing:
tensor(-2.9014, device='cuda:0', requires_grad=True)
Parameter containing:
tensor(-2.9006, device='cuda:0', requires_grad=True)
Parameter containing:
tensor(-2.8999, device='cuda:0', requires_grad=True)
Parameter containing:
tensor(-2.8991, device='cuda:0', requires_grad=True)
Parameter containing:
tensor(-2.8984, device='cuda:0', requires_grad=True)
Parameter containing:
tensor(-2.8976, device='cuda:0', requires_grad=True)
Parameter containing:
tensor(-2.8969, device='cuda:0', requires_grad=True)
Parameter containing:
tensor(-2.8961, device='cuda:0', requires_grad=True)
Parameter containing:
tensor(-2.8954, device='cuda:0', requires_grad=True)
Parameter containing:
tensor(-2.8946, device='cuda:0', requires_grad=True)
Parameter containing:
tensor(-2.8939, device='cuda:0', requires_grad=True)
Parameter containing:
tensor(-2.8931, device='cuda:0', requires_grad=True)
Parameter containing:
tensor(-2.8924, device='cuda:0', requires_grad=True)
Parameter containing:
tensor(-2.8916, device='cuda:0', requires_grad=True)
Parameter containing:
tensor(-2.8908, device='cuda:0', requires_grad=True)
Parameter containing:
tensor(-2.8901, device='cuda:0', requires_grad=True)
Parameter containing:
tensor(-2.8893, device='cuda:0', requires_grad=True)
Parameter containing:
tensor(-2.8886, device='cuda:0', requires_grad=True)
Parameter containing:
tensor(-2.8878, device='cuda:0', requires_grad=True)
Parameter containing:
tensor(-2.8870, device='cuda:0', requires_grad=True)
Parameter containing:
tensor(-2.8863, device='cuda:0', requires_grad=True)
Parameter containing:
tensor(-2.8855, device='cuda:0', requires_grad=True)
Parameter containing:
tensor(-2.8847, device='cuda:0', requires_grad=True)
Parameter containing:
tensor(-2.8839, device='cuda:0', requires_grad=True)
Parameter containing:
tensor(-2.8832, device='cuda:0', requires_grad=True)
Parameter containing:
tensor(-2.8824, device='cuda:0', requires_grad=True)
Parameter containing:
tensor(-2.8816, device='cuda:0', requires_grad=True)
Parameter containing:
tensor(-2.8808, device='cuda:0', requires_grad=True)
Parameter containing:
tensor(-2.8801, device='cuda:0', requires_grad=True)
Parameter containing:
tensor(-2.8793, device='cuda:0', requires_grad=True)
Parameter containing:
tensor(-2.8785, device='cuda:0', requires_grad=True)
Parameter containing:
tensor(-2.8778, device='cuda:0', requires_grad=True)
Parameter containing:
tensor(-2.8770, device='cuda:0', requires_grad=True)
Parameter containing:
tensor(-2.8762, device='cuda:0', requires_grad=True)
Parameter containing:
tensor(-2.8754, device='cuda:0', requires_grad=True)
Parameter containing:
tensor(-2.8746, device='cuda:0', requires_grad=True)
Parameter containing:
tensor(-2.8739, device='cuda:0', requires_grad=True)
Parameter containing:
tensor(-2.8731, device='cuda:0', requires_grad=True)
Parameter containing:
tensor(-2.8723, device='cuda:0', requires_grad=True)
Parameter containing:
tensor(-2.8715, device='cuda:0', requires_grad=True)
Parameter containing:
tensor(-2.8707, device='cuda:0', requires_grad=True)
Parameter containing:
tensor(-2.8700, device='cuda:0', requires_grad=True)
Parameter containing:
tensor(-2.8692, device='cuda:0', requires_grad=True)
Parameter containing:
tensor(-2.8684, device='cuda:0', requires_grad=True)
Parameter containing:
tensor(-2.8676, device='cuda:0', requires_grad=True)
Parameter containing:
tensor(-2.8669, device='cuda:0', requires_grad=True)
Parameter containing:
tensor(-2.8661, device='cuda:0', requires_grad=True)
Parameter containing:
tensor(-2.8653, device='cuda:0', requires_grad=True)
Parameter containing:
tensor(-2.8646, device='cuda:0', requires_grad=True)
Parameter containing:
tensor(-2.8638, device='cuda:0', requires_grad=True)
Parameter containing:
tensor(-2.8630, device='cuda:0', requires_grad=True)
Parameter containing:
tensor(-2.8623, device='cuda:0', requires_grad=True)
Parameter containing:
tensor(-2.8615, device='cuda:0', requires_grad=True)
Parameter containing:
tensor(-2.8607, device='cuda:0', requires_grad=True)
Parameter containing:
tensor(-2.8600, device='cuda:0', requires_grad=True)
Parameter containing:
tensor(-2.8592, device='cuda:0', requires_grad=True)
Parameter containing:
tensor(-2.8584, device='cuda:0', requires_grad=True)
Parameter containing:
tensor(-2.8577, device='cuda:0', requires_grad=True)
Parameter containing:
tensor(-2.8569, device='cuda:0', requires_grad=True)
Parameter containing:
tensor(-2.8561, device='cuda:0', requires_grad=True)
Parameter containing:
tensor(-2.8554, device='cuda:0', requires_grad=True)
Parameter containing:
tensor(-2.8546, device='cuda:0', requires_grad=True)
Parameter containing:
tensor(-2.8538, device='cuda:0', requires_grad=True)
Parameter containing:
tensor(-2.8531, device='cuda:0', requires_grad=True)
Parameter containing:
tensor(-2.8523, device='cuda:0', requires_grad=True)
Parameter containing:
tensor(-2.8516, device='cuda:0', requires_grad=True)
Parameter containing:
tensor(-2.8508, device='cuda:0', requires_grad=True)
Parameter containing:
tensor(-2.8500, device='cuda:0', requires_grad=True)
Parameter containing:
tensor(-2.8493, device='cuda:0', requires_grad=True)
Parameter containing:
tensor(-2.8485, device='cuda:0', requires_grad=True)
Parameter containing:
tensor(-2.8477, device='cuda:0', requires_grad=True)
Parameter containing:
tensor(-2.8470, device='cuda:0', requires_grad=True)
Parameter containing:
tensor(-2.8462, device='cuda:0', requires_grad=True)
Parameter containing:
tensor(-2.8454, device='cuda:0', requires_grad=True)
Parameter containing:
tensor(-2.8447, device='cuda:0', requires_grad=True)
Parameter containing:
tensor(-2.8439, device='cuda:0', requires_grad=True)
Parameter containing:
tensor(-2.8431, device='cuda:0', requires_grad=True)
Parameter containing:
tensor(-2.8424, device='cuda:0', requires_grad=True)
Parameter containing:
tensor(-2.8416, device='cuda:0', requires_grad=True)
Parameter containing:
tensor(-2.8408, device='cuda:0', requires_grad=True)
Parameter containing:
tensor(-2.8401, device='cuda:0', requires_grad=True)
Parameter containing:
tensor(-2.8393, device='cuda:0', requires_grad=True)
Parameter containing:
tensor(-2.8386, device='cuda:0', requires_grad=True)
Parameter containing:
tensor(-2.8378, device='cuda:0', requires_grad=True)
Parameter containing:
tensor(-2.8370, device='cuda:0', requires_grad=True)
Parameter containing:
tensor(-2.8363, device='cuda:0', requires_grad=True)
Parameter containing:
tensor(-2.8355, device='cuda:0', requires_grad=True)
Parameter containing:
tensor(-2.8348, device='cuda:0', requires_grad=True)
Parameter containing:
tensor(-2.8340, device='cuda:0', requires_grad=True)
Parameter containing:
tensor(-2.8333, device='cuda:0', requires_grad=True)
Parameter containing:
tensor(-2.8325, device='cuda:0', requires_grad=True)
Parameter containing:
tensor(-2.8318, device='cuda:0', requires_grad=True)
Parameter containing:
tensor(-2.8310, device='cuda:0', requires_grad=True)
Parameter containing:
tensor(-2.8303, device='cuda:0', requires_grad=True)
Parameter containing:
tensor(-2.8295, device='cuda:0', requires_grad=True)
Parameter containing:
tensor(-2.8288, device='cuda:0', requires_grad=True)
Parameter containing:
tensor(-2.8280, device='cuda:0', requires_grad=True)
Parameter containing:
tensor(-2.8273, device='cuda:0', requires_grad=True)
Parameter containing:
tensor(-2.8265, device='cuda:0', requires_grad=True)
Parameter containing:
tensor(-2.8258, device='cuda:0', requires_grad=True)
Parameter containing:
tensor(-2.8250, device='cuda:0', requires_grad=True)
Parameter containing:
tensor(-2.8243, device='cuda:0', requires_grad=True)
Parameter containing:
tensor(-2.8235, device='cuda:0', requires_grad=True)
Parameter containing:
tensor(-2.8228, device='cuda:0', requires_grad=True)
Parameter containing:
tensor(-2.8221, device='cuda:0', requires_grad=True)
Parameter containing:
tensor(-2.8213, device='cuda:0', requires_grad=True)
Parameter containing:
tensor(-2.8206, device='cuda:0', requires_grad=True)
Parameter containing:
tensor(-2.8199, device='cuda:0', requires_grad=True)
Parameter containing:
tensor(-2.8191, device='cuda:0', requires_grad=True)
Parameter containing:
tensor(-2.8184, device='cuda:0', requires_grad=True)
Parameter containing:
tensor(-2.8177, device='cuda:0', requires_grad=True)
Parameter containing:
tensor(-2.8169, device='cuda:0', requires_grad=True)
Parameter containing:
tensor(-2.8162, device='cuda:0', requires_grad=True)
Parameter containing:
tensor(-2.8155, device='cuda:0', requires_grad=True)
Parameter containing:
tensor(-2.8147, device='cuda:0', requires_grad=True)
Parameter containing:
tensor(-2.8140, device='cuda:0', requires_grad=True)
Parameter containing:
tensor(-2.8133, device='cuda:0', requires_grad=True)
Parameter containing:
tensor(-2.8126, device='cuda:0', requires_grad=True)
Parameter containing:
tensor(-2.8118, device='cuda:0', requires_grad=True)
Parameter containing:
tensor(-2.8111, device='cuda:0', requires_grad=True)
Parameter containing:
tensor(-2.8104, device='cuda:0', requires_grad=True)
Parameter containing:
tensor(-2.8096, device='cuda:0', requires_grad=True)
Parameter containing:
tensor(-2.8089, device='cuda:0', requires_grad=True)
Parameter containing:
tensor(-2.8082, device='cuda:0', requires_grad=True)
Parameter containing:
tensor(-2.8075, device='cuda:0', requires_grad=True)
Parameter containing:
tensor(-2.8068, device='cuda:0', requires_grad=True)
Parameter containing:
tensor(-2.8061, device='cuda:0', requires_grad=True)
Parameter containing:
tensor(-2.8054, device='cuda:0', requires_grad=True)
Parameter containing:
tensor(-2.8047, device='cuda:0', requires_grad=True)
Parameter containing:
tensor(-2.8040, device='cuda:0', requires_grad=True)
Parameter containing:
tensor(-2.8033, device='cuda:0', requires_grad=True)
Parameter containing:
tensor(-2.8026, device='cuda:0', requires_grad=True)
Parameter containing:
tensor(-2.8019, device='cuda:0', requires_grad=True)
Parameter containing:
tensor(-2.8012, device='cuda:0', requires_grad=True)
Parameter containing:
tensor(-2.8005, device='cuda:0', requires_grad=True)
Parameter containing:
tensor(-2.7998, device='cuda:0', requires_grad=True)
Parameter containing:
tensor(-2.7991, device='cuda:0', requires_grad=True)
Parameter containing:
tensor(-2.7984, device='cuda:0', requires_grad=True)
Parameter containing:
tensor(-2.7977, device='cuda:0', requires_grad=True)
Parameter containing:
tensor(-2.7970, device='cuda:0', requires_grad=True)
Parameter containing:
tensor(-2.7963, device='cuda:0', requires_grad=True)
Parameter containing:
tensor(-2.7956, device='cuda:0', requires_grad=True)
Parameter containing:
tensor(-2.7949, device='cuda:0', requires_grad=True)
Parameter containing:
tensor(-2.7941, device='cuda:0', requires_grad=True)
Parameter containing:
tensor(-2.7934, device='cuda:0', requires_grad=True)
Parameter containing:
tensor(-2.7927, device='cuda:0', requires_grad=True)
Parameter containing:
tensor(-2.7920, device='cuda:0', requires_grad=True)
Parameter containing:
tensor(-2.7913, device='cuda:0', requires_grad=True)
Parameter containing:
tensor(-2.7906, device='cuda:0', requires_grad=True)
Parameter containing:
tensor(-2.7899, device='cuda:0', requires_grad=True)
Parameter containing:
tensor(-2.7891, device='cuda:0', requires_grad=True)
Parameter containing:
tensor(-2.7884, device='cuda:0', requires_grad=True)
Parameter containing:
tensor(-2.7877, device='cuda:0', requires_grad=True)
Parameter containing:
tensor(-2.7870, device='cuda:0', requires_grad=True)
Parameter containing:
tensor(-2.7862, device='cuda:0', requires_grad=True)
Parameter containing:
tensor(-2.7855, device='cuda:0', requires_grad=True)
Parameter containing:
tensor(-2.7848, device='cuda:0', requires_grad=True)
Parameter containing:
tensor(-2.7841, device='cuda:0', requires_grad=True)
Parameter containing:
tensor(-2.7834, device='cuda:0', requires_grad=True)
Parameter containing:
tensor(-2.7827, device='cuda:0', requires_grad=True)
Parameter containing:
tensor(-2.7820, device='cuda:0', requires_grad=True)
Parameter containing:
tensor(-2.7812, device='cuda:0', requires_grad=True)
Parameter containing:
tensor(-2.7805, device='cuda:0', requires_grad=True)
Parameter containing:
tensor(-2.7798, device='cuda:0', requires_grad=True)
Parameter containing:
tensor(-2.7791, device='cuda:0', requires_grad=True)
Parameter containing:
tensor(-2.7784, device='cuda:0', requires_grad=True)
Parameter containing:
tensor(-2.7777, device='cuda:0', requires_grad=True)
Parameter containing:
tensor(-2.7770, device='cuda:0', requires_grad=True)
Parameter containing:
tensor(-2.7763, device='cuda:0', requires_grad=True)
Parameter containing:
tensor(-2.7756, device='cuda:0', requires_grad=True)
Parameter containing:
tensor(-2.7749, device='cuda:0', requires_grad=True)
Parameter containing:
tensor(-2.7742, device='cuda:0', requires_grad=True)
Parameter containing:
tensor(-2.7735, device='cuda:0', requires_grad=True)
Parameter containing:
tensor(-2.7728, device='cuda:0', requires_grad=True)
Parameter containing:
tensor(-2.7721, device='cuda:0', requires_grad=True)
Parameter containing:
tensor(-2.7715, device='cuda:0', requires_grad=True)
Parameter containing:
tensor(-2.7708, device='cuda:0', requires_grad=True)
Parameter containing:
tensor(-2.7701, device='cuda:0', requires_grad=True)
Parameter containing:
tensor(-2.7694, device='cuda:0', requires_grad=True)
Parameter containing:
tensor(-2.7688, device='cuda:0', requires_grad=True)
Parameter containing:
tensor(-2.7681, device='cuda:0', requires_grad=True)
Parameter containing:
tensor(-2.7674, device='cuda:0', requires_grad=True)
Parameter containing:
tensor(-2.7668, device='cuda:0', requires_grad=True)
Parameter containing:
tensor(-2.7661, device='cuda:0', requires_grad=True)
Parameter containing:
tensor(-2.7654, device='cuda:0', requires_grad=True)
Parameter containing:
tensor(-2.7647, device='cuda:0', requires_grad=True)
Parameter containing:
tensor(-2.7641, device='cuda:0', requires_grad=True)
Parameter containing:
tensor(-2.7634, device='cuda:0', requires_grad=True)
Parameter containing:
tensor(-2.7627, device='cuda:0', requires_grad=True)
Parameter containing:
tensor(-2.7621, device='cuda:0', requires_grad=True)
Parameter containing:
tensor(-2.7614, device='cuda:0', requires_grad=True)
Parameter containing:
tensor(-2.7607, device='cuda:0', requires_grad=True)
Parameter containing:
tensor(-2.7601, device='cuda:0', requires_grad=True)
Parameter containing:
tensor(-2.7594, device='cuda:0', requires_grad=True)
Parameter containing:
tensor(-2.7588, device='cuda:0', requires_grad=True)
Parameter containing:
tensor(-2.7581, device='cuda:0', requires_grad=True)
Parameter containing:
tensor(-2.7574, device='cuda:0', requires_grad=True)
Parameter containing:
tensor(-2.7568, device='cuda:0', requires_grad=True)
Parameter containing:
tensor(-2.7561, device='cuda:0', requires_grad=True)
Parameter containing:
tensor(-2.7554, device='cuda:0', requires_grad=True)
Parameter containing:
tensor(-2.7548, device='cuda:0', requires_grad=True)
Parameter containing:
tensor(-2.7541, device='cuda:0', requires_grad=True)
Parameter containing:
tensor(-2.7534, device='cuda:0', requires_grad=True)
Parameter containing:
tensor(-2.7528, device='cuda:0', requires_grad=True)
Parameter containing:
tensor(-2.7521, device='cuda:0', requires_grad=True)
Parameter containing:
tensor(-2.7514, device='cuda:0', requires_grad=True)
Parameter containing:
tensor(-2.7507, device='cuda:0', requires_grad=True)
Parameter containing:
tensor(-2.7500, device='cuda:0', requires_grad=True)
Parameter containing:
tensor(-2.7494, device='cuda:0', requires_grad=True)
Parameter containing:
tensor(-2.7487, device='cuda:0', requires_grad=True)
Parameter containing:
tensor(-2.7480, device='cuda:0', requires_grad=True)
Parameter containing:
tensor(-2.7473, device='cuda:0', requires_grad=True)
Parameter containing:
tensor(-2.7466, device='cuda:0', requires_grad=True)
Parameter containing:
tensor(-2.7459, device='cuda:0', requires_grad=True)
Parameter containing:
tensor(-2.7453, device='cuda:0', requires_grad=True)
Parameter containing:
tensor(-2.7446, device='cuda:0', requires_grad=True)
Parameter containing:
tensor(-2.7439, device='cuda:0', requires_grad=True)
Parameter containing:
tensor(-2.7432, device='cuda:0', requires_grad=True)
Parameter containing:
tensor(-2.7426, device='cuda:0', requires_grad=True)
Parameter containing:
tensor(-2.7419, device='cuda:0', requires_grad=True)
Parameter containing:
tensor(-2.7412, device='cuda:0', requires_grad=True)
Parameter containing:
tensor(-2.7405, device='cuda:0', requires_grad=True)
Parameter containing:
tensor(-2.7399, device='cuda:0', requires_grad=True)
Parameter containing:
tensor(-2.7392, device='cuda:0', requires_grad=True)
Parameter containing:
tensor(-2.7386, device='cuda:0', requires_grad=True)
Parameter containing:
tensor(-2.7379, device='cuda:0', requires_grad=True)
Parameter containing:
tensor(-2.7372, device='cuda:0', requires_grad=True)
Parameter containing:
tensor(-2.7366, device='cuda:0', requires_grad=True)
Parameter containing:
tensor(-2.7359, device='cuda:0', requires_grad=True)
Parameter containing:
tensor(-2.7353, device='cuda:0', requires_grad=True)
Parameter containing:
tensor(-2.7346, device='cuda:0', requires_grad=True)
Parameter containing:
tensor(-2.7340, device='cuda:0', requires_grad=True)
Parameter containing:
tensor(-2.7333, device='cuda:0', requires_grad=True)
Parameter containing:
tensor(-2.7327, device='cuda:0', requires_grad=True)
Parameter containing:
tensor(-2.7320, device='cuda:0', requires_grad=True)
Parameter containing:
tensor(-2.7314, device='cuda:0', requires_grad=True)
Parameter containing:
tensor(-2.7307, device='cuda:0', requires_grad=True)
Parameter containing:
tensor(-2.7301, device='cuda:0', requires_grad=True)
Parameter containing:
tensor(-2.7294, device='cuda:0', requires_grad=True)
Parameter containing:
tensor(-2.7287, device='cuda:0', requires_grad=True)
Parameter containing:
tensor(-2.7281, device='cuda:0', requires_grad=True)
Parameter containing:
tensor(-2.7274, device='cuda:0', requires_grad=True)
Parameter containing:
tensor(-2.7268, device='cuda:0', requires_grad=True)
Parameter containing:
tensor(-2.7261, device='cuda:0', requires_grad=True)
Parameter containing:
tensor(-2.7254, device='cuda:0', requires_grad=True)
Parameter containing:
tensor(-2.7248, device='cuda:0', requires_grad=True)
Parameter containing:
tensor(-2.7242, device='cuda:0', requires_grad=True)
Parameter containing:
tensor(-2.7235, device='cuda:0', requires_grad=True)
Parameter containing:
tensor(-2.7229, device='cuda:0', requires_grad=True)
Parameter containing:
tensor(-2.7223, device='cuda:0', requires_grad=True)
Parameter containing:
tensor(-2.7217, device='cuda:0', requires_grad=True)
Parameter containing:
tensor(-2.7211, device='cuda:0', requires_grad=True)
Parameter containing:
tensor(-2.7204, device='cuda:0', requires_grad=True)
Parameter containing:
tensor(-2.7198, device='cuda:0', requires_grad=True)
Parameter containing:
tensor(-2.7192, device='cuda:0', requires_grad=True)
Parameter containing:
tensor(-2.7186, device='cuda:0', requires_grad=True)
Parameter containing:
tensor(-2.7179, device='cuda:0', requires_grad=True)
Parameter containing:
tensor(-2.7173, device='cuda:0', requires_grad=True)
Parameter containing:
tensor(-2.7167, device='cuda:0', requires_grad=True)
Parameter containing:
tensor(-2.7161, device='cuda:0', requires_grad=True)
Parameter containing:
tensor(-2.7155, device='cuda:0', requires_grad=True)
Parameter containing:
tensor(-2.7149, device='cuda:0', requires_grad=True)
Parameter containing:
tensor(-2.7143, device='cuda:0', requires_grad=True)
Parameter containing:
tensor(-2.7137, device='cuda:0', requires_grad=True)
Parameter containing:
tensor(-2.7130, device='cuda:0', requires_grad=True)
Parameter containing:
tensor(-2.7124, device='cuda:0', requires_grad=True)
Parameter containing:
tensor(-2.7118, device='cuda:0', requires_grad=True)
Parameter containing:
tensor(-2.7112, device='cuda:0', requires_grad=True)
Parameter containing:
tensor(-2.7106, device='cuda:0', requires_grad=True)
Parameter containing:
tensor(-2.7100, device='cuda:0', requires_grad=True)
Parameter containing:
tensor(-2.7094, device='cuda:0', requires_grad=True)
Parameter containing:
tensor(-2.7087, device='cuda:0', requires_grad=True)
Parameter containing:
tensor(-2.7081, device='cuda:0', requires_grad=True)
Parameter containing:
tensor(-2.7075, device='cuda:0', requires_grad=True)
Parameter containing:
tensor(-2.7069, device='cuda:0', requires_grad=True)
Parameter containing:
tensor(-2.7063, device='cuda:0', requires_grad=True)
Parameter containing:
tensor(-2.7057, device='cuda:0', requires_grad=True)
Parameter containing:
tensor(-2.7051, device='cuda:0', requires_grad=True)
Parameter containing:
tensor(-2.7044, device='cuda:0', requires_grad=True)
Parameter containing:
tensor(-2.7038, device='cuda:0', requires_grad=True)
Parameter containing:
tensor(-2.7032, device='cuda:0', requires_grad=True)
Parameter containing:
tensor(-2.7026, device='cuda:0', requires_grad=True)
Parameter containing:
tensor(-2.7020, device='cuda:0', requires_grad=True)
Parameter containing:
tensor(-2.7014, device='cuda:0', requires_grad=True)
Parameter containing:
tensor(-2.7008, device='cuda:0', requires_grad=True)
Parameter containing:
tensor(-2.7002, device='cuda:0', requires_grad=True)
Parameter containing:
tensor(-2.6995, device='cuda:0', requires_grad=True)
Parameter containing:
tensor(-2.6989, device='cuda:0', requires_grad=True)
Parameter containing:
tensor(-2.6983, device='cuda:0', requires_grad=True)
Parameter containing:
tensor(-2.6977, device='cuda:0', requires_grad=True)
Parameter containing:
tensor(-2.6971, device='cuda:0', requires_grad=True)
Parameter containing:
tensor(-2.6965, device='cuda:0', requires_grad=True)
Parameter containing:
tensor(-2.6959, device='cuda:0', requires_grad=True)
Parameter containing:
tensor(-2.6953, device='cuda:0', requires_grad=True)
Parameter containing:
tensor(-2.6947, device='cuda:0', requires_grad=True)
Parameter containing:
tensor(-2.6941, device='cuda:0', requires_grad=True)
Parameter containing:
tensor(-2.6935, device='cuda:0', requires_grad=True)
Parameter containing:
tensor(-2.6929, device='cuda:0', requires_grad=True)
Parameter containing:
tensor(-2.6923, device='cuda:0', requires_grad=True)
Parameter containing:
tensor(-2.6918, device='cuda:0', requires_grad=True)
Parameter containing:
tensor(-2.6912, device='cuda:0', requires_grad=True)
Parameter containing:
tensor(-2.6906, device='cuda:0', requires_grad=True)
Parameter containing:
tensor(-2.6900, device='cuda:0', requires_grad=True)
Parameter containing:
tensor(-2.6894, device='cuda:0', requires_grad=True)
Parameter containing:
tensor(-2.6889, device='cuda:0', requires_grad=True)
Parameter containing:
tensor(-2.6883, device='cuda:0', requires_grad=True)
Parameter containing:
tensor(-2.6877, device='cuda:0', requires_grad=True)
Parameter containing:
tensor(-2.6871, device='cuda:0', requires_grad=True)
Parameter containing:
tensor(-2.6866, device='cuda:0', requires_grad=True)
Parameter containing:
tensor(-2.6860, device='cuda:0', requires_grad=True)
Parameter containing:
tensor(-2.6854, device='cuda:0', requires_grad=True)
Parameter containing:
tensor(-2.6848, device='cuda:0', requires_grad=True)
Parameter containing:
tensor(-2.6842, device='cuda:0', requires_grad=True)
Parameter containing:
tensor(-2.6836, device='cuda:0', requires_grad=True)
Parameter containing:
tensor(-2.6830, device='cuda:0', requires_grad=True)
Parameter containing:
tensor(-2.6825, device='cuda:0', requires_grad=True)
Parameter containing:
tensor(-2.6819, device='cuda:0', requires_grad=True)
Parameter containing:
tensor(-2.6813, device='cuda:0', requires_grad=True)
Parameter containing:
tensor(-2.6807, device='cuda:0', requires_grad=True)
Parameter containing:
tensor(-2.6801, device='cuda:0', requires_grad=True)
Parameter containing:
tensor(-2.6795, device='cuda:0', requires_grad=True)
Parameter containing:
tensor(-2.6790, device='cuda:0', requires_grad=True)
Parameter containing:
tensor(-2.6784, device='cuda:0', requires_grad=True)
Parameter containing:
tensor(-2.6778, device='cuda:0', requires_grad=True)
Parameter containing:
tensor(-2.6772, device='cuda:0', requires_grad=True)
Parameter containing:
tensor(-2.6766, device='cuda:0', requires_grad=True)
Parameter containing:
tensor(-2.6761, device='cuda:0', requires_grad=True)
Parameter containing:
tensor(-2.6755, device='cuda:0', requires_grad=True)
Parameter containing:
tensor(-2.6749, device='cuda:0', requires_grad=True)
Parameter containing:
tensor(-2.6743, device='cuda:0', requires_grad=True)
Parameter containing:
tensor(-2.6737, device='cuda:0', requires_grad=True)
Parameter containing:
tensor(-2.6731, device='cuda:0', requires_grad=True)
Parameter containing:
tensor(-2.6726, device='cuda:0', requires_grad=True)
Parameter containing:
tensor(-2.6720, device='cuda:0', requires_grad=True)
Parameter containing:
tensor(-2.6714, device='cuda:0', requires_grad=True)
Parameter containing:
tensor(-2.6708, device='cuda:0', requires_grad=True)
Parameter containing:
tensor(-2.6703, device='cuda:0', requires_grad=True)
Parameter containing:
tensor(-2.6697, device='cuda:0', requires_grad=True)
Parameter containing:
tensor(-2.6691, device='cuda:0', requires_grad=True)
Parameter containing:
tensor(-2.6686, device='cuda:0', requires_grad=True)
Parameter containing:
tensor(-2.6680, device='cuda:0', requires_grad=True)
Parameter containing:
tensor(-2.6675, device='cuda:0', requires_grad=True)
Parameter containing:
tensor(-2.6669, device='cuda:0', requires_grad=True)
Parameter containing:
tensor(-2.6663, device='cuda:0', requires_grad=True)
Parameter containing:
tensor(-2.6658, device='cuda:0', requires_grad=True)
Parameter containing:
tensor(-2.6652, device='cuda:0', requires_grad=True)
Parameter containing:
tensor(-2.6646, device='cuda:0', requires_grad=True)
Parameter containing:
tensor(-2.6641, device='cuda:0', requires_grad=True)
Parameter containing:
tensor(-2.6635, device='cuda:0', requires_grad=True)
Parameter containing:
tensor(-2.6629, device='cuda:0', requires_grad=True)
Parameter containing:
tensor(-2.6623, device='cuda:0', requires_grad=True)
Parameter containing:
tensor(-2.6618, device='cuda:0', requires_grad=True)
Parameter containing:
tensor(-2.6612, device='cuda:0', requires_grad=True)
Parameter containing:
tensor(-2.6607, device='cuda:0', requires_grad=True)
Parameter containing:
tensor(-2.6601, device='cuda:0', requires_grad=True)
Parameter containing:
tensor(-2.6595, device='cuda:0', requires_grad=True)
Parameter containing:
tensor(-2.6590, device='cuda:0', requires_grad=True)
Parameter containing:
tensor(-2.6584, device='cuda:0', requires_grad=True)
Parameter containing:
tensor(-2.6579, device='cuda:0', requires_grad=True)
Parameter containing:
tensor(-2.6573, device='cuda:0', requires_grad=True)
Parameter containing:
tensor(-2.6568, device='cuda:0', requires_grad=True)
Parameter containing:
tensor(-2.6563, device='cuda:0', requires_grad=True)
Parameter containing:
tensor(-2.6557, device='cuda:0', requires_grad=True)
Parameter containing:
tensor(-2.6552, device='cuda:0', requires_grad=True)
Parameter containing:
tensor(-2.6546, device='cuda:0', requires_grad=True)
Parameter containing:
tensor(-2.6541, device='cuda:0', requires_grad=True)
Parameter containing:
tensor(-2.6535, device='cuda:0', requires_grad=True)
Parameter containing:
tensor(-2.6530, device='cuda:0', requires_grad=True)
Parameter containing:
tensor(-2.6524, device='cuda:0', requires_grad=True)
Parameter containing:
tensor(-2.6519, device='cuda:0', requires_grad=True)
Parameter containing:
tensor(-2.6514, device='cuda:0', requires_grad=True)
Parameter containing:
tensor(-2.6508, device='cuda:0', requires_grad=True)
Parameter containing:
tensor(-2.6503, device='cuda:0', requires_grad=True)
Parameter containing:
tensor(-2.6497, device='cuda:0', requires_grad=True)
Parameter containing:
tensor(-2.6492, device='cuda:0', requires_grad=True)
Parameter containing:
tensor(-2.6487, device='cuda:0', requires_grad=True)
Parameter containing:
tensor(-2.6481, device='cuda:0', requires_grad=True)
Parameter containing:
tensor(-2.6476, device='cuda:0', requires_grad=True)
Parameter containing:
tensor(-2.6470, device='cuda:0', requires_grad=True)
Parameter containing:
tensor(-2.6465, device='cuda:0', requires_grad=True)
Parameter containing:
tensor(-2.6459, device='cuda:0', requires_grad=True)
Parameter containing:
tensor(-2.6454, device='cuda:0', requires_grad=True)


PS:

Read file <14836086.stderr> for stderr output of this job.

