Sender: LSF System <lsfadmin@lt22>
Subject: Job 14807193: <_gp_Adam_SGConv_1e-3_-4> in cluster <lila> Done

Job <_gp_Adam_SGConv_1e-3_-4> was submitted from host <lx12> by user <wangy1> in cluster <lila> at Mon Jun  8 22:41:39 2020
Job was executed on host(s) <12*lt22>, in queue <gpuqueue>, as user <wangy1> in cluster <lila> at Mon Jun  8 22:41:39 2020
</home/wangy1> was used as the home directory.
</data/chodera/wangyq/pinot/scripts/gp_comparison> was used as the working directory.
Started at Mon Jun  8 22:41:39 2020
Terminated at Mon Jun  8 22:47:49 2020
Results reported at Mon Jun  8 22:47:49 2020

Your job looked like:

------------------------------------------------------------
# LSBATCH: User input
python ../../pinot/app/gp_train.py --layer SGConv --optimizer Adam --lr 1e-3 --out _gp_Adam_SGConv_1e-3_-4 --log_sigma -4 --n_epochs 1000
------------------------------------------------------------

Successfully completed.

Resource usage summary:

    CPU time :                                   1057.99 sec.
    Max Memory :                                 2 GB
    Average Memory :                             1.91 GB
    Total Requested Memory :                     48.00 GB
    Delta Memory :                               46.00 GB
    Max Swap :                                   -
    Max Processes :                              3
    Max Threads :                                20
    Run time :                                   370 sec.
    Turnaround time :                            370 sec.

The output (if any) follows:

Parameter containing:
tensor(-4., device='cuda:0', requires_grad=True)
Parameter containing:
tensor(-3.9990, device='cuda:0', requires_grad=True)
Parameter containing:
tensor(-3.9980, device='cuda:0', requires_grad=True)
Parameter containing:
tensor(-3.9970, device='cuda:0', requires_grad=True)
Parameter containing:
tensor(-3.9961, device='cuda:0', requires_grad=True)
Parameter containing:
tensor(-3.9951, device='cuda:0', requires_grad=True)
Parameter containing:
tensor(-3.9942, device='cuda:0', requires_grad=True)
Parameter containing:
tensor(-3.9932, device='cuda:0', requires_grad=True)
Parameter containing:
tensor(-3.9923, device='cuda:0', requires_grad=True)
Parameter containing:
tensor(-3.9913, device='cuda:0', requires_grad=True)
Parameter containing:
tensor(-3.9904, device='cuda:0', requires_grad=True)
Parameter containing:
tensor(-3.9894, device='cuda:0', requires_grad=True)
Parameter containing:
tensor(-3.9885, device='cuda:0', requires_grad=True)
Parameter containing:
tensor(-3.9875, device='cuda:0', requires_grad=True)
Parameter containing:
tensor(-3.9866, device='cuda:0', requires_grad=True)
Parameter containing:
tensor(-3.9856, device='cuda:0', requires_grad=True)
Parameter containing:
tensor(-3.9846, device='cuda:0', requires_grad=True)
Parameter containing:
tensor(-3.9837, device='cuda:0', requires_grad=True)
Parameter containing:
tensor(-3.9827, device='cuda:0', requires_grad=True)
Parameter containing:
tensor(-3.9817, device='cuda:0', requires_grad=True)
Parameter containing:
tensor(-3.9808, device='cuda:0', requires_grad=True)
Parameter containing:
tensor(-3.9798, device='cuda:0', requires_grad=True)
Parameter containing:
tensor(-3.9788, device='cuda:0', requires_grad=True)
Parameter containing:
tensor(-3.9779, device='cuda:0', requires_grad=True)
Parameter containing:
tensor(-3.9769, device='cuda:0', requires_grad=True)
Parameter containing:
tensor(-3.9760, device='cuda:0', requires_grad=True)
Parameter containing:
tensor(-3.9750, device='cuda:0', requires_grad=True)
Parameter containing:
tensor(-3.9741, device='cuda:0', requires_grad=True)
Parameter containing:
tensor(-3.9731, device='cuda:0', requires_grad=True)
Parameter containing:
tensor(-3.9722, device='cuda:0', requires_grad=True)
Parameter containing:
tensor(-3.9712, device='cuda:0', requires_grad=True)
Parameter containing:
tensor(-3.9703, device='cuda:0', requires_grad=True)
Parameter containing:
tensor(-3.9694, device='cuda:0', requires_grad=True)
Parameter containing:
tensor(-3.9684, device='cuda:0', requires_grad=True)
Parameter containing:
tensor(-3.9675, device='cuda:0', requires_grad=True)
Parameter containing:
tensor(-3.9666, device='cuda:0', requires_grad=True)
Parameter containing:
tensor(-3.9656, device='cuda:0', requires_grad=True)
Parameter containing:
tensor(-3.9647, device='cuda:0', requires_grad=True)
Parameter containing:
tensor(-3.9638, device='cuda:0', requires_grad=True)
Parameter containing:
tensor(-3.9629, device='cuda:0', requires_grad=True)
Parameter containing:
tensor(-3.9619, device='cuda:0', requires_grad=True)
Parameter containing:
tensor(-3.9610, device='cuda:0', requires_grad=True)
Parameter containing:
tensor(-3.9601, device='cuda:0', requires_grad=True)
Parameter containing:
tensor(-3.9592, device='cuda:0', requires_grad=True)
Parameter containing:
tensor(-3.9583, device='cuda:0', requires_grad=True)
Parameter containing:
tensor(-3.9574, device='cuda:0', requires_grad=True)
Parameter containing:
tensor(-3.9565, device='cuda:0', requires_grad=True)
Parameter containing:
tensor(-3.9556, device='cuda:0', requires_grad=True)
Parameter containing:
tensor(-3.9547, device='cuda:0', requires_grad=True)
Parameter containing:
tensor(-3.9538, device='cuda:0', requires_grad=True)
Parameter containing:
tensor(-3.9529, device='cuda:0', requires_grad=True)
Parameter containing:
tensor(-3.9520, device='cuda:0', requires_grad=True)
Parameter containing:
tensor(-3.9512, device='cuda:0', requires_grad=True)
Parameter containing:
tensor(-3.9503, device='cuda:0', requires_grad=True)
Parameter containing:
tensor(-3.9494, device='cuda:0', requires_grad=True)
Parameter containing:
tensor(-3.9485, device='cuda:0', requires_grad=True)
Parameter containing:
tensor(-3.9477, device='cuda:0', requires_grad=True)
Parameter containing:
tensor(-3.9468, device='cuda:0', requires_grad=True)
Parameter containing:
tensor(-3.9459, device='cuda:0', requires_grad=True)
Parameter containing:
tensor(-3.9451, device='cuda:0', requires_grad=True)
Parameter containing:
tensor(-3.9442, device='cuda:0', requires_grad=True)
Parameter containing:
tensor(-3.9434, device='cuda:0', requires_grad=True)
Parameter containing:
tensor(-3.9425, device='cuda:0', requires_grad=True)
Parameter containing:
tensor(-3.9417, device='cuda:0', requires_grad=True)
Parameter containing:
tensor(-3.9408, device='cuda:0', requires_grad=True)
Parameter containing:
tensor(-3.9400, device='cuda:0', requires_grad=True)
Parameter containing:
tensor(-3.9391, device='cuda:0', requires_grad=True)
Parameter containing:
tensor(-3.9383, device='cuda:0', requires_grad=True)
Parameter containing:
tensor(-3.9375, device='cuda:0', requires_grad=True)
Parameter containing:
tensor(-3.9366, device='cuda:0', requires_grad=True)
Parameter containing:
tensor(-3.9358, device='cuda:0', requires_grad=True)
Parameter containing:
tensor(-3.9349, device='cuda:0', requires_grad=True)
Parameter containing:
tensor(-3.9341, device='cuda:0', requires_grad=True)
Parameter containing:
tensor(-3.9333, device='cuda:0', requires_grad=True)
Parameter containing:
tensor(-3.9324, device='cuda:0', requires_grad=True)
Parameter containing:
tensor(-3.9316, device='cuda:0', requires_grad=True)
Parameter containing:
tensor(-3.9308, device='cuda:0', requires_grad=True)
Parameter containing:
tensor(-3.9299, device='cuda:0', requires_grad=True)
Parameter containing:
tensor(-3.9291, device='cuda:0', requires_grad=True)
Parameter containing:
tensor(-3.9283, device='cuda:0', requires_grad=True)
Parameter containing:
tensor(-3.9274, device='cuda:0', requires_grad=True)
Parameter containing:
tensor(-3.9266, device='cuda:0', requires_grad=True)
Parameter containing:
tensor(-3.9258, device='cuda:0', requires_grad=True)
Parameter containing:
tensor(-3.9250, device='cuda:0', requires_grad=True)
Parameter containing:
tensor(-3.9241, device='cuda:0', requires_grad=True)
Parameter containing:
tensor(-3.9233, device='cuda:0', requires_grad=True)
Parameter containing:
tensor(-3.9225, device='cuda:0', requires_grad=True)
Parameter containing:
tensor(-3.9217, device='cuda:0', requires_grad=True)
Parameter containing:
tensor(-3.9208, device='cuda:0', requires_grad=True)
Parameter containing:
tensor(-3.9200, device='cuda:0', requires_grad=True)
Parameter containing:
tensor(-3.9192, device='cuda:0', requires_grad=True)
Parameter containing:
tensor(-3.9184, device='cuda:0', requires_grad=True)
Parameter containing:
tensor(-3.9176, device='cuda:0', requires_grad=True)
Parameter containing:
tensor(-3.9168, device='cuda:0', requires_grad=True)
Parameter containing:
tensor(-3.9159, device='cuda:0', requires_grad=True)
Parameter containing:
tensor(-3.9151, device='cuda:0', requires_grad=True)
Parameter containing:
tensor(-3.9143, device='cuda:0', requires_grad=True)
Parameter containing:
tensor(-3.9135, device='cuda:0', requires_grad=True)
Parameter containing:
tensor(-3.9127, device='cuda:0', requires_grad=True)
Parameter containing:
tensor(-3.9119, device='cuda:0', requires_grad=True)
Parameter containing:
tensor(-3.9111, device='cuda:0', requires_grad=True)
Parameter containing:
tensor(-3.9103, device='cuda:0', requires_grad=True)
Parameter containing:
tensor(-3.9095, device='cuda:0', requires_grad=True)
Parameter containing:
tensor(-3.9087, device='cuda:0', requires_grad=True)
Parameter containing:
tensor(-3.9079, device='cuda:0', requires_grad=True)
Parameter containing:
tensor(-3.9071, device='cuda:0', requires_grad=True)
Parameter containing:
tensor(-3.9063, device='cuda:0', requires_grad=True)
Parameter containing:
tensor(-3.9055, device='cuda:0', requires_grad=True)
Parameter containing:
tensor(-3.9047, device='cuda:0', requires_grad=True)
Parameter containing:
tensor(-3.9039, device='cuda:0', requires_grad=True)
Parameter containing:
tensor(-3.9031, device='cuda:0', requires_grad=True)
Parameter containing:
tensor(-3.9023, device='cuda:0', requires_grad=True)
Parameter containing:
tensor(-3.9015, device='cuda:0', requires_grad=True)
Parameter containing:
tensor(-3.9007, device='cuda:0', requires_grad=True)
Parameter containing:
tensor(-3.8999, device='cuda:0', requires_grad=True)
Parameter containing:
tensor(-3.8991, device='cuda:0', requires_grad=True)
Parameter containing:
tensor(-3.8984, device='cuda:0', requires_grad=True)
Parameter containing:
tensor(-3.8976, device='cuda:0', requires_grad=True)
Parameter containing:
tensor(-3.8968, device='cuda:0', requires_grad=True)
Parameter containing:
tensor(-3.8960, device='cuda:0', requires_grad=True)
Parameter containing:
tensor(-3.8952, device='cuda:0', requires_grad=True)
Parameter containing:
tensor(-3.8944, device='cuda:0', requires_grad=True)
Parameter containing:
tensor(-3.8937, device='cuda:0', requires_grad=True)
Parameter containing:
tensor(-3.8929, device='cuda:0', requires_grad=True)
Parameter containing:
tensor(-3.8921, device='cuda:0', requires_grad=True)
Parameter containing:
tensor(-3.8913, device='cuda:0', requires_grad=True)
Parameter containing:
tensor(-3.8905, device='cuda:0', requires_grad=True)
Parameter containing:
tensor(-3.8897, device='cuda:0', requires_grad=True)
Parameter containing:
tensor(-3.8890, device='cuda:0', requires_grad=True)
Parameter containing:
tensor(-3.8882, device='cuda:0', requires_grad=True)
Parameter containing:
tensor(-3.8874, device='cuda:0', requires_grad=True)
Parameter containing:
tensor(-3.8866, device='cuda:0', requires_grad=True)
Parameter containing:
tensor(-3.8858, device='cuda:0', requires_grad=True)
Parameter containing:
tensor(-3.8851, device='cuda:0', requires_grad=True)
Parameter containing:
tensor(-3.8843, device='cuda:0', requires_grad=True)
Parameter containing:
tensor(-3.8835, device='cuda:0', requires_grad=True)
Parameter containing:
tensor(-3.8828, device='cuda:0', requires_grad=True)
Parameter containing:
tensor(-3.8820, device='cuda:0', requires_grad=True)
Parameter containing:
tensor(-3.8812, device='cuda:0', requires_grad=True)
Parameter containing:
tensor(-3.8804, device='cuda:0', requires_grad=True)
Parameter containing:
tensor(-3.8797, device='cuda:0', requires_grad=True)
Parameter containing:
tensor(-3.8789, device='cuda:0', requires_grad=True)
Parameter containing:
tensor(-3.8781, device='cuda:0', requires_grad=True)
Parameter containing:
tensor(-3.8774, device='cuda:0', requires_grad=True)
Parameter containing:
tensor(-3.8766, device='cuda:0', requires_grad=True)
Parameter containing:
tensor(-3.8758, device='cuda:0', requires_grad=True)
Parameter containing:
tensor(-3.8751, device='cuda:0', requires_grad=True)
Parameter containing:
tensor(-3.8743, device='cuda:0', requires_grad=True)
Parameter containing:
tensor(-3.8735, device='cuda:0', requires_grad=True)
Parameter containing:
tensor(-3.8728, device='cuda:0', requires_grad=True)
Parameter containing:
tensor(-3.8720, device='cuda:0', requires_grad=True)
Parameter containing:
tensor(-3.8712, device='cuda:0', requires_grad=True)
Parameter containing:
tensor(-3.8705, device='cuda:0', requires_grad=True)
Parameter containing:
tensor(-3.8697, device='cuda:0', requires_grad=True)
Parameter containing:
tensor(-3.8689, device='cuda:0', requires_grad=True)
Parameter containing:
tensor(-3.8682, device='cuda:0', requires_grad=True)
Parameter containing:
tensor(-3.8674, device='cuda:0', requires_grad=True)
Parameter containing:
tensor(-3.8667, device='cuda:0', requires_grad=True)
Parameter containing:
tensor(-3.8659, device='cuda:0', requires_grad=True)
Parameter containing:
tensor(-3.8651, device='cuda:0', requires_grad=True)
Parameter containing:
tensor(-3.8644, device='cuda:0', requires_grad=True)
Parameter containing:
tensor(-3.8636, device='cuda:0', requires_grad=True)
Parameter containing:
tensor(-3.8628, device='cuda:0', requires_grad=True)
Parameter containing:
tensor(-3.8621, device='cuda:0', requires_grad=True)
Parameter containing:
tensor(-3.8613, device='cuda:0', requires_grad=True)
Parameter containing:
tensor(-3.8606, device='cuda:0', requires_grad=True)
Parameter containing:
tensor(-3.8598, device='cuda:0', requires_grad=True)
Parameter containing:
tensor(-3.8590, device='cuda:0', requires_grad=True)
Parameter containing:
tensor(-3.8583, device='cuda:0', requires_grad=True)
Parameter containing:
tensor(-3.8575, device='cuda:0', requires_grad=True)
Parameter containing:
tensor(-3.8567, device='cuda:0', requires_grad=True)
Parameter containing:
tensor(-3.8560, device='cuda:0', requires_grad=True)
Parameter containing:
tensor(-3.8552, device='cuda:0', requires_grad=True)
Parameter containing:
tensor(-3.8544, device='cuda:0', requires_grad=True)
Parameter containing:
tensor(-3.8537, device='cuda:0', requires_grad=True)
Parameter containing:
tensor(-3.8529, device='cuda:0', requires_grad=True)
Parameter containing:
tensor(-3.8522, device='cuda:0', requires_grad=True)
Parameter containing:
tensor(-3.8514, device='cuda:0', requires_grad=True)
Parameter containing:
tensor(-3.8506, device='cuda:0', requires_grad=True)
Parameter containing:
tensor(-3.8499, device='cuda:0', requires_grad=True)
Parameter containing:
tensor(-3.8491, device='cuda:0', requires_grad=True)
Parameter containing:
tensor(-3.8484, device='cuda:0', requires_grad=True)
Parameter containing:
tensor(-3.8476, device='cuda:0', requires_grad=True)
Parameter containing:
tensor(-3.8468, device='cuda:0', requires_grad=True)
Parameter containing:
tensor(-3.8461, device='cuda:0', requires_grad=True)
Parameter containing:
tensor(-3.8453, device='cuda:0', requires_grad=True)
Parameter containing:
tensor(-3.8445, device='cuda:0', requires_grad=True)
Parameter containing:
tensor(-3.8438, device='cuda:0', requires_grad=True)
Parameter containing:
tensor(-3.8430, device='cuda:0', requires_grad=True)
Parameter containing:
tensor(-3.8423, device='cuda:0', requires_grad=True)
Parameter containing:
tensor(-3.8415, device='cuda:0', requires_grad=True)
Parameter containing:
tensor(-3.8407, device='cuda:0', requires_grad=True)
Parameter containing:
tensor(-3.8400, device='cuda:0', requires_grad=True)
Parameter containing:
tensor(-3.8392, device='cuda:0', requires_grad=True)
Parameter containing:
tensor(-3.8384, device='cuda:0', requires_grad=True)
Parameter containing:
tensor(-3.8377, device='cuda:0', requires_grad=True)
Parameter containing:
tensor(-3.8369, device='cuda:0', requires_grad=True)
Parameter containing:
tensor(-3.8362, device='cuda:0', requires_grad=True)
Parameter containing:
tensor(-3.8354, device='cuda:0', requires_grad=True)
Parameter containing:
tensor(-3.8346, device='cuda:0', requires_grad=True)
Parameter containing:
tensor(-3.8339, device='cuda:0', requires_grad=True)
Parameter containing:
tensor(-3.8331, device='cuda:0', requires_grad=True)
Parameter containing:
tensor(-3.8323, device='cuda:0', requires_grad=True)
Parameter containing:
tensor(-3.8316, device='cuda:0', requires_grad=True)
Parameter containing:
tensor(-3.8308, device='cuda:0', requires_grad=True)
Parameter containing:
tensor(-3.8301, device='cuda:0', requires_grad=True)
Parameter containing:
tensor(-3.8293, device='cuda:0', requires_grad=True)
Parameter containing:
tensor(-3.8285, device='cuda:0', requires_grad=True)
Parameter containing:
tensor(-3.8278, device='cuda:0', requires_grad=True)
Parameter containing:
tensor(-3.8270, device='cuda:0', requires_grad=True)
Parameter containing:
tensor(-3.8263, device='cuda:0', requires_grad=True)
Parameter containing:
tensor(-3.8255, device='cuda:0', requires_grad=True)
Parameter containing:
tensor(-3.8247, device='cuda:0', requires_grad=True)
Parameter containing:
tensor(-3.8240, device='cuda:0', requires_grad=True)
Parameter containing:
tensor(-3.8232, device='cuda:0', requires_grad=True)
Parameter containing:
tensor(-3.8224, device='cuda:0', requires_grad=True)
Parameter containing:
tensor(-3.8217, device='cuda:0', requires_grad=True)
Parameter containing:
tensor(-3.8209, device='cuda:0', requires_grad=True)
Parameter containing:
tensor(-3.8202, device='cuda:0', requires_grad=True)
Parameter containing:
tensor(-3.8194, device='cuda:0', requires_grad=True)
Parameter containing:
tensor(-3.8186, device='cuda:0', requires_grad=True)
Parameter containing:
tensor(-3.8179, device='cuda:0', requires_grad=True)
Parameter containing:
tensor(-3.8171, device='cuda:0', requires_grad=True)
Parameter containing:
tensor(-3.8163, device='cuda:0', requires_grad=True)
Parameter containing:
tensor(-3.8156, device='cuda:0', requires_grad=True)
Parameter containing:
tensor(-3.8148, device='cuda:0', requires_grad=True)
Parameter containing:
tensor(-3.8140, device='cuda:0', requires_grad=True)
Parameter containing:
tensor(-3.8133, device='cuda:0', requires_grad=True)
Parameter containing:
tensor(-3.8125, device='cuda:0', requires_grad=True)
Parameter containing:
tensor(-3.8117, device='cuda:0', requires_grad=True)
Parameter containing:
tensor(-3.8110, device='cuda:0', requires_grad=True)
Parameter containing:
tensor(-3.8102, device='cuda:0', requires_grad=True)
Parameter containing:
tensor(-3.8094, device='cuda:0', requires_grad=True)
Parameter containing:
tensor(-3.8087, device='cuda:0', requires_grad=True)
Parameter containing:
tensor(-3.8079, device='cuda:0', requires_grad=True)
Parameter containing:
tensor(-3.8071, device='cuda:0', requires_grad=True)
Parameter containing:
tensor(-3.8064, device='cuda:0', requires_grad=True)
Parameter containing:
tensor(-3.8056, device='cuda:0', requires_grad=True)
Parameter containing:
tensor(-3.8049, device='cuda:0', requires_grad=True)
Parameter containing:
tensor(-3.8041, device='cuda:0', requires_grad=True)
Parameter containing:
tensor(-3.8033, device='cuda:0', requires_grad=True)
Parameter containing:
tensor(-3.8026, device='cuda:0', requires_grad=True)
Parameter containing:
tensor(-3.8018, device='cuda:0', requires_grad=True)
Parameter containing:
tensor(-3.8010, device='cuda:0', requires_grad=True)
Parameter containing:
tensor(-3.8003, device='cuda:0', requires_grad=True)
Parameter containing:
tensor(-3.7995, device='cuda:0', requires_grad=True)
Parameter containing:
tensor(-3.7988, device='cuda:0', requires_grad=True)
Parameter containing:
tensor(-3.7980, device='cuda:0', requires_grad=True)
Parameter containing:
tensor(-3.7972, device='cuda:0', requires_grad=True)
Parameter containing:
tensor(-3.7965, device='cuda:0', requires_grad=True)
Parameter containing:
tensor(-3.7957, device='cuda:0', requires_grad=True)
Parameter containing:
tensor(-3.7949, device='cuda:0', requires_grad=True)
Parameter containing:
tensor(-3.7942, device='cuda:0', requires_grad=True)
Parameter containing:
tensor(-3.7934, device='cuda:0', requires_grad=True)
Parameter containing:
tensor(-3.7927, device='cuda:0', requires_grad=True)
Parameter containing:
tensor(-3.7919, device='cuda:0', requires_grad=True)
Parameter containing:
tensor(-3.7911, device='cuda:0', requires_grad=True)
Parameter containing:
tensor(-3.7903, device='cuda:0', requires_grad=True)
Parameter containing:
tensor(-3.7896, device='cuda:0', requires_grad=True)
Parameter containing:
tensor(-3.7888, device='cuda:0', requires_grad=True)
Parameter containing:
tensor(-3.7881, device='cuda:0', requires_grad=True)
Parameter containing:
tensor(-3.7873, device='cuda:0', requires_grad=True)
Parameter containing:
tensor(-3.7866, device='cuda:0', requires_grad=True)
Parameter containing:
tensor(-3.7858, device='cuda:0', requires_grad=True)
Parameter containing:
tensor(-3.7851, device='cuda:0', requires_grad=True)
Parameter containing:
tensor(-3.7843, device='cuda:0', requires_grad=True)
Parameter containing:
tensor(-3.7836, device='cuda:0', requires_grad=True)
Parameter containing:
tensor(-3.7828, device='cuda:0', requires_grad=True)
Parameter containing:
tensor(-3.7820, device='cuda:0', requires_grad=True)
Parameter containing:
tensor(-3.7813, device='cuda:0', requires_grad=True)
Parameter containing:
tensor(-3.7805, device='cuda:0', requires_grad=True)
Parameter containing:
tensor(-3.7798, device='cuda:0', requires_grad=True)
Parameter containing:
tensor(-3.7790, device='cuda:0', requires_grad=True)
Parameter containing:
tensor(-3.7782, device='cuda:0', requires_grad=True)
Parameter containing:
tensor(-3.7775, device='cuda:0', requires_grad=True)
Parameter containing:
tensor(-3.7767, device='cuda:0', requires_grad=True)
Parameter containing:
tensor(-3.7760, device='cuda:0', requires_grad=True)
Parameter containing:
tensor(-3.7752, device='cuda:0', requires_grad=True)
Parameter containing:
tensor(-3.7744, device='cuda:0', requires_grad=True)
Parameter containing:
tensor(-3.7737, device='cuda:0', requires_grad=True)
Parameter containing:
tensor(-3.7729, device='cuda:0', requires_grad=True)
Parameter containing:
tensor(-3.7721, device='cuda:0', requires_grad=True)
Parameter containing:
tensor(-3.7713, device='cuda:0', requires_grad=True)
Parameter containing:
tensor(-3.7706, device='cuda:0', requires_grad=True)
Parameter containing:
tensor(-3.7698, device='cuda:0', requires_grad=True)
Parameter containing:
tensor(-3.7690, device='cuda:0', requires_grad=True)
Parameter containing:
tensor(-3.7683, device='cuda:0', requires_grad=True)
Parameter containing:
tensor(-3.7675, device='cuda:0', requires_grad=True)
Parameter containing:
tensor(-3.7667, device='cuda:0', requires_grad=True)
Parameter containing:
tensor(-3.7660, device='cuda:0', requires_grad=True)
Parameter containing:
tensor(-3.7652, device='cuda:0', requires_grad=True)
Parameter containing:
tensor(-3.7644, device='cuda:0', requires_grad=True)
Parameter containing:
tensor(-3.7637, device='cuda:0', requires_grad=True)
Parameter containing:
tensor(-3.7629, device='cuda:0', requires_grad=True)
Parameter containing:
tensor(-3.7621, device='cuda:0', requires_grad=True)
Parameter containing:
tensor(-3.7614, device='cuda:0', requires_grad=True)
Parameter containing:
tensor(-3.7606, device='cuda:0', requires_grad=True)
Parameter containing:
tensor(-3.7599, device='cuda:0', requires_grad=True)
Parameter containing:
tensor(-3.7591, device='cuda:0', requires_grad=True)
Parameter containing:
tensor(-3.7584, device='cuda:0', requires_grad=True)
Parameter containing:
tensor(-3.7576, device='cuda:0', requires_grad=True)
Parameter containing:
tensor(-3.7568, device='cuda:0', requires_grad=True)
Parameter containing:
tensor(-3.7561, device='cuda:0', requires_grad=True)
Parameter containing:
tensor(-3.7553, device='cuda:0', requires_grad=True)
Parameter containing:
tensor(-3.7545, device='cuda:0', requires_grad=True)
Parameter containing:
tensor(-3.7538, device='cuda:0', requires_grad=True)
Parameter containing:
tensor(-3.7530, device='cuda:0', requires_grad=True)
Parameter containing:
tensor(-3.7523, device='cuda:0', requires_grad=True)
Parameter containing:
tensor(-3.7515, device='cuda:0', requires_grad=True)
Parameter containing:
tensor(-3.7507, device='cuda:0', requires_grad=True)
Parameter containing:
tensor(-3.7500, device='cuda:0', requires_grad=True)
Parameter containing:
tensor(-3.7492, device='cuda:0', requires_grad=True)
Parameter containing:
tensor(-3.7485, device='cuda:0', requires_grad=True)
Parameter containing:
tensor(-3.7477, device='cuda:0', requires_grad=True)
Parameter containing:
tensor(-3.7470, device='cuda:0', requires_grad=True)
Parameter containing:
tensor(-3.7462, device='cuda:0', requires_grad=True)
Parameter containing:
tensor(-3.7455, device='cuda:0', requires_grad=True)
Parameter containing:
tensor(-3.7447, device='cuda:0', requires_grad=True)
Parameter containing:
tensor(-3.7439, device='cuda:0', requires_grad=True)
Parameter containing:
tensor(-3.7432, device='cuda:0', requires_grad=True)
Parameter containing:
tensor(-3.7424, device='cuda:0', requires_grad=True)
Parameter containing:
tensor(-3.7417, device='cuda:0', requires_grad=True)
Parameter containing:
tensor(-3.7409, device='cuda:0', requires_grad=True)
Parameter containing:
tensor(-3.7402, device='cuda:0', requires_grad=True)
Parameter containing:
tensor(-3.7394, device='cuda:0', requires_grad=True)
Parameter containing:
tensor(-3.7386, device='cuda:0', requires_grad=True)
Parameter containing:
tensor(-3.7379, device='cuda:0', requires_grad=True)
Parameter containing:
tensor(-3.7371, device='cuda:0', requires_grad=True)
Parameter containing:
tensor(-3.7364, device='cuda:0', requires_grad=True)
Parameter containing:
tensor(-3.7356, device='cuda:0', requires_grad=True)
Parameter containing:
tensor(-3.7349, device='cuda:0', requires_grad=True)
Parameter containing:
tensor(-3.7341, device='cuda:0', requires_grad=True)
Parameter containing:
tensor(-3.7334, device='cuda:0', requires_grad=True)
Parameter containing:
tensor(-3.7326, device='cuda:0', requires_grad=True)
Parameter containing:
tensor(-3.7319, device='cuda:0', requires_grad=True)
Parameter containing:
tensor(-3.7311, device='cuda:0', requires_grad=True)
Parameter containing:
tensor(-3.7304, device='cuda:0', requires_grad=True)
Parameter containing:
tensor(-3.7296, device='cuda:0', requires_grad=True)
Parameter containing:
tensor(-3.7288, device='cuda:0', requires_grad=True)
Parameter containing:
tensor(-3.7281, device='cuda:0', requires_grad=True)
Parameter containing:
tensor(-3.7273, device='cuda:0', requires_grad=True)
Parameter containing:
tensor(-3.7266, device='cuda:0', requires_grad=True)
Parameter containing:
tensor(-3.7258, device='cuda:0', requires_grad=True)
Parameter containing:
tensor(-3.7251, device='cuda:0', requires_grad=True)
Parameter containing:
tensor(-3.7243, device='cuda:0', requires_grad=True)
Parameter containing:
tensor(-3.7236, device='cuda:0', requires_grad=True)
Parameter containing:
tensor(-3.7228, device='cuda:0', requires_grad=True)
Parameter containing:
tensor(-3.7221, device='cuda:0', requires_grad=True)
Parameter containing:
tensor(-3.7213, device='cuda:0', requires_grad=True)
Parameter containing:
tensor(-3.7206, device='cuda:0', requires_grad=True)
Parameter containing:
tensor(-3.7198, device='cuda:0', requires_grad=True)
Parameter containing:
tensor(-3.7191, device='cuda:0', requires_grad=True)
Parameter containing:
tensor(-3.7184, device='cuda:0', requires_grad=True)
Parameter containing:
tensor(-3.7176, device='cuda:0', requires_grad=True)
Parameter containing:
tensor(-3.7169, device='cuda:0', requires_grad=True)
Parameter containing:
tensor(-3.7161, device='cuda:0', requires_grad=True)
Parameter containing:
tensor(-3.7154, device='cuda:0', requires_grad=True)
Parameter containing:
tensor(-3.7146, device='cuda:0', requires_grad=True)
Parameter containing:
tensor(-3.7139, device='cuda:0', requires_grad=True)
Parameter containing:
tensor(-3.7131, device='cuda:0', requires_grad=True)
Parameter containing:
tensor(-3.7124, device='cuda:0', requires_grad=True)
Parameter containing:
tensor(-3.7116, device='cuda:0', requires_grad=True)
Parameter containing:
tensor(-3.7109, device='cuda:0', requires_grad=True)
Parameter containing:
tensor(-3.7101, device='cuda:0', requires_grad=True)
Parameter containing:
tensor(-3.7094, device='cuda:0', requires_grad=True)
Parameter containing:
tensor(-3.7086, device='cuda:0', requires_grad=True)
Parameter containing:
tensor(-3.7079, device='cuda:0', requires_grad=True)
Parameter containing:
tensor(-3.7072, device='cuda:0', requires_grad=True)
Parameter containing:
tensor(-3.7064, device='cuda:0', requires_grad=True)
Parameter containing:
tensor(-3.7057, device='cuda:0', requires_grad=True)
Parameter containing:
tensor(-3.7050, device='cuda:0', requires_grad=True)
Parameter containing:
tensor(-3.7042, device='cuda:0', requires_grad=True)
Parameter containing:
tensor(-3.7035, device='cuda:0', requires_grad=True)
Parameter containing:
tensor(-3.7028, device='cuda:0', requires_grad=True)
Parameter containing:
tensor(-3.7021, device='cuda:0', requires_grad=True)
Parameter containing:
tensor(-3.7014, device='cuda:0', requires_grad=True)
Parameter containing:
tensor(-3.7007, device='cuda:0', requires_grad=True)
Parameter containing:
tensor(-3.6999, device='cuda:0', requires_grad=True)
Parameter containing:
tensor(-3.6992, device='cuda:0', requires_grad=True)
Parameter containing:
tensor(-3.6985, device='cuda:0', requires_grad=True)
Parameter containing:
tensor(-3.6978, device='cuda:0', requires_grad=True)
Parameter containing:
tensor(-3.6971, device='cuda:0', requires_grad=True)
Parameter containing:
tensor(-3.6964, device='cuda:0', requires_grad=True)
Parameter containing:
tensor(-3.6956, device='cuda:0', requires_grad=True)
Parameter containing:
tensor(-3.6949, device='cuda:0', requires_grad=True)
Parameter containing:
tensor(-3.6942, device='cuda:0', requires_grad=True)
Parameter containing:
tensor(-3.6935, device='cuda:0', requires_grad=True)
Parameter containing:
tensor(-3.6927, device='cuda:0', requires_grad=True)
Parameter containing:
tensor(-3.6920, device='cuda:0', requires_grad=True)
Parameter containing:
tensor(-3.6913, device='cuda:0', requires_grad=True)
Parameter containing:
tensor(-3.6905, device='cuda:0', requires_grad=True)
Parameter containing:
tensor(-3.6898, device='cuda:0', requires_grad=True)
Parameter containing:
tensor(-3.6891, device='cuda:0', requires_grad=True)
Parameter containing:
tensor(-3.6883, device='cuda:0', requires_grad=True)
Parameter containing:
tensor(-3.6876, device='cuda:0', requires_grad=True)
Parameter containing:
tensor(-3.6869, device='cuda:0', requires_grad=True)
Parameter containing:
tensor(-3.6861, device='cuda:0', requires_grad=True)
Parameter containing:
tensor(-3.6854, device='cuda:0', requires_grad=True)
Parameter containing:
tensor(-3.6846, device='cuda:0', requires_grad=True)
Parameter containing:
tensor(-3.6839, device='cuda:0', requires_grad=True)
Parameter containing:
tensor(-3.6832, device='cuda:0', requires_grad=True)
Parameter containing:
tensor(-3.6824, device='cuda:0', requires_grad=True)
Parameter containing:
tensor(-3.6817, device='cuda:0', requires_grad=True)
Parameter containing:
tensor(-3.6809, device='cuda:0', requires_grad=True)
Parameter containing:
tensor(-3.6802, device='cuda:0', requires_grad=True)
Parameter containing:
tensor(-3.6795, device='cuda:0', requires_grad=True)
Parameter containing:
tensor(-3.6787, device='cuda:0', requires_grad=True)
Parameter containing:
tensor(-3.6780, device='cuda:0', requires_grad=True)
Parameter containing:
tensor(-3.6772, device='cuda:0', requires_grad=True)
Parameter containing:
tensor(-3.6765, device='cuda:0', requires_grad=True)
Parameter containing:
tensor(-3.6758, device='cuda:0', requires_grad=True)
Parameter containing:
tensor(-3.6750, device='cuda:0', requires_grad=True)
Parameter containing:
tensor(-3.6743, device='cuda:0', requires_grad=True)
Parameter containing:
tensor(-3.6736, device='cuda:0', requires_grad=True)
Parameter containing:
tensor(-3.6728, device='cuda:0', requires_grad=True)
Parameter containing:
tensor(-3.6721, device='cuda:0', requires_grad=True)
Parameter containing:
tensor(-3.6714, device='cuda:0', requires_grad=True)
Parameter containing:
tensor(-3.6707, device='cuda:0', requires_grad=True)
Parameter containing:
tensor(-3.6699, device='cuda:0', requires_grad=True)
Parameter containing:
tensor(-3.6692, device='cuda:0', requires_grad=True)
Parameter containing:
tensor(-3.6685, device='cuda:0', requires_grad=True)
Parameter containing:
tensor(-3.6677, device='cuda:0', requires_grad=True)
Parameter containing:
tensor(-3.6670, device='cuda:0', requires_grad=True)
Parameter containing:
tensor(-3.6663, device='cuda:0', requires_grad=True)
Parameter containing:
tensor(-3.6655, device='cuda:0', requires_grad=True)
Parameter containing:
tensor(-3.6648, device='cuda:0', requires_grad=True)
Parameter containing:
tensor(-3.6641, device='cuda:0', requires_grad=True)
Parameter containing:
tensor(-3.6634, device='cuda:0', requires_grad=True)
Parameter containing:
tensor(-3.6626, device='cuda:0', requires_grad=True)
Parameter containing:
tensor(-3.6619, device='cuda:0', requires_grad=True)
Parameter containing:
tensor(-3.6612, device='cuda:0', requires_grad=True)
Parameter containing:
tensor(-3.6605, device='cuda:0', requires_grad=True)
Parameter containing:
tensor(-3.6597, device='cuda:0', requires_grad=True)
Parameter containing:
tensor(-3.6590, device='cuda:0', requires_grad=True)
Parameter containing:
tensor(-3.6583, device='cuda:0', requires_grad=True)
Parameter containing:
tensor(-3.6576, device='cuda:0', requires_grad=True)
Parameter containing:
tensor(-3.6569, device='cuda:0', requires_grad=True)
Parameter containing:
tensor(-3.6562, device='cuda:0', requires_grad=True)
Parameter containing:
tensor(-3.6555, device='cuda:0', requires_grad=True)
Parameter containing:
tensor(-3.6547, device='cuda:0', requires_grad=True)
Parameter containing:
tensor(-3.6540, device='cuda:0', requires_grad=True)
Parameter containing:
tensor(-3.6533, device='cuda:0', requires_grad=True)
Parameter containing:
tensor(-3.6526, device='cuda:0', requires_grad=True)
Parameter containing:
tensor(-3.6519, device='cuda:0', requires_grad=True)
Parameter containing:
tensor(-3.6512, device='cuda:0', requires_grad=True)
Parameter containing:
tensor(-3.6505, device='cuda:0', requires_grad=True)
Parameter containing:
tensor(-3.6498, device='cuda:0', requires_grad=True)
Parameter containing:
tensor(-3.6491, device='cuda:0', requires_grad=True)
Parameter containing:
tensor(-3.6484, device='cuda:0', requires_grad=True)
Parameter containing:
tensor(-3.6477, device='cuda:0', requires_grad=True)
Parameter containing:
tensor(-3.6470, device='cuda:0', requires_grad=True)
Parameter containing:
tensor(-3.6463, device='cuda:0', requires_grad=True)
Parameter containing:
tensor(-3.6456, device='cuda:0', requires_grad=True)
Parameter containing:
tensor(-3.6448, device='cuda:0', requires_grad=True)
Parameter containing:
tensor(-3.6441, device='cuda:0', requires_grad=True)
Parameter containing:
tensor(-3.6434, device='cuda:0', requires_grad=True)
Parameter containing:
tensor(-3.6427, device='cuda:0', requires_grad=True)
Parameter containing:
tensor(-3.6420, device='cuda:0', requires_grad=True)
Parameter containing:
tensor(-3.6413, device='cuda:0', requires_grad=True)
Parameter containing:
tensor(-3.6406, device='cuda:0', requires_grad=True)
Parameter containing:
tensor(-3.6399, device='cuda:0', requires_grad=True)
Parameter containing:
tensor(-3.6391, device='cuda:0', requires_grad=True)
Parameter containing:
tensor(-3.6384, device='cuda:0', requires_grad=True)
Parameter containing:
tensor(-3.6377, device='cuda:0', requires_grad=True)
Parameter containing:
tensor(-3.6370, device='cuda:0', requires_grad=True)
Parameter containing:
tensor(-3.6363, device='cuda:0', requires_grad=True)
Parameter containing:
tensor(-3.6357, device='cuda:0', requires_grad=True)
Parameter containing:
tensor(-3.6350, device='cuda:0', requires_grad=True)
Parameter containing:
tensor(-3.6343, device='cuda:0', requires_grad=True)
Parameter containing:
tensor(-3.6336, device='cuda:0', requires_grad=True)
Parameter containing:
tensor(-3.6329, device='cuda:0', requires_grad=True)
Parameter containing:
tensor(-3.6323, device='cuda:0', requires_grad=True)
Parameter containing:
tensor(-3.6316, device='cuda:0', requires_grad=True)
Parameter containing:
tensor(-3.6309, device='cuda:0', requires_grad=True)
Parameter containing:
tensor(-3.6302, device='cuda:0', requires_grad=True)
Parameter containing:
tensor(-3.6295, device='cuda:0', requires_grad=True)
Parameter containing:
tensor(-3.6288, device='cuda:0', requires_grad=True)
Parameter containing:
tensor(-3.6281, device='cuda:0', requires_grad=True)
Parameter containing:
tensor(-3.6274, device='cuda:0', requires_grad=True)
Parameter containing:
tensor(-3.6267, device='cuda:0', requires_grad=True)
Parameter containing:
tensor(-3.6260, device='cuda:0', requires_grad=True)
Parameter containing:
tensor(-3.6253, device='cuda:0', requires_grad=True)
Parameter containing:
tensor(-3.6247, device='cuda:0', requires_grad=True)
Parameter containing:
tensor(-3.6239, device='cuda:0', requires_grad=True)
Parameter containing:
tensor(-3.6232, device='cuda:0', requires_grad=True)
Parameter containing:
tensor(-3.6225, device='cuda:0', requires_grad=True)
Parameter containing:
tensor(-3.6218, device='cuda:0', requires_grad=True)
Parameter containing:
tensor(-3.6211, device='cuda:0', requires_grad=True)
Parameter containing:
tensor(-3.6204, device='cuda:0', requires_grad=True)
Parameter containing:
tensor(-3.6197, device='cuda:0', requires_grad=True)
Parameter containing:
tensor(-3.6190, device='cuda:0', requires_grad=True)
Parameter containing:
tensor(-3.6182, device='cuda:0', requires_grad=True)
Parameter containing:
tensor(-3.6175, device='cuda:0', requires_grad=True)
Parameter containing:
tensor(-3.6168, device='cuda:0', requires_grad=True)
Parameter containing:
tensor(-3.6161, device='cuda:0', requires_grad=True)
Parameter containing:
tensor(-3.6154, device='cuda:0', requires_grad=True)
Parameter containing:
tensor(-3.6147, device='cuda:0', requires_grad=True)
Parameter containing:
tensor(-3.6139, device='cuda:0', requires_grad=True)
Parameter containing:
tensor(-3.6132, device='cuda:0', requires_grad=True)
Parameter containing:
tensor(-3.6125, device='cuda:0', requires_grad=True)
Parameter containing:
tensor(-3.6118, device='cuda:0', requires_grad=True)
Parameter containing:
tensor(-3.6111, device='cuda:0', requires_grad=True)
Parameter containing:
tensor(-3.6104, device='cuda:0', requires_grad=True)
Parameter containing:
tensor(-3.6097, device='cuda:0', requires_grad=True)
Parameter containing:
tensor(-3.6091, device='cuda:0', requires_grad=True)
Parameter containing:
tensor(-3.6084, device='cuda:0', requires_grad=True)
Parameter containing:
tensor(-3.6077, device='cuda:0', requires_grad=True)
Parameter containing:
tensor(-3.6070, device='cuda:0', requires_grad=True)
Parameter containing:
tensor(-3.6064, device='cuda:0', requires_grad=True)
Parameter containing:
tensor(-3.6057, device='cuda:0', requires_grad=True)
Parameter containing:
tensor(-3.6050, device='cuda:0', requires_grad=True)
Parameter containing:
tensor(-3.6043, device='cuda:0', requires_grad=True)
Parameter containing:
tensor(-3.6036, device='cuda:0', requires_grad=True)
Parameter containing:
tensor(-3.6029, device='cuda:0', requires_grad=True)
Parameter containing:
tensor(-3.6022, device='cuda:0', requires_grad=True)
Parameter containing:
tensor(-3.6015, device='cuda:0', requires_grad=True)
Parameter containing:
tensor(-3.6008, device='cuda:0', requires_grad=True)
Parameter containing:
tensor(-3.6001, device='cuda:0', requires_grad=True)
Parameter containing:
tensor(-3.5994, device='cuda:0', requires_grad=True)
Parameter containing:
tensor(-3.5987, device='cuda:0', requires_grad=True)
Parameter containing:
tensor(-3.5980, device='cuda:0', requires_grad=True)
Parameter containing:
tensor(-3.5972, device='cuda:0', requires_grad=True)
Parameter containing:
tensor(-3.5965, device='cuda:0', requires_grad=True)
Parameter containing:
tensor(-3.5958, device='cuda:0', requires_grad=True)
Parameter containing:
tensor(-3.5951, device='cuda:0', requires_grad=True)
Parameter containing:
tensor(-3.5944, device='cuda:0', requires_grad=True)
Parameter containing:
tensor(-3.5937, device='cuda:0', requires_grad=True)
Parameter containing:
tensor(-3.5929, device='cuda:0', requires_grad=True)
Parameter containing:
tensor(-3.5922, device='cuda:0', requires_grad=True)
Parameter containing:
tensor(-3.5915, device='cuda:0', requires_grad=True)
Parameter containing:
tensor(-3.5908, device='cuda:0', requires_grad=True)
Parameter containing:
tensor(-3.5901, device='cuda:0', requires_grad=True)
Parameter containing:
tensor(-3.5893, device='cuda:0', requires_grad=True)
Parameter containing:
tensor(-3.5886, device='cuda:0', requires_grad=True)
Parameter containing:
tensor(-3.5879, device='cuda:0', requires_grad=True)
Parameter containing:
tensor(-3.5872, device='cuda:0', requires_grad=True)
Parameter containing:
tensor(-3.5865, device='cuda:0', requires_grad=True)
Parameter containing:
tensor(-3.5858, device='cuda:0', requires_grad=True)
Parameter containing:
tensor(-3.5851, device='cuda:0', requires_grad=True)
Parameter containing:
tensor(-3.5844, device='cuda:0', requires_grad=True)
Parameter containing:
tensor(-3.5836, device='cuda:0', requires_grad=True)
Parameter containing:
tensor(-3.5829, device='cuda:0', requires_grad=True)
Parameter containing:
tensor(-3.5822, device='cuda:0', requires_grad=True)
Parameter containing:
tensor(-3.5815, device='cuda:0', requires_grad=True)
Parameter containing:
tensor(-3.5808, device='cuda:0', requires_grad=True)
Parameter containing:
tensor(-3.5801, device='cuda:0', requires_grad=True)
Parameter containing:
tensor(-3.5794, device='cuda:0', requires_grad=True)
Parameter containing:
tensor(-3.5786, device='cuda:0', requires_grad=True)
Parameter containing:
tensor(-3.5779, device='cuda:0', requires_grad=True)
Parameter containing:
tensor(-3.5772, device='cuda:0', requires_grad=True)
Parameter containing:
tensor(-3.5765, device='cuda:0', requires_grad=True)
Parameter containing:
tensor(-3.5758, device='cuda:0', requires_grad=True)
Parameter containing:
tensor(-3.5751, device='cuda:0', requires_grad=True)
Parameter containing:
tensor(-3.5745, device='cuda:0', requires_grad=True)
Parameter containing:
tensor(-3.5738, device='cuda:0', requires_grad=True)
Parameter containing:
tensor(-3.5731, device='cuda:0', requires_grad=True)
Parameter containing:
tensor(-3.5725, device='cuda:0', requires_grad=True)
Parameter containing:
tensor(-3.5719, device='cuda:0', requires_grad=True)
Parameter containing:
tensor(-3.5712, device='cuda:0', requires_grad=True)
Parameter containing:
tensor(-3.5706, device='cuda:0', requires_grad=True)
Parameter containing:
tensor(-3.5699, device='cuda:0', requires_grad=True)
Parameter containing:
tensor(-3.5693, device='cuda:0', requires_grad=True)
Parameter containing:
tensor(-3.5686, device='cuda:0', requires_grad=True)
Parameter containing:
tensor(-3.5680, device='cuda:0', requires_grad=True)
Parameter containing:
tensor(-3.5673, device='cuda:0', requires_grad=True)
Parameter containing:
tensor(-3.5667, device='cuda:0', requires_grad=True)
Parameter containing:
tensor(-3.5660, device='cuda:0', requires_grad=True)
Parameter containing:
tensor(-3.5653, device='cuda:0', requires_grad=True)
Parameter containing:
tensor(-3.5647, device='cuda:0', requires_grad=True)
Parameter containing:
tensor(-3.5640, device='cuda:0', requires_grad=True)
Parameter containing:
tensor(-3.5633, device='cuda:0', requires_grad=True)
Parameter containing:
tensor(-3.5626, device='cuda:0', requires_grad=True)
Parameter containing:
tensor(-3.5619, device='cuda:0', requires_grad=True)
Parameter containing:
tensor(-3.5611, device='cuda:0', requires_grad=True)
Parameter containing:
tensor(-3.5604, device='cuda:0', requires_grad=True)
Parameter containing:
tensor(-3.5597, device='cuda:0', requires_grad=True)
Parameter containing:
tensor(-3.5590, device='cuda:0', requires_grad=True)
Parameter containing:
tensor(-3.5583, device='cuda:0', requires_grad=True)
Parameter containing:
tensor(-3.5576, device='cuda:0', requires_grad=True)
Parameter containing:
tensor(-3.5569, device='cuda:0', requires_grad=True)
Parameter containing:
tensor(-3.5561, device='cuda:0', requires_grad=True)
Parameter containing:
tensor(-3.5554, device='cuda:0', requires_grad=True)
Parameter containing:
tensor(-3.5547, device='cuda:0', requires_grad=True)
Parameter containing:
tensor(-3.5540, device='cuda:0', requires_grad=True)
Parameter containing:
tensor(-3.5533, device='cuda:0', requires_grad=True)
Parameter containing:
tensor(-3.5526, device='cuda:0', requires_grad=True)
Parameter containing:
tensor(-3.5519, device='cuda:0', requires_grad=True)
Parameter containing:
tensor(-3.5512, device='cuda:0', requires_grad=True)
Parameter containing:
tensor(-3.5505, device='cuda:0', requires_grad=True)
Parameter containing:
tensor(-3.5498, device='cuda:0', requires_grad=True)
Parameter containing:
tensor(-3.5491, device='cuda:0', requires_grad=True)
Parameter containing:
tensor(-3.5484, device='cuda:0', requires_grad=True)
Parameter containing:
tensor(-3.5477, device='cuda:0', requires_grad=True)
Parameter containing:
tensor(-3.5470, device='cuda:0', requires_grad=True)
Parameter containing:
tensor(-3.5463, device='cuda:0', requires_grad=True)
Parameter containing:
tensor(-3.5456, device='cuda:0', requires_grad=True)
Parameter containing:
tensor(-3.5449, device='cuda:0', requires_grad=True)
Parameter containing:
tensor(-3.5442, device='cuda:0', requires_grad=True)
Parameter containing:
tensor(-3.5435, device='cuda:0', requires_grad=True)
Parameter containing:
tensor(-3.5428, device='cuda:0', requires_grad=True)
Parameter containing:
tensor(-3.5420, device='cuda:0', requires_grad=True)
Parameter containing:
tensor(-3.5413, device='cuda:0', requires_grad=True)
Parameter containing:
tensor(-3.5406, device='cuda:0', requires_grad=True)
Parameter containing:
tensor(-3.5399, device='cuda:0', requires_grad=True)
Parameter containing:
tensor(-3.5392, device='cuda:0', requires_grad=True)
Parameter containing:
tensor(-3.5385, device='cuda:0', requires_grad=True)
Parameter containing:
tensor(-3.5378, device='cuda:0', requires_grad=True)
Parameter containing:
tensor(-3.5371, device='cuda:0', requires_grad=True)
Parameter containing:
tensor(-3.5364, device='cuda:0', requires_grad=True)
Parameter containing:
tensor(-3.5358, device='cuda:0', requires_grad=True)
Parameter containing:
tensor(-3.5351, device='cuda:0', requires_grad=True)
Parameter containing:
tensor(-3.5344, device='cuda:0', requires_grad=True)
Parameter containing:
tensor(-3.5338, device='cuda:0', requires_grad=True)
Parameter containing:
tensor(-3.5331, device='cuda:0', requires_grad=True)
Parameter containing:
tensor(-3.5324, device='cuda:0', requires_grad=True)
Parameter containing:
tensor(-3.5318, device='cuda:0', requires_grad=True)
Parameter containing:
tensor(-3.5311, device='cuda:0', requires_grad=True)
Parameter containing:
tensor(-3.5304, device='cuda:0', requires_grad=True)
Parameter containing:
tensor(-3.5297, device='cuda:0', requires_grad=True)
Parameter containing:
tensor(-3.5291, device='cuda:0', requires_grad=True)
Parameter containing:
tensor(-3.5284, device='cuda:0', requires_grad=True)
Parameter containing:
tensor(-3.5277, device='cuda:0', requires_grad=True)
Parameter containing:
tensor(-3.5270, device='cuda:0', requires_grad=True)
Parameter containing:
tensor(-3.5263, device='cuda:0', requires_grad=True)
Parameter containing:
tensor(-3.5257, device='cuda:0', requires_grad=True)
Parameter containing:
tensor(-3.5250, device='cuda:0', requires_grad=True)
Parameter containing:
tensor(-3.5243, device='cuda:0', requires_grad=True)
Parameter containing:
tensor(-3.5236, device='cuda:0', requires_grad=True)
Parameter containing:
tensor(-3.5229, device='cuda:0', requires_grad=True)
Parameter containing:
tensor(-3.5223, device='cuda:0', requires_grad=True)
Parameter containing:
tensor(-3.5216, device='cuda:0', requires_grad=True)
Parameter containing:
tensor(-3.5209, device='cuda:0', requires_grad=True)
Parameter containing:
tensor(-3.5202, device='cuda:0', requires_grad=True)
Parameter containing:
tensor(-3.5195, device='cuda:0', requires_grad=True)
Parameter containing:
tensor(-3.5188, device='cuda:0', requires_grad=True)
Parameter containing:
tensor(-3.5181, device='cuda:0', requires_grad=True)
Parameter containing:
tensor(-3.5174, device='cuda:0', requires_grad=True)
Parameter containing:
tensor(-3.5168, device='cuda:0', requires_grad=True)
Parameter containing:
tensor(-3.5161, device='cuda:0', requires_grad=True)
Parameter containing:
tensor(-3.5154, device='cuda:0', requires_grad=True)
Parameter containing:
tensor(-3.5148, device='cuda:0', requires_grad=True)
Parameter containing:
tensor(-3.5141, device='cuda:0', requires_grad=True)
Parameter containing:
tensor(-3.5135, device='cuda:0', requires_grad=True)
Parameter containing:
tensor(-3.5128, device='cuda:0', requires_grad=True)
Parameter containing:
tensor(-3.5121, device='cuda:0', requires_grad=True)
Parameter containing:
tensor(-3.5115, device='cuda:0', requires_grad=True)
Parameter containing:
tensor(-3.5108, device='cuda:0', requires_grad=True)
Parameter containing:
tensor(-3.5101, device='cuda:0', requires_grad=True)
Parameter containing:
tensor(-3.5095, device='cuda:0', requires_grad=True)
Parameter containing:
tensor(-3.5088, device='cuda:0', requires_grad=True)
Parameter containing:
tensor(-3.5081, device='cuda:0', requires_grad=True)
Parameter containing:
tensor(-3.5075, device='cuda:0', requires_grad=True)
Parameter containing:
tensor(-3.5068, device='cuda:0', requires_grad=True)
Parameter containing:
tensor(-3.5061, device='cuda:0', requires_grad=True)
Parameter containing:
tensor(-3.5054, device='cuda:0', requires_grad=True)
Parameter containing:
tensor(-3.5048, device='cuda:0', requires_grad=True)
Parameter containing:
tensor(-3.5041, device='cuda:0', requires_grad=True)
Parameter containing:
tensor(-3.5034, device='cuda:0', requires_grad=True)
Parameter containing:
tensor(-3.5028, device='cuda:0', requires_grad=True)
Parameter containing:
tensor(-3.5021, device='cuda:0', requires_grad=True)
Parameter containing:
tensor(-3.5015, device='cuda:0', requires_grad=True)
Parameter containing:
tensor(-3.5008, device='cuda:0', requires_grad=True)
Parameter containing:
tensor(-3.5001, device='cuda:0', requires_grad=True)
Parameter containing:
tensor(-3.4995, device='cuda:0', requires_grad=True)
Parameter containing:
tensor(-3.4988, device='cuda:0', requires_grad=True)
Parameter containing:
tensor(-3.4981, device='cuda:0', requires_grad=True)
Parameter containing:
tensor(-3.4974, device='cuda:0', requires_grad=True)
Parameter containing:
tensor(-3.4968, device='cuda:0', requires_grad=True)
Parameter containing:
tensor(-3.4961, device='cuda:0', requires_grad=True)
Parameter containing:
tensor(-3.4955, device='cuda:0', requires_grad=True)
Parameter containing:
tensor(-3.4948, device='cuda:0', requires_grad=True)
Parameter containing:
tensor(-3.4942, device='cuda:0', requires_grad=True)
Parameter containing:
tensor(-3.4935, device='cuda:0', requires_grad=True)
Parameter containing:
tensor(-3.4929, device='cuda:0', requires_grad=True)
Parameter containing:
tensor(-3.4922, device='cuda:0', requires_grad=True)
Parameter containing:
tensor(-3.4916, device='cuda:0', requires_grad=True)
Parameter containing:
tensor(-3.4910, device='cuda:0', requires_grad=True)
Parameter containing:
tensor(-3.4904, device='cuda:0', requires_grad=True)
Parameter containing:
tensor(-3.4897, device='cuda:0', requires_grad=True)
Parameter containing:
tensor(-3.4891, device='cuda:0', requires_grad=True)
Parameter containing:
tensor(-3.4884, device='cuda:0', requires_grad=True)
Parameter containing:
tensor(-3.4878, device='cuda:0', requires_grad=True)
Parameter containing:
tensor(-3.4872, device='cuda:0', requires_grad=True)
Parameter containing:
tensor(-3.4865, device='cuda:0', requires_grad=True)
Parameter containing:
tensor(-3.4859, device='cuda:0', requires_grad=True)
Parameter containing:
tensor(-3.4852, device='cuda:0', requires_grad=True)
Parameter containing:
tensor(-3.4846, device='cuda:0', requires_grad=True)
Parameter containing:
tensor(-3.4839, device='cuda:0', requires_grad=True)
Parameter containing:
tensor(-3.4833, device='cuda:0', requires_grad=True)
Parameter containing:
tensor(-3.4826, device='cuda:0', requires_grad=True)
Parameter containing:
tensor(-3.4820, device='cuda:0', requires_grad=True)
Parameter containing:
tensor(-3.4813, device='cuda:0', requires_grad=True)
Parameter containing:
tensor(-3.4807, device='cuda:0', requires_grad=True)
Parameter containing:
tensor(-3.4800, device='cuda:0', requires_grad=True)
Parameter containing:
tensor(-3.4794, device='cuda:0', requires_grad=True)
Parameter containing:
tensor(-3.4787, device='cuda:0', requires_grad=True)
Parameter containing:
tensor(-3.4781, device='cuda:0', requires_grad=True)
Parameter containing:
tensor(-3.4774, device='cuda:0', requires_grad=True)
Parameter containing:
tensor(-3.4767, device='cuda:0', requires_grad=True)
Parameter containing:
tensor(-3.4761, device='cuda:0', requires_grad=True)
Parameter containing:
tensor(-3.4754, device='cuda:0', requires_grad=True)
Parameter containing:
tensor(-3.4748, device='cuda:0', requires_grad=True)
Parameter containing:
tensor(-3.4741, device='cuda:0', requires_grad=True)
Parameter containing:
tensor(-3.4734, device='cuda:0', requires_grad=True)
Parameter containing:
tensor(-3.4728, device='cuda:0', requires_grad=True)
Parameter containing:
tensor(-3.4721, device='cuda:0', requires_grad=True)
Parameter containing:
tensor(-3.4715, device='cuda:0', requires_grad=True)
Parameter containing:
tensor(-3.4708, device='cuda:0', requires_grad=True)
Parameter containing:
tensor(-3.4701, device='cuda:0', requires_grad=True)
Parameter containing:
tensor(-3.4695, device='cuda:0', requires_grad=True)
Parameter containing:
tensor(-3.4688, device='cuda:0', requires_grad=True)
Parameter containing:
tensor(-3.4682, device='cuda:0', requires_grad=True)
Parameter containing:
tensor(-3.4675, device='cuda:0', requires_grad=True)
Parameter containing:
tensor(-3.4669, device='cuda:0', requires_grad=True)
Parameter containing:
tensor(-3.4662, device='cuda:0', requires_grad=True)
Parameter containing:
tensor(-3.4655, device='cuda:0', requires_grad=True)
Parameter containing:
tensor(-3.4649, device='cuda:0', requires_grad=True)
Parameter containing:
tensor(-3.4642, device='cuda:0', requires_grad=True)
Parameter containing:
tensor(-3.4635, device='cuda:0', requires_grad=True)
Parameter containing:
tensor(-3.4629, device='cuda:0', requires_grad=True)
Parameter containing:
tensor(-3.4622, device='cuda:0', requires_grad=True)
Parameter containing:
tensor(-3.4616, device='cuda:0', requires_grad=True)
Parameter containing:
tensor(-3.4609, device='cuda:0', requires_grad=True)
Parameter containing:
tensor(-3.4603, device='cuda:0', requires_grad=True)
Parameter containing:
tensor(-3.4596, device='cuda:0', requires_grad=True)
Parameter containing:
tensor(-3.4590, device='cuda:0', requires_grad=True)
Parameter containing:
tensor(-3.4583, device='cuda:0', requires_grad=True)
Parameter containing:
tensor(-3.4577, device='cuda:0', requires_grad=True)
Parameter containing:
tensor(-3.4571, device='cuda:0', requires_grad=True)
Parameter containing:
tensor(-3.4564, device='cuda:0', requires_grad=True)
Parameter containing:
tensor(-3.4558, device='cuda:0', requires_grad=True)
Parameter containing:
tensor(-3.4551, device='cuda:0', requires_grad=True)
Parameter containing:
tensor(-3.4545, device='cuda:0', requires_grad=True)
Parameter containing:
tensor(-3.4538, device='cuda:0', requires_grad=True)
Parameter containing:
tensor(-3.4532, device='cuda:0', requires_grad=True)
Parameter containing:
tensor(-3.4525, device='cuda:0', requires_grad=True)
Parameter containing:
tensor(-3.4519, device='cuda:0', requires_grad=True)
Parameter containing:
tensor(-3.4512, device='cuda:0', requires_grad=True)
Parameter containing:
tensor(-3.4506, device='cuda:0', requires_grad=True)
Parameter containing:
tensor(-3.4500, device='cuda:0', requires_grad=True)
Parameter containing:
tensor(-3.4493, device='cuda:0', requires_grad=True)
Parameter containing:
tensor(-3.4487, device='cuda:0', requires_grad=True)
Parameter containing:
tensor(-3.4481, device='cuda:0', requires_grad=True)
Parameter containing:
tensor(-3.4474, device='cuda:0', requires_grad=True)
Parameter containing:
tensor(-3.4468, device='cuda:0', requires_grad=True)
Parameter containing:
tensor(-3.4461, device='cuda:0', requires_grad=True)
Parameter containing:
tensor(-3.4455, device='cuda:0', requires_grad=True)
Parameter containing:
tensor(-3.4449, device='cuda:0', requires_grad=True)
Parameter containing:
tensor(-3.4442, device='cuda:0', requires_grad=True)
Parameter containing:
tensor(-3.4436, device='cuda:0', requires_grad=True)
Parameter containing:
tensor(-3.4429, device='cuda:0', requires_grad=True)
Parameter containing:
tensor(-3.4423, device='cuda:0', requires_grad=True)
Parameter containing:
tensor(-3.4417, device='cuda:0', requires_grad=True)
Parameter containing:
tensor(-3.4410, device='cuda:0', requires_grad=True)
Parameter containing:
tensor(-3.4404, device='cuda:0', requires_grad=True)
Parameter containing:
tensor(-3.4398, device='cuda:0', requires_grad=True)
Parameter containing:
tensor(-3.4391, device='cuda:0', requires_grad=True)
Parameter containing:
tensor(-3.4385, device='cuda:0', requires_grad=True)
Parameter containing:
tensor(-3.4379, device='cuda:0', requires_grad=True)
Parameter containing:
tensor(-3.4372, device='cuda:0', requires_grad=True)
Parameter containing:
tensor(-3.4366, device='cuda:0', requires_grad=True)
Parameter containing:
tensor(-3.4360, device='cuda:0', requires_grad=True)
Parameter containing:
tensor(-3.4353, device='cuda:0', requires_grad=True)
Parameter containing:
tensor(-3.4347, device='cuda:0', requires_grad=True)
Parameter containing:
tensor(-3.4341, device='cuda:0', requires_grad=True)
Parameter containing:
tensor(-3.4334, device='cuda:0', requires_grad=True)
Parameter containing:
tensor(-3.4328, device='cuda:0', requires_grad=True)
Parameter containing:
tensor(-3.4321, device='cuda:0', requires_grad=True)
Parameter containing:
tensor(-3.4315, device='cuda:0', requires_grad=True)
Parameter containing:
tensor(-3.4308, device='cuda:0', requires_grad=True)
Parameter containing:
tensor(-3.4302, device='cuda:0', requires_grad=True)
Parameter containing:
tensor(-3.4296, device='cuda:0', requires_grad=True)
Parameter containing:
tensor(-3.4290, device='cuda:0', requires_grad=True)
Parameter containing:
tensor(-3.4284, device='cuda:0', requires_grad=True)
Parameter containing:
tensor(-3.4277, device='cuda:0', requires_grad=True)
Parameter containing:
tensor(-3.4271, device='cuda:0', requires_grad=True)
Parameter containing:
tensor(-3.4265, device='cuda:0', requires_grad=True)
Parameter containing:
tensor(-3.4259, device='cuda:0', requires_grad=True)
Parameter containing:
tensor(-3.4253, device='cuda:0', requires_grad=True)
Parameter containing:
tensor(-3.4247, device='cuda:0', requires_grad=True)
Parameter containing:
tensor(-3.4240, device='cuda:0', requires_grad=True)
Parameter containing:
tensor(-3.4234, device='cuda:0', requires_grad=True)
Parameter containing:
tensor(-3.4228, device='cuda:0', requires_grad=True)
Parameter containing:
tensor(-3.4222, device='cuda:0', requires_grad=True)
Parameter containing:
tensor(-3.4215, device='cuda:0', requires_grad=True)
Parameter containing:
tensor(-3.4209, device='cuda:0', requires_grad=True)
Parameter containing:
tensor(-3.4203, device='cuda:0', requires_grad=True)
Parameter containing:
tensor(-3.4196, device='cuda:0', requires_grad=True)
Parameter containing:
tensor(-3.4190, device='cuda:0', requires_grad=True)
Parameter containing:
tensor(-3.4184, device='cuda:0', requires_grad=True)
Parameter containing:
tensor(-3.4177, device='cuda:0', requires_grad=True)
Parameter containing:
tensor(-3.4171, device='cuda:0', requires_grad=True)
Parameter containing:
tensor(-3.4164, device='cuda:0', requires_grad=True)
Parameter containing:
tensor(-3.4158, device='cuda:0', requires_grad=True)
Parameter containing:
tensor(-3.4151, device='cuda:0', requires_grad=True)
Parameter containing:
tensor(-3.4145, device='cuda:0', requires_grad=True)
Parameter containing:
tensor(-3.4138, device='cuda:0', requires_grad=True)
Parameter containing:
tensor(-3.4132, device='cuda:0', requires_grad=True)
Parameter containing:
tensor(-3.4125, device='cuda:0', requires_grad=True)
Parameter containing:
tensor(-3.4119, device='cuda:0', requires_grad=True)
Parameter containing:
tensor(-3.4113, device='cuda:0', requires_grad=True)
Parameter containing:
tensor(-3.4107, device='cuda:0', requires_grad=True)
Parameter containing:
tensor(-3.4100, device='cuda:0', requires_grad=True)
Parameter containing:
tensor(-3.4094, device='cuda:0', requires_grad=True)
Parameter containing:
tensor(-3.4088, device='cuda:0', requires_grad=True)
Parameter containing:
tensor(-3.4081, device='cuda:0', requires_grad=True)
Parameter containing:
tensor(-3.4075, device='cuda:0', requires_grad=True)
Parameter containing:
tensor(-3.4068, device='cuda:0', requires_grad=True)
Parameter containing:
tensor(-3.4062, device='cuda:0', requires_grad=True)
Parameter containing:
tensor(-3.4055, device='cuda:0', requires_grad=True)
Parameter containing:
tensor(-3.4049, device='cuda:0', requires_grad=True)
Parameter containing:
tensor(-3.4042, device='cuda:0', requires_grad=True)
Parameter containing:
tensor(-3.4036, device='cuda:0', requires_grad=True)
Parameter containing:
tensor(-3.4029, device='cuda:0', requires_grad=True)
Parameter containing:
tensor(-3.4023, device='cuda:0', requires_grad=True)
Parameter containing:
tensor(-3.4016, device='cuda:0', requires_grad=True)
Parameter containing:
tensor(-3.4010, device='cuda:0', requires_grad=True)
Parameter containing:
tensor(-3.4003, device='cuda:0', requires_grad=True)
Parameter containing:
tensor(-3.3996, device='cuda:0', requires_grad=True)
Parameter containing:
tensor(-3.3989, device='cuda:0', requires_grad=True)
Parameter containing:
tensor(-3.3983, device='cuda:0', requires_grad=True)
Parameter containing:
tensor(-3.3976, device='cuda:0', requires_grad=True)
Parameter containing:
tensor(-3.3970, device='cuda:0', requires_grad=True)
Parameter containing:
tensor(-3.3963, device='cuda:0', requires_grad=True)
Parameter containing:
tensor(-3.3956, device='cuda:0', requires_grad=True)
Parameter containing:
tensor(-3.3950, device='cuda:0', requires_grad=True)
Parameter containing:
tensor(-3.3943, device='cuda:0', requires_grad=True)
Parameter containing:
tensor(-3.3937, device='cuda:0', requires_grad=True)
Parameter containing:
tensor(-3.3931, device='cuda:0', requires_grad=True)
Parameter containing:
tensor(-3.3924, device='cuda:0', requires_grad=True)
Parameter containing:
tensor(-3.3918, device='cuda:0', requires_grad=True)
Parameter containing:
tensor(-3.3911, device='cuda:0', requires_grad=True)
Parameter containing:
tensor(-3.3905, device='cuda:0', requires_grad=True)
Parameter containing:
tensor(-3.3898, device='cuda:0', requires_grad=True)
Parameter containing:
tensor(-3.3892, device='cuda:0', requires_grad=True)
Parameter containing:
tensor(-3.3885, device='cuda:0', requires_grad=True)
Parameter containing:
tensor(-3.3879, device='cuda:0', requires_grad=True)
Parameter containing:
tensor(-3.3873, device='cuda:0', requires_grad=True)
Parameter containing:
tensor(-3.3866, device='cuda:0', requires_grad=True)
Parameter containing:
tensor(-3.3860, device='cuda:0', requires_grad=True)
Parameter containing:
tensor(-3.3853, device='cuda:0', requires_grad=True)
Parameter containing:
tensor(-3.3847, device='cuda:0', requires_grad=True)
Parameter containing:
tensor(-3.3840, device='cuda:0', requires_grad=True)
Parameter containing:
tensor(-3.3834, device='cuda:0', requires_grad=True)
Parameter containing:
tensor(-3.3827, device='cuda:0', requires_grad=True)
Parameter containing:
tensor(-3.3821, device='cuda:0', requires_grad=True)
Parameter containing:
tensor(-3.3815, device='cuda:0', requires_grad=True)
Parameter containing:
tensor(-3.3808, device='cuda:0', requires_grad=True)
Parameter containing:
tensor(-3.3802, device='cuda:0', requires_grad=True)
Parameter containing:
tensor(-3.3796, device='cuda:0', requires_grad=True)
Parameter containing:
tensor(-3.3790, device='cuda:0', requires_grad=True)
Parameter containing:
tensor(-3.3783, device='cuda:0', requires_grad=True)
Parameter containing:
tensor(-3.3777, device='cuda:0', requires_grad=True)
Parameter containing:
tensor(-3.3771, device='cuda:0', requires_grad=True)
Parameter containing:
tensor(-3.3764, device='cuda:0', requires_grad=True)
Parameter containing:
tensor(-3.3758, device='cuda:0', requires_grad=True)
Parameter containing:
tensor(-3.3752, device='cuda:0', requires_grad=True)
Parameter containing:
tensor(-3.3745, device='cuda:0', requires_grad=True)
Parameter containing:
tensor(-3.3739, device='cuda:0', requires_grad=True)
Parameter containing:
tensor(-3.3733, device='cuda:0', requires_grad=True)
Parameter containing:
tensor(-3.3726, device='cuda:0', requires_grad=True)
Parameter containing:
tensor(-3.3720, device='cuda:0', requires_grad=True)
Parameter containing:
tensor(-3.3714, device='cuda:0', requires_grad=True)
Parameter containing:
tensor(-3.3707, device='cuda:0', requires_grad=True)
Parameter containing:
tensor(-3.3701, device='cuda:0', requires_grad=True)
Parameter containing:
tensor(-3.3694, device='cuda:0', requires_grad=True)
Parameter containing:
tensor(-3.3688, device='cuda:0', requires_grad=True)
Parameter containing:
tensor(-3.3681, device='cuda:0', requires_grad=True)
Parameter containing:
tensor(-3.3675, device='cuda:0', requires_grad=True)
Parameter containing:
tensor(-3.3669, device='cuda:0', requires_grad=True)
Parameter containing:
tensor(-3.3662, device='cuda:0', requires_grad=True)
Parameter containing:
tensor(-3.3656, device='cuda:0', requires_grad=True)
Parameter containing:
tensor(-3.3649, device='cuda:0', requires_grad=True)
Parameter containing:
tensor(-3.3643, device='cuda:0', requires_grad=True)
Parameter containing:
tensor(-3.3637, device='cuda:0', requires_grad=True)
Parameter containing:
tensor(-3.3630, device='cuda:0', requires_grad=True)
Parameter containing:
tensor(-3.3624, device='cuda:0', requires_grad=True)
Parameter containing:
tensor(-3.3617, device='cuda:0', requires_grad=True)
Parameter containing:
tensor(-3.3611, device='cuda:0', requires_grad=True)
Parameter containing:
tensor(-3.3605, device='cuda:0', requires_grad=True)
Parameter containing:
tensor(-3.3598, device='cuda:0', requires_grad=True)
Parameter containing:
tensor(-3.3592, device='cuda:0', requires_grad=True)
Parameter containing:
tensor(-3.3585, device='cuda:0', requires_grad=True)
Parameter containing:
tensor(-3.3579, device='cuda:0', requires_grad=True)
Parameter containing:
tensor(-3.3572, device='cuda:0', requires_grad=True)
Parameter containing:
tensor(-3.3566, device='cuda:0', requires_grad=True)
Parameter containing:
tensor(-3.3559, device='cuda:0', requires_grad=True)
Parameter containing:
tensor(-3.3553, device='cuda:0', requires_grad=True)
Parameter containing:
tensor(-3.3547, device='cuda:0', requires_grad=True)
Parameter containing:
tensor(-3.3540, device='cuda:0', requires_grad=True)
Parameter containing:
tensor(-3.3534, device='cuda:0', requires_grad=True)
Parameter containing:
tensor(-3.3528, device='cuda:0', requires_grad=True)
Parameter containing:
tensor(-3.3521, device='cuda:0', requires_grad=True)
Parameter containing:
tensor(-3.3515, device='cuda:0', requires_grad=True)
Parameter containing:
tensor(-3.3509, device='cuda:0', requires_grad=True)
Parameter containing:
tensor(-3.3502, device='cuda:0', requires_grad=True)
Parameter containing:
tensor(-3.3496, device='cuda:0', requires_grad=True)
Parameter containing:
tensor(-3.3490, device='cuda:0', requires_grad=True)
Parameter containing:
tensor(-3.3484, device='cuda:0', requires_grad=True)
Parameter containing:
tensor(-3.3477, device='cuda:0', requires_grad=True)
Parameter containing:
tensor(-3.3471, device='cuda:0', requires_grad=True)
Parameter containing:
tensor(-3.3465, device='cuda:0', requires_grad=True)
Parameter containing:
tensor(-3.3459, device='cuda:0', requires_grad=True)
Parameter containing:
tensor(-3.3453, device='cuda:0', requires_grad=True)
Parameter containing:
tensor(-3.3446, device='cuda:0', requires_grad=True)
Parameter containing:
tensor(-3.3440, device='cuda:0', requires_grad=True)
Parameter containing:
tensor(-3.3434, device='cuda:0', requires_grad=True)
Parameter containing:
tensor(-3.3427, device='cuda:0', requires_grad=True)
Parameter containing:
tensor(-3.3421, device='cuda:0', requires_grad=True)
Parameter containing:
tensor(-3.3415, device='cuda:0', requires_grad=True)
Parameter containing:
tensor(-3.3408, device='cuda:0', requires_grad=True)
Parameter containing:
tensor(-3.3402, device='cuda:0', requires_grad=True)
Parameter containing:
tensor(-3.3396, device='cuda:0', requires_grad=True)
Parameter containing:
tensor(-3.3390, device='cuda:0', requires_grad=True)
Parameter containing:
tensor(-3.3383, device='cuda:0', requires_grad=True)
Parameter containing:
tensor(-3.3377, device='cuda:0', requires_grad=True)
Parameter containing:
tensor(-3.3371, device='cuda:0', requires_grad=True)
Parameter containing:
tensor(-3.3365, device='cuda:0', requires_grad=True)
Parameter containing:
tensor(-3.3358, device='cuda:0', requires_grad=True)
Parameter containing:
tensor(-3.3352, device='cuda:0', requires_grad=True)
Parameter containing:
tensor(-3.3345, device='cuda:0', requires_grad=True)
Parameter containing:
tensor(-3.3339, device='cuda:0', requires_grad=True)
Parameter containing:
tensor(-3.3332, device='cuda:0', requires_grad=True)
Parameter containing:
tensor(-3.3326, device='cuda:0', requires_grad=True)
Parameter containing:
tensor(-3.3320, device='cuda:0', requires_grad=True)
Parameter containing:
tensor(-3.3314, device='cuda:0', requires_grad=True)
Parameter containing:
tensor(-3.3308, device='cuda:0', requires_grad=True)
Parameter containing:
tensor(-3.3302, device='cuda:0', requires_grad=True)
Parameter containing:
tensor(-3.3296, device='cuda:0', requires_grad=True)
Parameter containing:
tensor(-3.3290, device='cuda:0', requires_grad=True)
Parameter containing:
tensor(-3.3284, device='cuda:0', requires_grad=True)
Parameter containing:
tensor(-3.3278, device='cuda:0', requires_grad=True)
Parameter containing:
tensor(-3.3272, device='cuda:0', requires_grad=True)
Parameter containing:
tensor(-3.3266, device='cuda:0', requires_grad=True)
Parameter containing:
tensor(-3.3260, device='cuda:0', requires_grad=True)
Parameter containing:
tensor(-3.3254, device='cuda:0', requires_grad=True)
Parameter containing:
tensor(-3.3248, device='cuda:0', requires_grad=True)
Parameter containing:
tensor(-3.3242, device='cuda:0', requires_grad=True)
Parameter containing:
tensor(-3.3236, device='cuda:0', requires_grad=True)
Parameter containing:
tensor(-3.3230, device='cuda:0', requires_grad=True)
Parameter containing:
tensor(-3.3224, device='cuda:0', requires_grad=True)
Parameter containing:
tensor(-3.3218, device='cuda:0', requires_grad=True)
Parameter containing:
tensor(-3.3212, device='cuda:0', requires_grad=True)
Parameter containing:
tensor(-3.3206, device='cuda:0', requires_grad=True)
Parameter containing:
tensor(-3.3200, device='cuda:0', requires_grad=True)
Parameter containing:
tensor(-3.3193, device='cuda:0', requires_grad=True)
Parameter containing:
tensor(-3.3187, device='cuda:0', requires_grad=True)
Parameter containing:
tensor(-3.3181, device='cuda:0', requires_grad=True)
Parameter containing:
tensor(-3.3174, device='cuda:0', requires_grad=True)
Parameter containing:
tensor(-3.3168, device='cuda:0', requires_grad=True)
Parameter containing:
tensor(-3.3162, device='cuda:0', requires_grad=True)
Parameter containing:
tensor(-3.3155, device='cuda:0', requires_grad=True)
Parameter containing:
tensor(-3.3149, device='cuda:0', requires_grad=True)
Parameter containing:
tensor(-3.3142, device='cuda:0', requires_grad=True)
Parameter containing:
tensor(-3.3136, device='cuda:0', requires_grad=True)
Parameter containing:
tensor(-3.3129, device='cuda:0', requires_grad=True)
Parameter containing:
tensor(-3.3123, device='cuda:0', requires_grad=True)
Parameter containing:
tensor(-3.3117, device='cuda:0', requires_grad=True)
Parameter containing:
tensor(-3.3110, device='cuda:0', requires_grad=True)
Parameter containing:
tensor(-3.3104, device='cuda:0', requires_grad=True)
Parameter containing:
tensor(-3.3098, device='cuda:0', requires_grad=True)
Parameter containing:
tensor(-3.3091, device='cuda:0', requires_grad=True)
Parameter containing:
tensor(-3.3085, device='cuda:0', requires_grad=True)
Parameter containing:
tensor(-3.3079, device='cuda:0', requires_grad=True)
Parameter containing:
tensor(-3.3073, device='cuda:0', requires_grad=True)
Parameter containing:
tensor(-3.3066, device='cuda:0', requires_grad=True)
Parameter containing:
tensor(-3.3060, device='cuda:0', requires_grad=True)
Parameter containing:
tensor(-3.3053, device='cuda:0', requires_grad=True)
Parameter containing:
tensor(-3.3047, device='cuda:0', requires_grad=True)
Parameter containing:
tensor(-3.3040, device='cuda:0', requires_grad=True)
Parameter containing:
tensor(-3.3034, device='cuda:0', requires_grad=True)
Parameter containing:
tensor(-3.3028, device='cuda:0', requires_grad=True)
Parameter containing:
tensor(-3.3021, device='cuda:0', requires_grad=True)
Parameter containing:
tensor(-3.3015, device='cuda:0', requires_grad=True)
Parameter containing:
tensor(-3.3008, device='cuda:0', requires_grad=True)
Parameter containing:
tensor(-3.3002, device='cuda:0', requires_grad=True)
Parameter containing:
tensor(-3.2995, device='cuda:0', requires_grad=True)
Parameter containing:
tensor(-3.2989, device='cuda:0', requires_grad=True)
Parameter containing:
tensor(-3.2982, device='cuda:0', requires_grad=True)
Parameter containing:
tensor(-3.2976, device='cuda:0', requires_grad=True)
Parameter containing:
tensor(-3.2970, device='cuda:0', requires_grad=True)
Parameter containing:
tensor(-3.2963, device='cuda:0', requires_grad=True)
Parameter containing:
tensor(-3.2956, device='cuda:0', requires_grad=True)
Parameter containing:
tensor(-3.2950, device='cuda:0', requires_grad=True)
Parameter containing:
tensor(-3.2943, device='cuda:0', requires_grad=True)
Parameter containing:
tensor(-3.2937, device='cuda:0', requires_grad=True)
Parameter containing:
tensor(-3.2931, device='cuda:0', requires_grad=True)
Parameter containing:
tensor(-3.2924, device='cuda:0', requires_grad=True)
Parameter containing:
tensor(-3.2918, device='cuda:0', requires_grad=True)
Parameter containing:
tensor(-3.2912, device='cuda:0', requires_grad=True)
Parameter containing:
tensor(-3.2905, device='cuda:0', requires_grad=True)
Parameter containing:
tensor(-3.2899, device='cuda:0', requires_grad=True)
Parameter containing:
tensor(-3.2893, device='cuda:0', requires_grad=True)
Parameter containing:
tensor(-3.2887, device='cuda:0', requires_grad=True)
Parameter containing:
tensor(-3.2881, device='cuda:0', requires_grad=True)
Parameter containing:
tensor(-3.2874, device='cuda:0', requires_grad=True)
Parameter containing:
tensor(-3.2868, device='cuda:0', requires_grad=True)
Parameter containing:
tensor(-3.2862, device='cuda:0', requires_grad=True)
Parameter containing:
tensor(-3.2856, device='cuda:0', requires_grad=True)
Parameter containing:
tensor(-3.2849, device='cuda:0', requires_grad=True)


PS:

Read file <14807193.stderr> for stderr output of this job.

