Sender: LSF System <lsfadmin@ls18>
Subject: Job 14805184: <_gp_Adam_SAGEConv_1e-3> in cluster <lila> Done

Job <_gp_Adam_SAGEConv_1e-3> was submitted from host <lx12> by user <wangy1> in cluster <lila> at Mon Jun  8 14:49:02 2020
Job was executed on host(s) <12*ls18>, in queue <gpuqueue>, as user <wangy1> in cluster <lila> at Mon Jun  8 14:49:02 2020
</home/wangy1> was used as the home directory.
</data/chodera/wangyq/pinot/scripts/gp_comparison> was used as the working directory.
Started at Mon Jun  8 14:49:02 2020
Terminated at Mon Jun  8 14:49:53 2020
Results reported at Mon Jun  8 14:49:53 2020

Your job looked like:

------------------------------------------------------------
# LSBATCH: User input
python ../../pinot/app/gp_train.py --layer SAGEConv --optimizer Adam --lr 1e-3 --out _gp_Adam_SAGEConv_1e-3 --n_epochs 100
------------------------------------------------------------

Successfully completed.

Resource usage summary:

    CPU time :                                   159.96 sec.
    Max Memory :                                 2 GB
    Average Memory :                             1.81 GB
    Total Requested Memory :                     48.00 GB
    Delta Memory :                               46.00 GB
    Max Swap :                                   -
    Max Processes :                              3
    Max Threads :                                20
    Run time :                                   52 sec.
    Turnaround time :                            51 sec.

The output (if any) follows:

Parameter containing:
tensor(1., device='cuda:0', requires_grad=True)
Parameter containing:
tensor(0.9990, device='cuda:0', requires_grad=True)
Parameter containing:
tensor(0.9980, device='cuda:0', requires_grad=True)
Parameter containing:
tensor(0.9971, device='cuda:0', requires_grad=True)
Parameter containing:
tensor(0.9961, device='cuda:0', requires_grad=True)
Parameter containing:
tensor(0.9951, device='cuda:0', requires_grad=True)
Parameter containing:
tensor(0.9941, device='cuda:0', requires_grad=True)
Parameter containing:
tensor(0.9931, device='cuda:0', requires_grad=True)
Parameter containing:
tensor(0.9921, device='cuda:0', requires_grad=True)
Parameter containing:
tensor(0.9911, device='cuda:0', requires_grad=True)
Parameter containing:
tensor(0.9901, device='cuda:0', requires_grad=True)
Parameter containing:
tensor(0.9890, device='cuda:0', requires_grad=True)
Parameter containing:
tensor(0.9880, device='cuda:0', requires_grad=True)
Parameter containing:
tensor(0.9869, device='cuda:0', requires_grad=True)
Parameter containing:
tensor(0.9859, device='cuda:0', requires_grad=True)
Parameter containing:
tensor(0.9849, device='cuda:0', requires_grad=True)
Parameter containing:
tensor(0.9838, device='cuda:0', requires_grad=True)
Parameter containing:
tensor(0.9827, device='cuda:0', requires_grad=True)
Parameter containing:
tensor(0.9817, device='cuda:0', requires_grad=True)
Parameter containing:
tensor(0.9806, device='cuda:0', requires_grad=True)
Parameter containing:
tensor(0.9796, device='cuda:0', requires_grad=True)
Parameter containing:
tensor(0.9785, device='cuda:0', requires_grad=True)
Parameter containing:
tensor(0.9774, device='cuda:0', requires_grad=True)
Parameter containing:
tensor(0.9764, device='cuda:0', requires_grad=True)
Parameter containing:
tensor(0.9753, device='cuda:0', requires_grad=True)
Parameter containing:
tensor(0.9743, device='cuda:0', requires_grad=True)
Parameter containing:
tensor(0.9732, device='cuda:0', requires_grad=True)
Parameter containing:
tensor(0.9721, device='cuda:0', requires_grad=True)
Parameter containing:
tensor(0.9711, device='cuda:0', requires_grad=True)
Parameter containing:
tensor(0.9700, device='cuda:0', requires_grad=True)
Parameter containing:
tensor(0.9689, device='cuda:0', requires_grad=True)
Parameter containing:
tensor(0.9679, device='cuda:0', requires_grad=True)
Parameter containing:
tensor(0.9668, device='cuda:0', requires_grad=True)
Parameter containing:
tensor(0.9657, device='cuda:0', requires_grad=True)
Parameter containing:
tensor(0.9647, device='cuda:0', requires_grad=True)
Parameter containing:
tensor(0.9636, device='cuda:0', requires_grad=True)
Parameter containing:
tensor(0.9626, device='cuda:0', requires_grad=True)
Parameter containing:
tensor(0.9615, device='cuda:0', requires_grad=True)
Parameter containing:
tensor(0.9604, device='cuda:0', requires_grad=True)
Parameter containing:
tensor(0.9594, device='cuda:0', requires_grad=True)
Parameter containing:
tensor(0.9583, device='cuda:0', requires_grad=True)
Parameter containing:
tensor(0.9572, device='cuda:0', requires_grad=True)
Parameter containing:
tensor(0.9562, device='cuda:0', requires_grad=True)
Parameter containing:
tensor(0.9551, device='cuda:0', requires_grad=True)
Parameter containing:
tensor(0.9541, device='cuda:0', requires_grad=True)
Parameter containing:
tensor(0.9530, device='cuda:0', requires_grad=True)
Parameter containing:
tensor(0.9519, device='cuda:0', requires_grad=True)
Parameter containing:
tensor(0.9509, device='cuda:0', requires_grad=True)
Parameter containing:
tensor(0.9498, device='cuda:0', requires_grad=True)
Parameter containing:
tensor(0.9488, device='cuda:0', requires_grad=True)
Parameter containing:
tensor(0.9477, device='cuda:0', requires_grad=True)
Parameter containing:
tensor(0.9466, device='cuda:0', requires_grad=True)
Parameter containing:
tensor(0.9456, device='cuda:0', requires_grad=True)
Parameter containing:
tensor(0.9445, device='cuda:0', requires_grad=True)
Parameter containing:
tensor(0.9435, device='cuda:0', requires_grad=True)
Parameter containing:
tensor(0.9424, device='cuda:0', requires_grad=True)
Parameter containing:
tensor(0.9414, device='cuda:0', requires_grad=True)
Parameter containing:
tensor(0.9403, device='cuda:0', requires_grad=True)
Parameter containing:
tensor(0.9392, device='cuda:0', requires_grad=True)
Parameter containing:
tensor(0.9382, device='cuda:0', requires_grad=True)
Parameter containing:
tensor(0.9371, device='cuda:0', requires_grad=True)
Parameter containing:
tensor(0.9361, device='cuda:0', requires_grad=True)
Parameter containing:
tensor(0.9350, device='cuda:0', requires_grad=True)
Parameter containing:
tensor(0.9340, device='cuda:0', requires_grad=True)
Parameter containing:
tensor(0.9329, device='cuda:0', requires_grad=True)
Parameter containing:
tensor(0.9318, device='cuda:0', requires_grad=True)
Parameter containing:
tensor(0.9308, device='cuda:0', requires_grad=True)
Parameter containing:
tensor(0.9297, device='cuda:0', requires_grad=True)
Parameter containing:
tensor(0.9287, device='cuda:0', requires_grad=True)
Parameter containing:
tensor(0.9276, device='cuda:0', requires_grad=True)
Parameter containing:
tensor(0.9266, device='cuda:0', requires_grad=True)
Parameter containing:
tensor(0.9255, device='cuda:0', requires_grad=True)
Parameter containing:
tensor(0.9244, device='cuda:0', requires_grad=True)
Parameter containing:
tensor(0.9234, device='cuda:0', requires_grad=True)
Parameter containing:
tensor(0.9223, device='cuda:0', requires_grad=True)
Parameter containing:
tensor(0.9213, device='cuda:0', requires_grad=True)
Parameter containing:
tensor(0.9202, device='cuda:0', requires_grad=True)
Parameter containing:
tensor(0.9191, device='cuda:0', requires_grad=True)
Parameter containing:
tensor(0.9181, device='cuda:0', requires_grad=True)
Parameter containing:
tensor(0.9170, device='cuda:0', requires_grad=True)
Parameter containing:
tensor(0.9160, device='cuda:0', requires_grad=True)
Parameter containing:
tensor(0.9149, device='cuda:0', requires_grad=True)
Parameter containing:
tensor(0.9138, device='cuda:0', requires_grad=True)
Parameter containing:
tensor(0.9128, device='cuda:0', requires_grad=True)
Parameter containing:
tensor(0.9117, device='cuda:0', requires_grad=True)
Parameter containing:
tensor(0.9107, device='cuda:0', requires_grad=True)
Parameter containing:
tensor(0.9096, device='cuda:0', requires_grad=True)
Parameter containing:
tensor(0.9085, device='cuda:0', requires_grad=True)
Parameter containing:
tensor(0.9075, device='cuda:0', requires_grad=True)
Parameter containing:
tensor(0.9064, device='cuda:0', requires_grad=True)
Parameter containing:
tensor(0.9053, device='cuda:0', requires_grad=True)
Parameter containing:
tensor(0.9043, device='cuda:0', requires_grad=True)
Parameter containing:
tensor(0.9032, device='cuda:0', requires_grad=True)
Parameter containing:
tensor(0.9022, device='cuda:0', requires_grad=True)
Parameter containing:
tensor(0.9011, device='cuda:0', requires_grad=True)
Parameter containing:
tensor(0.9000, device='cuda:0', requires_grad=True)
Parameter containing:
tensor(0.8990, device='cuda:0', requires_grad=True)
Parameter containing:
tensor(0.8979, device='cuda:0', requires_grad=True)
Parameter containing:
tensor(0.8968, device='cuda:0', requires_grad=True)
Parameter containing:
tensor(0.8958, device='cuda:0', requires_grad=True)


PS:

Read file <14805184.stderr> for stderr output of this job.

