Sender: LSF System <lsfadmin@lt07>
Subject: Job 14799270: <_sgld_TAGConv_1e-4> in cluster <lila> Done

Job <_sgld_TAGConv_1e-4> was submitted from host <lx04> by user <wangy1> in cluster <lila> at Fri Jun  5 10:53:55 2020
Job was executed on host(s) <12*lt07>, in queue <gpuqueue>, as user <wangy1> in cluster <lila> at Fri Jun  5 11:17:01 2020
</home/wangy1> was used as the home directory.
</data/chodera/wangyq/pinot/scripts/comparison> was used as the working directory.
Started at Fri Jun  5 11:17:01 2020
Terminated at Fri Jun  5 11:24:14 2020
Results reported at Fri Jun  5 11:24:14 2020

Your job looked like:

------------------------------------------------------------
# LSBATCH: User input
python ../../pinot/app/supervised_train.py --layer TAGConv --optimizer sgld --lr 1e-4 --out _sgld_TAGConv_1e-4 --n_epochs 1000
------------------------------------------------------------

Successfully completed.

Resource usage summary:

    CPU time :                                   432.26 sec.
    Max Memory :                                 1 GB
    Average Memory :                             0.99 GB
    Total Requested Memory :                     48.00 GB
    Delta Memory :                               47.00 GB
    Max Swap :                                   -
    Max Processes :                              3
    Max Threads :                                9
    Run time :                                   433 sec.
    Turnaround time :                            1819 sec.

The output (if any) follows:



PS:

Read file <14799270.stderr> for stderr output of this job.

