Sender: LSF System <lsfadmin@lt06>
Subject: Job 14789258: <_gp_adam_TAGConv_1e-6> in cluster <lila> Done

Job <_gp_adam_TAGConv_1e-6> was submitted from host <lx13> by user <wangy1> in cluster <lila> at Tue Jun  2 22:37:34 2020
Job was executed on host(s) <12*lt06>, in queue <gpuqueue>, as user <wangy1> in cluster <lila> at Tue Jun  2 22:41:14 2020
</home/wangy1> was used as the home directory.
</data/chodera/wangyq/pinot/scripts/gp_comparison> was used as the working directory.
Started at Tue Jun  2 22:41:14 2020
Terminated at Tue Jun  2 22:56:12 2020
Results reported at Tue Jun  2 22:56:12 2020

Your job looked like:

------------------------------------------------------------
# LSBATCH: User input
python ../../pinot/app/gp_train.py --layer TAGConv --optimizer adam --lr 1e-6 --out _gp_adam_TAGConv_1e-6 --n_epochs 1000
------------------------------------------------------------

Successfully completed.

Resource usage summary:

    CPU time :                                   1452.04 sec.
    Max Memory :                                 2 GB
    Average Memory :                             1.97 GB
    Total Requested Memory :                     48.00 GB
    Delta Memory :                               46.00 GB
    Max Swap :                                   -
    Max Processes :                              3
    Max Threads :                                20
    Run time :                                   898 sec.
    Turnaround time :                            1118 sec.

The output (if any) follows:



PS:

Read file <14789258.stderr> for stderr output of this job.

