Sender: LSF System <lsfadmin@lt03>
Subject: Job 16223784: <sup-active> in cluster <lila> Exited

Job <sup-active> was submitted from host <lilac> by user <nguyenm5> in cluster <lila> at Sun Aug  2 12:49:43 2020
Job was executed on host(s) <12*lt03>, in queue <gpuqueue>, as user <nguyenm5> in cluster <lila> at Sun Aug  2 13:15:34 2020
</home/nguyenm5> was used as the home directory.
</home/nguyenm5/coding/pinot> was used as the working directory.
Started at Sun Aug  2 13:15:34 2020
Terminated at Sun Aug  2 13:15:54 2020
Results reported at Sun Aug  2 13:15:54 2020

Your job looked like:

------------------------------------------------------------
# LSBATCH: User input
/home/nguyenm5/anaconda3/envs/pinot/bin/python scripts/active/belief_active_plot.py --net ExactGaussianProcessRegressor --num_rounds 6 --num_trials 1 --num_epochs 1000 --data moonshot_sorted --q 96 --acquisition UpperConfidenceBound --output_folder /home/nguyenm5/coding/pinot/aug-02/active-sup --index 1 --device cuda:0 --seed 2666 --unlabeled_volume
------------------------------------------------------------

Exited with exit code 2.

Resource usage summary:

    CPU time :                                   2.99 sec.
    Max Memory :                                 -
    Average Memory :                             -
    Total Requested Memory :                     192.00 GB
    Delta Memory :                               -
    Max Swap :                                   -
    Max Processes :                              3
    Max Threads :                                5
    Run time :                                   20 sec.
    Turnaround time :                            1571 sec.

The output (if any) follows:



PS:

Read file </home/nguyenm5/coding/pinot/aug-02/active-sup/UpperConfidenceBound_1000.stderr> for stderr output of this job.

Sender: LSF System <lsfadmin@lt03>
Subject: Job 16223785: <sup-active> in cluster <lila> Exited

Job <sup-active> was submitted from host <lilac> by user <nguyenm5> in cluster <lila> at Sun Aug  2 12:49:43 2020
Job was executed on host(s) <12*lt03>, in queue <gpuqueue>, as user <nguyenm5> in cluster <lila> at Sun Aug  2 13:15:55 2020
</home/nguyenm5> was used as the home directory.
</home/nguyenm5/coding/pinot> was used as the working directory.
Started at Sun Aug  2 13:15:55 2020
Terminated at Sun Aug  2 13:16:01 2020
Results reported at Sun Aug  2 13:16:01 2020

Your job looked like:

------------------------------------------------------------
# LSBATCH: User input
/home/nguyenm5/anaconda3/envs/pinot/bin/python scripts/active/belief_active_plot.py --net ExactGaussianProcessRegressor --num_rounds 6 --num_trials 1 --num_epochs 1000 --data moonshot_sorted --q 96 --acquisition UpperConfidenceBound --output_folder /home/nguyenm5/coding/pinot/aug-02/active-sup --index 1 --device cuda:0 --seed 417 --unlabeled_volume
------------------------------------------------------------

Exited with exit code 2.

Resource usage summary:

    CPU time :                                   1.98 sec.
    Max Memory :                                 -
    Average Memory :                             -
    Total Requested Memory :                     192.00 GB
    Delta Memory :                               -
    Max Swap :                                   -
    Max Processes :                              4
    Max Threads :                                6
    Run time :                                   7 sec.
    Turnaround time :                            1578 sec.

The output (if any) follows:



PS:

Read file </home/nguyenm5/coding/pinot/aug-02/active-sup/UpperConfidenceBound_1000.stderr> for stderr output of this job.

Sender: LSF System <lsfadmin@lt03>
Subject: Job 16223786: <sup-active> in cluster <lila> Exited

Job <sup-active> was submitted from host <lilac> by user <nguyenm5> in cluster <lila> at Sun Aug  2 12:49:44 2020
Job was executed on host(s) <12*lt03>, in queue <gpuqueue>, as user <nguyenm5> in cluster <lila> at Sun Aug  2 13:16:03 2020
</home/nguyenm5> was used as the home directory.
</home/nguyenm5/coding/pinot> was used as the working directory.
Started at Sun Aug  2 13:16:03 2020
Terminated at Sun Aug  2 13:16:09 2020
Results reported at Sun Aug  2 13:16:09 2020

Your job looked like:

------------------------------------------------------------
# LSBATCH: User input
/home/nguyenm5/anaconda3/envs/pinot/bin/python scripts/active/belief_active_plot.py --net ExactGaussianProcessRegressor --num_rounds 6 --num_trials 1 --num_epochs 1000 --data moonshot_sorted --q 96 --acquisition UpperConfidenceBound --output_folder /home/nguyenm5/coding/pinot/aug-02/active-sup --index 1 --device cuda:0 --seed 8888 --unlabeled_volume
------------------------------------------------------------

Exited with exit code 2.

Resource usage summary:

    CPU time :                                   2.59 sec.
    Max Memory :                                 -
    Average Memory :                             -
    Total Requested Memory :                     192.00 GB
    Delta Memory :                               -
    Max Swap :                                   -
    Max Processes :                              4
    Max Threads :                                6
    Run time :                                   7 sec.
    Turnaround time :                            1585 sec.

The output (if any) follows:



PS:

Read file </home/nguyenm5/coding/pinot/aug-02/active-sup/UpperConfidenceBound_1000.stderr> for stderr output of this job.

Sender: LSF System <lsfadmin@lt03>
Subject: Job 16223787: <sup-active> in cluster <lila> Exited

Job <sup-active> was submitted from host <lilac> by user <nguyenm5> in cluster <lila> at Sun Aug  2 12:49:44 2020
Job was executed on host(s) <12*lt03>, in queue <gpuqueue>, as user <nguyenm5> in cluster <lila> at Sun Aug  2 13:16:10 2020
</home/nguyenm5> was used as the home directory.
</home/nguyenm5/coding/pinot> was used as the working directory.
Started at Sun Aug  2 13:16:10 2020
Terminated at Sun Aug  2 13:16:17 2020
Results reported at Sun Aug  2 13:16:17 2020

Your job looked like:

------------------------------------------------------------
# LSBATCH: User input
/home/nguyenm5/anaconda3/envs/pinot/bin/python scripts/active/belief_active_plot.py --net ExactGaussianProcessRegressor --num_rounds 6 --num_trials 1 --num_epochs 1000 --data moonshot_sorted --q 96 --acquisition UpperConfidenceBound --output_folder /home/nguyenm5/coding/pinot/aug-02/active-sup --index 1 --device cuda:0 --seed 11 --unlabeled_volume
------------------------------------------------------------

Exited with exit code 2.

Resource usage summary:

    CPU time :                                   2.56 sec.
    Max Memory :                                 -
    Average Memory :                             -
    Total Requested Memory :                     192.00 GB
    Delta Memory :                               -
    Max Swap :                                   -
    Max Processes :                              4
    Max Threads :                                6
    Run time :                                   7 sec.
    Turnaround time :                            1593 sec.

The output (if any) follows:



PS:

Read file </home/nguyenm5/coding/pinot/aug-02/active-sup/UpperConfidenceBound_1000.stderr> for stderr output of this job.

Sender: LSF System <lsfadmin@lt20>
Subject: Job 16224126: <sup-active> in cluster <lila> Done

Job <sup-active> was submitted from host <lilac> by user <nguyenm5> in cluster <lila> at Sun Aug  2 15:14:59 2020
Job was executed on host(s) <12*lt20>, in queue <gpuqueue>, as user <nguyenm5> in cluster <lila> at Sun Aug  2 15:15:02 2020
</home/nguyenm5> was used as the home directory.
</home/nguyenm5/coding/pinot> was used as the working directory.
Started at Sun Aug  2 15:15:02 2020
Terminated at Sun Aug  2 15:18:21 2020
Results reported at Sun Aug  2 15:18:21 2020

Your job looked like:

------------------------------------------------------------
# LSBATCH: User input
/home/nguyenm5/anaconda3/envs/pinot/bin/python scripts/active/belief_active_plot.py --net ExactGaussianProcessRegressor --num_rounds 6 --num_trials 1 --num_epochs 1000 --data moonshot_sorted --q 96 --acquisition UpperConfidenceBound --output_folder /home/nguyenm5/coding/pinot/aug-02/active-sup --index 1 --device cuda:0 --seed 2666 --unlabeled_volume 0.0
------------------------------------------------------------

Successfully completed.

Resource usage summary:

    CPU time :                                   494.00 sec.
    Max Memory :                                 2 GB
    Average Memory :                             1.76 GB
    Total Requested Memory :                     192.00 GB
    Delta Memory :                               190.00 GB
    Max Swap :                                   -
    Max Processes :                              4
    Max Threads :                                21
    Run time :                                   199 sec.
    Turnaround time :                            202 sec.

The output (if any) follows:

Namespace(acquisition='UpperConfidenceBound', beliefs=['ThompsonSampling', 'MaxProbabilityOfImprovement', 'MaxUCB', 'MaxExpectedImprovement'], config=['GraphConv', '64', 'activation', 'tanh', 'GraphConv', '64', 'activation', 'tanh', 'GraphConv', '64', 'activation', 'tanh', 'GraphConv', '64', 'activation', 'tanh'], data='moonshot_sorted', device='cuda:0', index=1, index_provided=True, lr=0.0001, net='ExactGaussianProcessRegressor', num_epochs=1000, num_rounds=6, num_samples=1000, num_thompson_samples=1000, num_trials=1, optimizer='Adam', output_folder='/home/nguyenm5/coding/pinot/aug-02/active-sup', q=96, seed=2666, unlabeled_data='', unlabeled_volume=0.0)
0


PS:

Read file </home/nguyenm5/coding/pinot/aug-02/active-sup/UpperConfidenceBound_1000.stderr> for stderr output of this job.

Sender: LSF System <lsfadmin@ls08>
Subject: Job 16224127: <sup-active> in cluster <lila> Done

Job <sup-active> was submitted from host <lilac> by user <nguyenm5> in cluster <lila> at Sun Aug  2 15:15:01 2020
Job was executed on host(s) <12*ls08>, in queue <gpuqueue>, as user <nguyenm5> in cluster <lila> at Sun Aug  2 15:15:03 2020
</home/nguyenm5> was used as the home directory.
</home/nguyenm5/coding/pinot> was used as the working directory.
Started at Sun Aug  2 15:15:03 2020
Terminated at Sun Aug  2 15:18:55 2020
Results reported at Sun Aug  2 15:18:55 2020

Your job looked like:

------------------------------------------------------------
# LSBATCH: User input
/home/nguyenm5/anaconda3/envs/pinot/bin/python scripts/active/belief_active_plot.py --net ExactGaussianProcessRegressor --num_rounds 6 --num_trials 1 --num_epochs 1000 --data moonshot_sorted --q 96 --acquisition UpperConfidenceBound --output_folder /home/nguyenm5/coding/pinot/aug-02/active-sup --index 1 --device cuda:0 --seed 417 --unlabeled_volume 0.0
------------------------------------------------------------

Successfully completed.

Resource usage summary:

    CPU time :                                   526.00 sec.
    Max Memory :                                 2 GB
    Average Memory :                             1.81 GB
    Total Requested Memory :                     192.00 GB
    Delta Memory :                               190.00 GB
    Max Swap :                                   -
    Max Processes :                              4
    Max Threads :                                21
    Run time :                                   234 sec.
    Turnaround time :                            234 sec.

The output (if any) follows:

Namespace(acquisition='UpperConfidenceBound', beliefs=['ThompsonSampling', 'MaxProbabilityOfImprovement', 'MaxUCB', 'MaxExpectedImprovement'], config=['GraphConv', '64', 'activation', 'tanh', 'GraphConv', '64', 'activation', 'tanh', 'GraphConv', '64', 'activation', 'tanh', 'GraphConv', '64', 'activation', 'tanh'], data='moonshot_sorted', device='cuda:0', index=1, index_provided=True, lr=0.0001, net='ExactGaussianProcessRegressor', num_epochs=1000, num_rounds=6, num_samples=1000, num_thompson_samples=1000, num_trials=1, optimizer='Adam', output_folder='/home/nguyenm5/coding/pinot/aug-02/active-sup', q=96, seed=417, unlabeled_data='', unlabeled_volume=0.0)
0


PS:

Read file </home/nguyenm5/coding/pinot/aug-02/active-sup/UpperConfidenceBound_1000.stderr> for stderr output of this job.

Sender: LSF System <lsfadmin@ls03>
Subject: Job 16224129: <sup-active> in cluster <lila> Done

Job <sup-active> was submitted from host <lilac> by user <nguyenm5> in cluster <lila> at Sun Aug  2 15:15:01 2020
Job was executed on host(s) <12*ls03>, in queue <gpuqueue>, as user <nguyenm5> in cluster <lila> at Sun Aug  2 15:15:03 2020
</home/nguyenm5> was used as the home directory.
</home/nguyenm5/coding/pinot> was used as the working directory.
Started at Sun Aug  2 15:15:03 2020
Terminated at Sun Aug  2 15:19:03 2020
Results reported at Sun Aug  2 15:19:03 2020

Your job looked like:

------------------------------------------------------------
# LSBATCH: User input
/home/nguyenm5/anaconda3/envs/pinot/bin/python scripts/active/belief_active_plot.py --net ExactGaussianProcessRegressor --num_rounds 6 --num_trials 1 --num_epochs 1000 --data moonshot_sorted --q 96 --acquisition UpperConfidenceBound --output_folder /home/nguyenm5/coding/pinot/aug-02/active-sup --index 1 --device cuda:0 --seed 11 --unlabeled_volume 0.0
------------------------------------------------------------

Successfully completed.

Resource usage summary:

    CPU time :                                   578.00 sec.
    Max Memory :                                 2 GB
    Average Memory :                             1.81 GB
    Total Requested Memory :                     192.00 GB
    Delta Memory :                               190.00 GB
    Max Swap :                                   -
    Max Processes :                              4
    Max Threads :                                21
    Run time :                                   240 sec.
    Turnaround time :                            242 sec.

The output (if any) follows:

Namespace(acquisition='UpperConfidenceBound', beliefs=['ThompsonSampling', 'MaxProbabilityOfImprovement', 'MaxUCB', 'MaxExpectedImprovement'], config=['GraphConv', '64', 'activation', 'tanh', 'GraphConv', '64', 'activation', 'tanh', 'GraphConv', '64', 'activation', 'tanh', 'GraphConv', '64', 'activation', 'tanh'], data='moonshot_sorted', device='cuda:0', index=1, index_provided=True, lr=0.0001, net='ExactGaussianProcessRegressor', num_epochs=1000, num_rounds=6, num_samples=1000, num_thompson_samples=1000, num_trials=1, optimizer='Adam', output_folder='/home/nguyenm5/coding/pinot/aug-02/active-sup', q=96, seed=11, unlabeled_data='', unlabeled_volume=0.0)
0


PS:

Read file </home/nguyenm5/coding/pinot/aug-02/active-sup/UpperConfidenceBound_1000.stderr> for stderr output of this job.

Sender: LSF System <lsfadmin@ls06>
Subject: Job 16224128: <sup-active> in cluster <lila> Done

Job <sup-active> was submitted from host <lilac> by user <nguyenm5> in cluster <lila> at Sun Aug  2 15:15:01 2020
Job was executed on host(s) <12*ls06>, in queue <gpuqueue>, as user <nguyenm5> in cluster <lila> at Sun Aug  2 15:15:03 2020
</home/nguyenm5> was used as the home directory.
</home/nguyenm5/coding/pinot> was used as the working directory.
Started at Sun Aug  2 15:15:03 2020
Terminated at Sun Aug  2 15:19:21 2020
Results reported at Sun Aug  2 15:19:21 2020

Your job looked like:

------------------------------------------------------------
# LSBATCH: User input
/home/nguyenm5/anaconda3/envs/pinot/bin/python scripts/active/belief_active_plot.py --net ExactGaussianProcessRegressor --num_rounds 6 --num_trials 1 --num_epochs 1000 --data moonshot_sorted --q 96 --acquisition UpperConfidenceBound --output_folder /home/nguyenm5/coding/pinot/aug-02/active-sup --index 1 --device cuda:0 --seed 8888 --unlabeled_volume 0.0
------------------------------------------------------------

Successfully completed.

Resource usage summary:

    CPU time :                                   757.00 sec.
    Max Memory :                                 2 GB
    Average Memory :                             1.82 GB
    Total Requested Memory :                     192.00 GB
    Delta Memory :                               190.00 GB
    Max Swap :                                   -
    Max Processes :                              4
    Max Threads :                                21
    Run time :                                   257 sec.
    Turnaround time :                            260 sec.

The output (if any) follows:

Namespace(acquisition='UpperConfidenceBound', beliefs=['ThompsonSampling', 'MaxProbabilityOfImprovement', 'MaxUCB', 'MaxExpectedImprovement'], config=['GraphConv', '64', 'activation', 'tanh', 'GraphConv', '64', 'activation', 'tanh', 'GraphConv', '64', 'activation', 'tanh', 'GraphConv', '64', 'activation', 'tanh'], data='moonshot_sorted', device='cuda:0', index=1, index_provided=True, lr=0.0001, net='ExactGaussianProcessRegressor', num_epochs=1000, num_rounds=6, num_samples=1000, num_thompson_samples=1000, num_trials=1, optimizer='Adam', output_folder='/home/nguyenm5/coding/pinot/aug-02/active-sup', q=96, seed=8888, unlabeled_data='', unlabeled_volume=0.0)
0


PS:

Read file </home/nguyenm5/coding/pinot/aug-02/active-sup/UpperConfidenceBound_1000.stderr> for stderr output of this job.

