Using backend: pytorch
usage: belief_active_plot.py [-h] [--net NET] [--config CONFIG [CONFIG ...]]
                             [--lr LR] [--optimizer OPTIMIZER] [--data DATA]
                             [--unlabeled_data UNLABELED_DATA]
                             [--acquisition ACQUISITION]
                             [--num_samples NUM_SAMPLES]
                             [--num_thompson_samples NUM_THOMPSON_SAMPLES]
                             [--q Q] [--beliefs BELIEFS [BELIEFS ...]]
                             [--device DEVICE] [--num_trials NUM_TRIALS]
                             [--num_rounds NUM_ROUNDS]
                             [--num_epochs NUM_EPOCHS]
                             [--index_provided INDEX_PROVIDED] [--index INDEX]
                             [--output_folder OUTPUT_FOLDER] [--seed SEED]
                             [--unlabeled_volume UNLABELED_VOLUME]
belief_active_plot.py: error: argument --unlabeled_volume: expected one argument
Using backend: pytorch
usage: belief_active_plot.py [-h] [--net NET] [--config CONFIG [CONFIG ...]]
                             [--lr LR] [--optimizer OPTIMIZER] [--data DATA]
                             [--unlabeled_data UNLABELED_DATA]
                             [--acquisition ACQUISITION]
                             [--num_samples NUM_SAMPLES]
                             [--num_thompson_samples NUM_THOMPSON_SAMPLES]
                             [--q Q] [--beliefs BELIEFS [BELIEFS ...]]
                             [--device DEVICE] [--num_trials NUM_TRIALS]
                             [--num_rounds NUM_ROUNDS]
                             [--num_epochs NUM_EPOCHS]
                             [--index_provided INDEX_PROVIDED] [--index INDEX]
                             [--output_folder OUTPUT_FOLDER] [--seed SEED]
                             [--unlabeled_volume UNLABELED_VOLUME]
belief_active_plot.py: error: argument --unlabeled_volume: expected one argument
Using backend: pytorch
usage: belief_active_plot.py [-h] [--net NET] [--config CONFIG [CONFIG ...]]
                             [--lr LR] [--optimizer OPTIMIZER] [--data DATA]
                             [--unlabeled_data UNLABELED_DATA]
                             [--acquisition ACQUISITION]
                             [--num_samples NUM_SAMPLES]
                             [--num_thompson_samples NUM_THOMPSON_SAMPLES]
                             [--q Q] [--beliefs BELIEFS [BELIEFS ...]]
                             [--device DEVICE] [--num_trials NUM_TRIALS]
                             [--num_rounds NUM_ROUNDS]
                             [--num_epochs NUM_EPOCHS]
                             [--index_provided INDEX_PROVIDED] [--index INDEX]
                             [--output_folder OUTPUT_FOLDER] [--seed SEED]
                             [--unlabeled_volume UNLABELED_VOLUME]
belief_active_plot.py: error: argument --unlabeled_volume: expected one argument
Using backend: pytorch
usage: belief_active_plot.py [-h] [--net NET] [--config CONFIG [CONFIG ...]]
                             [--lr LR] [--optimizer OPTIMIZER] [--data DATA]
                             [--unlabeled_data UNLABELED_DATA]
                             [--acquisition ACQUISITION]
                             [--num_samples NUM_SAMPLES]
                             [--num_thompson_samples NUM_THOMPSON_SAMPLES]
                             [--q Q] [--beliefs BELIEFS [BELIEFS ...]]
                             [--device DEVICE] [--num_trials NUM_TRIALS]
                             [--num_rounds NUM_ROUNDS]
                             [--num_epochs NUM_EPOCHS]
                             [--index_provided INDEX_PROVIDED] [--index INDEX]
                             [--output_folder OUTPUT_FOLDER] [--seed SEED]
                             [--unlabeled_volume UNLABELED_VOLUME]
belief_active_plot.py: error: argument --unlabeled_volume: expected one argument
Using backend: pytorch
Using backend: pytorch
Using backend: pytorch
Using backend: pytorch
