Sender: LSF System <lsfadmin@lt04>
Subject: Job 14804944: <_gp_SGD_EdgeConv_1e-4> in cluster <lila> Done

Job <_gp_SGD_EdgeConv_1e-4> was submitted from host <lx12> by user <wangy1> in cluster <lila> at Mon Jun  8 13:33:41 2020
Job was executed on host(s) <12*lt04>, in queue <gpuqueue>, as user <wangy1> in cluster <lila> at Mon Jun  8 13:33:41 2020
</home/wangy1> was used as the home directory.
</data/chodera/wangyq/pinot/scripts/gp_comparison> was used as the working directory.
Started at Mon Jun  8 13:33:41 2020
Terminated at Mon Jun  8 13:34:32 2020
Results reported at Mon Jun  8 13:34:32 2020

Your job looked like:

------------------------------------------------------------
# LSBATCH: User input
python ../../pinot/app/gp_train.py --layer EdgeConv --optimizer SGD --lr 1e-4 --out _gp_SGD_EdgeConv_1e-4 --n_epochs 100
------------------------------------------------------------

Successfully completed.

Resource usage summary:

    CPU time :                                   142.37 sec.
    Max Memory :                                 1 GB
    Average Memory :                             0.75 GB
    Total Requested Memory :                     48.00 GB
    Delta Memory :                               47.00 GB
    Max Swap :                                   -
    Max Processes :                              3
    Max Threads :                                20
    Run time :                                   51 sec.
    Turnaround time :                            51 sec.

The output (if any) follows:

Parameter containing:
tensor(1., device='cuda:0', requires_grad=True)
Parameter containing:
tensor(0.9533, device='cuda:0', requires_grad=True)
Parameter containing:
tensor(0.9079, device='cuda:0', requires_grad=True)
Parameter containing:
tensor(0.8649, device='cuda:0', requires_grad=True)
Parameter containing:
tensor(0.8220, device='cuda:0', requires_grad=True)
Parameter containing:
tensor(0.7823, device='cuda:0', requires_grad=True)
Parameter containing:
tensor(0.7428, device='cuda:0', requires_grad=True)
Parameter containing:
tensor(0.7005, device='cuda:0', requires_grad=True)
Parameter containing:
tensor(0.6591, device='cuda:0', requires_grad=True)
Parameter containing:
tensor(0.6217, device='cuda:0', requires_grad=True)
Parameter containing:
tensor(0.5818, device='cuda:0', requires_grad=True)
Parameter containing:
tensor(0.5417, device='cuda:0', requires_grad=True)
Parameter containing:
tensor(0.5035, device='cuda:0', requires_grad=True)
Parameter containing:
tensor(0.4691, device='cuda:0', requires_grad=True)
Parameter containing:
tensor(0.4356, device='cuda:0', requires_grad=True)
Parameter containing:
tensor(0.4005, device='cuda:0', requires_grad=True)
Parameter containing:
tensor(0.3658, device='cuda:0', requires_grad=True)
Parameter containing:
tensor(0.3398, device='cuda:0', requires_grad=True)
Parameter containing:
tensor(0.3121, device='cuda:0', requires_grad=True)
Parameter containing:
tensor(0.2851, device='cuda:0', requires_grad=True)
Parameter containing:
tensor(0.2547, device='cuda:0', requires_grad=True)
Parameter containing:
tensor(0.2238, device='cuda:0', requires_grad=True)
Parameter containing:
tensor(0.1955, device='cuda:0', requires_grad=True)
Parameter containing:
tensor(0.1667, device='cuda:0', requires_grad=True)
Parameter containing:
tensor(0.1390, device='cuda:0', requires_grad=True)
Parameter containing:
tensor(0.1161, device='cuda:0', requires_grad=True)
Parameter containing:
tensor(0.0897, device='cuda:0', requires_grad=True)
Parameter containing:
tensor(0.0671, device='cuda:0', requires_grad=True)
Parameter containing:
tensor(0.0478, device='cuda:0', requires_grad=True)
Parameter containing:
tensor(0.0304, device='cuda:0', requires_grad=True)
Parameter containing:
tensor(0.0128, device='cuda:0', requires_grad=True)
Parameter containing:
tensor(-0.0073, device='cuda:0', requires_grad=True)
Parameter containing:
tensor(-0.0217, device='cuda:0', requires_grad=True)
Parameter containing:
tensor(-0.0291, device='cuda:0', requires_grad=True)
Parameter containing:
tensor(-0.0404, device='cuda:0', requires_grad=True)
Parameter containing:
tensor(-0.0448, device='cuda:0', requires_grad=True)
Parameter containing:
tensor(-0.0529, device='cuda:0', requires_grad=True)
Parameter containing:
tensor(-0.0693, device='cuda:0', requires_grad=True)
Parameter containing:
tensor(-0.0887, device='cuda:0', requires_grad=True)
Parameter containing:
tensor(-0.1083, device='cuda:0', requires_grad=True)
Parameter containing:
tensor(-0.1243, device='cuda:0', requires_grad=True)
Parameter containing:
tensor(-0.1425, device='cuda:0', requires_grad=True)
Parameter containing:
tensor(-0.1590, device='cuda:0', requires_grad=True)
Parameter containing:
tensor(-0.1683, device='cuda:0', requires_grad=True)
Parameter containing:
tensor(-0.1818, device='cuda:0', requires_grad=True)
Parameter containing:
tensor(-0.1945, device='cuda:0', requires_grad=True)
Parameter containing:
tensor(-0.1936, device='cuda:0', requires_grad=True)
Parameter containing:
tensor(-0.2028, device='cuda:0', requires_grad=True)
Parameter containing:
tensor(-0.2106, device='cuda:0', requires_grad=True)
Parameter containing:
tensor(-0.2187, device='cuda:0', requires_grad=True)
Parameter containing:
tensor(-0.2256, device='cuda:0', requires_grad=True)
Parameter containing:
tensor(-0.2409, device='cuda:0', requires_grad=True)
Parameter containing:
tensor(-0.2510, device='cuda:0', requires_grad=True)
Parameter containing:
tensor(-0.2618, device='cuda:0', requires_grad=True)
Parameter containing:
tensor(-0.2723, device='cuda:0', requires_grad=True)
Parameter containing:
tensor(-0.2866, device='cuda:0', requires_grad=True)
Parameter containing:
tensor(-0.2969, device='cuda:0', requires_grad=True)
Parameter containing:
tensor(-0.3058, device='cuda:0', requires_grad=True)
Parameter containing:
tensor(-0.3079, device='cuda:0', requires_grad=True)
Parameter containing:
tensor(-0.3134, device='cuda:0', requires_grad=True)
Parameter containing:
tensor(-0.3255, device='cuda:0', requires_grad=True)
Parameter containing:
tensor(-0.3282, device='cuda:0', requires_grad=True)
Parameter containing:
tensor(-0.3314, device='cuda:0', requires_grad=True)
Parameter containing:
tensor(-0.3333, device='cuda:0', requires_grad=True)
Parameter containing:
tensor(-0.3454, device='cuda:0', requires_grad=True)
Parameter containing:
tensor(-0.3505, device='cuda:0', requires_grad=True)
Parameter containing:
tensor(-0.3606, device='cuda:0', requires_grad=True)
Parameter containing:
tensor(-0.3665, device='cuda:0', requires_grad=True)
Parameter containing:
tensor(-0.3631, device='cuda:0', requires_grad=True)
Parameter containing:
tensor(-0.3708, device='cuda:0', requires_grad=True)
Parameter containing:
tensor(-0.3739, device='cuda:0', requires_grad=True)
Parameter containing:
tensor(-0.3825, device='cuda:0', requires_grad=True)
Parameter containing:
tensor(-0.3914, device='cuda:0', requires_grad=True)
Parameter containing:
tensor(-0.4009, device='cuda:0', requires_grad=True)
Parameter containing:
tensor(-0.4060, device='cuda:0', requires_grad=True)
Parameter containing:
tensor(-0.4033, device='cuda:0', requires_grad=True)
Parameter containing:
tensor(-0.4084, device='cuda:0', requires_grad=True)
Parameter containing:
tensor(-0.4142, device='cuda:0', requires_grad=True)
Parameter containing:
tensor(-0.4213, device='cuda:0', requires_grad=True)
Parameter containing:
tensor(-0.4290, device='cuda:0', requires_grad=True)
Parameter containing:
tensor(-0.4320, device='cuda:0', requires_grad=True)
Parameter containing:
tensor(-0.4360, device='cuda:0', requires_grad=True)
Parameter containing:
tensor(-0.4447, device='cuda:0', requires_grad=True)
Parameter containing:
tensor(-0.4473, device='cuda:0', requires_grad=True)
Parameter containing:
tensor(-0.4549, device='cuda:0', requires_grad=True)
Parameter containing:
tensor(-0.4655, device='cuda:0', requires_grad=True)
Parameter containing:
tensor(-0.4734, device='cuda:0', requires_grad=True)
Parameter containing:
tensor(-0.4824, device='cuda:0', requires_grad=True)
Parameter containing:
tensor(-0.4890, device='cuda:0', requires_grad=True)
Parameter containing:
tensor(-0.4887, device='cuda:0', requires_grad=True)
Parameter containing:
tensor(-0.4974, device='cuda:0', requires_grad=True)
Parameter containing:
tensor(-0.5046, device='cuda:0', requires_grad=True)
Parameter containing:
tensor(-0.5126, device='cuda:0', requires_grad=True)
Parameter containing:
tensor(-0.5190, device='cuda:0', requires_grad=True)
Parameter containing:
tensor(-0.5260, device='cuda:0', requires_grad=True)
Parameter containing:
tensor(-0.5316, device='cuda:0', requires_grad=True)
Parameter containing:
tensor(-0.5360, device='cuda:0', requires_grad=True)
Parameter containing:
tensor(-0.5421, device='cuda:0', requires_grad=True)
Parameter containing:
tensor(-0.5428, device='cuda:0', requires_grad=True)
Parameter containing:
tensor(-0.5387, device='cuda:0', requires_grad=True)


PS:

Read file <14804944.stderr> for stderr output of this job.

