Sender: LSF System <lsfadmin@lt14>
Subject: Job 14787483: <_adam_SGConv_1e-6> in cluster <lila> Done

Job <_adam_SGConv_1e-6> was submitted from host <lt21> by user <wangy1> in cluster <lila> at Tue Jun  2 00:27:56 2020
Job was executed on host(s) <12*lt14>, in queue <gpuqueue>, as user <wangy1> in cluster <lila> at Tue Jun  2 00:27:56 2020
</home/wangy1> was used as the home directory.
</data/chodera/wangyq/pinot/scripts/comparison> was used as the working directory.
Started at Tue Jun  2 00:27:56 2020
Terminated at Tue Jun  2 00:33:00 2020
Results reported at Tue Jun  2 00:33:00 2020

Your job looked like:

------------------------------------------------------------
# LSBATCH: User input
python ../../pinot/app/supervised_train.py --layer SGConv --optimizer adam --lr 1e-6 --out _adam_SGConv_1e-6 --n_epochs 1000
------------------------------------------------------------

Successfully completed.

Resource usage summary:

    CPU time :                                   299.55 sec.
    Max Memory :                                 1 GB
    Average Memory :                             0.96 GB
    Total Requested Memory :                     48.00 GB
    Delta Memory :                               47.00 GB
    Max Swap :                                   -
    Max Processes :                              3
    Max Threads :                                9
    Run time :                                   305 sec.
    Turnaround time :                            304 sec.

The output (if any) follows:



PS:

Read file <14787483.stderr> for stderr output of this job.

