Sender: LSF System <lsfadmin@ls18>
Subject: Job 14836058: <_gp_33> in cluster <lila> Done

Job <_gp_33> was submitted from host <ls14> by user <wangy1> in cluster <lila> at Thu Jun 11 19:30:06 2020
Job was executed on host(s) <12*ls18>, in queue <gpuqueue>, as user <wangy1> in cluster <lila> at Thu Jun 11 19:30:07 2020
</home/wangy1> was used as the home directory.
</data/chodera/wangyq/pinot/scripts/gp_split> was used as the working directory.
Started at Thu Jun 11 19:30:07 2020
Terminated at Thu Jun 11 19:32:51 2020
Results reported at Thu Jun 11 19:32:51 2020

Your job looked like:

------------------------------------------------------------
# LSBATCH: User input
python ../../pinot/app/gp_train.py --layer GraphConv --out _gp_33 --n_epochs 500 --lr 1e-3 --config 32 tanh 32 tanh 32 tanh --lr 1e-3 --partition 33:67
------------------------------------------------------------

Successfully completed.

Resource usage summary:

    CPU time :                                   490.63 sec.
    Max Memory :                                 2 GB
    Average Memory :                             1.87 GB
    Total Requested Memory :                     48.00 GB
    Delta Memory :                               46.00 GB
    Max Swap :                                   -
    Max Processes :                              3
    Max Threads :                                20
    Run time :                                   165 sec.
    Turnaround time :                            165 sec.

The output (if any) follows:

Parameter containing:
tensor(-3., device='cuda:0', requires_grad=True)
Parameter containing:
tensor(-2.9990, device='cuda:0', requires_grad=True)
Parameter containing:
tensor(-2.9980, device='cuda:0', requires_grad=True)
Parameter containing:
tensor(-2.9971, device='cuda:0', requires_grad=True)
Parameter containing:
tensor(-2.9961, device='cuda:0', requires_grad=True)
Parameter containing:
tensor(-2.9952, device='cuda:0', requires_grad=True)
Parameter containing:
tensor(-2.9943, device='cuda:0', requires_grad=True)
Parameter containing:
tensor(-2.9935, device='cuda:0', requires_grad=True)
Parameter containing:
tensor(-2.9926, device='cuda:0', requires_grad=True)
Parameter containing:
tensor(-2.9918, device='cuda:0', requires_grad=True)
Parameter containing:
tensor(-2.9910, device='cuda:0', requires_grad=True)
Parameter containing:
tensor(-2.9902, device='cuda:0', requires_grad=True)
Parameter containing:
tensor(-2.9894, device='cuda:0', requires_grad=True)
Parameter containing:
tensor(-2.9886, device='cuda:0', requires_grad=True)
Parameter containing:
tensor(-2.9878, device='cuda:0', requires_grad=True)
Parameter containing:
tensor(-2.9871, device='cuda:0', requires_grad=True)
Parameter containing:
tensor(-2.9863, device='cuda:0', requires_grad=True)
Parameter containing:
tensor(-2.9855, device='cuda:0', requires_grad=True)
Parameter containing:
tensor(-2.9848, device='cuda:0', requires_grad=True)
Parameter containing:
tensor(-2.9840, device='cuda:0', requires_grad=True)
Parameter containing:
tensor(-2.9832, device='cuda:0', requires_grad=True)
Parameter containing:
tensor(-2.9824, device='cuda:0', requires_grad=True)
Parameter containing:
tensor(-2.9816, device='cuda:0', requires_grad=True)
Parameter containing:
tensor(-2.9809, device='cuda:0', requires_grad=True)
Parameter containing:
tensor(-2.9801, device='cuda:0', requires_grad=True)
Parameter containing:
tensor(-2.9793, device='cuda:0', requires_grad=True)
Parameter containing:
tensor(-2.9785, device='cuda:0', requires_grad=True)
Parameter containing:
tensor(-2.9777, device='cuda:0', requires_grad=True)
Parameter containing:
tensor(-2.9770, device='cuda:0', requires_grad=True)
Parameter containing:
tensor(-2.9762, device='cuda:0', requires_grad=True)
Parameter containing:
tensor(-2.9754, device='cuda:0', requires_grad=True)
Parameter containing:
tensor(-2.9746, device='cuda:0', requires_grad=True)
Parameter containing:
tensor(-2.9739, device='cuda:0', requires_grad=True)
Parameter containing:
tensor(-2.9731, device='cuda:0', requires_grad=True)
Parameter containing:
tensor(-2.9724, device='cuda:0', requires_grad=True)
Parameter containing:
tensor(-2.9716, device='cuda:0', requires_grad=True)
Parameter containing:
tensor(-2.9709, device='cuda:0', requires_grad=True)
Parameter containing:
tensor(-2.9701, device='cuda:0', requires_grad=True)
Parameter containing:
tensor(-2.9694, device='cuda:0', requires_grad=True)
Parameter containing:
tensor(-2.9687, device='cuda:0', requires_grad=True)
Parameter containing:
tensor(-2.9679, device='cuda:0', requires_grad=True)
Parameter containing:
tensor(-2.9672, device='cuda:0', requires_grad=True)
Parameter containing:
tensor(-2.9665, device='cuda:0', requires_grad=True)
Parameter containing:
tensor(-2.9658, device='cuda:0', requires_grad=True)
Parameter containing:
tensor(-2.9650, device='cuda:0', requires_grad=True)
Parameter containing:
tensor(-2.9643, device='cuda:0', requires_grad=True)
Parameter containing:
tensor(-2.9636, device='cuda:0', requires_grad=True)
Parameter containing:
tensor(-2.9629, device='cuda:0', requires_grad=True)
Parameter containing:
tensor(-2.9622, device='cuda:0', requires_grad=True)
Parameter containing:
tensor(-2.9615, device='cuda:0', requires_grad=True)
Parameter containing:
tensor(-2.9608, device='cuda:0', requires_grad=True)
Parameter containing:
tensor(-2.9601, device='cuda:0', requires_grad=True)
Parameter containing:
tensor(-2.9594, device='cuda:0', requires_grad=True)
Parameter containing:
tensor(-2.9588, device='cuda:0', requires_grad=True)
Parameter containing:
tensor(-2.9581, device='cuda:0', requires_grad=True)
Parameter containing:
tensor(-2.9574, device='cuda:0', requires_grad=True)
Parameter containing:
tensor(-2.9567, device='cuda:0', requires_grad=True)
Parameter containing:
tensor(-2.9560, device='cuda:0', requires_grad=True)
Parameter containing:
tensor(-2.9554, device='cuda:0', requires_grad=True)
Parameter containing:
tensor(-2.9547, device='cuda:0', requires_grad=True)
Parameter containing:
tensor(-2.9540, device='cuda:0', requires_grad=True)
Parameter containing:
tensor(-2.9534, device='cuda:0', requires_grad=True)
Parameter containing:
tensor(-2.9527, device='cuda:0', requires_grad=True)
Parameter containing:
tensor(-2.9520, device='cuda:0', requires_grad=True)
Parameter containing:
tensor(-2.9514, device='cuda:0', requires_grad=True)
Parameter containing:
tensor(-2.9507, device='cuda:0', requires_grad=True)
Parameter containing:
tensor(-2.9500, device='cuda:0', requires_grad=True)
Parameter containing:
tensor(-2.9493, device='cuda:0', requires_grad=True)
Parameter containing:
tensor(-2.9487, device='cuda:0', requires_grad=True)
Parameter containing:
tensor(-2.9480, device='cuda:0', requires_grad=True)
Parameter containing:
tensor(-2.9473, device='cuda:0', requires_grad=True)
Parameter containing:
tensor(-2.9466, device='cuda:0', requires_grad=True)
Parameter containing:
tensor(-2.9459, device='cuda:0', requires_grad=True)
Parameter containing:
tensor(-2.9453, device='cuda:0', requires_grad=True)
Parameter containing:
tensor(-2.9446, device='cuda:0', requires_grad=True)
Parameter containing:
tensor(-2.9439, device='cuda:0', requires_grad=True)
Parameter containing:
tensor(-2.9432, device='cuda:0', requires_grad=True)
Parameter containing:
tensor(-2.9425, device='cuda:0', requires_grad=True)
Parameter containing:
tensor(-2.9418, device='cuda:0', requires_grad=True)
Parameter containing:
tensor(-2.9411, device='cuda:0', requires_grad=True)
Parameter containing:
tensor(-2.9404, device='cuda:0', requires_grad=True)
Parameter containing:
tensor(-2.9397, device='cuda:0', requires_grad=True)
Parameter containing:
tensor(-2.9390, device='cuda:0', requires_grad=True)
Parameter containing:
tensor(-2.9383, device='cuda:0', requires_grad=True)
Parameter containing:
tensor(-2.9376, device='cuda:0', requires_grad=True)
Parameter containing:
tensor(-2.9369, device='cuda:0', requires_grad=True)
Parameter containing:
tensor(-2.9362, device='cuda:0', requires_grad=True)
Parameter containing:
tensor(-2.9355, device='cuda:0', requires_grad=True)
Parameter containing:
tensor(-2.9348, device='cuda:0', requires_grad=True)
Parameter containing:
tensor(-2.9341, device='cuda:0', requires_grad=True)
Parameter containing:
tensor(-2.9335, device='cuda:0', requires_grad=True)
Parameter containing:
tensor(-2.9328, device='cuda:0', requires_grad=True)
Parameter containing:
tensor(-2.9321, device='cuda:0', requires_grad=True)
Parameter containing:
tensor(-2.9314, device='cuda:0', requires_grad=True)
Parameter containing:
tensor(-2.9307, device='cuda:0', requires_grad=True)
Parameter containing:
tensor(-2.9300, device='cuda:0', requires_grad=True)
Parameter containing:
tensor(-2.9293, device='cuda:0', requires_grad=True)
Parameter containing:
tensor(-2.9287, device='cuda:0', requires_grad=True)
Parameter containing:
tensor(-2.9280, device='cuda:0', requires_grad=True)
Parameter containing:
tensor(-2.9273, device='cuda:0', requires_grad=True)
Parameter containing:
tensor(-2.9266, device='cuda:0', requires_grad=True)
Parameter containing:
tensor(-2.9260, device='cuda:0', requires_grad=True)
Parameter containing:
tensor(-2.9253, device='cuda:0', requires_grad=True)
Parameter containing:
tensor(-2.9246, device='cuda:0', requires_grad=True)
Parameter containing:
tensor(-2.9239, device='cuda:0', requires_grad=True)
Parameter containing:
tensor(-2.9233, device='cuda:0', requires_grad=True)
Parameter containing:
tensor(-2.9226, device='cuda:0', requires_grad=True)
Parameter containing:
tensor(-2.9219, device='cuda:0', requires_grad=True)
Parameter containing:
tensor(-2.9212, device='cuda:0', requires_grad=True)
Parameter containing:
tensor(-2.9206, device='cuda:0', requires_grad=True)
Parameter containing:
tensor(-2.9199, device='cuda:0', requires_grad=True)
Parameter containing:
tensor(-2.9192, device='cuda:0', requires_grad=True)
Parameter containing:
tensor(-2.9186, device='cuda:0', requires_grad=True)
Parameter containing:
tensor(-2.9179, device='cuda:0', requires_grad=True)
Parameter containing:
tensor(-2.9172, device='cuda:0', requires_grad=True)
Parameter containing:
tensor(-2.9165, device='cuda:0', requires_grad=True)
Parameter containing:
tensor(-2.9159, device='cuda:0', requires_grad=True)
Parameter containing:
tensor(-2.9152, device='cuda:0', requires_grad=True)
Parameter containing:
tensor(-2.9146, device='cuda:0', requires_grad=True)
Parameter containing:
tensor(-2.9139, device='cuda:0', requires_grad=True)
Parameter containing:
tensor(-2.9132, device='cuda:0', requires_grad=True)
Parameter containing:
tensor(-2.9126, device='cuda:0', requires_grad=True)
Parameter containing:
tensor(-2.9119, device='cuda:0', requires_grad=True)
Parameter containing:
tensor(-2.9113, device='cuda:0', requires_grad=True)
Parameter containing:
tensor(-2.9106, device='cuda:0', requires_grad=True)
Parameter containing:
tensor(-2.9100, device='cuda:0', requires_grad=True)
Parameter containing:
tensor(-2.9093, device='cuda:0', requires_grad=True)
Parameter containing:
tensor(-2.9087, device='cuda:0', requires_grad=True)
Parameter containing:
tensor(-2.9080, device='cuda:0', requires_grad=True)
Parameter containing:
tensor(-2.9073, device='cuda:0', requires_grad=True)
Parameter containing:
tensor(-2.9067, device='cuda:0', requires_grad=True)
Parameter containing:
tensor(-2.9060, device='cuda:0', requires_grad=True)
Parameter containing:
tensor(-2.9054, device='cuda:0', requires_grad=True)
Parameter containing:
tensor(-2.9047, device='cuda:0', requires_grad=True)
Parameter containing:
tensor(-2.9041, device='cuda:0', requires_grad=True)
Parameter containing:
tensor(-2.9034, device='cuda:0', requires_grad=True)
Parameter containing:
tensor(-2.9027, device='cuda:0', requires_grad=True)
Parameter containing:
tensor(-2.9020, device='cuda:0', requires_grad=True)
Parameter containing:
tensor(-2.9014, device='cuda:0', requires_grad=True)
Parameter containing:
tensor(-2.9008, device='cuda:0', requires_grad=True)
Parameter containing:
tensor(-2.9001, device='cuda:0', requires_grad=True)
Parameter containing:
tensor(-2.8995, device='cuda:0', requires_grad=True)
Parameter containing:
tensor(-2.8988, device='cuda:0', requires_grad=True)
Parameter containing:
tensor(-2.8982, device='cuda:0', requires_grad=True)
Parameter containing:
tensor(-2.8976, device='cuda:0', requires_grad=True)
Parameter containing:
tensor(-2.8969, device='cuda:0', requires_grad=True)
Parameter containing:
tensor(-2.8963, device='cuda:0', requires_grad=True)
Parameter containing:
tensor(-2.8957, device='cuda:0', requires_grad=True)
Parameter containing:
tensor(-2.8950, device='cuda:0', requires_grad=True)
Parameter containing:
tensor(-2.8944, device='cuda:0', requires_grad=True)
Parameter containing:
tensor(-2.8938, device='cuda:0', requires_grad=True)
Parameter containing:
tensor(-2.8932, device='cuda:0', requires_grad=True)
Parameter containing:
tensor(-2.8926, device='cuda:0', requires_grad=True)
Parameter containing:
tensor(-2.8920, device='cuda:0', requires_grad=True)
Parameter containing:
tensor(-2.8914, device='cuda:0', requires_grad=True)
Parameter containing:
tensor(-2.8908, device='cuda:0', requires_grad=True)
Parameter containing:
tensor(-2.8902, device='cuda:0', requires_grad=True)
Parameter containing:
tensor(-2.8896, device='cuda:0', requires_grad=True)
Parameter containing:
tensor(-2.8890, device='cuda:0', requires_grad=True)
Parameter containing:
tensor(-2.8884, device='cuda:0', requires_grad=True)
Parameter containing:
tensor(-2.8878, device='cuda:0', requires_grad=True)
Parameter containing:
tensor(-2.8873, device='cuda:0', requires_grad=True)
Parameter containing:
tensor(-2.8867, device='cuda:0', requires_grad=True)
Parameter containing:
tensor(-2.8861, device='cuda:0', requires_grad=True)
Parameter containing:
tensor(-2.8855, device='cuda:0', requires_grad=True)
Parameter containing:
tensor(-2.8849, device='cuda:0', requires_grad=True)
Parameter containing:
tensor(-2.8843, device='cuda:0', requires_grad=True)
Parameter containing:
tensor(-2.8837, device='cuda:0', requires_grad=True)
Parameter containing:
tensor(-2.8831, device='cuda:0', requires_grad=True)
Parameter containing:
tensor(-2.8826, device='cuda:0', requires_grad=True)
Parameter containing:
tensor(-2.8820, device='cuda:0', requires_grad=True)
Parameter containing:
tensor(-2.8814, device='cuda:0', requires_grad=True)
Parameter containing:
tensor(-2.8808, device='cuda:0', requires_grad=True)
Parameter containing:
tensor(-2.8802, device='cuda:0', requires_grad=True)
Parameter containing:
tensor(-2.8796, device='cuda:0', requires_grad=True)
Parameter containing:
tensor(-2.8790, device='cuda:0', requires_grad=True)
Parameter containing:
tensor(-2.8784, device='cuda:0', requires_grad=True)
Parameter containing:
tensor(-2.8778, device='cuda:0', requires_grad=True)
Parameter containing:
tensor(-2.8772, device='cuda:0', requires_grad=True)
Parameter containing:
tensor(-2.8766, device='cuda:0', requires_grad=True)
Parameter containing:
tensor(-2.8760, device='cuda:0', requires_grad=True)
Parameter containing:
tensor(-2.8754, device='cuda:0', requires_grad=True)
Parameter containing:
tensor(-2.8748, device='cuda:0', requires_grad=True)
Parameter containing:
tensor(-2.8742, device='cuda:0', requires_grad=True)
Parameter containing:
tensor(-2.8736, device='cuda:0', requires_grad=True)
Parameter containing:
tensor(-2.8730, device='cuda:0', requires_grad=True)
Parameter containing:
tensor(-2.8724, device='cuda:0', requires_grad=True)
Parameter containing:
tensor(-2.8718, device='cuda:0', requires_grad=True)
Parameter containing:
tensor(-2.8713, device='cuda:0', requires_grad=True)
Parameter containing:
tensor(-2.8707, device='cuda:0', requires_grad=True)
Parameter containing:
tensor(-2.8701, device='cuda:0', requires_grad=True)
Parameter containing:
tensor(-2.8695, device='cuda:0', requires_grad=True)
Parameter containing:
tensor(-2.8689, device='cuda:0', requires_grad=True)
Parameter containing:
tensor(-2.8683, device='cuda:0', requires_grad=True)
Parameter containing:
tensor(-2.8677, device='cuda:0', requires_grad=True)
Parameter containing:
tensor(-2.8671, device='cuda:0', requires_grad=True)
Parameter containing:
tensor(-2.8666, device='cuda:0', requires_grad=True)
Parameter containing:
tensor(-2.8660, device='cuda:0', requires_grad=True)
Parameter containing:
tensor(-2.8654, device='cuda:0', requires_grad=True)
Parameter containing:
tensor(-2.8648, device='cuda:0', requires_grad=True)
Parameter containing:
tensor(-2.8643, device='cuda:0', requires_grad=True)
Parameter containing:
tensor(-2.8637, device='cuda:0', requires_grad=True)
Parameter containing:
tensor(-2.8631, device='cuda:0', requires_grad=True)
Parameter containing:
tensor(-2.8626, device='cuda:0', requires_grad=True)
Parameter containing:
tensor(-2.8620, device='cuda:0', requires_grad=True)
Parameter containing:
tensor(-2.8614, device='cuda:0', requires_grad=True)
Parameter containing:
tensor(-2.8608, device='cuda:0', requires_grad=True)
Parameter containing:
tensor(-2.8603, device='cuda:0', requires_grad=True)
Parameter containing:
tensor(-2.8597, device='cuda:0', requires_grad=True)
Parameter containing:
tensor(-2.8591, device='cuda:0', requires_grad=True)
Parameter containing:
tensor(-2.8585, device='cuda:0', requires_grad=True)
Parameter containing:
tensor(-2.8579, device='cuda:0', requires_grad=True)
Parameter containing:
tensor(-2.8574, device='cuda:0', requires_grad=True)
Parameter containing:
tensor(-2.8568, device='cuda:0', requires_grad=True)
Parameter containing:
tensor(-2.8562, device='cuda:0', requires_grad=True)
Parameter containing:
tensor(-2.8556, device='cuda:0', requires_grad=True)
Parameter containing:
tensor(-2.8551, device='cuda:0', requires_grad=True)
Parameter containing:
tensor(-2.8545, device='cuda:0', requires_grad=True)
Parameter containing:
tensor(-2.8539, device='cuda:0', requires_grad=True)
Parameter containing:
tensor(-2.8534, device='cuda:0', requires_grad=True)
Parameter containing:
tensor(-2.8528, device='cuda:0', requires_grad=True)
Parameter containing:
tensor(-2.8522, device='cuda:0', requires_grad=True)
Parameter containing:
tensor(-2.8517, device='cuda:0', requires_grad=True)
Parameter containing:
tensor(-2.8512, device='cuda:0', requires_grad=True)
Parameter containing:
tensor(-2.8506, device='cuda:0', requires_grad=True)
Parameter containing:
tensor(-2.8500, device='cuda:0', requires_grad=True)
Parameter containing:
tensor(-2.8495, device='cuda:0', requires_grad=True)
Parameter containing:
tensor(-2.8489, device='cuda:0', requires_grad=True)
Parameter containing:
tensor(-2.8484, device='cuda:0', requires_grad=True)
Parameter containing:
tensor(-2.8478, device='cuda:0', requires_grad=True)
Parameter containing:
tensor(-2.8473, device='cuda:0', requires_grad=True)
Parameter containing:
tensor(-2.8467, device='cuda:0', requires_grad=True)
Parameter containing:
tensor(-2.8462, device='cuda:0', requires_grad=True)
Parameter containing:
tensor(-2.8456, device='cuda:0', requires_grad=True)
Parameter containing:
tensor(-2.8451, device='cuda:0', requires_grad=True)
Parameter containing:
tensor(-2.8446, device='cuda:0', requires_grad=True)
Parameter containing:
tensor(-2.8440, device='cuda:0', requires_grad=True)
Parameter containing:
tensor(-2.8435, device='cuda:0', requires_grad=True)
Parameter containing:
tensor(-2.8429, device='cuda:0', requires_grad=True)
Parameter containing:
tensor(-2.8424, device='cuda:0', requires_grad=True)
Parameter containing:
tensor(-2.8418, device='cuda:0', requires_grad=True)
Parameter containing:
tensor(-2.8413, device='cuda:0', requires_grad=True)
Parameter containing:
tensor(-2.8407, device='cuda:0', requires_grad=True)
Parameter containing:
tensor(-2.8402, device='cuda:0', requires_grad=True)
Parameter containing:
tensor(-2.8396, device='cuda:0', requires_grad=True)
Parameter containing:
tensor(-2.8391, device='cuda:0', requires_grad=True)
Parameter containing:
tensor(-2.8385, device='cuda:0', requires_grad=True)
Parameter containing:
tensor(-2.8380, device='cuda:0', requires_grad=True)
Parameter containing:
tensor(-2.8375, device='cuda:0', requires_grad=True)
Parameter containing:
tensor(-2.8369, device='cuda:0', requires_grad=True)
Parameter containing:
tensor(-2.8363, device='cuda:0', requires_grad=True)
Parameter containing:
tensor(-2.8358, device='cuda:0', requires_grad=True)
Parameter containing:
tensor(-2.8353, device='cuda:0', requires_grad=True)
Parameter containing:
tensor(-2.8348, device='cuda:0', requires_grad=True)
Parameter containing:
tensor(-2.8342, device='cuda:0', requires_grad=True)
Parameter containing:
tensor(-2.8337, device='cuda:0', requires_grad=True)
Parameter containing:
tensor(-2.8332, device='cuda:0', requires_grad=True)
Parameter containing:
tensor(-2.8326, device='cuda:0', requires_grad=True)
Parameter containing:
tensor(-2.8321, device='cuda:0', requires_grad=True)
Parameter containing:
tensor(-2.8316, device='cuda:0', requires_grad=True)
Parameter containing:
tensor(-2.8310, device='cuda:0', requires_grad=True)
Parameter containing:
tensor(-2.8305, device='cuda:0', requires_grad=True)
Parameter containing:
tensor(-2.8300, device='cuda:0', requires_grad=True)
Parameter containing:
tensor(-2.8295, device='cuda:0', requires_grad=True)
Parameter containing:
tensor(-2.8290, device='cuda:0', requires_grad=True)
Parameter containing:
tensor(-2.8284, device='cuda:0', requires_grad=True)
Parameter containing:
tensor(-2.8279, device='cuda:0', requires_grad=True)
Parameter containing:
tensor(-2.8274, device='cuda:0', requires_grad=True)
Parameter containing:
tensor(-2.8269, device='cuda:0', requires_grad=True)
Parameter containing:
tensor(-2.8264, device='cuda:0', requires_grad=True)
Parameter containing:
tensor(-2.8259, device='cuda:0', requires_grad=True)
Parameter containing:
tensor(-2.8254, device='cuda:0', requires_grad=True)
Parameter containing:
tensor(-2.8249, device='cuda:0', requires_grad=True)
Parameter containing:
tensor(-2.8244, device='cuda:0', requires_grad=True)
Parameter containing:
tensor(-2.8239, device='cuda:0', requires_grad=True)
Parameter containing:
tensor(-2.8234, device='cuda:0', requires_grad=True)
Parameter containing:
tensor(-2.8230, device='cuda:0', requires_grad=True)
Parameter containing:
tensor(-2.8225, device='cuda:0', requires_grad=True)
Parameter containing:
tensor(-2.8220, device='cuda:0', requires_grad=True)
Parameter containing:
tensor(-2.8215, device='cuda:0', requires_grad=True)
Parameter containing:
tensor(-2.8210, device='cuda:0', requires_grad=True)
Parameter containing:
tensor(-2.8205, device='cuda:0', requires_grad=True)
Parameter containing:
tensor(-2.8200, device='cuda:0', requires_grad=True)
Parameter containing:
tensor(-2.8195, device='cuda:0', requires_grad=True)
Parameter containing:
tensor(-2.8190, device='cuda:0', requires_grad=True)
Parameter containing:
tensor(-2.8185, device='cuda:0', requires_grad=True)
Parameter containing:
tensor(-2.8180, device='cuda:0', requires_grad=True)
Parameter containing:
tensor(-2.8175, device='cuda:0', requires_grad=True)
Parameter containing:
tensor(-2.8170, device='cuda:0', requires_grad=True)
Parameter containing:
tensor(-2.8165, device='cuda:0', requires_grad=True)
Parameter containing:
tensor(-2.8161, device='cuda:0', requires_grad=True)
Parameter containing:
tensor(-2.8156, device='cuda:0', requires_grad=True)
Parameter containing:
tensor(-2.8151, device='cuda:0', requires_grad=True)
Parameter containing:
tensor(-2.8146, device='cuda:0', requires_grad=True)
Parameter containing:
tensor(-2.8141, device='cuda:0', requires_grad=True)
Parameter containing:
tensor(-2.8136, device='cuda:0', requires_grad=True)
Parameter containing:
tensor(-2.8132, device='cuda:0', requires_grad=True)
Parameter containing:
tensor(-2.8127, device='cuda:0', requires_grad=True)
Parameter containing:
tensor(-2.8122, device='cuda:0', requires_grad=True)
Parameter containing:
tensor(-2.8117, device='cuda:0', requires_grad=True)
Parameter containing:
tensor(-2.8112, device='cuda:0', requires_grad=True)
Parameter containing:
tensor(-2.8108, device='cuda:0', requires_grad=True)
Parameter containing:
tensor(-2.8103, device='cuda:0', requires_grad=True)
Parameter containing:
tensor(-2.8098, device='cuda:0', requires_grad=True)
Parameter containing:
tensor(-2.8093, device='cuda:0', requires_grad=True)
Parameter containing:
tensor(-2.8088, device='cuda:0', requires_grad=True)
Parameter containing:
tensor(-2.8083, device='cuda:0', requires_grad=True)
Parameter containing:
tensor(-2.8078, device='cuda:0', requires_grad=True)
Parameter containing:
tensor(-2.8074, device='cuda:0', requires_grad=True)
Parameter containing:
tensor(-2.8069, device='cuda:0', requires_grad=True)
Parameter containing:
tensor(-2.8064, device='cuda:0', requires_grad=True)
Parameter containing:
tensor(-2.8059, device='cuda:0', requires_grad=True)
Parameter containing:
tensor(-2.8054, device='cuda:0', requires_grad=True)
Parameter containing:
tensor(-2.8050, device='cuda:0', requires_grad=True)
Parameter containing:
tensor(-2.8045, device='cuda:0', requires_grad=True)
Parameter containing:
tensor(-2.8040, device='cuda:0', requires_grad=True)
Parameter containing:
tensor(-2.8036, device='cuda:0', requires_grad=True)
Parameter containing:
tensor(-2.8031, device='cuda:0', requires_grad=True)
Parameter containing:
tensor(-2.8026, device='cuda:0', requires_grad=True)
Parameter containing:
tensor(-2.8022, device='cuda:0', requires_grad=True)
Parameter containing:
tensor(-2.8017, device='cuda:0', requires_grad=True)
Parameter containing:
tensor(-2.8012, device='cuda:0', requires_grad=True)
Parameter containing:
tensor(-2.8008, device='cuda:0', requires_grad=True)
Parameter containing:
tensor(-2.8003, device='cuda:0', requires_grad=True)
Parameter containing:
tensor(-2.7999, device='cuda:0', requires_grad=True)
Parameter containing:
tensor(-2.7994, device='cuda:0', requires_grad=True)
Parameter containing:
tensor(-2.7989, device='cuda:0', requires_grad=True)
Parameter containing:
tensor(-2.7985, device='cuda:0', requires_grad=True)
Parameter containing:
tensor(-2.7980, device='cuda:0', requires_grad=True)
Parameter containing:
tensor(-2.7975, device='cuda:0', requires_grad=True)
Parameter containing:
tensor(-2.7970, device='cuda:0', requires_grad=True)
Parameter containing:
tensor(-2.7965, device='cuda:0', requires_grad=True)
Parameter containing:
tensor(-2.7960, device='cuda:0', requires_grad=True)
Parameter containing:
tensor(-2.7956, device='cuda:0', requires_grad=True)
Parameter containing:
tensor(-2.7951, device='cuda:0', requires_grad=True)
Parameter containing:
tensor(-2.7946, device='cuda:0', requires_grad=True)
Parameter containing:
tensor(-2.7941, device='cuda:0', requires_grad=True)
Parameter containing:
tensor(-2.7937, device='cuda:0', requires_grad=True)
Parameter containing:
tensor(-2.7932, device='cuda:0', requires_grad=True)
Parameter containing:
tensor(-2.7928, device='cuda:0', requires_grad=True)
Parameter containing:
tensor(-2.7923, device='cuda:0', requires_grad=True)
Parameter containing:
tensor(-2.7918, device='cuda:0', requires_grad=True)
Parameter containing:
tensor(-2.7914, device='cuda:0', requires_grad=True)
Parameter containing:
tensor(-2.7909, device='cuda:0', requires_grad=True)
Parameter containing:
tensor(-2.7905, device='cuda:0', requires_grad=True)
Parameter containing:
tensor(-2.7900, device='cuda:0', requires_grad=True)
Parameter containing:
tensor(-2.7896, device='cuda:0', requires_grad=True)
Parameter containing:
tensor(-2.7892, device='cuda:0', requires_grad=True)
Parameter containing:
tensor(-2.7887, device='cuda:0', requires_grad=True)
Parameter containing:
tensor(-2.7883, device='cuda:0', requires_grad=True)
Parameter containing:
tensor(-2.7879, device='cuda:0', requires_grad=True)
Parameter containing:
tensor(-2.7875, device='cuda:0', requires_grad=True)
Parameter containing:
tensor(-2.7870, device='cuda:0', requires_grad=True)
Parameter containing:
tensor(-2.7866, device='cuda:0', requires_grad=True)
Parameter containing:
tensor(-2.7862, device='cuda:0', requires_grad=True)
Parameter containing:
tensor(-2.7858, device='cuda:0', requires_grad=True)
Parameter containing:
tensor(-2.7854, device='cuda:0', requires_grad=True)
Parameter containing:
tensor(-2.7850, device='cuda:0', requires_grad=True)
Parameter containing:
tensor(-2.7846, device='cuda:0', requires_grad=True)
Parameter containing:
tensor(-2.7842, device='cuda:0', requires_grad=True)
Parameter containing:
tensor(-2.7838, device='cuda:0', requires_grad=True)
Parameter containing:
tensor(-2.7834, device='cuda:0', requires_grad=True)
Parameter containing:
tensor(-2.7830, device='cuda:0', requires_grad=True)
Parameter containing:
tensor(-2.7826, device='cuda:0', requires_grad=True)
Parameter containing:
tensor(-2.7821, device='cuda:0', requires_grad=True)
Parameter containing:
tensor(-2.7817, device='cuda:0', requires_grad=True)
Parameter containing:
tensor(-2.7813, device='cuda:0', requires_grad=True)
Parameter containing:
tensor(-2.7809, device='cuda:0', requires_grad=True)
Parameter containing:
tensor(-2.7804, device='cuda:0', requires_grad=True)
Parameter containing:
tensor(-2.7800, device='cuda:0', requires_grad=True)
Parameter containing:
tensor(-2.7796, device='cuda:0', requires_grad=True)
Parameter containing:
tensor(-2.7791, device='cuda:0', requires_grad=True)
Parameter containing:
tensor(-2.7787, device='cuda:0', requires_grad=True)
Parameter containing:
tensor(-2.7783, device='cuda:0', requires_grad=True)
Parameter containing:
tensor(-2.7778, device='cuda:0', requires_grad=True)
Parameter containing:
tensor(-2.7774, device='cuda:0', requires_grad=True)
Parameter containing:
tensor(-2.7770, device='cuda:0', requires_grad=True)
Parameter containing:
tensor(-2.7766, device='cuda:0', requires_grad=True)
Parameter containing:
tensor(-2.7762, device='cuda:0', requires_grad=True)
Parameter containing:
tensor(-2.7758, device='cuda:0', requires_grad=True)
Parameter containing:
tensor(-2.7754, device='cuda:0', requires_grad=True)
Parameter containing:
tensor(-2.7750, device='cuda:0', requires_grad=True)
Parameter containing:
tensor(-2.7746, device='cuda:0', requires_grad=True)
Parameter containing:
tensor(-2.7742, device='cuda:0', requires_grad=True)
Parameter containing:
tensor(-2.7738, device='cuda:0', requires_grad=True)
Parameter containing:
tensor(-2.7733, device='cuda:0', requires_grad=True)
Parameter containing:
tensor(-2.7729, device='cuda:0', requires_grad=True)
Parameter containing:
tensor(-2.7725, device='cuda:0', requires_grad=True)
Parameter containing:
tensor(-2.7721, device='cuda:0', requires_grad=True)
Parameter containing:
tensor(-2.7717, device='cuda:0', requires_grad=True)
Parameter containing:
tensor(-2.7713, device='cuda:0', requires_grad=True)
Parameter containing:
tensor(-2.7709, device='cuda:0', requires_grad=True)
Parameter containing:
tensor(-2.7705, device='cuda:0', requires_grad=True)
Parameter containing:
tensor(-2.7701, device='cuda:0', requires_grad=True)
Parameter containing:
tensor(-2.7697, device='cuda:0', requires_grad=True)
Parameter containing:
tensor(-2.7693, device='cuda:0', requires_grad=True)
Parameter containing:
tensor(-2.7689, device='cuda:0', requires_grad=True)
Parameter containing:
tensor(-2.7685, device='cuda:0', requires_grad=True)
Parameter containing:
tensor(-2.7681, device='cuda:0', requires_grad=True)
Parameter containing:
tensor(-2.7677, device='cuda:0', requires_grad=True)
Parameter containing:
tensor(-2.7673, device='cuda:0', requires_grad=True)
Parameter containing:
tensor(-2.7669, device='cuda:0', requires_grad=True)
Parameter containing:
tensor(-2.7665, device='cuda:0', requires_grad=True)
Parameter containing:
tensor(-2.7661, device='cuda:0', requires_grad=True)
Parameter containing:
tensor(-2.7657, device='cuda:0', requires_grad=True)
Parameter containing:
tensor(-2.7652, device='cuda:0', requires_grad=True)
Parameter containing:
tensor(-2.7648, device='cuda:0', requires_grad=True)
Parameter containing:
tensor(-2.7644, device='cuda:0', requires_grad=True)
Parameter containing:
tensor(-2.7640, device='cuda:0', requires_grad=True)
Parameter containing:
tensor(-2.7636, device='cuda:0', requires_grad=True)
Parameter containing:
tensor(-2.7631, device='cuda:0', requires_grad=True)
Parameter containing:
tensor(-2.7627, device='cuda:0', requires_grad=True)
Parameter containing:
tensor(-2.7623, device='cuda:0', requires_grad=True)
Parameter containing:
tensor(-2.7619, device='cuda:0', requires_grad=True)
Parameter containing:
tensor(-2.7615, device='cuda:0', requires_grad=True)
Parameter containing:
tensor(-2.7611, device='cuda:0', requires_grad=True)
Parameter containing:
tensor(-2.7608, device='cuda:0', requires_grad=True)
Parameter containing:
tensor(-2.7604, device='cuda:0', requires_grad=True)
Parameter containing:
tensor(-2.7600, device='cuda:0', requires_grad=True)
Parameter containing:
tensor(-2.7596, device='cuda:0', requires_grad=True)
Parameter containing:
tensor(-2.7592, device='cuda:0', requires_grad=True)
Parameter containing:
tensor(-2.7589, device='cuda:0', requires_grad=True)
Parameter containing:
tensor(-2.7585, device='cuda:0', requires_grad=True)
Parameter containing:
tensor(-2.7582, device='cuda:0', requires_grad=True)
Parameter containing:
tensor(-2.7578, device='cuda:0', requires_grad=True)
Parameter containing:
tensor(-2.7575, device='cuda:0', requires_grad=True)
Parameter containing:
tensor(-2.7571, device='cuda:0', requires_grad=True)
Parameter containing:
tensor(-2.7568, device='cuda:0', requires_grad=True)
Parameter containing:
tensor(-2.7564, device='cuda:0', requires_grad=True)
Parameter containing:
tensor(-2.7561, device='cuda:0', requires_grad=True)
Parameter containing:
tensor(-2.7557, device='cuda:0', requires_grad=True)
Parameter containing:
tensor(-2.7553, device='cuda:0', requires_grad=True)
Parameter containing:
tensor(-2.7548, device='cuda:0', requires_grad=True)
Parameter containing:
tensor(-2.7544, device='cuda:0', requires_grad=True)
Parameter containing:
tensor(-2.7539, device='cuda:0', requires_grad=True)
Parameter containing:
tensor(-2.7533, device='cuda:0', requires_grad=True)
Parameter containing:
tensor(-2.7528, device='cuda:0', requires_grad=True)
Parameter containing:
tensor(-2.7522, device='cuda:0', requires_grad=True)
Parameter containing:
tensor(-2.7516, device='cuda:0', requires_grad=True)
Parameter containing:
tensor(-2.7511, device='cuda:0', requires_grad=True)
Parameter containing:
tensor(-2.7505, device='cuda:0', requires_grad=True)
Parameter containing:
tensor(-2.7499, device='cuda:0', requires_grad=True)
Parameter containing:
tensor(-2.7494, device='cuda:0', requires_grad=True)
Parameter containing:
tensor(-2.7488, device='cuda:0', requires_grad=True)
Parameter containing:
tensor(-2.7483, device='cuda:0', requires_grad=True)
Parameter containing:
tensor(-2.7478, device='cuda:0', requires_grad=True)
Parameter containing:
tensor(-2.7473, device='cuda:0', requires_grad=True)
Parameter containing:
tensor(-2.7468, device='cuda:0', requires_grad=True)
Parameter containing:
tensor(-2.7463, device='cuda:0', requires_grad=True)
Parameter containing:
tensor(-2.7458, device='cuda:0', requires_grad=True)
Parameter containing:
tensor(-2.7454, device='cuda:0', requires_grad=True)
Parameter containing:
tensor(-2.7449, device='cuda:0', requires_grad=True)
Parameter containing:
tensor(-2.7445, device='cuda:0', requires_grad=True)
Parameter containing:
tensor(-2.7440, device='cuda:0', requires_grad=True)
Parameter containing:
tensor(-2.7436, device='cuda:0', requires_grad=True)
Parameter containing:
tensor(-2.7432, device='cuda:0', requires_grad=True)
Parameter containing:
tensor(-2.7429, device='cuda:0', requires_grad=True)
Parameter containing:
tensor(-2.7425, device='cuda:0', requires_grad=True)
Parameter containing:
tensor(-2.7421, device='cuda:0', requires_grad=True)
Parameter containing:
tensor(-2.7417, device='cuda:0', requires_grad=True)
Parameter containing:
tensor(-2.7414, device='cuda:0', requires_grad=True)
Parameter containing:
tensor(-2.7410, device='cuda:0', requires_grad=True)
Parameter containing:
tensor(-2.7407, device='cuda:0', requires_grad=True)
Parameter containing:
tensor(-2.7404, device='cuda:0', requires_grad=True)
Parameter containing:
tensor(-2.7400, device='cuda:0', requires_grad=True)
Parameter containing:
tensor(-2.7397, device='cuda:0', requires_grad=True)
Parameter containing:
tensor(-2.7393, device='cuda:0', requires_grad=True)
Parameter containing:
tensor(-2.7390, device='cuda:0', requires_grad=True)
Parameter containing:
tensor(-2.7387, device='cuda:0', requires_grad=True)
Parameter containing:
tensor(-2.7383, device='cuda:0', requires_grad=True)
Parameter containing:
tensor(-2.7380, device='cuda:0', requires_grad=True)
Parameter containing:
tensor(-2.7377, device='cuda:0', requires_grad=True)
Parameter containing:
tensor(-2.7374, device='cuda:0', requires_grad=True)
Parameter containing:
tensor(-2.7371, device='cuda:0', requires_grad=True)
Parameter containing:
tensor(-2.7368, device='cuda:0', requires_grad=True)
Parameter containing:
tensor(-2.7365, device='cuda:0', requires_grad=True)
Parameter containing:
tensor(-2.7361, device='cuda:0', requires_grad=True)
Parameter containing:
tensor(-2.7358, device='cuda:0', requires_grad=True)
Parameter containing:
tensor(-2.7355, device='cuda:0', requires_grad=True)
Parameter containing:
tensor(-2.7352, device='cuda:0', requires_grad=True)
Parameter containing:
tensor(-2.7349, device='cuda:0', requires_grad=True)
Parameter containing:
tensor(-2.7346, device='cuda:0', requires_grad=True)
Parameter containing:
tensor(-2.7343, device='cuda:0', requires_grad=True)
Parameter containing:
tensor(-2.7340, device='cuda:0', requires_grad=True)
Parameter containing:
tensor(-2.7337, device='cuda:0', requires_grad=True)
Parameter containing:
tensor(-2.7333, device='cuda:0', requires_grad=True)
Parameter containing:
tensor(-2.7330, device='cuda:0', requires_grad=True)
Parameter containing:
tensor(-2.7327, device='cuda:0', requires_grad=True)
Parameter containing:
tensor(-2.7323, device='cuda:0', requires_grad=True)
Parameter containing:
tensor(-2.7320, device='cuda:0', requires_grad=True)
Parameter containing:
tensor(-2.7317, device='cuda:0', requires_grad=True)
Parameter containing:
tensor(-2.7314, device='cuda:0', requires_grad=True)
Parameter containing:
tensor(-2.7310, device='cuda:0', requires_grad=True)
Parameter containing:
tensor(-2.7307, device='cuda:0', requires_grad=True)
Parameter containing:
tensor(-2.7304, device='cuda:0', requires_grad=True)
Parameter containing:
tensor(-2.7301, device='cuda:0', requires_grad=True)
Parameter containing:
tensor(-2.7297, device='cuda:0', requires_grad=True)
Parameter containing:
tensor(-2.7294, device='cuda:0', requires_grad=True)
Parameter containing:
tensor(-2.7291, device='cuda:0', requires_grad=True)
Parameter containing:
tensor(-2.7287, device='cuda:0', requires_grad=True)


PS:

Read file <14836058.stderr> for stderr output of this job.

