Sender: LSF System <lsfadmin@lu03>
Subject: Job 14836103: <_gp_78> in cluster <lila> Done

Job <_gp_78> was submitted from host <ls14> by user <wangy1> in cluster <lila> at Thu Jun 11 19:30:08 2020
Job was executed on host(s) <12*lu03>, in queue <gpuqueue>, as user <wangy1> in cluster <lila> at Thu Jun 11 19:30:08 2020
</home/wangy1> was used as the home directory.
</data/chodera/wangyq/pinot/scripts/gp_split> was used as the working directory.
Started at Thu Jun 11 19:30:08 2020
Terminated at Thu Jun 11 19:33:07 2020
Results reported at Thu Jun 11 19:33:07 2020

Your job looked like:

------------------------------------------------------------
# LSBATCH: User input
python ../../pinot/app/gp_train.py --layer GraphConv --out _gp_78 --n_epochs 500 --lr 1e-3 --config 32 tanh 32 tanh 32 tanh --lr 1e-3 --partition 78:22
------------------------------------------------------------

Successfully completed.

Resource usage summary:

    CPU time :                                   546.89 sec.
    Max Memory :                                 2 GB
    Average Memory :                             1.88 GB
    Total Requested Memory :                     48.00 GB
    Delta Memory :                               46.00 GB
    Max Swap :                                   -
    Max Processes :                              3
    Max Threads :                                20
    Run time :                                   180 sec.
    Turnaround time :                            179 sec.

The output (if any) follows:

Parameter containing:
tensor(-3., device='cuda:0', requires_grad=True)
Parameter containing:
tensor(-2.9990, device='cuda:0', requires_grad=True)
Parameter containing:
tensor(-2.9980, device='cuda:0', requires_grad=True)
Parameter containing:
tensor(-2.9971, device='cuda:0', requires_grad=True)
Parameter containing:
tensor(-2.9961, device='cuda:0', requires_grad=True)
Parameter containing:
tensor(-2.9952, device='cuda:0', requires_grad=True)
Parameter containing:
tensor(-2.9942, device='cuda:0', requires_grad=True)
Parameter containing:
tensor(-2.9933, device='cuda:0', requires_grad=True)
Parameter containing:
tensor(-2.9924, device='cuda:0', requires_grad=True)
Parameter containing:
tensor(-2.9915, device='cuda:0', requires_grad=True)
Parameter containing:
tensor(-2.9906, device='cuda:0', requires_grad=True)
Parameter containing:
tensor(-2.9897, device='cuda:0', requires_grad=True)
Parameter containing:
tensor(-2.9888, device='cuda:0', requires_grad=True)
Parameter containing:
tensor(-2.9879, device='cuda:0', requires_grad=True)
Parameter containing:
tensor(-2.9870, device='cuda:0', requires_grad=True)
Parameter containing:
tensor(-2.9860, device='cuda:0', requires_grad=True)
Parameter containing:
tensor(-2.9851, device='cuda:0', requires_grad=True)
Parameter containing:
tensor(-2.9842, device='cuda:0', requires_grad=True)
Parameter containing:
tensor(-2.9833, device='cuda:0', requires_grad=True)
Parameter containing:
tensor(-2.9823, device='cuda:0', requires_grad=True)
Parameter containing:
tensor(-2.9814, device='cuda:0', requires_grad=True)
Parameter containing:
tensor(-2.9805, device='cuda:0', requires_grad=True)
Parameter containing:
tensor(-2.9795, device='cuda:0', requires_grad=True)
Parameter containing:
tensor(-2.9786, device='cuda:0', requires_grad=True)
Parameter containing:
tensor(-2.9777, device='cuda:0', requires_grad=True)
Parameter containing:
tensor(-2.9767, device='cuda:0', requires_grad=True)
Parameter containing:
tensor(-2.9758, device='cuda:0', requires_grad=True)
Parameter containing:
tensor(-2.9748, device='cuda:0', requires_grad=True)
Parameter containing:
tensor(-2.9739, device='cuda:0', requires_grad=True)
Parameter containing:
tensor(-2.9729, device='cuda:0', requires_grad=True)
Parameter containing:
tensor(-2.9720, device='cuda:0', requires_grad=True)
Parameter containing:
tensor(-2.9711, device='cuda:0', requires_grad=True)
Parameter containing:
tensor(-2.9701, device='cuda:0', requires_grad=True)
Parameter containing:
tensor(-2.9692, device='cuda:0', requires_grad=True)
Parameter containing:
tensor(-2.9683, device='cuda:0', requires_grad=True)
Parameter containing:
tensor(-2.9673, device='cuda:0', requires_grad=True)
Parameter containing:
tensor(-2.9664, device='cuda:0', requires_grad=True)
Parameter containing:
tensor(-2.9655, device='cuda:0', requires_grad=True)
Parameter containing:
tensor(-2.9646, device='cuda:0', requires_grad=True)
Parameter containing:
tensor(-2.9636, device='cuda:0', requires_grad=True)
Parameter containing:
tensor(-2.9627, device='cuda:0', requires_grad=True)
Parameter containing:
tensor(-2.9618, device='cuda:0', requires_grad=True)
Parameter containing:
tensor(-2.9609, device='cuda:0', requires_grad=True)
Parameter containing:
tensor(-2.9600, device='cuda:0', requires_grad=True)
Parameter containing:
tensor(-2.9591, device='cuda:0', requires_grad=True)
Parameter containing:
tensor(-2.9582, device='cuda:0', requires_grad=True)
Parameter containing:
tensor(-2.9573, device='cuda:0', requires_grad=True)
Parameter containing:
tensor(-2.9564, device='cuda:0', requires_grad=True)
Parameter containing:
tensor(-2.9556, device='cuda:0', requires_grad=True)
Parameter containing:
tensor(-2.9547, device='cuda:0', requires_grad=True)
Parameter containing:
tensor(-2.9538, device='cuda:0', requires_grad=True)
Parameter containing:
tensor(-2.9529, device='cuda:0', requires_grad=True)
Parameter containing:
tensor(-2.9520, device='cuda:0', requires_grad=True)
Parameter containing:
tensor(-2.9511, device='cuda:0', requires_grad=True)
Parameter containing:
tensor(-2.9502, device='cuda:0', requires_grad=True)
Parameter containing:
tensor(-2.9494, device='cuda:0', requires_grad=True)
Parameter containing:
tensor(-2.9485, device='cuda:0', requires_grad=True)
Parameter containing:
tensor(-2.9476, device='cuda:0', requires_grad=True)
Parameter containing:
tensor(-2.9467, device='cuda:0', requires_grad=True)
Parameter containing:
tensor(-2.9458, device='cuda:0', requires_grad=True)
Parameter containing:
tensor(-2.9450, device='cuda:0', requires_grad=True)
Parameter containing:
tensor(-2.9441, device='cuda:0', requires_grad=True)
Parameter containing:
tensor(-2.9432, device='cuda:0', requires_grad=True)
Parameter containing:
tensor(-2.9423, device='cuda:0', requires_grad=True)
Parameter containing:
tensor(-2.9415, device='cuda:0', requires_grad=True)
Parameter containing:
tensor(-2.9406, device='cuda:0', requires_grad=True)
Parameter containing:
tensor(-2.9397, device='cuda:0', requires_grad=True)
Parameter containing:
tensor(-2.9388, device='cuda:0', requires_grad=True)
Parameter containing:
tensor(-2.9380, device='cuda:0', requires_grad=True)
Parameter containing:
tensor(-2.9371, device='cuda:0', requires_grad=True)
Parameter containing:
tensor(-2.9362, device='cuda:0', requires_grad=True)
Parameter containing:
tensor(-2.9354, device='cuda:0', requires_grad=True)
Parameter containing:
tensor(-2.9345, device='cuda:0', requires_grad=True)
Parameter containing:
tensor(-2.9337, device='cuda:0', requires_grad=True)
Parameter containing:
tensor(-2.9328, device='cuda:0', requires_grad=True)
Parameter containing:
tensor(-2.9319, device='cuda:0', requires_grad=True)
Parameter containing:
tensor(-2.9311, device='cuda:0', requires_grad=True)
Parameter containing:
tensor(-2.9302, device='cuda:0', requires_grad=True)
Parameter containing:
tensor(-2.9294, device='cuda:0', requires_grad=True)
Parameter containing:
tensor(-2.9285, device='cuda:0', requires_grad=True)
Parameter containing:
tensor(-2.9277, device='cuda:0', requires_grad=True)
Parameter containing:
tensor(-2.9268, device='cuda:0', requires_grad=True)
Parameter containing:
tensor(-2.9260, device='cuda:0', requires_grad=True)
Parameter containing:
tensor(-2.9251, device='cuda:0', requires_grad=True)
Parameter containing:
tensor(-2.9243, device='cuda:0', requires_grad=True)
Parameter containing:
tensor(-2.9234, device='cuda:0', requires_grad=True)
Parameter containing:
tensor(-2.9226, device='cuda:0', requires_grad=True)
Parameter containing:
tensor(-2.9217, device='cuda:0', requires_grad=True)
Parameter containing:
tensor(-2.9209, device='cuda:0', requires_grad=True)
Parameter containing:
tensor(-2.9201, device='cuda:0', requires_grad=True)
Parameter containing:
tensor(-2.9192, device='cuda:0', requires_grad=True)
Parameter containing:
tensor(-2.9184, device='cuda:0', requires_grad=True)
Parameter containing:
tensor(-2.9175, device='cuda:0', requires_grad=True)
Parameter containing:
tensor(-2.9167, device='cuda:0', requires_grad=True)
Parameter containing:
tensor(-2.9159, device='cuda:0', requires_grad=True)
Parameter containing:
tensor(-2.9150, device='cuda:0', requires_grad=True)
Parameter containing:
tensor(-2.9142, device='cuda:0', requires_grad=True)
Parameter containing:
tensor(-2.9133, device='cuda:0', requires_grad=True)
Parameter containing:
tensor(-2.9125, device='cuda:0', requires_grad=True)
Parameter containing:
tensor(-2.9117, device='cuda:0', requires_grad=True)
Parameter containing:
tensor(-2.9108, device='cuda:0', requires_grad=True)
Parameter containing:
tensor(-2.9100, device='cuda:0', requires_grad=True)
Parameter containing:
tensor(-2.9092, device='cuda:0', requires_grad=True)
Parameter containing:
tensor(-2.9083, device='cuda:0', requires_grad=True)
Parameter containing:
tensor(-2.9075, device='cuda:0', requires_grad=True)
Parameter containing:
tensor(-2.9067, device='cuda:0', requires_grad=True)
Parameter containing:
tensor(-2.9058, device='cuda:0', requires_grad=True)
Parameter containing:
tensor(-2.9050, device='cuda:0', requires_grad=True)
Parameter containing:
tensor(-2.9042, device='cuda:0', requires_grad=True)
Parameter containing:
tensor(-2.9033, device='cuda:0', requires_grad=True)
Parameter containing:
tensor(-2.9025, device='cuda:0', requires_grad=True)
Parameter containing:
tensor(-2.9017, device='cuda:0', requires_grad=True)
Parameter containing:
tensor(-2.9009, device='cuda:0', requires_grad=True)
Parameter containing:
tensor(-2.9000, device='cuda:0', requires_grad=True)
Parameter containing:
tensor(-2.8992, device='cuda:0', requires_grad=True)
Parameter containing:
tensor(-2.8984, device='cuda:0', requires_grad=True)
Parameter containing:
tensor(-2.8976, device='cuda:0', requires_grad=True)
Parameter containing:
tensor(-2.8967, device='cuda:0', requires_grad=True)
Parameter containing:
tensor(-2.8959, device='cuda:0', requires_grad=True)
Parameter containing:
tensor(-2.8951, device='cuda:0', requires_grad=True)
Parameter containing:
tensor(-2.8943, device='cuda:0', requires_grad=True)
Parameter containing:
tensor(-2.8935, device='cuda:0', requires_grad=True)
Parameter containing:
tensor(-2.8926, device='cuda:0', requires_grad=True)
Parameter containing:
tensor(-2.8918, device='cuda:0', requires_grad=True)
Parameter containing:
tensor(-2.8910, device='cuda:0', requires_grad=True)
Parameter containing:
tensor(-2.8902, device='cuda:0', requires_grad=True)
Parameter containing:
tensor(-2.8894, device='cuda:0', requires_grad=True)
Parameter containing:
tensor(-2.8886, device='cuda:0', requires_grad=True)
Parameter containing:
tensor(-2.8878, device='cuda:0', requires_grad=True)
Parameter containing:
tensor(-2.8870, device='cuda:0', requires_grad=True)
Parameter containing:
tensor(-2.8861, device='cuda:0', requires_grad=True)
Parameter containing:
tensor(-2.8853, device='cuda:0', requires_grad=True)
Parameter containing:
tensor(-2.8845, device='cuda:0', requires_grad=True)
Parameter containing:
tensor(-2.8837, device='cuda:0', requires_grad=True)
Parameter containing:
tensor(-2.8829, device='cuda:0', requires_grad=True)
Parameter containing:
tensor(-2.8821, device='cuda:0', requires_grad=True)
Parameter containing:
tensor(-2.8813, device='cuda:0', requires_grad=True)
Parameter containing:
tensor(-2.8805, device='cuda:0', requires_grad=True)
Parameter containing:
tensor(-2.8797, device='cuda:0', requires_grad=True)
Parameter containing:
tensor(-2.8789, device='cuda:0', requires_grad=True)
Parameter containing:
tensor(-2.8781, device='cuda:0', requires_grad=True)
Parameter containing:
tensor(-2.8773, device='cuda:0', requires_grad=True)
Parameter containing:
tensor(-2.8765, device='cuda:0', requires_grad=True)
Parameter containing:
tensor(-2.8757, device='cuda:0', requires_grad=True)
Parameter containing:
tensor(-2.8749, device='cuda:0', requires_grad=True)
Parameter containing:
tensor(-2.8741, device='cuda:0', requires_grad=True)
Parameter containing:
tensor(-2.8733, device='cuda:0', requires_grad=True)
Parameter containing:
tensor(-2.8725, device='cuda:0', requires_grad=True)
Parameter containing:
tensor(-2.8717, device='cuda:0', requires_grad=True)
Parameter containing:
tensor(-2.8709, device='cuda:0', requires_grad=True)
Parameter containing:
tensor(-2.8702, device='cuda:0', requires_grad=True)
Parameter containing:
tensor(-2.8694, device='cuda:0', requires_grad=True)
Parameter containing:
tensor(-2.8686, device='cuda:0', requires_grad=True)
Parameter containing:
tensor(-2.8678, device='cuda:0', requires_grad=True)
Parameter containing:
tensor(-2.8670, device='cuda:0', requires_grad=True)
Parameter containing:
tensor(-2.8662, device='cuda:0', requires_grad=True)
Parameter containing:
tensor(-2.8654, device='cuda:0', requires_grad=True)
Parameter containing:
tensor(-2.8647, device='cuda:0', requires_grad=True)
Parameter containing:
tensor(-2.8639, device='cuda:0', requires_grad=True)
Parameter containing:
tensor(-2.8631, device='cuda:0', requires_grad=True)
Parameter containing:
tensor(-2.8623, device='cuda:0', requires_grad=True)
Parameter containing:
tensor(-2.8615, device='cuda:0', requires_grad=True)
Parameter containing:
tensor(-2.8607, device='cuda:0', requires_grad=True)
Parameter containing:
tensor(-2.8600, device='cuda:0', requires_grad=True)
Parameter containing:
tensor(-2.8592, device='cuda:0', requires_grad=True)
Parameter containing:
tensor(-2.8584, device='cuda:0', requires_grad=True)
Parameter containing:
tensor(-2.8576, device='cuda:0', requires_grad=True)
Parameter containing:
tensor(-2.8569, device='cuda:0', requires_grad=True)
Parameter containing:
tensor(-2.8561, device='cuda:0', requires_grad=True)
Parameter containing:
tensor(-2.8553, device='cuda:0', requires_grad=True)
Parameter containing:
tensor(-2.8546, device='cuda:0', requires_grad=True)
Parameter containing:
tensor(-2.8538, device='cuda:0', requires_grad=True)
Parameter containing:
tensor(-2.8530, device='cuda:0', requires_grad=True)
Parameter containing:
tensor(-2.8523, device='cuda:0', requires_grad=True)
Parameter containing:
tensor(-2.8515, device='cuda:0', requires_grad=True)
Parameter containing:
tensor(-2.8507, device='cuda:0', requires_grad=True)
Parameter containing:
tensor(-2.8500, device='cuda:0', requires_grad=True)
Parameter containing:
tensor(-2.8492, device='cuda:0', requires_grad=True)
Parameter containing:
tensor(-2.8485, device='cuda:0', requires_grad=True)
Parameter containing:
tensor(-2.8477, device='cuda:0', requires_grad=True)
Parameter containing:
tensor(-2.8469, device='cuda:0', requires_grad=True)
Parameter containing:
tensor(-2.8462, device='cuda:0', requires_grad=True)
Parameter containing:
tensor(-2.8454, device='cuda:0', requires_grad=True)
Parameter containing:
tensor(-2.8446, device='cuda:0', requires_grad=True)
Parameter containing:
tensor(-2.8439, device='cuda:0', requires_grad=True)
Parameter containing:
tensor(-2.8431, device='cuda:0', requires_grad=True)
Parameter containing:
tensor(-2.8424, device='cuda:0', requires_grad=True)
Parameter containing:
tensor(-2.8416, device='cuda:0', requires_grad=True)
Parameter containing:
tensor(-2.8408, device='cuda:0', requires_grad=True)
Parameter containing:
tensor(-2.8401, device='cuda:0', requires_grad=True)
Parameter containing:
tensor(-2.8393, device='cuda:0', requires_grad=True)
Parameter containing:
tensor(-2.8385, device='cuda:0', requires_grad=True)
Parameter containing:
tensor(-2.8378, device='cuda:0', requires_grad=True)
Parameter containing:
tensor(-2.8370, device='cuda:0', requires_grad=True)
Parameter containing:
tensor(-2.8363, device='cuda:0', requires_grad=True)
Parameter containing:
tensor(-2.8355, device='cuda:0', requires_grad=True)
Parameter containing:
tensor(-2.8348, device='cuda:0', requires_grad=True)
Parameter containing:
tensor(-2.8340, device='cuda:0', requires_grad=True)
Parameter containing:
tensor(-2.8332, device='cuda:0', requires_grad=True)
Parameter containing:
tensor(-2.8325, device='cuda:0', requires_grad=True)
Parameter containing:
tensor(-2.8317, device='cuda:0', requires_grad=True)
Parameter containing:
tensor(-2.8310, device='cuda:0', requires_grad=True)
Parameter containing:
tensor(-2.8303, device='cuda:0', requires_grad=True)
Parameter containing:
tensor(-2.8295, device='cuda:0', requires_grad=True)
Parameter containing:
tensor(-2.8288, device='cuda:0', requires_grad=True)
Parameter containing:
tensor(-2.8280, device='cuda:0', requires_grad=True)
Parameter containing:
tensor(-2.8273, device='cuda:0', requires_grad=True)
Parameter containing:
tensor(-2.8266, device='cuda:0', requires_grad=True)
Parameter containing:
tensor(-2.8258, device='cuda:0', requires_grad=True)
Parameter containing:
tensor(-2.8251, device='cuda:0', requires_grad=True)
Parameter containing:
tensor(-2.8243, device='cuda:0', requires_grad=True)
Parameter containing:
tensor(-2.8236, device='cuda:0', requires_grad=True)
Parameter containing:
tensor(-2.8229, device='cuda:0', requires_grad=True)
Parameter containing:
tensor(-2.8221, device='cuda:0', requires_grad=True)
Parameter containing:
tensor(-2.8214, device='cuda:0', requires_grad=True)
Parameter containing:
tensor(-2.8206, device='cuda:0', requires_grad=True)
Parameter containing:
tensor(-2.8199, device='cuda:0', requires_grad=True)
Parameter containing:
tensor(-2.8192, device='cuda:0', requires_grad=True)
Parameter containing:
tensor(-2.8184, device='cuda:0', requires_grad=True)
Parameter containing:
tensor(-2.8177, device='cuda:0', requires_grad=True)
Parameter containing:
tensor(-2.8169, device='cuda:0', requires_grad=True)
Parameter containing:
tensor(-2.8162, device='cuda:0', requires_grad=True)
Parameter containing:
tensor(-2.8155, device='cuda:0', requires_grad=True)
Parameter containing:
tensor(-2.8147, device='cuda:0', requires_grad=True)
Parameter containing:
tensor(-2.8140, device='cuda:0', requires_grad=True)
Parameter containing:
tensor(-2.8132, device='cuda:0', requires_grad=True)
Parameter containing:
tensor(-2.8125, device='cuda:0', requires_grad=True)
Parameter containing:
tensor(-2.8118, device='cuda:0', requires_grad=True)
Parameter containing:
tensor(-2.8110, device='cuda:0', requires_grad=True)
Parameter containing:
tensor(-2.8103, device='cuda:0', requires_grad=True)
Parameter containing:
tensor(-2.8096, device='cuda:0', requires_grad=True)
Parameter containing:
tensor(-2.8088, device='cuda:0', requires_grad=True)
Parameter containing:
tensor(-2.8081, device='cuda:0', requires_grad=True)
Parameter containing:
tensor(-2.8074, device='cuda:0', requires_grad=True)
Parameter containing:
tensor(-2.8066, device='cuda:0', requires_grad=True)
Parameter containing:
tensor(-2.8059, device='cuda:0', requires_grad=True)
Parameter containing:
tensor(-2.8051, device='cuda:0', requires_grad=True)
Parameter containing:
tensor(-2.8044, device='cuda:0', requires_grad=True)
Parameter containing:
tensor(-2.8037, device='cuda:0', requires_grad=True)
Parameter containing:
tensor(-2.8029, device='cuda:0', requires_grad=True)
Parameter containing:
tensor(-2.8022, device='cuda:0', requires_grad=True)
Parameter containing:
tensor(-2.8015, device='cuda:0', requires_grad=True)
Parameter containing:
tensor(-2.8007, device='cuda:0', requires_grad=True)
Parameter containing:
tensor(-2.8000, device='cuda:0', requires_grad=True)
Parameter containing:
tensor(-2.7993, device='cuda:0', requires_grad=True)
Parameter containing:
tensor(-2.7985, device='cuda:0', requires_grad=True)
Parameter containing:
tensor(-2.7978, device='cuda:0', requires_grad=True)
Parameter containing:
tensor(-2.7971, device='cuda:0', requires_grad=True)
Parameter containing:
tensor(-2.7963, device='cuda:0', requires_grad=True)
Parameter containing:
tensor(-2.7956, device='cuda:0', requires_grad=True)
Parameter containing:
tensor(-2.7949, device='cuda:0', requires_grad=True)
Parameter containing:
tensor(-2.7942, device='cuda:0', requires_grad=True)
Parameter containing:
tensor(-2.7934, device='cuda:0', requires_grad=True)
Parameter containing:
tensor(-2.7927, device='cuda:0', requires_grad=True)
Parameter containing:
tensor(-2.7920, device='cuda:0', requires_grad=True)
Parameter containing:
tensor(-2.7912, device='cuda:0', requires_grad=True)
Parameter containing:
tensor(-2.7905, device='cuda:0', requires_grad=True)
Parameter containing:
tensor(-2.7898, device='cuda:0', requires_grad=True)
Parameter containing:
tensor(-2.7891, device='cuda:0', requires_grad=True)
Parameter containing:
tensor(-2.7883, device='cuda:0', requires_grad=True)
Parameter containing:
tensor(-2.7876, device='cuda:0', requires_grad=True)
Parameter containing:
tensor(-2.7869, device='cuda:0', requires_grad=True)
Parameter containing:
tensor(-2.7862, device='cuda:0', requires_grad=True)
Parameter containing:
tensor(-2.7855, device='cuda:0', requires_grad=True)
Parameter containing:
tensor(-2.7848, device='cuda:0', requires_grad=True)
Parameter containing:
tensor(-2.7840, device='cuda:0', requires_grad=True)
Parameter containing:
tensor(-2.7833, device='cuda:0', requires_grad=True)
Parameter containing:
tensor(-2.7826, device='cuda:0', requires_grad=True)
Parameter containing:
tensor(-2.7819, device='cuda:0', requires_grad=True)
Parameter containing:
tensor(-2.7812, device='cuda:0', requires_grad=True)
Parameter containing:
tensor(-2.7805, device='cuda:0', requires_grad=True)
Parameter containing:
tensor(-2.7798, device='cuda:0', requires_grad=True)
Parameter containing:
tensor(-2.7790, device='cuda:0', requires_grad=True)
Parameter containing:
tensor(-2.7783, device='cuda:0', requires_grad=True)
Parameter containing:
tensor(-2.7776, device='cuda:0', requires_grad=True)
Parameter containing:
tensor(-2.7768, device='cuda:0', requires_grad=True)
Parameter containing:
tensor(-2.7761, device='cuda:0', requires_grad=True)
Parameter containing:
tensor(-2.7754, device='cuda:0', requires_grad=True)
Parameter containing:
tensor(-2.7746, device='cuda:0', requires_grad=True)
Parameter containing:
tensor(-2.7739, device='cuda:0', requires_grad=True)
Parameter containing:
tensor(-2.7732, device='cuda:0', requires_grad=True)
Parameter containing:
tensor(-2.7725, device='cuda:0', requires_grad=True)
Parameter containing:
tensor(-2.7719, device='cuda:0', requires_grad=True)
Parameter containing:
tensor(-2.7712, device='cuda:0', requires_grad=True)
Parameter containing:
tensor(-2.7705, device='cuda:0', requires_grad=True)
Parameter containing:
tensor(-2.7699, device='cuda:0', requires_grad=True)
Parameter containing:
tensor(-2.7692, device='cuda:0', requires_grad=True)
Parameter containing:
tensor(-2.7685, device='cuda:0', requires_grad=True)
Parameter containing:
tensor(-2.7679, device='cuda:0', requires_grad=True)
Parameter containing:
tensor(-2.7672, device='cuda:0', requires_grad=True)
Parameter containing:
tensor(-2.7665, device='cuda:0', requires_grad=True)
Parameter containing:
tensor(-2.7659, device='cuda:0', requires_grad=True)
Parameter containing:
tensor(-2.7652, device='cuda:0', requires_grad=True)
Parameter containing:
tensor(-2.7646, device='cuda:0', requires_grad=True)
Parameter containing:
tensor(-2.7639, device='cuda:0', requires_grad=True)
Parameter containing:
tensor(-2.7632, device='cuda:0', requires_grad=True)
Parameter containing:
tensor(-2.7626, device='cuda:0', requires_grad=True)
Parameter containing:
tensor(-2.7619, device='cuda:0', requires_grad=True)
Parameter containing:
tensor(-2.7612, device='cuda:0', requires_grad=True)
Parameter containing:
tensor(-2.7606, device='cuda:0', requires_grad=True)
Parameter containing:
tensor(-2.7599, device='cuda:0', requires_grad=True)
Parameter containing:
tensor(-2.7592, device='cuda:0', requires_grad=True)
Parameter containing:
tensor(-2.7585, device='cuda:0', requires_grad=True)
Parameter containing:
tensor(-2.7579, device='cuda:0', requires_grad=True)
Parameter containing:
tensor(-2.7572, device='cuda:0', requires_grad=True)
Parameter containing:
tensor(-2.7566, device='cuda:0', requires_grad=True)
Parameter containing:
tensor(-2.7559, device='cuda:0', requires_grad=True)
Parameter containing:
tensor(-2.7552, device='cuda:0', requires_grad=True)
Parameter containing:
tensor(-2.7546, device='cuda:0', requires_grad=True)
Parameter containing:
tensor(-2.7539, device='cuda:0', requires_grad=True)
Parameter containing:
tensor(-2.7532, device='cuda:0', requires_grad=True)
Parameter containing:
tensor(-2.7526, device='cuda:0', requires_grad=True)
Parameter containing:
tensor(-2.7519, device='cuda:0', requires_grad=True)
Parameter containing:
tensor(-2.7512, device='cuda:0', requires_grad=True)
Parameter containing:
tensor(-2.7506, device='cuda:0', requires_grad=True)
Parameter containing:
tensor(-2.7499, device='cuda:0', requires_grad=True)
Parameter containing:
tensor(-2.7492, device='cuda:0', requires_grad=True)
Parameter containing:
tensor(-2.7485, device='cuda:0', requires_grad=True)
Parameter containing:
tensor(-2.7479, device='cuda:0', requires_grad=True)
Parameter containing:
tensor(-2.7472, device='cuda:0', requires_grad=True)
Parameter containing:
tensor(-2.7465, device='cuda:0', requires_grad=True)
Parameter containing:
tensor(-2.7458, device='cuda:0', requires_grad=True)
Parameter containing:
tensor(-2.7452, device='cuda:0', requires_grad=True)
Parameter containing:
tensor(-2.7445, device='cuda:0', requires_grad=True)
Parameter containing:
tensor(-2.7438, device='cuda:0', requires_grad=True)
Parameter containing:
tensor(-2.7431, device='cuda:0', requires_grad=True)
Parameter containing:
tensor(-2.7424, device='cuda:0', requires_grad=True)
Parameter containing:
tensor(-2.7417, device='cuda:0', requires_grad=True)
Parameter containing:
tensor(-2.7410, device='cuda:0', requires_grad=True)
Parameter containing:
tensor(-2.7403, device='cuda:0', requires_grad=True)
Parameter containing:
tensor(-2.7396, device='cuda:0', requires_grad=True)
Parameter containing:
tensor(-2.7389, device='cuda:0', requires_grad=True)
Parameter containing:
tensor(-2.7382, device='cuda:0', requires_grad=True)
Parameter containing:
tensor(-2.7375, device='cuda:0', requires_grad=True)
Parameter containing:
tensor(-2.7369, device='cuda:0', requires_grad=True)
Parameter containing:
tensor(-2.7362, device='cuda:0', requires_grad=True)
Parameter containing:
tensor(-2.7355, device='cuda:0', requires_grad=True)
Parameter containing:
tensor(-2.7348, device='cuda:0', requires_grad=True)
Parameter containing:
tensor(-2.7341, device='cuda:0', requires_grad=True)
Parameter containing:
tensor(-2.7334, device='cuda:0', requires_grad=True)
Parameter containing:
tensor(-2.7327, device='cuda:0', requires_grad=True)
Parameter containing:
tensor(-2.7321, device='cuda:0', requires_grad=True)
Parameter containing:
tensor(-2.7314, device='cuda:0', requires_grad=True)
Parameter containing:
tensor(-2.7307, device='cuda:0', requires_grad=True)
Parameter containing:
tensor(-2.7300, device='cuda:0', requires_grad=True)
Parameter containing:
tensor(-2.7293, device='cuda:0', requires_grad=True)
Parameter containing:
tensor(-2.7287, device='cuda:0', requires_grad=True)
Parameter containing:
tensor(-2.7280, device='cuda:0', requires_grad=True)
Parameter containing:
tensor(-2.7273, device='cuda:0', requires_grad=True)
Parameter containing:
tensor(-2.7266, device='cuda:0', requires_grad=True)
Parameter containing:
tensor(-2.7260, device='cuda:0', requires_grad=True)
Parameter containing:
tensor(-2.7253, device='cuda:0', requires_grad=True)
Parameter containing:
tensor(-2.7246, device='cuda:0', requires_grad=True)
Parameter containing:
tensor(-2.7240, device='cuda:0', requires_grad=True)
Parameter containing:
tensor(-2.7233, device='cuda:0', requires_grad=True)
Parameter containing:
tensor(-2.7226, device='cuda:0', requires_grad=True)
Parameter containing:
tensor(-2.7220, device='cuda:0', requires_grad=True)
Parameter containing:
tensor(-2.7213, device='cuda:0', requires_grad=True)
Parameter containing:
tensor(-2.7206, device='cuda:0', requires_grad=True)
Parameter containing:
tensor(-2.7200, device='cuda:0', requires_grad=True)
Parameter containing:
tensor(-2.7193, device='cuda:0', requires_grad=True)
Parameter containing:
tensor(-2.7187, device='cuda:0', requires_grad=True)
Parameter containing:
tensor(-2.7180, device='cuda:0', requires_grad=True)
Parameter containing:
tensor(-2.7174, device='cuda:0', requires_grad=True)
Parameter containing:
tensor(-2.7167, device='cuda:0', requires_grad=True)
Parameter containing:
tensor(-2.7161, device='cuda:0', requires_grad=True)
Parameter containing:
tensor(-2.7154, device='cuda:0', requires_grad=True)
Parameter containing:
tensor(-2.7148, device='cuda:0', requires_grad=True)
Parameter containing:
tensor(-2.7142, device='cuda:0', requires_grad=True)
Parameter containing:
tensor(-2.7135, device='cuda:0', requires_grad=True)
Parameter containing:
tensor(-2.7129, device='cuda:0', requires_grad=True)
Parameter containing:
tensor(-2.7122, device='cuda:0', requires_grad=True)
Parameter containing:
tensor(-2.7116, device='cuda:0', requires_grad=True)
Parameter containing:
tensor(-2.7110, device='cuda:0', requires_grad=True)
Parameter containing:
tensor(-2.7103, device='cuda:0', requires_grad=True)
Parameter containing:
tensor(-2.7097, device='cuda:0', requires_grad=True)
Parameter containing:
tensor(-2.7091, device='cuda:0', requires_grad=True)
Parameter containing:
tensor(-2.7084, device='cuda:0', requires_grad=True)
Parameter containing:
tensor(-2.7078, device='cuda:0', requires_grad=True)
Parameter containing:
tensor(-2.7072, device='cuda:0', requires_grad=True)
Parameter containing:
tensor(-2.7065, device='cuda:0', requires_grad=True)
Parameter containing:
tensor(-2.7059, device='cuda:0', requires_grad=True)
Parameter containing:
tensor(-2.7053, device='cuda:0', requires_grad=True)
Parameter containing:
tensor(-2.7047, device='cuda:0', requires_grad=True)
Parameter containing:
tensor(-2.7040, device='cuda:0', requires_grad=True)
Parameter containing:
tensor(-2.7034, device='cuda:0', requires_grad=True)
Parameter containing:
tensor(-2.7028, device='cuda:0', requires_grad=True)
Parameter containing:
tensor(-2.7022, device='cuda:0', requires_grad=True)
Parameter containing:
tensor(-2.7016, device='cuda:0', requires_grad=True)
Parameter containing:
tensor(-2.7009, device='cuda:0', requires_grad=True)
Parameter containing:
tensor(-2.7003, device='cuda:0', requires_grad=True)
Parameter containing:
tensor(-2.6997, device='cuda:0', requires_grad=True)
Parameter containing:
tensor(-2.6991, device='cuda:0', requires_grad=True)
Parameter containing:
tensor(-2.6985, device='cuda:0', requires_grad=True)
Parameter containing:
tensor(-2.6979, device='cuda:0', requires_grad=True)
Parameter containing:
tensor(-2.6973, device='cuda:0', requires_grad=True)
Parameter containing:
tensor(-2.6966, device='cuda:0', requires_grad=True)
Parameter containing:
tensor(-2.6960, device='cuda:0', requires_grad=True)
Parameter containing:
tensor(-2.6954, device='cuda:0', requires_grad=True)
Parameter containing:
tensor(-2.6947, device='cuda:0', requires_grad=True)
Parameter containing:
tensor(-2.6941, device='cuda:0', requires_grad=True)
Parameter containing:
tensor(-2.6935, device='cuda:0', requires_grad=True)
Parameter containing:
tensor(-2.6929, device='cuda:0', requires_grad=True)
Parameter containing:
tensor(-2.6923, device='cuda:0', requires_grad=True)
Parameter containing:
tensor(-2.6916, device='cuda:0', requires_grad=True)
Parameter containing:
tensor(-2.6910, device='cuda:0', requires_grad=True)
Parameter containing:
tensor(-2.6904, device='cuda:0', requires_grad=True)
Parameter containing:
tensor(-2.6898, device='cuda:0', requires_grad=True)
Parameter containing:
tensor(-2.6892, device='cuda:0', requires_grad=True)
Parameter containing:
tensor(-2.6886, device='cuda:0', requires_grad=True)
Parameter containing:
tensor(-2.6880, device='cuda:0', requires_grad=True)
Parameter containing:
tensor(-2.6873, device='cuda:0', requires_grad=True)
Parameter containing:
tensor(-2.6867, device='cuda:0', requires_grad=True)
Parameter containing:
tensor(-2.6861, device='cuda:0', requires_grad=True)
Parameter containing:
tensor(-2.6855, device='cuda:0', requires_grad=True)
Parameter containing:
tensor(-2.6849, device='cuda:0', requires_grad=True)
Parameter containing:
tensor(-2.6843, device='cuda:0', requires_grad=True)
Parameter containing:
tensor(-2.6837, device='cuda:0', requires_grad=True)
Parameter containing:
tensor(-2.6831, device='cuda:0', requires_grad=True)
Parameter containing:
tensor(-2.6825, device='cuda:0', requires_grad=True)
Parameter containing:
tensor(-2.6819, device='cuda:0', requires_grad=True)
Parameter containing:
tensor(-2.6813, device='cuda:0', requires_grad=True)
Parameter containing:
tensor(-2.6807, device='cuda:0', requires_grad=True)
Parameter containing:
tensor(-2.6801, device='cuda:0', requires_grad=True)
Parameter containing:
tensor(-2.6795, device='cuda:0', requires_grad=True)
Parameter containing:
tensor(-2.6789, device='cuda:0', requires_grad=True)
Parameter containing:
tensor(-2.6783, device='cuda:0', requires_grad=True)
Parameter containing:
tensor(-2.6777, device='cuda:0', requires_grad=True)
Parameter containing:
tensor(-2.6771, device='cuda:0', requires_grad=True)
Parameter containing:
tensor(-2.6765, device='cuda:0', requires_grad=True)
Parameter containing:
tensor(-2.6759, device='cuda:0', requires_grad=True)
Parameter containing:
tensor(-2.6753, device='cuda:0', requires_grad=True)
Parameter containing:
tensor(-2.6747, device='cuda:0', requires_grad=True)
Parameter containing:
tensor(-2.6741, device='cuda:0', requires_grad=True)
Parameter containing:
tensor(-2.6735, device='cuda:0', requires_grad=True)
Parameter containing:
tensor(-2.6729, device='cuda:0', requires_grad=True)
Parameter containing:
tensor(-2.6723, device='cuda:0', requires_grad=True)
Parameter containing:
tensor(-2.6718, device='cuda:0', requires_grad=True)
Parameter containing:
tensor(-2.6712, device='cuda:0', requires_grad=True)
Parameter containing:
tensor(-2.6706, device='cuda:0', requires_grad=True)
Parameter containing:
tensor(-2.6700, device='cuda:0', requires_grad=True)
Parameter containing:
tensor(-2.6694, device='cuda:0', requires_grad=True)
Parameter containing:
tensor(-2.6688, device='cuda:0', requires_grad=True)
Parameter containing:
tensor(-2.6682, device='cuda:0', requires_grad=True)
Parameter containing:
tensor(-2.6676, device='cuda:0', requires_grad=True)
Parameter containing:
tensor(-2.6671, device='cuda:0', requires_grad=True)
Parameter containing:
tensor(-2.6665, device='cuda:0', requires_grad=True)
Parameter containing:
tensor(-2.6659, device='cuda:0', requires_grad=True)
Parameter containing:
tensor(-2.6653, device='cuda:0', requires_grad=True)
Parameter containing:
tensor(-2.6647, device='cuda:0', requires_grad=True)
Parameter containing:
tensor(-2.6642, device='cuda:0', requires_grad=True)
Parameter containing:
tensor(-2.6636, device='cuda:0', requires_grad=True)
Parameter containing:
tensor(-2.6630, device='cuda:0', requires_grad=True)
Parameter containing:
tensor(-2.6625, device='cuda:0', requires_grad=True)
Parameter containing:
tensor(-2.6619, device='cuda:0', requires_grad=True)
Parameter containing:
tensor(-2.6613, device='cuda:0', requires_grad=True)
Parameter containing:
tensor(-2.6607, device='cuda:0', requires_grad=True)
Parameter containing:
tensor(-2.6602, device='cuda:0', requires_grad=True)
Parameter containing:
tensor(-2.6596, device='cuda:0', requires_grad=True)
Parameter containing:
tensor(-2.6590, device='cuda:0', requires_grad=True)
Parameter containing:
tensor(-2.6585, device='cuda:0', requires_grad=True)
Parameter containing:
tensor(-2.6579, device='cuda:0', requires_grad=True)
Parameter containing:
tensor(-2.6573, device='cuda:0', requires_grad=True)
Parameter containing:
tensor(-2.6568, device='cuda:0', requires_grad=True)
Parameter containing:
tensor(-2.6562, device='cuda:0', requires_grad=True)
Parameter containing:
tensor(-2.6556, device='cuda:0', requires_grad=True)
Parameter containing:
tensor(-2.6550, device='cuda:0', requires_grad=True)
Parameter containing:
tensor(-2.6545, device='cuda:0', requires_grad=True)
Parameter containing:
tensor(-2.6539, device='cuda:0', requires_grad=True)
Parameter containing:
tensor(-2.6534, device='cuda:0', requires_grad=True)
Parameter containing:
tensor(-2.6529, device='cuda:0', requires_grad=True)
Parameter containing:
tensor(-2.6523, device='cuda:0', requires_grad=True)
Parameter containing:
tensor(-2.6518, device='cuda:0', requires_grad=True)
Parameter containing:
tensor(-2.6512, device='cuda:0', requires_grad=True)
Parameter containing:
tensor(-2.6506, device='cuda:0', requires_grad=True)
Parameter containing:
tensor(-2.6501, device='cuda:0', requires_grad=True)
Parameter containing:
tensor(-2.6496, device='cuda:0', requires_grad=True)
Parameter containing:
tensor(-2.6490, device='cuda:0', requires_grad=True)
Parameter containing:
tensor(-2.6485, device='cuda:0', requires_grad=True)
Parameter containing:
tensor(-2.6479, device='cuda:0', requires_grad=True)
Parameter containing:
tensor(-2.6474, device='cuda:0', requires_grad=True)
Parameter containing:
tensor(-2.6469, device='cuda:0', requires_grad=True)
Parameter containing:
tensor(-2.6463, device='cuda:0', requires_grad=True)
Parameter containing:
tensor(-2.6458, device='cuda:0', requires_grad=True)
Parameter containing:
tensor(-2.6453, device='cuda:0', requires_grad=True)
Parameter containing:
tensor(-2.6447, device='cuda:0', requires_grad=True)
Parameter containing:
tensor(-2.6442, device='cuda:0', requires_grad=True)
Parameter containing:
tensor(-2.6437, device='cuda:0', requires_grad=True)
Parameter containing:
tensor(-2.6432, device='cuda:0', requires_grad=True)
Parameter containing:
tensor(-2.6426, device='cuda:0', requires_grad=True)
Parameter containing:
tensor(-2.6421, device='cuda:0', requires_grad=True)
Parameter containing:
tensor(-2.6415, device='cuda:0', requires_grad=True)
Parameter containing:
tensor(-2.6410, device='cuda:0', requires_grad=True)
Parameter containing:
tensor(-2.6405, device='cuda:0', requires_grad=True)
Parameter containing:
tensor(-2.6399, device='cuda:0', requires_grad=True)
Parameter containing:
tensor(-2.6394, device='cuda:0', requires_grad=True)
Parameter containing:
tensor(-2.6389, device='cuda:0', requires_grad=True)
Parameter containing:
tensor(-2.6384, device='cuda:0', requires_grad=True)
Parameter containing:
tensor(-2.6379, device='cuda:0', requires_grad=True)
Parameter containing:
tensor(-2.6374, device='cuda:0', requires_grad=True)


PS:

Read file <14836103.stderr> for stderr output of this job.

