Sender: LSF System <lsfadmin@ls04>
Subject: Job 14805191: <_gp_Adam_SGConv_1e-4> in cluster <lila> Done

Job <_gp_Adam_SGConv_1e-4> was submitted from host <lx12> by user <wangy1> in cluster <lila> at Mon Jun  8 14:49:02 2020
Job was executed on host(s) <12*ls04>, in queue <gpuqueue>, as user <wangy1> in cluster <lila> at Mon Jun  8 14:49:02 2020
</home/wangy1> was used as the home directory.
</data/chodera/wangyq/pinot/scripts/gp_comparison> was used as the working directory.
Started at Mon Jun  8 14:49:02 2020
Terminated at Mon Jun  8 14:49:54 2020
Results reported at Mon Jun  8 14:49:54 2020

Your job looked like:

------------------------------------------------------------
# LSBATCH: User input
python ../../pinot/app/gp_train.py --layer SGConv --optimizer Adam --lr 1e-4 --out _gp_Adam_SGConv_1e-4 --n_epochs 100
------------------------------------------------------------

Successfully completed.

Resource usage summary:

    CPU time :                                   144.92 sec.
    Max Memory :                                 2 GB
    Average Memory :                             1.81 GB
    Total Requested Memory :                     48.00 GB
    Delta Memory :                               46.00 GB
    Max Swap :                                   -
    Max Processes :                              3
    Max Threads :                                20
    Run time :                                   53 sec.
    Turnaround time :                            52 sec.

The output (if any) follows:

Parameter containing:
tensor(1., device='cuda:0', requires_grad=True)
Parameter containing:
tensor(0.9999, device='cuda:0', requires_grad=True)
Parameter containing:
tensor(0.9998, device='cuda:0', requires_grad=True)
Parameter containing:
tensor(0.9997, device='cuda:0', requires_grad=True)
Parameter containing:
tensor(0.9996, device='cuda:0', requires_grad=True)
Parameter containing:
tensor(0.9995, device='cuda:0', requires_grad=True)
Parameter containing:
tensor(0.9994, device='cuda:0', requires_grad=True)
Parameter containing:
tensor(0.9993, device='cuda:0', requires_grad=True)
Parameter containing:
tensor(0.9992, device='cuda:0', requires_grad=True)
Parameter containing:
tensor(0.9991, device='cuda:0', requires_grad=True)
Parameter containing:
tensor(0.9990, device='cuda:0', requires_grad=True)
Parameter containing:
tensor(0.9989, device='cuda:0', requires_grad=True)
Parameter containing:
tensor(0.9988, device='cuda:0', requires_grad=True)
Parameter containing:
tensor(0.9987, device='cuda:0', requires_grad=True)
Parameter containing:
tensor(0.9986, device='cuda:0', requires_grad=True)
Parameter containing:
tensor(0.9985, device='cuda:0', requires_grad=True)
Parameter containing:
tensor(0.9984, device='cuda:0', requires_grad=True)
Parameter containing:
tensor(0.9983, device='cuda:0', requires_grad=True)
Parameter containing:
tensor(0.9982, device='cuda:0', requires_grad=True)
Parameter containing:
tensor(0.9981, device='cuda:0', requires_grad=True)
Parameter containing:
tensor(0.9980, device='cuda:0', requires_grad=True)
Parameter containing:
tensor(0.9979, device='cuda:0', requires_grad=True)
Parameter containing:
tensor(0.9978, device='cuda:0', requires_grad=True)
Parameter containing:
tensor(0.9977, device='cuda:0', requires_grad=True)
Parameter containing:
tensor(0.9976, device='cuda:0', requires_grad=True)
Parameter containing:
tensor(0.9975, device='cuda:0', requires_grad=True)
Parameter containing:
tensor(0.9974, device='cuda:0', requires_grad=True)
Parameter containing:
tensor(0.9973, device='cuda:0', requires_grad=True)
Parameter containing:
tensor(0.9972, device='cuda:0', requires_grad=True)
Parameter containing:
tensor(0.9971, device='cuda:0', requires_grad=True)
Parameter containing:
tensor(0.9970, device='cuda:0', requires_grad=True)
Parameter containing:
tensor(0.9969, device='cuda:0', requires_grad=True)
Parameter containing:
tensor(0.9968, device='cuda:0', requires_grad=True)
Parameter containing:
tensor(0.9967, device='cuda:0', requires_grad=True)
Parameter containing:
tensor(0.9966, device='cuda:0', requires_grad=True)
Parameter containing:
tensor(0.9964, device='cuda:0', requires_grad=True)
Parameter containing:
tensor(0.9963, device='cuda:0', requires_grad=True)
Parameter containing:
tensor(0.9962, device='cuda:0', requires_grad=True)
Parameter containing:
tensor(0.9961, device='cuda:0', requires_grad=True)
Parameter containing:
tensor(0.9960, device='cuda:0', requires_grad=True)
Parameter containing:
tensor(0.9959, device='cuda:0', requires_grad=True)
Parameter containing:
tensor(0.9958, device='cuda:0', requires_grad=True)
Parameter containing:
tensor(0.9957, device='cuda:0', requires_grad=True)
Parameter containing:
tensor(0.9956, device='cuda:0', requires_grad=True)
Parameter containing:
tensor(0.9955, device='cuda:0', requires_grad=True)
Parameter containing:
tensor(0.9954, device='cuda:0', requires_grad=True)
Parameter containing:
tensor(0.9953, device='cuda:0', requires_grad=True)
Parameter containing:
tensor(0.9952, device='cuda:0', requires_grad=True)
Parameter containing:
tensor(0.9951, device='cuda:0', requires_grad=True)
Parameter containing:
tensor(0.9950, device='cuda:0', requires_grad=True)
Parameter containing:
tensor(0.9948, device='cuda:0', requires_grad=True)
Parameter containing:
tensor(0.9947, device='cuda:0', requires_grad=True)
Parameter containing:
tensor(0.9946, device='cuda:0', requires_grad=True)
Parameter containing:
tensor(0.9945, device='cuda:0', requires_grad=True)
Parameter containing:
tensor(0.9944, device='cuda:0', requires_grad=True)
Parameter containing:
tensor(0.9943, device='cuda:0', requires_grad=True)
Parameter containing:
tensor(0.9942, device='cuda:0', requires_grad=True)
Parameter containing:
tensor(0.9941, device='cuda:0', requires_grad=True)
Parameter containing:
tensor(0.9940, device='cuda:0', requires_grad=True)
Parameter containing:
tensor(0.9939, device='cuda:0', requires_grad=True)
Parameter containing:
tensor(0.9937, device='cuda:0', requires_grad=True)
Parameter containing:
tensor(0.9936, device='cuda:0', requires_grad=True)
Parameter containing:
tensor(0.9935, device='cuda:0', requires_grad=True)
Parameter containing:
tensor(0.9934, device='cuda:0', requires_grad=True)
Parameter containing:
tensor(0.9933, device='cuda:0', requires_grad=True)
Parameter containing:
tensor(0.9932, device='cuda:0', requires_grad=True)
Parameter containing:
tensor(0.9931, device='cuda:0', requires_grad=True)
Parameter containing:
tensor(0.9930, device='cuda:0', requires_grad=True)
Parameter containing:
tensor(0.9929, device='cuda:0', requires_grad=True)
Parameter containing:
tensor(0.9927, device='cuda:0', requires_grad=True)
Parameter containing:
tensor(0.9926, device='cuda:0', requires_grad=True)
Parameter containing:
tensor(0.9925, device='cuda:0', requires_grad=True)
Parameter containing:
tensor(0.9924, device='cuda:0', requires_grad=True)
Parameter containing:
tensor(0.9923, device='cuda:0', requires_grad=True)
Parameter containing:
tensor(0.9922, device='cuda:0', requires_grad=True)
Parameter containing:
tensor(0.9921, device='cuda:0', requires_grad=True)
Parameter containing:
tensor(0.9919, device='cuda:0', requires_grad=True)
Parameter containing:
tensor(0.9918, device='cuda:0', requires_grad=True)
Parameter containing:
tensor(0.9917, device='cuda:0', requires_grad=True)
Parameter containing:
tensor(0.9916, device='cuda:0', requires_grad=True)
Parameter containing:
tensor(0.9915, device='cuda:0', requires_grad=True)
Parameter containing:
tensor(0.9914, device='cuda:0', requires_grad=True)
Parameter containing:
tensor(0.9913, device='cuda:0', requires_grad=True)
Parameter containing:
tensor(0.9912, device='cuda:0', requires_grad=True)
Parameter containing:
tensor(0.9910, device='cuda:0', requires_grad=True)
Parameter containing:
tensor(0.9909, device='cuda:0', requires_grad=True)
Parameter containing:
tensor(0.9908, device='cuda:0', requires_grad=True)
Parameter containing:
tensor(0.9907, device='cuda:0', requires_grad=True)
Parameter containing:
tensor(0.9906, device='cuda:0', requires_grad=True)
Parameter containing:
tensor(0.9905, device='cuda:0', requires_grad=True)
Parameter containing:
tensor(0.9903, device='cuda:0', requires_grad=True)
Parameter containing:
tensor(0.9902, device='cuda:0', requires_grad=True)
Parameter containing:
tensor(0.9901, device='cuda:0', requires_grad=True)
Parameter containing:
tensor(0.9900, device='cuda:0', requires_grad=True)
Parameter containing:
tensor(0.9899, device='cuda:0', requires_grad=True)
Parameter containing:
tensor(0.9898, device='cuda:0', requires_grad=True)
Parameter containing:
tensor(0.9897, device='cuda:0', requires_grad=True)
Parameter containing:
tensor(0.9895, device='cuda:0', requires_grad=True)
Parameter containing:
tensor(0.9894, device='cuda:0', requires_grad=True)
Parameter containing:
tensor(0.9893, device='cuda:0', requires_grad=True)


PS:

Read file <14805191.stderr> for stderr output of this job.

