Sender: LSF System <lsfadmin@lt17>
Subject: Job 14836076: <_gp_51> in cluster <lila> Done

Job <_gp_51> was submitted from host <ls14> by user <wangy1> in cluster <lila> at Thu Jun 11 19:30:07 2020
Job was executed on host(s) <12*lt17>, in queue <gpuqueue>, as user <wangy1> in cluster <lila> at Thu Jun 11 19:30:07 2020
</home/wangy1> was used as the home directory.
</data/chodera/wangyq/pinot/scripts/gp_split> was used as the working directory.
Started at Thu Jun 11 19:30:07 2020
Terminated at Thu Jun 11 19:32:56 2020
Results reported at Thu Jun 11 19:32:56 2020

Your job looked like:

------------------------------------------------------------
# LSBATCH: User input
python ../../pinot/app/gp_train.py --layer GraphConv --out _gp_51 --n_epochs 500 --lr 1e-3 --config 32 tanh 32 tanh 32 tanh --lr 1e-3 --partition 51:49
------------------------------------------------------------

Successfully completed.

Resource usage summary:

    CPU time :                                   527.62 sec.
    Max Memory :                                 2 GB
    Average Memory :                             1.80 GB
    Total Requested Memory :                     48.00 GB
    Delta Memory :                               46.00 GB
    Max Swap :                                   -
    Max Processes :                              3
    Max Threads :                                20
    Run time :                                   168 sec.
    Turnaround time :                            169 sec.

The output (if any) follows:

Parameter containing:
tensor(-3., device='cuda:0', requires_grad=True)
Parameter containing:
tensor(-2.9990, device='cuda:0', requires_grad=True)
Parameter containing:
tensor(-2.9980, device='cuda:0', requires_grad=True)
Parameter containing:
tensor(-2.9970, device='cuda:0', requires_grad=True)
Parameter containing:
tensor(-2.9961, device='cuda:0', requires_grad=True)
Parameter containing:
tensor(-2.9951, device='cuda:0', requires_grad=True)
Parameter containing:
tensor(-2.9942, device='cuda:0', requires_grad=True)
Parameter containing:
tensor(-2.9932, device='cuda:0', requires_grad=True)
Parameter containing:
tensor(-2.9923, device='cuda:0', requires_grad=True)
Parameter containing:
tensor(-2.9913, device='cuda:0', requires_grad=True)
Parameter containing:
tensor(-2.9904, device='cuda:0', requires_grad=True)
Parameter containing:
tensor(-2.9895, device='cuda:0', requires_grad=True)
Parameter containing:
tensor(-2.9885, device='cuda:0', requires_grad=True)
Parameter containing:
tensor(-2.9876, device='cuda:0', requires_grad=True)
Parameter containing:
tensor(-2.9867, device='cuda:0', requires_grad=True)
Parameter containing:
tensor(-2.9857, device='cuda:0', requires_grad=True)
Parameter containing:
tensor(-2.9848, device='cuda:0', requires_grad=True)
Parameter containing:
tensor(-2.9839, device='cuda:0', requires_grad=True)
Parameter containing:
tensor(-2.9829, device='cuda:0', requires_grad=True)
Parameter containing:
tensor(-2.9820, device='cuda:0', requires_grad=True)
Parameter containing:
tensor(-2.9811, device='cuda:0', requires_grad=True)
Parameter containing:
tensor(-2.9801, device='cuda:0', requires_grad=True)
Parameter containing:
tensor(-2.9792, device='cuda:0', requires_grad=True)
Parameter containing:
tensor(-2.9782, device='cuda:0', requires_grad=True)
Parameter containing:
tensor(-2.9773, device='cuda:0', requires_grad=True)
Parameter containing:
tensor(-2.9763, device='cuda:0', requires_grad=True)
Parameter containing:
tensor(-2.9754, device='cuda:0', requires_grad=True)
Parameter containing:
tensor(-2.9744, device='cuda:0', requires_grad=True)
Parameter containing:
tensor(-2.9735, device='cuda:0', requires_grad=True)
Parameter containing:
tensor(-2.9726, device='cuda:0', requires_grad=True)
Parameter containing:
tensor(-2.9716, device='cuda:0', requires_grad=True)
Parameter containing:
tensor(-2.9707, device='cuda:0', requires_grad=True)
Parameter containing:
tensor(-2.9698, device='cuda:0', requires_grad=True)
Parameter containing:
tensor(-2.9689, device='cuda:0', requires_grad=True)
Parameter containing:
tensor(-2.9680, device='cuda:0', requires_grad=True)
Parameter containing:
tensor(-2.9670, device='cuda:0', requires_grad=True)
Parameter containing:
tensor(-2.9661, device='cuda:0', requires_grad=True)
Parameter containing:
tensor(-2.9652, device='cuda:0', requires_grad=True)
Parameter containing:
tensor(-2.9643, device='cuda:0', requires_grad=True)
Parameter containing:
tensor(-2.9634, device='cuda:0', requires_grad=True)
Parameter containing:
tensor(-2.9625, device='cuda:0', requires_grad=True)
Parameter containing:
tensor(-2.9616, device='cuda:0', requires_grad=True)
Parameter containing:
tensor(-2.9607, device='cuda:0', requires_grad=True)
Parameter containing:
tensor(-2.9598, device='cuda:0', requires_grad=True)
Parameter containing:
tensor(-2.9589, device='cuda:0', requires_grad=True)
Parameter containing:
tensor(-2.9580, device='cuda:0', requires_grad=True)
Parameter containing:
tensor(-2.9571, device='cuda:0', requires_grad=True)
Parameter containing:
tensor(-2.9562, device='cuda:0', requires_grad=True)
Parameter containing:
tensor(-2.9553, device='cuda:0', requires_grad=True)
Parameter containing:
tensor(-2.9544, device='cuda:0', requires_grad=True)
Parameter containing:
tensor(-2.9535, device='cuda:0', requires_grad=True)
Parameter containing:
tensor(-2.9526, device='cuda:0', requires_grad=True)
Parameter containing:
tensor(-2.9517, device='cuda:0', requires_grad=True)
Parameter containing:
tensor(-2.9508, device='cuda:0', requires_grad=True)
Parameter containing:
tensor(-2.9499, device='cuda:0', requires_grad=True)
Parameter containing:
tensor(-2.9491, device='cuda:0', requires_grad=True)
Parameter containing:
tensor(-2.9482, device='cuda:0', requires_grad=True)
Parameter containing:
tensor(-2.9473, device='cuda:0', requires_grad=True)
Parameter containing:
tensor(-2.9465, device='cuda:0', requires_grad=True)
Parameter containing:
tensor(-2.9456, device='cuda:0', requires_grad=True)
Parameter containing:
tensor(-2.9447, device='cuda:0', requires_grad=True)
Parameter containing:
tensor(-2.9439, device='cuda:0', requires_grad=True)
Parameter containing:
tensor(-2.9430, device='cuda:0', requires_grad=True)
Parameter containing:
tensor(-2.9422, device='cuda:0', requires_grad=True)
Parameter containing:
tensor(-2.9413, device='cuda:0', requires_grad=True)
Parameter containing:
tensor(-2.9404, device='cuda:0', requires_grad=True)
Parameter containing:
tensor(-2.9396, device='cuda:0', requires_grad=True)
Parameter containing:
tensor(-2.9388, device='cuda:0', requires_grad=True)
Parameter containing:
tensor(-2.9379, device='cuda:0', requires_grad=True)
Parameter containing:
tensor(-2.9371, device='cuda:0', requires_grad=True)
Parameter containing:
tensor(-2.9362, device='cuda:0', requires_grad=True)
Parameter containing:
tensor(-2.9354, device='cuda:0', requires_grad=True)
Parameter containing:
tensor(-2.9345, device='cuda:0', requires_grad=True)
Parameter containing:
tensor(-2.9337, device='cuda:0', requires_grad=True)
Parameter containing:
tensor(-2.9329, device='cuda:0', requires_grad=True)
Parameter containing:
tensor(-2.9320, device='cuda:0', requires_grad=True)
Parameter containing:
tensor(-2.9312, device='cuda:0', requires_grad=True)
Parameter containing:
tensor(-2.9304, device='cuda:0', requires_grad=True)
Parameter containing:
tensor(-2.9296, device='cuda:0', requires_grad=True)
Parameter containing:
tensor(-2.9288, device='cuda:0', requires_grad=True)
Parameter containing:
tensor(-2.9279, device='cuda:0', requires_grad=True)
Parameter containing:
tensor(-2.9271, device='cuda:0', requires_grad=True)
Parameter containing:
tensor(-2.9263, device='cuda:0', requires_grad=True)
Parameter containing:
tensor(-2.9255, device='cuda:0', requires_grad=True)
Parameter containing:
tensor(-2.9246, device='cuda:0', requires_grad=True)
Parameter containing:
tensor(-2.9238, device='cuda:0', requires_grad=True)
Parameter containing:
tensor(-2.9230, device='cuda:0', requires_grad=True)
Parameter containing:
tensor(-2.9222, device='cuda:0', requires_grad=True)
Parameter containing:
tensor(-2.9214, device='cuda:0', requires_grad=True)
Parameter containing:
tensor(-2.9206, device='cuda:0', requires_grad=True)
Parameter containing:
tensor(-2.9197, device='cuda:0', requires_grad=True)
Parameter containing:
tensor(-2.9189, device='cuda:0', requires_grad=True)
Parameter containing:
tensor(-2.9181, device='cuda:0', requires_grad=True)
Parameter containing:
tensor(-2.9173, device='cuda:0', requires_grad=True)
Parameter containing:
tensor(-2.9165, device='cuda:0', requires_grad=True)
Parameter containing:
tensor(-2.9157, device='cuda:0', requires_grad=True)
Parameter containing:
tensor(-2.9149, device='cuda:0', requires_grad=True)
Parameter containing:
tensor(-2.9140, device='cuda:0', requires_grad=True)
Parameter containing:
tensor(-2.9132, device='cuda:0', requires_grad=True)
Parameter containing:
tensor(-2.9124, device='cuda:0', requires_grad=True)
Parameter containing:
tensor(-2.9116, device='cuda:0', requires_grad=True)
Parameter containing:
tensor(-2.9108, device='cuda:0', requires_grad=True)
Parameter containing:
tensor(-2.9100, device='cuda:0', requires_grad=True)
Parameter containing:
tensor(-2.9092, device='cuda:0', requires_grad=True)
Parameter containing:
tensor(-2.9084, device='cuda:0', requires_grad=True)
Parameter containing:
tensor(-2.9076, device='cuda:0', requires_grad=True)
Parameter containing:
tensor(-2.9068, device='cuda:0', requires_grad=True)
Parameter containing:
tensor(-2.9060, device='cuda:0', requires_grad=True)
Parameter containing:
tensor(-2.9052, device='cuda:0', requires_grad=True)
Parameter containing:
tensor(-2.9044, device='cuda:0', requires_grad=True)
Parameter containing:
tensor(-2.9036, device='cuda:0', requires_grad=True)
Parameter containing:
tensor(-2.9028, device='cuda:0', requires_grad=True)
Parameter containing:
tensor(-2.9021, device='cuda:0', requires_grad=True)
Parameter containing:
tensor(-2.9013, device='cuda:0', requires_grad=True)
Parameter containing:
tensor(-2.9005, device='cuda:0', requires_grad=True)
Parameter containing:
tensor(-2.8997, device='cuda:0', requires_grad=True)
Parameter containing:
tensor(-2.8989, device='cuda:0', requires_grad=True)
Parameter containing:
tensor(-2.8981, device='cuda:0', requires_grad=True)
Parameter containing:
tensor(-2.8973, device='cuda:0', requires_grad=True)
Parameter containing:
tensor(-2.8965, device='cuda:0', requires_grad=True)
Parameter containing:
tensor(-2.8957, device='cuda:0', requires_grad=True)
Parameter containing:
tensor(-2.8949, device='cuda:0', requires_grad=True)
Parameter containing:
tensor(-2.8941, device='cuda:0', requires_grad=True)
Parameter containing:
tensor(-2.8933, device='cuda:0', requires_grad=True)
Parameter containing:
tensor(-2.8925, device='cuda:0', requires_grad=True)
Parameter containing:
tensor(-2.8917, device='cuda:0', requires_grad=True)
Parameter containing:
tensor(-2.8909, device='cuda:0', requires_grad=True)
Parameter containing:
tensor(-2.8902, device='cuda:0', requires_grad=True)
Parameter containing:
tensor(-2.8894, device='cuda:0', requires_grad=True)
Parameter containing:
tensor(-2.8886, device='cuda:0', requires_grad=True)
Parameter containing:
tensor(-2.8878, device='cuda:0', requires_grad=True)
Parameter containing:
tensor(-2.8870, device='cuda:0', requires_grad=True)
Parameter containing:
tensor(-2.8862, device='cuda:0', requires_grad=True)
Parameter containing:
tensor(-2.8854, device='cuda:0', requires_grad=True)
Parameter containing:
tensor(-2.8846, device='cuda:0', requires_grad=True)
Parameter containing:
tensor(-2.8838, device='cuda:0', requires_grad=True)
Parameter containing:
tensor(-2.8831, device='cuda:0', requires_grad=True)
Parameter containing:
tensor(-2.8823, device='cuda:0', requires_grad=True)
Parameter containing:
tensor(-2.8815, device='cuda:0', requires_grad=True)
Parameter containing:
tensor(-2.8807, device='cuda:0', requires_grad=True)
Parameter containing:
tensor(-2.8799, device='cuda:0', requires_grad=True)
Parameter containing:
tensor(-2.8792, device='cuda:0', requires_grad=True)
Parameter containing:
tensor(-2.8784, device='cuda:0', requires_grad=True)
Parameter containing:
tensor(-2.8776, device='cuda:0', requires_grad=True)
Parameter containing:
tensor(-2.8768, device='cuda:0', requires_grad=True)
Parameter containing:
tensor(-2.8760, device='cuda:0', requires_grad=True)
Parameter containing:
tensor(-2.8753, device='cuda:0', requires_grad=True)
Parameter containing:
tensor(-2.8745, device='cuda:0', requires_grad=True)
Parameter containing:
tensor(-2.8737, device='cuda:0', requires_grad=True)
Parameter containing:
tensor(-2.8729, device='cuda:0', requires_grad=True)
Parameter containing:
tensor(-2.8721, device='cuda:0', requires_grad=True)
Parameter containing:
tensor(-2.8714, device='cuda:0', requires_grad=True)
Parameter containing:
tensor(-2.8706, device='cuda:0', requires_grad=True)
Parameter containing:
tensor(-2.8698, device='cuda:0', requires_grad=True)
Parameter containing:
tensor(-2.8690, device='cuda:0', requires_grad=True)
Parameter containing:
tensor(-2.8682, device='cuda:0', requires_grad=True)
Parameter containing:
tensor(-2.8675, device='cuda:0', requires_grad=True)
Parameter containing:
tensor(-2.8667, device='cuda:0', requires_grad=True)
Parameter containing:
tensor(-2.8659, device='cuda:0', requires_grad=True)
Parameter containing:
tensor(-2.8651, device='cuda:0', requires_grad=True)
Parameter containing:
tensor(-2.8644, device='cuda:0', requires_grad=True)
Parameter containing:
tensor(-2.8636, device='cuda:0', requires_grad=True)
Parameter containing:
tensor(-2.8628, device='cuda:0', requires_grad=True)
Parameter containing:
tensor(-2.8621, device='cuda:0', requires_grad=True)
Parameter containing:
tensor(-2.8613, device='cuda:0', requires_grad=True)
Parameter containing:
tensor(-2.8605, device='cuda:0', requires_grad=True)
Parameter containing:
tensor(-2.8597, device='cuda:0', requires_grad=True)
Parameter containing:
tensor(-2.8590, device='cuda:0', requires_grad=True)
Parameter containing:
tensor(-2.8582, device='cuda:0', requires_grad=True)
Parameter containing:
tensor(-2.8574, device='cuda:0', requires_grad=True)
Parameter containing:
tensor(-2.8567, device='cuda:0', requires_grad=True)
Parameter containing:
tensor(-2.8559, device='cuda:0', requires_grad=True)
Parameter containing:
tensor(-2.8551, device='cuda:0', requires_grad=True)
Parameter containing:
tensor(-2.8544, device='cuda:0', requires_grad=True)
Parameter containing:
tensor(-2.8536, device='cuda:0', requires_grad=True)
Parameter containing:
tensor(-2.8529, device='cuda:0', requires_grad=True)
Parameter containing:
tensor(-2.8521, device='cuda:0', requires_grad=True)
Parameter containing:
tensor(-2.8513, device='cuda:0', requires_grad=True)
Parameter containing:
tensor(-2.8506, device='cuda:0', requires_grad=True)
Parameter containing:
tensor(-2.8498, device='cuda:0', requires_grad=True)
Parameter containing:
tensor(-2.8491, device='cuda:0', requires_grad=True)
Parameter containing:
tensor(-2.8483, device='cuda:0', requires_grad=True)
Parameter containing:
tensor(-2.8476, device='cuda:0', requires_grad=True)
Parameter containing:
tensor(-2.8468, device='cuda:0', requires_grad=True)
Parameter containing:
tensor(-2.8461, device='cuda:0', requires_grad=True)
Parameter containing:
tensor(-2.8453, device='cuda:0', requires_grad=True)
Parameter containing:
tensor(-2.8446, device='cuda:0', requires_grad=True)
Parameter containing:
tensor(-2.8438, device='cuda:0', requires_grad=True)
Parameter containing:
tensor(-2.8431, device='cuda:0', requires_grad=True)
Parameter containing:
tensor(-2.8423, device='cuda:0', requires_grad=True)
Parameter containing:
tensor(-2.8416, device='cuda:0', requires_grad=True)
Parameter containing:
tensor(-2.8409, device='cuda:0', requires_grad=True)
Parameter containing:
tensor(-2.8401, device='cuda:0', requires_grad=True)
Parameter containing:
tensor(-2.8394, device='cuda:0', requires_grad=True)
Parameter containing:
tensor(-2.8386, device='cuda:0', requires_grad=True)
Parameter containing:
tensor(-2.8379, device='cuda:0', requires_grad=True)
Parameter containing:
tensor(-2.8372, device='cuda:0', requires_grad=True)
Parameter containing:
tensor(-2.8364, device='cuda:0', requires_grad=True)
Parameter containing:
tensor(-2.8357, device='cuda:0', requires_grad=True)
Parameter containing:
tensor(-2.8349, device='cuda:0', requires_grad=True)
Parameter containing:
tensor(-2.8342, device='cuda:0', requires_grad=True)
Parameter containing:
tensor(-2.8335, device='cuda:0', requires_grad=True)
Parameter containing:
tensor(-2.8327, device='cuda:0', requires_grad=True)
Parameter containing:
tensor(-2.8320, device='cuda:0', requires_grad=True)
Parameter containing:
tensor(-2.8313, device='cuda:0', requires_grad=True)
Parameter containing:
tensor(-2.8305, device='cuda:0', requires_grad=True)
Parameter containing:
tensor(-2.8298, device='cuda:0', requires_grad=True)
Parameter containing:
tensor(-2.8290, device='cuda:0', requires_grad=True)
Parameter containing:
tensor(-2.8283, device='cuda:0', requires_grad=True)
Parameter containing:
tensor(-2.8276, device='cuda:0', requires_grad=True)
Parameter containing:
tensor(-2.8268, device='cuda:0', requires_grad=True)
Parameter containing:
tensor(-2.8261, device='cuda:0', requires_grad=True)
Parameter containing:
tensor(-2.8254, device='cuda:0', requires_grad=True)
Parameter containing:
tensor(-2.8247, device='cuda:0', requires_grad=True)
Parameter containing:
tensor(-2.8240, device='cuda:0', requires_grad=True)
Parameter containing:
tensor(-2.8233, device='cuda:0', requires_grad=True)
Parameter containing:
tensor(-2.8225, device='cuda:0', requires_grad=True)
Parameter containing:
tensor(-2.8218, device='cuda:0', requires_grad=True)
Parameter containing:
tensor(-2.8211, device='cuda:0', requires_grad=True)
Parameter containing:
tensor(-2.8204, device='cuda:0', requires_grad=True)
Parameter containing:
tensor(-2.8197, device='cuda:0', requires_grad=True)
Parameter containing:
tensor(-2.8190, device='cuda:0', requires_grad=True)
Parameter containing:
tensor(-2.8183, device='cuda:0', requires_grad=True)
Parameter containing:
tensor(-2.8176, device='cuda:0', requires_grad=True)
Parameter containing:
tensor(-2.8169, device='cuda:0', requires_grad=True)
Parameter containing:
tensor(-2.8161, device='cuda:0', requires_grad=True)
Parameter containing:
tensor(-2.8154, device='cuda:0', requires_grad=True)
Parameter containing:
tensor(-2.8147, device='cuda:0', requires_grad=True)
Parameter containing:
tensor(-2.8140, device='cuda:0', requires_grad=True)
Parameter containing:
tensor(-2.8133, device='cuda:0', requires_grad=True)
Parameter containing:
tensor(-2.8126, device='cuda:0', requires_grad=True)
Parameter containing:
tensor(-2.8119, device='cuda:0', requires_grad=True)
Parameter containing:
tensor(-2.8113, device='cuda:0', requires_grad=True)
Parameter containing:
tensor(-2.8106, device='cuda:0', requires_grad=True)
Parameter containing:
tensor(-2.8099, device='cuda:0', requires_grad=True)
Parameter containing:
tensor(-2.8092, device='cuda:0', requires_grad=True)
Parameter containing:
tensor(-2.8085, device='cuda:0', requires_grad=True)
Parameter containing:
tensor(-2.8078, device='cuda:0', requires_grad=True)
Parameter containing:
tensor(-2.8071, device='cuda:0', requires_grad=True)
Parameter containing:
tensor(-2.8064, device='cuda:0', requires_grad=True)
Parameter containing:
tensor(-2.8057, device='cuda:0', requires_grad=True)
Parameter containing:
tensor(-2.8051, device='cuda:0', requires_grad=True)
Parameter containing:
tensor(-2.8044, device='cuda:0', requires_grad=True)
Parameter containing:
tensor(-2.8037, device='cuda:0', requires_grad=True)
Parameter containing:
tensor(-2.8030, device='cuda:0', requires_grad=True)
Parameter containing:
tensor(-2.8024, device='cuda:0', requires_grad=True)
Parameter containing:
tensor(-2.8017, device='cuda:0', requires_grad=True)
Parameter containing:
tensor(-2.8010, device='cuda:0', requires_grad=True)
Parameter containing:
tensor(-2.8003, device='cuda:0', requires_grad=True)
Parameter containing:
tensor(-2.7997, device='cuda:0', requires_grad=True)
Parameter containing:
tensor(-2.7990, device='cuda:0', requires_grad=True)
Parameter containing:
tensor(-2.7983, device='cuda:0', requires_grad=True)
Parameter containing:
tensor(-2.7977, device='cuda:0', requires_grad=True)
Parameter containing:
tensor(-2.7970, device='cuda:0', requires_grad=True)
Parameter containing:
tensor(-2.7963, device='cuda:0', requires_grad=True)
Parameter containing:
tensor(-2.7956, device='cuda:0', requires_grad=True)
Parameter containing:
tensor(-2.7949, device='cuda:0', requires_grad=True)
Parameter containing:
tensor(-2.7943, device='cuda:0', requires_grad=True)
Parameter containing:
tensor(-2.7936, device='cuda:0', requires_grad=True)
Parameter containing:
tensor(-2.7929, device='cuda:0', requires_grad=True)
Parameter containing:
tensor(-2.7923, device='cuda:0', requires_grad=True)
Parameter containing:
tensor(-2.7916, device='cuda:0', requires_grad=True)
Parameter containing:
tensor(-2.7909, device='cuda:0', requires_grad=True)
Parameter containing:
tensor(-2.7903, device='cuda:0', requires_grad=True)
Parameter containing:
tensor(-2.7896, device='cuda:0', requires_grad=True)
Parameter containing:
tensor(-2.7890, device='cuda:0', requires_grad=True)
Parameter containing:
tensor(-2.7883, device='cuda:0', requires_grad=True)
Parameter containing:
tensor(-2.7877, device='cuda:0', requires_grad=True)
Parameter containing:
tensor(-2.7870, device='cuda:0', requires_grad=True)
Parameter containing:
tensor(-2.7864, device='cuda:0', requires_grad=True)
Parameter containing:
tensor(-2.7857, device='cuda:0', requires_grad=True)
Parameter containing:
tensor(-2.7851, device='cuda:0', requires_grad=True)
Parameter containing:
tensor(-2.7844, device='cuda:0', requires_grad=True)
Parameter containing:
tensor(-2.7838, device='cuda:0', requires_grad=True)
Parameter containing:
tensor(-2.7831, device='cuda:0', requires_grad=True)
Parameter containing:
tensor(-2.7825, device='cuda:0', requires_grad=True)
Parameter containing:
tensor(-2.7819, device='cuda:0', requires_grad=True)
Parameter containing:
tensor(-2.7812, device='cuda:0', requires_grad=True)
Parameter containing:
tensor(-2.7806, device='cuda:0', requires_grad=True)
Parameter containing:
tensor(-2.7800, device='cuda:0', requires_grad=True)
Parameter containing:
tensor(-2.7793, device='cuda:0', requires_grad=True)
Parameter containing:
tensor(-2.7787, device='cuda:0', requires_grad=True)
Parameter containing:
tensor(-2.7781, device='cuda:0', requires_grad=True)
Parameter containing:
tensor(-2.7774, device='cuda:0', requires_grad=True)
Parameter containing:
tensor(-2.7768, device='cuda:0', requires_grad=True)
Parameter containing:
tensor(-2.7762, device='cuda:0', requires_grad=True)
Parameter containing:
tensor(-2.7756, device='cuda:0', requires_grad=True)
Parameter containing:
tensor(-2.7749, device='cuda:0', requires_grad=True)
Parameter containing:
tensor(-2.7743, device='cuda:0', requires_grad=True)
Parameter containing:
tensor(-2.7737, device='cuda:0', requires_grad=True)
Parameter containing:
tensor(-2.7731, device='cuda:0', requires_grad=True)
Parameter containing:
tensor(-2.7725, device='cuda:0', requires_grad=True)
Parameter containing:
tensor(-2.7719, device='cuda:0', requires_grad=True)
Parameter containing:
tensor(-2.7712, device='cuda:0', requires_grad=True)
Parameter containing:
tensor(-2.7706, device='cuda:0', requires_grad=True)
Parameter containing:
tensor(-2.7699, device='cuda:0', requires_grad=True)
Parameter containing:
tensor(-2.7693, device='cuda:0', requires_grad=True)
Parameter containing:
tensor(-2.7687, device='cuda:0', requires_grad=True)
Parameter containing:
tensor(-2.7681, device='cuda:0', requires_grad=True)
Parameter containing:
tensor(-2.7675, device='cuda:0', requires_grad=True)
Parameter containing:
tensor(-2.7669, device='cuda:0', requires_grad=True)
Parameter containing:
tensor(-2.7663, device='cuda:0', requires_grad=True)
Parameter containing:
tensor(-2.7657, device='cuda:0', requires_grad=True)
Parameter containing:
tensor(-2.7651, device='cuda:0', requires_grad=True)
Parameter containing:
tensor(-2.7645, device='cuda:0', requires_grad=True)
Parameter containing:
tensor(-2.7640, device='cuda:0', requires_grad=True)
Parameter containing:
tensor(-2.7634, device='cuda:0', requires_grad=True)
Parameter containing:
tensor(-2.7628, device='cuda:0', requires_grad=True)
Parameter containing:
tensor(-2.7623, device='cuda:0', requires_grad=True)
Parameter containing:
tensor(-2.7617, device='cuda:0', requires_grad=True)
Parameter containing:
tensor(-2.7611, device='cuda:0', requires_grad=True)
Parameter containing:
tensor(-2.7605, device='cuda:0', requires_grad=True)
Parameter containing:
tensor(-2.7600, device='cuda:0', requires_grad=True)
Parameter containing:
tensor(-2.7594, device='cuda:0', requires_grad=True)
Parameter containing:
tensor(-2.7588, device='cuda:0', requires_grad=True)
Parameter containing:
tensor(-2.7582, device='cuda:0', requires_grad=True)
Parameter containing:
tensor(-2.7576, device='cuda:0', requires_grad=True)
Parameter containing:
tensor(-2.7570, device='cuda:0', requires_grad=True)
Parameter containing:
tensor(-2.7565, device='cuda:0', requires_grad=True)
Parameter containing:
tensor(-2.7559, device='cuda:0', requires_grad=True)
Parameter containing:
tensor(-2.7553, device='cuda:0', requires_grad=True)
Parameter containing:
tensor(-2.7548, device='cuda:0', requires_grad=True)
Parameter containing:
tensor(-2.7542, device='cuda:0', requires_grad=True)
Parameter containing:
tensor(-2.7536, device='cuda:0', requires_grad=True)
Parameter containing:
tensor(-2.7531, device='cuda:0', requires_grad=True)
Parameter containing:
tensor(-2.7525, device='cuda:0', requires_grad=True)
Parameter containing:
tensor(-2.7519, device='cuda:0', requires_grad=True)
Parameter containing:
tensor(-2.7513, device='cuda:0', requires_grad=True)
Parameter containing:
tensor(-2.7508, device='cuda:0', requires_grad=True)
Parameter containing:
tensor(-2.7502, device='cuda:0', requires_grad=True)
Parameter containing:
tensor(-2.7496, device='cuda:0', requires_grad=True)
Parameter containing:
tensor(-2.7490, device='cuda:0', requires_grad=True)
Parameter containing:
tensor(-2.7485, device='cuda:0', requires_grad=True)
Parameter containing:
tensor(-2.7479, device='cuda:0', requires_grad=True)
Parameter containing:
tensor(-2.7473, device='cuda:0', requires_grad=True)
Parameter containing:
tensor(-2.7467, device='cuda:0', requires_grad=True)
Parameter containing:
tensor(-2.7462, device='cuda:0', requires_grad=True)
Parameter containing:
tensor(-2.7456, device='cuda:0', requires_grad=True)
Parameter containing:
tensor(-2.7450, device='cuda:0', requires_grad=True)
Parameter containing:
tensor(-2.7445, device='cuda:0', requires_grad=True)
Parameter containing:
tensor(-2.7439, device='cuda:0', requires_grad=True)
Parameter containing:
tensor(-2.7433, device='cuda:0', requires_grad=True)
Parameter containing:
tensor(-2.7427, device='cuda:0', requires_grad=True)
Parameter containing:
tensor(-2.7422, device='cuda:0', requires_grad=True)
Parameter containing:
tensor(-2.7416, device='cuda:0', requires_grad=True)
Parameter containing:
tensor(-2.7410, device='cuda:0', requires_grad=True)
Parameter containing:
tensor(-2.7405, device='cuda:0', requires_grad=True)
Parameter containing:
tensor(-2.7399, device='cuda:0', requires_grad=True)
Parameter containing:
tensor(-2.7394, device='cuda:0', requires_grad=True)
Parameter containing:
tensor(-2.7388, device='cuda:0', requires_grad=True)
Parameter containing:
tensor(-2.7383, device='cuda:0', requires_grad=True)
Parameter containing:
tensor(-2.7378, device='cuda:0', requires_grad=True)
Parameter containing:
tensor(-2.7372, device='cuda:0', requires_grad=True)
Parameter containing:
tensor(-2.7367, device='cuda:0', requires_grad=True)
Parameter containing:
tensor(-2.7361, device='cuda:0', requires_grad=True)
Parameter containing:
tensor(-2.7356, device='cuda:0', requires_grad=True)
Parameter containing:
tensor(-2.7350, device='cuda:0', requires_grad=True)
Parameter containing:
tensor(-2.7345, device='cuda:0', requires_grad=True)
Parameter containing:
tensor(-2.7339, device='cuda:0', requires_grad=True)
Parameter containing:
tensor(-2.7333, device='cuda:0', requires_grad=True)
Parameter containing:
tensor(-2.7327, device='cuda:0', requires_grad=True)
Parameter containing:
tensor(-2.7322, device='cuda:0', requires_grad=True)
Parameter containing:
tensor(-2.7316, device='cuda:0', requires_grad=True)
Parameter containing:
tensor(-2.7311, device='cuda:0', requires_grad=True)
Parameter containing:
tensor(-2.7305, device='cuda:0', requires_grad=True)
Parameter containing:
tensor(-2.7300, device='cuda:0', requires_grad=True)
Parameter containing:
tensor(-2.7294, device='cuda:0', requires_grad=True)
Parameter containing:
tensor(-2.7289, device='cuda:0', requires_grad=True)
Parameter containing:
tensor(-2.7284, device='cuda:0', requires_grad=True)
Parameter containing:
tensor(-2.7278, device='cuda:0', requires_grad=True)
Parameter containing:
tensor(-2.7273, device='cuda:0', requires_grad=True)
Parameter containing:
tensor(-2.7267, device='cuda:0', requires_grad=True)
Parameter containing:
tensor(-2.7262, device='cuda:0', requires_grad=True)
Parameter containing:
tensor(-2.7256, device='cuda:0', requires_grad=True)
Parameter containing:
tensor(-2.7251, device='cuda:0', requires_grad=True)
Parameter containing:
tensor(-2.7245, device='cuda:0', requires_grad=True)
Parameter containing:
tensor(-2.7240, device='cuda:0', requires_grad=True)
Parameter containing:
tensor(-2.7234, device='cuda:0', requires_grad=True)
Parameter containing:
tensor(-2.7229, device='cuda:0', requires_grad=True)
Parameter containing:
tensor(-2.7223, device='cuda:0', requires_grad=True)
Parameter containing:
tensor(-2.7218, device='cuda:0', requires_grad=True)
Parameter containing:
tensor(-2.7212, device='cuda:0', requires_grad=True)
Parameter containing:
tensor(-2.7207, device='cuda:0', requires_grad=True)
Parameter containing:
tensor(-2.7201, device='cuda:0', requires_grad=True)
Parameter containing:
tensor(-2.7196, device='cuda:0', requires_grad=True)
Parameter containing:
tensor(-2.7191, device='cuda:0', requires_grad=True)
Parameter containing:
tensor(-2.7185, device='cuda:0', requires_grad=True)
Parameter containing:
tensor(-2.7180, device='cuda:0', requires_grad=True)
Parameter containing:
tensor(-2.7175, device='cuda:0', requires_grad=True)
Parameter containing:
tensor(-2.7170, device='cuda:0', requires_grad=True)
Parameter containing:
tensor(-2.7165, device='cuda:0', requires_grad=True)
Parameter containing:
tensor(-2.7160, device='cuda:0', requires_grad=True)
Parameter containing:
tensor(-2.7154, device='cuda:0', requires_grad=True)
Parameter containing:
tensor(-2.7149, device='cuda:0', requires_grad=True)
Parameter containing:
tensor(-2.7144, device='cuda:0', requires_grad=True)
Parameter containing:
tensor(-2.7139, device='cuda:0', requires_grad=True)
Parameter containing:
tensor(-2.7134, device='cuda:0', requires_grad=True)
Parameter containing:
tensor(-2.7129, device='cuda:0', requires_grad=True)
Parameter containing:
tensor(-2.7124, device='cuda:0', requires_grad=True)
Parameter containing:
tensor(-2.7118, device='cuda:0', requires_grad=True)
Parameter containing:
tensor(-2.7113, device='cuda:0', requires_grad=True)
Parameter containing:
tensor(-2.7108, device='cuda:0', requires_grad=True)
Parameter containing:
tensor(-2.7103, device='cuda:0', requires_grad=True)
Parameter containing:
tensor(-2.7098, device='cuda:0', requires_grad=True)
Parameter containing:
tensor(-2.7093, device='cuda:0', requires_grad=True)
Parameter containing:
tensor(-2.7087, device='cuda:0', requires_grad=True)
Parameter containing:
tensor(-2.7082, device='cuda:0', requires_grad=True)
Parameter containing:
tensor(-2.7077, device='cuda:0', requires_grad=True)
Parameter containing:
tensor(-2.7072, device='cuda:0', requires_grad=True)
Parameter containing:
tensor(-2.7067, device='cuda:0', requires_grad=True)
Parameter containing:
tensor(-2.7062, device='cuda:0', requires_grad=True)
Parameter containing:
tensor(-2.7057, device='cuda:0', requires_grad=True)
Parameter containing:
tensor(-2.7052, device='cuda:0', requires_grad=True)
Parameter containing:
tensor(-2.7047, device='cuda:0', requires_grad=True)
Parameter containing:
tensor(-2.7042, device='cuda:0', requires_grad=True)
Parameter containing:
tensor(-2.7037, device='cuda:0', requires_grad=True)
Parameter containing:
tensor(-2.7032, device='cuda:0', requires_grad=True)
Parameter containing:
tensor(-2.7027, device='cuda:0', requires_grad=True)
Parameter containing:
tensor(-2.7022, device='cuda:0', requires_grad=True)
Parameter containing:
tensor(-2.7018, device='cuda:0', requires_grad=True)
Parameter containing:
tensor(-2.7013, device='cuda:0', requires_grad=True)
Parameter containing:
tensor(-2.7008, device='cuda:0', requires_grad=True)
Parameter containing:
tensor(-2.7003, device='cuda:0', requires_grad=True)
Parameter containing:
tensor(-2.6998, device='cuda:0', requires_grad=True)
Parameter containing:
tensor(-2.6993, device='cuda:0', requires_grad=True)
Parameter containing:
tensor(-2.6988, device='cuda:0', requires_grad=True)
Parameter containing:
tensor(-2.6983, device='cuda:0', requires_grad=True)
Parameter containing:
tensor(-2.6979, device='cuda:0', requires_grad=True)
Parameter containing:
tensor(-2.6974, device='cuda:0', requires_grad=True)
Parameter containing:
tensor(-2.6969, device='cuda:0', requires_grad=True)
Parameter containing:
tensor(-2.6964, device='cuda:0', requires_grad=True)
Parameter containing:
tensor(-2.6959, device='cuda:0', requires_grad=True)
Parameter containing:
tensor(-2.6955, device='cuda:0', requires_grad=True)
Parameter containing:
tensor(-2.6950, device='cuda:0', requires_grad=True)
Parameter containing:
tensor(-2.6945, device='cuda:0', requires_grad=True)
Parameter containing:
tensor(-2.6940, device='cuda:0', requires_grad=True)
Parameter containing:
tensor(-2.6935, device='cuda:0', requires_grad=True)
Parameter containing:
tensor(-2.6930, device='cuda:0', requires_grad=True)
Parameter containing:
tensor(-2.6926, device='cuda:0', requires_grad=True)
Parameter containing:
tensor(-2.6921, device='cuda:0', requires_grad=True)
Parameter containing:
tensor(-2.6916, device='cuda:0', requires_grad=True)
Parameter containing:
tensor(-2.6911, device='cuda:0', requires_grad=True)
Parameter containing:
tensor(-2.6906, device='cuda:0', requires_grad=True)
Parameter containing:
tensor(-2.6901, device='cuda:0', requires_grad=True)
Parameter containing:
tensor(-2.6896, device='cuda:0', requires_grad=True)
Parameter containing:
tensor(-2.6891, device='cuda:0', requires_grad=True)
Parameter containing:
tensor(-2.6886, device='cuda:0', requires_grad=True)
Parameter containing:
tensor(-2.6881, device='cuda:0', requires_grad=True)
Parameter containing:
tensor(-2.6877, device='cuda:0', requires_grad=True)
Parameter containing:
tensor(-2.6872, device='cuda:0', requires_grad=True)
Parameter containing:
tensor(-2.6868, device='cuda:0', requires_grad=True)
Parameter containing:
tensor(-2.6863, device='cuda:0', requires_grad=True)
Parameter containing:
tensor(-2.6859, device='cuda:0', requires_grad=True)
Parameter containing:
tensor(-2.6854, device='cuda:0', requires_grad=True)
Parameter containing:
tensor(-2.6850, device='cuda:0', requires_grad=True)
Parameter containing:
tensor(-2.6845, device='cuda:0', requires_grad=True)
Parameter containing:
tensor(-2.6841, device='cuda:0', requires_grad=True)
Parameter containing:
tensor(-2.6836, device='cuda:0', requires_grad=True)
Parameter containing:
tensor(-2.6832, device='cuda:0', requires_grad=True)
Parameter containing:
tensor(-2.6827, device='cuda:0', requires_grad=True)
Parameter containing:
tensor(-2.6823, device='cuda:0', requires_grad=True)
Parameter containing:
tensor(-2.6818, device='cuda:0', requires_grad=True)
Parameter containing:
tensor(-2.6814, device='cuda:0', requires_grad=True)
Parameter containing:
tensor(-2.6809, device='cuda:0', requires_grad=True)
Parameter containing:
tensor(-2.6805, device='cuda:0', requires_grad=True)
Parameter containing:
tensor(-2.6800, device='cuda:0', requires_grad=True)
Parameter containing:
tensor(-2.6796, device='cuda:0', requires_grad=True)
Parameter containing:
tensor(-2.6791, device='cuda:0', requires_grad=True)
Parameter containing:
tensor(-2.6786, device='cuda:0', requires_grad=True)
Parameter containing:
tensor(-2.6782, device='cuda:0', requires_grad=True)
Parameter containing:
tensor(-2.6777, device='cuda:0', requires_grad=True)
Parameter containing:
tensor(-2.6773, device='cuda:0', requires_grad=True)
Parameter containing:
tensor(-2.6768, device='cuda:0', requires_grad=True)
Parameter containing:
tensor(-2.6764, device='cuda:0', requires_grad=True)
Parameter containing:
tensor(-2.6759, device='cuda:0', requires_grad=True)
Parameter containing:
tensor(-2.6754, device='cuda:0', requires_grad=True)
Parameter containing:
tensor(-2.6749, device='cuda:0', requires_grad=True)
Parameter containing:
tensor(-2.6745, device='cuda:0', requires_grad=True)
Parameter containing:
tensor(-2.6740, device='cuda:0', requires_grad=True)
Parameter containing:
tensor(-2.6736, device='cuda:0', requires_grad=True)
Parameter containing:
tensor(-2.6731, device='cuda:0', requires_grad=True)
Parameter containing:
tensor(-2.6727, device='cuda:0', requires_grad=True)
Parameter containing:
tensor(-2.6722, device='cuda:0', requires_grad=True)
Parameter containing:
tensor(-2.6718, device='cuda:0', requires_grad=True)
Parameter containing:
tensor(-2.6713, device='cuda:0', requires_grad=True)
Parameter containing:
tensor(-2.6709, device='cuda:0', requires_grad=True)
Parameter containing:
tensor(-2.6705, device='cuda:0', requires_grad=True)
Parameter containing:
tensor(-2.6700, device='cuda:0', requires_grad=True)
Parameter containing:
tensor(-2.6696, device='cuda:0', requires_grad=True)
Parameter containing:
tensor(-2.6691, device='cuda:0', requires_grad=True)
Parameter containing:
tensor(-2.6687, device='cuda:0', requires_grad=True)
Parameter containing:
tensor(-2.6683, device='cuda:0', requires_grad=True)
Parameter containing:
tensor(-2.6678, device='cuda:0', requires_grad=True)
Parameter containing:
tensor(-2.6674, device='cuda:0', requires_grad=True)
Parameter containing:
tensor(-2.6670, device='cuda:0', requires_grad=True)
Parameter containing:
tensor(-2.6665, device='cuda:0', requires_grad=True)
Parameter containing:
tensor(-2.6661, device='cuda:0', requires_grad=True)
Parameter containing:
tensor(-2.6656, device='cuda:0', requires_grad=True)
Parameter containing:
tensor(-2.6652, device='cuda:0', requires_grad=True)
Parameter containing:
tensor(-2.6647, device='cuda:0', requires_grad=True)


PS:

Read file <14836076.stderr> for stderr output of this job.

