Sender: LSF System <lsfadmin@lu02>
Subject: Job 16481334: <semi-active> in cluster <lila> Exited

Job <semi-active> was submitted from host <lilac> by user <nguyenm5> in cluster <lila> at Mon Aug 10 20:07:30 2020
Job was executed on host(s) <12*lu02>, in queue <gpuqueue>, as user <nguyenm5> in cluster <lila> at Mon Aug 10 20:12:34 2020
</home/nguyenm5> was used as the home directory.
</home/nguyenm5/coding/pinot> was used as the working directory.
Started at Mon Aug 10 20:12:34 2020
Terminated at Mon Aug 10 20:19:14 2020
Results reported at Mon Aug 10 20:19:14 2020

Your job looked like:

------------------------------------------------------------
# LSBATCH: User input
/home/nguyenm5/anaconda3/envs/pinot/bin/python scripts/active/belief_active_plot.py --net semi_vgp --num_rounds 6 --num_trials 1 --num_epochs 10 --data moonshot_sorted --q 96 --acquisition ThompsonSampling --output_folder /home/nguyenm5/coding/pinot/aug-10/active-semi --index 1 --unlabeled_data moonshot_unlabeled_all --device cuda:0 --seed 8888 --unlabeled_volume 0.4
------------------------------------------------------------

Exited with exit code 1.

Resource usage summary:

    CPU time :                                   148.00 sec.
    Max Memory :                                 4 GB
    Average Memory :                             1.23 GB
    Total Requested Memory :                     192.00 GB
    Delta Memory :                               188.00 GB
    Max Swap :                                   -
    Max Processes :                              4
    Max Threads :                                8
    Run time :                                   400 sec.
    Turnaround time :                            704 sec.

The output (if any) follows:

Namespace(acquisition='ThompsonSampling', beliefs=['ThompsonSampling', 'MaxProbabilityOfImprovement', 'MaxUCB', 'MaxExpectedImprovement'], config=['GraphConv', '64', 'activation', 'tanh', 'GraphConv', '64', 'activation', 'tanh', 'GraphConv', '64', 'activation', 'tanh', 'GraphConv', '64', 'activation', 'tanh'], data='moonshot_sorted', device='cuda:0', index=1, index_provided=True, lr=0.0001, net='semi_vgp', num_epochs=10, num_rounds=6, num_samples=1000, num_thompson_samples=1000, num_trials=1, optimizer='Adam', output_folder='/home/nguyenm5/coding/pinot/aug-10/active-semi', q=96, seed=8888, unlabeled_data='moonshot_unlabeled_all', unlabeled_volume=0.4)
0


PS:

Read file </home/nguyenm5/coding/pinot/aug-10/active-semi/ThompsonSampling_10.stderr> for stderr output of this job.

Sender: LSF System <lsfadmin@lu01>
Subject: Job 16481332: <semi-active> in cluster <lila> Exited

Job <semi-active> was submitted from host <lilac> by user <nguyenm5> in cluster <lila> at Mon Aug 10 20:07:30 2020
Job was executed on host(s) <12*lu01>, in queue <gpuqueue>, as user <nguyenm5> in cluster <lila> at Mon Aug 10 20:10:41 2020
</home/nguyenm5> was used as the home directory.
</home/nguyenm5/coding/pinot> was used as the working directory.
Started at Mon Aug 10 20:10:41 2020
Terminated at Mon Aug 10 20:19:16 2020
Results reported at Mon Aug 10 20:19:16 2020

Your job looked like:

------------------------------------------------------------
# LSBATCH: User input
/home/nguyenm5/anaconda3/envs/pinot/bin/python scripts/active/belief_active_plot.py --net semi_vgp --num_rounds 6 --num_trials 1 --num_epochs 10 --data moonshot_sorted --q 96 --acquisition ThompsonSampling --output_folder /home/nguyenm5/coding/pinot/aug-10/active-semi --index 1 --unlabeled_data moonshot_unlabeled_all --device cuda:0 --seed 2666 --unlabeled_volume 0.4
------------------------------------------------------------

Exited with exit code 1.

Resource usage summary:

    CPU time :                                   155.00 sec.
    Max Memory :                                 4 GB
    Average Memory :                             1.10 GB
    Total Requested Memory :                     192.00 GB
    Delta Memory :                               188.00 GB
    Max Swap :                                   -
    Max Processes :                              3
    Max Threads :                                8
    Run time :                                   515 sec.
    Turnaround time :                            706 sec.

The output (if any) follows:

Namespace(acquisition='ThompsonSampling', beliefs=['ThompsonSampling', 'MaxProbabilityOfImprovement', 'MaxUCB', 'MaxExpectedImprovement'], config=['GraphConv', '64', 'activation', 'tanh', 'GraphConv', '64', 'activation', 'tanh', 'GraphConv', '64', 'activation', 'tanh', 'GraphConv', '64', 'activation', 'tanh'], data='moonshot_sorted', device='cuda:0', index=1, index_provided=True, lr=0.0001, net='semi_vgp', num_epochs=10, num_rounds=6, num_samples=1000, num_thompson_samples=1000, num_trials=1, optimizer='Adam', output_folder='/home/nguyenm5/coding/pinot/aug-10/active-semi', q=96, seed=2666, unlabeled_data='moonshot_unlabeled_all', unlabeled_volume=0.4)
0


PS:

Read file </home/nguyenm5/coding/pinot/aug-10/active-semi/ThompsonSampling_10.stderr> for stderr output of this job.

Sender: LSF System <lsfadmin@lu03>
Subject: Job 16481333: <semi-active> in cluster <lila> Exited

Job <semi-active> was submitted from host <lilac> by user <nguyenm5> in cluster <lila> at Mon Aug 10 20:07:30 2020
Job was executed on host(s) <12*lu03>, in queue <gpuqueue>, as user <nguyenm5> in cluster <lila> at Mon Aug 10 20:11:48 2020
</home/nguyenm5> was used as the home directory.
</home/nguyenm5/coding/pinot> was used as the working directory.
Started at Mon Aug 10 20:11:48 2020
Terminated at Mon Aug 10 20:20:04 2020
Results reported at Mon Aug 10 20:20:04 2020

Your job looked like:

------------------------------------------------------------
# LSBATCH: User input
/home/nguyenm5/anaconda3/envs/pinot/bin/python scripts/active/belief_active_plot.py --net semi_vgp --num_rounds 6 --num_trials 1 --num_epochs 10 --data moonshot_sorted --q 96 --acquisition ThompsonSampling --output_folder /home/nguyenm5/coding/pinot/aug-10/active-semi --index 1 --unlabeled_data moonshot_unlabeled_all --device cuda:0 --seed 417 --unlabeled_volume 0.4
------------------------------------------------------------

Exited with exit code 1.

Resource usage summary:

    CPU time :                                   157.00 sec.
    Max Memory :                                 4 GB
    Average Memory :                             1.17 GB
    Total Requested Memory :                     192.00 GB
    Delta Memory :                               188.00 GB
    Max Swap :                                   -
    Max Processes :                              3
    Max Threads :                                8
    Run time :                                   496 sec.
    Turnaround time :                            754 sec.

The output (if any) follows:

Namespace(acquisition='ThompsonSampling', beliefs=['ThompsonSampling', 'MaxProbabilityOfImprovement', 'MaxUCB', 'MaxExpectedImprovement'], config=['GraphConv', '64', 'activation', 'tanh', 'GraphConv', '64', 'activation', 'tanh', 'GraphConv', '64', 'activation', 'tanh', 'GraphConv', '64', 'activation', 'tanh'], data='moonshot_sorted', device='cuda:0', index=1, index_provided=True, lr=0.0001, net='semi_vgp', num_epochs=10, num_rounds=6, num_samples=1000, num_thompson_samples=1000, num_trials=1, optimizer='Adam', output_folder='/home/nguyenm5/coding/pinot/aug-10/active-semi', q=96, seed=417, unlabeled_data='moonshot_unlabeled_all', unlabeled_volume=0.4)
0


PS:

Read file </home/nguyenm5/coding/pinot/aug-10/active-semi/ThompsonSampling_10.stderr> for stderr output of this job.

Sender: LSF System <lsfadmin@lu02>
Subject: Job 16481341: <semi-active> in cluster <lila> Exited

Job <semi-active> was submitted from host <lilac> by user <nguyenm5> in cluster <lila> at Mon Aug 10 20:07:31 2020
Job was executed on host(s) <12*lu02>, in queue <gpuqueue>, as user <nguyenm5> in cluster <lila> at Mon Aug 10 20:19:16 2020
</home/nguyenm5> was used as the home directory.
</home/nguyenm5/coding/pinot> was used as the working directory.
Started at Mon Aug 10 20:19:16 2020
Terminated at Mon Aug 10 20:22:17 2020
Results reported at Mon Aug 10 20:22:17 2020

Your job looked like:

------------------------------------------------------------
# LSBATCH: User input
/home/nguyenm5/anaconda3/envs/pinot/bin/python scripts/active/belief_active_plot.py --net semi_vgp --num_rounds 6 --num_trials 1 --num_epochs 10 --data moonshot_sorted --q 96 --acquisition ThompsonSampling --output_folder /home/nguyenm5/coding/pinot/aug-10/active-semi --index 1 --unlabeled_data moonshot_unlabeled_all --device cuda:0 --seed 1637 --unlabeled_volume 1.0
------------------------------------------------------------

Exited with exit code 1.

Resource usage summary:

    CPU time :                                   150.00 sec.
    Max Memory :                                 4 GB
    Average Memory :                             2.70 GB
    Total Requested Memory :                     192.00 GB
    Delta Memory :                               188.00 GB
    Max Swap :                                   -
    Max Processes :                              3
    Max Threads :                                8
    Run time :                                   182 sec.
    Turnaround time :                            886 sec.

The output (if any) follows:

Namespace(acquisition='ThompsonSampling', beliefs=['ThompsonSampling', 'MaxProbabilityOfImprovement', 'MaxUCB', 'MaxExpectedImprovement'], config=['GraphConv', '64', 'activation', 'tanh', 'GraphConv', '64', 'activation', 'tanh', 'GraphConv', '64', 'activation', 'tanh', 'GraphConv', '64', 'activation', 'tanh'], data='moonshot_sorted', device='cuda:0', index=1, index_provided=True, lr=0.0001, net='semi_vgp', num_epochs=10, num_rounds=6, num_samples=1000, num_thompson_samples=1000, num_trials=1, optimizer='Adam', output_folder='/home/nguyenm5/coding/pinot/aug-10/active-semi', q=96, seed=1637, unlabeled_data='moonshot_unlabeled_all', unlabeled_volume=1.0)
0


PS:

Read file </home/nguyenm5/coding/pinot/aug-10/active-semi/ThompsonSampling_10.stderr> for stderr output of this job.

Sender: LSF System <lsfadmin@lu02>
Subject: Job 16481339: <semi-active> in cluster <lila> Exited

Job <semi-active> was submitted from host <lilac> by user <nguyenm5> in cluster <lila> at Mon Aug 10 20:07:31 2020
Job was executed on host(s) <12*lu02>, in queue <gpuqueue>, as user <nguyenm5> in cluster <lila> at Mon Aug 10 20:18:02 2020
</home/nguyenm5> was used as the home directory.
</home/nguyenm5/coding/pinot> was used as the working directory.
Started at Mon Aug 10 20:18:02 2020
Terminated at Mon Aug 10 20:22:18 2020
Results reported at Mon Aug 10 20:22:18 2020

Your job looked like:

------------------------------------------------------------
# LSBATCH: User input
/home/nguyenm5/anaconda3/envs/pinot/bin/python scripts/active/belief_active_plot.py --net semi_vgp --num_rounds 6 --num_trials 1 --num_epochs 10 --data moonshot_sorted --q 96 --acquisition ThompsonSampling --output_folder /home/nguyenm5/coding/pinot/aug-10/active-semi --index 1 --unlabeled_data moonshot_unlabeled_all --device cuda:0 --seed 8888 --unlabeled_volume 1.0
------------------------------------------------------------

Exited with exit code 1.

Resource usage summary:

    CPU time :                                   155.00 sec.
    Max Memory :                                 4 GB
    Average Memory :                             1.84 GB
    Total Requested Memory :                     192.00 GB
    Delta Memory :                               188.00 GB
    Max Swap :                                   -
    Max Processes :                              3
    Max Threads :                                8
    Run time :                                   256 sec.
    Turnaround time :                            887 sec.

The output (if any) follows:

Namespace(acquisition='ThompsonSampling', beliefs=['ThompsonSampling', 'MaxProbabilityOfImprovement', 'MaxUCB', 'MaxExpectedImprovement'], config=['GraphConv', '64', 'activation', 'tanh', 'GraphConv', '64', 'activation', 'tanh', 'GraphConv', '64', 'activation', 'tanh', 'GraphConv', '64', 'activation', 'tanh'], data='moonshot_sorted', device='cuda:0', index=1, index_provided=True, lr=0.0001, net='semi_vgp', num_epochs=10, num_rounds=6, num_samples=1000, num_thompson_samples=1000, num_trials=1, optimizer='Adam', output_folder='/home/nguyenm5/coding/pinot/aug-10/active-semi', q=96, seed=8888, unlabeled_data='moonshot_unlabeled_all', unlabeled_volume=1.0)
0


PS:

Read file </home/nguyenm5/coding/pinot/aug-10/active-semi/ThompsonSampling_10.stderr> for stderr output of this job.

Sender: LSF System <lsfadmin@lt20>
Subject: Job 16481335: <semi-active> in cluster <lila> Exited

Job <semi-active> was submitted from host <lilac> by user <nguyenm5> in cluster <lila> at Mon Aug 10 20:07:30 2020
Job was executed on host(s) <12*lt20>, in queue <gpuqueue>, as user <nguyenm5> in cluster <lila> at Mon Aug 10 20:13:59 2020
</home/nguyenm5> was used as the home directory.
</home/nguyenm5/coding/pinot> was used as the working directory.
Started at Mon Aug 10 20:13:59 2020
Terminated at Mon Aug 10 20:24:01 2020
Results reported at Mon Aug 10 20:24:01 2020

Your job looked like:

------------------------------------------------------------
# LSBATCH: User input
/home/nguyenm5/anaconda3/envs/pinot/bin/python scripts/active/belief_active_plot.py --net semi_vgp --num_rounds 6 --num_trials 1 --num_epochs 10 --data moonshot_sorted --q 96 --acquisition ThompsonSampling --output_folder /home/nguyenm5/coding/pinot/aug-10/active-semi --index 1 --unlabeled_data moonshot_unlabeled_all --device cuda:0 --seed 11 --unlabeled_volume 0.4
------------------------------------------------------------

Exited with exit code 1.

Resource usage summary:

    CPU time :                                   176.00 sec.
    Max Memory :                                 4 GB
    Average Memory :                             1.04 GB
    Total Requested Memory :                     192.00 GB
    Delta Memory :                               188.00 GB
    Max Swap :                                   -
    Max Processes :                              3
    Max Threads :                                8
    Run time :                                   603 sec.
    Turnaround time :                            991 sec.

The output (if any) follows:

Namespace(acquisition='ThompsonSampling', beliefs=['ThompsonSampling', 'MaxProbabilityOfImprovement', 'MaxUCB', 'MaxExpectedImprovement'], config=['GraphConv', '64', 'activation', 'tanh', 'GraphConv', '64', 'activation', 'tanh', 'GraphConv', '64', 'activation', 'tanh', 'GraphConv', '64', 'activation', 'tanh'], data='moonshot_sorted', device='cuda:0', index=1, index_provided=True, lr=0.0001, net='semi_vgp', num_epochs=10, num_rounds=6, num_samples=1000, num_thompson_samples=1000, num_trials=1, optimizer='Adam', output_folder='/home/nguyenm5/coding/pinot/aug-10/active-semi', q=96, seed=11, unlabeled_data='moonshot_unlabeled_all', unlabeled_volume=0.4)
0


PS:

Read file </home/nguyenm5/coding/pinot/aug-10/active-semi/ThompsonSampling_10.stderr> for stderr output of this job.

Sender: LSF System <lsfadmin@lu03>
Subject: Job 16481332: <semi-active> in cluster <lila> Exited

Job <semi-active> was submitted from host <lilac> by user <nguyenm5> in cluster <lila> at Mon Aug 10 20:07:30 2020
Job was executed on host(s) <12*lu03>, in queue <gpuqueue>, as user <nguyenm5> in cluster <lila> at Mon Aug 10 20:20:07 2020
</home/nguyenm5> was used as the home directory.
</home/nguyenm5/coding/pinot> was used as the working directory.
Started at Mon Aug 10 20:20:07 2020
Terminated at Mon Aug 10 20:24:10 2020
Results reported at Mon Aug 10 20:24:10 2020

Your job looked like:

------------------------------------------------------------
# LSBATCH: User input
/home/nguyenm5/anaconda3/envs/pinot/bin/python scripts/active/belief_active_plot.py --net semi_vgp --num_rounds 6 --num_trials 1 --num_epochs 10 --data moonshot_sorted --q 96 --acquisition ThompsonSampling --output_folder /home/nguyenm5/coding/pinot/aug-10/active-semi --index 1 --unlabeled_data moonshot_unlabeled_all --device cuda:0 --seed 2666 --unlabeled_volume 0.4
------------------------------------------------------------

Exited with exit code 1.

Resource usage summary:

    CPU time :                                   157.00 sec.
    Max Memory :                                 4 GB
    Average Memory :                             2.03 GB
    Total Requested Memory :                     192.00 GB
    Delta Memory :                               188.00 GB
    Max Swap :                                   -
    Max Processes :                              3
    Max Threads :                                8
    Run time :                                   244 sec.
    Turnaround time :                            1000 sec.

The output (if any) follows:

Namespace(acquisition='ThompsonSampling', beliefs=['ThompsonSampling', 'MaxProbabilityOfImprovement', 'MaxUCB', 'MaxExpectedImprovement'], config=['GraphConv', '64', 'activation', 'tanh', 'GraphConv', '64', 'activation', 'tanh', 'GraphConv', '64', 'activation', 'tanh', 'GraphConv', '64', 'activation', 'tanh'], data='moonshot_sorted', device='cuda:0', index=1, index_provided=True, lr=0.0001, net='semi_vgp', num_epochs=10, num_rounds=6, num_samples=1000, num_thompson_samples=1000, num_trials=1, optimizer='Adam', output_folder='/home/nguyenm5/coding/pinot/aug-10/active-semi', q=96, seed=2666, unlabeled_data='moonshot_unlabeled_all', unlabeled_volume=0.4)
0


PS:

Read file </home/nguyenm5/coding/pinot/aug-10/active-semi/ThompsonSampling_10.stderr> for stderr output of this job.

Sender: LSF System <lsfadmin@ls16>
Subject: Job 16481336: <semi-active> in cluster <lila> Exited

Job <semi-active> was submitted from host <lilac> by user <nguyenm5> in cluster <lila> at Mon Aug 10 20:07:31 2020
Job was executed on host(s) <12*ls16>, in queue <gpuqueue>, as user <nguyenm5> in cluster <lila> at Mon Aug 10 20:14:21 2020
</home/nguyenm5> was used as the home directory.
</home/nguyenm5/coding/pinot> was used as the working directory.
Started at Mon Aug 10 20:14:21 2020
Terminated at Mon Aug 10 20:24:50 2020
Results reported at Mon Aug 10 20:24:50 2020

Your job looked like:

------------------------------------------------------------
# LSBATCH: User input
/home/nguyenm5/anaconda3/envs/pinot/bin/python scripts/active/belief_active_plot.py --net semi_vgp --num_rounds 6 --num_trials 1 --num_epochs 10 --data moonshot_sorted --q 96 --acquisition ThompsonSampling --output_folder /home/nguyenm5/coding/pinot/aug-10/active-semi --index 1 --unlabeled_data moonshot_unlabeled_all --device cuda:0 --seed 1637 --unlabeled_volume 0.4
------------------------------------------------------------

Exited with exit code 1.

Resource usage summary:

    CPU time :                                   184.00 sec.
    Max Memory :                                 4 GB
    Average Memory :                             0.91 GB
    Total Requested Memory :                     192.00 GB
    Delta Memory :                               188.00 GB
    Max Swap :                                   -
    Max Processes :                              3
    Max Threads :                                8
    Run time :                                   630 sec.
    Turnaround time :                            1039 sec.

The output (if any) follows:

Namespace(acquisition='ThompsonSampling', beliefs=['ThompsonSampling', 'MaxProbabilityOfImprovement', 'MaxUCB', 'MaxExpectedImprovement'], config=['GraphConv', '64', 'activation', 'tanh', 'GraphConv', '64', 'activation', 'tanh', 'GraphConv', '64', 'activation', 'tanh', 'GraphConv', '64', 'activation', 'tanh'], data='moonshot_sorted', device='cuda:0', index=1, index_provided=True, lr=0.0001, net='semi_vgp', num_epochs=10, num_rounds=6, num_samples=1000, num_thompson_samples=1000, num_trials=1, optimizer='Adam', output_folder='/home/nguyenm5/coding/pinot/aug-10/active-semi', q=96, seed=1637, unlabeled_data='moonshot_unlabeled_all', unlabeled_volume=0.4)
0


PS:

Read file </home/nguyenm5/coding/pinot/aug-10/active-semi/ThompsonSampling_10.stderr> for stderr output of this job.

Sender: LSF System <lsfadmin@ls18>
Subject: Job 16481338: <semi-active> in cluster <lila> Exited

Job <semi-active> was submitted from host <lilac> by user <nguyenm5> in cluster <lila> at Mon Aug 10 20:07:31 2020
Job was executed on host(s) <12*ls18>, in queue <gpuqueue>, as user <nguyenm5> in cluster <lila> at Mon Aug 10 20:15:36 2020
</home/nguyenm5> was used as the home directory.
</home/nguyenm5/coding/pinot> was used as the working directory.
Started at Mon Aug 10 20:15:36 2020
Terminated at Mon Aug 10 20:25:24 2020
Results reported at Mon Aug 10 20:25:24 2020

Your job looked like:

------------------------------------------------------------
# LSBATCH: User input
/home/nguyenm5/anaconda3/envs/pinot/bin/python scripts/active/belief_active_plot.py --net semi_vgp --num_rounds 6 --num_trials 1 --num_epochs 10 --data moonshot_sorted --q 96 --acquisition ThompsonSampling --output_folder /home/nguyenm5/coding/pinot/aug-10/active-semi --index 1 --unlabeled_data moonshot_unlabeled_all --device cuda:0 --seed 417 --unlabeled_volume 1.0
------------------------------------------------------------

Exited with exit code 1.

Resource usage summary:

    CPU time :                                   148.00 sec.
    Max Memory :                                 3 GB
    Average Memory :                             0.74 GB
    Total Requested Memory :                     192.00 GB
    Delta Memory :                               189.00 GB
    Max Swap :                                   -
    Max Processes :                              3
    Max Threads :                                8
    Run time :                                   588 sec.
    Turnaround time :                            1073 sec.

The output (if any) follows:

Namespace(acquisition='ThompsonSampling', beliefs=['ThompsonSampling', 'MaxProbabilityOfImprovement', 'MaxUCB', 'MaxExpectedImprovement'], config=['GraphConv', '64', 'activation', 'tanh', 'GraphConv', '64', 'activation', 'tanh', 'GraphConv', '64', 'activation', 'tanh', 'GraphConv', '64', 'activation', 'tanh'], data='moonshot_sorted', device='cuda:0', index=1, index_provided=True, lr=0.0001, net='semi_vgp', num_epochs=10, num_rounds=6, num_samples=1000, num_thompson_samples=1000, num_trials=1, optimizer='Adam', output_folder='/home/nguyenm5/coding/pinot/aug-10/active-semi', q=96, seed=417, unlabeled_data='moonshot_unlabeled_all', unlabeled_volume=1.0)
0


PS:

Read file </home/nguyenm5/coding/pinot/aug-10/active-semi/ThompsonSampling_10.stderr> for stderr output of this job.

Sender: LSF System <lsfadmin@lu01>
Subject: Job 16481334: <semi-active> in cluster <lila> Exited

Job <semi-active> was submitted from host <lilac> by user <nguyenm5> in cluster <lila> at Mon Aug 10 20:07:30 2020
Job was executed on host(s) <12*lu01>, in queue <gpuqueue>, as user <nguyenm5> in cluster <lila> at Mon Aug 10 20:19:18 2020
</home/nguyenm5> was used as the home directory.
</home/nguyenm5/coding/pinot> was used as the working directory.
Started at Mon Aug 10 20:19:18 2020
Terminated at Mon Aug 10 20:25:27 2020
Results reported at Mon Aug 10 20:25:27 2020

Your job looked like:

------------------------------------------------------------
# LSBATCH: User input
/home/nguyenm5/anaconda3/envs/pinot/bin/python scripts/active/belief_active_plot.py --net semi_vgp --num_rounds 6 --num_trials 1 --num_epochs 10 --data moonshot_sorted --q 96 --acquisition ThompsonSampling --output_folder /home/nguyenm5/coding/pinot/aug-10/active-semi --index 1 --unlabeled_data moonshot_unlabeled_all --device cuda:0 --seed 8888 --unlabeled_volume 0.4
------------------------------------------------------------

Exited with exit code 1.

Resource usage summary:

    CPU time :                                   142.00 sec.
    Max Memory :                                 4 GB
    Average Memory :                             1.22 GB
    Total Requested Memory :                     192.00 GB
    Delta Memory :                               188.00 GB
    Max Swap :                                   -
    Max Processes :                              3
    Max Threads :                                8
    Run time :                                   369 sec.
    Turnaround time :                            1077 sec.

The output (if any) follows:

Namespace(acquisition='ThompsonSampling', beliefs=['ThompsonSampling', 'MaxProbabilityOfImprovement', 'MaxUCB', 'MaxExpectedImprovement'], config=['GraphConv', '64', 'activation', 'tanh', 'GraphConv', '64', 'activation', 'tanh', 'GraphConv', '64', 'activation', 'tanh', 'GraphConv', '64', 'activation', 'tanh'], data='moonshot_sorted', device='cuda:0', index=1, index_provided=True, lr=0.0001, net='semi_vgp', num_epochs=10, num_rounds=6, num_samples=1000, num_thompson_samples=1000, num_trials=1, optimizer='Adam', output_folder='/home/nguyenm5/coding/pinot/aug-10/active-semi', q=96, seed=8888, unlabeled_data='moonshot_unlabeled_all', unlabeled_volume=0.4)
0


PS:

Read file </home/nguyenm5/coding/pinot/aug-10/active-semi/ThompsonSampling_10.stderr> for stderr output of this job.

Sender: LSF System <lsfadmin@lt19>
Subject: Job 16481337: <semi-active> in cluster <lila> Exited

Job <semi-active> was submitted from host <lilac> by user <nguyenm5> in cluster <lila> at Mon Aug 10 20:07:31 2020
Job was executed on host(s) <12*lt19>, in queue <gpuqueue>, as user <nguyenm5> in cluster <lila> at Mon Aug 10 20:15:10 2020
</home/nguyenm5> was used as the home directory.
</home/nguyenm5/coding/pinot> was used as the working directory.
Started at Mon Aug 10 20:15:10 2020
Terminated at Mon Aug 10 20:25:53 2020
Results reported at Mon Aug 10 20:25:53 2020

Your job looked like:

------------------------------------------------------------
# LSBATCH: User input
/home/nguyenm5/anaconda3/envs/pinot/bin/python scripts/active/belief_active_plot.py --net semi_vgp --num_rounds 6 --num_trials 1 --num_epochs 10 --data moonshot_sorted --q 96 --acquisition ThompsonSampling --output_folder /home/nguyenm5/coding/pinot/aug-10/active-semi --index 1 --unlabeled_data moonshot_unlabeled_all --device cuda:0 --seed 2666 --unlabeled_volume 1.0
------------------------------------------------------------

Exited with exit code 1.

Resource usage summary:

    CPU time :                                   150.00 sec.
    Max Memory :                                 3 GB
    Average Memory :                             0.74 GB
    Total Requested Memory :                     192.00 GB
    Delta Memory :                               189.00 GB
    Max Swap :                                   -
    Max Processes :                              3
    Max Threads :                                8
    Run time :                                   644 sec.
    Turnaround time :                            1102 sec.

The output (if any) follows:

Namespace(acquisition='ThompsonSampling', beliefs=['ThompsonSampling', 'MaxProbabilityOfImprovement', 'MaxUCB', 'MaxExpectedImprovement'], config=['GraphConv', '64', 'activation', 'tanh', 'GraphConv', '64', 'activation', 'tanh', 'GraphConv', '64', 'activation', 'tanh', 'GraphConv', '64', 'activation', 'tanh'], data='moonshot_sorted', device='cuda:0', index=1, index_provided=True, lr=0.0001, net='semi_vgp', num_epochs=10, num_rounds=6, num_samples=1000, num_thompson_samples=1000, num_trials=1, optimizer='Adam', output_folder='/home/nguyenm5/coding/pinot/aug-10/active-semi', q=96, seed=2666, unlabeled_data='moonshot_unlabeled_all', unlabeled_volume=1.0)
0


PS:

Read file </home/nguyenm5/coding/pinot/aug-10/active-semi/ThompsonSampling_10.stderr> for stderr output of this job.

Sender: LSF System <lsfadmin@lt22>
Subject: Job 16481340: <semi-active> in cluster <lila> Exited

Job <semi-active> was submitted from host <lilac> by user <nguyenm5> in cluster <lila> at Mon Aug 10 20:07:31 2020
Job was executed on host(s) <12*lt22>, in queue <gpuqueue>, as user <nguyenm5> in cluster <lila> at Mon Aug 10 20:18:40 2020
</home/nguyenm5> was used as the home directory.
</home/nguyenm5/coding/pinot> was used as the working directory.
Started at Mon Aug 10 20:18:40 2020
Terminated at Mon Aug 10 20:28:45 2020
Results reported at Mon Aug 10 20:28:45 2020

Your job looked like:

------------------------------------------------------------
# LSBATCH: User input
/home/nguyenm5/anaconda3/envs/pinot/bin/python scripts/active/belief_active_plot.py --net semi_vgp --num_rounds 6 --num_trials 1 --num_epochs 10 --data moonshot_sorted --q 96 --acquisition ThompsonSampling --output_folder /home/nguyenm5/coding/pinot/aug-10/active-semi --index 1 --unlabeled_data moonshot_unlabeled_all --device cuda:0 --seed 11 --unlabeled_volume 1.0
------------------------------------------------------------

Exited with exit code 1.

Resource usage summary:

    CPU time :                                   157.00 sec.
    Max Memory :                                 3 GB
    Average Memory :                             0.80 GB
    Total Requested Memory :                     192.00 GB
    Delta Memory :                               189.00 GB
    Max Swap :                                   -
    Max Processes :                              4
    Max Threads :                                8
    Run time :                                   606 sec.
    Turnaround time :                            1274 sec.

The output (if any) follows:

Namespace(acquisition='ThompsonSampling', beliefs=['ThompsonSampling', 'MaxProbabilityOfImprovement', 'MaxUCB', 'MaxExpectedImprovement'], config=['GraphConv', '64', 'activation', 'tanh', 'GraphConv', '64', 'activation', 'tanh', 'GraphConv', '64', 'activation', 'tanh', 'GraphConv', '64', 'activation', 'tanh'], data='moonshot_sorted', device='cuda:0', index=1, index_provided=True, lr=0.0001, net='semi_vgp', num_epochs=10, num_rounds=6, num_samples=1000, num_thompson_samples=1000, num_trials=1, optimizer='Adam', output_folder='/home/nguyenm5/coding/pinot/aug-10/active-semi', q=96, seed=11, unlabeled_data='moonshot_unlabeled_all', unlabeled_volume=1.0)
0


PS:

Read file </home/nguyenm5/coding/pinot/aug-10/active-semi/ThompsonSampling_10.stderr> for stderr output of this job.

Sender: LSF System <lsfadmin@lu09>
Subject: Job 16481333: <semi-active> in cluster <lila> Exited

Job <semi-active> was submitted from host <lilac> by user <nguyenm5> in cluster <lila> at Mon Aug 10 20:07:30 2020
Job was executed on host(s) <12*lu09>, in queue <gpuqueue>, as user <nguyenm5> in cluster <lila> at Mon Aug 10 20:20:37 2020
</home/nguyenm5> was used as the home directory.
</home/nguyenm5/coding/pinot> was used as the working directory.
Started at Mon Aug 10 20:20:37 2020
Terminated at Mon Aug 10 20:29:08 2020
Results reported at Mon Aug 10 20:29:08 2020

Your job looked like:

------------------------------------------------------------
# LSBATCH: User input
/home/nguyenm5/anaconda3/envs/pinot/bin/python scripts/active/belief_active_plot.py --net semi_vgp --num_rounds 6 --num_trials 1 --num_epochs 10 --data moonshot_sorted --q 96 --acquisition ThompsonSampling --output_folder /home/nguyenm5/coding/pinot/aug-10/active-semi --index 1 --unlabeled_data moonshot_unlabeled_all --device cuda:0 --seed 417 --unlabeled_volume 0.4
------------------------------------------------------------

Exited with exit code 1.

Resource usage summary:

    CPU time :                                   163.00 sec.
    Max Memory :                                 4 GB
    Average Memory :                             1.03 GB
    Total Requested Memory :                     192.00 GB
    Delta Memory :                               188.00 GB
    Max Swap :                                   -
    Max Processes :                              3
    Max Threads :                                8
    Run time :                                   512 sec.
    Turnaround time :                            1298 sec.

The output (if any) follows:

Namespace(acquisition='ThompsonSampling', beliefs=['ThompsonSampling', 'MaxProbabilityOfImprovement', 'MaxUCB', 'MaxExpectedImprovement'], config=['GraphConv', '64', 'activation', 'tanh', 'GraphConv', '64', 'activation', 'tanh', 'GraphConv', '64', 'activation', 'tanh', 'GraphConv', '64', 'activation', 'tanh'], data='moonshot_sorted', device='cuda:0', index=1, index_provided=True, lr=0.0001, net='semi_vgp', num_epochs=10, num_rounds=6, num_samples=1000, num_thompson_samples=1000, num_trials=1, optimizer='Adam', output_folder='/home/nguyenm5/coding/pinot/aug-10/active-semi', q=96, seed=417, unlabeled_data='moonshot_unlabeled_all', unlabeled_volume=0.4)
0


PS:

Read file </home/nguyenm5/coding/pinot/aug-10/active-semi/ThompsonSampling_10.stderr> for stderr output of this job.

Sender: LSF System <lsfadmin@lt19>
Subject: Job 16481334: <semi-active> in cluster <lila> Exited

Job <semi-active> was submitted from host <lilac> by user <nguyenm5> in cluster <lila> at Mon Aug 10 20:07:30 2020
Job was executed on host(s) <12*lt19>, in queue <gpuqueue>, as user <nguyenm5> in cluster <lila> at Mon Aug 10 20:25:54 2020
</home/nguyenm5> was used as the home directory.
</home/nguyenm5/coding/pinot> was used as the working directory.
Started at Mon Aug 10 20:25:54 2020
Terminated at Mon Aug 10 20:29:28 2020
Results reported at Mon Aug 10 20:29:28 2020

Your job looked like:

------------------------------------------------------------
# LSBATCH: User input
/home/nguyenm5/anaconda3/envs/pinot/bin/python scripts/active/belief_active_plot.py --net semi_vgp --num_rounds 6 --num_trials 1 --num_epochs 10 --data moonshot_sorted --q 96 --acquisition ThompsonSampling --output_folder /home/nguyenm5/coding/pinot/aug-10/active-semi --index 1 --unlabeled_data moonshot_unlabeled_all --device cuda:0 --seed 8888 --unlabeled_volume 0.4
------------------------------------------------------------

Exited with exit code 1.

Resource usage summary:

    CPU time :                                   151.00 sec.
    Max Memory :                                 4 GB
    Average Memory :                             2.11 GB
    Total Requested Memory :                     192.00 GB
    Delta Memory :                               188.00 GB
    Max Swap :                                   -
    Max Processes :                              3
    Max Threads :                                8
    Run time :                                   215 sec.
    Turnaround time :                            1318 sec.

The output (if any) follows:

Namespace(acquisition='ThompsonSampling', beliefs=['ThompsonSampling', 'MaxProbabilityOfImprovement', 'MaxUCB', 'MaxExpectedImprovement'], config=['GraphConv', '64', 'activation', 'tanh', 'GraphConv', '64', 'activation', 'tanh', 'GraphConv', '64', 'activation', 'tanh', 'GraphConv', '64', 'activation', 'tanh'], data='moonshot_sorted', device='cuda:0', index=1, index_provided=True, lr=0.0001, net='semi_vgp', num_epochs=10, num_rounds=6, num_samples=1000, num_thompson_samples=1000, num_trials=1, optimizer='Adam', output_folder='/home/nguyenm5/coding/pinot/aug-10/active-semi', q=96, seed=8888, unlabeled_data='moonshot_unlabeled_all', unlabeled_volume=0.4)
0


PS:

Read file </home/nguyenm5/coding/pinot/aug-10/active-semi/ThompsonSampling_10.stderr> for stderr output of this job.

Sender: LSF System <lsfadmin@lt03>
Subject: Job 16481339: <semi-active> in cluster <lila> Exited

Job <semi-active> was submitted from host <lilac> by user <nguyenm5> in cluster <lila> at Mon Aug 10 20:07:31 2020
Job was executed on host(s) <12*lt03>, in queue <gpuqueue>, as user <nguyenm5> in cluster <lila> at Mon Aug 10 20:23:29 2020
</home/nguyenm5> was used as the home directory.
</home/nguyenm5/coding/pinot> was used as the working directory.
Started at Mon Aug 10 20:23:29 2020
Terminated at Mon Aug 10 20:30:13 2020
Results reported at Mon Aug 10 20:30:13 2020

Your job looked like:

------------------------------------------------------------
# LSBATCH: User input
/home/nguyenm5/anaconda3/envs/pinot/bin/python scripts/active/belief_active_plot.py --net semi_vgp --num_rounds 6 --num_trials 1 --num_epochs 10 --data moonshot_sorted --q 96 --acquisition ThompsonSampling --output_folder /home/nguyenm5/coding/pinot/aug-10/active-semi --index 1 --unlabeled_data moonshot_unlabeled_all --device cuda:0 --seed 8888 --unlabeled_volume 1.0
------------------------------------------------------------

Exited with exit code 1.

Resource usage summary:

    CPU time :                                   144.00 sec.
    Max Memory :                                 3 GB
    Average Memory :                             1.08 GB
    Total Requested Memory :                     192.00 GB
    Delta Memory :                               189.00 GB
    Max Swap :                                   -
    Max Processes :                              3
    Max Threads :                                8
    Run time :                                   404 sec.
    Turnaround time :                            1362 sec.

The output (if any) follows:

Namespace(acquisition='ThompsonSampling', beliefs=['ThompsonSampling', 'MaxProbabilityOfImprovement', 'MaxUCB', 'MaxExpectedImprovement'], config=['GraphConv', '64', 'activation', 'tanh', 'GraphConv', '64', 'activation', 'tanh', 'GraphConv', '64', 'activation', 'tanh', 'GraphConv', '64', 'activation', 'tanh'], data='moonshot_sorted', device='cuda:0', index=1, index_provided=True, lr=0.0001, net='semi_vgp', num_epochs=10, num_rounds=6, num_samples=1000, num_thompson_samples=1000, num_trials=1, optimizer='Adam', output_folder='/home/nguyenm5/coding/pinot/aug-10/active-semi', q=96, seed=8888, unlabeled_data='moonshot_unlabeled_all', unlabeled_volume=1.0)
0


PS:

Read file </home/nguyenm5/coding/pinot/aug-10/active-semi/ThompsonSampling_10.stderr> for stderr output of this job.

Sender: LSF System <lsfadmin@lu07>
Subject: Job 16481341: <semi-active> in cluster <lila> Exited

Job <semi-active> was submitted from host <lilac> by user <nguyenm5> in cluster <lila> at Mon Aug 10 20:07:31 2020
Job was executed on host(s) <12*lu07>, in queue <gpuqueue>, as user <nguyenm5> in cluster <lila> at Mon Aug 10 20:23:26 2020
</home/nguyenm5> was used as the home directory.
</home/nguyenm5/coding/pinot> was used as the working directory.
Started at Mon Aug 10 20:23:26 2020
Terminated at Mon Aug 10 20:30:34 2020
Results reported at Mon Aug 10 20:30:34 2020

Your job looked like:

------------------------------------------------------------
# LSBATCH: User input
/home/nguyenm5/anaconda3/envs/pinot/bin/python scripts/active/belief_active_plot.py --net semi_vgp --num_rounds 6 --num_trials 1 --num_epochs 10 --data moonshot_sorted --q 96 --acquisition ThompsonSampling --output_folder /home/nguyenm5/coding/pinot/aug-10/active-semi --index 1 --unlabeled_data moonshot_unlabeled_all --device cuda:0 --seed 1637 --unlabeled_volume 1.0
------------------------------------------------------------

Exited with exit code 1.

Resource usage summary:

    CPU time :                                   163.00 sec.
    Max Memory :                                 4 GB
    Average Memory :                             1.32 GB
    Total Requested Memory :                     192.00 GB
    Delta Memory :                               188.00 GB
    Max Swap :                                   -
    Max Processes :                              3
    Max Threads :                                8
    Run time :                                   428 sec.
    Turnaround time :                            1383 sec.

The output (if any) follows:

Namespace(acquisition='ThompsonSampling', beliefs=['ThompsonSampling', 'MaxProbabilityOfImprovement', 'MaxUCB', 'MaxExpectedImprovement'], config=['GraphConv', '64', 'activation', 'tanh', 'GraphConv', '64', 'activation', 'tanh', 'GraphConv', '64', 'activation', 'tanh', 'GraphConv', '64', 'activation', 'tanh'], data='moonshot_sorted', device='cuda:0', index=1, index_provided=True, lr=0.0001, net='semi_vgp', num_epochs=10, num_rounds=6, num_samples=1000, num_thompson_samples=1000, num_trials=1, optimizer='Adam', output_folder='/home/nguyenm5/coding/pinot/aug-10/active-semi', q=96, seed=1637, unlabeled_data='moonshot_unlabeled_all', unlabeled_volume=1.0)
0


PS:

Read file </home/nguyenm5/coding/pinot/aug-10/active-semi/ThompsonSampling_10.stderr> for stderr output of this job.

Sender: LSF System <lsfadmin@lt04>
Subject: Job 16481332: <semi-active> in cluster <lila> Exited

Job <semi-active> was submitted from host <lilac> by user <nguyenm5> in cluster <lila> at Mon Aug 10 20:07:30 2020
Job was executed on host(s) <12*lt04>, in queue <gpuqueue>, as user <nguyenm5> in cluster <lila> at Mon Aug 10 20:24:51 2020
</home/nguyenm5> was used as the home directory.
</home/nguyenm5/coding/pinot> was used as the working directory.
Started at Mon Aug 10 20:24:51 2020
Terminated at Mon Aug 10 20:30:46 2020
Results reported at Mon Aug 10 20:30:46 2020

Your job looked like:

------------------------------------------------------------
# LSBATCH: User input
/home/nguyenm5/anaconda3/envs/pinot/bin/python scripts/active/belief_active_plot.py --net semi_vgp --num_rounds 6 --num_trials 1 --num_epochs 10 --data moonshot_sorted --q 96 --acquisition ThompsonSampling --output_folder /home/nguyenm5/coding/pinot/aug-10/active-semi --index 1 --unlabeled_data moonshot_unlabeled_all --device cuda:0 --seed 2666 --unlabeled_volume 0.4
------------------------------------------------------------

Exited with exit code 1.

Resource usage summary:

    CPU time :                                   154.00 sec.
    Max Memory :                                 4 GB
    Average Memory :                             1.35 GB
    Total Requested Memory :                     192.00 GB
    Delta Memory :                               188.00 GB
    Max Swap :                                   -
    Max Processes :                              3
    Max Threads :                                8
    Run time :                                   355 sec.
    Turnaround time :                            1396 sec.

The output (if any) follows:

Namespace(acquisition='ThompsonSampling', beliefs=['ThompsonSampling', 'MaxProbabilityOfImprovement', 'MaxUCB', 'MaxExpectedImprovement'], config=['GraphConv', '64', 'activation', 'tanh', 'GraphConv', '64', 'activation', 'tanh', 'GraphConv', '64', 'activation', 'tanh', 'GraphConv', '64', 'activation', 'tanh'], data='moonshot_sorted', device='cuda:0', index=1, index_provided=True, lr=0.0001, net='semi_vgp', num_epochs=10, num_rounds=6, num_samples=1000, num_thompson_samples=1000, num_trials=1, optimizer='Adam', output_folder='/home/nguyenm5/coding/pinot/aug-10/active-semi', q=96, seed=2666, unlabeled_data='moonshot_unlabeled_all', unlabeled_volume=0.4)
0


PS:

Read file </home/nguyenm5/coding/pinot/aug-10/active-semi/ThompsonSampling_10.stderr> for stderr output of this job.

Sender: LSF System <lsfadmin@lt03>
Subject: Job 16481333: <semi-active> in cluster <lila> Exited

Job <semi-active> was submitted from host <lilac> by user <nguyenm5> in cluster <lila> at Mon Aug 10 20:07:30 2020
Job was executed on host(s) <12*lt03>, in queue <gpuqueue>, as user <nguyenm5> in cluster <lila> at Mon Aug 10 20:30:15 2020
</home/nguyenm5> was used as the home directory.
</home/nguyenm5/coding/pinot> was used as the working directory.
Started at Mon Aug 10 20:30:15 2020
Terminated at Mon Aug 10 20:33:32 2020
Results reported at Mon Aug 10 20:33:32 2020

Your job looked like:

------------------------------------------------------------
# LSBATCH: User input
/home/nguyenm5/anaconda3/envs/pinot/bin/python scripts/active/belief_active_plot.py --net semi_vgp --num_rounds 6 --num_trials 1 --num_epochs 10 --data moonshot_sorted --q 96 --acquisition ThompsonSampling --output_folder /home/nguyenm5/coding/pinot/aug-10/active-semi --index 1 --unlabeled_data moonshot_unlabeled_all --device cuda:0 --seed 417 --unlabeled_volume 0.4
------------------------------------------------------------

TERM_OWNER: job killed by owner.
Exited with exit code 130.

Resource usage summary:

    CPU time :                                   2.32 sec.
    Max Memory :                                 -
    Average Memory :                             -
    Total Requested Memory :                     192.00 GB
    Delta Memory :                               -
    Max Swap :                                   -
    Max Processes :                              3
    Max Threads :                                5
    Run time :                                   198 sec.
    Turnaround time :                            1562 sec.

The output (if any) follows:



PS:

Read file </home/nguyenm5/coding/pinot/aug-10/active-semi/ThompsonSampling_10.stderr> for stderr output of this job.

Sender: LSF System <lsfadmin@lt04>
Subject: Job 16481341: <semi-active> in cluster <lila> Exited

Job <semi-active> was submitted from host <lilac> by user <nguyenm5> in cluster <lila> at Mon Aug 10 20:07:31 2020
Job was executed on host(s) <12*lt04>, in queue <gpuqueue>, as user <nguyenm5> in cluster <lila> at Mon Aug 10 20:30:48 2020
</home/nguyenm5> was used as the home directory.
</home/nguyenm5/coding/pinot> was used as the working directory.
Started at Mon Aug 10 20:30:48 2020
Terminated at Mon Aug 10 20:33:33 2020
Results reported at Mon Aug 10 20:33:33 2020

Your job looked like:

------------------------------------------------------------
# LSBATCH: User input
/home/nguyenm5/anaconda3/envs/pinot/bin/python scripts/active/belief_active_plot.py --net semi_vgp --num_rounds 6 --num_trials 1 --num_epochs 10 --data moonshot_sorted --q 96 --acquisition ThompsonSampling --output_folder /home/nguyenm5/coding/pinot/aug-10/active-semi --index 1 --unlabeled_data moonshot_unlabeled_all --device cuda:0 --seed 1637 --unlabeled_volume 1.0
------------------------------------------------------------

TERM_OWNER: job killed by owner.
Exited with exit code 130.

Resource usage summary:

    CPU time :                                   2.25 sec.
    Max Memory :                                 -
    Average Memory :                             -
    Total Requested Memory :                     192.00 GB
    Delta Memory :                               -
    Max Swap :                                   -
    Max Processes :                              3
    Max Threads :                                5
    Run time :                                   164 sec.
    Turnaround time :                            1562 sec.

The output (if any) follows:



PS:

Read file </home/nguyenm5/coding/pinot/aug-10/active-semi/ThompsonSampling_10.stderr> for stderr output of this job.

Sender: LSF System <lsfadmin@lt07>
Subject: Job 16481462: <semi-active> in cluster <lila> Done

Job <semi-active> was submitted from host <lilac> by user <nguyenm5> in cluster <lila> at Mon Aug 10 20:47:13 2020
Job was executed on host(s) <12*lt07>, in queue <gpuqueue>, as user <nguyenm5> in cluster <lila> at Mon Aug 10 20:54:53 2020
</home/nguyenm5> was used as the home directory.
</home/nguyenm5/coding/pinot> was used as the working directory.
Started at Mon Aug 10 20:54:53 2020
Terminated at Tue Aug 11 05:48:16 2020
Results reported at Tue Aug 11 05:48:16 2020

Your job looked like:

------------------------------------------------------------
# LSBATCH: User input
/home/nguyenm5/anaconda3/envs/pinot/bin/python scripts/active/belief_active_plot.py --net semi_vgp --num_rounds 6 --num_trials 1 --num_epochs 10 --data moonshot_sorted --q 96 --acquisition ThompsonSampling --output_folder /home/nguyenm5/coding/pinot/aug-10/active-semi --index 1 --unlabeled_data moonshot_unlabeled_all --device cuda:0 --seed 1637 --unlabeled_volume 0.4
------------------------------------------------------------

Successfully completed.

Resource usage summary:

    CPU time :                                   79180.00 sec.
    Max Memory :                                 4 GB
    Average Memory :                             3.87 GB
    Total Requested Memory :                     192.00 GB
    Delta Memory :                               188.00 GB
    Max Swap :                                   -
    Max Processes :                              3
    Max Threads :                                21
    Run time :                                   32004 sec.
    Turnaround time :                            32463 sec.

The output (if any) follows:

Namespace(acquisition='ThompsonSampling', beliefs=['ThompsonSampling', 'MaxProbabilityOfImprovement', 'MaxUCB', 'MaxExpectedImprovement'], config=['GraphConv', '64', 'activation', 'tanh', 'GraphConv', '64', 'activation', 'tanh', 'GraphConv', '64', 'activation', 'tanh', 'GraphConv', '64', 'activation', 'tanh'], data='moonshot_sorted', device='cuda:0', index=1, index_provided=True, lr=0.0001, net='semi_vgp', num_epochs=10, num_rounds=6, num_samples=1000, num_thompson_samples=1000, num_trials=1, optimizer='Adam', output_folder='/home/nguyenm5/coding/pinot/aug-10/active-semi', q=96, seed=1637, unlabeled_data='moonshot_unlabeled_all', unlabeled_volume=0.4)
0
epoch loss arr
[array([7.0968313], dtype=float32), array([7.0153456], dtype=float32), array([6.9293914], dtype=float32), array([6.8441644], dtype=float32), array([6.756561], dtype=float32), array([6.6635985], dtype=float32), array([6.5660443], dtype=float32), array([6.4573245], dtype=float32), array([6.339705], dtype=float32), array([6.2143216], dtype=float32)]
epoch loss arr
[array([542.98413], dtype=float32), array([387.1738], dtype=float32), array([256.99164], dtype=float32), array([222.81432], dtype=float32), array([217.86107], dtype=float32), array([217.14154], dtype=float32), array([217.02892], dtype=float32), array([217.20622], dtype=float32), array([216.9972], dtype=float32), array([218.00037], dtype=float32)]
epoch loss arr
[array([422.10992], dtype=float32), array([417.48947], dtype=float32), array([418.57712], dtype=float32), array([420.09485], dtype=float32), array([422.6026], dtype=float32), array([424.55087], dtype=float32), array([425.05835], dtype=float32), array([425.5926], dtype=float32), array([427.88324], dtype=float32), array([431.58215], dtype=float32)]
epoch loss arr
[array([661.32733], dtype=float32), array([674.6674], dtype=float32), array([696.2932], dtype=float32), array([716.6747], dtype=float32), array([735.93256], dtype=float32), array([752.9184], dtype=float32), array([768.70026], dtype=float32), array([783.9371], dtype=float32), array([795.62476], dtype=float32), array([805.38214], dtype=float32)]
epoch loss arr
[array([1160.8872], dtype=float32), array([1155.36], dtype=float32), array([1159.028], dtype=float32), array([1146.6947], dtype=float32), array([1140.6661], dtype=float32), array([1140.3383], dtype=float32), array([1134.638], dtype=float32), array([1156.6356], dtype=float32), array([1208.6392], dtype=float32), array([1207.0079], dtype=float32)]
epoch loss arr
[array([1567.2068], dtype=float32), array([1543.4343], dtype=float32), array([1530.8738], dtype=float32), array([1523.0723], dtype=float32), array([1518.6216], dtype=float32), array([1517.3004], dtype=float32), array([1518.034], dtype=float32), array([1518.9359], dtype=float32), array([1520.3765], dtype=float32), array([1521.905], dtype=float32)]


PS:

Read file </home/nguyenm5/coding/pinot/aug-10/active-semi/ThompsonSampling_10.stderr> for stderr output of this job.

Sender: LSF System <lsfadmin@lu07>
Subject: Job 16481459: <semi-active> in cluster <lila> Done

Job <semi-active> was submitted from host <lilac> by user <nguyenm5> in cluster <lila> at Mon Aug 10 20:47:13 2020
Job was executed on host(s) <12*lu07>, in queue <gpuqueue>, as user <nguyenm5> in cluster <lila> at Mon Aug 10 20:53:42 2020
</home/nguyenm5> was used as the home directory.
</home/nguyenm5/coding/pinot> was used as the working directory.
Started at Mon Aug 10 20:53:42 2020
Terminated at Tue Aug 11 06:27:13 2020
Results reported at Tue Aug 11 06:27:13 2020

Your job looked like:

------------------------------------------------------------
# LSBATCH: User input
/home/nguyenm5/anaconda3/envs/pinot/bin/python scripts/active/belief_active_plot.py --net semi_vgp --num_rounds 6 --num_trials 1 --num_epochs 10 --data moonshot_sorted --q 96 --acquisition ThompsonSampling --output_folder /home/nguyenm5/coding/pinot/aug-10/active-semi --index 1 --unlabeled_data moonshot_unlabeled_all --device cuda:0 --seed 417 --unlabeled_volume 0.4
------------------------------------------------------------

Successfully completed.

Resource usage summary:

    CPU time :                                   91563.00 sec.
    Max Memory :                                 4 GB
    Average Memory :                             3.96 GB
    Total Requested Memory :                     192.00 GB
    Delta Memory :                               188.00 GB
    Max Swap :                                   -
    Max Processes :                              3
    Max Threads :                                21
    Run time :                                   34411 sec.
    Turnaround time :                            34800 sec.

The output (if any) follows:

Namespace(acquisition='ThompsonSampling', beliefs=['ThompsonSampling', 'MaxProbabilityOfImprovement', 'MaxUCB', 'MaxExpectedImprovement'], config=['GraphConv', '64', 'activation', 'tanh', 'GraphConv', '64', 'activation', 'tanh', 'GraphConv', '64', 'activation', 'tanh', 'GraphConv', '64', 'activation', 'tanh'], data='moonshot_sorted', device='cuda:0', index=1, index_provided=True, lr=0.0001, net='semi_vgp', num_epochs=10, num_rounds=6, num_samples=1000, num_thompson_samples=1000, num_trials=1, optimizer='Adam', output_folder='/home/nguyenm5/coding/pinot/aug-10/active-semi', q=96, seed=417, unlabeled_data='moonshot_unlabeled_all', unlabeled_volume=0.4)
0
epoch loss arr
[array([7.31064], dtype=float32), array([7.087887], dtype=float32), array([6.9941626], dtype=float32), array([6.905524], dtype=float32), array([6.815495], dtype=float32), array([6.7209635], dtype=float32), array([6.6215034], dtype=float32), array([6.5136204], dtype=float32), array([6.353655], dtype=float32), array([6.1998463], dtype=float32)]
epoch loss arr
[array([548.59186], dtype=float32), array([396.0036], dtype=float32), array([267.12796], dtype=float32), array([232.5402], dtype=float32), array([227.61191], dtype=float32), array([226.69772], dtype=float32), array([227.05862], dtype=float32), array([227.49973], dtype=float32), array([227.87239], dtype=float32), array([229.45102], dtype=float32)]
epoch loss arr
[array([412.30792], dtype=float32), array([417.65817], dtype=float32), array([419.78125], dtype=float32), array([423.1181], dtype=float32), array([425.01706], dtype=float32), array([426.12976], dtype=float32), array([422.9492], dtype=float32), array([421.5259], dtype=float32), array([424.4622], dtype=float32), array([431.01968], dtype=float32)]
epoch loss arr
[array([705.2131], dtype=float32), array([713.005], dtype=float32), array([724.4536], dtype=float32), array([740.95337], dtype=float32), array([750.38684], dtype=float32), array([773.2539], dtype=float32), array([811.72577], dtype=float32), array([811.34674], dtype=float32), array([832.60297], dtype=float32), array([835.62665], dtype=float32)]
epoch loss arr
[array([1193.4877], dtype=float32), array([1189.8859], dtype=float32), array([1190.5178], dtype=float32), array([1198.9092], dtype=float32), array([1202.3511], dtype=float32), array([1205.6569], dtype=float32), array([1202.2355], dtype=float32), array([1192.8777], dtype=float32), array([1191.2147], dtype=float32), array([1187.4954], dtype=float32)]
epoch loss arr
[array([1580.8505], dtype=float32), array([1522.175], dtype=float32), array([1515.6832], dtype=float32), array([1516.3582], dtype=float32), array([1483.9172], dtype=float32), array([1476.5605], dtype=float32), array([1486.656], dtype=float32), array([1631.0916], dtype=float32), array([1553.8397], dtype=float32), array([1516.9219], dtype=float32)]


PS:

Read file </home/nguyenm5/coding/pinot/aug-10/active-semi/ThompsonSampling_10.stderr> for stderr output of this job.

Sender: LSF System <lsfadmin@lt05>
Subject: Job 16481460: <semi-active> in cluster <lila> Done

Job <semi-active> was submitted from host <lilac> by user <nguyenm5> in cluster <lila> at Mon Aug 10 20:47:13 2020
Job was executed on host(s) <12*lt05>, in queue <gpuqueue>, as user <nguyenm5> in cluster <lila> at Mon Aug 10 20:54:21 2020
</home/nguyenm5> was used as the home directory.
</home/nguyenm5/coding/pinot> was used as the working directory.
Started at Mon Aug 10 20:54:21 2020
Terminated at Tue Aug 11 06:52:18 2020
Results reported at Tue Aug 11 06:52:18 2020

Your job looked like:

------------------------------------------------------------
# LSBATCH: User input
/home/nguyenm5/anaconda3/envs/pinot/bin/python scripts/active/belief_active_plot.py --net semi_vgp --num_rounds 6 --num_trials 1 --num_epochs 10 --data moonshot_sorted --q 96 --acquisition ThompsonSampling --output_folder /home/nguyenm5/coding/pinot/aug-10/active-semi --index 1 --unlabeled_data moonshot_unlabeled_all --device cuda:0 --seed 8888 --unlabeled_volume 0.4
------------------------------------------------------------

Successfully completed.

Resource usage summary:

    CPU time :                                   106047.00 sec.
    Max Memory :                                 4 GB
    Average Memory :                             3.85 GB
    Total Requested Memory :                     192.00 GB
    Delta Memory :                               188.00 GB
    Max Swap :                                   -
    Max Processes :                              3
    Max Threads :                                21
    Run time :                                   35876 sec.
    Turnaround time :                            36305 sec.

The output (if any) follows:

Namespace(acquisition='ThompsonSampling', beliefs=['ThompsonSampling', 'MaxProbabilityOfImprovement', 'MaxUCB', 'MaxExpectedImprovement'], config=['GraphConv', '64', 'activation', 'tanh', 'GraphConv', '64', 'activation', 'tanh', 'GraphConv', '64', 'activation', 'tanh', 'GraphConv', '64', 'activation', 'tanh'], data='moonshot_sorted', device='cuda:0', index=1, index_provided=True, lr=0.0001, net='semi_vgp', num_epochs=10, num_rounds=6, num_samples=1000, num_thompson_samples=1000, num_trials=1, optimizer='Adam', output_folder='/home/nguyenm5/coding/pinot/aug-10/active-semi', q=96, seed=8888, unlabeled_data='moonshot_unlabeled_all', unlabeled_volume=0.4)
0
epoch loss arr
[array([7.129543], dtype=float32), array([7.0832005], dtype=float32), array([6.9904256], dtype=float32), array([6.8998337], dtype=float32), array([6.8061113], dtype=float32), array([6.700321], dtype=float32), array([6.566613], dtype=float32), array([6.387498], dtype=float32), array([6.313379], dtype=float32), array([6.205583], dtype=float32)]
epoch loss arr
[array([548.2043], dtype=float32), array([387.8897], dtype=float32), array([252.07687], dtype=float32), array([213.85571], dtype=float32), array([207.22952], dtype=float32), array([205.04706], dtype=float32), array([203.71666], dtype=float32), array([203.32492], dtype=float32), array([202.91508], dtype=float32), array([203.20454], dtype=float32)]
epoch loss arr
[array([412.9253], dtype=float32), array([418.5228], dtype=float32), array([424.42307], dtype=float32), array([427.05237], dtype=float32), array([429.6602], dtype=float32), array([431.55057], dtype=float32), array([432.0816], dtype=float32), array([430.95282], dtype=float32), array([427.34085], dtype=float32), array([423.31485], dtype=float32)]
epoch loss arr
[array([720.3498], dtype=float32), array([738.9768], dtype=float32), array([760.8328], dtype=float32), array([783.9247], dtype=float32), array([805.5409], dtype=float32), array([825.5033], dtype=float32), array([841.2351], dtype=float32), array([854.11414], dtype=float32), array([868.408], dtype=float32), array([877.0925], dtype=float32)]
epoch loss arr
[array([1063.2694], dtype=float32), array([1044.5679], dtype=float32), array([1041.1993], dtype=float32), array([1039.0272], dtype=float32), array([1038.1964], dtype=float32), array([1038.2346], dtype=float32), array([1058.1747], dtype=float32), array([1057.0413], dtype=float32), array([1056.3793], dtype=float32), array([1056.1451], dtype=float32)]
epoch loss arr
[array([1459.5629], dtype=float32), array([1561.1508], dtype=float32), array([1653.063], dtype=float32), array([1539.5009], dtype=float32), array([1599.2545], dtype=float32), array([1559.019], dtype=float32), array([1549.681], dtype=float32), array([1541.5914], dtype=float32), array([1489.215], dtype=float32), array([1467.4951], dtype=float32)]


PS:

Read file </home/nguyenm5/coding/pinot/aug-10/active-semi/ThompsonSampling_10.stderr> for stderr output of this job.

Sender: LSF System <lsfadmin@lt18>
Subject: Job 16481461: <semi-active> in cluster <lila> Done

Job <semi-active> was submitted from host <lilac> by user <nguyenm5> in cluster <lila> at Mon Aug 10 20:47:13 2020
Job was executed on host(s) <12*lt18>, in queue <gpuqueue>, as user <nguyenm5> in cluster <lila> at Mon Aug 10 20:54:37 2020
</home/nguyenm5> was used as the home directory.
</home/nguyenm5/coding/pinot> was used as the working directory.
Started at Mon Aug 10 20:54:37 2020
Terminated at Tue Aug 11 07:08:09 2020
Results reported at Tue Aug 11 07:08:09 2020

Your job looked like:

------------------------------------------------------------
# LSBATCH: User input
/home/nguyenm5/anaconda3/envs/pinot/bin/python scripts/active/belief_active_plot.py --net semi_vgp --num_rounds 6 --num_trials 1 --num_epochs 10 --data moonshot_sorted --q 96 --acquisition ThompsonSampling --output_folder /home/nguyenm5/coding/pinot/aug-10/active-semi --index 1 --unlabeled_data moonshot_unlabeled_all --device cuda:0 --seed 11 --unlabeled_volume 0.4
------------------------------------------------------------

Successfully completed.

Resource usage summary:

    CPU time :                                   113834.00 sec.
    Max Memory :                                 4 GB
    Average Memory :                             3.84 GB
    Total Requested Memory :                     192.00 GB
    Delta Memory :                               188.00 GB
    Max Swap :                                   -
    Max Processes :                              3
    Max Threads :                                21
    Run time :                                   36813 sec.
    Turnaround time :                            37256 sec.

The output (if any) follows:

Namespace(acquisition='ThompsonSampling', beliefs=['ThompsonSampling', 'MaxProbabilityOfImprovement', 'MaxUCB', 'MaxExpectedImprovement'], config=['GraphConv', '64', 'activation', 'tanh', 'GraphConv', '64', 'activation', 'tanh', 'GraphConv', '64', 'activation', 'tanh', 'GraphConv', '64', 'activation', 'tanh'], data='moonshot_sorted', device='cuda:0', index=1, index_provided=True, lr=0.0001, net='semi_vgp', num_epochs=10, num_rounds=6, num_samples=1000, num_thompson_samples=1000, num_trials=1, optimizer='Adam', output_folder='/home/nguyenm5/coding/pinot/aug-10/active-semi', q=96, seed=11, unlabeled_data='moonshot_unlabeled_all', unlabeled_volume=0.4)
0
epoch loss arr
[array([6.8875375], dtype=float32), array([7.301183], dtype=float32), array([7.2248673], dtype=float32), array([7.1598406], dtype=float32), array([7.094332], dtype=float32), array([7.0266914], dtype=float32), array([6.956308], dtype=float32), array([6.882424], dtype=float32), array([6.8025208], dtype=float32), array([6.7225914], dtype=float32)]
epoch loss arr
[array([559.13184], dtype=float32), array([400.96805], dtype=float32), array([266.95767], dtype=float32), array([229.84938], dtype=float32), array([223.33704], dtype=float32), array([221.29004], dtype=float32), array([220.19849], dtype=float32), array([219.77312], dtype=float32), array([220.25447], dtype=float32), array([220.84932], dtype=float32)]
epoch loss arr
[array([421.01987], dtype=float32), array([422.87302], dtype=float32), array([427.231], dtype=float32), array([432.086], dtype=float32), array([432.48944], dtype=float32), array([431.1668], dtype=float32), array([431.21765], dtype=float32), array([430.97705], dtype=float32), array([429.94196], dtype=float32), array([431.06952], dtype=float32)]
epoch loss arr
[array([681.0728], dtype=float32), array([685.2214], dtype=float32), array([705.4784], dtype=float32), array([721.76337], dtype=float32), array([735.40015], dtype=float32), array([749.86975], dtype=float32), array([763.0129], dtype=float32), array([771.7057], dtype=float32), array([802.3881], dtype=float32), array([799.9083], dtype=float32)]
epoch loss arr
[array([1158.8617], dtype=float32), array([1138.0042], dtype=float32), array([1129.56], dtype=float32), array([1156.0154], dtype=float32), array([1150.4095], dtype=float32), array([1139.9344], dtype=float32), array([1127.1218], dtype=float32), array([1120.9006], dtype=float32), array([1119.5721], dtype=float32), array([1123.2555], dtype=float32)]
epoch loss arr
[array([1489.8248], dtype=float32), array([1474.2723], dtype=float32), array([1448.3573], dtype=float32), array([1461.353], dtype=float32), array([1462.9794], dtype=float32), array([1460.4746], dtype=float32), array([1443.6598], dtype=float32), array([1426.5188], dtype=float32), array([1408.7689], dtype=float32), array([1395.8463], dtype=float32)]


PS:

Read file </home/nguyenm5/coding/pinot/aug-10/active-semi/ThompsonSampling_10.stderr> for stderr output of this job.

Sender: LSF System <lsfadmin@lt07>
Subject: Job 16481458: <semi-active> in cluster <lila> Done

Job <semi-active> was submitted from host <lilac> by user <nguyenm5> in cluster <lila> at Mon Aug 10 20:47:13 2020
Job was executed on host(s) <12*lt07>, in queue <gpuqueue>, as user <nguyenm5> in cluster <lila> at Mon Aug 10 20:53:42 2020
</home/nguyenm5> was used as the home directory.
</home/nguyenm5/coding/pinot> was used as the working directory.
Started at Mon Aug 10 20:53:42 2020
Terminated at Tue Aug 11 07:57:08 2020
Results reported at Tue Aug 11 07:57:08 2020

Your job looked like:

------------------------------------------------------------
# LSBATCH: User input
/home/nguyenm5/anaconda3/envs/pinot/bin/python scripts/active/belief_active_plot.py --net semi_vgp --num_rounds 6 --num_trials 1 --num_epochs 10 --data moonshot_sorted --q 96 --acquisition ThompsonSampling --output_folder /home/nguyenm5/coding/pinot/aug-10/active-semi --index 1 --unlabeled_data moonshot_unlabeled_all --device cuda:0 --seed 2666 --unlabeled_volume 0.4
------------------------------------------------------------

Successfully completed.

Resource usage summary:

    CPU time :                                   128987.00 sec.
    Max Memory :                                 4 GB
    Average Memory :                             3.87 GB
    Total Requested Memory :                     192.00 GB
    Delta Memory :                               188.00 GB
    Max Swap :                                   -
    Max Processes :                              3
    Max Threads :                                21
    Run time :                                   39807 sec.
    Turnaround time :                            40195 sec.

The output (if any) follows:

Namespace(acquisition='ThompsonSampling', beliefs=['ThompsonSampling', 'MaxProbabilityOfImprovement', 'MaxUCB', 'MaxExpectedImprovement'], config=['GraphConv', '64', 'activation', 'tanh', 'GraphConv', '64', 'activation', 'tanh', 'GraphConv', '64', 'activation', 'tanh', 'GraphConv', '64', 'activation', 'tanh'], data='moonshot_sorted', device='cuda:0', index=1, index_provided=True, lr=0.0001, net='semi_vgp', num_epochs=10, num_rounds=6, num_samples=1000, num_thompson_samples=1000, num_trials=1, optimizer='Adam', output_folder='/home/nguyenm5/coding/pinot/aug-10/active-semi', q=96, seed=2666, unlabeled_data='moonshot_unlabeled_all', unlabeled_volume=0.4)
0
epoch loss arr
[array([6.9022756], dtype=float32), array([7.129655], dtype=float32), array([7.035048], dtype=float32), array([6.9329386], dtype=float32), array([6.843555], dtype=float32), array([6.7526207], dtype=float32), array([6.6590166], dtype=float32), array([6.556176], dtype=float32), array([6.4438], dtype=float32), array([6.3070846], dtype=float32)]
epoch loss arr
[array([533.4354], dtype=float32), array([375.02805], dtype=float32), array([242.89613], dtype=float32), array([206.45895], dtype=float32), array([199.25655], dtype=float32), array([196.6118], dtype=float32), array([195.18604], dtype=float32), array([194.0857], dtype=float32), array([194.26357], dtype=float32), array([193.27478], dtype=float32)]
epoch loss arr
[array([437.69305], dtype=float32), array([430.64325], dtype=float32), array([437.75064], dtype=float32), array([439.18665], dtype=float32), array([437.28882], dtype=float32), array([435.31067], dtype=float32), array([425.17197], dtype=float32), array([426.24237], dtype=float32), array([431.1707], dtype=float32), array([438.757], dtype=float32)]
epoch loss arr
[array([704.68787], dtype=float32), array([720.3345], dtype=float32), array([739.7493], dtype=float32), array([753.60913], dtype=float32), array([763.5487], dtype=float32), array([763.75256], dtype=float32), array([748.88446], dtype=float32), array([773.42725], dtype=float32), array([767.5237], dtype=float32), array([784.8131], dtype=float32)]
epoch loss arr
[array([1104.5414], dtype=float32), array([1063.1481], dtype=float32), array([1066.4357], dtype=float32), array([1071.5485], dtype=float32), array([1113.1558], dtype=float32), array([1061.7086], dtype=float32), array([1120.9001], dtype=float32), array([1133.5425], dtype=float32), array([1133.8654], dtype=float32), array([1111.6158], dtype=float32)]
epoch loss arr
[array([1457.2047], dtype=float32), array([1481.9547], dtype=float32), array([1483.8234], dtype=float32), array([1498.4258], dtype=float32), array([1502.1907], dtype=float32), array([1532.0275], dtype=float32), array([1522.5511], dtype=float32), array([1521.9878], dtype=float32), array([1510.2725], dtype=float32), array([1524.4705], dtype=float32)]


PS:

Read file </home/nguyenm5/coding/pinot/aug-10/active-semi/ThompsonSampling_10.stderr> for stderr output of this job.

Sender: LSF System <lsfadmin@lu06>
Subject: Job 16481464: <semi-active> in cluster <lila> Done

Job <semi-active> was submitted from host <lilac> by user <nguyenm5> in cluster <lila> at Mon Aug 10 20:47:13 2020
Job was executed on host(s) <12*lu06>, in queue <gpuqueue>, as user <nguyenm5> in cluster <lila> at Mon Aug 10 20:57:49 2020
</home/nguyenm5> was used as the home directory.
</home/nguyenm5/coding/pinot> was used as the working directory.
Started at Mon Aug 10 20:57:49 2020
Terminated at Tue Aug 11 15:10:07 2020
Results reported at Tue Aug 11 15:10:07 2020

Your job looked like:

------------------------------------------------------------
# LSBATCH: User input
/home/nguyenm5/anaconda3/envs/pinot/bin/python scripts/active/belief_active_plot.py --net semi_vgp --num_rounds 6 --num_trials 1 --num_epochs 10 --data moonshot_sorted --q 96 --acquisition ThompsonSampling --output_folder /home/nguyenm5/coding/pinot/aug-10/active-semi --index 1 --unlabeled_data moonshot_unlabeled_all --device cuda:0 --seed 417 --unlabeled_volume 1.0
------------------------------------------------------------

Successfully completed.

Resource usage summary:

    CPU time :                                   276371.00 sec.
    Max Memory :                                 5 GB
    Average Memory :                             4.96 GB
    Total Requested Memory :                     192.00 GB
    Delta Memory :                               187.00 GB
    Max Swap :                                   -
    Max Processes :                              4
    Max Threads :                                21
    Run time :                                   65539 sec.
    Turnaround time :                            66174 sec.

The output (if any) follows:

Namespace(acquisition='ThompsonSampling', beliefs=['ThompsonSampling', 'MaxProbabilityOfImprovement', 'MaxUCB', 'MaxExpectedImprovement'], config=['GraphConv', '64', 'activation', 'tanh', 'GraphConv', '64', 'activation', 'tanh', 'GraphConv', '64', 'activation', 'tanh', 'GraphConv', '64', 'activation', 'tanh'], data='moonshot_sorted', device='cuda:0', index=1, index_provided=True, lr=0.0001, net='semi_vgp', num_epochs=10, num_rounds=6, num_samples=1000, num_thompson_samples=1000, num_trials=1, optimizer='Adam', output_folder='/home/nguyenm5/coding/pinot/aug-10/active-semi', q=96, seed=417, unlabeled_data='moonshot_unlabeled_all', unlabeled_volume=1.0)
0
epoch loss arr
[array([7.191075], dtype=float32), array([6.969486], dtype=float32), array([6.754498], dtype=float32), array([6.4861345], dtype=float32), array([6.2182226], dtype=float32), array([5.947144], dtype=float32), array([5.95905], dtype=float32), array([7.5762978], dtype=float32), array([7.422746], dtype=float32), array([7.9723687], dtype=float32)]
epoch loss arr
[array([475.2287], dtype=float32), array([279.71317], dtype=float32), array([270.01697], dtype=float32), array([267.40527], dtype=float32), array([265.12415], dtype=float32), array([264.029], dtype=float32), array([262.2771], dtype=float32), array([261.32092], dtype=float32), array([260.5018], dtype=float32), array([259.9297], dtype=float32)]
epoch loss arr
[array([484.48514], dtype=float32), array([479.0614], dtype=float32), array([482.9566], dtype=float32), array([485.6208], dtype=float32), array([489.83917], dtype=float32), array([490.8366], dtype=float32), array([489.42935], dtype=float32), array([487.79428], dtype=float32), array([485.2425], dtype=float32), array([482.62723], dtype=float32)]
epoch loss arr
[array([685.2791], dtype=float32), array([685.25323], dtype=float32), array([693.24335], dtype=float32), array([706.9874], dtype=float32), array([724.2286], dtype=float32), array([741.6267], dtype=float32), array([758.70105], dtype=float32), array([774.70374], dtype=float32), array([788.1493], dtype=float32), array([800.2014], dtype=float32)]
epoch loss arr
[array([1140.6055], dtype=float32), array([1131.0393], dtype=float32), array([1141.9484], dtype=float32), array([1150.7767], dtype=float32), array([1158.2909], dtype=float32), array([1166.9777], dtype=float32), array([1174.2681], dtype=float32), array([1178.667], dtype=float32), array([1179.5616], dtype=float32), array([1188.6914], dtype=float32)]
epoch loss arr
[array([1620.91], dtype=float32), array([1666.4829], dtype=float32), array([1684.4479], dtype=float32), array([1730.6656], dtype=float32), array([1767.2874], dtype=float32), array([1774.5165], dtype=float32), array([1786.0839], dtype=float32), array([1792.08], dtype=float32), array([1800.1102], dtype=float32), array([1794.5066], dtype=float32)]


PS:

Read file </home/nguyenm5/coding/pinot/aug-10/active-semi/ThompsonSampling_10.stderr> for stderr output of this job.

Sender: LSF System <lsfadmin@lt04>
Subject: Job 16481465: <semi-active> in cluster <lila> Done

Job <semi-active> was submitted from host <lilac> by user <nguyenm5> in cluster <lila> at Mon Aug 10 20:47:13 2020
Job was executed on host(s) <12*lt04>, in queue <gpuqueue>, as user <nguyenm5> in cluster <lila> at Mon Aug 10 20:58:06 2020
</home/nguyenm5> was used as the home directory.
</home/nguyenm5/coding/pinot> was used as the working directory.
Started at Mon Aug 10 20:58:06 2020
Terminated at Tue Aug 11 15:11:48 2020
Results reported at Tue Aug 11 15:11:48 2020

Your job looked like:

------------------------------------------------------------
# LSBATCH: User input
/home/nguyenm5/anaconda3/envs/pinot/bin/python scripts/active/belief_active_plot.py --net semi_vgp --num_rounds 6 --num_trials 1 --num_epochs 10 --data moonshot_sorted --q 96 --acquisition ThompsonSampling --output_folder /home/nguyenm5/coding/pinot/aug-10/active-semi --index 1 --unlabeled_data moonshot_unlabeled_all --device cuda:0 --seed 8888 --unlabeled_volume 1.0
------------------------------------------------------------

Successfully completed.

Resource usage summary:

    CPU time :                                   180383.00 sec.
    Max Memory :                                 5 GB
    Average Memory :                             4.54 GB
    Total Requested Memory :                     192.00 GB
    Delta Memory :                               187.00 GB
    Max Swap :                                   -
    Max Processes :                              3
    Max Threads :                                21
    Run time :                                   65624 sec.
    Turnaround time :                            66275 sec.

The output (if any) follows:

Namespace(acquisition='ThompsonSampling', beliefs=['ThompsonSampling', 'MaxProbabilityOfImprovement', 'MaxUCB', 'MaxExpectedImprovement'], config=['GraphConv', '64', 'activation', 'tanh', 'GraphConv', '64', 'activation', 'tanh', 'GraphConv', '64', 'activation', 'tanh', 'GraphConv', '64', 'activation', 'tanh'], data='moonshot_sorted', device='cuda:0', index=1, index_provided=True, lr=0.0001, net='semi_vgp', num_epochs=10, num_rounds=6, num_samples=1000, num_thompson_samples=1000, num_trials=1, optimizer='Adam', output_folder='/home/nguyenm5/coding/pinot/aug-10/active-semi', q=96, seed=8888, unlabeled_data='moonshot_unlabeled_all', unlabeled_volume=1.0)
0
epoch loss arr
[array([7.163225], dtype=float32), array([6.959086], dtype=float32), array([6.738423], dtype=float32), array([6.4624662], dtype=float32), array([6.226519], dtype=float32), array([6.0590324], dtype=float32), array([6.010178], dtype=float32), array([7.5970564], dtype=float32), array([7.439655], dtype=float32), array([7.994655], dtype=float32)]
epoch loss arr
[array([479.04886], dtype=float32), array([282.31082], dtype=float32), array([272.49515], dtype=float32), array([269.70444], dtype=float32), array([267.742], dtype=float32), array([266.36053], dtype=float32), array([265.31665], dtype=float32), array([263.99835], dtype=float32), array([262.4015], dtype=float32), array([261.8137], dtype=float32)]
epoch loss arr
[array([458.88498], dtype=float32), array([450.622], dtype=float32), array([450.37555], dtype=float32), array([450.39523], dtype=float32), array([451.9194], dtype=float32), array([454.56616], dtype=float32), array([456.95462], dtype=float32), array([457.54224], dtype=float32), array([457.554], dtype=float32), array([460.7058], dtype=float32)]
epoch loss arr
[array([662.4127], dtype=float32), array([662.6344], dtype=float32), array([661.3053], dtype=float32), array([666.13184], dtype=float32), array([679.67114], dtype=float32), array([695.9207], dtype=float32), array([709.5498], dtype=float32), array([724.1177], dtype=float32), array([734.7792], dtype=float32), array([742.6329], dtype=float32)]
epoch loss arr
[array([1152.2501], dtype=float32), array([1184.5217], dtype=float32), array([1206.9409], dtype=float32), array([1231.6182], dtype=float32), array([1257.7916], dtype=float32), array([1282.0109], dtype=float32), array([1293.9667], dtype=float32), array([1246.1752], dtype=float32), array([1237.6078], dtype=float32), array([1247.2687], dtype=float32)]
epoch loss arr
[array([1574.3174], dtype=float32), array([1547.738], dtype=float32), array([1525.4436], dtype=float32), array([1533.299], dtype=float32), array([1537.7498], dtype=float32), array([1514.2229], dtype=float32), array([1523.5309], dtype=float32), array([1507.375], dtype=float32), array([1510.6968], dtype=float32), array([1515.5674], dtype=float32)]


PS:

Read file </home/nguyenm5/coding/pinot/aug-10/active-semi/ThompsonSampling_10.stderr> for stderr output of this job.

Sender: LSF System <lsfadmin@lu07>
Subject: Job 16481463: <semi-active> in cluster <lila> Done

Job <semi-active> was submitted from host <lilac> by user <nguyenm5> in cluster <lila> at Mon Aug 10 20:47:13 2020
Job was executed on host(s) <12*lu07>, in queue <gpuqueue>, as user <nguyenm5> in cluster <lila> at Mon Aug 10 20:56:29 2020
</home/nguyenm5> was used as the home directory.
</home/nguyenm5/coding/pinot> was used as the working directory.
Started at Mon Aug 10 20:56:29 2020
Terminated at Tue Aug 11 15:44:08 2020
Results reported at Tue Aug 11 15:44:08 2020

Your job looked like:

------------------------------------------------------------
# LSBATCH: User input
/home/nguyenm5/anaconda3/envs/pinot/bin/python scripts/active/belief_active_plot.py --net semi_vgp --num_rounds 6 --num_trials 1 --num_epochs 10 --data moonshot_sorted --q 96 --acquisition ThompsonSampling --output_folder /home/nguyenm5/coding/pinot/aug-10/active-semi --index 1 --unlabeled_data moonshot_unlabeled_all --device cuda:0 --seed 2666 --unlabeled_volume 1.0
------------------------------------------------------------

Successfully completed.

Resource usage summary:

    CPU time :                                   227924.00 sec.
    Max Memory :                                 5 GB
    Average Memory :                             4.98 GB
    Total Requested Memory :                     192.00 GB
    Delta Memory :                               187.00 GB
    Max Swap :                                   -
    Max Processes :                              4
    Max Threads :                                21
    Run time :                                   67657 sec.
    Turnaround time :                            68215 sec.

The output (if any) follows:

Namespace(acquisition='ThompsonSampling', beliefs=['ThompsonSampling', 'MaxProbabilityOfImprovement', 'MaxUCB', 'MaxExpectedImprovement'], config=['GraphConv', '64', 'activation', 'tanh', 'GraphConv', '64', 'activation', 'tanh', 'GraphConv', '64', 'activation', 'tanh', 'GraphConv', '64', 'activation', 'tanh'], data='moonshot_sorted', device='cuda:0', index=1, index_provided=True, lr=0.0001, net='semi_vgp', num_epochs=10, num_rounds=6, num_samples=1000, num_thompson_samples=1000, num_trials=1, optimizer='Adam', output_folder='/home/nguyenm5/coding/pinot/aug-10/active-semi', q=96, seed=2666, unlabeled_data='moonshot_unlabeled_all', unlabeled_volume=1.0)
0
epoch loss arr
[array([7.139245], dtype=float32), array([6.9674854], dtype=float32), array([6.750939], dtype=float32), array([6.482051], dtype=float32), array([6.2028885], dtype=float32), array([5.951018], dtype=float32), array([5.891885], dtype=float32), array([7.721633], dtype=float32), array([7.3570595], dtype=float32), array([7.969392], dtype=float32)]
epoch loss arr
[array([469.2833], dtype=float32), array([271.24484], dtype=float32), array([259.6563], dtype=float32), array([255.02269], dtype=float32), array([251.77213], dtype=float32), array([247.7942], dtype=float32), array([244.97173], dtype=float32), array([243.48395], dtype=float32), array([241.9431], dtype=float32), array([239.82504], dtype=float32)]
epoch loss arr
[array([435.49805], dtype=float32), array([426.86572], dtype=float32), array([426.9694], dtype=float32), array([427.51547], dtype=float32), array([430.44247], dtype=float32), array([438.8114], dtype=float32), array([436.9593], dtype=float32), array([442.25], dtype=float32), array([452.22382], dtype=float32), array([451.7785], dtype=float32)]
epoch loss arr
[array([679.77124], dtype=float32), array([684.32153], dtype=float32), array([708.24884], dtype=float32), array([737.87415], dtype=float32), array([755.70935], dtype=float32), array([772.9291], dtype=float32), array([801.3483], dtype=float32), array([817.9604], dtype=float32), array([844.8091], dtype=float32), array([851.1942], dtype=float32)]
epoch loss arr
[array([1234.1481], dtype=float32), array([1273.1954], dtype=float32), array([1289.9923], dtype=float32), array([1291.231], dtype=float32), array([1301.8037], dtype=float32), array([1306.0956], dtype=float32), array([1300.2915], dtype=float32), array([1312.9391], dtype=float32), array([1314.5532], dtype=float32), array([1310.0304], dtype=float32)]
epoch loss arr
[array([1842.4843], dtype=float32), array([1753.064], dtype=float32), array([1755.8834], dtype=float32), array([1729.7003], dtype=float32), array([1708.7799], dtype=float32), array([1723.5675], dtype=float32), array([1723.1635], dtype=float32), array([1748.7504], dtype=float32), array([1771.1906], dtype=float32), array([1808.0656], dtype=float32)]


PS:

Read file </home/nguyenm5/coding/pinot/aug-10/active-semi/ThompsonSampling_10.stderr> for stderr output of this job.

Sender: LSF System <lsfadmin@lt11>
Subject: Job 16481467: <semi-active> in cluster <lila> Done

Job <semi-active> was submitted from host <lilac> by user <nguyenm5> in cluster <lila> at Mon Aug 10 20:47:14 2020
Job was executed on host(s) <12*lt11>, in queue <gpuqueue>, as user <nguyenm5> in cluster <lila> at Mon Aug 10 20:58:37 2020
</home/nguyenm5> was used as the home directory.
</home/nguyenm5/coding/pinot> was used as the working directory.
Started at Mon Aug 10 20:58:37 2020
Terminated at Tue Aug 11 16:34:17 2020
Results reported at Tue Aug 11 16:34:17 2020

Your job looked like:

------------------------------------------------------------
# LSBATCH: User input
/home/nguyenm5/anaconda3/envs/pinot/bin/python scripts/active/belief_active_plot.py --net semi_vgp --num_rounds 6 --num_trials 1 --num_epochs 10 --data moonshot_sorted --q 96 --acquisition ThompsonSampling --output_folder /home/nguyenm5/coding/pinot/aug-10/active-semi --index 1 --unlabeled_data moonshot_unlabeled_all --device cuda:0 --seed 1637 --unlabeled_volume 1.0
------------------------------------------------------------

Successfully completed.

Resource usage summary:

    CPU time :                                   207459.00 sec.
    Max Memory :                                 5 GB
    Average Memory :                             4.52 GB
    Total Requested Memory :                     192.00 GB
    Delta Memory :                               187.00 GB
    Max Swap :                                   -
    Max Processes :                              4
    Max Threads :                                21
    Run time :                                   70542 sec.
    Turnaround time :                            71223 sec.

The output (if any) follows:

Namespace(acquisition='ThompsonSampling', beliefs=['ThompsonSampling', 'MaxProbabilityOfImprovement', 'MaxUCB', 'MaxExpectedImprovement'], config=['GraphConv', '64', 'activation', 'tanh', 'GraphConv', '64', 'activation', 'tanh', 'GraphConv', '64', 'activation', 'tanh', 'GraphConv', '64', 'activation', 'tanh'], data='moonshot_sorted', device='cuda:0', index=1, index_provided=True, lr=0.0001, net='semi_vgp', num_epochs=10, num_rounds=6, num_samples=1000, num_thompson_samples=1000, num_trials=1, optimizer='Adam', output_folder='/home/nguyenm5/coding/pinot/aug-10/active-semi', q=96, seed=1637, unlabeled_data='moonshot_unlabeled_all', unlabeled_volume=1.0)
0
epoch loss arr
[array([7.1476727], dtype=float32), array([6.938188], dtype=float32), array([6.727593], dtype=float32), array([6.492766], dtype=float32), array([6.225782], dtype=float32), array([6.0136375], dtype=float32), array([5.976903], dtype=float32), array([7.6305], dtype=float32), array([7.4332924], dtype=float32), array([8.075537], dtype=float32)]
epoch loss arr
[array([472.0097], dtype=float32), array([275.12366], dtype=float32), array([264.77173], dtype=float32), array([260.9573], dtype=float32), array([257.99625], dtype=float32), array([255.61163], dtype=float32), array([253.69376], dtype=float32), array([251.03452], dtype=float32), array([249.32724], dtype=float32), array([247.59273], dtype=float32)]
epoch loss arr
[array([459.37088], dtype=float32), array([451.88205], dtype=float32), array([452.36545], dtype=float32), array([457.19382], dtype=float32), array([461.36038], dtype=float32), array([464.63318], dtype=float32), array([468.612], dtype=float32), array([471.18085], dtype=float32), array([467.86493], dtype=float32), array([466.1789], dtype=float32)]
epoch loss arr
[array([669.5629], dtype=float32), array([676.0167], dtype=float32), array([694.01105], dtype=float32), array([712.9565], dtype=float32), array([729.01276], dtype=float32), array([745.8321], dtype=float32), array([761.151], dtype=float32), array([775.004], dtype=float32), array([782.27936], dtype=float32), array([789.59235], dtype=float32)]
epoch loss arr
[array([1220.106], dtype=float32), array([1252.6421], dtype=float32), array([1259.585], dtype=float32), array([1260.7485], dtype=float32), array([1269.0752], dtype=float32), array([1229.9926], dtype=float32), array([1247.0973], dtype=float32), array([1298.711], dtype=float32), array([1445.4126], dtype=float32), array([1432.5414], dtype=float32)]
epoch loss arr
[array([1751.5865], dtype=float32), array([1762.8961], dtype=float32), array([1778.6079], dtype=float32), array([1790.9972], dtype=float32), array([1800.6876], dtype=float32), array([1806.7122], dtype=float32), array([1813.58], dtype=float32), array([1822.3812], dtype=float32), array([1826.0259], dtype=float32), array([1829.1339], dtype=float32)]


PS:

Read file </home/nguyenm5/coding/pinot/aug-10/active-semi/ThompsonSampling_10.stderr> for stderr output of this job.

Sender: LSF System <lsfadmin@lt12>
Subject: Job 16481466: <semi-active> in cluster <lila> Done

Job <semi-active> was submitted from host <lilac> by user <nguyenm5> in cluster <lila> at Mon Aug 10 20:47:14 2020
Job was executed on host(s) <12*lt12>, in queue <gpuqueue>, as user <nguyenm5> in cluster <lila> at Mon Aug 10 20:58:21 2020
</home/nguyenm5> was used as the home directory.
</home/nguyenm5/coding/pinot> was used as the working directory.
Started at Mon Aug 10 20:58:21 2020
Terminated at Tue Aug 11 18:27:20 2020
Results reported at Tue Aug 11 18:27:20 2020

Your job looked like:

------------------------------------------------------------
# LSBATCH: User input
/home/nguyenm5/anaconda3/envs/pinot/bin/python scripts/active/belief_active_plot.py --net semi_vgp --num_rounds 6 --num_trials 1 --num_epochs 10 --data moonshot_sorted --q 96 --acquisition ThompsonSampling --output_folder /home/nguyenm5/coding/pinot/aug-10/active-semi --index 1 --unlabeled_data moonshot_unlabeled_all --device cuda:0 --seed 11 --unlabeled_volume 1.0
------------------------------------------------------------

Successfully completed.

Resource usage summary:

    CPU time :                                   277061.00 sec.
    Max Memory :                                 5 GB
    Average Memory :                             4.53 GB
    Total Requested Memory :                     192.00 GB
    Delta Memory :                               187.00 GB
    Max Swap :                                   -
    Max Processes :                              3
    Max Threads :                                21
    Run time :                                   77340 sec.
    Turnaround time :                            78006 sec.

The output (if any) follows:

Namespace(acquisition='ThompsonSampling', beliefs=['ThompsonSampling', 'MaxProbabilityOfImprovement', 'MaxUCB', 'MaxExpectedImprovement'], config=['GraphConv', '64', 'activation', 'tanh', 'GraphConv', '64', 'activation', 'tanh', 'GraphConv', '64', 'activation', 'tanh', 'GraphConv', '64', 'activation', 'tanh'], data='moonshot_sorted', device='cuda:0', index=1, index_provided=True, lr=0.0001, net='semi_vgp', num_epochs=10, num_rounds=6, num_samples=1000, num_thompson_samples=1000, num_trials=1, optimizer='Adam', output_folder='/home/nguyenm5/coding/pinot/aug-10/active-semi', q=96, seed=11, unlabeled_data='moonshot_unlabeled_all', unlabeled_volume=1.0)
0
epoch loss arr
[array([7.1238303], dtype=float32), array([6.9720716], dtype=float32), array([6.7600374], dtype=float32), array([6.523725], dtype=float32), array([6.254163], dtype=float32), array([6.0129666], dtype=float32), array([5.992563], dtype=float32), array([7.6463556], dtype=float32), array([7.4491262], dtype=float32), array([8.106907], dtype=float32)]
epoch loss arr
[array([472.5756], dtype=float32), array([275.3463], dtype=float32), array([264.82968], dtype=float32), array([260.90277], dtype=float32), array([258.25058], dtype=float32), array([255.77362], dtype=float32), array([253.75537], dtype=float32), array([252.27252], dtype=float32), array([250.95972], dtype=float32), array([249.61055], dtype=float32)]
epoch loss arr
[array([433.50183], dtype=float32), array([422.1587], dtype=float32), array([420.42908], dtype=float32), array([420.67905], dtype=float32), array([422.66705], dtype=float32), array([424.3564], dtype=float32), array([425.55624], dtype=float32), array([425.78156], dtype=float32), array([424.16248], dtype=float32), array([424.38672], dtype=float32)]
epoch loss arr
[array([667.21185], dtype=float32), array([673.94293], dtype=float32), array([691.02924], dtype=float32), array([717.93665], dtype=float32), array([753.236], dtype=float32), array([791.32544], dtype=float32), array([820.99976], dtype=float32), array([846.6588], dtype=float32), array([871.93], dtype=float32), array([897.14716], dtype=float32)]
epoch loss arr
[array([1264.4838], dtype=float32), array([1302.7328], dtype=float32), array([1301.4459], dtype=float32), array([1301.5383], dtype=float32), array([1302.9174], dtype=float32), array([1304.9722], dtype=float32), array([1306.7986], dtype=float32), array([1308.6346], dtype=float32), array([1309.2151], dtype=float32), array([1308.6534], dtype=float32)]
epoch loss arr
[array([1693.5779], dtype=float32), array([1689.3916], dtype=float32), array([1690.6398], dtype=float32), array([1691.6774], dtype=float32), array([1693.3563], dtype=float32), array([1696.8539], dtype=float32), array([1700.1301], dtype=float32), array([1698.9763], dtype=float32), array([1699.4628], dtype=float32), array([1699.6847], dtype=float32)]


PS:

Read file </home/nguyenm5/coding/pinot/aug-10/active-semi/ThompsonSampling_10.stderr> for stderr output of this job.

