Sender: LSF System <lsfadmin@ls14>
Subject: Job 14788394: <_gp_bbb_EdgeConv_1e-4> in cluster <lila> Done

Job <_gp_bbb_EdgeConv_1e-4> was submitted from host <lx08> by user <wangy1> in cluster <lila> at Tue Jun  2 12:52:18 2020
Job was executed on host(s) <12*ls14>, in queue <gpuqueue>, as user <wangy1> in cluster <lila> at Tue Jun  2 12:52:19 2020
</home/wangy1> was used as the home directory.
</data/chodera/wangyq/pinot/scripts/gp_comparison> was used as the working directory.
Started at Tue Jun  2 12:52:19 2020
Terminated at Tue Jun  2 13:26:12 2020
Results reported at Tue Jun  2 13:26:12 2020

Your job looked like:

------------------------------------------------------------
# LSBATCH: User input
python ../../pinot/app/gp_train.py --layer EdgeConv --optimizer bbb --lr 1e-4 --out _gp_bbb_EdgeConv_1e-4 --n_epochs 1000
------------------------------------------------------------

Successfully completed.

Resource usage summary:

    CPU time :                                   2564.25 sec.
    Max Memory :                                 1 GB
    Average Memory :                             1.00 GB
    Total Requested Memory :                     48.00 GB
    Delta Memory :                               47.00 GB
    Max Swap :                                   -
    Max Processes :                              3
    Max Threads :                                20
    Run time :                                   2032 sec.
    Turnaround time :                            2034 sec.

The output (if any) follows:



PS:

Read file <14788394.stderr> for stderr output of this job.

