Sender: LSF System <lsfadmin@ls01>
Subject: Job 14788381: <_gp_adam_GINConv_1e-3> in cluster <lila> Done

Job <_gp_adam_GINConv_1e-3> was submitted from host <lx08> by user <wangy1> in cluster <lila> at Tue Jun  2 12:52:18 2020
Job was executed on host(s) <12*ls01>, in queue <gpuqueue>, as user <wangy1> in cluster <lila> at Tue Jun  2 12:52:18 2020
</home/wangy1> was used as the home directory.
</data/chodera/wangyq/pinot/scripts/gp_comparison> was used as the working directory.
Started at Tue Jun  2 12:52:18 2020
Terminated at Tue Jun  2 13:01:43 2020
Results reported at Tue Jun  2 13:01:43 2020

Your job looked like:

------------------------------------------------------------
# LSBATCH: User input
python ../../pinot/app/gp_train.py --layer GINConv --optimizer adam --lr 1e-3 --out _gp_adam_GINConv_1e-3 --n_epochs 1000
------------------------------------------------------------

Successfully completed.

Resource usage summary:

    CPU time :                                   1096.87 sec.
    Max Memory :                                 2 GB
    Average Memory :                             1.97 GB
    Total Requested Memory :                     48.00 GB
    Delta Memory :                               46.00 GB
    Max Swap :                                   -
    Max Processes :                              3
    Max Threads :                                20
    Run time :                                   565 sec.
    Turnaround time :                            565 sec.

The output (if any) follows:



PS:

Read file <14788381.stderr> for stderr output of this job.

