Sender: LSF System <lsfadmin@ls14>
Subject: Job 14804817: <_gp_Adam_GINConv_1e-3> in cluster <lila> Exited

Job <_gp_Adam_GINConv_1e-3> was submitted from host <lx12> by user <wangy1> in cluster <lila> at Mon Jun  8 12:41:50 2020
Job was executed on host(s) <12*ls14>, in queue <gpuqueue>, as user <wangy1> in cluster <lila> at Mon Jun  8 12:41:50 2020
</home/wangy1> was used as the home directory.
</data/chodera/wangyq/pinot/scripts/gp_comparison> was used as the working directory.
Started at Mon Jun  8 12:41:50 2020
Terminated at Mon Jun  8 12:42:49 2020
Results reported at Mon Jun  8 12:42:49 2020

Your job looked like:

------------------------------------------------------------
# LSBATCH: User input
python ../../pinot/app/gp_train.py --layer GINConv --optimizer Adam --lr 1e-3 --out _gp_Adam_GINConv_1e-3 --n_epochs 100
------------------------------------------------------------

Exited with exit code 1.

Resource usage summary:

    CPU time :                                   137.08 sec.
    Max Memory :                                 2 GB
    Average Memory :                             1.39 GB
    Total Requested Memory :                     48.00 GB
    Delta Memory :                               46.00 GB
    Max Swap :                                   -
    Max Processes :                              3
    Max Threads :                                20
    Run time :                                   60 sec.
    Turnaround time :                            59 sec.

The output (if any) follows:

Parameter containing:
tensor(1., device='cuda:0', requires_grad=True)
Parameter containing:
tensor(0.9990, device='cuda:0', requires_grad=True)
Parameter containing:
tensor(0.9980, device='cuda:0', requires_grad=True)
Parameter containing:
tensor(0.9970, device='cuda:0', requires_grad=True)
Parameter containing:
tensor(0.9961, device='cuda:0', requires_grad=True)
Parameter containing:
tensor(0.9951, device='cuda:0', requires_grad=True)
Parameter containing:
tensor(0.9941, device='cuda:0', requires_grad=True)
Parameter containing:
tensor(0.9930, device='cuda:0', requires_grad=True)
Parameter containing:
tensor(0.9920, device='cuda:0', requires_grad=True)
Parameter containing:
tensor(0.9910, device='cuda:0', requires_grad=True)
Parameter containing:
tensor(0.9900, device='cuda:0', requires_grad=True)
Parameter containing:
tensor(0.9889, device='cuda:0', requires_grad=True)
Parameter containing:
tensor(0.9879, device='cuda:0', requires_grad=True)
Parameter containing:
tensor(0.9869, device='cuda:0', requires_grad=True)
Parameter containing:
tensor(0.9858, device='cuda:0', requires_grad=True)
Parameter containing:
tensor(0.9848, device='cuda:0', requires_grad=True)
Parameter containing:
tensor(0.9837, device='cuda:0', requires_grad=True)
Parameter containing:
tensor(0.9827, device='cuda:0', requires_grad=True)
Parameter containing:
tensor(0.9816, device='cuda:0', requires_grad=True)
Parameter containing:
tensor(0.9806, device='cuda:0', requires_grad=True)
Parameter containing:
tensor(0.9795, device='cuda:0', requires_grad=True)
Parameter containing:
tensor(0.9785, device='cuda:0', requires_grad=True)
Parameter containing:
tensor(0.9774, device='cuda:0', requires_grad=True)
Parameter containing:
tensor(0.9764, device='cuda:0', requires_grad=True)
Parameter containing:
tensor(0.9753, device='cuda:0', requires_grad=True)
Parameter containing:
tensor(0.9743, device='cuda:0', requires_grad=True)
Parameter containing:
tensor(0.9732, device='cuda:0', requires_grad=True)
Parameter containing:
tensor(0.9721, device='cuda:0', requires_grad=True)
Parameter containing:
tensor(0.9711, device='cuda:0', requires_grad=True)
Parameter containing:
tensor(0.9700, device='cuda:0', requires_grad=True)
Parameter containing:
tensor(0.9690, device='cuda:0', requires_grad=True)
Parameter containing:
tensor(0.9679, device='cuda:0', requires_grad=True)
Parameter containing:
tensor(0.9668, device='cuda:0', requires_grad=True)
Parameter containing:
tensor(0.9658, device='cuda:0', requires_grad=True)
Parameter containing:
tensor(0.9647, device='cuda:0', requires_grad=True)
Parameter containing:
tensor(0.9636, device='cuda:0', requires_grad=True)
Parameter containing:
tensor(0.9626, device='cuda:0', requires_grad=True)
Parameter containing:
tensor(0.9615, device='cuda:0', requires_grad=True)
Parameter containing:
tensor(0.9604, device='cuda:0', requires_grad=True)
Parameter containing:
tensor(0.9593, device='cuda:0', requires_grad=True)
Parameter containing:
tensor(0.9582, device='cuda:0', requires_grad=True)
Parameter containing:
tensor(0.9572, device='cuda:0', requires_grad=True)
Parameter containing:
tensor(0.9561, device='cuda:0', requires_grad=True)
Parameter containing:
tensor(0.9550, device='cuda:0', requires_grad=True)
Parameter containing:
tensor(0.9539, device='cuda:0', requires_grad=True)
Parameter containing:
tensor(0.9527, device='cuda:0', requires_grad=True)
Parameter containing:
tensor(0.9516, device='cuda:0', requires_grad=True)
Parameter containing:
tensor(0.9505, device='cuda:0', requires_grad=True)
Parameter containing:
tensor(0.9494, device='cuda:0', requires_grad=True)
Parameter containing:
tensor(0.9483, device='cuda:0', requires_grad=True)
Parameter containing:
tensor(0.9472, device='cuda:0', requires_grad=True)
Parameter containing:
tensor(0.9460, device='cuda:0', requires_grad=True)
Parameter containing:
tensor(0.9449, device='cuda:0', requires_grad=True)
Parameter containing:
tensor(0.9438, device='cuda:0', requires_grad=True)
Parameter containing:
tensor(0.9426, device='cuda:0', requires_grad=True)
Parameter containing:
tensor(0.9415, device='cuda:0', requires_grad=True)
Parameter containing:
tensor(0.9404, device='cuda:0', requires_grad=True)
Parameter containing:
tensor(0.9393, device='cuda:0', requires_grad=True)
Parameter containing:
tensor(0.9381, device='cuda:0', requires_grad=True)
Parameter containing:
tensor(0.9370, device='cuda:0', requires_grad=True)
Parameter containing:
tensor(0.9359, device='cuda:0', requires_grad=True)
Parameter containing:
tensor(0.9347, device='cuda:0', requires_grad=True)
Parameter containing:
tensor(0.9336, device='cuda:0', requires_grad=True)
Parameter containing:
tensor(0.9324, device='cuda:0', requires_grad=True)
Parameter containing:
tensor(0.9313, device='cuda:0', requires_grad=True)
Parameter containing:
tensor(0.9302, device='cuda:0', requires_grad=True)
Parameter containing:
tensor(0.9290, device='cuda:0', requires_grad=True)
Parameter containing:
tensor(0.9279, device='cuda:0', requires_grad=True)
Parameter containing:
tensor(0.9268, device='cuda:0', requires_grad=True)
Parameter containing:
tensor(0.9256, device='cuda:0', requires_grad=True)
Parameter containing:
tensor(0.9245, device='cuda:0', requires_grad=True)
Parameter containing:
tensor(0.9234, device='cuda:0', requires_grad=True)
Parameter containing:
tensor(0.9222, device='cuda:0', requires_grad=True)
Parameter containing:
tensor(0.9211, device='cuda:0', requires_grad=True)
Parameter containing:
tensor(0.9200, device='cuda:0', requires_grad=True)
Parameter containing:
tensor(0.9188, device='cuda:0', requires_grad=True)
Parameter containing:
tensor(0.9177, device='cuda:0', requires_grad=True)
Parameter containing:
tensor(0.9166, device='cuda:0', requires_grad=True)
Parameter containing:
tensor(0.9155, device='cuda:0', requires_grad=True)
Parameter containing:
tensor(0.9144, device='cuda:0', requires_grad=True)
Parameter containing:
tensor(0.9132, device='cuda:0', requires_grad=True)
Parameter containing:
tensor(0.9121, device='cuda:0', requires_grad=True)
Parameter containing:
tensor(0.9110, device='cuda:0', requires_grad=True)
Parameter containing:
tensor(0.9099, device='cuda:0', requires_grad=True)
Parameter containing:
tensor(0.9088, device='cuda:0', requires_grad=True)
Parameter containing:
tensor(0.9077, device='cuda:0', requires_grad=True)
Parameter containing:
tensor(0.9066, device='cuda:0', requires_grad=True)
Parameter containing:
tensor(0.9055, device='cuda:0', requires_grad=True)
Parameter containing:
tensor(0.9044, device='cuda:0', requires_grad=True)
Parameter containing:
tensor(0.9033, device='cuda:0', requires_grad=True)
Parameter containing:
tensor(0.9022, device='cuda:0', requires_grad=True)
Parameter containing:
tensor(0.9011, device='cuda:0', requires_grad=True)
Parameter containing:
tensor(0.9000, device='cuda:0', requires_grad=True)
Parameter containing:
tensor(0.8989, device='cuda:0', requires_grad=True)
Parameter containing:
tensor(0.8978, device='cuda:0', requires_grad=True)
Parameter containing:
tensor(0.8967, device='cuda:0', requires_grad=True)
Parameter containing:
tensor(0.8956, device='cuda:0', requires_grad=True)
Parameter containing:
tensor(0.8946, device='cuda:0', requires_grad=True)
Parameter containing:
tensor(0.8935, device='cuda:0', requires_grad=True)
Parameter containing:
tensor(0.8924, device='cuda:0', requires_grad=True)


PS:

Read file <14804817.stderr> for stderr output of this job.

