Sender: LSF System <lsfadmin@lt22>
Subject: Job 14804276: <_gp_Adam_GINConv_1e-3> in cluster <lila> Done

Job <_gp_Adam_GINConv_1e-3> was submitted from host <lx09> by user <wangy1> in cluster <lila> at Mon Jun  8 11:09:10 2020
Job was executed on host(s) <12*lt22>, in queue <gpuqueue>, as user <wangy1> in cluster <lila> at Mon Jun  8 11:09:10 2020
</home/wangy1> was used as the home directory.
</data/chodera/wangyq/pinot/scripts/gp_comparison> was used as the working directory.
Started at Mon Jun  8 11:09:10 2020
Terminated at Mon Jun  8 11:10:00 2020
Results reported at Mon Jun  8 11:10:00 2020

Your job looked like:

------------------------------------------------------------
# LSBATCH: User input
python ../../pinot/app/gp_train.py --layer GINConv --optimizer Adam --lr 1e-3 --out _gp_Adam_GINConv_1e-3 --n_epochs 100
------------------------------------------------------------

Successfully completed.

Resource usage summary:

    CPU time :                                   139.33 sec.
    Max Memory :                                 2 GB
    Average Memory :                             1.67 GB
    Total Requested Memory :                     48.00 GB
    Delta Memory :                               46.00 GB
    Max Swap :                                   -
    Max Processes :                              3
    Max Threads :                                20
    Run time :                                   50 sec.
    Turnaround time :                            50 sec.

The output (if any) follows:

Parameter containing:
tensor(1., device='cuda:0', requires_grad=True)
Parameter containing:
tensor(0.9990, device='cuda:0', requires_grad=True)
Parameter containing:
tensor(0.9980, device='cuda:0', requires_grad=True)
Parameter containing:
tensor(0.9970, device='cuda:0', requires_grad=True)
Parameter containing:
tensor(0.9960, device='cuda:0', requires_grad=True)
Parameter containing:
tensor(0.9950, device='cuda:0', requires_grad=True)
Parameter containing:
tensor(0.9940, device='cuda:0', requires_grad=True)
Parameter containing:
tensor(0.9930, device='cuda:0', requires_grad=True)
Parameter containing:
tensor(0.9920, device='cuda:0', requires_grad=True)
Parameter containing:
tensor(0.9909, device='cuda:0', requires_grad=True)
Parameter containing:
tensor(0.9899, device='cuda:0', requires_grad=True)
Parameter containing:
tensor(0.9889, device='cuda:0', requires_grad=True)
Parameter containing:
tensor(0.9879, device='cuda:0', requires_grad=True)
Parameter containing:
tensor(0.9868, device='cuda:0', requires_grad=True)
Parameter containing:
tensor(0.9858, device='cuda:0', requires_grad=True)
Parameter containing:
tensor(0.9847, device='cuda:0', requires_grad=True)
Parameter containing:
tensor(0.9837, device='cuda:0', requires_grad=True)
Parameter containing:
tensor(0.9827, device='cuda:0', requires_grad=True)
Parameter containing:
tensor(0.9816, device='cuda:0', requires_grad=True)
Parameter containing:
tensor(0.9806, device='cuda:0', requires_grad=True)
Parameter containing:
tensor(0.9795, device='cuda:0', requires_grad=True)
Parameter containing:
tensor(0.9785, device='cuda:0', requires_grad=True)
Parameter containing:
tensor(0.9774, device='cuda:0', requires_grad=True)
Parameter containing:
tensor(0.9764, device='cuda:0', requires_grad=True)
Parameter containing:
tensor(0.9753, device='cuda:0', requires_grad=True)
Parameter containing:
tensor(0.9743, device='cuda:0', requires_grad=True)
Parameter containing:
tensor(0.9732, device='cuda:0', requires_grad=True)
Parameter containing:
tensor(0.9722, device='cuda:0', requires_grad=True)
Parameter containing:
tensor(0.9711, device='cuda:0', requires_grad=True)
Parameter containing:
tensor(0.9701, device='cuda:0', requires_grad=True)
Parameter containing:
tensor(0.9690, device='cuda:0', requires_grad=True)
Parameter containing:
tensor(0.9680, device='cuda:0', requires_grad=True)
Parameter containing:
tensor(0.9669, device='cuda:0', requires_grad=True)
Parameter containing:
tensor(0.9659, device='cuda:0', requires_grad=True)
Parameter containing:
tensor(0.9648, device='cuda:0', requires_grad=True)
Parameter containing:
tensor(0.9637, device='cuda:0', requires_grad=True)
Parameter containing:
tensor(0.9627, device='cuda:0', requires_grad=True)
Parameter containing:
tensor(0.9616, device='cuda:0', requires_grad=True)
Parameter containing:
tensor(0.9606, device='cuda:0', requires_grad=True)
Parameter containing:
tensor(0.9595, device='cuda:0', requires_grad=True)
Parameter containing:
tensor(0.9584, device='cuda:0', requires_grad=True)
Parameter containing:
tensor(0.9574, device='cuda:0', requires_grad=True)
Parameter containing:
tensor(0.9563, device='cuda:0', requires_grad=True)
Parameter containing:
tensor(0.9552, device='cuda:0', requires_grad=True)
Parameter containing:
tensor(0.9541, device='cuda:0', requires_grad=True)
Parameter containing:
tensor(0.9531, device='cuda:0', requires_grad=True)
Parameter containing:
tensor(0.9520, device='cuda:0', requires_grad=True)
Parameter containing:
tensor(0.9509, device='cuda:0', requires_grad=True)
Parameter containing:
tensor(0.9498, device='cuda:0', requires_grad=True)
Parameter containing:
tensor(0.9487, device='cuda:0', requires_grad=True)
Parameter containing:
tensor(0.9476, device='cuda:0', requires_grad=True)
Parameter containing:
tensor(0.9465, device='cuda:0', requires_grad=True)
Parameter containing:
tensor(0.9453, device='cuda:0', requires_grad=True)
Parameter containing:
tensor(0.9442, device='cuda:0', requires_grad=True)
Parameter containing:
tensor(0.9431, device='cuda:0', requires_grad=True)
Parameter containing:
tensor(0.9419, device='cuda:0', requires_grad=True)
Parameter containing:
tensor(0.9408, device='cuda:0', requires_grad=True)
Parameter containing:
tensor(0.9397, device='cuda:0', requires_grad=True)
Parameter containing:
tensor(0.9385, device='cuda:0', requires_grad=True)
Parameter containing:
tensor(0.9374, device='cuda:0', requires_grad=True)
Parameter containing:
tensor(0.9362, device='cuda:0', requires_grad=True)
Parameter containing:
tensor(0.9351, device='cuda:0', requires_grad=True)
Parameter containing:
tensor(0.9340, device='cuda:0', requires_grad=True)
Parameter containing:
tensor(0.9328, device='cuda:0', requires_grad=True)
Parameter containing:
tensor(0.9317, device='cuda:0', requires_grad=True)
Parameter containing:
tensor(0.9305, device='cuda:0', requires_grad=True)
Parameter containing:
tensor(0.9294, device='cuda:0', requires_grad=True)
Parameter containing:
tensor(0.9282, device='cuda:0', requires_grad=True)
Parameter containing:
tensor(0.9271, device='cuda:0', requires_grad=True)
Parameter containing:
tensor(0.9259, device='cuda:0', requires_grad=True)
Parameter containing:
tensor(0.9248, device='cuda:0', requires_grad=True)
Parameter containing:
tensor(0.9236, device='cuda:0', requires_grad=True)
Parameter containing:
tensor(0.9225, device='cuda:0', requires_grad=True)
Parameter containing:
tensor(0.9213, device='cuda:0', requires_grad=True)
Parameter containing:
tensor(0.9202, device='cuda:0', requires_grad=True)
Parameter containing:
tensor(0.9190, device='cuda:0', requires_grad=True)
Parameter containing:
tensor(0.9179, device='cuda:0', requires_grad=True)
Parameter containing:
tensor(0.9167, device='cuda:0', requires_grad=True)
Parameter containing:
tensor(0.9156, device='cuda:0', requires_grad=True)
Parameter containing:
tensor(0.9144, device='cuda:0', requires_grad=True)
Parameter containing:
tensor(0.9133, device='cuda:0', requires_grad=True)
Parameter containing:
tensor(0.9122, device='cuda:0', requires_grad=True)
Parameter containing:
tensor(0.9110, device='cuda:0', requires_grad=True)
Parameter containing:
tensor(0.9099, device='cuda:0', requires_grad=True)
Parameter containing:
tensor(0.9088, device='cuda:0', requires_grad=True)
Parameter containing:
tensor(0.9076, device='cuda:0', requires_grad=True)
Parameter containing:
tensor(0.9065, device='cuda:0', requires_grad=True)
Parameter containing:
tensor(0.9054, device='cuda:0', requires_grad=True)
Parameter containing:
tensor(0.9043, device='cuda:0', requires_grad=True)
Parameter containing:
tensor(0.9031, device='cuda:0', requires_grad=True)
Parameter containing:
tensor(0.9020, device='cuda:0', requires_grad=True)
Parameter containing:
tensor(0.9009, device='cuda:0', requires_grad=True)
Parameter containing:
tensor(0.8998, device='cuda:0', requires_grad=True)
Parameter containing:
tensor(0.8987, device='cuda:0', requires_grad=True)
Parameter containing:
tensor(0.8976, device='cuda:0', requires_grad=True)
Parameter containing:
tensor(0.8966, device='cuda:0', requires_grad=True)
Parameter containing:
tensor(0.8955, device='cuda:0', requires_grad=True)
Parameter containing:
tensor(0.8944, device='cuda:0', requires_grad=True)
Parameter containing:
tensor(0.8933, device='cuda:0', requires_grad=True)
Parameter containing:
tensor(0.8922, device='cuda:0', requires_grad=True)


PS:

Read file <14804276.stderr> for stderr output of this job.

