Sender: LSF System <lsfadmin@lu05>
Subject: Job 14836114: <_gp_89> in cluster <lila> Done

Job <_gp_89> was submitted from host <ls14> by user <wangy1> in cluster <lila> at Thu Jun 11 19:30:08 2020
Job was executed on host(s) <12*lu05>, in queue <gpuqueue>, as user <wangy1> in cluster <lila> at Thu Jun 11 19:30:09 2020
</home/wangy1> was used as the home directory.
</data/chodera/wangyq/pinot/scripts/gp_split> was used as the working directory.
Started at Thu Jun 11 19:30:09 2020
Terminated at Thu Jun 11 19:33:10 2020
Results reported at Thu Jun 11 19:33:10 2020

Your job looked like:

------------------------------------------------------------
# LSBATCH: User input
python ../../pinot/app/gp_train.py --layer GraphConv --out _gp_89 --n_epochs 500 --lr 1e-3 --config 32 tanh 32 tanh 32 tanh --lr 1e-3 --partition 89:11
------------------------------------------------------------

Successfully completed.

Resource usage summary:

    CPU time :                                   547.96 sec.
    Max Memory :                                 2 GB
    Average Memory :                             1.82 GB
    Total Requested Memory :                     48.00 GB
    Delta Memory :                               46.00 GB
    Max Swap :                                   -
    Max Processes :                              3
    Max Threads :                                20
    Run time :                                   181 sec.
    Turnaround time :                            182 sec.

The output (if any) follows:

Parameter containing:
tensor(-3., device='cuda:0', requires_grad=True)
Parameter containing:
tensor(-2.9990, device='cuda:0', requires_grad=True)
Parameter containing:
tensor(-2.9980, device='cuda:0', requires_grad=True)
Parameter containing:
tensor(-2.9971, device='cuda:0', requires_grad=True)
Parameter containing:
tensor(-2.9961, device='cuda:0', requires_grad=True)
Parameter containing:
tensor(-2.9952, device='cuda:0', requires_grad=True)
Parameter containing:
tensor(-2.9943, device='cuda:0', requires_grad=True)
Parameter containing:
tensor(-2.9933, device='cuda:0', requires_grad=True)
Parameter containing:
tensor(-2.9924, device='cuda:0', requires_grad=True)
Parameter containing:
tensor(-2.9915, device='cuda:0', requires_grad=True)
Parameter containing:
tensor(-2.9906, device='cuda:0', requires_grad=True)
Parameter containing:
tensor(-2.9897, device='cuda:0', requires_grad=True)
Parameter containing:
tensor(-2.9888, device='cuda:0', requires_grad=True)
Parameter containing:
tensor(-2.9879, device='cuda:0', requires_grad=True)
Parameter containing:
tensor(-2.9870, device='cuda:0', requires_grad=True)
Parameter containing:
tensor(-2.9860, device='cuda:0', requires_grad=True)
Parameter containing:
tensor(-2.9851, device='cuda:0', requires_grad=True)
Parameter containing:
tensor(-2.9842, device='cuda:0', requires_grad=True)
Parameter containing:
tensor(-2.9833, device='cuda:0', requires_grad=True)
Parameter containing:
tensor(-2.9823, device='cuda:0', requires_grad=True)
Parameter containing:
tensor(-2.9814, device='cuda:0', requires_grad=True)
Parameter containing:
tensor(-2.9804, device='cuda:0', requires_grad=True)
Parameter containing:
tensor(-2.9795, device='cuda:0', requires_grad=True)
Parameter containing:
tensor(-2.9785, device='cuda:0', requires_grad=True)
Parameter containing:
tensor(-2.9776, device='cuda:0', requires_grad=True)
Parameter containing:
tensor(-2.9766, device='cuda:0', requires_grad=True)
Parameter containing:
tensor(-2.9757, device='cuda:0', requires_grad=True)
Parameter containing:
tensor(-2.9747, device='cuda:0', requires_grad=True)
Parameter containing:
tensor(-2.9738, device='cuda:0', requires_grad=True)
Parameter containing:
tensor(-2.9728, device='cuda:0', requires_grad=True)
Parameter containing:
tensor(-2.9718, device='cuda:0', requires_grad=True)
Parameter containing:
tensor(-2.9709, device='cuda:0', requires_grad=True)
Parameter containing:
tensor(-2.9699, device='cuda:0', requires_grad=True)
Parameter containing:
tensor(-2.9690, device='cuda:0', requires_grad=True)
Parameter containing:
tensor(-2.9680, device='cuda:0', requires_grad=True)
Parameter containing:
tensor(-2.9671, device='cuda:0', requires_grad=True)
Parameter containing:
tensor(-2.9661, device='cuda:0', requires_grad=True)
Parameter containing:
tensor(-2.9652, device='cuda:0', requires_grad=True)
Parameter containing:
tensor(-2.9643, device='cuda:0', requires_grad=True)
Parameter containing:
tensor(-2.9633, device='cuda:0', requires_grad=True)
Parameter containing:
tensor(-2.9624, device='cuda:0', requires_grad=True)
Parameter containing:
tensor(-2.9615, device='cuda:0', requires_grad=True)
Parameter containing:
tensor(-2.9606, device='cuda:0', requires_grad=True)
Parameter containing:
tensor(-2.9597, device='cuda:0', requires_grad=True)
Parameter containing:
tensor(-2.9588, device='cuda:0', requires_grad=True)
Parameter containing:
tensor(-2.9579, device='cuda:0', requires_grad=True)
Parameter containing:
tensor(-2.9570, device='cuda:0', requires_grad=True)
Parameter containing:
tensor(-2.9561, device='cuda:0', requires_grad=True)
Parameter containing:
tensor(-2.9552, device='cuda:0', requires_grad=True)
Parameter containing:
tensor(-2.9543, device='cuda:0', requires_grad=True)
Parameter containing:
tensor(-2.9534, device='cuda:0', requires_grad=True)
Parameter containing:
tensor(-2.9525, device='cuda:0', requires_grad=True)
Parameter containing:
tensor(-2.9517, device='cuda:0', requires_grad=True)
Parameter containing:
tensor(-2.9508, device='cuda:0', requires_grad=True)
Parameter containing:
tensor(-2.9499, device='cuda:0', requires_grad=True)
Parameter containing:
tensor(-2.9490, device='cuda:0', requires_grad=True)
Parameter containing:
tensor(-2.9481, device='cuda:0', requires_grad=True)
Parameter containing:
tensor(-2.9473, device='cuda:0', requires_grad=True)
Parameter containing:
tensor(-2.9464, device='cuda:0', requires_grad=True)
Parameter containing:
tensor(-2.9455, device='cuda:0', requires_grad=True)
Parameter containing:
tensor(-2.9447, device='cuda:0', requires_grad=True)
Parameter containing:
tensor(-2.9438, device='cuda:0', requires_grad=True)
Parameter containing:
tensor(-2.9430, device='cuda:0', requires_grad=True)
Parameter containing:
tensor(-2.9421, device='cuda:0', requires_grad=True)
Parameter containing:
tensor(-2.9412, device='cuda:0', requires_grad=True)
Parameter containing:
tensor(-2.9404, device='cuda:0', requires_grad=True)
Parameter containing:
tensor(-2.9395, device='cuda:0', requires_grad=True)
Parameter containing:
tensor(-2.9387, device='cuda:0', requires_grad=True)
Parameter containing:
tensor(-2.9378, device='cuda:0', requires_grad=True)
Parameter containing:
tensor(-2.9369, device='cuda:0', requires_grad=True)
Parameter containing:
tensor(-2.9361, device='cuda:0', requires_grad=True)
Parameter containing:
tensor(-2.9352, device='cuda:0', requires_grad=True)
Parameter containing:
tensor(-2.9344, device='cuda:0', requires_grad=True)
Parameter containing:
tensor(-2.9335, device='cuda:0', requires_grad=True)
Parameter containing:
tensor(-2.9327, device='cuda:0', requires_grad=True)
Parameter containing:
tensor(-2.9318, device='cuda:0', requires_grad=True)
Parameter containing:
tensor(-2.9310, device='cuda:0', requires_grad=True)
Parameter containing:
tensor(-2.9301, device='cuda:0', requires_grad=True)
Parameter containing:
tensor(-2.9293, device='cuda:0', requires_grad=True)
Parameter containing:
tensor(-2.9284, device='cuda:0', requires_grad=True)
Parameter containing:
tensor(-2.9276, device='cuda:0', requires_grad=True)
Parameter containing:
tensor(-2.9267, device='cuda:0', requires_grad=True)
Parameter containing:
tensor(-2.9259, device='cuda:0', requires_grad=True)
Parameter containing:
tensor(-2.9251, device='cuda:0', requires_grad=True)
Parameter containing:
tensor(-2.9242, device='cuda:0', requires_grad=True)
Parameter containing:
tensor(-2.9234, device='cuda:0', requires_grad=True)
Parameter containing:
tensor(-2.9226, device='cuda:0', requires_grad=True)
Parameter containing:
tensor(-2.9217, device='cuda:0', requires_grad=True)
Parameter containing:
tensor(-2.9209, device='cuda:0', requires_grad=True)
Parameter containing:
tensor(-2.9201, device='cuda:0', requires_grad=True)
Parameter containing:
tensor(-2.9192, device='cuda:0', requires_grad=True)
Parameter containing:
tensor(-2.9184, device='cuda:0', requires_grad=True)
Parameter containing:
tensor(-2.9176, device='cuda:0', requires_grad=True)
Parameter containing:
tensor(-2.9167, device='cuda:0', requires_grad=True)
Parameter containing:
tensor(-2.9159, device='cuda:0', requires_grad=True)
Parameter containing:
tensor(-2.9151, device='cuda:0', requires_grad=True)
Parameter containing:
tensor(-2.9142, device='cuda:0', requires_grad=True)
Parameter containing:
tensor(-2.9134, device='cuda:0', requires_grad=True)
Parameter containing:
tensor(-2.9126, device='cuda:0', requires_grad=True)
Parameter containing:
tensor(-2.9118, device='cuda:0', requires_grad=True)
Parameter containing:
tensor(-2.9109, device='cuda:0', requires_grad=True)
Parameter containing:
tensor(-2.9101, device='cuda:0', requires_grad=True)
Parameter containing:
tensor(-2.9093, device='cuda:0', requires_grad=True)
Parameter containing:
tensor(-2.9085, device='cuda:0', requires_grad=True)
Parameter containing:
tensor(-2.9076, device='cuda:0', requires_grad=True)
Parameter containing:
tensor(-2.9068, device='cuda:0', requires_grad=True)
Parameter containing:
tensor(-2.9060, device='cuda:0', requires_grad=True)
Parameter containing:
tensor(-2.9052, device='cuda:0', requires_grad=True)
Parameter containing:
tensor(-2.9044, device='cuda:0', requires_grad=True)
Parameter containing:
tensor(-2.9035, device='cuda:0', requires_grad=True)
Parameter containing:
tensor(-2.9027, device='cuda:0', requires_grad=True)
Parameter containing:
tensor(-2.9019, device='cuda:0', requires_grad=True)
Parameter containing:
tensor(-2.9011, device='cuda:0', requires_grad=True)
Parameter containing:
tensor(-2.9003, device='cuda:0', requires_grad=True)
Parameter containing:
tensor(-2.8995, device='cuda:0', requires_grad=True)
Parameter containing:
tensor(-2.8987, device='cuda:0', requires_grad=True)
Parameter containing:
tensor(-2.8979, device='cuda:0', requires_grad=True)
Parameter containing:
tensor(-2.8971, device='cuda:0', requires_grad=True)
Parameter containing:
tensor(-2.8963, device='cuda:0', requires_grad=True)
Parameter containing:
tensor(-2.8955, device='cuda:0', requires_grad=True)
Parameter containing:
tensor(-2.8947, device='cuda:0', requires_grad=True)
Parameter containing:
tensor(-2.8939, device='cuda:0', requires_grad=True)
Parameter containing:
tensor(-2.8931, device='cuda:0', requires_grad=True)
Parameter containing:
tensor(-2.8923, device='cuda:0', requires_grad=True)
Parameter containing:
tensor(-2.8915, device='cuda:0', requires_grad=True)
Parameter containing:
tensor(-2.8907, device='cuda:0', requires_grad=True)
Parameter containing:
tensor(-2.8899, device='cuda:0', requires_grad=True)
Parameter containing:
tensor(-2.8891, device='cuda:0', requires_grad=True)
Parameter containing:
tensor(-2.8884, device='cuda:0', requires_grad=True)
Parameter containing:
tensor(-2.8876, device='cuda:0', requires_grad=True)
Parameter containing:
tensor(-2.8868, device='cuda:0', requires_grad=True)
Parameter containing:
tensor(-2.8860, device='cuda:0', requires_grad=True)
Parameter containing:
tensor(-2.8853, device='cuda:0', requires_grad=True)
Parameter containing:
tensor(-2.8845, device='cuda:0', requires_grad=True)
Parameter containing:
tensor(-2.8837, device='cuda:0', requires_grad=True)
Parameter containing:
tensor(-2.8829, device='cuda:0', requires_grad=True)
Parameter containing:
tensor(-2.8822, device='cuda:0', requires_grad=True)
Parameter containing:
tensor(-2.8814, device='cuda:0', requires_grad=True)
Parameter containing:
tensor(-2.8807, device='cuda:0', requires_grad=True)
Parameter containing:
tensor(-2.8799, device='cuda:0', requires_grad=True)
Parameter containing:
tensor(-2.8791, device='cuda:0', requires_grad=True)
Parameter containing:
tensor(-2.8784, device='cuda:0', requires_grad=True)
Parameter containing:
tensor(-2.8776, device='cuda:0', requires_grad=True)
Parameter containing:
tensor(-2.8769, device='cuda:0', requires_grad=True)
Parameter containing:
tensor(-2.8761, device='cuda:0', requires_grad=True)
Parameter containing:
tensor(-2.8754, device='cuda:0', requires_grad=True)
Parameter containing:
tensor(-2.8746, device='cuda:0', requires_grad=True)
Parameter containing:
tensor(-2.8739, device='cuda:0', requires_grad=True)
Parameter containing:
tensor(-2.8732, device='cuda:0', requires_grad=True)
Parameter containing:
tensor(-2.8724, device='cuda:0', requires_grad=True)
Parameter containing:
tensor(-2.8717, device='cuda:0', requires_grad=True)
Parameter containing:
tensor(-2.8709, device='cuda:0', requires_grad=True)
Parameter containing:
tensor(-2.8702, device='cuda:0', requires_grad=True)
Parameter containing:
tensor(-2.8694, device='cuda:0', requires_grad=True)
Parameter containing:
tensor(-2.8687, device='cuda:0', requires_grad=True)
Parameter containing:
tensor(-2.8680, device='cuda:0', requires_grad=True)
Parameter containing:
tensor(-2.8672, device='cuda:0', requires_grad=True)
Parameter containing:
tensor(-2.8665, device='cuda:0', requires_grad=True)
Parameter containing:
tensor(-2.8658, device='cuda:0', requires_grad=True)
Parameter containing:
tensor(-2.8650, device='cuda:0', requires_grad=True)
Parameter containing:
tensor(-2.8643, device='cuda:0', requires_grad=True)
Parameter containing:
tensor(-2.8635, device='cuda:0', requires_grad=True)
Parameter containing:
tensor(-2.8628, device='cuda:0', requires_grad=True)
Parameter containing:
tensor(-2.8621, device='cuda:0', requires_grad=True)
Parameter containing:
tensor(-2.8614, device='cuda:0', requires_grad=True)
Parameter containing:
tensor(-2.8606, device='cuda:0', requires_grad=True)
Parameter containing:
tensor(-2.8599, device='cuda:0', requires_grad=True)
Parameter containing:
tensor(-2.8591, device='cuda:0', requires_grad=True)
Parameter containing:
tensor(-2.8584, device='cuda:0', requires_grad=True)
Parameter containing:
tensor(-2.8577, device='cuda:0', requires_grad=True)
Parameter containing:
tensor(-2.8570, device='cuda:0', requires_grad=True)
Parameter containing:
tensor(-2.8562, device='cuda:0', requires_grad=True)
Parameter containing:
tensor(-2.8555, device='cuda:0', requires_grad=True)
Parameter containing:
tensor(-2.8548, device='cuda:0', requires_grad=True)
Parameter containing:
tensor(-2.8541, device='cuda:0', requires_grad=True)
Parameter containing:
tensor(-2.8533, device='cuda:0', requires_grad=True)
Parameter containing:
tensor(-2.8526, device='cuda:0', requires_grad=True)
Parameter containing:
tensor(-2.8519, device='cuda:0', requires_grad=True)
Parameter containing:
tensor(-2.8512, device='cuda:0', requires_grad=True)
Parameter containing:
tensor(-2.8504, device='cuda:0', requires_grad=True)
Parameter containing:
tensor(-2.8497, device='cuda:0', requires_grad=True)
Parameter containing:
tensor(-2.8490, device='cuda:0', requires_grad=True)
Parameter containing:
tensor(-2.8483, device='cuda:0', requires_grad=True)
Parameter containing:
tensor(-2.8476, device='cuda:0', requires_grad=True)
Parameter containing:
tensor(-2.8468, device='cuda:0', requires_grad=True)
Parameter containing:
tensor(-2.8461, device='cuda:0', requires_grad=True)
Parameter containing:
tensor(-2.8454, device='cuda:0', requires_grad=True)
Parameter containing:
tensor(-2.8447, device='cuda:0', requires_grad=True)
Parameter containing:
tensor(-2.8439, device='cuda:0', requires_grad=True)
Parameter containing:
tensor(-2.8432, device='cuda:0', requires_grad=True)
Parameter containing:
tensor(-2.8425, device='cuda:0', requires_grad=True)
Parameter containing:
tensor(-2.8418, device='cuda:0', requires_grad=True)
Parameter containing:
tensor(-2.8411, device='cuda:0', requires_grad=True)
Parameter containing:
tensor(-2.8403, device='cuda:0', requires_grad=True)
Parameter containing:
tensor(-2.8396, device='cuda:0', requires_grad=True)
Parameter containing:
tensor(-2.8389, device='cuda:0', requires_grad=True)
Parameter containing:
tensor(-2.8382, device='cuda:0', requires_grad=True)
Parameter containing:
tensor(-2.8375, device='cuda:0', requires_grad=True)
Parameter containing:
tensor(-2.8368, device='cuda:0', requires_grad=True)
Parameter containing:
tensor(-2.8360, device='cuda:0', requires_grad=True)
Parameter containing:
tensor(-2.8353, device='cuda:0', requires_grad=True)
Parameter containing:
tensor(-2.8346, device='cuda:0', requires_grad=True)
Parameter containing:
tensor(-2.8339, device='cuda:0', requires_grad=True)
Parameter containing:
tensor(-2.8332, device='cuda:0', requires_grad=True)
Parameter containing:
tensor(-2.8325, device='cuda:0', requires_grad=True)
Parameter containing:
tensor(-2.8318, device='cuda:0', requires_grad=True)
Parameter containing:
tensor(-2.8310, device='cuda:0', requires_grad=True)
Parameter containing:
tensor(-2.8303, device='cuda:0', requires_grad=True)
Parameter containing:
tensor(-2.8296, device='cuda:0', requires_grad=True)
Parameter containing:
tensor(-2.8289, device='cuda:0', requires_grad=True)
Parameter containing:
tensor(-2.8282, device='cuda:0', requires_grad=True)
Parameter containing:
tensor(-2.8275, device='cuda:0', requires_grad=True)
Parameter containing:
tensor(-2.8268, device='cuda:0', requires_grad=True)
Parameter containing:
tensor(-2.8261, device='cuda:0', requires_grad=True)
Parameter containing:
tensor(-2.8254, device='cuda:0', requires_grad=True)
Parameter containing:
tensor(-2.8247, device='cuda:0', requires_grad=True)
Parameter containing:
tensor(-2.8240, device='cuda:0', requires_grad=True)
Parameter containing:
tensor(-2.8233, device='cuda:0', requires_grad=True)
Parameter containing:
tensor(-2.8226, device='cuda:0', requires_grad=True)
Parameter containing:
tensor(-2.8219, device='cuda:0', requires_grad=True)
Parameter containing:
tensor(-2.8212, device='cuda:0', requires_grad=True)
Parameter containing:
tensor(-2.8205, device='cuda:0', requires_grad=True)
Parameter containing:
tensor(-2.8198, device='cuda:0', requires_grad=True)
Parameter containing:
tensor(-2.8191, device='cuda:0', requires_grad=True)
Parameter containing:
tensor(-2.8184, device='cuda:0', requires_grad=True)
Parameter containing:
tensor(-2.8177, device='cuda:0', requires_grad=True)
Parameter containing:
tensor(-2.8170, device='cuda:0', requires_grad=True)
Parameter containing:
tensor(-2.8163, device='cuda:0', requires_grad=True)
Parameter containing:
tensor(-2.8156, device='cuda:0', requires_grad=True)
Parameter containing:
tensor(-2.8149, device='cuda:0', requires_grad=True)
Parameter containing:
tensor(-2.8142, device='cuda:0', requires_grad=True)
Parameter containing:
tensor(-2.8135, device='cuda:0', requires_grad=True)
Parameter containing:
tensor(-2.8128, device='cuda:0', requires_grad=True)
Parameter containing:
tensor(-2.8122, device='cuda:0', requires_grad=True)
Parameter containing:
tensor(-2.8115, device='cuda:0', requires_grad=True)
Parameter containing:
tensor(-2.8108, device='cuda:0', requires_grad=True)
Parameter containing:
tensor(-2.8101, device='cuda:0', requires_grad=True)
Parameter containing:
tensor(-2.8094, device='cuda:0', requires_grad=True)
Parameter containing:
tensor(-2.8087, device='cuda:0', requires_grad=True)
Parameter containing:
tensor(-2.8080, device='cuda:0', requires_grad=True)
Parameter containing:
tensor(-2.8073, device='cuda:0', requires_grad=True)
Parameter containing:
tensor(-2.8066, device='cuda:0', requires_grad=True)
Parameter containing:
tensor(-2.8060, device='cuda:0', requires_grad=True)
Parameter containing:
tensor(-2.8053, device='cuda:0', requires_grad=True)
Parameter containing:
tensor(-2.8046, device='cuda:0', requires_grad=True)
Parameter containing:
tensor(-2.8039, device='cuda:0', requires_grad=True)
Parameter containing:
tensor(-2.8032, device='cuda:0', requires_grad=True)
Parameter containing:
tensor(-2.8026, device='cuda:0', requires_grad=True)
Parameter containing:
tensor(-2.8019, device='cuda:0', requires_grad=True)
Parameter containing:
tensor(-2.8012, device='cuda:0', requires_grad=True)
Parameter containing:
tensor(-2.8005, device='cuda:0', requires_grad=True)
Parameter containing:
tensor(-2.7998, device='cuda:0', requires_grad=True)
Parameter containing:
tensor(-2.7992, device='cuda:0', requires_grad=True)
Parameter containing:
tensor(-2.7985, device='cuda:0', requires_grad=True)
Parameter containing:
tensor(-2.7978, device='cuda:0', requires_grad=True)
Parameter containing:
tensor(-2.7971, device='cuda:0', requires_grad=True)
Parameter containing:
tensor(-2.7965, device='cuda:0', requires_grad=True)
Parameter containing:
tensor(-2.7958, device='cuda:0', requires_grad=True)
Parameter containing:
tensor(-2.7951, device='cuda:0', requires_grad=True)
Parameter containing:
tensor(-2.7944, device='cuda:0', requires_grad=True)
Parameter containing:
tensor(-2.7938, device='cuda:0', requires_grad=True)
Parameter containing:
tensor(-2.7931, device='cuda:0', requires_grad=True)
Parameter containing:
tensor(-2.7924, device='cuda:0', requires_grad=True)
Parameter containing:
tensor(-2.7918, device='cuda:0', requires_grad=True)
Parameter containing:
tensor(-2.7911, device='cuda:0', requires_grad=True)
Parameter containing:
tensor(-2.7904, device='cuda:0', requires_grad=True)
Parameter containing:
tensor(-2.7897, device='cuda:0', requires_grad=True)
Parameter containing:
tensor(-2.7891, device='cuda:0', requires_grad=True)
Parameter containing:
tensor(-2.7884, device='cuda:0', requires_grad=True)
Parameter containing:
tensor(-2.7877, device='cuda:0', requires_grad=True)
Parameter containing:
tensor(-2.7870, device='cuda:0', requires_grad=True)
Parameter containing:
tensor(-2.7864, device='cuda:0', requires_grad=True)
Parameter containing:
tensor(-2.7857, device='cuda:0', requires_grad=True)
Parameter containing:
tensor(-2.7850, device='cuda:0', requires_grad=True)
Parameter containing:
tensor(-2.7844, device='cuda:0', requires_grad=True)
Parameter containing:
tensor(-2.7837, device='cuda:0', requires_grad=True)
Parameter containing:
tensor(-2.7830, device='cuda:0', requires_grad=True)
Parameter containing:
tensor(-2.7824, device='cuda:0', requires_grad=True)
Parameter containing:
tensor(-2.7817, device='cuda:0', requires_grad=True)
Parameter containing:
tensor(-2.7810, device='cuda:0', requires_grad=True)
Parameter containing:
tensor(-2.7803, device='cuda:0', requires_grad=True)
Parameter containing:
tensor(-2.7797, device='cuda:0', requires_grad=True)
Parameter containing:
tensor(-2.7790, device='cuda:0', requires_grad=True)
Parameter containing:
tensor(-2.7783, device='cuda:0', requires_grad=True)
Parameter containing:
tensor(-2.7777, device='cuda:0', requires_grad=True)
Parameter containing:
tensor(-2.7770, device='cuda:0', requires_grad=True)
Parameter containing:
tensor(-2.7764, device='cuda:0', requires_grad=True)
Parameter containing:
tensor(-2.7757, device='cuda:0', requires_grad=True)
Parameter containing:
tensor(-2.7750, device='cuda:0', requires_grad=True)
Parameter containing:
tensor(-2.7744, device='cuda:0', requires_grad=True)
Parameter containing:
tensor(-2.7737, device='cuda:0', requires_grad=True)
Parameter containing:
tensor(-2.7731, device='cuda:0', requires_grad=True)
Parameter containing:
tensor(-2.7724, device='cuda:0', requires_grad=True)
Parameter containing:
tensor(-2.7718, device='cuda:0', requires_grad=True)
Parameter containing:
tensor(-2.7711, device='cuda:0', requires_grad=True)
Parameter containing:
tensor(-2.7705, device='cuda:0', requires_grad=True)
Parameter containing:
tensor(-2.7698, device='cuda:0', requires_grad=True)
Parameter containing:
tensor(-2.7692, device='cuda:0', requires_grad=True)
Parameter containing:
tensor(-2.7685, device='cuda:0', requires_grad=True)
Parameter containing:
tensor(-2.7679, device='cuda:0', requires_grad=True)
Parameter containing:
tensor(-2.7672, device='cuda:0', requires_grad=True)
Parameter containing:
tensor(-2.7666, device='cuda:0', requires_grad=True)
Parameter containing:
tensor(-2.7659, device='cuda:0', requires_grad=True)
Parameter containing:
tensor(-2.7653, device='cuda:0', requires_grad=True)
Parameter containing:
tensor(-2.7646, device='cuda:0', requires_grad=True)
Parameter containing:
tensor(-2.7640, device='cuda:0', requires_grad=True)
Parameter containing:
tensor(-2.7633, device='cuda:0', requires_grad=True)
Parameter containing:
tensor(-2.7627, device='cuda:0', requires_grad=True)
Parameter containing:
tensor(-2.7620, device='cuda:0', requires_grad=True)
Parameter containing:
tensor(-2.7614, device='cuda:0', requires_grad=True)
Parameter containing:
tensor(-2.7607, device='cuda:0', requires_grad=True)
Parameter containing:
tensor(-2.7601, device='cuda:0', requires_grad=True)
Parameter containing:
tensor(-2.7594, device='cuda:0', requires_grad=True)
Parameter containing:
tensor(-2.7588, device='cuda:0', requires_grad=True)
Parameter containing:
tensor(-2.7582, device='cuda:0', requires_grad=True)
Parameter containing:
tensor(-2.7575, device='cuda:0', requires_grad=True)
Parameter containing:
tensor(-2.7569, device='cuda:0', requires_grad=True)
Parameter containing:
tensor(-2.7563, device='cuda:0', requires_grad=True)
Parameter containing:
tensor(-2.7556, device='cuda:0', requires_grad=True)
Parameter containing:
tensor(-2.7550, device='cuda:0', requires_grad=True)
Parameter containing:
tensor(-2.7544, device='cuda:0', requires_grad=True)
Parameter containing:
tensor(-2.7537, device='cuda:0', requires_grad=True)
Parameter containing:
tensor(-2.7531, device='cuda:0', requires_grad=True)
Parameter containing:
tensor(-2.7525, device='cuda:0', requires_grad=True)
Parameter containing:
tensor(-2.7518, device='cuda:0', requires_grad=True)
Parameter containing:
tensor(-2.7512, device='cuda:0', requires_grad=True)
Parameter containing:
tensor(-2.7505, device='cuda:0', requires_grad=True)
Parameter containing:
tensor(-2.7499, device='cuda:0', requires_grad=True)
Parameter containing:
tensor(-2.7493, device='cuda:0', requires_grad=True)
Parameter containing:
tensor(-2.7486, device='cuda:0', requires_grad=True)
Parameter containing:
tensor(-2.7480, device='cuda:0', requires_grad=True)
Parameter containing:
tensor(-2.7474, device='cuda:0', requires_grad=True)
Parameter containing:
tensor(-2.7468, device='cuda:0', requires_grad=True)
Parameter containing:
tensor(-2.7461, device='cuda:0', requires_grad=True)
Parameter containing:
tensor(-2.7455, device='cuda:0', requires_grad=True)
Parameter containing:
tensor(-2.7449, device='cuda:0', requires_grad=True)
Parameter containing:
tensor(-2.7443, device='cuda:0', requires_grad=True)
Parameter containing:
tensor(-2.7436, device='cuda:0', requires_grad=True)
Parameter containing:
tensor(-2.7430, device='cuda:0', requires_grad=True)
Parameter containing:
tensor(-2.7424, device='cuda:0', requires_grad=True)
Parameter containing:
tensor(-2.7418, device='cuda:0', requires_grad=True)
Parameter containing:
tensor(-2.7411, device='cuda:0', requires_grad=True)
Parameter containing:
tensor(-2.7405, device='cuda:0', requires_grad=True)
Parameter containing:
tensor(-2.7399, device='cuda:0', requires_grad=True)
Parameter containing:
tensor(-2.7393, device='cuda:0', requires_grad=True)
Parameter containing:
tensor(-2.7387, device='cuda:0', requires_grad=True)
Parameter containing:
tensor(-2.7381, device='cuda:0', requires_grad=True)
Parameter containing:
tensor(-2.7375, device='cuda:0', requires_grad=True)
Parameter containing:
tensor(-2.7368, device='cuda:0', requires_grad=True)
Parameter containing:
tensor(-2.7362, device='cuda:0', requires_grad=True)
Parameter containing:
tensor(-2.7356, device='cuda:0', requires_grad=True)
Parameter containing:
tensor(-2.7350, device='cuda:0', requires_grad=True)
Parameter containing:
tensor(-2.7344, device='cuda:0', requires_grad=True)
Parameter containing:
tensor(-2.7338, device='cuda:0', requires_grad=True)
Parameter containing:
tensor(-2.7331, device='cuda:0', requires_grad=True)
Parameter containing:
tensor(-2.7325, device='cuda:0', requires_grad=True)
Parameter containing:
tensor(-2.7319, device='cuda:0', requires_grad=True)
Parameter containing:
tensor(-2.7313, device='cuda:0', requires_grad=True)
Parameter containing:
tensor(-2.7307, device='cuda:0', requires_grad=True)
Parameter containing:
tensor(-2.7301, device='cuda:0', requires_grad=True)
Parameter containing:
tensor(-2.7295, device='cuda:0', requires_grad=True)
Parameter containing:
tensor(-2.7288, device='cuda:0', requires_grad=True)
Parameter containing:
tensor(-2.7283, device='cuda:0', requires_grad=True)
Parameter containing:
tensor(-2.7277, device='cuda:0', requires_grad=True)
Parameter containing:
tensor(-2.7271, device='cuda:0', requires_grad=True)
Parameter containing:
tensor(-2.7265, device='cuda:0', requires_grad=True)
Parameter containing:
tensor(-2.7259, device='cuda:0', requires_grad=True)
Parameter containing:
tensor(-2.7254, device='cuda:0', requires_grad=True)
Parameter containing:
tensor(-2.7248, device='cuda:0', requires_grad=True)
Parameter containing:
tensor(-2.7242, device='cuda:0', requires_grad=True)
Parameter containing:
tensor(-2.7236, device='cuda:0', requires_grad=True)
Parameter containing:
tensor(-2.7231, device='cuda:0', requires_grad=True)
Parameter containing:
tensor(-2.7225, device='cuda:0', requires_grad=True)
Parameter containing:
tensor(-2.7219, device='cuda:0', requires_grad=True)
Parameter containing:
tensor(-2.7213, device='cuda:0', requires_grad=True)
Parameter containing:
tensor(-2.7208, device='cuda:0', requires_grad=True)
Parameter containing:
tensor(-2.7202, device='cuda:0', requires_grad=True)
Parameter containing:
tensor(-2.7196, device='cuda:0', requires_grad=True)
Parameter containing:
tensor(-2.7190, device='cuda:0', requires_grad=True)
Parameter containing:
tensor(-2.7184, device='cuda:0', requires_grad=True)
Parameter containing:
tensor(-2.7179, device='cuda:0', requires_grad=True)
Parameter containing:
tensor(-2.7173, device='cuda:0', requires_grad=True)
Parameter containing:
tensor(-2.7167, device='cuda:0', requires_grad=True)
Parameter containing:
tensor(-2.7161, device='cuda:0', requires_grad=True)
Parameter containing:
tensor(-2.7155, device='cuda:0', requires_grad=True)
Parameter containing:
tensor(-2.7149, device='cuda:0', requires_grad=True)
Parameter containing:
tensor(-2.7144, device='cuda:0', requires_grad=True)
Parameter containing:
tensor(-2.7138, device='cuda:0', requires_grad=True)
Parameter containing:
tensor(-2.7132, device='cuda:0', requires_grad=True)
Parameter containing:
tensor(-2.7127, device='cuda:0', requires_grad=True)
Parameter containing:
tensor(-2.7121, device='cuda:0', requires_grad=True)
Parameter containing:
tensor(-2.7116, device='cuda:0', requires_grad=True)
Parameter containing:
tensor(-2.7110, device='cuda:0', requires_grad=True)
Parameter containing:
tensor(-2.7104, device='cuda:0', requires_grad=True)
Parameter containing:
tensor(-2.7099, device='cuda:0', requires_grad=True)
Parameter containing:
tensor(-2.7093, device='cuda:0', requires_grad=True)
Parameter containing:
tensor(-2.7087, device='cuda:0', requires_grad=True)
Parameter containing:
tensor(-2.7082, device='cuda:0', requires_grad=True)
Parameter containing:
tensor(-2.7076, device='cuda:0', requires_grad=True)
Parameter containing:
tensor(-2.7070, device='cuda:0', requires_grad=True)
Parameter containing:
tensor(-2.7065, device='cuda:0', requires_grad=True)
Parameter containing:
tensor(-2.7059, device='cuda:0', requires_grad=True)
Parameter containing:
tensor(-2.7054, device='cuda:0', requires_grad=True)
Parameter containing:
tensor(-2.7048, device='cuda:0', requires_grad=True)
Parameter containing:
tensor(-2.7042, device='cuda:0', requires_grad=True)
Parameter containing:
tensor(-2.7037, device='cuda:0', requires_grad=True)
Parameter containing:
tensor(-2.7031, device='cuda:0', requires_grad=True)
Parameter containing:
tensor(-2.7025, device='cuda:0', requires_grad=True)
Parameter containing:
tensor(-2.7020, device='cuda:0', requires_grad=True)
Parameter containing:
tensor(-2.7014, device='cuda:0', requires_grad=True)
Parameter containing:
tensor(-2.7008, device='cuda:0', requires_grad=True)
Parameter containing:
tensor(-2.7003, device='cuda:0', requires_grad=True)
Parameter containing:
tensor(-2.6997, device='cuda:0', requires_grad=True)
Parameter containing:
tensor(-2.6991, device='cuda:0', requires_grad=True)
Parameter containing:
tensor(-2.6986, device='cuda:0', requires_grad=True)
Parameter containing:
tensor(-2.6980, device='cuda:0', requires_grad=True)
Parameter containing:
tensor(-2.6975, device='cuda:0', requires_grad=True)
Parameter containing:
tensor(-2.6969, device='cuda:0', requires_grad=True)
Parameter containing:
tensor(-2.6963, device='cuda:0', requires_grad=True)
Parameter containing:
tensor(-2.6958, device='cuda:0', requires_grad=True)
Parameter containing:
tensor(-2.6952, device='cuda:0', requires_grad=True)
Parameter containing:
tensor(-2.6946, device='cuda:0', requires_grad=True)
Parameter containing:
tensor(-2.6941, device='cuda:0', requires_grad=True)
Parameter containing:
tensor(-2.6935, device='cuda:0', requires_grad=True)
Parameter containing:
tensor(-2.6929, device='cuda:0', requires_grad=True)
Parameter containing:
tensor(-2.6924, device='cuda:0', requires_grad=True)
Parameter containing:
tensor(-2.6918, device='cuda:0', requires_grad=True)
Parameter containing:
tensor(-2.6913, device='cuda:0', requires_grad=True)
Parameter containing:
tensor(-2.6907, device='cuda:0', requires_grad=True)
Parameter containing:
tensor(-2.6902, device='cuda:0', requires_grad=True)
Parameter containing:
tensor(-2.6896, device='cuda:0', requires_grad=True)
Parameter containing:
tensor(-2.6891, device='cuda:0', requires_grad=True)
Parameter containing:
tensor(-2.6885, device='cuda:0', requires_grad=True)
Parameter containing:
tensor(-2.6880, device='cuda:0', requires_grad=True)
Parameter containing:
tensor(-2.6874, device='cuda:0', requires_grad=True)
Parameter containing:
tensor(-2.6869, device='cuda:0', requires_grad=True)
Parameter containing:
tensor(-2.6863, device='cuda:0', requires_grad=True)
Parameter containing:
tensor(-2.6858, device='cuda:0', requires_grad=True)
Parameter containing:
tensor(-2.6853, device='cuda:0', requires_grad=True)
Parameter containing:
tensor(-2.6847, device='cuda:0', requires_grad=True)
Parameter containing:
tensor(-2.6842, device='cuda:0', requires_grad=True)
Parameter containing:
tensor(-2.6836, device='cuda:0', requires_grad=True)
Parameter containing:
tensor(-2.6831, device='cuda:0', requires_grad=True)
Parameter containing:
tensor(-2.6826, device='cuda:0', requires_grad=True)
Parameter containing:
tensor(-2.6820, device='cuda:0', requires_grad=True)
Parameter containing:
tensor(-2.6815, device='cuda:0', requires_grad=True)
Parameter containing:
tensor(-2.6810, device='cuda:0', requires_grad=True)
Parameter containing:
tensor(-2.6804, device='cuda:0', requires_grad=True)
Parameter containing:
tensor(-2.6799, device='cuda:0', requires_grad=True)
Parameter containing:
tensor(-2.6794, device='cuda:0', requires_grad=True)
Parameter containing:
tensor(-2.6788, device='cuda:0', requires_grad=True)
Parameter containing:
tensor(-2.6783, device='cuda:0', requires_grad=True)
Parameter containing:
tensor(-2.6778, device='cuda:0', requires_grad=True)
Parameter containing:
tensor(-2.6772, device='cuda:0', requires_grad=True)
Parameter containing:
tensor(-2.6767, device='cuda:0', requires_grad=True)
Parameter containing:
tensor(-2.6762, device='cuda:0', requires_grad=True)
Parameter containing:
tensor(-2.6756, device='cuda:0', requires_grad=True)
Parameter containing:
tensor(-2.6751, device='cuda:0', requires_grad=True)
Parameter containing:
tensor(-2.6746, device='cuda:0', requires_grad=True)
Parameter containing:
tensor(-2.6740, device='cuda:0', requires_grad=True)
Parameter containing:
tensor(-2.6735, device='cuda:0', requires_grad=True)
Parameter containing:
tensor(-2.6730, device='cuda:0', requires_grad=True)
Parameter containing:
tensor(-2.6724, device='cuda:0', requires_grad=True)
Parameter containing:
tensor(-2.6719, device='cuda:0', requires_grad=True)
Parameter containing:
tensor(-2.6714, device='cuda:0', requires_grad=True)
Parameter containing:
tensor(-2.6709, device='cuda:0', requires_grad=True)
Parameter containing:
tensor(-2.6703, device='cuda:0', requires_grad=True)
Parameter containing:
tensor(-2.6698, device='cuda:0', requires_grad=True)
Parameter containing:
tensor(-2.6693, device='cuda:0', requires_grad=True)
Parameter containing:
tensor(-2.6687, device='cuda:0', requires_grad=True)
Parameter containing:
tensor(-2.6682, device='cuda:0', requires_grad=True)
Parameter containing:
tensor(-2.6677, device='cuda:0', requires_grad=True)
Parameter containing:
tensor(-2.6672, device='cuda:0', requires_grad=True)
Parameter containing:
tensor(-2.6667, device='cuda:0', requires_grad=True)
Parameter containing:
tensor(-2.6662, device='cuda:0', requires_grad=True)
Parameter containing:
tensor(-2.6657, device='cuda:0', requires_grad=True)
Parameter containing:
tensor(-2.6652, device='cuda:0', requires_grad=True)
Parameter containing:
tensor(-2.6647, device='cuda:0', requires_grad=True)
Parameter containing:
tensor(-2.6642, device='cuda:0', requires_grad=True)
Parameter containing:
tensor(-2.6637, device='cuda:0', requires_grad=True)
Parameter containing:
tensor(-2.6632, device='cuda:0', requires_grad=True)
Parameter containing:
tensor(-2.6627, device='cuda:0', requires_grad=True)
Parameter containing:
tensor(-2.6622, device='cuda:0', requires_grad=True)
Parameter containing:
tensor(-2.6617, device='cuda:0', requires_grad=True)
Parameter containing:
tensor(-2.6612, device='cuda:0', requires_grad=True)
Parameter containing:
tensor(-2.6607, device='cuda:0', requires_grad=True)
Parameter containing:
tensor(-2.6602, device='cuda:0', requires_grad=True)
Parameter containing:
tensor(-2.6597, device='cuda:0', requires_grad=True)
Parameter containing:
tensor(-2.6592, device='cuda:0', requires_grad=True)
Parameter containing:
tensor(-2.6587, device='cuda:0', requires_grad=True)
Parameter containing:
tensor(-2.6582, device='cuda:0', requires_grad=True)
Parameter containing:
tensor(-2.6577, device='cuda:0', requires_grad=True)
Parameter containing:
tensor(-2.6572, device='cuda:0', requires_grad=True)
Parameter containing:
tensor(-2.6567, device='cuda:0', requires_grad=True)
Parameter containing:
tensor(-2.6562, device='cuda:0', requires_grad=True)
Parameter containing:
tensor(-2.6557, device='cuda:0', requires_grad=True)
Parameter containing:
tensor(-2.6552, device='cuda:0', requires_grad=True)
Parameter containing:
tensor(-2.6547, device='cuda:0', requires_grad=True)
Parameter containing:
tensor(-2.6542, device='cuda:0', requires_grad=True)
Parameter containing:
tensor(-2.6537, device='cuda:0', requires_grad=True)


PS:

Read file <14836114.stderr> for stderr output of this job.

