Sender: LSF System <lsfadmin@ls09>
Subject: Job 14788388: <_gp_adam_TAGConv_1e-4> in cluster <lila> Done

Job <_gp_adam_TAGConv_1e-4> was submitted from host <lx08> by user <wangy1> in cluster <lila> at Tue Jun  2 12:52:18 2020
Job was executed on host(s) <12*ls09>, in queue <gpuqueue>, as user <wangy1> in cluster <lila> at Tue Jun  2 12:52:18 2020
</home/wangy1> was used as the home directory.
</data/chodera/wangyq/pinot/scripts/gp_comparison> was used as the working directory.
Started at Tue Jun  2 12:52:18 2020
Terminated at Tue Jun  2 13:04:25 2020
Results reported at Tue Jun  2 13:04:25 2020

Your job looked like:

------------------------------------------------------------
# LSBATCH: User input
python ../../pinot/app/gp_train.py --layer TAGConv --optimizer adam --lr 1e-4 --out _gp_adam_TAGConv_1e-4 --n_epochs 1000
------------------------------------------------------------

Successfully completed.

Resource usage summary:

    CPU time :                                   1261.93 sec.
    Max Memory :                                 2 GB
    Average Memory :                             1.99 GB
    Total Requested Memory :                     48.00 GB
    Delta Memory :                               46.00 GB
    Max Swap :                                   -
    Max Processes :                              3
    Max Threads :                                20
    Run time :                                   728 sec.
    Turnaround time :                            727 sec.

The output (if any) follows:



PS:

Read file <14788388.stderr> for stderr output of this job.

