Sender: LSF System <lsfadmin@ls12>
Subject: Job 15339864: <supervised> in cluster <lila> Done

Job <supervised> was submitted from host <lilac> by user <nguyenm5> in cluster <lila> at Wed Jul 15 11:01:14 2020
Job was executed on host(s) <12*ls12>, in queue <gpuqueue>, as user <nguyenm5> in cluster <lila> at Wed Jul 15 11:01:15 2020
</home/nguyenm5> was used as the home directory.
</home/nguyenm5/coding/pinot> was used as the working directory.
Started at Wed Jul 15 11:01:15 2020
Terminated at Wed Jul 15 11:01:53 2020
Results reported at Wed Jul 15 11:01:53 2020

Your job looked like:

------------------------------------------------------------
# LSBATCH: User input
/home/nguyenm5/anaconda3/envs/pinot/bin/python scripts/active/plotting_active.py --net ExactGaussianProcessRegressor --num_rounds 4 --num_trials 1 --num_epochs 500 --data moonshot --q 96 --acquisition ExpectedImprovement --output_folder /home/nguyenm5/coding/pinot/jul-16/active-supervised --index 3
------------------------------------------------------------

Successfully completed.

Resource usage summary:

    CPU time :                                   51.39 sec.
    Max Memory :                                 2 GB
    Average Memory :                             1.64 GB
    Total Requested Memory :                     192.00 GB
    Delta Memory :                               190.00 GB
    Max Swap :                                   -
    Max Processes :                              3
    Max Threads :                                20
    Run time :                                   39 sec.
    Turnaround time :                            39 sec.

The output (if any) follows:

0
Max probability of improvement:
[array(0.4429198, dtype=float32), array(0.39389634, dtype=float32), array(0.40119648, dtype=float32), array(0.34362733, dtype=float32)]
Max UCB:
[array(2.003486, dtype=float32), array(1.9210473, dtype=float32), array(1.4086655, dtype=float32), array(1.4650184, dtype=float32)]
Max UCB - ybest
[1.3896592, 1.3072207, 0.79483885, 0.8511917]


PS:

Read file </home/nguyenm5/coding/pinot/jul-16/active-supervised/ExpectedImprovement_500.stderr> for stderr output of this job.

Sender: LSF System <lsfadmin@ls05>
Subject: Job 15339866: <supervised> in cluster <lila> Done

Job <supervised> was submitted from host <lilac> by user <nguyenm5> in cluster <lila> at Wed Jul 15 11:01:14 2020
Job was executed on host(s) <12*ls05>, in queue <gpuqueue>, as user <nguyenm5> in cluster <lila> at Wed Jul 15 11:01:15 2020
</home/nguyenm5> was used as the home directory.
</home/nguyenm5/coding/pinot> was used as the working directory.
Started at Wed Jul 15 11:01:15 2020
Terminated at Wed Jul 15 11:01:54 2020
Results reported at Wed Jul 15 11:01:54 2020

Your job looked like:

------------------------------------------------------------
# LSBATCH: User input
/home/nguyenm5/anaconda3/envs/pinot/bin/python scripts/active/plotting_active.py --net ExactGaussianProcessRegressor --num_rounds 4 --num_trials 1 --num_epochs 500 --data moonshot --q 96 --acquisition ExpectedImprovement --output_folder /home/nguyenm5/coding/pinot/jul-16/active-supervised --index 5
------------------------------------------------------------

Successfully completed.

Resource usage summary:

    CPU time :                                   52.85 sec.
    Max Memory :                                 2 GB
    Average Memory :                             1.68 GB
    Total Requested Memory :                     192.00 GB
    Delta Memory :                               190.00 GB
    Max Swap :                                   -
    Max Processes :                              3
    Max Threads :                                20
    Run time :                                   40 sec.
    Turnaround time :                            40 sec.

The output (if any) follows:

0
Max probability of improvement:
[array(0.49045825, dtype=float32), array(0.10833097, dtype=float32), array(0.40249985, dtype=float32), array(0.3960963, dtype=float32)]
Max UCB:
[array(1.9116023, dtype=float32), array(1.2499435, dtype=float32), array(1.5399253, dtype=float32), array(1.442879, dtype=float32)]
Max UCB - ybest
[1.8884968, 0.46442991, 0.75441176, 0.6573654]


PS:

Read file </home/nguyenm5/coding/pinot/jul-16/active-supervised/ExpectedImprovement_500.stderr> for stderr output of this job.

Sender: LSF System <lsfadmin@ls12>
Subject: Job 15339863: <supervised> in cluster <lila> Done

Job <supervised> was submitted from host <lilac> by user <nguyenm5> in cluster <lila> at Wed Jul 15 11:01:14 2020
Job was executed on host(s) <12*ls12>, in queue <gpuqueue>, as user <nguyenm5> in cluster <lila> at Wed Jul 15 11:01:14 2020
</home/nguyenm5> was used as the home directory.
</home/nguyenm5/coding/pinot> was used as the working directory.
Started at Wed Jul 15 11:01:14 2020
Terminated at Wed Jul 15 11:01:55 2020
Results reported at Wed Jul 15 11:01:55 2020

Your job looked like:

------------------------------------------------------------
# LSBATCH: User input
/home/nguyenm5/anaconda3/envs/pinot/bin/python scripts/active/plotting_active.py --net ExactGaussianProcessRegressor --num_rounds 4 --num_trials 1 --num_epochs 500 --data moonshot --q 96 --acquisition ExpectedImprovement --output_folder /home/nguyenm5/coding/pinot/jul-16/active-supervised --index 2
------------------------------------------------------------

Successfully completed.

Resource usage summary:

    CPU time :                                   53.07 sec.
    Max Memory :                                 2 GB
    Average Memory :                             1.64 GB
    Total Requested Memory :                     192.00 GB
    Delta Memory :                               190.00 GB
    Max Swap :                                   -
    Max Processes :                              3
    Max Threads :                                20
    Run time :                                   40 sec.
    Turnaround time :                            41 sec.

The output (if any) follows:

0
Max probability of improvement:
[array(0.490332, dtype=float32), array(0.12120247, dtype=float32), array(0.41023684, dtype=float32), array(0.39757895, dtype=float32)]
Max UCB:
[array(1.9113564, dtype=float32), array(1.356787, dtype=float32), array(1.64533, dtype=float32), array(1.7996471, dtype=float32)]
Max UCB - ybest
[1.888251, 0.5712734, 0.8598164, 1.0141335]


PS:

Read file </home/nguyenm5/coding/pinot/jul-16/active-supervised/ExpectedImprovement_500.stderr> for stderr output of this job.

Sender: LSF System <lsfadmin@ls05>
Subject: Job 15339865: <supervised> in cluster <lila> Done

Job <supervised> was submitted from host <lilac> by user <nguyenm5> in cluster <lila> at Wed Jul 15 11:01:14 2020
Job was executed on host(s) <12*ls05>, in queue <gpuqueue>, as user <nguyenm5> in cluster <lila> at Wed Jul 15 11:01:14 2020
</home/nguyenm5> was used as the home directory.
</home/nguyenm5/coding/pinot> was used as the working directory.
Started at Wed Jul 15 11:01:14 2020
Terminated at Wed Jul 15 11:01:57 2020
Results reported at Wed Jul 15 11:01:57 2020

Your job looked like:

------------------------------------------------------------
# LSBATCH: User input
/home/nguyenm5/anaconda3/envs/pinot/bin/python scripts/active/plotting_active.py --net ExactGaussianProcessRegressor --num_rounds 4 --num_trials 1 --num_epochs 500 --data moonshot --q 96 --acquisition ExpectedImprovement --output_folder /home/nguyenm5/coding/pinot/jul-16/active-supervised --index 4
------------------------------------------------------------

Successfully completed.

Resource usage summary:

    CPU time :                                   54.86 sec.
    Max Memory :                                 2 GB
    Average Memory :                             1.70 GB
    Total Requested Memory :                     192.00 GB
    Delta Memory :                               190.00 GB
    Max Swap :                                   -
    Max Processes :                              3
    Max Threads :                                20
    Run time :                                   42 sec.
    Turnaround time :                            43 sec.

The output (if any) follows:

0
Max probability of improvement:
[array(0.49766994, dtype=float32), array(0.4968831, dtype=float32), array(0.07563686, dtype=float32), array(0.40197313, dtype=float32)]
Max UCB:
[array(1.9115995, dtype=float32), array(1.3995585, dtype=float32), array(1.0727367, dtype=float32), array(1.4870497, dtype=float32)]
Max UCB - ybest
[1.88659, 1.3745492, 0.28722316, 0.7015361]


PS:

Read file </home/nguyenm5/coding/pinot/jul-16/active-supervised/ExpectedImprovement_500.stderr> for stderr output of this job.

Sender: LSF System <lsfadmin@ls04>
Subject: Job 15339862: <supervised> in cluster <lila> Done

Job <supervised> was submitted from host <lilac> by user <nguyenm5> in cluster <lila> at Wed Jul 15 11:01:14 2020
Job was executed on host(s) <12*ls04>, in queue <gpuqueue>, as user <nguyenm5> in cluster <lila> at Wed Jul 15 11:01:14 2020
</home/nguyenm5> was used as the home directory.
</home/nguyenm5/coding/pinot> was used as the working directory.
Started at Wed Jul 15 11:01:14 2020
Terminated at Wed Jul 15 11:02:16 2020
Results reported at Wed Jul 15 11:02:16 2020

Your job looked like:

------------------------------------------------------------
# LSBATCH: User input
/home/nguyenm5/anaconda3/envs/pinot/bin/python scripts/active/plotting_active.py --net ExactGaussianProcessRegressor --num_rounds 4 --num_trials 1 --num_epochs 500 --data moonshot --q 96 --acquisition ExpectedImprovement --output_folder /home/nguyenm5/coding/pinot/jul-16/active-supervised --index 1
------------------------------------------------------------

Successfully completed.

Resource usage summary:

    CPU time :                                   55.09 sec.
    Max Memory :                                 2 GB
    Average Memory :                             1.25 GB
    Total Requested Memory :                     192.00 GB
    Delta Memory :                               190.00 GB
    Max Swap :                                   -
    Max Processes :                              3
    Max Threads :                                20
    Run time :                                   62 sec.
    Turnaround time :                            62 sec.

The output (if any) follows:

0
Max probability of improvement:
[array(0.48084253, dtype=float32), array(0.43354464, dtype=float32), array(0.38960624, dtype=float32), array(0.02528054, dtype=float32)]
Max UCB:
[array(1.9223602, dtype=float32), array(1.574481, dtype=float32), array(0.934767, dtype=float32), array(0.78726566, dtype=float32)]
Max UCB - ybest
[1.7167512, 1.368872, 0.72915804, 0.0017520785]


PS:

Read file </home/nguyenm5/coding/pinot/jul-16/active-supervised/ExpectedImprovement_500.stderr> for stderr output of this job.

Sender: LSF System <lsfadmin@ls07>
Subject: Job 15340022: <supervised> in cluster <lila> Done

Job <supervised> was submitted from host <lilac> by user <nguyenm5> in cluster <lila> at Wed Jul 15 11:21:32 2020
Job was executed on host(s) <12*ls07>, in queue <gpuqueue>, as user <nguyenm5> in cluster <lila> at Wed Jul 15 11:21:53 2020
</home/nguyenm5> was used as the home directory.
</home/nguyenm5/coding/pinot> was used as the working directory.
Started at Wed Jul 15 11:21:53 2020
Terminated at Wed Jul 15 11:22:28 2020
Results reported at Wed Jul 15 11:22:28 2020

Your job looked like:

------------------------------------------------------------
# LSBATCH: User input
/home/nguyenm5/anaconda3/envs/pinot/bin/python scripts/active/plotting_active.py --net ExactGaussianProcessRegressor --num_rounds 4 --num_trials 1 --num_epochs 500 --data moonshot --q 96 --acquisition ExpectedImprovement --output_folder /home/nguyenm5/coding/pinot/jul-16/active-supervised --index 6
------------------------------------------------------------

Successfully completed.

Resource usage summary:

    CPU time :                                   51.28 sec.
    Max Memory :                                 2 GB
    Average Memory :                             1.75 GB
    Total Requested Memory :                     192.00 GB
    Delta Memory :                               190.00 GB
    Max Swap :                                   -
    Max Processes :                              3
    Max Threads :                                20
    Run time :                                   35 sec.
    Turnaround time :                            56 sec.

The output (if any) follows:

0
Max probability of improvement:
[array(0.49041462, dtype=float32), array(0.48425168, dtype=float32), array(0.47541523, dtype=float32), array(0.4698168, dtype=float32)]
Max UCB:
[array(1.9113982, dtype=float32), array(1.197017, dtype=float32), array(0.99553645, dtype=float32), array(0.93498987, dtype=float32)]
Max UCB - ybest
[1.8882927, 1.1739115, 0.972431, 0.9118844]


PS:

Read file </home/nguyenm5/coding/pinot/jul-16/active-supervised/ExpectedImprovement_500.stderr> for stderr output of this job.

Sender: LSF System <lsfadmin@ls15>
Subject: Job 15340024: <supervised> in cluster <lila> Done

Job <supervised> was submitted from host <lilac> by user <nguyenm5> in cluster <lila> at Wed Jul 15 11:21:32 2020
Job was executed on host(s) <12*ls15>, in queue <gpuqueue>, as user <nguyenm5> in cluster <lila> at Wed Jul 15 11:21:53 2020
</home/nguyenm5> was used as the home directory.
</home/nguyenm5/coding/pinot> was used as the working directory.
Started at Wed Jul 15 11:21:53 2020
Terminated at Wed Jul 15 11:22:29 2020
Results reported at Wed Jul 15 11:22:29 2020

Your job looked like:

------------------------------------------------------------
# LSBATCH: User input
/home/nguyenm5/anaconda3/envs/pinot/bin/python scripts/active/plotting_active.py --net ExactGaussianProcessRegressor --num_rounds 4 --num_trials 1 --num_epochs 500 --data moonshot --q 96 --acquisition ExpectedImprovement --output_folder /home/nguyenm5/coding/pinot/jul-16/active-supervised --index 8
------------------------------------------------------------

Successfully completed.

Resource usage summary:

    CPU time :                                   50.97 sec.
    Max Memory :                                 2 GB
    Average Memory :                             1.75 GB
    Total Requested Memory :                     192.00 GB
    Delta Memory :                               190.00 GB
    Max Swap :                                   -
    Max Processes :                              3
    Max Threads :                                20
    Run time :                                   36 sec.
    Turnaround time :                            57 sec.

The output (if any) follows:

0
Max probability of improvement:
[array(0.4088794, dtype=float32), array(0.39748967, dtype=float32), array(0.38840246, dtype=float32), array(0.38337398, dtype=float32)]
Max UCB:
[array(2.1510923, dtype=float32), array(2.0334692, dtype=float32), array(2.016747, dtype=float32), array(1.8506118, dtype=float32)]
Max UCB - ybest
[1.1574682, 1.0398451, 1.0231229, 0.8569877]


PS:

Read file </home/nguyenm5/coding/pinot/jul-16/active-supervised/ExpectedImprovement_500.stderr> for stderr output of this job.

Sender: LSF System <lsfadmin@ls01>
Subject: Job 15340025: <supervised> in cluster <lila> Done

Job <supervised> was submitted from host <lilac> by user <nguyenm5> in cluster <lila> at Wed Jul 15 11:21:32 2020
Job was executed on host(s) <12*ls01>, in queue <gpuqueue>, as user <nguyenm5> in cluster <lila> at Wed Jul 15 11:21:54 2020
</home/nguyenm5> was used as the home directory.
</home/nguyenm5/coding/pinot> was used as the working directory.
Started at Wed Jul 15 11:21:54 2020
Terminated at Wed Jul 15 11:22:29 2020
Results reported at Wed Jul 15 11:22:29 2020

Your job looked like:

------------------------------------------------------------
# LSBATCH: User input
/home/nguyenm5/anaconda3/envs/pinot/bin/python scripts/active/plotting_active.py --net ExactGaussianProcessRegressor --num_rounds 4 --num_trials 1 --num_epochs 500 --data moonshot --q 96 --acquisition ExpectedImprovement --output_folder /home/nguyenm5/coding/pinot/jul-16/active-supervised --index 9
------------------------------------------------------------

Successfully completed.

Resource usage summary:

    CPU time :                                   49.12 sec.
    Max Memory :                                 2 GB
    Average Memory :                             1.75 GB
    Total Requested Memory :                     192.00 GB
    Delta Memory :                               190.00 GB
    Max Swap :                                   -
    Max Processes :                              3
    Max Threads :                                20
    Run time :                                   36 sec.
    Turnaround time :                            57 sec.

The output (if any) follows:

0
Max probability of improvement:
[array(0.49050307, dtype=float32), array(0.07616794, dtype=float32), array(0.39990866, dtype=float32), array(0.3919289, dtype=float32)]
Max UCB:
[array(1.9116828, dtype=float32), array(1.3584536, dtype=float32), array(1.88909, dtype=float32), array(1.7650862, dtype=float32)]
Max UCB - ybest
[1.8885773, 0.36549664, 0.89613295, 0.7721292]


PS:

Read file </home/nguyenm5/coding/pinot/jul-16/active-supervised/ExpectedImprovement_500.stderr> for stderr output of this job.

Sender: LSF System <lsfadmin@ls07>
Subject: Job 15340026: <supervised> in cluster <lila> Done

Job <supervised> was submitted from host <lilac> by user <nguyenm5> in cluster <lila> at Wed Jul 15 11:21:33 2020
Job was executed on host(s) <12*ls07>, in queue <gpuqueue>, as user <nguyenm5> in cluster <lila> at Wed Jul 15 11:21:54 2020
</home/nguyenm5> was used as the home directory.
</home/nguyenm5/coding/pinot> was used as the working directory.
Started at Wed Jul 15 11:21:54 2020
Terminated at Wed Jul 15 11:22:29 2020
Results reported at Wed Jul 15 11:22:29 2020

Your job looked like:

------------------------------------------------------------
# LSBATCH: User input
/home/nguyenm5/anaconda3/envs/pinot/bin/python scripts/active/plotting_active.py --net ExactGaussianProcessRegressor --num_rounds 4 --num_trials 1 --num_epochs 500 --data moonshot --q 96 --acquisition ExpectedImprovement --output_folder /home/nguyenm5/coding/pinot/jul-16/active-supervised --index 10
------------------------------------------------------------

Successfully completed.

Resource usage summary:

    CPU time :                                   51.16 sec.
    Max Memory :                                 2 GB
    Average Memory :                             1.75 GB
    Total Requested Memory :                     192.00 GB
    Delta Memory :                               190.00 GB
    Max Swap :                                   -
    Max Processes :                              3
    Max Threads :                                20
    Run time :                                   35 sec.
    Turnaround time :                            56 sec.

The output (if any) follows:

0
Max probability of improvement:
[array(0.46678352, dtype=float32), array(0.4081871, dtype=float32), array(0.40465653, dtype=float32), array(0.409469, dtype=float32)]
Max UCB:
[array(1.9432392, dtype=float32), array(1.5913992, dtype=float32), array(0.99068886, dtype=float32), array(0.9723401, dtype=float32)]
Max UCB - ybest
[1.5866662, 1.2348262, 0.6341159, 0.6157671]


PS:

Read file </home/nguyenm5/coding/pinot/jul-16/active-supervised/ExpectedImprovement_500.stderr> for stderr output of this job.

Sender: LSF System <lsfadmin@ls16>
Subject: Job 15340023: <supervised> in cluster <lila> Done

Job <supervised> was submitted from host <lilac> by user <nguyenm5> in cluster <lila> at Wed Jul 15 11:21:32 2020
Job was executed on host(s) <12*ls16>, in queue <gpuqueue>, as user <nguyenm5> in cluster <lila> at Wed Jul 15 11:21:53 2020
</home/nguyenm5> was used as the home directory.
</home/nguyenm5/coding/pinot> was used as the working directory.
Started at Wed Jul 15 11:21:53 2020
Terminated at Wed Jul 15 11:22:29 2020
Results reported at Wed Jul 15 11:22:29 2020

Your job looked like:

------------------------------------------------------------
# LSBATCH: User input
/home/nguyenm5/anaconda3/envs/pinot/bin/python scripts/active/plotting_active.py --net ExactGaussianProcessRegressor --num_rounds 4 --num_trials 1 --num_epochs 500 --data moonshot --q 96 --acquisition ExpectedImprovement --output_folder /home/nguyenm5/coding/pinot/jul-16/active-supervised --index 7
------------------------------------------------------------

Successfully completed.

Resource usage summary:

    CPU time :                                   49.41 sec.
    Max Memory :                                 2 GB
    Average Memory :                             1.75 GB
    Total Requested Memory :                     192.00 GB
    Delta Memory :                               190.00 GB
    Max Swap :                                   -
    Max Processes :                              3
    Max Threads :                                20
    Run time :                                   36 sec.
    Turnaround time :                            57 sec.

The output (if any) follows:

0
Max probability of improvement:
[array(0.4903962, dtype=float32), array(0.47787333, dtype=float32), array(0.0253548, dtype=float32), array(0.39218485, dtype=float32)]
Max UCB:
[array(1.9114424, dtype=float32), array(1.132288, dtype=float32), array(0.9960862, dtype=float32), array(1.7517544, dtype=float32)]
Max UCB - ybest
[1.8883369, 1.1091825, 0.0031291842, 0.7587974]


PS:

Read file </home/nguyenm5/coding/pinot/jul-16/active-supervised/ExpectedImprovement_500.stderr> for stderr output of this job.

