Sender: LSF System <lsfadmin@ls01>
Subject: Job 15339826: <supervised> in cluster <lila> Done

Job <supervised> was submitted from host <lilac> by user <nguyenm5> in cluster <lila> at Wed Jul 15 10:54:05 2020
Job was executed on host(s) <12*ls01>, in queue <gpuqueue>, as user <nguyenm5> in cluster <lila> at Wed Jul 15 10:54:05 2020
</home/nguyenm5> was used as the home directory.
</home/nguyenm5/coding/pinot> was used as the working directory.
Started at Wed Jul 15 10:54:05 2020
Terminated at Wed Jul 15 10:54:20 2020
Results reported at Wed Jul 15 10:54:20 2020

Your job looked like:

------------------------------------------------------------
# LSBATCH: User input
/home/nguyenm5/anaconda3/envs/pinot/bin/python scripts/active/plotting_active.py --net ExactGaussianProcessRegressor --num_rounds 4 --num_trials 1 --num_epochs 100 --data moonshot --q 96 --acquisition ExpectedImprovement --output_folder /home/nguyenm5/coding/pinot/jul-16/active-supervised --index 4
------------------------------------------------------------

Successfully completed.

Resource usage summary:

    CPU time :                                   27.41 sec.
    Max Memory :                                 2 GB
    Average Memory :                             1.30 GB
    Total Requested Memory :                     192.00 GB
    Delta Memory :                               190.00 GB
    Max Swap :                                   -
    Max Processes :                              3
    Max Threads :                                20
    Run time :                                   16 sec.
    Turnaround time :                            15 sec.

The output (if any) follows:

0
Max probability of improvement:
[array(0.45760715, dtype=float32), array(0.46839833, dtype=float32), array(0.4670294, dtype=float32), array(0.4610592, dtype=float32)]
Max UCB:
[array(1.9504795, dtype=float32), array(1.9406496, dtype=float32), array(1.9272518, dtype=float32), array(1.9004239, dtype=float32)]
Max UCB - ybest
[1.8396531, 1.8298233, 1.8164254, 1.7895975]


PS:

Read file </home/nguyenm5/coding/pinot/jul-16/active-supervised/ExpectedImprovement_100.stderr> for stderr output of this job.

Sender: LSF System <lsfadmin@ls01>
Subject: Job 15339825: <supervised> in cluster <lila> Done

Job <supervised> was submitted from host <lilac> by user <nguyenm5> in cluster <lila> at Wed Jul 15 10:54:05 2020
Job was executed on host(s) <12*ls01>, in queue <gpuqueue>, as user <nguyenm5> in cluster <lila> at Wed Jul 15 10:54:05 2020
</home/nguyenm5> was used as the home directory.
</home/nguyenm5/coding/pinot> was used as the working directory.
Started at Wed Jul 15 10:54:05 2020
Terminated at Wed Jul 15 10:54:21 2020
Results reported at Wed Jul 15 10:54:21 2020

Your job looked like:

------------------------------------------------------------
# LSBATCH: User input
/home/nguyenm5/anaconda3/envs/pinot/bin/python scripts/active/plotting_active.py --net ExactGaussianProcessRegressor --num_rounds 4 --num_trials 1 --num_epochs 100 --data moonshot --q 96 --acquisition ExpectedImprovement --output_folder /home/nguyenm5/coding/pinot/jul-16/active-supervised --index 3
------------------------------------------------------------

Successfully completed.

Resource usage summary:

    CPU time :                                   25.59 sec.
    Max Memory :                                 2 GB
    Average Memory :                             1.30 GB
    Total Requested Memory :                     192.00 GB
    Delta Memory :                               190.00 GB
    Max Swap :                                   -
    Max Processes :                              3
    Max Threads :                                20
    Run time :                                   17 sec.
    Turnaround time :                            16 sec.

The output (if any) follows:

0
Max probability of improvement:
[array(0.4907478, dtype=float32), array(0.48402488, dtype=float32), array(0.4955305, dtype=float32), array(0.20846403, dtype=float32)]
Max UCB:
[array(1.9505194, dtype=float32), array(1.939482, dtype=float32), array(1.9103506, dtype=float32), array(1.8857646, dtype=float32)]
Max UCB - ybest
[1.9096481, 1.8842531, 1.8551217, 1.100251]


PS:

Read file </home/nguyenm5/coding/pinot/jul-16/active-supervised/ExpectedImprovement_100.stderr> for stderr output of this job.

Sender: LSF System <lsfadmin@ls05>
Subject: Job 15339827: <supervised> in cluster <lila> Done

Job <supervised> was submitted from host <lilac> by user <nguyenm5> in cluster <lila> at Wed Jul 15 10:54:05 2020
Job was executed on host(s) <12*ls05>, in queue <gpuqueue>, as user <nguyenm5> in cluster <lila> at Wed Jul 15 10:54:05 2020
</home/nguyenm5> was used as the home directory.
</home/nguyenm5/coding/pinot> was used as the working directory.
Started at Wed Jul 15 10:54:05 2020
Terminated at Wed Jul 15 10:54:22 2020
Results reported at Wed Jul 15 10:54:22 2020

Your job looked like:

------------------------------------------------------------
# LSBATCH: User input
/home/nguyenm5/anaconda3/envs/pinot/bin/python scripts/active/plotting_active.py --net ExactGaussianProcessRegressor --num_rounds 4 --num_trials 1 --num_epochs 100 --data moonshot --q 96 --acquisition ExpectedImprovement --output_folder /home/nguyenm5/coding/pinot/jul-16/active-supervised --index 5
------------------------------------------------------------

Successfully completed.

Resource usage summary:

    CPU time :                                   29.22 sec.
    Max Memory :                                 2 GB
    Average Memory :                             1.20 GB
    Total Requested Memory :                     192.00 GB
    Delta Memory :                               190.00 GB
    Max Swap :                                   -
    Max Processes :                              3
    Max Threads :                                20
    Run time :                                   18 sec.
    Turnaround time :                            17 sec.

The output (if any) follows:

0
Max probability of improvement:
[array(0.47108722, dtype=float32), array(0.4935953, dtype=float32), array(0.4700449, dtype=float32), array(0.46866244, dtype=float32)]
Max UCB:
[array(1.9502087, dtype=float32), array(1.9380584, dtype=float32), array(1.9200066, dtype=float32), array(1.8756816, dtype=float32)]
Max UCB - ybest
[1.8780326, 1.8658823, 1.8478305, 1.8035055]


PS:

Read file </home/nguyenm5/coding/pinot/jul-16/active-supervised/ExpectedImprovement_100.stderr> for stderr output of this job.

Sender: LSF System <lsfadmin@ls18>
Subject: Job 15339824: <supervised> in cluster <lila> Done

Job <supervised> was submitted from host <lilac> by user <nguyenm5> in cluster <lila> at Wed Jul 15 10:54:05 2020
Job was executed on host(s) <12*ls18>, in queue <gpuqueue>, as user <nguyenm5> in cluster <lila> at Wed Jul 15 10:54:05 2020
</home/nguyenm5> was used as the home directory.
</home/nguyenm5/coding/pinot> was used as the working directory.
Started at Wed Jul 15 10:54:05 2020
Terminated at Wed Jul 15 10:54:31 2020
Results reported at Wed Jul 15 10:54:31 2020

Your job looked like:

------------------------------------------------------------
# LSBATCH: User input
/home/nguyenm5/anaconda3/envs/pinot/bin/python scripts/active/plotting_active.py --net ExactGaussianProcessRegressor --num_rounds 4 --num_trials 1 --num_epochs 100 --data moonshot --q 96 --acquisition ExpectedImprovement --output_folder /home/nguyenm5/coding/pinot/jul-16/active-supervised --index 2
------------------------------------------------------------

Successfully completed.

Resource usage summary:

    CPU time :                                   29.85 sec.
    Max Memory :                                 2 GB
    Average Memory :                             0.87 GB
    Total Requested Memory :                     192.00 GB
    Delta Memory :                               190.00 GB
    Max Swap :                                   -
    Max Processes :                              3
    Max Threads :                                20
    Run time :                                   26 sec.
    Turnaround time :                            26 sec.

The output (if any) follows:

0
Max probability of improvement:
[array(0.43780607, dtype=float32), array(0.41352218, dtype=float32), array(0.40376174, dtype=float32), array(0.40005672, dtype=float32)]
Max UCB:
[array(2.069053, dtype=float32), array(2.03416, dtype=float32), array(2.0260816, dtype=float32), array(2.019526, dtype=float32)]
Max UCB - ybest
[1.3605945, 1.3257015, 1.3176231, 1.3110676]


PS:

Read file </home/nguyenm5/coding/pinot/jul-16/active-supervised/ExpectedImprovement_100.stderr> for stderr output of this job.

Sender: LSF System <lsfadmin@ls18>
Subject: Job 15339823: <supervised> in cluster <lila> Done

Job <supervised> was submitted from host <lilac> by user <nguyenm5> in cluster <lila> at Wed Jul 15 10:54:05 2020
Job was executed on host(s) <12*ls18>, in queue <gpuqueue>, as user <nguyenm5> in cluster <lila> at Wed Jul 15 10:54:05 2020
</home/nguyenm5> was used as the home directory.
</home/nguyenm5/coding/pinot> was used as the working directory.
Started at Wed Jul 15 10:54:05 2020
Terminated at Wed Jul 15 10:54:32 2020
Results reported at Wed Jul 15 10:54:32 2020

Your job looked like:

------------------------------------------------------------
# LSBATCH: User input
/home/nguyenm5/anaconda3/envs/pinot/bin/python scripts/active/plotting_active.py --net ExactGaussianProcessRegressor --num_rounds 4 --num_trials 1 --num_epochs 100 --data moonshot --q 96 --acquisition ExpectedImprovement --output_folder /home/nguyenm5/coding/pinot/jul-16/active-supervised --index 1
------------------------------------------------------------

Successfully completed.

Resource usage summary:

    CPU time :                                   28.88 sec.
    Max Memory :                                 2 GB
    Average Memory :                             0.87 GB
    Total Requested Memory :                     192.00 GB
    Delta Memory :                               190.00 GB
    Max Swap :                                   -
    Max Processes :                              3
    Max Threads :                                20
    Run time :                                   26 sec.
    Turnaround time :                            27 sec.

The output (if any) follows:

0
Max probability of improvement:
[array(0.49394882, dtype=float32), array(0.48132092, dtype=float32), array(0.48070097, dtype=float32), array(0.48057663, dtype=float32)]
Max UCB:
[array(1.9513578, dtype=float32), array(1.940124, dtype=float32), array(1.9261415, dtype=float32), array(1.9097335, dtype=float32)]
Max UCB - ybest
[1.8827034, 1.8714696, 1.8574871, 1.8410791]


PS:

Read file </home/nguyenm5/coding/pinot/jul-16/active-supervised/ExpectedImprovement_100.stderr> for stderr output of this job.

Sender: LSF System <lsfadmin@ls15>
Subject: Job 15340004: <supervised> in cluster <lila> Done

Job <supervised> was submitted from host <lilac> by user <nguyenm5> in cluster <lila> at Wed Jul 15 11:21:31 2020
Job was executed on host(s) <12*ls15>, in queue <gpuqueue>, as user <nguyenm5> in cluster <lila> at Wed Jul 15 11:21:40 2020
</home/nguyenm5> was used as the home directory.
</home/nguyenm5/coding/pinot> was used as the working directory.
Started at Wed Jul 15 11:21:40 2020
Terminated at Wed Jul 15 11:21:52 2020
Results reported at Wed Jul 15 11:21:52 2020

Your job looked like:

------------------------------------------------------------
# LSBATCH: User input
/home/nguyenm5/anaconda3/envs/pinot/bin/python scripts/active/plotting_active.py --net ExactGaussianProcessRegressor --num_rounds 4 --num_trials 1 --num_epochs 100 --data moonshot --q 96 --acquisition ExpectedImprovement --output_folder /home/nguyenm5/coding/pinot/jul-16/active-supervised --index 8
------------------------------------------------------------

Successfully completed.

Resource usage summary:

    CPU time :                                   27.62 sec.
    Max Memory :                                 2 GB
    Average Memory :                             1.38 GB
    Total Requested Memory :                     192.00 GB
    Delta Memory :                               190.00 GB
    Max Swap :                                   -
    Max Processes :                              3
    Max Threads :                                20
    Run time :                                   13 sec.
    Turnaround time :                            21 sec.

The output (if any) follows:

0
Max probability of improvement:
[array(0.30909604, dtype=float32), array(0.37370157, dtype=float32), array(0.23229069, dtype=float32), array(0.38847578, dtype=float32)]
Max UCB:
[array(1.9518958, dtype=float32), array(1.9778824, dtype=float32), array(1.9541452, dtype=float32), array(2.0022027, dtype=float32)]
Max UCB - ybest
[1.4493675, 1.4753541, 1.1686316, 1.2166891]


PS:

Read file </home/nguyenm5/coding/pinot/jul-16/active-supervised/ExpectedImprovement_100.stderr> for stderr output of this job.

Sender: LSF System <lsfadmin@ls07>
Subject: Job 15340006: <supervised> in cluster <lila> Done

Job <supervised> was submitted from host <lilac> by user <nguyenm5> in cluster <lila> at Wed Jul 15 11:21:31 2020
Job was executed on host(s) <12*ls07>, in queue <gpuqueue>, as user <nguyenm5> in cluster <lila> at Wed Jul 15 11:21:40 2020
</home/nguyenm5> was used as the home directory.
</home/nguyenm5/coding/pinot> was used as the working directory.
Started at Wed Jul 15 11:21:40 2020
Terminated at Wed Jul 15 11:21:53 2020
Results reported at Wed Jul 15 11:21:53 2020

Your job looked like:

------------------------------------------------------------
# LSBATCH: User input
/home/nguyenm5/anaconda3/envs/pinot/bin/python scripts/active/plotting_active.py --net ExactGaussianProcessRegressor --num_rounds 4 --num_trials 1 --num_epochs 100 --data moonshot --q 96 --acquisition ExpectedImprovement --output_folder /home/nguyenm5/coding/pinot/jul-16/active-supervised --index 10
------------------------------------------------------------

Successfully completed.

Resource usage summary:

    CPU time :                                   27.36 sec.
    Max Memory :                                 2 GB
    Average Memory :                             0.78 GB
    Total Requested Memory :                     192.00 GB
    Delta Memory :                               190.00 GB
    Max Swap :                                   -
    Max Processes :                              3
    Max Threads :                                20
    Run time :                                   12 sec.
    Turnaround time :                            22 sec.

The output (if any) follows:

0
Max probability of improvement:
[array(0.49813253, dtype=float32), array(0.49045968, dtype=float32), array(0.49786627, dtype=float32), array(0.47849554, dtype=float32)]
Max UCB:
[array(1.9503177, dtype=float32), array(1.9385902, dtype=float32), array(1.9200202, dtype=float32), array(1.8852503, dtype=float32)]
Max UCB - ybest
[1.9291307, 1.9154847, 1.8969147, 1.8361158]


PS:

Read file </home/nguyenm5/coding/pinot/jul-16/active-supervised/ExpectedImprovement_100.stderr> for stderr output of this job.

Sender: LSF System <lsfadmin@ls16>
Subject: Job 15340003: <supervised> in cluster <lila> Done

Job <supervised> was submitted from host <lilac> by user <nguyenm5> in cluster <lila> at Wed Jul 15 11:21:31 2020
Job was executed on host(s) <12*ls16>, in queue <gpuqueue>, as user <nguyenm5> in cluster <lila> at Wed Jul 15 11:21:40 2020
</home/nguyenm5> was used as the home directory.
</home/nguyenm5/coding/pinot> was used as the working directory.
Started at Wed Jul 15 11:21:40 2020
Terminated at Wed Jul 15 11:21:53 2020
Results reported at Wed Jul 15 11:21:53 2020

Your job looked like:

------------------------------------------------------------
# LSBATCH: User input
/home/nguyenm5/anaconda3/envs/pinot/bin/python scripts/active/plotting_active.py --net ExactGaussianProcessRegressor --num_rounds 4 --num_trials 1 --num_epochs 100 --data moonshot --q 96 --acquisition ExpectedImprovement --output_folder /home/nguyenm5/coding/pinot/jul-16/active-supervised --index 7
------------------------------------------------------------

Successfully completed.

Resource usage summary:

    CPU time :                                   26.52 sec.
    Max Memory :                                 2 GB
    Average Memory :                             1.44 GB
    Total Requested Memory :                     192.00 GB
    Delta Memory :                               190.00 GB
    Max Swap :                                   -
    Max Processes :                              3
    Max Threads :                                20
    Run time :                                   14 sec.
    Turnaround time :                            22 sec.

The output (if any) follows:

0
Max probability of improvement:
[array(0.4686646, dtype=float32), array(0.47768867, dtype=float32), array(0.4724543, dtype=float32), array(0.4737956, dtype=float32)]
Max UCB:
[array(1.9502242, dtype=float32), array(1.9383036, dtype=float32), array(1.9205803, dtype=float32), array(1.8236706, dtype=float32)]
Max UCB - ybest
[1.8715912, 1.8596706, 1.8419473, 1.7450377]


PS:

Read file </home/nguyenm5/coding/pinot/jul-16/active-supervised/ExpectedImprovement_100.stderr> for stderr output of this job.

Sender: LSF System <lsfadmin@ls12>
Subject: Job 15340002: <supervised> in cluster <lila> Done

Job <supervised> was submitted from host <lilac> by user <nguyenm5> in cluster <lila> at Wed Jul 15 11:21:31 2020
Job was executed on host(s) <12*ls12>, in queue <gpuqueue>, as user <nguyenm5> in cluster <lila> at Wed Jul 15 11:21:40 2020
</home/nguyenm5> was used as the home directory.
</home/nguyenm5/coding/pinot> was used as the working directory.
Started at Wed Jul 15 11:21:40 2020
Terminated at Wed Jul 15 11:21:54 2020
Results reported at Wed Jul 15 11:21:54 2020

Your job looked like:

------------------------------------------------------------
# LSBATCH: User input
/home/nguyenm5/anaconda3/envs/pinot/bin/python scripts/active/plotting_active.py --net ExactGaussianProcessRegressor --num_rounds 4 --num_trials 1 --num_epochs 100 --data moonshot --q 96 --acquisition ExpectedImprovement --output_folder /home/nguyenm5/coding/pinot/jul-16/active-supervised --index 6
------------------------------------------------------------

Successfully completed.

Resource usage summary:

    CPU time :                                   26.62 sec.
    Max Memory :                                 2 GB
    Average Memory :                             1.44 GB
    Total Requested Memory :                     192.00 GB
    Delta Memory :                               190.00 GB
    Max Swap :                                   -
    Max Processes :                              3
    Max Threads :                                20
    Run time :                                   14 sec.
    Turnaround time :                            23 sec.

The output (if any) follows:

0
Max probability of improvement:
[array(0.5046534, dtype=float32), array(0.4906733, dtype=float32), array(0.48092973, dtype=float32), array(0.46785492, dtype=float32)]
Max UCB:
[array(1.9502085, dtype=float32), array(1.936893, dtype=float32), array(1.9214039, dtype=float32), array(1.5559137, dtype=float32)]
Max UCB - ybest
[1.9618151, 1.9137875, 1.8722694, 1.4837376]


PS:

Read file </home/nguyenm5/coding/pinot/jul-16/active-supervised/ExpectedImprovement_100.stderr> for stderr output of this job.

Sender: LSF System <lsfadmin@ls06>
Subject: Job 15340005: <supervised> in cluster <lila> Done

Job <supervised> was submitted from host <lilac> by user <nguyenm5> in cluster <lila> at Wed Jul 15 11:21:31 2020
Job was executed on host(s) <12*ls06>, in queue <gpuqueue>, as user <nguyenm5> in cluster <lila> at Wed Jul 15 11:21:40 2020
</home/nguyenm5> was used as the home directory.
</home/nguyenm5/coding/pinot> was used as the working directory.
Started at Wed Jul 15 11:21:40 2020
Terminated at Wed Jul 15 11:21:55 2020
Results reported at Wed Jul 15 11:21:55 2020

Your job looked like:

------------------------------------------------------------
# LSBATCH: User input
/home/nguyenm5/anaconda3/envs/pinot/bin/python scripts/active/plotting_active.py --net ExactGaussianProcessRegressor --num_rounds 4 --num_trials 1 --num_epochs 100 --data moonshot --q 96 --acquisition ExpectedImprovement --output_folder /home/nguyenm5/coding/pinot/jul-16/active-supervised --index 9
------------------------------------------------------------

Successfully completed.

Resource usage summary:

    CPU time :                                   27.73 sec.
    Max Memory :                                 2 GB
    Average Memory :                             1.00 GB
    Total Requested Memory :                     192.00 GB
    Delta Memory :                               190.00 GB
    Max Swap :                                   -
    Max Processes :                              3
    Max Threads :                                20
    Run time :                                   15 sec.
    Turnaround time :                            24 sec.

The output (if any) follows:

0
Max probability of improvement:
[array(0.41732013, dtype=float32), array(0.3842473, dtype=float32), array(0.39101088, dtype=float32), array(0.3926084, dtype=float32)]
Max UCB:
[array(2.1569598, dtype=float32), array(2.1176288, dtype=float32), array(2.0801952, dtype=float32), array(2.0546863, dtype=float32)]
Max UCB - ybest
[1.2120786, 1.1727476, 1.135314, 1.1098051]


PS:

Read file </home/nguyenm5/coding/pinot/jul-16/active-supervised/ExpectedImprovement_100.stderr> for stderr output of this job.

