Sender: LSF System <lsfadmin@ls16>
Subject: Job 15339800: <supervised> in cluster <lila> Done

Job <supervised> was submitted from host <lilac> by user <nguyenm5> in cluster <lila> at Wed Jul 15 10:52:49 2020
Job was executed on host(s) <12*ls16>, in queue <gpuqueue>, as user <nguyenm5> in cluster <lila> at Wed Jul 15 10:52:49 2020
</home/nguyenm5> was used as the home directory.
</home/nguyenm5/coding/pinot> was used as the working directory.
Started at Wed Jul 15 10:52:49 2020
Terminated at Wed Jul 15 10:53:07 2020
Results reported at Wed Jul 15 10:53:07 2020

Your job looked like:

------------------------------------------------------------
# LSBATCH: User input
/home/nguyenm5/anaconda3/envs/pinot/bin/python scripts/active/plotting_active.py --net ExactGaussianProcessRegressor --num_rounds 4 --num_trials 1 --num_epochs 20 --data moonshot --q 96 --acquisition ExpectedImprovement --output_folder /home/nguyenm5/coding/pinot/jul-16/active-supervised --index 5
------------------------------------------------------------

Successfully completed.

Resource usage summary:

    CPU time :                                   21.84 sec.
    Max Memory :                                 2 GB
    Average Memory :                             0.60 GB
    Total Requested Memory :                     192.00 GB
    Delta Memory :                               190.00 GB
    Max Swap :                                   -
    Max Processes :                              3
    Max Threads :                                20
    Run time :                                   15 sec.
    Turnaround time :                            18 sec.

The output (if any) follows:

0
Max probability of improvement:
[array(0.44850272, dtype=float32), array(0.4634589, dtype=float32), array(0.4895615, dtype=float32), array(0.48423237, dtype=float32)]
Max UCB:
[array(1.9582913, dtype=float32), array(1.9601306, dtype=float32), array(1.959655, dtype=float32), array(1.9525372, dtype=float32)]
Max UCB - ybest
[1.8248574, 1.8041168, 1.8036413, 1.7965235]


PS:

Read file </home/nguyenm5/coding/pinot/jul-16/active-supervised/ExpectedImprovement_20.stderr> for stderr output of this job.

Sender: LSF System <lsfadmin@ls01>
Subject: Job 15339796: <supervised> in cluster <lila> Done

Job <supervised> was submitted from host <lilac> by user <nguyenm5> in cluster <lila> at Wed Jul 15 10:52:48 2020
Job was executed on host(s) <12*ls01>, in queue <gpuqueue>, as user <nguyenm5> in cluster <lila> at Wed Jul 15 10:52:49 2020
</home/nguyenm5> was used as the home directory.
</home/nguyenm5/coding/pinot> was used as the working directory.
Started at Wed Jul 15 10:52:49 2020
Terminated at Wed Jul 15 10:53:08 2020
Results reported at Wed Jul 15 10:53:08 2020

Your job looked like:

------------------------------------------------------------
# LSBATCH: User input
/home/nguyenm5/anaconda3/envs/pinot/bin/python scripts/active/plotting_active.py --net ExactGaussianProcessRegressor --num_rounds 4 --num_trials 1 --num_epochs 20 --data moonshot --q 96 --acquisition ExpectedImprovement --output_folder /home/nguyenm5/coding/pinot/jul-16/active-supervised --index 1
------------------------------------------------------------

Successfully completed.

Resource usage summary:

    CPU time :                                   22.39 sec.
    Max Memory :                                 2 GB
    Average Memory :                             0.50 GB
    Total Requested Memory :                     192.00 GB
    Delta Memory :                               190.00 GB
    Max Swap :                                   -
    Max Processes :                              3
    Max Threads :                                9
    Run time :                                   19 sec.
    Turnaround time :                            20 sec.

The output (if any) follows:

0
Max probability of improvement:
[array(0.39630485, dtype=float32), array(0.44930148, dtype=float32), array(0.4834867, dtype=float32), array(0.4776848, dtype=float32)]
Max UCB:
[array(1.9580157, dtype=float32), array(1.9724736, dtype=float32), array(1.974193, dtype=float32), array(1.9635552, dtype=float32)]
Max UCB - ybest
[1.6953537, 1.6944648, 1.6961842, 1.6855464]


PS:

Read file </home/nguyenm5/coding/pinot/jul-16/active-supervised/ExpectedImprovement_20.stderr> for stderr output of this job.

Sender: LSF System <lsfadmin@ls01>
Subject: Job 15339797: <supervised> in cluster <lila> Done

Job <supervised> was submitted from host <lilac> by user <nguyenm5> in cluster <lila> at Wed Jul 15 10:52:48 2020
Job was executed on host(s) <12*ls01>, in queue <gpuqueue>, as user <nguyenm5> in cluster <lila> at Wed Jul 15 10:52:49 2020
</home/nguyenm5> was used as the home directory.
</home/nguyenm5/coding/pinot> was used as the working directory.
Started at Wed Jul 15 10:52:49 2020
Terminated at Wed Jul 15 10:53:08 2020
Results reported at Wed Jul 15 10:53:08 2020

Your job looked like:

------------------------------------------------------------
# LSBATCH: User input
/home/nguyenm5/anaconda3/envs/pinot/bin/python scripts/active/plotting_active.py --net ExactGaussianProcessRegressor --num_rounds 4 --num_trials 1 --num_epochs 20 --data moonshot --q 96 --acquisition ExpectedImprovement --output_folder /home/nguyenm5/coding/pinot/jul-16/active-supervised --index 2
------------------------------------------------------------

Successfully completed.

Resource usage summary:

    CPU time :                                   24.53 sec.
    Max Memory :                                 2 GB
    Average Memory :                             0.58 GB
    Total Requested Memory :                     192.00 GB
    Delta Memory :                               190.00 GB
    Max Swap :                                   -
    Max Processes :                              3
    Max Threads :                                20
    Run time :                                   19 sec.
    Turnaround time :                            20 sec.

The output (if any) follows:

0
Max probability of improvement:
[array(0.4840331, dtype=float32), array(0.47409534, dtype=float32), array(0.44451827, dtype=float32), array(0.4311219, dtype=float32)]
Max UCB:
[array(1.9661686, dtype=float32), array(1.9609493, dtype=float32), array(1.9536499, dtype=float32), array(1.9510975, dtype=float32)]
Max UCB - ybest
[1.7828685, 1.7776492, 1.7703497, 1.7677974]


PS:

Read file </home/nguyenm5/coding/pinot/jul-16/active-supervised/ExpectedImprovement_20.stderr> for stderr output of this job.

Sender: LSF System <lsfadmin@ls18>
Subject: Job 15339799: <supervised> in cluster <lila> Done

Job <supervised> was submitted from host <lilac> by user <nguyenm5> in cluster <lila> at Wed Jul 15 10:52:49 2020
Job was executed on host(s) <12*ls18>, in queue <gpuqueue>, as user <nguyenm5> in cluster <lila> at Wed Jul 15 10:52:49 2020
</home/nguyenm5> was used as the home directory.
</home/nguyenm5/coding/pinot> was used as the working directory.
Started at Wed Jul 15 10:52:49 2020
Terminated at Wed Jul 15 10:53:09 2020
Results reported at Wed Jul 15 10:53:09 2020

Your job looked like:

------------------------------------------------------------
# LSBATCH: User input
/home/nguyenm5/anaconda3/envs/pinot/bin/python scripts/active/plotting_active.py --net ExactGaussianProcessRegressor --num_rounds 4 --num_trials 1 --num_epochs 20 --data moonshot --q 96 --acquisition ExpectedImprovement --output_folder /home/nguyenm5/coding/pinot/jul-16/active-supervised --index 4
------------------------------------------------------------

Successfully completed.

Resource usage summary:

    CPU time :                                   23.66 sec.
    Max Memory :                                 2 GB
    Average Memory :                             0.67 GB
    Total Requested Memory :                     192.00 GB
    Delta Memory :                               190.00 GB
    Max Swap :                                   -
    Max Processes :                              3
    Max Threads :                                20
    Run time :                                   21 sec.
    Turnaround time :                            20 sec.

The output (if any) follows:

0
Max probability of improvement:
[array(0.4712023, dtype=float32), array(0.4937017, dtype=float32), array(0.49372822, dtype=float32), array(0.4938032, dtype=float32)]
Max UCB:
[array(1.9580153, dtype=float32), array(1.9563358, dtype=float32), array(1.9532216, dtype=float32), array(1.9509666, dtype=float32)]
Max UCB - ybest
[1.8858392, 1.8841597, 1.8810455, 1.8787905]


PS:

Read file </home/nguyenm5/coding/pinot/jul-16/active-supervised/ExpectedImprovement_20.stderr> for stderr output of this job.

Sender: LSF System <lsfadmin@ls18>
Subject: Job 15339798: <supervised> in cluster <lila> Done

Job <supervised> was submitted from host <lilac> by user <nguyenm5> in cluster <lila> at Wed Jul 15 10:52:49 2020
Job was executed on host(s) <12*ls18>, in queue <gpuqueue>, as user <nguyenm5> in cluster <lila> at Wed Jul 15 10:52:49 2020
</home/nguyenm5> was used as the home directory.
</home/nguyenm5/coding/pinot> was used as the working directory.
Started at Wed Jul 15 10:52:49 2020
Terminated at Wed Jul 15 10:53:09 2020
Results reported at Wed Jul 15 10:53:09 2020

Your job looked like:

------------------------------------------------------------
# LSBATCH: User input
/home/nguyenm5/anaconda3/envs/pinot/bin/python scripts/active/plotting_active.py --net ExactGaussianProcessRegressor --num_rounds 4 --num_trials 1 --num_epochs 20 --data moonshot --q 96 --acquisition ExpectedImprovement --output_folder /home/nguyenm5/coding/pinot/jul-16/active-supervised --index 3
------------------------------------------------------------

Successfully completed.

Resource usage summary:

    CPU time :                                   24.21 sec.
    Max Memory :                                 2 GB
    Average Memory :                             0.33 GB
    Total Requested Memory :                     192.00 GB
    Delta Memory :                               190.00 GB
    Max Swap :                                   -
    Max Processes :                              3
    Max Threads :                                20
    Run time :                                   21 sec.
    Turnaround time :                            20 sec.

The output (if any) follows:

0
Max probability of improvement:
[array(0.3074721, dtype=float32), array(0.4562279, dtype=float32), array(0.38782263, dtype=float32), array(0.39901596, dtype=float32)]
Max UCB:
[array(1.9580154, dtype=float32), array(2.0163193, dtype=float32), array(1.9695438, dtype=float32), array(1.9697968, dtype=float32)]
Max UCB - ybest
[1.4554871, 1.513791, 1.4670155, 1.4672685]


PS:

Read file </home/nguyenm5/coding/pinot/jul-16/active-supervised/ExpectedImprovement_20.stderr> for stderr output of this job.

Sender: LSF System <lsfadmin@ls18>
Subject: Job 15339983: <supervised> in cluster <lila> Done

Job <supervised> was submitted from host <lilac> by user <nguyenm5> in cluster <lila> at Wed Jul 15 11:21:30 2020
Job was executed on host(s) <12*ls18>, in queue <gpuqueue>, as user <nguyenm5> in cluster <lila> at Wed Jul 15 11:21:31 2020
</home/nguyenm5> was used as the home directory.
</home/nguyenm5/coding/pinot> was used as the working directory.
Started at Wed Jul 15 11:21:31 2020
Terminated at Wed Jul 15 11:21:38 2020
Results reported at Wed Jul 15 11:21:38 2020

Your job looked like:

------------------------------------------------------------
# LSBATCH: User input
/home/nguyenm5/anaconda3/envs/pinot/bin/python scripts/active/plotting_active.py --net ExactGaussianProcessRegressor --num_rounds 4 --num_trials 1 --num_epochs 20 --data moonshot --q 96 --acquisition ExpectedImprovement --output_folder /home/nguyenm5/coding/pinot/jul-16/active-supervised --index 7
------------------------------------------------------------

Successfully completed.

Resource usage summary:

    CPU time :                                   18.62 sec.
    Max Memory :                                 2 GB
    Average Memory :                             1.17 GB
    Total Requested Memory :                     192.00 GB
    Delta Memory :                               190.00 GB
    Max Swap :                                   -
    Max Processes :                              3
    Max Threads :                                20
    Run time :                                   9 sec.
    Turnaround time :                            8 sec.

The output (if any) follows:

0
Max probability of improvement:
[array(0.4712023, dtype=float32), array(0.49370176, dtype=float32), array(0.49373507, dtype=float32), array(0.41557008, dtype=float32)]
Max UCB:
[array(1.9580153, dtype=float32), array(1.9563112, dtype=float32), array(1.9533727, dtype=float32), array(1.9510297, dtype=float32)]
Max UCB - ybest
[1.8858392, 1.8841351, 1.8811966, 1.7377473]


PS:

Read file </home/nguyenm5/coding/pinot/jul-16/active-supervised/ExpectedImprovement_20.stderr> for stderr output of this job.

Sender: LSF System <lsfadmin@ls18>
Subject: Job 15339982: <supervised> in cluster <lila> Done

Job <supervised> was submitted from host <lilac> by user <nguyenm5> in cluster <lila> at Wed Jul 15 11:21:30 2020
Job was executed on host(s) <12*ls18>, in queue <gpuqueue>, as user <nguyenm5> in cluster <lila> at Wed Jul 15 11:21:30 2020
</home/nguyenm5> was used as the home directory.
</home/nguyenm5/coding/pinot> was used as the working directory.
Started at Wed Jul 15 11:21:30 2020
Terminated at Wed Jul 15 11:21:39 2020
Results reported at Wed Jul 15 11:21:39 2020

Your job looked like:

------------------------------------------------------------
# LSBATCH: User input
/home/nguyenm5/anaconda3/envs/pinot/bin/python scripts/active/plotting_active.py --net ExactGaussianProcessRegressor --num_rounds 4 --num_trials 1 --num_epochs 20 --data moonshot --q 96 --acquisition ExpectedImprovement --output_folder /home/nguyenm5/coding/pinot/jul-16/active-supervised --index 6
------------------------------------------------------------

Successfully completed.

Resource usage summary:

    CPU time :                                   21.78 sec.
    Max Memory :                                 2 GB
    Average Memory :                             1.17 GB
    Total Requested Memory :                     192.00 GB
    Delta Memory :                               190.00 GB
    Max Swap :                                   -
    Max Processes :                              3
    Max Threads :                                20
    Run time :                                   10 sec.
    Turnaround time :                            9 sec.

The output (if any) follows:

0
Max probability of improvement:
[array(0.4691785, dtype=float32), array(0.47162116, dtype=float32), array(0.44210672, dtype=float32), array(0.40428782, dtype=float32)]
Max UCB:
[array(1.9882742, dtype=float32), array(1.9865495, dtype=float32), array(1.9727505, dtype=float32), array(1.9503279, dtype=float32)]
Max UCB - ybest
[1.634185, 1.6324602, 1.6186613, 1.5962386]


PS:

Read file </home/nguyenm5/coding/pinot/jul-16/active-supervised/ExpectedImprovement_20.stderr> for stderr output of this job.

Sender: LSF System <lsfadmin@ls12>
Subject: Job 15339985: <supervised> in cluster <lila> Done

Job <supervised> was submitted from host <lilac> by user <nguyenm5> in cluster <lila> at Wed Jul 15 11:21:30 2020
Job was executed on host(s) <12*ls12>, in queue <gpuqueue>, as user <nguyenm5> in cluster <lila> at Wed Jul 15 11:21:31 2020
</home/nguyenm5> was used as the home directory.
</home/nguyenm5/coding/pinot> was used as the working directory.
Started at Wed Jul 15 11:21:31 2020
Terminated at Wed Jul 15 11:21:39 2020
Results reported at Wed Jul 15 11:21:39 2020

Your job looked like:

------------------------------------------------------------
# LSBATCH: User input
/home/nguyenm5/anaconda3/envs/pinot/bin/python scripts/active/plotting_active.py --net ExactGaussianProcessRegressor --num_rounds 4 --num_trials 1 --num_epochs 20 --data moonshot --q 96 --acquisition ExpectedImprovement --output_folder /home/nguyenm5/coding/pinot/jul-16/active-supervised --index 9
------------------------------------------------------------

Successfully completed.

Resource usage summary:

    CPU time :                                   23.83 sec.
    Max Memory :                                 2 GB
    Average Memory :                             0.43 GB
    Total Requested Memory :                     192.00 GB
    Delta Memory :                               190.00 GB
    Max Swap :                                   -
    Max Processes :                              3
    Max Threads :                                20
    Run time :                                   11 sec.
    Turnaround time :                            9 sec.

The output (if any) follows:

0
Max probability of improvement:
[array(0.4840331, dtype=float32), array(0.47535276, dtype=float32), array(0.4410321, dtype=float32), array(0.43134773, dtype=float32)]
Max UCB:
[array(1.9661684, dtype=float32), array(1.9605064, dtype=float32), array(1.9539126, dtype=float32), array(1.9510398, dtype=float32)]
Max UCB - ybest
[1.7828683, 1.7772063, 1.7706125, 1.7677397]


PS:

Read file </home/nguyenm5/coding/pinot/jul-16/active-supervised/ExpectedImprovement_20.stderr> for stderr output of this job.

Sender: LSF System <lsfadmin@ls12>
Subject: Job 15339984: <supervised> in cluster <lila> Done

Job <supervised> was submitted from host <lilac> by user <nguyenm5> in cluster <lila> at Wed Jul 15 11:21:30 2020
Job was executed on host(s) <12*ls12>, in queue <gpuqueue>, as user <nguyenm5> in cluster <lila> at Wed Jul 15 11:21:30 2020
</home/nguyenm5> was used as the home directory.
</home/nguyenm5/coding/pinot> was used as the working directory.
Started at Wed Jul 15 11:21:30 2020
Terminated at Wed Jul 15 11:21:40 2020
Results reported at Wed Jul 15 11:21:40 2020

Your job looked like:

------------------------------------------------------------
# LSBATCH: User input
/home/nguyenm5/anaconda3/envs/pinot/bin/python scripts/active/plotting_active.py --net ExactGaussianProcessRegressor --num_rounds 4 --num_trials 1 --num_epochs 20 --data moonshot --q 96 --acquisition ExpectedImprovement --output_folder /home/nguyenm5/coding/pinot/jul-16/active-supervised --index 8
------------------------------------------------------------

Successfully completed.

Resource usage summary:

    CPU time :                                   24.20 sec.
    Max Memory :                                 2 GB
    Average Memory :                             0.43 GB
    Total Requested Memory :                     192.00 GB
    Delta Memory :                               190.00 GB
    Max Swap :                                   -
    Max Processes :                              3
    Max Threads :                                20
    Run time :                                   11 sec.
    Turnaround time :                            10 sec.

The output (if any) follows:

0
Max probability of improvement:
[array(0.20223784, dtype=float32), array(0.427229, dtype=float32), array(0.3793065, dtype=float32), array(0.37857872, dtype=float32)]
Max UCB:
[array(1.95822, dtype=float32), array(2.1176946, dtype=float32), array(2.047527, dtype=float32), array(2.0788693, dtype=float32)]
Max UCB - ybest
[1.1249137, 1.2843883, 1.2142208, 1.245563]


PS:

Read file </home/nguyenm5/coding/pinot/jul-16/active-supervised/ExpectedImprovement_20.stderr> for stderr output of this job.

Sender: LSF System <lsfadmin@ls01>
Subject: Job 15339986: <supervised> in cluster <lila> Done

Job <supervised> was submitted from host <lilac> by user <nguyenm5> in cluster <lila> at Wed Jul 15 11:21:30 2020
Job was executed on host(s) <12*ls01>, in queue <gpuqueue>, as user <nguyenm5> in cluster <lila> at Wed Jul 15 11:21:31 2020
</home/nguyenm5> was used as the home directory.
</home/nguyenm5/coding/pinot> was used as the working directory.
Started at Wed Jul 15 11:21:31 2020
Terminated at Wed Jul 15 11:21:40 2020
Results reported at Wed Jul 15 11:21:40 2020

Your job looked like:

------------------------------------------------------------
# LSBATCH: User input
/home/nguyenm5/anaconda3/envs/pinot/bin/python scripts/active/plotting_active.py --net ExactGaussianProcessRegressor --num_rounds 4 --num_trials 1 --num_epochs 20 --data moonshot --q 96 --acquisition ExpectedImprovement --output_folder /home/nguyenm5/coding/pinot/jul-16/active-supervised --index 10
------------------------------------------------------------

Successfully completed.

Resource usage summary:

    CPU time :                                   22.40 sec.
    Max Memory :                                 2 GB
    Average Memory :                             0.50 GB
    Total Requested Memory :                     192.00 GB
    Delta Memory :                               190.00 GB
    Max Swap :                                   -
    Max Processes :                              3
    Max Threads :                                20
    Run time :                                   10 sec.
    Turnaround time :                            10 sec.

The output (if any) follows:

0
Max probability of improvement:
[array(0.49392885, dtype=float32), array(0.36262637, dtype=float32), array(0.26762152, dtype=float32), array(0.41422486, dtype=float32)]
Max UCB:
[array(1.9591959, dtype=float32), array(1.9567858, dtype=float32), array(1.9836942, dtype=float32), array(2.0219638, dtype=float32)]
Max UCB - ybest
[1.889515, 1.6002128, 1.2752358, 1.3135054]


PS:

Read file </home/nguyenm5/coding/pinot/jul-16/active-supervised/ExpectedImprovement_20.stderr> for stderr output of this job.

