Sender: LSF System <lsfadmin@ls07>
Subject: Job 15339935: <supervised> in cluster <lila> Done

Job <supervised> was submitted from host <lilac> by user <nguyenm5> in cluster <lila> at Wed Jul 15 11:11:54 2020
Job was executed on host(s) <12*ls07>, in queue <gpuqueue>, as user <nguyenm5> in cluster <lila> at Wed Jul 15 11:11:55 2020
</home/nguyenm5> was used as the home directory.
</home/nguyenm5/coding/pinot> was used as the working directory.
Started at Wed Jul 15 11:11:55 2020
Terminated at Wed Jul 15 11:12:02 2020
Results reported at Wed Jul 15 11:12:02 2020

Your job looked like:

------------------------------------------------------------
# LSBATCH: User input
/home/nguyenm5/anaconda3/envs/pinot/bin/python scripts/active/plotting_active.py --net ExactGaussianProcessRegressor --num_rounds 4 --num_trials 1 --num_epochs 10 --data moonshot --q 96 --acquisition Human --output_folder /home/nguyenm5/coding/pinot/jul-16/active-supervised --index 3
------------------------------------------------------------

Successfully completed.

Resource usage summary:

    CPU time :                                   23.72 sec.
    Max Memory :                                 2 GB
    Average Memory :                             1.17 GB
    Total Requested Memory :                     192.00 GB
    Delta Memory :                               190.00 GB
    Max Swap :                                   -
    Max Processes :                              3
    Max Threads :                                20
    Run time :                                   9 sec.
    Turnaround time :                            8 sec.

The output (if any) follows:

0
Max probability of improvement:
[array(0.50218546, dtype=float32), array(0.48423207, dtype=float32), array(0.35759884, dtype=float32), array(0.22889829, dtype=float32)]
Max UCB:
[array(1.9589946, dtype=float32), array(1.957949, dtype=float32), array(1.9570758, dtype=float32), array(1.9869471, dtype=float32)]
Max UCB - ybest
[1.96447, 1.918455, 1.5913825, 1.164768]


PS:

Read file </home/nguyenm5/coding/pinot/jul-16/active-supervised/Human_10.stderr> for stderr output of this job.

Sender: LSF System <lsfadmin@ls15>
Subject: Job 15339933: <supervised> in cluster <lila> Done

Job <supervised> was submitted from host <lilac> by user <nguyenm5> in cluster <lila> at Wed Jul 15 11:11:54 2020
Job was executed on host(s) <12*ls15>, in queue <gpuqueue>, as user <nguyenm5> in cluster <lila> at Wed Jul 15 11:11:55 2020
</home/nguyenm5> was used as the home directory.
</home/nguyenm5/coding/pinot> was used as the working directory.
Started at Wed Jul 15 11:11:55 2020
Terminated at Wed Jul 15 11:12:02 2020
Results reported at Wed Jul 15 11:12:02 2020

Your job looked like:

------------------------------------------------------------
# LSBATCH: User input
/home/nguyenm5/anaconda3/envs/pinot/bin/python scripts/active/plotting_active.py --net ExactGaussianProcessRegressor --num_rounds 4 --num_trials 1 --num_epochs 10 --data moonshot --q 96 --acquisition Human --output_folder /home/nguyenm5/coding/pinot/jul-16/active-supervised --index 1
------------------------------------------------------------

Successfully completed.

Resource usage summary:

    CPU time :                                   22.85 sec.
    Max Memory :                                 2 GB
    Average Memory :                             1.17 GB
    Total Requested Memory :                     192.00 GB
    Delta Memory :                               190.00 GB
    Max Swap :                                   -
    Max Processes :                              3
    Max Threads :                                20
    Run time :                                   9 sec.
    Turnaround time :                            8 sec.

The output (if any) follows:

0
Max probability of improvement:
[array(0.52233756, dtype=float32), array(0.48423207, dtype=float32), array(0.35783708, dtype=float32), array(0.22869837, dtype=float32)]
Max UCB:
[array(1.9589946, dtype=float32), array(1.957949, dtype=float32), array(1.9571761, dtype=float32), array(1.9874849, dtype=float32)]
Max UCB - ybest
[2.0149882, 1.918455, 1.5914826, 1.1653059]


PS:

Read file </home/nguyenm5/coding/pinot/jul-16/active-supervised/Human_10.stderr> for stderr output of this job.

Sender: LSF System <lsfadmin@ls07>
Subject: Job 15339934: <supervised> in cluster <lila> Done

Job <supervised> was submitted from host <lilac> by user <nguyenm5> in cluster <lila> at Wed Jul 15 11:11:54 2020
Job was executed on host(s) <12*ls07>, in queue <gpuqueue>, as user <nguyenm5> in cluster <lila> at Wed Jul 15 11:11:54 2020
</home/nguyenm5> was used as the home directory.
</home/nguyenm5/coding/pinot> was used as the working directory.
Started at Wed Jul 15 11:11:54 2020
Terminated at Wed Jul 15 11:12:03 2020
Results reported at Wed Jul 15 11:12:03 2020

Your job looked like:

------------------------------------------------------------
# LSBATCH: User input
/home/nguyenm5/anaconda3/envs/pinot/bin/python scripts/active/plotting_active.py --net ExactGaussianProcessRegressor --num_rounds 4 --num_trials 1 --num_epochs 10 --data moonshot --q 96 --acquisition Human --output_folder /home/nguyenm5/coding/pinot/jul-16/active-supervised --index 2
------------------------------------------------------------

Successfully completed.

Resource usage summary:

    CPU time :                                   23.43 sec.
    Max Memory :                                 2 GB
    Average Memory :                             1.17 GB
    Total Requested Memory :                     192.00 GB
    Delta Memory :                               190.00 GB
    Max Swap :                                   -
    Max Processes :                              3
    Max Threads :                                20
    Run time :                                   9 sec.
    Turnaround time :                            9 sec.

The output (if any) follows:

0
Max probability of improvement:
[array(0.4948634, dtype=float32), array(0.494856, dtype=float32), array(0.3587793, dtype=float32), array(0.22776091, dtype=float32)]
Max UCB:
[array(1.9598249, dtype=float32), array(1.9582161, dtype=float32), array(1.9571747, dtype=float32), array(1.9846326, dtype=float32)]
Max UCB - ybest
[1.9007853, 1.8991765, 1.5914812, 1.1624537]


PS:

Read file </home/nguyenm5/coding/pinot/jul-16/active-supervised/Human_10.stderr> for stderr output of this job.

Sender: LSF System <lsfadmin@ls01>
Subject: Job 15339936: <supervised> in cluster <lila> Done

Job <supervised> was submitted from host <lilac> by user <nguyenm5> in cluster <lila> at Wed Jul 15 11:11:54 2020
Job was executed on host(s) <12*ls01>, in queue <gpuqueue>, as user <nguyenm5> in cluster <lila> at Wed Jul 15 11:12:02 2020
</home/nguyenm5> was used as the home directory.
</home/nguyenm5/coding/pinot> was used as the working directory.
Started at Wed Jul 15 11:12:02 2020
Terminated at Wed Jul 15 11:12:09 2020
Results reported at Wed Jul 15 11:12:09 2020

Your job looked like:

------------------------------------------------------------
# LSBATCH: User input
/home/nguyenm5/anaconda3/envs/pinot/bin/python scripts/active/plotting_active.py --net ExactGaussianProcessRegressor --num_rounds 4 --num_trials 1 --num_epochs 10 --data moonshot --q 96 --acquisition Human --output_folder /home/nguyenm5/coding/pinot/jul-16/active-supervised --index 4
------------------------------------------------------------

Successfully completed.

Resource usage summary:

    CPU time :                                   20.60 sec.
    Max Memory :                                 2 GB
    Average Memory :                             1.17 GB
    Total Requested Memory :                     192.00 GB
    Delta Memory :                               190.00 GB
    Max Swap :                                   -
    Max Processes :                              3
    Max Threads :                                20
    Run time :                                   8 sec.
    Turnaround time :                            15 sec.

The output (if any) follows:

0
Max probability of improvement:
[array(0.47882384, dtype=float32), array(0.4786861, dtype=float32), array(0.3899203, dtype=float32), array(0.22887653, dtype=float32)]
Max UCB:
[array(1.9733564, dtype=float32), array(1.9722922, dtype=float32), array(1.9711757, dtype=float32), array(1.987797, dtype=float32)]
Max UCB - ybest
[1.7298518, 1.7287877, 1.6054823, 1.165618]


PS:

Read file </home/nguyenm5/coding/pinot/jul-16/active-supervised/Human_10.stderr> for stderr output of this job.

Sender: LSF System <lsfadmin@ls17>
Subject: Job 15339937: <supervised> in cluster <lila> Done

Job <supervised> was submitted from host <lilac> by user <nguyenm5> in cluster <lila> at Wed Jul 15 11:11:54 2020
Job was executed on host(s) <12*ls17>, in queue <gpuqueue>, as user <nguyenm5> in cluster <lila> at Wed Jul 15 11:12:02 2020
</home/nguyenm5> was used as the home directory.
</home/nguyenm5/coding/pinot> was used as the working directory.
Started at Wed Jul 15 11:12:02 2020
Terminated at Wed Jul 15 11:12:09 2020
Results reported at Wed Jul 15 11:12:09 2020

Your job looked like:

------------------------------------------------------------
# LSBATCH: User input
/home/nguyenm5/anaconda3/envs/pinot/bin/python scripts/active/plotting_active.py --net ExactGaussianProcessRegressor --num_rounds 4 --num_trials 1 --num_epochs 10 --data moonshot --q 96 --acquisition Human --output_folder /home/nguyenm5/coding/pinot/jul-16/active-supervised --index 5
------------------------------------------------------------

Successfully completed.

Resource usage summary:

    CPU time :                                   21.18 sec.
    Max Memory :                                 2 GB
    Average Memory :                             1.17 GB
    Total Requested Memory :                     192.00 GB
    Delta Memory :                               190.00 GB
    Max Swap :                                   -
    Max Processes :                              3
    Max Threads :                                20
    Run time :                                   7 sec.
    Turnaround time :                            15 sec.

The output (if any) follows:

0
Max probability of improvement:
[array(0.49796999, dtype=float32), array(0.48705572, dtype=float32), array(0.35786998, dtype=float32), array(0.2288304, dtype=float32)]
Max UCB:
[array(1.9591268, dtype=float32), array(1.9580771, dtype=float32), array(1.957158, dtype=float32), array(1.9877466, dtype=float32)]
Max UCB - ybest
[1.9357944, 1.918583, 1.5914645, 1.1655676]


PS:

Read file </home/nguyenm5/coding/pinot/jul-16/active-supervised/Human_10.stderr> for stderr output of this job.

Sender: LSF System <lsfadmin@ls07>
Subject: Job 15340075: <supervised> in cluster <lila> Done

Job <supervised> was submitted from host <lilac> by user <nguyenm5> in cluster <lila> at Wed Jul 15 11:23:54 2020
Job was executed on host(s) <12*ls07>, in queue <gpuqueue>, as user <nguyenm5> in cluster <lila> at Wed Jul 15 11:23:55 2020
</home/nguyenm5> was used as the home directory.
</home/nguyenm5/coding/pinot> was used as the working directory.
Started at Wed Jul 15 11:23:55 2020
Terminated at Wed Jul 15 11:24:02 2020
Results reported at Wed Jul 15 11:24:02 2020

Your job looked like:

------------------------------------------------------------
# LSBATCH: User input
/home/nguyenm5/anaconda3/envs/pinot/bin/python scripts/active/plotting_active.py --net ExactGaussianProcessRegressor --num_rounds 4 --num_trials 1 --num_epochs 10 --data moonshot --q 96 --acquisition Human --output_folder /home/nguyenm5/coding/pinot/jul-16/active-supervised --index 6
------------------------------------------------------------

Successfully completed.

Resource usage summary:

    CPU time :                                   22.34 sec.
    Max Memory :                                 2 GB
    Average Memory :                             1.17 GB
    Total Requested Memory :                     192.00 GB
    Delta Memory :                               190.00 GB
    Max Swap :                                   -
    Max Processes :                              3
    Max Threads :                                20
    Run time :                                   7 sec.
    Turnaround time :                            8 sec.

The output (if any) follows:

0
Max probability of improvement:
[array(0.52233756, dtype=float32), array(0.48423207, dtype=float32), array(0.35722947, dtype=float32), array(0.22835076, dtype=float32)]
Max UCB:
[array(1.9589946, dtype=float32), array(1.957949, dtype=float32), array(1.9568758, dtype=float32), array(1.9773873, dtype=float32)]
Max UCB - ybest
[2.0149882, 1.918455, 1.5911825, 1.1552083]


PS:

Read file </home/nguyenm5/coding/pinot/jul-16/active-supervised/Human_10.stderr> for stderr output of this job.

Sender: LSF System <lsfadmin@ls15>
Subject: Job 15340077: <supervised> in cluster <lila> Done

Job <supervised> was submitted from host <lilac> by user <nguyenm5> in cluster <lila> at Wed Jul 15 11:23:54 2020
Job was executed on host(s) <12*ls15>, in queue <gpuqueue>, as user <nguyenm5> in cluster <lila> at Wed Jul 15 11:23:55 2020
</home/nguyenm5> was used as the home directory.
</home/nguyenm5/coding/pinot> was used as the working directory.
Started at Wed Jul 15 11:23:55 2020
Terminated at Wed Jul 15 11:24:02 2020
Results reported at Wed Jul 15 11:24:02 2020

Your job looked like:

------------------------------------------------------------
# LSBATCH: User input
/home/nguyenm5/anaconda3/envs/pinot/bin/python scripts/active/plotting_active.py --net ExactGaussianProcessRegressor --num_rounds 4 --num_trials 1 --num_epochs 10 --data moonshot --q 96 --acquisition Human --output_folder /home/nguyenm5/coding/pinot/jul-16/active-supervised --index 8
------------------------------------------------------------

Successfully completed.

Resource usage summary:

    CPU time :                                   22.08 sec.
    Max Memory :                                 2 GB
    Average Memory :                             1.17 GB
    Total Requested Memory :                     192.00 GB
    Delta Memory :                               190.00 GB
    Max Swap :                                   -
    Max Processes :                              3
    Max Threads :                                20
    Run time :                                   8 sec.
    Turnaround time :                            8 sec.

The output (if any) follows:

0
Max probability of improvement:
[array(0.52233756, dtype=float32), array(0.48423207, dtype=float32), array(0.35780513, dtype=float32), array(0.22890389, dtype=float32)]
Max UCB:
[array(1.9589943, dtype=float32), array(1.9579487, dtype=float32), array(1.9571439, dtype=float32), array(1.9874095, dtype=float32)]
Max UCB - ybest
[2.0149877, 1.9184546, 1.5914505, 1.1652305]


PS:

Read file </home/nguyenm5/coding/pinot/jul-16/active-supervised/Human_10.stderr> for stderr output of this job.

Sender: LSF System <lsfadmin@ls15>
Subject: Job 15340076: <supervised> in cluster <lila> Done

Job <supervised> was submitted from host <lilac> by user <nguyenm5> in cluster <lila> at Wed Jul 15 11:23:54 2020
Job was executed on host(s) <12*ls15>, in queue <gpuqueue>, as user <nguyenm5> in cluster <lila> at Wed Jul 15 11:23:55 2020
</home/nguyenm5> was used as the home directory.
</home/nguyenm5/coding/pinot> was used as the working directory.
Started at Wed Jul 15 11:23:55 2020
Terminated at Wed Jul 15 11:24:03 2020
Results reported at Wed Jul 15 11:24:03 2020

Your job looked like:

------------------------------------------------------------
# LSBATCH: User input
/home/nguyenm5/anaconda3/envs/pinot/bin/python scripts/active/plotting_active.py --net ExactGaussianProcessRegressor --num_rounds 4 --num_trials 1 --num_epochs 10 --data moonshot --q 96 --acquisition Human --output_folder /home/nguyenm5/coding/pinot/jul-16/active-supervised --index 7
------------------------------------------------------------

Successfully completed.

Resource usage summary:

    CPU time :                                   22.59 sec.
    Max Memory :                                 2 GB
    Average Memory :                             0.50 GB
    Total Requested Memory :                     192.00 GB
    Delta Memory :                               190.00 GB
    Max Swap :                                   -
    Max Processes :                              3
    Max Threads :                                20
    Run time :                                   8 sec.
    Turnaround time :                            9 sec.

The output (if any) follows:

0
Max probability of improvement:
[array(0.5052155, dtype=float32), array(0.48423207, dtype=float32), array(0.35781646, dtype=float32), array(0.22887123, dtype=float32)]
Max UCB:
[array(1.9589946, dtype=float32), array(1.957949, dtype=float32), array(1.9571668, dtype=float32), array(1.9869757, dtype=float32)]
Max UCB - ybest
[1.9720619, 1.918455, 1.5914733, 1.1647966]


PS:

Read file </home/nguyenm5/coding/pinot/jul-16/active-supervised/Human_10.stderr> for stderr output of this job.

Sender: LSF System <lsfadmin@ls01>
Subject: Job 15340078: <supervised> in cluster <lila> Done

Job <supervised> was submitted from host <lilac> by user <nguyenm5> in cluster <lila> at Wed Jul 15 11:23:55 2020
Job was executed on host(s) <12*ls01>, in queue <gpuqueue>, as user <nguyenm5> in cluster <lila> at Wed Jul 15 11:24:02 2020
</home/nguyenm5> was used as the home directory.
</home/nguyenm5/coding/pinot> was used as the working directory.
Started at Wed Jul 15 11:24:02 2020
Terminated at Wed Jul 15 11:24:10 2020
Results reported at Wed Jul 15 11:24:10 2020

Your job looked like:

------------------------------------------------------------
# LSBATCH: User input
/home/nguyenm5/anaconda3/envs/pinot/bin/python scripts/active/plotting_active.py --net ExactGaussianProcessRegressor --num_rounds 4 --num_trials 1 --num_epochs 10 --data moonshot --q 96 --acquisition Human --output_folder /home/nguyenm5/coding/pinot/jul-16/active-supervised --index 9
------------------------------------------------------------

Successfully completed.

Resource usage summary:

    CPU time :                                   22.17 sec.
    Max Memory :                                 2 GB
    Average Memory :                             1.17 GB
    Total Requested Memory :                     192.00 GB
    Delta Memory :                               190.00 GB
    Max Swap :                                   -
    Max Processes :                              3
    Max Threads :                                20
    Run time :                                   8 sec.
    Turnaround time :                            15 sec.

The output (if any) follows:

0
Max probability of improvement:
[array(0.49775207, dtype=float32), array(0.48785657, dtype=float32), array(0.35801744, dtype=float32), array(0.22891939, dtype=float32)]
Max UCB:
[array(1.9591572, dtype=float32), array(1.958111, dtype=float32), array(1.9571588, dtype=float32), array(1.9877627, dtype=float32)]
Max UCB - ybest
[1.9333204, 1.918617, 1.5914655, 1.1655836]


PS:

Read file </home/nguyenm5/coding/pinot/jul-16/active-supervised/Human_10.stderr> for stderr output of this job.

Sender: LSF System <lsfadmin@ls06>
Subject: Job 15340079: <supervised> in cluster <lila> Done

Job <supervised> was submitted from host <lilac> by user <nguyenm5> in cluster <lila> at Wed Jul 15 11:23:55 2020
Job was executed on host(s) <12*ls06>, in queue <gpuqueue>, as user <nguyenm5> in cluster <lila> at Wed Jul 15 11:24:03 2020
</home/nguyenm5> was used as the home directory.
</home/nguyenm5/coding/pinot> was used as the working directory.
Started at Wed Jul 15 11:24:03 2020
Terminated at Wed Jul 15 11:24:10 2020
Results reported at Wed Jul 15 11:24:10 2020

Your job looked like:

------------------------------------------------------------
# LSBATCH: User input
/home/nguyenm5/anaconda3/envs/pinot/bin/python scripts/active/plotting_active.py --net ExactGaussianProcessRegressor --num_rounds 4 --num_trials 1 --num_epochs 10 --data moonshot --q 96 --acquisition Human --output_folder /home/nguyenm5/coding/pinot/jul-16/active-supervised --index 10
------------------------------------------------------------

Successfully completed.

Resource usage summary:

    CPU time :                                   21.43 sec.
    Max Memory :                                 2 GB
    Average Memory :                             1.17 GB
    Total Requested Memory :                     192.00 GB
    Delta Memory :                               190.00 GB
    Max Swap :                                   -
    Max Processes :                              3
    Max Threads :                                20
    Run time :                                   8 sec.
    Turnaround time :                            15 sec.

The output (if any) follows:

0
Max probability of improvement:
[array(0.5072869, dtype=float32), array(0.48423207, dtype=float32), array(0.35783774, dtype=float32), array(0.22885597, dtype=float32)]
Max UCB:
[array(1.9589946, dtype=float32), array(1.957949, dtype=float32), array(1.9571825, dtype=float32), array(1.9875062, dtype=float32)]
Max UCB - ybest
[1.977252, 1.918455, 1.5914891, 1.1653271]


PS:

Read file </home/nguyenm5/coding/pinot/jul-16/active-supervised/Human_10.stderr> for stderr output of this job.

