Sender: LSF System <lsfadmin@ls17>
Subject: Job 15339881: <supervised> in cluster <lila> Done

Job <supervised> was submitted from host <lilac> by user <nguyenm5> in cluster <lila> at Wed Jul 15 11:01:15 2020
Job was executed on host(s) <12*ls17>, in queue <gpuqueue>, as user <nguyenm5> in cluster <lila> at Wed Jul 15 11:01:16 2020
</home/nguyenm5> was used as the home directory.
</home/nguyenm5/coding/pinot> was used as the working directory.
Started at Wed Jul 15 11:01:16 2020
Terminated at Wed Jul 15 11:01:48 2020
Results reported at Wed Jul 15 11:01:48 2020

Your job looked like:

------------------------------------------------------------
# LSBATCH: User input
/home/nguyenm5/anaconda3/envs/pinot/bin/python scripts/active/plotting_active.py --net ExactGaussianProcessRegressor --num_rounds 4 --num_trials 1 --num_epochs 500 --data moonshot --q 96 --acquisition Human --output_folder /home/nguyenm5/coding/pinot/jul-16/active-supervised --index 5
------------------------------------------------------------

Successfully completed.

Resource usage summary:

    CPU time :                                   44.89 sec.
    Max Memory :                                 2 GB
    Average Memory :                             1.72 GB
    Total Requested Memory :                     192.00 GB
    Delta Memory :                               190.00 GB
    Max Swap :                                   -
    Max Processes :                              3
    Max Threads :                                20
    Run time :                                   34 sec.
    Turnaround time :                            33 sec.

The output (if any) follows:

0
Max probability of improvement:
[array(0.5203947, dtype=float32), array(0.46174586, dtype=float32), array(0.28350985, dtype=float32), array(0.11885786, dtype=float32)]
Max UCB:
[array(1.9118663, dtype=float32), array(1.435189, dtype=float32), array(1.2928637, dtype=float32), array(1.2188169, dtype=float32)]
Max UCB - ybest
[1.9617683, 1.395695, 0.92717034, 0.39663786]


PS:

Read file </home/nguyenm5/coding/pinot/jul-16/active-supervised/Human_500.stderr> for stderr output of this job.

Sender: LSF System <lsfadmin@ls15>
Subject: Job 15339878: <supervised> in cluster <lila> Done

Job <supervised> was submitted from host <lilac> by user <nguyenm5> in cluster <lila> at Wed Jul 15 11:01:15 2020
Job was executed on host(s) <12*ls15>, in queue <gpuqueue>, as user <nguyenm5> in cluster <lila> at Wed Jul 15 11:01:15 2020
</home/nguyenm5> was used as the home directory.
</home/nguyenm5/coding/pinot> was used as the working directory.
Started at Wed Jul 15 11:01:15 2020
Terminated at Wed Jul 15 11:01:50 2020
Results reported at Wed Jul 15 11:01:50 2020

Your job looked like:

------------------------------------------------------------
# LSBATCH: User input
/home/nguyenm5/anaconda3/envs/pinot/bin/python scripts/active/plotting_active.py --net ExactGaussianProcessRegressor --num_rounds 4 --num_trials 1 --num_epochs 500 --data moonshot --q 96 --acquisition Human --output_folder /home/nguyenm5/coding/pinot/jul-16/active-supervised --index 2
------------------------------------------------------------

Successfully completed.

Resource usage summary:

    CPU time :                                   50.38 sec.
    Max Memory :                                 2 GB
    Average Memory :                             1.75 GB
    Total Requested Memory :                     192.00 GB
    Delta Memory :                               190.00 GB
    Max Swap :                                   -
    Max Processes :                              3
    Max Threads :                                20
    Run time :                                   36 sec.
    Turnaround time :                            35 sec.

The output (if any) follows:

0
Max probability of improvement:
[array(0.47756857, dtype=float32), array(0.38874835, dtype=float32), array(0.2599448, dtype=float32), array(0.07936525, dtype=float32)]
Max UCB:
[array(1.9262358, dtype=float32), array(1.2016281, dtype=float32), array(0.9009204, dtype=float32), array(1.0419397, dtype=float32)]
Max UCB - ybest
[1.6854861, 0.9608784, 0.535227, 0.21976072]


PS:

Read file </home/nguyenm5/coding/pinot/jul-16/active-supervised/Human_500.stderr> for stderr output of this job.

Sender: LSF System <lsfadmin@ls07>
Subject: Job 15339880: <supervised> in cluster <lila> Done

Job <supervised> was submitted from host <lilac> by user <nguyenm5> in cluster <lila> at Wed Jul 15 11:01:15 2020
Job was executed on host(s) <12*ls07>, in queue <gpuqueue>, as user <nguyenm5> in cluster <lila> at Wed Jul 15 11:01:15 2020
</home/nguyenm5> was used as the home directory.
</home/nguyenm5/coding/pinot> was used as the working directory.
Started at Wed Jul 15 11:01:15 2020
Terminated at Wed Jul 15 11:01:51 2020
Results reported at Wed Jul 15 11:01:51 2020

Your job looked like:

------------------------------------------------------------
# LSBATCH: User input
/home/nguyenm5/anaconda3/envs/pinot/bin/python scripts/active/plotting_active.py --net ExactGaussianProcessRegressor --num_rounds 4 --num_trials 1 --num_epochs 500 --data moonshot --q 96 --acquisition Human --output_folder /home/nguyenm5/coding/pinot/jul-16/active-supervised --index 4
------------------------------------------------------------

Successfully completed.

Resource usage summary:

    CPU time :                                   51.10 sec.
    Max Memory :                                 2 GB
    Average Memory :                             1.75 GB
    Total Requested Memory :                     192.00 GB
    Delta Memory :                               190.00 GB
    Max Swap :                                   -
    Max Processes :                              3
    Max Threads :                                20
    Run time :                                   37 sec.
    Turnaround time :                            36 sec.

The output (if any) follows:

0
Max probability of improvement:
[array(0.48151344, dtype=float32), array(0.38782585, dtype=float32), array(0.20819986, dtype=float32), array(0.05133927, dtype=float32)]
Max UCB:
[array(1.921393, dtype=float32), array(1.0823984, dtype=float32), array(0.8059212, dtype=float32), array(0.93331456, dtype=float32)]
Max UCB - ybest
[1.7229841, 0.88398945, 0.4402278, 0.11113554]


PS:

Read file </home/nguyenm5/coding/pinot/jul-16/active-supervised/Human_500.stderr> for stderr output of this job.

Sender: LSF System <lsfadmin@ls15>
Subject: Job 15339877: <supervised> in cluster <lila> Done

Job <supervised> was submitted from host <lilac> by user <nguyenm5> in cluster <lila> at Wed Jul 15 11:01:15 2020
Job was executed on host(s) <12*ls15>, in queue <gpuqueue>, as user <nguyenm5> in cluster <lila> at Wed Jul 15 11:01:15 2020
</home/nguyenm5> was used as the home directory.
</home/nguyenm5/coding/pinot> was used as the working directory.
Started at Wed Jul 15 11:01:15 2020
Terminated at Wed Jul 15 11:01:52 2020
Results reported at Wed Jul 15 11:01:52 2020

Your job looked like:

------------------------------------------------------------
# LSBATCH: User input
/home/nguyenm5/anaconda3/envs/pinot/bin/python scripts/active/plotting_active.py --net ExactGaussianProcessRegressor --num_rounds 4 --num_trials 1 --num_epochs 500 --data moonshot --q 96 --acquisition Human --output_folder /home/nguyenm5/coding/pinot/jul-16/active-supervised --index 1
------------------------------------------------------------

Successfully completed.

Resource usage summary:

    CPU time :                                   51.27 sec.
    Max Memory :                                 2 GB
    Average Memory :                             1.75 GB
    Total Requested Memory :                     192.00 GB
    Delta Memory :                               190.00 GB
    Max Swap :                                   -
    Max Processes :                              3
    Max Threads :                                20
    Run time :                                   37 sec.
    Turnaround time :                            37 sec.

The output (if any) follows:

0
Max probability of improvement:
[array(0.5009506, dtype=float32), array(0.47767353, dtype=float32), array(0.18272257, dtype=float32), array(0.07676357, dtype=float32)]
Max UCB:
[array(1.9118538, dtype=float32), array(1.7326021, dtype=float32), array(0.7983561, dtype=float32), array(1.0264568, dtype=float32)]
Max UCB - ybest
[1.9141868, 1.6931081, 0.43266273, 0.20427781]


PS:

Read file </home/nguyenm5/coding/pinot/jul-16/active-supervised/Human_500.stderr> for stderr output of this job.

Sender: LSF System <lsfadmin@ls07>
Subject: Job 15339879: <supervised> in cluster <lila> Done

Job <supervised> was submitted from host <lilac> by user <nguyenm5> in cluster <lila> at Wed Jul 15 11:01:15 2020
Job was executed on host(s) <12*ls07>, in queue <gpuqueue>, as user <nguyenm5> in cluster <lila> at Wed Jul 15 11:01:15 2020
</home/nguyenm5> was used as the home directory.
</home/nguyenm5/coding/pinot> was used as the working directory.
Started at Wed Jul 15 11:01:15 2020
Terminated at Wed Jul 15 11:01:52 2020
Results reported at Wed Jul 15 11:01:52 2020

Your job looked like:

------------------------------------------------------------
# LSBATCH: User input
/home/nguyenm5/anaconda3/envs/pinot/bin/python scripts/active/plotting_active.py --net ExactGaussianProcessRegressor --num_rounds 4 --num_trials 1 --num_epochs 500 --data moonshot --q 96 --acquisition Human --output_folder /home/nguyenm5/coding/pinot/jul-16/active-supervised --index 3
------------------------------------------------------------

Successfully completed.

Resource usage summary:

    CPU time :                                   52.22 sec.
    Max Memory :                                 2 GB
    Average Memory :                             1.75 GB
    Total Requested Memory :                     192.00 GB
    Delta Memory :                               190.00 GB
    Max Swap :                                   -
    Max Processes :                              3
    Max Threads :                                20
    Run time :                                   38 sec.
    Turnaround time :                            37 sec.

The output (if any) follows:

0
Max probability of improvement:
[array(0.49224973, dtype=float32), array(0.45903176, dtype=float32), array(0.21390015, dtype=float32), array(0.10109818, dtype=float32)]
Max UCB:
[array(1.9128816, dtype=float32), array(1.4277649, dtype=float32), array(0.8744561, dtype=float32), array(1.2032808, dtype=float32)]
Max UCB - ybest
[1.8296962, 1.3445795, 0.5087627, 0.3811018]


PS:

Read file </home/nguyenm5/coding/pinot/jul-16/active-supervised/Human_500.stderr> for stderr output of this job.

Sender: LSF System <lsfadmin@ls18>
Subject: Job 15340037: <supervised> in cluster <lila> Done

Job <supervised> was submitted from host <lilac> by user <nguyenm5> in cluster <lila> at Wed Jul 15 11:21:33 2020
Job was executed on host(s) <12*ls18>, in queue <gpuqueue>, as user <nguyenm5> in cluster <lila> at Wed Jul 15 11:22:02 2020
</home/nguyenm5> was used as the home directory.
</home/nguyenm5/coding/pinot> was used as the working directory.
Started at Wed Jul 15 11:22:02 2020
Terminated at Wed Jul 15 11:22:39 2020
Results reported at Wed Jul 15 11:22:39 2020

Your job looked like:

------------------------------------------------------------
# LSBATCH: User input
/home/nguyenm5/anaconda3/envs/pinot/bin/python scripts/active/plotting_active.py --net ExactGaussianProcessRegressor --num_rounds 4 --num_trials 1 --num_epochs 500 --data moonshot --q 96 --acquisition Human --output_folder /home/nguyenm5/coding/pinot/jul-16/active-supervised --index 6
------------------------------------------------------------

Successfully completed.

Resource usage summary:

    CPU time :                                   51.97 sec.
    Max Memory :                                 2 GB
    Average Memory :                             1.76 GB
    Total Requested Memory :                     192.00 GB
    Delta Memory :                               190.00 GB
    Max Swap :                                   -
    Max Processes :                              3
    Max Threads :                                20
    Run time :                                   37 sec.
    Turnaround time :                            66 sec.

The output (if any) follows:

0
Max probability of improvement:
[array(0.50329834, dtype=float32), array(0.47201812, dtype=float32), array(0.2813397, dtype=float32), array(0.1414038, dtype=float32)]
Max UCB:
[array(1.9118453, dtype=float32), array(1.5641313, dtype=float32), array(1.2522624, dtype=float32), array(1.3215349, dtype=float32)]
Max UCB - ybest
[1.9199337, 1.5246372, 0.88656896, 0.49935585]


PS:

Read file </home/nguyenm5/coding/pinot/jul-16/active-supervised/Human_500.stderr> for stderr output of this job.

Sender: LSF System <lsfadmin@ls15>
Subject: Job 15340038: <supervised> in cluster <lila> Done

Job <supervised> was submitted from host <lilac> by user <nguyenm5> in cluster <lila> at Wed Jul 15 11:21:33 2020
Job was executed on host(s) <12*ls15>, in queue <gpuqueue>, as user <nguyenm5> in cluster <lila> at Wed Jul 15 11:22:06 2020
</home/nguyenm5> was used as the home directory.
</home/nguyenm5/coding/pinot> was used as the working directory.
Started at Wed Jul 15 11:22:06 2020
Terminated at Wed Jul 15 11:22:40 2020
Results reported at Wed Jul 15 11:22:40 2020

Your job looked like:

------------------------------------------------------------
# LSBATCH: User input
/home/nguyenm5/anaconda3/envs/pinot/bin/python scripts/active/plotting_active.py --net ExactGaussianProcessRegressor --num_rounds 4 --num_trials 1 --num_epochs 500 --data moonshot --q 96 --acquisition Human --output_folder /home/nguyenm5/coding/pinot/jul-16/active-supervised --index 7
------------------------------------------------------------

Successfully completed.

Resource usage summary:

    CPU time :                                   49.26 sec.
    Max Memory :                                 2 GB
    Average Memory :                             1.74 GB
    Total Requested Memory :                     192.00 GB
    Delta Memory :                               190.00 GB
    Max Swap :                                   -
    Max Processes :                              3
    Max Threads :                                20
    Run time :                                   34 sec.
    Turnaround time :                            67 sec.

The output (if any) follows:

0
Max probability of improvement:
[array(0.49384123, dtype=float32), array(0.46697742, dtype=float32), array(0.28930032, dtype=float32), array(0.14336234, dtype=float32)]
Max UCB:
[array(1.9126879, dtype=float32), array(1.4919518, dtype=float32), array(1.2604339, dtype=float32), array(1.3042419, dtype=float32)]
Max UCB - ybest
[1.846584, 1.4258479, 0.8947405, 0.48206288]


PS:

Read file </home/nguyenm5/coding/pinot/jul-16/active-supervised/Human_500.stderr> for stderr output of this job.

Sender: LSF System <lsfadmin@ls16>
Subject: Job 15340039: <supervised> in cluster <lila> Done

Job <supervised> was submitted from host <lilac> by user <nguyenm5> in cluster <lila> at Wed Jul 15 11:21:33 2020
Job was executed on host(s) <12*ls16>, in queue <gpuqueue>, as user <nguyenm5> in cluster <lila> at Wed Jul 15 11:22:06 2020
</home/nguyenm5> was used as the home directory.
</home/nguyenm5/coding/pinot> was used as the working directory.
Started at Wed Jul 15 11:22:06 2020
Terminated at Wed Jul 15 11:22:41 2020
Results reported at Wed Jul 15 11:22:41 2020

Your job looked like:

------------------------------------------------------------
# LSBATCH: User input
/home/nguyenm5/anaconda3/envs/pinot/bin/python scripts/active/plotting_active.py --net ExactGaussianProcessRegressor --num_rounds 4 --num_trials 1 --num_epochs 500 --data moonshot --q 96 --acquisition Human --output_folder /home/nguyenm5/coding/pinot/jul-16/active-supervised --index 8
------------------------------------------------------------

Successfully completed.

Resource usage summary:

    CPU time :                                   49.35 sec.
    Max Memory :                                 2 GB
    Average Memory :                             1.45 GB
    Total Requested Memory :                     192.00 GB
    Delta Memory :                               190.00 GB
    Max Swap :                                   -
    Max Processes :                              3
    Max Threads :                                20
    Run time :                                   35 sec.
    Turnaround time :                            68 sec.

The output (if any) follows:

0
Max probability of improvement:
[array(0.48966414, dtype=float32), array(0.45446622, dtype=float32), array(0.19110662, dtype=float32), array(0.05437469, dtype=float32)]
Max UCB:
[array(1.9149272, dtype=float32), array(1.7356901, dtype=float32), array(0.7859038, dtype=float32), array(0.94226086, dtype=float32)]
Max UCB - ybest
[1.8039919, 1.6247548, 0.42021042, 0.12008184]


PS:

Read file </home/nguyenm5/coding/pinot/jul-16/active-supervised/Human_500.stderr> for stderr output of this job.

Sender: LSF System <lsfadmin@ls07>
Subject: Job 15340040: <supervised> in cluster <lila> Done

Job <supervised> was submitted from host <lilac> by user <nguyenm5> in cluster <lila> at Wed Jul 15 11:21:33 2020
Job was executed on host(s) <12*ls07>, in queue <gpuqueue>, as user <nguyenm5> in cluster <lila> at Wed Jul 15 11:22:29 2020
</home/nguyenm5> was used as the home directory.
</home/nguyenm5/coding/pinot> was used as the working directory.
Started at Wed Jul 15 11:22:29 2020
Terminated at Wed Jul 15 11:23:02 2020
Results reported at Wed Jul 15 11:23:02 2020

Your job looked like:

------------------------------------------------------------
# LSBATCH: User input
/home/nguyenm5/anaconda3/envs/pinot/bin/python scripts/active/plotting_active.py --net ExactGaussianProcessRegressor --num_rounds 4 --num_trials 1 --num_epochs 500 --data moonshot --q 96 --acquisition Human --output_folder /home/nguyenm5/coding/pinot/jul-16/active-supervised --index 9
------------------------------------------------------------

Successfully completed.

Resource usage summary:

    CPU time :                                   47.01 sec.
    Max Memory :                                 2 GB
    Average Memory :                             1.74 GB
    Total Requested Memory :                     192.00 GB
    Delta Memory :                               190.00 GB
    Max Swap :                                   -
    Max Processes :                              3
    Max Threads :                                20
    Run time :                                   34 sec.
    Turnaround time :                            89 sec.

The output (if any) follows:

0
Max probability of improvement:
[array(0.5221572, dtype=float32), array(0.47528177, dtype=float32), array(0.1347928, dtype=float32), array(0.0365237, dtype=float32)]
Max UCB:
[array(1.9098641, dtype=float32), array(1.8046465, dtype=float32), array(0.6802136, dtype=float32), array(0.88954604, dtype=float32)]
Max UCB - ybest
[1.9658575, 1.7651525, 0.31452018, 0.06736702]


PS:

Read file </home/nguyenm5/coding/pinot/jul-16/active-supervised/Human_500.stderr> for stderr output of this job.

Sender: LSF System <lsfadmin@ls01>
Subject: Job 15340041: <supervised> in cluster <lila> Done

Job <supervised> was submitted from host <lilac> by user <nguyenm5> in cluster <lila> at Wed Jul 15 11:21:33 2020
Job was executed on host(s) <12*ls01>, in queue <gpuqueue>, as user <nguyenm5> in cluster <lila> at Wed Jul 15 11:22:29 2020
</home/nguyenm5> was used as the home directory.
</home/nguyenm5/coding/pinot> was used as the working directory.
Started at Wed Jul 15 11:22:29 2020
Terminated at Wed Jul 15 11:23:04 2020
Results reported at Wed Jul 15 11:23:04 2020

Your job looked like:

------------------------------------------------------------
# LSBATCH: User input
/home/nguyenm5/anaconda3/envs/pinot/bin/python scripts/active/plotting_active.py --net ExactGaussianProcessRegressor --num_rounds 4 --num_trials 1 --num_epochs 500 --data moonshot --q 96 --acquisition Human --output_folder /home/nguyenm5/coding/pinot/jul-16/active-supervised --index 10
------------------------------------------------------------

Successfully completed.

Resource usage summary:

    CPU time :                                   49.34 sec.
    Max Memory :                                 2 GB
    Average Memory :                             1.74 GB
    Total Requested Memory :                     192.00 GB
    Delta Memory :                               190.00 GB
    Max Swap :                                   -
    Max Processes :                              3
    Max Threads :                                20
    Run time :                                   35 sec.
    Turnaround time :                            91 sec.

The output (if any) follows:

0
Max probability of improvement:
[array(0.51028603, dtype=float32), array(0.47506142, dtype=float32), array(0.26659, dtype=float32), array(0.18951046, dtype=float32)]
Max UCB:
[array(1.9112922, dtype=float32), array(1.7077048, dtype=float32), array(1.1721551, dtype=float32), array(1.5985166, dtype=float32)]
Max UCB - ybest
[1.9368147, 1.6682107, 0.80646175, 0.77633756]


PS:

Read file </home/nguyenm5/coding/pinot/jul-16/active-supervised/Human_500.stderr> for stderr output of this job.

