Sender: LSF System <lsfadmin@ls16>
Subject: Job 15339872: <supervised> in cluster <lila> Done

Job <supervised> was submitted from host <lilac> by user <nguyenm5> in cluster <lila> at Wed Jul 15 11:01:15 2020
Job was executed on host(s) <12*ls16>, in queue <gpuqueue>, as user <nguyenm5> in cluster <lila> at Wed Jul 15 11:01:15 2020
</home/nguyenm5> was used as the home directory.
</home/nguyenm5/coding/pinot> was used as the working directory.
Started at Wed Jul 15 11:01:15 2020
Terminated at Wed Jul 15 11:01:50 2020
Results reported at Wed Jul 15 11:01:50 2020

Your job looked like:

------------------------------------------------------------
# LSBATCH: User input
/home/nguyenm5/anaconda3/envs/pinot/bin/python scripts/active/plotting_active.py --net ExactGaussianProcessRegressor --num_rounds 4 --num_trials 1 --num_epochs 500 --data moonshot --q 96 --acquisition ProbabilityOfImprovement --output_folder /home/nguyenm5/coding/pinot/jul-16/active-supervised --index 1
------------------------------------------------------------

Successfully completed.

Resource usage summary:

    CPU time :                                   49.25 sec.
    Max Memory :                                 2 GB
    Average Memory :                             1.74 GB
    Total Requested Memory :                     192.00 GB
    Delta Memory :                               190.00 GB
    Max Swap :                                   -
    Max Processes :                              3
    Max Threads :                                20
    Run time :                                   36 sec.
    Turnaround time :                            35 sec.

The output (if any) follows:

0
Max probability of improvement:
[array(0.46223623, dtype=float32), array(0.46734512, dtype=float32), array(0.44435996, dtype=float32), array(3.33786e-05, dtype=float32)]
Max UCB:
[array(1.9118898, dtype=float32), array(1.8143125, dtype=float32), array(0.73367286, dtype=float32), array(0.51141167, dtype=float32)]
Max UCB - ybest
[1.8189554, 1.7213781, 0.6407385, -0.48154533]


PS:

Read file </home/nguyenm5/coding/pinot/jul-16/active-supervised/ProbabilityOfImprovement_500.stderr> for stderr output of this job.

Sender: LSF System <lsfadmin@ls06>
Subject: Job 15339876: <supervised> in cluster <lila> Done

Job <supervised> was submitted from host <lilac> by user <nguyenm5> in cluster <lila> at Wed Jul 15 11:01:15 2020
Job was executed on host(s) <12*ls06>, in queue <gpuqueue>, as user <nguyenm5> in cluster <lila> at Wed Jul 15 11:01:15 2020
</home/nguyenm5> was used as the home directory.
</home/nguyenm5/coding/pinot> was used as the working directory.
Started at Wed Jul 15 11:01:15 2020
Terminated at Wed Jul 15 11:01:52 2020
Results reported at Wed Jul 15 11:01:52 2020

Your job looked like:

------------------------------------------------------------
# LSBATCH: User input
/home/nguyenm5/anaconda3/envs/pinot/bin/python scripts/active/plotting_active.py --net ExactGaussianProcessRegressor --num_rounds 4 --num_trials 1 --num_epochs 500 --data moonshot --q 96 --acquisition ProbabilityOfImprovement --output_folder /home/nguyenm5/coding/pinot/jul-16/active-supervised --index 5
------------------------------------------------------------

Successfully completed.

Resource usage summary:

    CPU time :                                   51.44 sec.
    Max Memory :                                 2 GB
    Average Memory :                             1.65 GB
    Total Requested Memory :                     192.00 GB
    Delta Memory :                               190.00 GB
    Max Swap :                                   -
    Max Processes :                              3
    Max Threads :                                20
    Run time :                                   37 sec.
    Turnaround time :                            37 sec.

The output (if any) follows:

0
Max probability of improvement:
[array(0.49036187, dtype=float32), array(0.48540455, dtype=float32), array(0.02695674, dtype=float32), array(0.3917997, dtype=float32)]
Max UCB:
[array(1.910976, dtype=float32), array(1.1823492, dtype=float32), array(1.0097821, dtype=float32), array(1.7461622, dtype=float32)]
Max UCB - ybest
[1.8878706, 1.1592437, 0.01682508, 0.7532052]


PS:

Read file </home/nguyenm5/coding/pinot/jul-16/active-supervised/ProbabilityOfImprovement_500.stderr> for stderr output of this job.

Sender: LSF System <lsfadmin@ls02>
Subject: Job 15339874: <supervised> in cluster <lila> Done

Job <supervised> was submitted from host <lilac> by user <nguyenm5> in cluster <lila> at Wed Jul 15 11:01:15 2020
Job was executed on host(s) <12*ls02>, in queue <gpuqueue>, as user <nguyenm5> in cluster <lila> at Wed Jul 15 11:01:15 2020
</home/nguyenm5> was used as the home directory.
</home/nguyenm5/coding/pinot> was used as the working directory.
Started at Wed Jul 15 11:01:15 2020
Terminated at Wed Jul 15 11:01:53 2020
Results reported at Wed Jul 15 11:01:53 2020

Your job looked like:

------------------------------------------------------------
# LSBATCH: User input
/home/nguyenm5/anaconda3/envs/pinot/bin/python scripts/active/plotting_active.py --net ExactGaussianProcessRegressor --num_rounds 4 --num_trials 1 --num_epochs 500 --data moonshot --q 96 --acquisition ProbabilityOfImprovement --output_folder /home/nguyenm5/coding/pinot/jul-16/active-supervised --index 3
------------------------------------------------------------

Successfully completed.

Resource usage summary:

    CPU time :                                   53.12 sec.
    Max Memory :                                 2 GB
    Average Memory :                             1.76 GB
    Total Requested Memory :                     192.00 GB
    Delta Memory :                               190.00 GB
    Max Swap :                                   -
    Max Processes :                              3
    Max Threads :                                20
    Run time :                                   39 sec.
    Turnaround time :                            38 sec.

The output (if any) follows:

0
Max probability of improvement:
[array(0.48977923, dtype=float32), array(0.4734589, dtype=float32), array(0.07546151, dtype=float32), array(0.17721939, dtype=float32)]
Max UCB:
[array(1.9095726, dtype=float32), array(1.3353338, dtype=float32), array(1.082237, dtype=float32), array(1.5122439, dtype=float32)]
Max UCB - ybest
[1.8864671, 1.3122283, 0.29672343, 0.5192869]


PS:

Read file </home/nguyenm5/coding/pinot/jul-16/active-supervised/ProbabilityOfImprovement_500.stderr> for stderr output of this job.

Sender: LSF System <lsfadmin@ls06>
Subject: Job 15339875: <supervised> in cluster <lila> Done

Job <supervised> was submitted from host <lilac> by user <nguyenm5> in cluster <lila> at Wed Jul 15 11:01:15 2020
Job was executed on host(s) <12*ls06>, in queue <gpuqueue>, as user <nguyenm5> in cluster <lila> at Wed Jul 15 11:01:15 2020
</home/nguyenm5> was used as the home directory.
</home/nguyenm5/coding/pinot> was used as the working directory.
Started at Wed Jul 15 11:01:15 2020
Terminated at Wed Jul 15 11:01:53 2020
Results reported at Wed Jul 15 11:01:53 2020

Your job looked like:

------------------------------------------------------------
# LSBATCH: User input
/home/nguyenm5/anaconda3/envs/pinot/bin/python scripts/active/plotting_active.py --net ExactGaussianProcessRegressor --num_rounds 4 --num_trials 1 --num_epochs 500 --data moonshot --q 96 --acquisition ProbabilityOfImprovement --output_folder /home/nguyenm5/coding/pinot/jul-16/active-supervised --index 4
------------------------------------------------------------

Successfully completed.

Resource usage summary:

    CPU time :                                   53.58 sec.
    Max Memory :                                 2 GB
    Average Memory :                             1.67 GB
    Total Requested Memory :                     192.00 GB
    Delta Memory :                               190.00 GB
    Max Swap :                                   -
    Max Processes :                              3
    Max Threads :                                20
    Run time :                                   39 sec.
    Turnaround time :                            38 sec.

The output (if any) follows:

0
Max probability of improvement:
[array(0.47051966, dtype=float32), array(0.3552479, dtype=float32), array(0.1482426, dtype=float32), array(0.37113607, dtype=float32)]
Max UCB:
[array(1.9366152, dtype=float32), array(1.7203095, dtype=float32), array(1.3782471, dtype=float32), array(1.4079256, dtype=float32)]
Max UCB - ybest
[1.6201816, 1.29718, 0.6336384, 0.66331685]


PS:

Read file </home/nguyenm5/coding/pinot/jul-16/active-supervised/ProbabilityOfImprovement_500.stderr> for stderr output of this job.

Sender: LSF System <lsfadmin@ls02>
Subject: Job 15339873: <supervised> in cluster <lila> Done

Job <supervised> was submitted from host <lilac> by user <nguyenm5> in cluster <lila> at Wed Jul 15 11:01:15 2020
Job was executed on host(s) <12*ls02>, in queue <gpuqueue>, as user <nguyenm5> in cluster <lila> at Wed Jul 15 11:01:15 2020
</home/nguyenm5> was used as the home directory.
</home/nguyenm5/coding/pinot> was used as the working directory.
Started at Wed Jul 15 11:01:15 2020
Terminated at Wed Jul 15 11:01:53 2020
Results reported at Wed Jul 15 11:01:53 2020

Your job looked like:

------------------------------------------------------------
# LSBATCH: User input
/home/nguyenm5/anaconda3/envs/pinot/bin/python scripts/active/plotting_active.py --net ExactGaussianProcessRegressor --num_rounds 4 --num_trials 1 --num_epochs 500 --data moonshot --q 96 --acquisition ProbabilityOfImprovement --output_folder /home/nguyenm5/coding/pinot/jul-16/active-supervised --index 2
------------------------------------------------------------

Successfully completed.

Resource usage summary:

    CPU time :                                   53.42 sec.
    Max Memory :                                 2 GB
    Average Memory :                             1.77 GB
    Total Requested Memory :                     192.00 GB
    Delta Memory :                               190.00 GB
    Max Swap :                                   -
    Max Processes :                              3
    Max Threads :                                20
    Run time :                                   39 sec.
    Turnaround time :                            38 sec.

The output (if any) follows:

0
Max probability of improvement:
[array(0.4904284, dtype=float32), array(0.07262659, dtype=float32), array(0.39853078, dtype=float32), array(0.29989326, dtype=float32)]
Max UCB:
[array(1.911092, dtype=float32), array(1.3353472, dtype=float32), array(1.8627992, dtype=float32), array(1.7582932, dtype=float32)]
Max UCB - ybest
[1.8879865, 0.34239018, 0.8698422, 0.76533616]


PS:

Read file </home/nguyenm5/coding/pinot/jul-16/active-supervised/ProbabilityOfImprovement_500.stderr> for stderr output of this job.

