Sender: LSF System <lsfadmin@ls17>
Subject: Job 15339927: <supervised> in cluster <lila> Done

Job <supervised> was submitted from host <lilac> by user <nguyenm5> in cluster <lila> at Wed Jul 15 11:11:54 2020
Job was executed on host(s) <12*ls17>, in queue <gpuqueue>, as user <nguyenm5> in cluster <lila> at Wed Jul 15 11:11:54 2020
</home/nguyenm5> was used as the home directory.
</home/nguyenm5/coding/pinot> was used as the working directory.
Started at Wed Jul 15 11:11:54 2020
Terminated at Wed Jul 15 11:12:02 2020
Results reported at Wed Jul 15 11:12:02 2020

Your job looked like:

------------------------------------------------------------
# LSBATCH: User input
/home/nguyenm5/anaconda3/envs/pinot/bin/python scripts/active/plotting_active.py --net ExactGaussianProcessRegressor --num_rounds 4 --num_trials 1 --num_epochs 10 --data moonshot --q 96 --acquisition UpperConfidenceBound --output_folder /home/nguyenm5/coding/pinot/jul-16/active-supervised --index 5
------------------------------------------------------------

Successfully completed.

Resource usage summary:

    CPU time :                                   22.56 sec.
    Max Memory :                                 2 GB
    Average Memory :                             1.17 GB
    Total Requested Memory :                     192.00 GB
    Delta Memory :                               190.00 GB
    Max Swap :                                   -
    Max Processes :                              3
    Max Threads :                                20
    Run time :                                   9 sec.
    Turnaround time :                            8 sec.

The output (if any) follows:

0
Max probability of improvement:
[array(0.49462372, dtype=float32), array(0.16211653, dtype=float32), array(0.41475052, dtype=float32), array(0.40223056, dtype=float32)]
Max UCB:
[array(1.9599226, dtype=float32), array(1.9588524, dtype=float32), array(2.1804276, dtype=float32), array(2.1008294, dtype=float32)]
Max UCB - ybest
[1.8981282, 0.9722578, 1.1938329, 1.1142347]


PS:

Read file </home/nguyenm5/coding/pinot/jul-16/active-supervised/UpperConfidenceBound_10.stderr> for stderr output of this job.

Sender: LSF System <lsfadmin@ls16>
Subject: Job 15339925: <supervised> in cluster <lila> Done

Job <supervised> was submitted from host <lilac> by user <nguyenm5> in cluster <lila> at Wed Jul 15 11:11:53 2020
Job was executed on host(s) <12*ls16>, in queue <gpuqueue>, as user <nguyenm5> in cluster <lila> at Wed Jul 15 11:11:54 2020
</home/nguyenm5> was used as the home directory.
</home/nguyenm5/coding/pinot> was used as the working directory.
Started at Wed Jul 15 11:11:54 2020
Terminated at Wed Jul 15 11:12:02 2020
Results reported at Wed Jul 15 11:12:02 2020

Your job looked like:

------------------------------------------------------------
# LSBATCH: User input
/home/nguyenm5/anaconda3/envs/pinot/bin/python scripts/active/plotting_active.py --net ExactGaussianProcessRegressor --num_rounds 4 --num_trials 1 --num_epochs 10 --data moonshot --q 96 --acquisition UpperConfidenceBound --output_folder /home/nguyenm5/coding/pinot/jul-16/active-supervised --index 3
------------------------------------------------------------

Successfully completed.

Resource usage summary:

    CPU time :                                   22.43 sec.
    Max Memory :                                 2 GB
    Average Memory :                             1.17 GB
    Total Requested Memory :                     192.00 GB
    Delta Memory :                               190.00 GB
    Max Swap :                                   -
    Max Processes :                              3
    Max Threads :                                20
    Run time :                                   8 sec.
    Turnaround time :                            9 sec.

The output (if any) follows:

0
Max probability of improvement:
[array(0.47642463, dtype=float32), array(0.47884977, dtype=float32), array(0.3812341, dtype=float32), array(0.46727914, dtype=float32)]
Max UCB:
[array(1.9767511, dtype=float32), array(1.9795376, dtype=float32), array(1.9718537, dtype=float32), array(1.9969858, dtype=float32)]
Max UCB - ybest
[1.7056276, 1.7084141, 1.5662469, 1.5913789]


PS:

Read file </home/nguyenm5/coding/pinot/jul-16/active-supervised/UpperConfidenceBound_10.stderr> for stderr output of this job.

Sender: LSF System <lsfadmin@ls17>
Subject: Job 15339926: <supervised> in cluster <lila> Done

Job <supervised> was submitted from host <lilac> by user <nguyenm5> in cluster <lila> at Wed Jul 15 11:11:54 2020
Job was executed on host(s) <12*ls17>, in queue <gpuqueue>, as user <nguyenm5> in cluster <lila> at Wed Jul 15 11:11:54 2020
</home/nguyenm5> was used as the home directory.
</home/nguyenm5/coding/pinot> was used as the working directory.
Started at Wed Jul 15 11:11:54 2020
Terminated at Wed Jul 15 11:12:02 2020
Results reported at Wed Jul 15 11:12:02 2020

Your job looked like:

------------------------------------------------------------
# LSBATCH: User input
/home/nguyenm5/anaconda3/envs/pinot/bin/python scripts/active/plotting_active.py --net ExactGaussianProcessRegressor --num_rounds 4 --num_trials 1 --num_epochs 10 --data moonshot --q 96 --acquisition UpperConfidenceBound --output_folder /home/nguyenm5/coding/pinot/jul-16/active-supervised --index 4
------------------------------------------------------------

Successfully completed.

Resource usage summary:

    CPU time :                                   23.82 sec.
    Max Memory :                                 2 GB
    Average Memory :                             0.71 GB
    Total Requested Memory :                     192.00 GB
    Delta Memory :                               190.00 GB
    Max Swap :                                   -
    Max Processes :                              3
    Max Threads :                                20
    Run time :                                   9 sec.
    Turnaround time :                            8 sec.

The output (if any) follows:

0
Max probability of improvement:
[array(0.49229693, dtype=float32), array(0.4924714, dtype=float32), array(0.4923985, dtype=float32), array(0.4923703, dtype=float32)]
Max UCB:
[array(1.9608995, dtype=float32), array(1.9598625, dtype=float32), array(1.957314, dtype=float32), array(1.9558825, dtype=float32)]
Max UCB - ybest
[1.8723582, 1.8713212, 1.8687727, 1.8673413]


PS:

Read file </home/nguyenm5/coding/pinot/jul-16/active-supervised/UpperConfidenceBound_10.stderr> for stderr output of this job.

Sender: LSF System <lsfadmin@ls16>
Subject: Job 15339924: <supervised> in cluster <lila> Done

Job <supervised> was submitted from host <lilac> by user <nguyenm5> in cluster <lila> at Wed Jul 15 11:11:53 2020
Job was executed on host(s) <12*ls16>, in queue <gpuqueue>, as user <nguyenm5> in cluster <lila> at Wed Jul 15 11:11:54 2020
</home/nguyenm5> was used as the home directory.
</home/nguyenm5/coding/pinot> was used as the working directory.
Started at Wed Jul 15 11:11:54 2020
Terminated at Wed Jul 15 11:12:03 2020
Results reported at Wed Jul 15 11:12:03 2020

Your job looked like:

------------------------------------------------------------
# LSBATCH: User input
/home/nguyenm5/anaconda3/envs/pinot/bin/python scripts/active/plotting_active.py --net ExactGaussianProcessRegressor --num_rounds 4 --num_trials 1 --num_epochs 10 --data moonshot --q 96 --acquisition UpperConfidenceBound --output_folder /home/nguyenm5/coding/pinot/jul-16/active-supervised --index 2
------------------------------------------------------------

Successfully completed.

Resource usage summary:

    CPU time :                                   22.25 sec.
    Max Memory :                                 2 GB
    Average Memory :                             0.43 GB
    Total Requested Memory :                     192.00 GB
    Delta Memory :                               190.00 GB
    Max Swap :                                   -
    Max Processes :                              3
    Max Threads :                                20
    Run time :                                   9 sec.
    Turnaround time :                            10 sec.

The output (if any) follows:

0
Max probability of improvement:
[array(0.501119, dtype=float32), array(0.48749352, dtype=float32), array(0.41899824, dtype=float32), array(0.48206234, dtype=float32)]
Max UCB:
[array(1.9589946, dtype=float32), array(1.957949, dtype=float32), array(1.9570378, dtype=float32), array(1.96584, dtype=float32)]
Max UCB - ybest
[1.9617982, 1.926627, 1.7506423, 1.7594445]


PS:

Read file </home/nguyenm5/coding/pinot/jul-16/active-supervised/UpperConfidenceBound_10.stderr> for stderr output of this job.

Sender: LSF System <lsfadmin@ls18>
Subject: Job 15339923: <supervised> in cluster <lila> Done

Job <supervised> was submitted from host <lilac> by user <nguyenm5> in cluster <lila> at Wed Jul 15 11:11:53 2020
Job was executed on host(s) <12*ls18>, in queue <gpuqueue>, as user <nguyenm5> in cluster <lila> at Wed Jul 15 11:11:54 2020
</home/nguyenm5> was used as the home directory.
</home/nguyenm5/coding/pinot> was used as the working directory.
Started at Wed Jul 15 11:11:54 2020
Terminated at Wed Jul 15 11:12:05 2020
Results reported at Wed Jul 15 11:12:05 2020

Your job looked like:

------------------------------------------------------------
# LSBATCH: User input
/home/nguyenm5/anaconda3/envs/pinot/bin/python scripts/active/plotting_active.py --net ExactGaussianProcessRegressor --num_rounds 4 --num_trials 1 --num_epochs 10 --data moonshot --q 96 --acquisition UpperConfidenceBound --output_folder /home/nguyenm5/coding/pinot/jul-16/active-supervised --index 1
------------------------------------------------------------

Successfully completed.

Resource usage summary:

    CPU time :                                   23.79 sec.
    Max Memory :                                 2 GB
    Average Memory :                             0.86 GB
    Total Requested Memory :                     192.00 GB
    Delta Memory :                               190.00 GB
    Max Swap :                                   -
    Max Processes :                              3
    Max Threads :                                20
    Run time :                                   12 sec.
    Turnaround time :                            12 sec.

The output (if any) follows:

0
Max probability of improvement:
[array(0.4963199, dtype=float32), array(0.49919713, dtype=float32), array(0.47140455, dtype=float32), array(0.4937079, dtype=float32)]
Max UCB:
[array(1.9589944, dtype=float32), array(1.9579681, dtype=float32), array(1.9568026, dtype=float32), array(1.9562823, dtype=float32)]
Max UCB - ybest
[1.9497741, 1.9487479, 1.8846265, 1.8841062]


PS:

Read file </home/nguyenm5/coding/pinot/jul-16/active-supervised/UpperConfidenceBound_10.stderr> for stderr output of this job.

Sender: LSF System <lsfadmin@ls06>
Subject: Job 15340069: <supervised> in cluster <lila> Done

Job <supervised> was submitted from host <lilac> by user <nguyenm5> in cluster <lila> at Wed Jul 15 11:23:54 2020
Job was executed on host(s) <12*ls06>, in queue <gpuqueue>, as user <nguyenm5> in cluster <lila> at Wed Jul 15 11:23:55 2020
</home/nguyenm5> was used as the home directory.
</home/nguyenm5/coding/pinot> was used as the working directory.
Started at Wed Jul 15 11:23:55 2020
Terminated at Wed Jul 15 11:24:02 2020
Results reported at Wed Jul 15 11:24:02 2020

Your job looked like:

------------------------------------------------------------
# LSBATCH: User input
/home/nguyenm5/anaconda3/envs/pinot/bin/python scripts/active/plotting_active.py --net ExactGaussianProcessRegressor --num_rounds 4 --num_trials 1 --num_epochs 10 --data moonshot --q 96 --acquisition UpperConfidenceBound --output_folder /home/nguyenm5/coding/pinot/jul-16/active-supervised --index 10
------------------------------------------------------------

Successfully completed.

Resource usage summary:

    CPU time :                                   22.34 sec.
    Max Memory :                                 2 GB
    Average Memory :                             1.17 GB
    Total Requested Memory :                     192.00 GB
    Delta Memory :                               190.00 GB
    Max Swap :                                   -
    Max Processes :                              3
    Max Threads :                                20
    Run time :                                   9 sec.
    Turnaround time :                            8 sec.

The output (if any) follows:

0
Max probability of improvement:
[array(0.31228554, dtype=float32), array(0.45748675, dtype=float32), array(0.45417303, dtype=float32), array(0.43652397, dtype=float32)]
Max UCB:
[array(1.9589946, dtype=float32), array(2.0152974, dtype=float32), array(1.989806, dtype=float32), array(1.9615461, dtype=float32)]
Max UCB - ybest
[1.4698546, 1.5261574, 1.500666, 1.472406]


PS:

Read file </home/nguyenm5/coding/pinot/jul-16/active-supervised/UpperConfidenceBound_10.stderr> for stderr output of this job.

Sender: LSF System <lsfadmin@ls18>
Subject: Job 15340065: <supervised> in cluster <lila> Done

Job <supervised> was submitted from host <lilac> by user <nguyenm5> in cluster <lila> at Wed Jul 15 11:23:54 2020
Job was executed on host(s) <12*ls18>, in queue <gpuqueue>, as user <nguyenm5> in cluster <lila> at Wed Jul 15 11:23:54 2020
</home/nguyenm5> was used as the home directory.
</home/nguyenm5/coding/pinot> was used as the working directory.
Started at Wed Jul 15 11:23:54 2020
Terminated at Wed Jul 15 11:24:02 2020
Results reported at Wed Jul 15 11:24:02 2020

Your job looked like:

------------------------------------------------------------
# LSBATCH: User input
/home/nguyenm5/anaconda3/envs/pinot/bin/python scripts/active/plotting_active.py --net ExactGaussianProcessRegressor --num_rounds 4 --num_trials 1 --num_epochs 10 --data moonshot --q 96 --acquisition UpperConfidenceBound --output_folder /home/nguyenm5/coding/pinot/jul-16/active-supervised --index 6
------------------------------------------------------------

Successfully completed.

Resource usage summary:

    CPU time :                                   22.69 sec.
    Max Memory :                                 2 GB
    Average Memory :                             1.17 GB
    Total Requested Memory :                     192.00 GB
    Delta Memory :                               190.00 GB
    Max Swap :                                   -
    Max Processes :                              3
    Max Threads :                                20
    Run time :                                   8 sec.
    Turnaround time :                            8 sec.

The output (if any) follows:

0
Max probability of improvement:
[array(0.5071883, dtype=float32), array(0.4712013, dtype=float32), array(0.4937116, dtype=float32), array(0.49375188, dtype=float32)]
Max UCB:
[array(1.9589944, dtype=float32), array(1.9579488, dtype=float32), array(1.9577279, dtype=float32), array(1.9556308, dtype=float32)]
Max UCB - ybest
[1.9770049, 1.8857727, 1.8855518, 1.8834547]


PS:

Read file </home/nguyenm5/coding/pinot/jul-16/active-supervised/UpperConfidenceBound_10.stderr> for stderr output of this job.

Sender: LSF System <lsfadmin@ls16>
Subject: Job 15340067: <supervised> in cluster <lila> Done

Job <supervised> was submitted from host <lilac> by user <nguyenm5> in cluster <lila> at Wed Jul 15 11:23:54 2020
Job was executed on host(s) <12*ls16>, in queue <gpuqueue>, as user <nguyenm5> in cluster <lila> at Wed Jul 15 11:23:54 2020
</home/nguyenm5> was used as the home directory.
</home/nguyenm5/coding/pinot> was used as the working directory.
Started at Wed Jul 15 11:23:54 2020
Terminated at Wed Jul 15 11:24:03 2020
Results reported at Wed Jul 15 11:24:03 2020

Your job looked like:

------------------------------------------------------------
# LSBATCH: User input
/home/nguyenm5/anaconda3/envs/pinot/bin/python scripts/active/plotting_active.py --net ExactGaussianProcessRegressor --num_rounds 4 --num_trials 1 --num_epochs 10 --data moonshot --q 96 --acquisition UpperConfidenceBound --output_folder /home/nguyenm5/coding/pinot/jul-16/active-supervised --index 8
------------------------------------------------------------

Successfully completed.

Resource usage summary:

    CPU time :                                   22.72 sec.
    Max Memory :                                 2 GB
    Average Memory :                             1.17 GB
    Total Requested Memory :                     192.00 GB
    Delta Memory :                               190.00 GB
    Max Swap :                                   -
    Max Processes :                              3
    Max Threads :                                20
    Run time :                                   8 sec.
    Turnaround time :                            9 sec.

The output (if any) follows:

0
Max probability of improvement:
[array(0.4803964, dtype=float32), array(0.31258714, dtype=float32), array(0.4575662, dtype=float32), array(0.45028543, dtype=float32)]
Max UCB:
[array(1.9589946, dtype=float32), array(1.958533, dtype=float32), array(2.0141351, dtype=float32), array(1.9854311, dtype=float32)]
Max UCB - ybest
[1.9098601, 1.469393, 1.5249951, 1.496291]


PS:

Read file </home/nguyenm5/coding/pinot/jul-16/active-supervised/UpperConfidenceBound_10.stderr> for stderr output of this job.

Sender: LSF System <lsfadmin@ls06>
Subject: Job 15340068: <supervised> in cluster <lila> Done

Job <supervised> was submitted from host <lilac> by user <nguyenm5> in cluster <lila> at Wed Jul 15 11:23:54 2020
Job was executed on host(s) <12*ls06>, in queue <gpuqueue>, as user <nguyenm5> in cluster <lila> at Wed Jul 15 11:23:54 2020
</home/nguyenm5> was used as the home directory.
</home/nguyenm5/coding/pinot> was used as the working directory.
Started at Wed Jul 15 11:23:54 2020
Terminated at Wed Jul 15 11:24:03 2020
Results reported at Wed Jul 15 11:24:03 2020

Your job looked like:

------------------------------------------------------------
# LSBATCH: User input
/home/nguyenm5/anaconda3/envs/pinot/bin/python scripts/active/plotting_active.py --net ExactGaussianProcessRegressor --num_rounds 4 --num_trials 1 --num_epochs 10 --data moonshot --q 96 --acquisition UpperConfidenceBound --output_folder /home/nguyenm5/coding/pinot/jul-16/active-supervised --index 9
------------------------------------------------------------

Successfully completed.

Resource usage summary:

    CPU time :                                   23.75 sec.
    Max Memory :                                 2 GB
    Average Memory :                             1.17 GB
    Total Requested Memory :                     192.00 GB
    Delta Memory :                               190.00 GB
    Max Swap :                                   -
    Max Processes :                              3
    Max Threads :                                20
    Run time :                                   9 sec.
    Turnaround time :                            9 sec.

The output (if any) follows:

0
Max probability of improvement:
[array(0.4919393, dtype=float32), array(0.49579114, dtype=float32), array(0.4742574, dtype=float32), array(0.49303758, dtype=float32)]
Max UCB:
[array(1.959544, dtype=float32), array(1.9585631, dtype=float32), array(1.957372, dtype=float32), array(1.957232, dtype=float32)]
Max UCB - ybest
[1.9097908, 1.9088099, 1.8754936, 1.8753537]


PS:

Read file </home/nguyenm5/coding/pinot/jul-16/active-supervised/UpperConfidenceBound_10.stderr> for stderr output of this job.

Sender: LSF System <lsfadmin@ls16>
Subject: Job 15340066: <supervised> in cluster <lila> Done

Job <supervised> was submitted from host <lilac> by user <nguyenm5> in cluster <lila> at Wed Jul 15 11:23:54 2020
Job was executed on host(s) <12*ls16>, in queue <gpuqueue>, as user <nguyenm5> in cluster <lila> at Wed Jul 15 11:23:54 2020
</home/nguyenm5> was used as the home directory.
</home/nguyenm5/coding/pinot> was used as the working directory.
Started at Wed Jul 15 11:23:54 2020
Terminated at Wed Jul 15 11:24:03 2020
Results reported at Wed Jul 15 11:24:03 2020

Your job looked like:

------------------------------------------------------------
# LSBATCH: User input
/home/nguyenm5/anaconda3/envs/pinot/bin/python scripts/active/plotting_active.py --net ExactGaussianProcessRegressor --num_rounds 4 --num_trials 1 --num_epochs 10 --data moonshot --q 96 --acquisition UpperConfidenceBound --output_folder /home/nguyenm5/coding/pinot/jul-16/active-supervised --index 7
------------------------------------------------------------

Successfully completed.

Resource usage summary:

    CPU time :                                   22.90 sec.
    Max Memory :                                 2 GB
    Average Memory :                             1.17 GB
    Total Requested Memory :                     192.00 GB
    Delta Memory :                               190.00 GB
    Max Swap :                                   -
    Max Processes :                              3
    Max Threads :                                20
    Run time :                                   8 sec.
    Turnaround time :                            9 sec.

The output (if any) follows:

0
Max probability of improvement:
[array(0.45598733, dtype=float32), array(0.44165653, dtype=float32), array(0.40840077, dtype=float32), array(0.38820165, dtype=float32)]
Max UCB:
[array(2.0204797, dtype=float32), array(1.9938643, dtype=float32), array(1.9769396, dtype=float32), array(1.9669713, dtype=float32)]
Max UCB - ybest
[1.5135858, 1.4869704, 1.4700456, 1.4600773]


PS:

Read file </home/nguyenm5/coding/pinot/jul-16/active-supervised/UpperConfidenceBound_10.stderr> for stderr output of this job.

