Sender: LSF System <lsfadmin@lt04>
Subject: Job 14836033: <_gp_8> in cluster <lila> Done

Job <_gp_8> was submitted from host <ls14> by user <wangy1> in cluster <lila> at Thu Jun 11 19:30:06 2020
Job was executed on host(s) <12*lt04>, in queue <gpuqueue>, as user <wangy1> in cluster <lila> at Thu Jun 11 19:30:06 2020
</home/wangy1> was used as the home directory.
</data/chodera/wangyq/pinot/scripts/gp_split> was used as the working directory.
Started at Thu Jun 11 19:30:06 2020
Terminated at Thu Jun 11 19:32:41 2020
Results reported at Thu Jun 11 19:32:41 2020

Your job looked like:

------------------------------------------------------------
# LSBATCH: User input
python ../../pinot/app/gp_train.py --layer GraphConv --out _gp_8 --n_epochs 500 --lr 1e-3 --config 32 tanh 32 tanh 32 tanh --lr 1e-3 --partition 8:92
------------------------------------------------------------

Successfully completed.

Resource usage summary:

    CPU time :                                   430.33 sec.
    Max Memory :                                 2 GB
    Average Memory :                             1.84 GB
    Total Requested Memory :                     48.00 GB
    Delta Memory :                               46.00 GB
    Max Swap :                                   -
    Max Processes :                              3
    Max Threads :                                20
    Run time :                                   156 sec.
    Turnaround time :                            155 sec.

The output (if any) follows:

Parameter containing:
tensor(-3., device='cuda:0', requires_grad=True)
Parameter containing:
tensor(-2.9990, device='cuda:0', requires_grad=True)
Parameter containing:
tensor(-2.9980, device='cuda:0', requires_grad=True)
Parameter containing:
tensor(-2.9970, device='cuda:0', requires_grad=True)
Parameter containing:
tensor(-2.9960, device='cuda:0', requires_grad=True)
Parameter containing:
tensor(-2.9950, device='cuda:0', requires_grad=True)
Parameter containing:
tensor(-2.9940, device='cuda:0', requires_grad=True)
Parameter containing:
tensor(-2.9930, device='cuda:0', requires_grad=True)
Parameter containing:
tensor(-2.9921, device='cuda:0', requires_grad=True)
Parameter containing:
tensor(-2.9911, device='cuda:0', requires_grad=True)
Parameter containing:
tensor(-2.9902, device='cuda:0', requires_grad=True)
Parameter containing:
tensor(-2.9892, device='cuda:0', requires_grad=True)
Parameter containing:
tensor(-2.9883, device='cuda:0', requires_grad=True)
Parameter containing:
tensor(-2.9874, device='cuda:0', requires_grad=True)
Parameter containing:
tensor(-2.9866, device='cuda:0', requires_grad=True)
Parameter containing:
tensor(-2.9857, device='cuda:0', requires_grad=True)
Parameter containing:
tensor(-2.9849, device='cuda:0', requires_grad=True)
Parameter containing:
tensor(-2.9841, device='cuda:0', requires_grad=True)
Parameter containing:
tensor(-2.9833, device='cuda:0', requires_grad=True)
Parameter containing:
tensor(-2.9825, device='cuda:0', requires_grad=True)
Parameter containing:
tensor(-2.9818, device='cuda:0', requires_grad=True)
Parameter containing:
tensor(-2.9810, device='cuda:0', requires_grad=True)
Parameter containing:
tensor(-2.9803, device='cuda:0', requires_grad=True)
Parameter containing:
tensor(-2.9796, device='cuda:0', requires_grad=True)
Parameter containing:
tensor(-2.9789, device='cuda:0', requires_grad=True)
Parameter containing:
tensor(-2.9783, device='cuda:0', requires_grad=True)
Parameter containing:
tensor(-2.9776, device='cuda:0', requires_grad=True)
Parameter containing:
tensor(-2.9770, device='cuda:0', requires_grad=True)
Parameter containing:
tensor(-2.9764, device='cuda:0', requires_grad=True)
Parameter containing:
tensor(-2.9758, device='cuda:0', requires_grad=True)
Parameter containing:
tensor(-2.9752, device='cuda:0', requires_grad=True)
Parameter containing:
tensor(-2.9747, device='cuda:0', requires_grad=True)
Parameter containing:
tensor(-2.9741, device='cuda:0', requires_grad=True)
Parameter containing:
tensor(-2.9735, device='cuda:0', requires_grad=True)
Parameter containing:
tensor(-2.9730, device='cuda:0', requires_grad=True)
Parameter containing:
tensor(-2.9725, device='cuda:0', requires_grad=True)
Parameter containing:
tensor(-2.9720, device='cuda:0', requires_grad=True)
Parameter containing:
tensor(-2.9715, device='cuda:0', requires_grad=True)
Parameter containing:
tensor(-2.9709, device='cuda:0', requires_grad=True)
Parameter containing:
tensor(-2.9704, device='cuda:0', requires_grad=True)
Parameter containing:
tensor(-2.9699, device='cuda:0', requires_grad=True)
Parameter containing:
tensor(-2.9694, device='cuda:0', requires_grad=True)
Parameter containing:
tensor(-2.9690, device='cuda:0', requires_grad=True)
Parameter containing:
tensor(-2.9685, device='cuda:0', requires_grad=True)
Parameter containing:
tensor(-2.9680, device='cuda:0', requires_grad=True)
Parameter containing:
tensor(-2.9675, device='cuda:0', requires_grad=True)
Parameter containing:
tensor(-2.9670, device='cuda:0', requires_grad=True)
Parameter containing:
tensor(-2.9665, device='cuda:0', requires_grad=True)
Parameter containing:
tensor(-2.9661, device='cuda:0', requires_grad=True)
Parameter containing:
tensor(-2.9656, device='cuda:0', requires_grad=True)
Parameter containing:
tensor(-2.9651, device='cuda:0', requires_grad=True)
Parameter containing:
tensor(-2.9647, device='cuda:0', requires_grad=True)
Parameter containing:
tensor(-2.9642, device='cuda:0', requires_grad=True)
Parameter containing:
tensor(-2.9638, device='cuda:0', requires_grad=True)
Parameter containing:
tensor(-2.9633, device='cuda:0', requires_grad=True)
Parameter containing:
tensor(-2.9629, device='cuda:0', requires_grad=True)
Parameter containing:
tensor(-2.9624, device='cuda:0', requires_grad=True)
Parameter containing:
tensor(-2.9620, device='cuda:0', requires_grad=True)
Parameter containing:
tensor(-2.9615, device='cuda:0', requires_grad=True)
Parameter containing:
tensor(-2.9611, device='cuda:0', requires_grad=True)
Parameter containing:
tensor(-2.9606, device='cuda:0', requires_grad=True)
Parameter containing:
tensor(-2.9602, device='cuda:0', requires_grad=True)
Parameter containing:
tensor(-2.9597, device='cuda:0', requires_grad=True)
Parameter containing:
tensor(-2.9593, device='cuda:0', requires_grad=True)
Parameter containing:
tensor(-2.9588, device='cuda:0', requires_grad=True)
Parameter containing:
tensor(-2.9584, device='cuda:0', requires_grad=True)
Parameter containing:
tensor(-2.9579, device='cuda:0', requires_grad=True)
Parameter containing:
tensor(-2.9575, device='cuda:0', requires_grad=True)
Parameter containing:
tensor(-2.9570, device='cuda:0', requires_grad=True)
Parameter containing:
tensor(-2.9566, device='cuda:0', requires_grad=True)
Parameter containing:
tensor(-2.9561, device='cuda:0', requires_grad=True)
Parameter containing:
tensor(-2.9557, device='cuda:0', requires_grad=True)
Parameter containing:
tensor(-2.9552, device='cuda:0', requires_grad=True)
Parameter containing:
tensor(-2.9547, device='cuda:0', requires_grad=True)
Parameter containing:
tensor(-2.9543, device='cuda:0', requires_grad=True)
Parameter containing:
tensor(-2.9538, device='cuda:0', requires_grad=True)
Parameter containing:
tensor(-2.9533, device='cuda:0', requires_grad=True)
Parameter containing:
tensor(-2.9528, device='cuda:0', requires_grad=True)
Parameter containing:
tensor(-2.9524, device='cuda:0', requires_grad=True)
Parameter containing:
tensor(-2.9519, device='cuda:0', requires_grad=True)
Parameter containing:
tensor(-2.9514, device='cuda:0', requires_grad=True)
Parameter containing:
tensor(-2.9510, device='cuda:0', requires_grad=True)
Parameter containing:
tensor(-2.9505, device='cuda:0', requires_grad=True)
Parameter containing:
tensor(-2.9501, device='cuda:0', requires_grad=True)
Parameter containing:
tensor(-2.9496, device='cuda:0', requires_grad=True)
Parameter containing:
tensor(-2.9491, device='cuda:0', requires_grad=True)
Parameter containing:
tensor(-2.9487, device='cuda:0', requires_grad=True)
Parameter containing:
tensor(-2.9482, device='cuda:0', requires_grad=True)
Parameter containing:
tensor(-2.9478, device='cuda:0', requires_grad=True)
Parameter containing:
tensor(-2.9473, device='cuda:0', requires_grad=True)
Parameter containing:
tensor(-2.9468, device='cuda:0', requires_grad=True)
Parameter containing:
tensor(-2.9464, device='cuda:0', requires_grad=True)
Parameter containing:
tensor(-2.9460, device='cuda:0', requires_grad=True)
Parameter containing:
tensor(-2.9455, device='cuda:0', requires_grad=True)
Parameter containing:
tensor(-2.9450, device='cuda:0', requires_grad=True)
Parameter containing:
tensor(-2.9446, device='cuda:0', requires_grad=True)
Parameter containing:
tensor(-2.9441, device='cuda:0', requires_grad=True)
Parameter containing:
tensor(-2.9436, device='cuda:0', requires_grad=True)
Parameter containing:
tensor(-2.9432, device='cuda:0', requires_grad=True)
Parameter containing:
tensor(-2.9427, device='cuda:0', requires_grad=True)
Parameter containing:
tensor(-2.9423, device='cuda:0', requires_grad=True)
Parameter containing:
tensor(-2.9418, device='cuda:0', requires_grad=True)
Parameter containing:
tensor(-2.9413, device='cuda:0', requires_grad=True)
Parameter containing:
tensor(-2.9409, device='cuda:0', requires_grad=True)
Parameter containing:
tensor(-2.9404, device='cuda:0', requires_grad=True)
Parameter containing:
tensor(-2.9400, device='cuda:0', requires_grad=True)
Parameter containing:
tensor(-2.9395, device='cuda:0', requires_grad=True)
Parameter containing:
tensor(-2.9391, device='cuda:0', requires_grad=True)
Parameter containing:
tensor(-2.9386, device='cuda:0', requires_grad=True)
Parameter containing:
tensor(-2.9382, device='cuda:0', requires_grad=True)
Parameter containing:
tensor(-2.9377, device='cuda:0', requires_grad=True)
Parameter containing:
tensor(-2.9373, device='cuda:0', requires_grad=True)
Parameter containing:
tensor(-2.9369, device='cuda:0', requires_grad=True)
Parameter containing:
tensor(-2.9364, device='cuda:0', requires_grad=True)
Parameter containing:
tensor(-2.9359, device='cuda:0', requires_grad=True)
Parameter containing:
tensor(-2.9354, device='cuda:0', requires_grad=True)
Parameter containing:
tensor(-2.9349, device='cuda:0', requires_grad=True)
Parameter containing:
tensor(-2.9344, device='cuda:0', requires_grad=True)
Parameter containing:
tensor(-2.9339, device='cuda:0', requires_grad=True)
Parameter containing:
tensor(-2.9334, device='cuda:0', requires_grad=True)
Parameter containing:
tensor(-2.9329, device='cuda:0', requires_grad=True)
Parameter containing:
tensor(-2.9324, device='cuda:0', requires_grad=True)
Parameter containing:
tensor(-2.9318, device='cuda:0', requires_grad=True)
Parameter containing:
tensor(-2.9313, device='cuda:0', requires_grad=True)
Parameter containing:
tensor(-2.9309, device='cuda:0', requires_grad=True)
Parameter containing:
tensor(-2.9304, device='cuda:0', requires_grad=True)
Parameter containing:
tensor(-2.9299, device='cuda:0', requires_grad=True)
Parameter containing:
tensor(-2.9294, device='cuda:0', requires_grad=True)
Parameter containing:
tensor(-2.9289, device='cuda:0', requires_grad=True)
Parameter containing:
tensor(-2.9285, device='cuda:0', requires_grad=True)
Parameter containing:
tensor(-2.9280, device='cuda:0', requires_grad=True)
Parameter containing:
tensor(-2.9276, device='cuda:0', requires_grad=True)
Parameter containing:
tensor(-2.9271, device='cuda:0', requires_grad=True)
Parameter containing:
tensor(-2.9267, device='cuda:0', requires_grad=True)
Parameter containing:
tensor(-2.9262, device='cuda:0', requires_grad=True)
Parameter containing:
tensor(-2.9258, device='cuda:0', requires_grad=True)
Parameter containing:
tensor(-2.9253, device='cuda:0', requires_grad=True)
Parameter containing:
tensor(-2.9249, device='cuda:0', requires_grad=True)
Parameter containing:
tensor(-2.9244, device='cuda:0', requires_grad=True)
Parameter containing:
tensor(-2.9239, device='cuda:0', requires_grad=True)
Parameter containing:
tensor(-2.9235, device='cuda:0', requires_grad=True)
Parameter containing:
tensor(-2.9230, device='cuda:0', requires_grad=True)
Parameter containing:
tensor(-2.9226, device='cuda:0', requires_grad=True)
Parameter containing:
tensor(-2.9221, device='cuda:0', requires_grad=True)
Parameter containing:
tensor(-2.9217, device='cuda:0', requires_grad=True)
Parameter containing:
tensor(-2.9212, device='cuda:0', requires_grad=True)
Parameter containing:
tensor(-2.9208, device='cuda:0', requires_grad=True)
Parameter containing:
tensor(-2.9203, device='cuda:0', requires_grad=True)
Parameter containing:
tensor(-2.9199, device='cuda:0', requires_grad=True)
Parameter containing:
tensor(-2.9194, device='cuda:0', requires_grad=True)
Parameter containing:
tensor(-2.9189, device='cuda:0', requires_grad=True)
Parameter containing:
tensor(-2.9185, device='cuda:0', requires_grad=True)
Parameter containing:
tensor(-2.9181, device='cuda:0', requires_grad=True)
Parameter containing:
tensor(-2.9176, device='cuda:0', requires_grad=True)
Parameter containing:
tensor(-2.9172, device='cuda:0', requires_grad=True)
Parameter containing:
tensor(-2.9167, device='cuda:0', requires_grad=True)
Parameter containing:
tensor(-2.9163, device='cuda:0', requires_grad=True)
Parameter containing:
tensor(-2.9158, device='cuda:0', requires_grad=True)
Parameter containing:
tensor(-2.9153, device='cuda:0', requires_grad=True)
Parameter containing:
tensor(-2.9148, device='cuda:0', requires_grad=True)
Parameter containing:
tensor(-2.9143, device='cuda:0', requires_grad=True)
Parameter containing:
tensor(-2.9138, device='cuda:0', requires_grad=True)
Parameter containing:
tensor(-2.9134, device='cuda:0', requires_grad=True)
Parameter containing:
tensor(-2.9129, device='cuda:0', requires_grad=True)
Parameter containing:
tensor(-2.9124, device='cuda:0', requires_grad=True)
Parameter containing:
tensor(-2.9120, device='cuda:0', requires_grad=True)
Parameter containing:
tensor(-2.9115, device='cuda:0', requires_grad=True)
Parameter containing:
tensor(-2.9111, device='cuda:0', requires_grad=True)
Parameter containing:
tensor(-2.9107, device='cuda:0', requires_grad=True)
Parameter containing:
tensor(-2.9103, device='cuda:0', requires_grad=True)
Parameter containing:
tensor(-2.9099, device='cuda:0', requires_grad=True)
Parameter containing:
tensor(-2.9095, device='cuda:0', requires_grad=True)
Parameter containing:
tensor(-2.9091, device='cuda:0', requires_grad=True)
Parameter containing:
tensor(-2.9087, device='cuda:0', requires_grad=True)
Parameter containing:
tensor(-2.9082, device='cuda:0', requires_grad=True)
Parameter containing:
tensor(-2.9078, device='cuda:0', requires_grad=True)
Parameter containing:
tensor(-2.9074, device='cuda:0', requires_grad=True)
Parameter containing:
tensor(-2.9069, device='cuda:0', requires_grad=True)
Parameter containing:
tensor(-2.9065, device='cuda:0', requires_grad=True)
Parameter containing:
tensor(-2.9061, device='cuda:0', requires_grad=True)
Parameter containing:
tensor(-2.9056, device='cuda:0', requires_grad=True)
Parameter containing:
tensor(-2.9052, device='cuda:0', requires_grad=True)
Parameter containing:
tensor(-2.9047, device='cuda:0', requires_grad=True)
Parameter containing:
tensor(-2.9042, device='cuda:0', requires_grad=True)
Parameter containing:
tensor(-2.9038, device='cuda:0', requires_grad=True)
Parameter containing:
tensor(-2.9033, device='cuda:0', requires_grad=True)
Parameter containing:
tensor(-2.9029, device='cuda:0', requires_grad=True)
Parameter containing:
tensor(-2.9024, device='cuda:0', requires_grad=True)
Parameter containing:
tensor(-2.9020, device='cuda:0', requires_grad=True)
Parameter containing:
tensor(-2.9016, device='cuda:0', requires_grad=True)
Parameter containing:
tensor(-2.9012, device='cuda:0', requires_grad=True)
Parameter containing:
tensor(-2.9008, device='cuda:0', requires_grad=True)
Parameter containing:
tensor(-2.9004, device='cuda:0', requires_grad=True)
Parameter containing:
tensor(-2.9000, device='cuda:0', requires_grad=True)
Parameter containing:
tensor(-2.8996, device='cuda:0', requires_grad=True)
Parameter containing:
tensor(-2.8992, device='cuda:0', requires_grad=True)
Parameter containing:
tensor(-2.8988, device='cuda:0', requires_grad=True)
Parameter containing:
tensor(-2.8984, device='cuda:0', requires_grad=True)
Parameter containing:
tensor(-2.8980, device='cuda:0', requires_grad=True)
Parameter containing:
tensor(-2.8976, device='cuda:0', requires_grad=True)
Parameter containing:
tensor(-2.8972, device='cuda:0', requires_grad=True)
Parameter containing:
tensor(-2.8967, device='cuda:0', requires_grad=True)
Parameter containing:
tensor(-2.8963, device='cuda:0', requires_grad=True)
Parameter containing:
tensor(-2.8959, device='cuda:0', requires_grad=True)
Parameter containing:
tensor(-2.8954, device='cuda:0', requires_grad=True)
Parameter containing:
tensor(-2.8950, device='cuda:0', requires_grad=True)
Parameter containing:
tensor(-2.8946, device='cuda:0', requires_grad=True)
Parameter containing:
tensor(-2.8942, device='cuda:0', requires_grad=True)
Parameter containing:
tensor(-2.8937, device='cuda:0', requires_grad=True)
Parameter containing:
tensor(-2.8933, device='cuda:0', requires_grad=True)
Parameter containing:
tensor(-2.8929, device='cuda:0', requires_grad=True)
Parameter containing:
tensor(-2.8925, device='cuda:0', requires_grad=True)
Parameter containing:
tensor(-2.8921, device='cuda:0', requires_grad=True)
Parameter containing:
tensor(-2.8917, device='cuda:0', requires_grad=True)
Parameter containing:
tensor(-2.8913, device='cuda:0', requires_grad=True)
Parameter containing:
tensor(-2.8909, device='cuda:0', requires_grad=True)
Parameter containing:
tensor(-2.8905, device='cuda:0', requires_grad=True)
Parameter containing:
tensor(-2.8902, device='cuda:0', requires_grad=True)
Parameter containing:
tensor(-2.8898, device='cuda:0', requires_grad=True)
Parameter containing:
tensor(-2.8895, device='cuda:0', requires_grad=True)
Parameter containing:
tensor(-2.8891, device='cuda:0', requires_grad=True)
Parameter containing:
tensor(-2.8888, device='cuda:0', requires_grad=True)
Parameter containing:
tensor(-2.8885, device='cuda:0', requires_grad=True)
Parameter containing:
tensor(-2.8881, device='cuda:0', requires_grad=True)
Parameter containing:
tensor(-2.8878, device='cuda:0', requires_grad=True)
Parameter containing:
tensor(-2.8875, device='cuda:0', requires_grad=True)
Parameter containing:
tensor(-2.8871, device='cuda:0', requires_grad=True)
Parameter containing:
tensor(-2.8868, device='cuda:0', requires_grad=True)
Parameter containing:
tensor(-2.8865, device='cuda:0', requires_grad=True)
Parameter containing:
tensor(-2.8862, device='cuda:0', requires_grad=True)
Parameter containing:
tensor(-2.8859, device='cuda:0', requires_grad=True)
Parameter containing:
tensor(-2.8856, device='cuda:0', requires_grad=True)
Parameter containing:
tensor(-2.8852, device='cuda:0', requires_grad=True)
Parameter containing:
tensor(-2.8849, device='cuda:0', requires_grad=True)
Parameter containing:
tensor(-2.8846, device='cuda:0', requires_grad=True)
Parameter containing:
tensor(-2.8843, device='cuda:0', requires_grad=True)
Parameter containing:
tensor(-2.8839, device='cuda:0', requires_grad=True)
Parameter containing:
tensor(-2.8836, device='cuda:0', requires_grad=True)
Parameter containing:
tensor(-2.8833, device='cuda:0', requires_grad=True)
Parameter containing:
tensor(-2.8829, device='cuda:0', requires_grad=True)
Parameter containing:
tensor(-2.8825, device='cuda:0', requires_grad=True)
Parameter containing:
tensor(-2.8821, device='cuda:0', requires_grad=True)
Parameter containing:
tensor(-2.8818, device='cuda:0', requires_grad=True)
Parameter containing:
tensor(-2.8814, device='cuda:0', requires_grad=True)
Parameter containing:
tensor(-2.8811, device='cuda:0', requires_grad=True)
Parameter containing:
tensor(-2.8807, device='cuda:0', requires_grad=True)
Parameter containing:
tensor(-2.8803, device='cuda:0', requires_grad=True)
Parameter containing:
tensor(-2.8799, device='cuda:0', requires_grad=True)
Parameter containing:
tensor(-2.8795, device='cuda:0', requires_grad=True)
Parameter containing:
tensor(-2.8792, device='cuda:0', requires_grad=True)
Parameter containing:
tensor(-2.8788, device='cuda:0', requires_grad=True)
Parameter containing:
tensor(-2.8784, device='cuda:0', requires_grad=True)
Parameter containing:
tensor(-2.8781, device='cuda:0', requires_grad=True)
Parameter containing:
tensor(-2.8777, device='cuda:0', requires_grad=True)
Parameter containing:
tensor(-2.8774, device='cuda:0', requires_grad=True)
Parameter containing:
tensor(-2.8771, device='cuda:0', requires_grad=True)
Parameter containing:
tensor(-2.8767, device='cuda:0', requires_grad=True)
Parameter containing:
tensor(-2.8764, device='cuda:0', requires_grad=True)
Parameter containing:
tensor(-2.8761, device='cuda:0', requires_grad=True)
Parameter containing:
tensor(-2.8758, device='cuda:0', requires_grad=True)
Parameter containing:
tensor(-2.8755, device='cuda:0', requires_grad=True)
Parameter containing:
tensor(-2.8752, device='cuda:0', requires_grad=True)
Parameter containing:
tensor(-2.8749, device='cuda:0', requires_grad=True)
Parameter containing:
tensor(-2.8747, device='cuda:0', requires_grad=True)
Parameter containing:
tensor(-2.8744, device='cuda:0', requires_grad=True)
Parameter containing:
tensor(-2.8741, device='cuda:0', requires_grad=True)
Parameter containing:
tensor(-2.8738, device='cuda:0', requires_grad=True)
Parameter containing:
tensor(-2.8735, device='cuda:0', requires_grad=True)
Parameter containing:
tensor(-2.8732, device='cuda:0', requires_grad=True)
Parameter containing:
tensor(-2.8729, device='cuda:0', requires_grad=True)
Parameter containing:
tensor(-2.8726, device='cuda:0', requires_grad=True)
Parameter containing:
tensor(-2.8722, device='cuda:0', requires_grad=True)
Parameter containing:
tensor(-2.8719, device='cuda:0', requires_grad=True)
Parameter containing:
tensor(-2.8715, device='cuda:0', requires_grad=True)
Parameter containing:
tensor(-2.8712, device='cuda:0', requires_grad=True)
Parameter containing:
tensor(-2.8708, device='cuda:0', requires_grad=True)
Parameter containing:
tensor(-2.8705, device='cuda:0', requires_grad=True)
Parameter containing:
tensor(-2.8701, device='cuda:0', requires_grad=True)
Parameter containing:
tensor(-2.8697, device='cuda:0', requires_grad=True)
Parameter containing:
tensor(-2.8693, device='cuda:0', requires_grad=True)
Parameter containing:
tensor(-2.8690, device='cuda:0', requires_grad=True)
Parameter containing:
tensor(-2.8687, device='cuda:0', requires_grad=True)
Parameter containing:
tensor(-2.8683, device='cuda:0', requires_grad=True)
Parameter containing:
tensor(-2.8680, device='cuda:0', requires_grad=True)
Parameter containing:
tensor(-2.8677, device='cuda:0', requires_grad=True)
Parameter containing:
tensor(-2.8674, device='cuda:0', requires_grad=True)
Parameter containing:
tensor(-2.8671, device='cuda:0', requires_grad=True)
Parameter containing:
tensor(-2.8668, device='cuda:0', requires_grad=True)
Parameter containing:
tensor(-2.8665, device='cuda:0', requires_grad=True)
Parameter containing:
tensor(-2.8661, device='cuda:0', requires_grad=True)
Parameter containing:
tensor(-2.8659, device='cuda:0', requires_grad=True)
Parameter containing:
tensor(-2.8656, device='cuda:0', requires_grad=True)
Parameter containing:
tensor(-2.8653, device='cuda:0', requires_grad=True)
Parameter containing:
tensor(-2.8651, device='cuda:0', requires_grad=True)
Parameter containing:
tensor(-2.8648, device='cuda:0', requires_grad=True)
Parameter containing:
tensor(-2.8644, device='cuda:0', requires_grad=True)
Parameter containing:
tensor(-2.8641, device='cuda:0', requires_grad=True)
Parameter containing:
tensor(-2.8637, device='cuda:0', requires_grad=True)
Parameter containing:
tensor(-2.8634, device='cuda:0', requires_grad=True)
Parameter containing:
tensor(-2.8630, device='cuda:0', requires_grad=True)
Parameter containing:
tensor(-2.8626, device='cuda:0', requires_grad=True)
Parameter containing:
tensor(-2.8623, device='cuda:0', requires_grad=True)
Parameter containing:
tensor(-2.8619, device='cuda:0', requires_grad=True)
Parameter containing:
tensor(-2.8615, device='cuda:0', requires_grad=True)
Parameter containing:
tensor(-2.8611, device='cuda:0', requires_grad=True)
Parameter containing:
tensor(-2.8607, device='cuda:0', requires_grad=True)
Parameter containing:
tensor(-2.8603, device='cuda:0', requires_grad=True)
Parameter containing:
tensor(-2.8600, device='cuda:0', requires_grad=True)
Parameter containing:
tensor(-2.8596, device='cuda:0', requires_grad=True)
Parameter containing:
tensor(-2.8593, device='cuda:0', requires_grad=True)
Parameter containing:
tensor(-2.8590, device='cuda:0', requires_grad=True)
Parameter containing:
tensor(-2.8587, device='cuda:0', requires_grad=True)
Parameter containing:
tensor(-2.8584, device='cuda:0', requires_grad=True)
Parameter containing:
tensor(-2.8581, device='cuda:0', requires_grad=True)
Parameter containing:
tensor(-2.8578, device='cuda:0', requires_grad=True)
Parameter containing:
tensor(-2.8576, device='cuda:0', requires_grad=True)
Parameter containing:
tensor(-2.8573, device='cuda:0', requires_grad=True)
Parameter containing:
tensor(-2.8571, device='cuda:0', requires_grad=True)
Parameter containing:
tensor(-2.8569, device='cuda:0', requires_grad=True)
Parameter containing:
tensor(-2.8567, device='cuda:0', requires_grad=True)
Parameter containing:
tensor(-2.8565, device='cuda:0', requires_grad=True)
Parameter containing:
tensor(-2.8563, device='cuda:0', requires_grad=True)
Parameter containing:
tensor(-2.8561, device='cuda:0', requires_grad=True)
Parameter containing:
tensor(-2.8559, device='cuda:0', requires_grad=True)
Parameter containing:
tensor(-2.8557, device='cuda:0', requires_grad=True)
Parameter containing:
tensor(-2.8555, device='cuda:0', requires_grad=True)
Parameter containing:
tensor(-2.8552, device='cuda:0', requires_grad=True)
Parameter containing:
tensor(-2.8550, device='cuda:0', requires_grad=True)
Parameter containing:
tensor(-2.8547, device='cuda:0', requires_grad=True)
Parameter containing:
tensor(-2.8545, device='cuda:0', requires_grad=True)
Parameter containing:
tensor(-2.8542, device='cuda:0', requires_grad=True)
Parameter containing:
tensor(-2.8540, device='cuda:0', requires_grad=True)
Parameter containing:
tensor(-2.8537, device='cuda:0', requires_grad=True)
Parameter containing:
tensor(-2.8535, device='cuda:0', requires_grad=True)
Parameter containing:
tensor(-2.8532, device='cuda:0', requires_grad=True)
Parameter containing:
tensor(-2.8529, device='cuda:0', requires_grad=True)
Parameter containing:
tensor(-2.8526, device='cuda:0', requires_grad=True)
Parameter containing:
tensor(-2.8524, device='cuda:0', requires_grad=True)
Parameter containing:
tensor(-2.8521, device='cuda:0', requires_grad=True)
Parameter containing:
tensor(-2.8519, device='cuda:0', requires_grad=True)
Parameter containing:
tensor(-2.8516, device='cuda:0', requires_grad=True)
Parameter containing:
tensor(-2.8514, device='cuda:0', requires_grad=True)
Parameter containing:
tensor(-2.8511, device='cuda:0', requires_grad=True)
Parameter containing:
tensor(-2.8509, device='cuda:0', requires_grad=True)
Parameter containing:
tensor(-2.8507, device='cuda:0', requires_grad=True)
Parameter containing:
tensor(-2.8505, device='cuda:0', requires_grad=True)
Parameter containing:
tensor(-2.8503, device='cuda:0', requires_grad=True)
Parameter containing:
tensor(-2.8501, device='cuda:0', requires_grad=True)
Parameter containing:
tensor(-2.8499, device='cuda:0', requires_grad=True)
Parameter containing:
tensor(-2.8497, device='cuda:0', requires_grad=True)
Parameter containing:
tensor(-2.8496, device='cuda:0', requires_grad=True)
Parameter containing:
tensor(-2.8494, device='cuda:0', requires_grad=True)
Parameter containing:
tensor(-2.8492, device='cuda:0', requires_grad=True)
Parameter containing:
tensor(-2.8490, device='cuda:0', requires_grad=True)
Parameter containing:
tensor(-2.8489, device='cuda:0', requires_grad=True)
Parameter containing:
tensor(-2.8487, device='cuda:0', requires_grad=True)
Parameter containing:
tensor(-2.8485, device='cuda:0', requires_grad=True)
Parameter containing:
tensor(-2.8482, device='cuda:0', requires_grad=True)
Parameter containing:
tensor(-2.8479, device='cuda:0', requires_grad=True)
Parameter containing:
tensor(-2.8477, device='cuda:0', requires_grad=True)
Parameter containing:
tensor(-2.8474, device='cuda:0', requires_grad=True)
Parameter containing:
tensor(-2.8472, device='cuda:0', requires_grad=True)
Parameter containing:
tensor(-2.8469, device='cuda:0', requires_grad=True)
Parameter containing:
tensor(-2.8466, device='cuda:0', requires_grad=True)
Parameter containing:
tensor(-2.8464, device='cuda:0', requires_grad=True)
Parameter containing:
tensor(-2.8461, device='cuda:0', requires_grad=True)
Parameter containing:
tensor(-2.8458, device='cuda:0', requires_grad=True)
Parameter containing:
tensor(-2.8456, device='cuda:0', requires_grad=True)
Parameter containing:
tensor(-2.8453, device='cuda:0', requires_grad=True)
Parameter containing:
tensor(-2.8451, device='cuda:0', requires_grad=True)
Parameter containing:
tensor(-2.8449, device='cuda:0', requires_grad=True)
Parameter containing:
tensor(-2.8447, device='cuda:0', requires_grad=True)
Parameter containing:
tensor(-2.8445, device='cuda:0', requires_grad=True)
Parameter containing:
tensor(-2.8443, device='cuda:0', requires_grad=True)
Parameter containing:
tensor(-2.8442, device='cuda:0', requires_grad=True)
Parameter containing:
tensor(-2.8440, device='cuda:0', requires_grad=True)
Parameter containing:
tensor(-2.8439, device='cuda:0', requires_grad=True)
Parameter containing:
tensor(-2.8438, device='cuda:0', requires_grad=True)
Parameter containing:
tensor(-2.8437, device='cuda:0', requires_grad=True)
Parameter containing:
tensor(-2.8435, device='cuda:0', requires_grad=True)
Parameter containing:
tensor(-2.8432, device='cuda:0', requires_grad=True)
Parameter containing:
tensor(-2.8430, device='cuda:0', requires_grad=True)
Parameter containing:
tensor(-2.8428, device='cuda:0', requires_grad=True)
Parameter containing:
tensor(-2.8425, device='cuda:0', requires_grad=True)
Parameter containing:
tensor(-2.8423, device='cuda:0', requires_grad=True)
Parameter containing:
tensor(-2.8420, device='cuda:0', requires_grad=True)
Parameter containing:
tensor(-2.8418, device='cuda:0', requires_grad=True)
Parameter containing:
tensor(-2.8415, device='cuda:0', requires_grad=True)
Parameter containing:
tensor(-2.8413, device='cuda:0', requires_grad=True)
Parameter containing:
tensor(-2.8410, device='cuda:0', requires_grad=True)
Parameter containing:
tensor(-2.8408, device='cuda:0', requires_grad=True)
Parameter containing:
tensor(-2.8405, device='cuda:0', requires_grad=True)
Parameter containing:
tensor(-2.8403, device='cuda:0', requires_grad=True)
Parameter containing:
tensor(-2.8401, device='cuda:0', requires_grad=True)
Parameter containing:
tensor(-2.8399, device='cuda:0', requires_grad=True)
Parameter containing:
tensor(-2.8397, device='cuda:0', requires_grad=True)
Parameter containing:
tensor(-2.8395, device='cuda:0', requires_grad=True)
Parameter containing:
tensor(-2.8393, device='cuda:0', requires_grad=True)
Parameter containing:
tensor(-2.8391, device='cuda:0', requires_grad=True)
Parameter containing:
tensor(-2.8389, device='cuda:0', requires_grad=True)
Parameter containing:
tensor(-2.8388, device='cuda:0', requires_grad=True)
Parameter containing:
tensor(-2.8385, device='cuda:0', requires_grad=True)
Parameter containing:
tensor(-2.8383, device='cuda:0', requires_grad=True)
Parameter containing:
tensor(-2.8382, device='cuda:0', requires_grad=True)
Parameter containing:
tensor(-2.8380, device='cuda:0', requires_grad=True)
Parameter containing:
tensor(-2.8378, device='cuda:0', requires_grad=True)
Parameter containing:
tensor(-2.8377, device='cuda:0', requires_grad=True)
Parameter containing:
tensor(-2.8376, device='cuda:0', requires_grad=True)
Parameter containing:
tensor(-2.8374, device='cuda:0', requires_grad=True)
Parameter containing:
tensor(-2.8373, device='cuda:0', requires_grad=True)
Parameter containing:
tensor(-2.8371, device='cuda:0', requires_grad=True)
Parameter containing:
tensor(-2.8370, device='cuda:0', requires_grad=True)
Parameter containing:
tensor(-2.8369, device='cuda:0', requires_grad=True)
Parameter containing:
tensor(-2.8367, device='cuda:0', requires_grad=True)
Parameter containing:
tensor(-2.8366, device='cuda:0', requires_grad=True)
Parameter containing:
tensor(-2.8364, device='cuda:0', requires_grad=True)
Parameter containing:
tensor(-2.8363, device='cuda:0', requires_grad=True)
Parameter containing:
tensor(-2.8362, device='cuda:0', requires_grad=True)
Parameter containing:
tensor(-2.8360, device='cuda:0', requires_grad=True)
Parameter containing:
tensor(-2.8358, device='cuda:0', requires_grad=True)
Parameter containing:
tensor(-2.8356, device='cuda:0', requires_grad=True)
Parameter containing:
tensor(-2.8354, device='cuda:0', requires_grad=True)
Parameter containing:
tensor(-2.8351, device='cuda:0', requires_grad=True)
Parameter containing:
tensor(-2.8349, device='cuda:0', requires_grad=True)
Parameter containing:
tensor(-2.8347, device='cuda:0', requires_grad=True)
Parameter containing:
tensor(-2.8345, device='cuda:0', requires_grad=True)
Parameter containing:
tensor(-2.8344, device='cuda:0', requires_grad=True)
Parameter containing:
tensor(-2.8342, device='cuda:0', requires_grad=True)
Parameter containing:
tensor(-2.8341, device='cuda:0', requires_grad=True)
Parameter containing:
tensor(-2.8339, device='cuda:0', requires_grad=True)
Parameter containing:
tensor(-2.8338, device='cuda:0', requires_grad=True)
Parameter containing:
tensor(-2.8337, device='cuda:0', requires_grad=True)
Parameter containing:
tensor(-2.8337, device='cuda:0', requires_grad=True)
Parameter containing:
tensor(-2.8336, device='cuda:0', requires_grad=True)
Parameter containing:
tensor(-2.8335, device='cuda:0', requires_grad=True)
Parameter containing:
tensor(-2.8335, device='cuda:0', requires_grad=True)
Parameter containing:
tensor(-2.8334, device='cuda:0', requires_grad=True)
Parameter containing:
tensor(-2.8333, device='cuda:0', requires_grad=True)
Parameter containing:
tensor(-2.8332, device='cuda:0', requires_grad=True)
Parameter containing:
tensor(-2.8332, device='cuda:0', requires_grad=True)
Parameter containing:
tensor(-2.8331, device='cuda:0', requires_grad=True)
Parameter containing:
tensor(-2.8330, device='cuda:0', requires_grad=True)
Parameter containing:
tensor(-2.8330, device='cuda:0', requires_grad=True)
Parameter containing:
tensor(-2.8329, device='cuda:0', requires_grad=True)
Parameter containing:
tensor(-2.8329, device='cuda:0', requires_grad=True)
Parameter containing:
tensor(-2.8329, device='cuda:0', requires_grad=True)
Parameter containing:
tensor(-2.8329, device='cuda:0', requires_grad=True)
Parameter containing:
tensor(-2.8329, device='cuda:0', requires_grad=True)
Parameter containing:
tensor(-2.8329, device='cuda:0', requires_grad=True)
Parameter containing:
tensor(-2.8329, device='cuda:0', requires_grad=True)
Parameter containing:
tensor(-2.8329, device='cuda:0', requires_grad=True)
Parameter containing:
tensor(-2.8328, device='cuda:0', requires_grad=True)
Parameter containing:
tensor(-2.8327, device='cuda:0', requires_grad=True)
Parameter containing:
tensor(-2.8327, device='cuda:0', requires_grad=True)
Parameter containing:
tensor(-2.8326, device='cuda:0', requires_grad=True)
Parameter containing:
tensor(-2.8325, device='cuda:0', requires_grad=True)
Parameter containing:
tensor(-2.8324, device='cuda:0', requires_grad=True)
Parameter containing:
tensor(-2.8324, device='cuda:0', requires_grad=True)
Parameter containing:
tensor(-2.8323, device='cuda:0', requires_grad=True)
Parameter containing:
tensor(-2.8323, device='cuda:0', requires_grad=True)
Parameter containing:
tensor(-2.8322, device='cuda:0', requires_grad=True)
Parameter containing:
tensor(-2.8321, device='cuda:0', requires_grad=True)
Parameter containing:
tensor(-2.8321, device='cuda:0', requires_grad=True)
Parameter containing:
tensor(-2.8320, device='cuda:0', requires_grad=True)
Parameter containing:
tensor(-2.8320, device='cuda:0', requires_grad=True)
Parameter containing:
tensor(-2.8319, device='cuda:0', requires_grad=True)
Parameter containing:
tensor(-2.8319, device='cuda:0', requires_grad=True)
Parameter containing:
tensor(-2.8318, device='cuda:0', requires_grad=True)
Parameter containing:
tensor(-2.8318, device='cuda:0', requires_grad=True)
Parameter containing:
tensor(-2.8318, device='cuda:0', requires_grad=True)
Parameter containing:
tensor(-2.8318, device='cuda:0', requires_grad=True)
Parameter containing:
tensor(-2.8318, device='cuda:0', requires_grad=True)
Parameter containing:
tensor(-2.8318, device='cuda:0', requires_grad=True)
Parameter containing:
tensor(-2.8319, device='cuda:0', requires_grad=True)
Parameter containing:
tensor(-2.8319, device='cuda:0', requires_grad=True)
Parameter containing:
tensor(-2.8320, device='cuda:0', requires_grad=True)
Parameter containing:
tensor(-2.8320, device='cuda:0', requires_grad=True)
Parameter containing:
tensor(-2.8321, device='cuda:0', requires_grad=True)
Parameter containing:
tensor(-2.8321, device='cuda:0', requires_grad=True)
Parameter containing:
tensor(-2.8322, device='cuda:0', requires_grad=True)
Parameter containing:
tensor(-2.8322, device='cuda:0', requires_grad=True)
Parameter containing:
tensor(-2.8323, device='cuda:0', requires_grad=True)
Parameter containing:
tensor(-2.8324, device='cuda:0', requires_grad=True)
Parameter containing:
tensor(-2.8325, device='cuda:0', requires_grad=True)
Parameter containing:
tensor(-2.8326, device='cuda:0', requires_grad=True)
Parameter containing:
tensor(-2.8326, device='cuda:0', requires_grad=True)
Parameter containing:
tensor(-2.8326, device='cuda:0', requires_grad=True)
Parameter containing:
tensor(-2.8327, device='cuda:0', requires_grad=True)
Parameter containing:
tensor(-2.8327, device='cuda:0', requires_grad=True)
Parameter containing:
tensor(-2.8327, device='cuda:0', requires_grad=True)
Parameter containing:
tensor(-2.8328, device='cuda:0', requires_grad=True)
Parameter containing:
tensor(-2.8328, device='cuda:0', requires_grad=True)
Parameter containing:
tensor(-2.8328, device='cuda:0', requires_grad=True)
Parameter containing:
tensor(-2.8329, device='cuda:0', requires_grad=True)
Parameter containing:
tensor(-2.8329, device='cuda:0', requires_grad=True)
Parameter containing:
tensor(-2.8330, device='cuda:0', requires_grad=True)
Parameter containing:
tensor(-2.8330, device='cuda:0', requires_grad=True)
Parameter containing:
tensor(-2.8331, device='cuda:0', requires_grad=True)
Parameter containing:
tensor(-2.8331, device='cuda:0', requires_grad=True)
Parameter containing:
tensor(-2.8332, device='cuda:0', requires_grad=True)


PS:

Read file <14836033.stderr> for stderr output of this job.

