Sender: LSF System <lsfadmin@ls17>
Subject: Job 14836067: <_gp_42> in cluster <lila> Done

Job <_gp_42> was submitted from host <ls14> by user <wangy1> in cluster <lila> at Thu Jun 11 19:30:07 2020
Job was executed on host(s) <12*ls17>, in queue <gpuqueue>, as user <wangy1> in cluster <lila> at Thu Jun 11 19:30:07 2020
</home/wangy1> was used as the home directory.
</data/chodera/wangyq/pinot/scripts/gp_split> was used as the working directory.
Started at Thu Jun 11 19:30:07 2020
Terminated at Thu Jun 11 19:32:55 2020
Results reported at Thu Jun 11 19:32:55 2020

Your job looked like:

------------------------------------------------------------
# LSBATCH: User input
python ../../pinot/app/gp_train.py --layer GraphConv --out _gp_42 --n_epochs 500 --lr 1e-3 --config 32 tanh 32 tanh 32 tanh --lr 1e-3 --partition 42:58
------------------------------------------------------------

Successfully completed.

Resource usage summary:

    CPU time :                                   534.00 sec.
    Max Memory :                                 2 GB
    Average Memory :                             1.87 GB
    Total Requested Memory :                     48.00 GB
    Delta Memory :                               46.00 GB
    Max Swap :                                   -
    Max Processes :                              3
    Max Threads :                                20
    Run time :                                   170 sec.
    Turnaround time :                            168 sec.

The output (if any) follows:

Parameter containing:
tensor(-3., device='cuda:0', requires_grad=True)
Parameter containing:
tensor(-2.9990, device='cuda:0', requires_grad=True)
Parameter containing:
tensor(-2.9980, device='cuda:0', requires_grad=True)
Parameter containing:
tensor(-2.9971, device='cuda:0', requires_grad=True)
Parameter containing:
tensor(-2.9962, device='cuda:0', requires_grad=True)
Parameter containing:
tensor(-2.9953, device='cuda:0', requires_grad=True)
Parameter containing:
tensor(-2.9945, device='cuda:0', requires_grad=True)
Parameter containing:
tensor(-2.9936, device='cuda:0', requires_grad=True)
Parameter containing:
tensor(-2.9928, device='cuda:0', requires_grad=True)
Parameter containing:
tensor(-2.9920, device='cuda:0', requires_grad=True)
Parameter containing:
tensor(-2.9913, device='cuda:0', requires_grad=True)
Parameter containing:
tensor(-2.9905, device='cuda:0', requires_grad=True)
Parameter containing:
tensor(-2.9897, device='cuda:0', requires_grad=True)
Parameter containing:
tensor(-2.9889, device='cuda:0', requires_grad=True)
Parameter containing:
tensor(-2.9882, device='cuda:0', requires_grad=True)
Parameter containing:
tensor(-2.9874, device='cuda:0', requires_grad=True)
Parameter containing:
tensor(-2.9867, device='cuda:0', requires_grad=True)
Parameter containing:
tensor(-2.9859, device='cuda:0', requires_grad=True)
Parameter containing:
tensor(-2.9852, device='cuda:0', requires_grad=True)
Parameter containing:
tensor(-2.9844, device='cuda:0', requires_grad=True)
Parameter containing:
tensor(-2.9836, device='cuda:0', requires_grad=True)
Parameter containing:
tensor(-2.9829, device='cuda:0', requires_grad=True)
Parameter containing:
tensor(-2.9821, device='cuda:0', requires_grad=True)
Parameter containing:
tensor(-2.9814, device='cuda:0', requires_grad=True)
Parameter containing:
tensor(-2.9806, device='cuda:0', requires_grad=True)
Parameter containing:
tensor(-2.9798, device='cuda:0', requires_grad=True)
Parameter containing:
tensor(-2.9791, device='cuda:0', requires_grad=True)
Parameter containing:
tensor(-2.9783, device='cuda:0', requires_grad=True)
Parameter containing:
tensor(-2.9775, device='cuda:0', requires_grad=True)
Parameter containing:
tensor(-2.9767, device='cuda:0', requires_grad=True)
Parameter containing:
tensor(-2.9759, device='cuda:0', requires_grad=True)
Parameter containing:
tensor(-2.9751, device='cuda:0', requires_grad=True)
Parameter containing:
tensor(-2.9744, device='cuda:0', requires_grad=True)
Parameter containing:
tensor(-2.9736, device='cuda:0', requires_grad=True)
Parameter containing:
tensor(-2.9728, device='cuda:0', requires_grad=True)
Parameter containing:
tensor(-2.9720, device='cuda:0', requires_grad=True)
Parameter containing:
tensor(-2.9711, device='cuda:0', requires_grad=True)
Parameter containing:
tensor(-2.9703, device='cuda:0', requires_grad=True)
Parameter containing:
tensor(-2.9695, device='cuda:0', requires_grad=True)
Parameter containing:
tensor(-2.9687, device='cuda:0', requires_grad=True)
Parameter containing:
tensor(-2.9679, device='cuda:0', requires_grad=True)
Parameter containing:
tensor(-2.9671, device='cuda:0', requires_grad=True)
Parameter containing:
tensor(-2.9663, device='cuda:0', requires_grad=True)
Parameter containing:
tensor(-2.9654, device='cuda:0', requires_grad=True)
Parameter containing:
tensor(-2.9646, device='cuda:0', requires_grad=True)
Parameter containing:
tensor(-2.9638, device='cuda:0', requires_grad=True)
Parameter containing:
tensor(-2.9630, device='cuda:0', requires_grad=True)
Parameter containing:
tensor(-2.9622, device='cuda:0', requires_grad=True)
Parameter containing:
tensor(-2.9614, device='cuda:0', requires_grad=True)
Parameter containing:
tensor(-2.9606, device='cuda:0', requires_grad=True)
Parameter containing:
tensor(-2.9598, device='cuda:0', requires_grad=True)
Parameter containing:
tensor(-2.9590, device='cuda:0', requires_grad=True)
Parameter containing:
tensor(-2.9582, device='cuda:0', requires_grad=True)
Parameter containing:
tensor(-2.9574, device='cuda:0', requires_grad=True)
Parameter containing:
tensor(-2.9566, device='cuda:0', requires_grad=True)
Parameter containing:
tensor(-2.9558, device='cuda:0', requires_grad=True)
Parameter containing:
tensor(-2.9550, device='cuda:0', requires_grad=True)
Parameter containing:
tensor(-2.9542, device='cuda:0', requires_grad=True)
Parameter containing:
tensor(-2.9534, device='cuda:0', requires_grad=True)
Parameter containing:
tensor(-2.9526, device='cuda:0', requires_grad=True)
Parameter containing:
tensor(-2.9519, device='cuda:0', requires_grad=True)
Parameter containing:
tensor(-2.9511, device='cuda:0', requires_grad=True)
Parameter containing:
tensor(-2.9503, device='cuda:0', requires_grad=True)
Parameter containing:
tensor(-2.9495, device='cuda:0', requires_grad=True)
Parameter containing:
tensor(-2.9487, device='cuda:0', requires_grad=True)
Parameter containing:
tensor(-2.9479, device='cuda:0', requires_grad=True)
Parameter containing:
tensor(-2.9471, device='cuda:0', requires_grad=True)
Parameter containing:
tensor(-2.9463, device='cuda:0', requires_grad=True)
Parameter containing:
tensor(-2.9456, device='cuda:0', requires_grad=True)
Parameter containing:
tensor(-2.9448, device='cuda:0', requires_grad=True)
Parameter containing:
tensor(-2.9440, device='cuda:0', requires_grad=True)
Parameter containing:
tensor(-2.9432, device='cuda:0', requires_grad=True)
Parameter containing:
tensor(-2.9424, device='cuda:0', requires_grad=True)
Parameter containing:
tensor(-2.9417, device='cuda:0', requires_grad=True)
Parameter containing:
tensor(-2.9409, device='cuda:0', requires_grad=True)
Parameter containing:
tensor(-2.9401, device='cuda:0', requires_grad=True)
Parameter containing:
tensor(-2.9393, device='cuda:0', requires_grad=True)
Parameter containing:
tensor(-2.9386, device='cuda:0', requires_grad=True)
Parameter containing:
tensor(-2.9378, device='cuda:0', requires_grad=True)
Parameter containing:
tensor(-2.9370, device='cuda:0', requires_grad=True)
Parameter containing:
tensor(-2.9362, device='cuda:0', requires_grad=True)
Parameter containing:
tensor(-2.9355, device='cuda:0', requires_grad=True)
Parameter containing:
tensor(-2.9347, device='cuda:0', requires_grad=True)
Parameter containing:
tensor(-2.9339, device='cuda:0', requires_grad=True)
Parameter containing:
tensor(-2.9332, device='cuda:0', requires_grad=True)
Parameter containing:
tensor(-2.9324, device='cuda:0', requires_grad=True)
Parameter containing:
tensor(-2.9316, device='cuda:0', requires_grad=True)
Parameter containing:
tensor(-2.9309, device='cuda:0', requires_grad=True)
Parameter containing:
tensor(-2.9301, device='cuda:0', requires_grad=True)
Parameter containing:
tensor(-2.9294, device='cuda:0', requires_grad=True)
Parameter containing:
tensor(-2.9286, device='cuda:0', requires_grad=True)
Parameter containing:
tensor(-2.9278, device='cuda:0', requires_grad=True)
Parameter containing:
tensor(-2.9271, device='cuda:0', requires_grad=True)
Parameter containing:
tensor(-2.9263, device='cuda:0', requires_grad=True)
Parameter containing:
tensor(-2.9256, device='cuda:0', requires_grad=True)
Parameter containing:
tensor(-2.9249, device='cuda:0', requires_grad=True)
Parameter containing:
tensor(-2.9241, device='cuda:0', requires_grad=True)
Parameter containing:
tensor(-2.9234, device='cuda:0', requires_grad=True)
Parameter containing:
tensor(-2.9226, device='cuda:0', requires_grad=True)
Parameter containing:
tensor(-2.9219, device='cuda:0', requires_grad=True)
Parameter containing:
tensor(-2.9212, device='cuda:0', requires_grad=True)
Parameter containing:
tensor(-2.9204, device='cuda:0', requires_grad=True)
Parameter containing:
tensor(-2.9197, device='cuda:0', requires_grad=True)
Parameter containing:
tensor(-2.9190, device='cuda:0', requires_grad=True)
Parameter containing:
tensor(-2.9182, device='cuda:0', requires_grad=True)
Parameter containing:
tensor(-2.9175, device='cuda:0', requires_grad=True)
Parameter containing:
tensor(-2.9168, device='cuda:0', requires_grad=True)
Parameter containing:
tensor(-2.9161, device='cuda:0', requires_grad=True)
Parameter containing:
tensor(-2.9154, device='cuda:0', requires_grad=True)
Parameter containing:
tensor(-2.9146, device='cuda:0', requires_grad=True)
Parameter containing:
tensor(-2.9139, device='cuda:0', requires_grad=True)
Parameter containing:
tensor(-2.9132, device='cuda:0', requires_grad=True)
Parameter containing:
tensor(-2.9125, device='cuda:0', requires_grad=True)
Parameter containing:
tensor(-2.9118, device='cuda:0', requires_grad=True)
Parameter containing:
tensor(-2.9111, device='cuda:0', requires_grad=True)
Parameter containing:
tensor(-2.9103, device='cuda:0', requires_grad=True)
Parameter containing:
tensor(-2.9096, device='cuda:0', requires_grad=True)
Parameter containing:
tensor(-2.9089, device='cuda:0', requires_grad=True)
Parameter containing:
tensor(-2.9082, device='cuda:0', requires_grad=True)
Parameter containing:
tensor(-2.9074, device='cuda:0', requires_grad=True)
Parameter containing:
tensor(-2.9067, device='cuda:0', requires_grad=True)
Parameter containing:
tensor(-2.9060, device='cuda:0', requires_grad=True)
Parameter containing:
tensor(-2.9053, device='cuda:0', requires_grad=True)
Parameter containing:
tensor(-2.9046, device='cuda:0', requires_grad=True)
Parameter containing:
tensor(-2.9039, device='cuda:0', requires_grad=True)
Parameter containing:
tensor(-2.9032, device='cuda:0', requires_grad=True)
Parameter containing:
tensor(-2.9025, device='cuda:0', requires_grad=True)
Parameter containing:
tensor(-2.9018, device='cuda:0', requires_grad=True)
Parameter containing:
tensor(-2.9011, device='cuda:0', requires_grad=True)
Parameter containing:
tensor(-2.9004, device='cuda:0', requires_grad=True)
Parameter containing:
tensor(-2.8998, device='cuda:0', requires_grad=True)
Parameter containing:
tensor(-2.8991, device='cuda:0', requires_grad=True)
Parameter containing:
tensor(-2.8984, device='cuda:0', requires_grad=True)
Parameter containing:
tensor(-2.8977, device='cuda:0', requires_grad=True)
Parameter containing:
tensor(-2.8970, device='cuda:0', requires_grad=True)
Parameter containing:
tensor(-2.8963, device='cuda:0', requires_grad=True)
Parameter containing:
tensor(-2.8957, device='cuda:0', requires_grad=True)
Parameter containing:
tensor(-2.8950, device='cuda:0', requires_grad=True)
Parameter containing:
tensor(-2.8943, device='cuda:0', requires_grad=True)
Parameter containing:
tensor(-2.8936, device='cuda:0', requires_grad=True)
Parameter containing:
tensor(-2.8929, device='cuda:0', requires_grad=True)
Parameter containing:
tensor(-2.8922, device='cuda:0', requires_grad=True)
Parameter containing:
tensor(-2.8916, device='cuda:0', requires_grad=True)
Parameter containing:
tensor(-2.8909, device='cuda:0', requires_grad=True)
Parameter containing:
tensor(-2.8902, device='cuda:0', requires_grad=True)
Parameter containing:
tensor(-2.8895, device='cuda:0', requires_grad=True)
Parameter containing:
tensor(-2.8889, device='cuda:0', requires_grad=True)
Parameter containing:
tensor(-2.8882, device='cuda:0', requires_grad=True)
Parameter containing:
tensor(-2.8875, device='cuda:0', requires_grad=True)
Parameter containing:
tensor(-2.8868, device='cuda:0', requires_grad=True)
Parameter containing:
tensor(-2.8862, device='cuda:0', requires_grad=True)
Parameter containing:
tensor(-2.8855, device='cuda:0', requires_grad=True)
Parameter containing:
tensor(-2.8848, device='cuda:0', requires_grad=True)
Parameter containing:
tensor(-2.8841, device='cuda:0', requires_grad=True)
Parameter containing:
tensor(-2.8834, device='cuda:0', requires_grad=True)
Parameter containing:
tensor(-2.8828, device='cuda:0', requires_grad=True)
Parameter containing:
tensor(-2.8821, device='cuda:0', requires_grad=True)
Parameter containing:
tensor(-2.8814, device='cuda:0', requires_grad=True)
Parameter containing:
tensor(-2.8807, device='cuda:0', requires_grad=True)
Parameter containing:
tensor(-2.8800, device='cuda:0', requires_grad=True)
Parameter containing:
tensor(-2.8793, device='cuda:0', requires_grad=True)
Parameter containing:
tensor(-2.8787, device='cuda:0', requires_grad=True)
Parameter containing:
tensor(-2.8780, device='cuda:0', requires_grad=True)
Parameter containing:
tensor(-2.8773, device='cuda:0', requires_grad=True)
Parameter containing:
tensor(-2.8766, device='cuda:0', requires_grad=True)
Parameter containing:
tensor(-2.8760, device='cuda:0', requires_grad=True)
Parameter containing:
tensor(-2.8753, device='cuda:0', requires_grad=True)
Parameter containing:
tensor(-2.8746, device='cuda:0', requires_grad=True)
Parameter containing:
tensor(-2.8739, device='cuda:0', requires_grad=True)
Parameter containing:
tensor(-2.8733, device='cuda:0', requires_grad=True)
Parameter containing:
tensor(-2.8726, device='cuda:0', requires_grad=True)
Parameter containing:
tensor(-2.8719, device='cuda:0', requires_grad=True)
Parameter containing:
tensor(-2.8712, device='cuda:0', requires_grad=True)
Parameter containing:
tensor(-2.8706, device='cuda:0', requires_grad=True)
Parameter containing:
tensor(-2.8699, device='cuda:0', requires_grad=True)
Parameter containing:
tensor(-2.8692, device='cuda:0', requires_grad=True)
Parameter containing:
tensor(-2.8686, device='cuda:0', requires_grad=True)
Parameter containing:
tensor(-2.8679, device='cuda:0', requires_grad=True)
Parameter containing:
tensor(-2.8672, device='cuda:0', requires_grad=True)
Parameter containing:
tensor(-2.8666, device='cuda:0', requires_grad=True)
Parameter containing:
tensor(-2.8659, device='cuda:0', requires_grad=True)
Parameter containing:
tensor(-2.8652, device='cuda:0', requires_grad=True)
Parameter containing:
tensor(-2.8646, device='cuda:0', requires_grad=True)
Parameter containing:
tensor(-2.8639, device='cuda:0', requires_grad=True)
Parameter containing:
tensor(-2.8633, device='cuda:0', requires_grad=True)
Parameter containing:
tensor(-2.8626, device='cuda:0', requires_grad=True)
Parameter containing:
tensor(-2.8620, device='cuda:0', requires_grad=True)
Parameter containing:
tensor(-2.8613, device='cuda:0', requires_grad=True)
Parameter containing:
tensor(-2.8607, device='cuda:0', requires_grad=True)
Parameter containing:
tensor(-2.8600, device='cuda:0', requires_grad=True)
Parameter containing:
tensor(-2.8593, device='cuda:0', requires_grad=True)
Parameter containing:
tensor(-2.8587, device='cuda:0', requires_grad=True)
Parameter containing:
tensor(-2.8580, device='cuda:0', requires_grad=True)
Parameter containing:
tensor(-2.8574, device='cuda:0', requires_grad=True)
Parameter containing:
tensor(-2.8567, device='cuda:0', requires_grad=True)
Parameter containing:
tensor(-2.8561, device='cuda:0', requires_grad=True)
Parameter containing:
tensor(-2.8554, device='cuda:0', requires_grad=True)
Parameter containing:
tensor(-2.8548, device='cuda:0', requires_grad=True)
Parameter containing:
tensor(-2.8541, device='cuda:0', requires_grad=True)
Parameter containing:
tensor(-2.8535, device='cuda:0', requires_grad=True)
Parameter containing:
tensor(-2.8528, device='cuda:0', requires_grad=True)
Parameter containing:
tensor(-2.8522, device='cuda:0', requires_grad=True)
Parameter containing:
tensor(-2.8515, device='cuda:0', requires_grad=True)
Parameter containing:
tensor(-2.8509, device='cuda:0', requires_grad=True)
Parameter containing:
tensor(-2.8502, device='cuda:0', requires_grad=True)
Parameter containing:
tensor(-2.8496, device='cuda:0', requires_grad=True)
Parameter containing:
tensor(-2.8489, device='cuda:0', requires_grad=True)
Parameter containing:
tensor(-2.8483, device='cuda:0', requires_grad=True)
Parameter containing:
tensor(-2.8476, device='cuda:0', requires_grad=True)
Parameter containing:
tensor(-2.8470, device='cuda:0', requires_grad=True)
Parameter containing:
tensor(-2.8463, device='cuda:0', requires_grad=True)
Parameter containing:
tensor(-2.8457, device='cuda:0', requires_grad=True)
Parameter containing:
tensor(-2.8450, device='cuda:0', requires_grad=True)
Parameter containing:
tensor(-2.8444, device='cuda:0', requires_grad=True)
Parameter containing:
tensor(-2.8437, device='cuda:0', requires_grad=True)
Parameter containing:
tensor(-2.8431, device='cuda:0', requires_grad=True)
Parameter containing:
tensor(-2.8425, device='cuda:0', requires_grad=True)
Parameter containing:
tensor(-2.8418, device='cuda:0', requires_grad=True)
Parameter containing:
tensor(-2.8412, device='cuda:0', requires_grad=True)
Parameter containing:
tensor(-2.8405, device='cuda:0', requires_grad=True)
Parameter containing:
tensor(-2.8399, device='cuda:0', requires_grad=True)
Parameter containing:
tensor(-2.8392, device='cuda:0', requires_grad=True)
Parameter containing:
tensor(-2.8386, device='cuda:0', requires_grad=True)
Parameter containing:
tensor(-2.8379, device='cuda:0', requires_grad=True)
Parameter containing:
tensor(-2.8373, device='cuda:0', requires_grad=True)
Parameter containing:
tensor(-2.8367, device='cuda:0', requires_grad=True)
Parameter containing:
tensor(-2.8360, device='cuda:0', requires_grad=True)
Parameter containing:
tensor(-2.8354, device='cuda:0', requires_grad=True)
Parameter containing:
tensor(-2.8348, device='cuda:0', requires_grad=True)
Parameter containing:
tensor(-2.8341, device='cuda:0', requires_grad=True)
Parameter containing:
tensor(-2.8335, device='cuda:0', requires_grad=True)
Parameter containing:
tensor(-2.8329, device='cuda:0', requires_grad=True)
Parameter containing:
tensor(-2.8323, device='cuda:0', requires_grad=True)
Parameter containing:
tensor(-2.8316, device='cuda:0', requires_grad=True)
Parameter containing:
tensor(-2.8310, device='cuda:0', requires_grad=True)
Parameter containing:
tensor(-2.8304, device='cuda:0', requires_grad=True)
Parameter containing:
tensor(-2.8298, device='cuda:0', requires_grad=True)
Parameter containing:
tensor(-2.8291, device='cuda:0', requires_grad=True)
Parameter containing:
tensor(-2.8285, device='cuda:0', requires_grad=True)
Parameter containing:
tensor(-2.8279, device='cuda:0', requires_grad=True)
Parameter containing:
tensor(-2.8273, device='cuda:0', requires_grad=True)
Parameter containing:
tensor(-2.8266, device='cuda:0', requires_grad=True)
Parameter containing:
tensor(-2.8260, device='cuda:0', requires_grad=True)
Parameter containing:
tensor(-2.8254, device='cuda:0', requires_grad=True)
Parameter containing:
tensor(-2.8248, device='cuda:0', requires_grad=True)
Parameter containing:
tensor(-2.8241, device='cuda:0', requires_grad=True)
Parameter containing:
tensor(-2.8235, device='cuda:0', requires_grad=True)
Parameter containing:
tensor(-2.8229, device='cuda:0', requires_grad=True)
Parameter containing:
tensor(-2.8223, device='cuda:0', requires_grad=True)
Parameter containing:
tensor(-2.8217, device='cuda:0', requires_grad=True)
Parameter containing:
tensor(-2.8210, device='cuda:0', requires_grad=True)
Parameter containing:
tensor(-2.8204, device='cuda:0', requires_grad=True)
Parameter containing:
tensor(-2.8198, device='cuda:0', requires_grad=True)
Parameter containing:
tensor(-2.8192, device='cuda:0', requires_grad=True)
Parameter containing:
tensor(-2.8186, device='cuda:0', requires_grad=True)
Parameter containing:
tensor(-2.8180, device='cuda:0', requires_grad=True)
Parameter containing:
tensor(-2.8174, device='cuda:0', requires_grad=True)
Parameter containing:
tensor(-2.8168, device='cuda:0', requires_grad=True)
Parameter containing:
tensor(-2.8162, device='cuda:0', requires_grad=True)
Parameter containing:
tensor(-2.8156, device='cuda:0', requires_grad=True)
Parameter containing:
tensor(-2.8150, device='cuda:0', requires_grad=True)
Parameter containing:
tensor(-2.8144, device='cuda:0', requires_grad=True)
Parameter containing:
tensor(-2.8138, device='cuda:0', requires_grad=True)
Parameter containing:
tensor(-2.8132, device='cuda:0', requires_grad=True)
Parameter containing:
tensor(-2.8126, device='cuda:0', requires_grad=True)
Parameter containing:
tensor(-2.8120, device='cuda:0', requires_grad=True)
Parameter containing:
tensor(-2.8114, device='cuda:0', requires_grad=True)
Parameter containing:
tensor(-2.8108, device='cuda:0', requires_grad=True)
Parameter containing:
tensor(-2.8102, device='cuda:0', requires_grad=True)
Parameter containing:
tensor(-2.8096, device='cuda:0', requires_grad=True)
Parameter containing:
tensor(-2.8090, device='cuda:0', requires_grad=True)
Parameter containing:
tensor(-2.8084, device='cuda:0', requires_grad=True)
Parameter containing:
tensor(-2.8078, device='cuda:0', requires_grad=True)
Parameter containing:
tensor(-2.8072, device='cuda:0', requires_grad=True)
Parameter containing:
tensor(-2.8066, device='cuda:0', requires_grad=True)
Parameter containing:
tensor(-2.8060, device='cuda:0', requires_grad=True)
Parameter containing:
tensor(-2.8054, device='cuda:0', requires_grad=True)
Parameter containing:
tensor(-2.8048, device='cuda:0', requires_grad=True)
Parameter containing:
tensor(-2.8042, device='cuda:0', requires_grad=True)
Parameter containing:
tensor(-2.8036, device='cuda:0', requires_grad=True)
Parameter containing:
tensor(-2.8030, device='cuda:0', requires_grad=True)
Parameter containing:
tensor(-2.8024, device='cuda:0', requires_grad=True)
Parameter containing:
tensor(-2.8018, device='cuda:0', requires_grad=True)
Parameter containing:
tensor(-2.8013, device='cuda:0', requires_grad=True)
Parameter containing:
tensor(-2.8007, device='cuda:0', requires_grad=True)
Parameter containing:
tensor(-2.8001, device='cuda:0', requires_grad=True)
Parameter containing:
tensor(-2.7995, device='cuda:0', requires_grad=True)
Parameter containing:
tensor(-2.7989, device='cuda:0', requires_grad=True)
Parameter containing:
tensor(-2.7983, device='cuda:0', requires_grad=True)
Parameter containing:
tensor(-2.7977, device='cuda:0', requires_grad=True)
Parameter containing:
tensor(-2.7972, device='cuda:0', requires_grad=True)
Parameter containing:
tensor(-2.7966, device='cuda:0', requires_grad=True)
Parameter containing:
tensor(-2.7960, device='cuda:0', requires_grad=True)
Parameter containing:
tensor(-2.7954, device='cuda:0', requires_grad=True)
Parameter containing:
tensor(-2.7949, device='cuda:0', requires_grad=True)
Parameter containing:
tensor(-2.7943, device='cuda:0', requires_grad=True)
Parameter containing:
tensor(-2.7937, device='cuda:0', requires_grad=True)
Parameter containing:
tensor(-2.7932, device='cuda:0', requires_grad=True)
Parameter containing:
tensor(-2.7926, device='cuda:0', requires_grad=True)
Parameter containing:
tensor(-2.7920, device='cuda:0', requires_grad=True)
Parameter containing:
tensor(-2.7915, device='cuda:0', requires_grad=True)
Parameter containing:
tensor(-2.7909, device='cuda:0', requires_grad=True)
Parameter containing:
tensor(-2.7903, device='cuda:0', requires_grad=True)
Parameter containing:
tensor(-2.7898, device='cuda:0', requires_grad=True)
Parameter containing:
tensor(-2.7892, device='cuda:0', requires_grad=True)
Parameter containing:
tensor(-2.7886, device='cuda:0', requires_grad=True)
Parameter containing:
tensor(-2.7880, device='cuda:0', requires_grad=True)
Parameter containing:
tensor(-2.7875, device='cuda:0', requires_grad=True)
Parameter containing:
tensor(-2.7869, device='cuda:0', requires_grad=True)
Parameter containing:
tensor(-2.7864, device='cuda:0', requires_grad=True)
Parameter containing:
tensor(-2.7858, device='cuda:0', requires_grad=True)
Parameter containing:
tensor(-2.7852, device='cuda:0', requires_grad=True)
Parameter containing:
tensor(-2.7847, device='cuda:0', requires_grad=True)
Parameter containing:
tensor(-2.7841, device='cuda:0', requires_grad=True)
Parameter containing:
tensor(-2.7835, device='cuda:0', requires_grad=True)
Parameter containing:
tensor(-2.7829, device='cuda:0', requires_grad=True)
Parameter containing:
tensor(-2.7823, device='cuda:0', requires_grad=True)
Parameter containing:
tensor(-2.7817, device='cuda:0', requires_grad=True)
Parameter containing:
tensor(-2.7812, device='cuda:0', requires_grad=True)
Parameter containing:
tensor(-2.7806, device='cuda:0', requires_grad=True)
Parameter containing:
tensor(-2.7800, device='cuda:0', requires_grad=True)
Parameter containing:
tensor(-2.7795, device='cuda:0', requires_grad=True)
Parameter containing:
tensor(-2.7789, device='cuda:0', requires_grad=True)
Parameter containing:
tensor(-2.7784, device='cuda:0', requires_grad=True)
Parameter containing:
tensor(-2.7778, device='cuda:0', requires_grad=True)
Parameter containing:
tensor(-2.7773, device='cuda:0', requires_grad=True)
Parameter containing:
tensor(-2.7768, device='cuda:0', requires_grad=True)
Parameter containing:
tensor(-2.7762, device='cuda:0', requires_grad=True)
Parameter containing:
tensor(-2.7757, device='cuda:0', requires_grad=True)
Parameter containing:
tensor(-2.7752, device='cuda:0', requires_grad=True)
Parameter containing:
tensor(-2.7747, device='cuda:0', requires_grad=True)
Parameter containing:
tensor(-2.7742, device='cuda:0', requires_grad=True)
Parameter containing:
tensor(-2.7736, device='cuda:0', requires_grad=True)
Parameter containing:
tensor(-2.7731, device='cuda:0', requires_grad=True)
Parameter containing:
tensor(-2.7726, device='cuda:0', requires_grad=True)
Parameter containing:
tensor(-2.7721, device='cuda:0', requires_grad=True)
Parameter containing:
tensor(-2.7716, device='cuda:0', requires_grad=True)
Parameter containing:
tensor(-2.7711, device='cuda:0', requires_grad=True)
Parameter containing:
tensor(-2.7706, device='cuda:0', requires_grad=True)
Parameter containing:
tensor(-2.7701, device='cuda:0', requires_grad=True)
Parameter containing:
tensor(-2.7695, device='cuda:0', requires_grad=True)
Parameter containing:
tensor(-2.7690, device='cuda:0', requires_grad=True)
Parameter containing:
tensor(-2.7685, device='cuda:0', requires_grad=True)
Parameter containing:
tensor(-2.7680, device='cuda:0', requires_grad=True)
Parameter containing:
tensor(-2.7675, device='cuda:0', requires_grad=True)
Parameter containing:
tensor(-2.7670, device='cuda:0', requires_grad=True)
Parameter containing:
tensor(-2.7666, device='cuda:0', requires_grad=True)
Parameter containing:
tensor(-2.7661, device='cuda:0', requires_grad=True)
Parameter containing:
tensor(-2.7656, device='cuda:0', requires_grad=True)
Parameter containing:
tensor(-2.7651, device='cuda:0', requires_grad=True)
Parameter containing:
tensor(-2.7645, device='cuda:0', requires_grad=True)
Parameter containing:
tensor(-2.7640, device='cuda:0', requires_grad=True)
Parameter containing:
tensor(-2.7635, device='cuda:0', requires_grad=True)
Parameter containing:
tensor(-2.7630, device='cuda:0', requires_grad=True)
Parameter containing:
tensor(-2.7625, device='cuda:0', requires_grad=True)
Parameter containing:
tensor(-2.7620, device='cuda:0', requires_grad=True)
Parameter containing:
tensor(-2.7614, device='cuda:0', requires_grad=True)
Parameter containing:
tensor(-2.7609, device='cuda:0', requires_grad=True)
Parameter containing:
tensor(-2.7604, device='cuda:0', requires_grad=True)
Parameter containing:
tensor(-2.7598, device='cuda:0', requires_grad=True)
Parameter containing:
tensor(-2.7593, device='cuda:0', requires_grad=True)
Parameter containing:
tensor(-2.7587, device='cuda:0', requires_grad=True)
Parameter containing:
tensor(-2.7582, device='cuda:0', requires_grad=True)
Parameter containing:
tensor(-2.7577, device='cuda:0', requires_grad=True)
Parameter containing:
tensor(-2.7571, device='cuda:0', requires_grad=True)
Parameter containing:
tensor(-2.7566, device='cuda:0', requires_grad=True)
Parameter containing:
tensor(-2.7561, device='cuda:0', requires_grad=True)
Parameter containing:
tensor(-2.7555, device='cuda:0', requires_grad=True)
Parameter containing:
tensor(-2.7550, device='cuda:0', requires_grad=True)
Parameter containing:
tensor(-2.7545, device='cuda:0', requires_grad=True)
Parameter containing:
tensor(-2.7540, device='cuda:0', requires_grad=True)
Parameter containing:
tensor(-2.7534, device='cuda:0', requires_grad=True)
Parameter containing:
tensor(-2.7529, device='cuda:0', requires_grad=True)
Parameter containing:
tensor(-2.7524, device='cuda:0', requires_grad=True)
Parameter containing:
tensor(-2.7519, device='cuda:0', requires_grad=True)
Parameter containing:
tensor(-2.7514, device='cuda:0', requires_grad=True)
Parameter containing:
tensor(-2.7509, device='cuda:0', requires_grad=True)
Parameter containing:
tensor(-2.7504, device='cuda:0', requires_grad=True)
Parameter containing:
tensor(-2.7499, device='cuda:0', requires_grad=True)
Parameter containing:
tensor(-2.7493, device='cuda:0', requires_grad=True)
Parameter containing:
tensor(-2.7488, device='cuda:0', requires_grad=True)
Parameter containing:
tensor(-2.7483, device='cuda:0', requires_grad=True)
Parameter containing:
tensor(-2.7478, device='cuda:0', requires_grad=True)
Parameter containing:
tensor(-2.7473, device='cuda:0', requires_grad=True)
Parameter containing:
tensor(-2.7467, device='cuda:0', requires_grad=True)
Parameter containing:
tensor(-2.7462, device='cuda:0', requires_grad=True)
Parameter containing:
tensor(-2.7457, device='cuda:0', requires_grad=True)
Parameter containing:
tensor(-2.7452, device='cuda:0', requires_grad=True)
Parameter containing:
tensor(-2.7447, device='cuda:0', requires_grad=True)
Parameter containing:
tensor(-2.7441, device='cuda:0', requires_grad=True)
Parameter containing:
tensor(-2.7436, device='cuda:0', requires_grad=True)
Parameter containing:
tensor(-2.7431, device='cuda:0', requires_grad=True)
Parameter containing:
tensor(-2.7426, device='cuda:0', requires_grad=True)
Parameter containing:
tensor(-2.7421, device='cuda:0', requires_grad=True)
Parameter containing:
tensor(-2.7416, device='cuda:0', requires_grad=True)
Parameter containing:
tensor(-2.7411, device='cuda:0', requires_grad=True)
Parameter containing:
tensor(-2.7406, device='cuda:0', requires_grad=True)
Parameter containing:
tensor(-2.7401, device='cuda:0', requires_grad=True)
Parameter containing:
tensor(-2.7396, device='cuda:0', requires_grad=True)
Parameter containing:
tensor(-2.7391, device='cuda:0', requires_grad=True)
Parameter containing:
tensor(-2.7386, device='cuda:0', requires_grad=True)
Parameter containing:
tensor(-2.7381, device='cuda:0', requires_grad=True)
Parameter containing:
tensor(-2.7376, device='cuda:0', requires_grad=True)
Parameter containing:
tensor(-2.7371, device='cuda:0', requires_grad=True)
Parameter containing:
tensor(-2.7365, device='cuda:0', requires_grad=True)
Parameter containing:
tensor(-2.7360, device='cuda:0', requires_grad=True)
Parameter containing:
tensor(-2.7355, device='cuda:0', requires_grad=True)
Parameter containing:
tensor(-2.7350, device='cuda:0', requires_grad=True)
Parameter containing:
tensor(-2.7345, device='cuda:0', requires_grad=True)
Parameter containing:
tensor(-2.7340, device='cuda:0', requires_grad=True)
Parameter containing:
tensor(-2.7335, device='cuda:0', requires_grad=True)
Parameter containing:
tensor(-2.7330, device='cuda:0', requires_grad=True)
Parameter containing:
tensor(-2.7326, device='cuda:0', requires_grad=True)
Parameter containing:
tensor(-2.7321, device='cuda:0', requires_grad=True)
Parameter containing:
tensor(-2.7316, device='cuda:0', requires_grad=True)
Parameter containing:
tensor(-2.7311, device='cuda:0', requires_grad=True)
Parameter containing:
tensor(-2.7306, device='cuda:0', requires_grad=True)
Parameter containing:
tensor(-2.7301, device='cuda:0', requires_grad=True)
Parameter containing:
tensor(-2.7297, device='cuda:0', requires_grad=True)
Parameter containing:
tensor(-2.7292, device='cuda:0', requires_grad=True)
Parameter containing:
tensor(-2.7287, device='cuda:0', requires_grad=True)
Parameter containing:
tensor(-2.7282, device='cuda:0', requires_grad=True)
Parameter containing:
tensor(-2.7277, device='cuda:0', requires_grad=True)
Parameter containing:
tensor(-2.7272, device='cuda:0', requires_grad=True)
Parameter containing:
tensor(-2.7267, device='cuda:0', requires_grad=True)
Parameter containing:
tensor(-2.7262, device='cuda:0', requires_grad=True)
Parameter containing:
tensor(-2.7257, device='cuda:0', requires_grad=True)
Parameter containing:
tensor(-2.7252, device='cuda:0', requires_grad=True)
Parameter containing:
tensor(-2.7246, device='cuda:0', requires_grad=True)
Parameter containing:
tensor(-2.7241, device='cuda:0', requires_grad=True)
Parameter containing:
tensor(-2.7236, device='cuda:0', requires_grad=True)
Parameter containing:
tensor(-2.7231, device='cuda:0', requires_grad=True)
Parameter containing:
tensor(-2.7226, device='cuda:0', requires_grad=True)
Parameter containing:
tensor(-2.7222, device='cuda:0', requires_grad=True)
Parameter containing:
tensor(-2.7217, device='cuda:0', requires_grad=True)
Parameter containing:
tensor(-2.7212, device='cuda:0', requires_grad=True)
Parameter containing:
tensor(-2.7208, device='cuda:0', requires_grad=True)
Parameter containing:
tensor(-2.7203, device='cuda:0', requires_grad=True)
Parameter containing:
tensor(-2.7199, device='cuda:0', requires_grad=True)
Parameter containing:
tensor(-2.7194, device='cuda:0', requires_grad=True)
Parameter containing:
tensor(-2.7189, device='cuda:0', requires_grad=True)
Parameter containing:
tensor(-2.7185, device='cuda:0', requires_grad=True)
Parameter containing:
tensor(-2.7180, device='cuda:0', requires_grad=True)
Parameter containing:
tensor(-2.7176, device='cuda:0', requires_grad=True)
Parameter containing:
tensor(-2.7171, device='cuda:0', requires_grad=True)
Parameter containing:
tensor(-2.7167, device='cuda:0', requires_grad=True)
Parameter containing:
tensor(-2.7162, device='cuda:0', requires_grad=True)
Parameter containing:
tensor(-2.7158, device='cuda:0', requires_grad=True)
Parameter containing:
tensor(-2.7153, device='cuda:0', requires_grad=True)
Parameter containing:
tensor(-2.7149, device='cuda:0', requires_grad=True)
Parameter containing:
tensor(-2.7144, device='cuda:0', requires_grad=True)
Parameter containing:
tensor(-2.7140, device='cuda:0', requires_grad=True)
Parameter containing:
tensor(-2.7135, device='cuda:0', requires_grad=True)
Parameter containing:
tensor(-2.7130, device='cuda:0', requires_grad=True)
Parameter containing:
tensor(-2.7125, device='cuda:0', requires_grad=True)
Parameter containing:
tensor(-2.7121, device='cuda:0', requires_grad=True)
Parameter containing:
tensor(-2.7116, device='cuda:0', requires_grad=True)
Parameter containing:
tensor(-2.7111, device='cuda:0', requires_grad=True)
Parameter containing:
tensor(-2.7107, device='cuda:0', requires_grad=True)
Parameter containing:
tensor(-2.7102, device='cuda:0', requires_grad=True)
Parameter containing:
tensor(-2.7098, device='cuda:0', requires_grad=True)
Parameter containing:
tensor(-2.7093, device='cuda:0', requires_grad=True)
Parameter containing:
tensor(-2.7089, device='cuda:0', requires_grad=True)
Parameter containing:
tensor(-2.7084, device='cuda:0', requires_grad=True)
Parameter containing:
tensor(-2.7079, device='cuda:0', requires_grad=True)
Parameter containing:
tensor(-2.7074, device='cuda:0', requires_grad=True)
Parameter containing:
tensor(-2.7069, device='cuda:0', requires_grad=True)
Parameter containing:
tensor(-2.7064, device='cuda:0', requires_grad=True)
Parameter containing:
tensor(-2.7059, device='cuda:0', requires_grad=True)
Parameter containing:
tensor(-2.7054, device='cuda:0', requires_grad=True)
Parameter containing:
tensor(-2.7049, device='cuda:0', requires_grad=True)
Parameter containing:
tensor(-2.7044, device='cuda:0', requires_grad=True)
Parameter containing:
tensor(-2.7039, device='cuda:0', requires_grad=True)
Parameter containing:
tensor(-2.7035, device='cuda:0', requires_grad=True)
Parameter containing:
tensor(-2.7031, device='cuda:0', requires_grad=True)
Parameter containing:
tensor(-2.7026, device='cuda:0', requires_grad=True)
Parameter containing:
tensor(-2.7022, device='cuda:0', requires_grad=True)
Parameter containing:
tensor(-2.7018, device='cuda:0', requires_grad=True)
Parameter containing:
tensor(-2.7014, device='cuda:0', requires_grad=True)
Parameter containing:
tensor(-2.7010, device='cuda:0', requires_grad=True)
Parameter containing:
tensor(-2.7005, device='cuda:0', requires_grad=True)
Parameter containing:
tensor(-2.7001, device='cuda:0', requires_grad=True)
Parameter containing:
tensor(-2.6997, device='cuda:0', requires_grad=True)
Parameter containing:
tensor(-2.6993, device='cuda:0', requires_grad=True)
Parameter containing:
tensor(-2.6989, device='cuda:0', requires_grad=True)
Parameter containing:
tensor(-2.6985, device='cuda:0', requires_grad=True)
Parameter containing:
tensor(-2.6981, device='cuda:0', requires_grad=True)
Parameter containing:
tensor(-2.6977, device='cuda:0', requires_grad=True)
Parameter containing:
tensor(-2.6973, device='cuda:0', requires_grad=True)
Parameter containing:
tensor(-2.6970, device='cuda:0', requires_grad=True)
Parameter containing:
tensor(-2.6966, device='cuda:0', requires_grad=True)
Parameter containing:
tensor(-2.6962, device='cuda:0', requires_grad=True)
Parameter containing:
tensor(-2.6958, device='cuda:0', requires_grad=True)
Parameter containing:
tensor(-2.6954, device='cuda:0', requires_grad=True)
Parameter containing:
tensor(-2.6950, device='cuda:0', requires_grad=True)
Parameter containing:
tensor(-2.6946, device='cuda:0', requires_grad=True)
Parameter containing:
tensor(-2.6942, device='cuda:0', requires_grad=True)
Parameter containing:
tensor(-2.6938, device='cuda:0', requires_grad=True)
Parameter containing:
tensor(-2.6935, device='cuda:0', requires_grad=True)
Parameter containing:
tensor(-2.6931, device='cuda:0', requires_grad=True)


PS:

Read file <14836067.stderr> for stderr output of this job.

