Sender: LSF System <lsfadmin@lt20>
Subject: Job 15330721: <active-supervised> in cluster <lila> Exited

Job <active-supervised> was submitted from host <lilac> by user <nguyenm5> in cluster <lila> at Mon Jul 13 22:52:18 2020
Job was executed on host(s) <12*lt20>, in queue <gpuqueue>, as user <nguyenm5> in cluster <lila> at Mon Jul 13 22:52:19 2020
</home/nguyenm5> was used as the home directory.
</home/nguyenm5/coding/pinot> was used as the working directory.
Started at Mon Jul 13 22:52:19 2020
Terminated at Mon Jul 13 22:52:38 2020
Results reported at Mon Jul 13 22:52:38 2020

Your job looked like:

------------------------------------------------------------
# LSBATCH: User input
/home/nguyenm5/anaconda3/envs/pinot/bin/python scripts/active/plotting_active.py --net ExactGaussianProcessRegressor --num_rounds 4 --num_trials 1 --num_epoch 750 --data moonshot --q 96 --acquisition ProbabilityOfImprovement --output_folder /home/nguyenm5/coding/pinot/jul-14/active-supervised --index 5
------------------------------------------------------------

TERM_OWNER: job killed by owner.
Exited with exit code 130.

Resource usage summary:

    CPU time :                                   13.76 sec.
    Max Memory :                                 2 GB
    Average Memory :                             1.17 GB
    Total Requested Memory :                     192.00 GB
    Delta Memory :                               190.00 GB
    Max Swap :                                   -
    Max Processes :                              3
    Max Threads :                                9
    Run time :                                   19 sec.
    Turnaround time :                            20 sec.

The output (if any) follows:

0


PS:

Read file </home/nguyenm5/coding/pinot/jul-14/active-supervised/ProbabilityOfImprovement.stderr> for stderr output of this job.

Sender: LSF System <lsfadmin@lt20>
Subject: Job 15330720: <active-supervised> in cluster <lila> Exited

Job <active-supervised> was submitted from host <lilac> by user <nguyenm5> in cluster <lila> at Mon Jul 13 22:52:18 2020
Job was executed on host(s) <12*lt20>, in queue <gpuqueue>, as user <nguyenm5> in cluster <lila> at Mon Jul 13 22:52:19 2020
</home/nguyenm5> was used as the home directory.
</home/nguyenm5/coding/pinot> was used as the working directory.
Started at Mon Jul 13 22:52:19 2020
Terminated at Mon Jul 13 22:52:40 2020
Results reported at Mon Jul 13 22:52:40 2020

Your job looked like:

------------------------------------------------------------
# LSBATCH: User input
/home/nguyenm5/anaconda3/envs/pinot/bin/python scripts/active/plotting_active.py --net ExactGaussianProcessRegressor --num_rounds 4 --num_trials 1 --num_epoch 750 --data moonshot --q 96 --acquisition ProbabilityOfImprovement --output_folder /home/nguyenm5/coding/pinot/jul-14/active-supervised --index 4
------------------------------------------------------------

TERM_OWNER: job killed by owner.
Exited with exit code 130.

Resource usage summary:

    CPU time :                                   13.99 sec.
    Max Memory :                                 2 GB
    Average Memory :                             0.83 GB
    Total Requested Memory :                     192.00 GB
    Delta Memory :                               190.00 GB
    Max Swap :                                   -
    Max Processes :                              3
    Max Threads :                                9
    Run time :                                   19 sec.
    Turnaround time :                            22 sec.

The output (if any) follows:

0


PS:

Read file </home/nguyenm5/coding/pinot/jul-14/active-supervised/ProbabilityOfImprovement.stderr> for stderr output of this job.

Sender: LSF System <lsfadmin@ls18>
Subject: Job 15330719: <active-supervised> in cluster <lila> Exited

Job <active-supervised> was submitted from host <lilac> by user <nguyenm5> in cluster <lila> at Mon Jul 13 22:52:18 2020
Job was executed on host(s) <12*ls18>, in queue <gpuqueue>, as user <nguyenm5> in cluster <lila> at Mon Jul 13 22:52:19 2020
</home/nguyenm5> was used as the home directory.
</home/nguyenm5/coding/pinot> was used as the working directory.
Started at Mon Jul 13 22:52:19 2020
Terminated at Mon Jul 13 22:52:41 2020
Results reported at Mon Jul 13 22:52:41 2020

Your job looked like:

------------------------------------------------------------
# LSBATCH: User input
/home/nguyenm5/anaconda3/envs/pinot/bin/python scripts/active/plotting_active.py --net ExactGaussianProcessRegressor --num_rounds 4 --num_trials 1 --num_epoch 750 --data moonshot --q 96 --acquisition ProbabilityOfImprovement --output_folder /home/nguyenm5/coding/pinot/jul-14/active-supervised --index 3
------------------------------------------------------------

TERM_OWNER: job killed by owner.
Exited with exit code 130.

Resource usage summary:

    CPU time :                                   7.24 sec.
    Max Memory :                                 1 GB
    Average Memory :                             0.23 GB
    Total Requested Memory :                     192.00 GB
    Delta Memory :                               191.00 GB
    Max Swap :                                   -
    Max Processes :                              3
    Max Threads :                                7
    Run time :                                   24 sec.
    Turnaround time :                            23 sec.

The output (if any) follows:



PS:

Read file </home/nguyenm5/coding/pinot/jul-14/active-supervised/ProbabilityOfImprovement.stderr> for stderr output of this job.

Sender: LSF System <lsfadmin@lt08>
Subject: Job 15330717: <active-supervised> in cluster <lila> Exited

Job <active-supervised> was submitted from host <lilac> by user <nguyenm5> in cluster <lila> at Mon Jul 13 22:52:18 2020
Job was executed on host(s) <12*lt08>, in queue <gpuqueue>, as user <nguyenm5> in cluster <lila> at Mon Jul 13 22:52:18 2020
</home/nguyenm5> was used as the home directory.
</home/nguyenm5/coding/pinot> was used as the working directory.
Started at Mon Jul 13 22:52:18 2020
Terminated at Mon Jul 13 22:52:41 2020
Results reported at Mon Jul 13 22:52:41 2020

Your job looked like:

------------------------------------------------------------
# LSBATCH: User input
/home/nguyenm5/anaconda3/envs/pinot/bin/python scripts/active/plotting_active.py --net ExactGaussianProcessRegressor --num_rounds 4 --num_trials 1 --num_epoch 750 --data moonshot --q 96 --acquisition ProbabilityOfImprovement --output_folder /home/nguyenm5/coding/pinot/jul-14/active-supervised --index 1
------------------------------------------------------------

TERM_OWNER: job killed by owner.
Exited with exit code 130.

Resource usage summary:

    CPU time :                                   6.97 sec.
    Max Memory :                                 -
    Average Memory :                             -
    Total Requested Memory :                     192.00 GB
    Delta Memory :                               -
    Max Swap :                                   -
    Max Processes :                              3
    Max Threads :                                7
    Run time :                                   23 sec.
    Turnaround time :                            23 sec.

The output (if any) follows:



PS:

Read file </home/nguyenm5/coding/pinot/jul-14/active-supervised/ProbabilityOfImprovement.stderr> for stderr output of this job.

Sender: LSF System <lsfadmin@ls18>
Subject: Job 15330718: <active-supervised> in cluster <lila> Exited

Job <active-supervised> was submitted from host <lilac> by user <nguyenm5> in cluster <lila> at Mon Jul 13 22:52:18 2020
Job was executed on host(s) <12*ls18>, in queue <gpuqueue>, as user <nguyenm5> in cluster <lila> at Mon Jul 13 22:52:18 2020
</home/nguyenm5> was used as the home directory.
</home/nguyenm5/coding/pinot> was used as the working directory.
Started at Mon Jul 13 22:52:18 2020
Terminated at Mon Jul 13 22:52:42 2020
Results reported at Mon Jul 13 22:52:42 2020

Your job looked like:

------------------------------------------------------------
# LSBATCH: User input
/home/nguyenm5/anaconda3/envs/pinot/bin/python scripts/active/plotting_active.py --net ExactGaussianProcessRegressor --num_rounds 4 --num_trials 1 --num_epoch 750 --data moonshot --q 96 --acquisition ProbabilityOfImprovement --output_folder /home/nguyenm5/coding/pinot/jul-14/active-supervised --index 2
------------------------------------------------------------

TERM_OWNER: job killed by owner.
Exited with exit code 130.

Resource usage summary:

    CPU time :                                   7.34 sec.
    Max Memory :                                 1 GB
    Average Memory :                             0.07 GB
    Total Requested Memory :                     192.00 GB
    Delta Memory :                               191.00 GB
    Max Swap :                                   -
    Max Processes :                              3
    Max Threads :                                7
    Run time :                                   24 sec.
    Turnaround time :                            24 sec.

The output (if any) follows:



PS:

Read file </home/nguyenm5/coding/pinot/jul-14/active-supervised/ProbabilityOfImprovement.stderr> for stderr output of this job.

Sender: LSF System <lsfadmin@lt01>
Subject: Job 15330929: <active-supervised> in cluster <lila> Done

Job <active-supervised> was submitted from host <lilac> by user <nguyenm5> in cluster <lila> at Mon Jul 13 23:26:12 2020
Job was executed on host(s) <12*lt01>, in queue <gpuqueue>, as user <nguyenm5> in cluster <lila> at Mon Jul 13 23:26:13 2020
</home/nguyenm5> was used as the home directory.
</home/nguyenm5/coding/pinot> was used as the working directory.
Started at Mon Jul 13 23:26:13 2020
Terminated at Mon Jul 13 23:26:39 2020
Results reported at Mon Jul 13 23:26:39 2020

Your job looked like:

------------------------------------------------------------
# LSBATCH: User input
/home/nguyenm5/anaconda3/envs/pinot/bin/python scripts/active/plotting_active.py --net ExactGaussianProcessRegressor --num_rounds 4 --num_trials 1 --num_epoch 750 --data moonshot --q 96 --acquisition ProbabilityOfImprovement --output_folder /home/nguyenm5/coding/pinot/jul-14/active-supervised --index 2
------------------------------------------------------------

Successfully completed.

Resource usage summary:

    CPU time :                                   28.27 sec.
    Max Memory :                                 2 GB
    Average Memory :                             1.53 GB
    Total Requested Memory :                     192.00 GB
    Delta Memory :                               190.00 GB
    Max Swap :                                   -
    Max Processes :                              3
    Max Threads :                                20
    Run time :                                   27 sec.
    Turnaround time :                            27 sec.

The output (if any) follows:

0
scores from acquisition: probability_of_improvement
tensor([0.4939, 0.4964, 0.4933, 0.4959, 0.4944, 0.4942, 0.4955, 0.4964, 0.4970,
        0.4937, 0.4970, 0.4933, 0.4969, 0.4942, 0.4933, 0.4951, 0.4969, 0.4946,
        0.4942, 0.4933, 0.4943, 0.4938, 0.4944, 0.4945, 0.4955, 0.4935, 0.4956,
        0.4956, 0.4933, 0.4935, 0.4934, 0.4934, 0.4973, 0.4933, 0.4953, 0.4977,
        0.4934, 0.4957, 0.4941, 0.4974, 0.4935, 0.4935, 0.4932, 0.4946, 0.4934,
        0.4943, 0.4960, 0.4936, 0.4941, 0.4961, 0.4975, 0.4946, 0.4937, 0.4950,
        0.4936, 0.4936, 0.4955, 0.4958, 0.4944, 0.4938, 0.4956, 0.4978, 0.4944,
        0.4973, 0.4960, 0.4934, 0.4934, 0.4954, 0.4974, 0.4962, 0.4977, 0.4942,
        0.4973, 0.4943, 0.4956, 0.4942, 0.4968, 0.4938, 0.4957, 0.4970, 0.4958,
        0.4940, 0.4943, 0.4952, 0.4969, 0.4956, 0.4957, 0.4932, 0.4934, 0.4937,
        0.4941, 0.4936, 0.4933, 0.4934, 0.4941, 0.4954, 0.4940, 0.4936, 0.4939,
        0.4973, 0.4945, 0.4929, 0.4968, 0.4926, 0.4936, 0.4952, 0.4935, 0.4964,
        0.4933, 0.4962, 0.4962, 0.4963, 0.4964, 0.4973, 0.4933, 0.4947, 0.4968,
        0.4934, 0.4942, 0.4947, 0.4934, 0.4971, 0.4936, 0.4929, 0.4954, 0.4934,
        0.4934, 0.4938, 0.4963, 0.4945, 0.4940, 0.4938, 0.4934, 0.4944, 0.4960,
        0.4978, 0.4973, 0.4948, 0.4938, 0.4973, 0.4978, 0.4945, 0.4944, 0.4956,
        0.4960, 0.4935, 0.4948, 0.4939, 0.4968, 0.4949, 0.4939, 0.4948, 0.4960,
        0.4960, 0.4940, 0.4971, 0.4940, 0.4950, 0.4954, 0.4941, 0.4938, 0.4946,
        0.4939, 0.4976, 0.4941, 0.4931, 0.4973, 0.4940, 0.4947, 0.4947, 0.4970,
        0.4952, 0.4964, 0.4964, 0.4958, 0.4942, 0.4962, 0.4955, 0.4949, 0.4973,
        0.4935, 0.4941, 0.4935, 0.4958, 0.4924, 0.4952, 0.4962, 0.4962, 0.4935,
        0.4936, 0.4973, 0.4930, 0.4953, 0.4967, 0.4952, 0.4938, 0.4954, 0.4945,
        0.4962, 0.4947, 0.4933, 0.4970, 0.4970, 0.4936, 0.4962, 0.4935, 0.4935,
        0.4960, 0.4949, 0.4965, 0.4955, 0.4946, 0.4946, 0.4971, 0.4948, 0.4937,
        0.4923, 0.4963, 0.4955, 0.4935, 0.4977, 0.4943, 0.4939, 0.4941, 0.4975,
        0.4940, 0.4964, 0.4964, 0.4956, 0.4932, 0.4965, 0.4958, 0.4934, 0.4947,
        0.4947, 0.4955, 0.4939, 0.4934, 0.4955, 0.4946, 0.4968, 0.4943, 0.4934,
        0.4961, 0.4945, 0.4934, 0.4974, 0.4943, 0.4955, 0.4951, 0.4964, 0.4974,
        0.4980, 0.4947, 0.4933, 0.4936, 0.4963, 0.4961, 0.4977, 0.4961, 0.4946,
        0.4932, 0.4943, 0.4952, 0.4935, 0.4956, 0.4957, 0.4971, 0.4954, 0.4944,
        0.4942, 0.4974, 0.4967, 0.4945, 0.4938, 0.4973, 0.4936, 0.4947, 0.4956,
        0.4936, 0.4933, 0.4970, 0.4962, 0.4939, 0.4934, 0.4977, 0.4944, 0.4948,
        0.4951, 0.4967, 0.4958, 0.4941, 0.4944, 0.4981, 0.4964, 0.4941, 0.4975,
        0.4958, 0.4958, 0.4942, 0.4947, 0.4962, 0.4940, 0.4943, 0.4933, 0.4969,
        0.4939, 0.4936, 0.4950, 0.4971, 0.4942, 0.4936, 0.4944, 0.4941, 0.4932,
        0.4965, 0.4972, 0.4933, 0.4978, 0.4968, 0.4944, 0.4957, 0.4940, 0.4957,
        0.4942, 0.4978, 0.4958, 0.4946, 0.4945, 0.4936, 0.4956, 0.4941, 0.4963,
        0.4965, 0.4948, 0.4961, 0.4952, 0.4949, 0.4940, 0.4976, 0.4936, 0.4953,
        0.4934, 0.4971, 0.4956, 0.4961, 0.4957, 0.4945, 0.4951, 0.4933, 0.4942,
        0.4936, 0.4975, 0.4958, 0.4934, 0.4939, 0.4939, 0.4951, 0.4956, 0.4965,
        0.4973, 0.4938, 0.4959, 0.4976, 0.4972, 0.4952, 0.4951, 0.4937, 0.4942,
        0.4948, 0.4957, 0.4934, 0.4942], device='cuda:0',
       grad_fn=<RsubBackward1>)
scores from acquisition: probability_of_improvement
tensor([7.6056e-05, 1.0793e-02, 3.4115e-02, 8.4322e-02, 9.8610e-04, 2.9266e-04,
        9.4414e-03, 5.7220e-06, 5.6022e-04, 2.3139e-02, 4.6524e-03, 0.0000e+00,
        0.0000e+00, 0.0000e+00, 0.0000e+00, 0.0000e+00, 7.5249e-02, 3.8147e-06,
        0.0000e+00, 5.3644e-07, 0.0000e+00, 0.0000e+00, 1.3298e-03, 4.5300e-06,
        3.9549e-03, 8.7250e-03, 3.5763e-07, 7.7486e-06, 3.2282e-04, 2.7418e-06,
        3.4958e-04, 3.3271e-04, 8.5771e-05, 1.9789e-05, 1.1921e-07, 2.1265e-03,
        0.0000e+00, 5.9605e-08, 0.0000e+00, 0.0000e+00, 0.0000e+00, 1.3548e-03,
        0.0000e+00, 1.3154e-01, 1.9583e-03, 2.5469e-04, 0.0000e+00, 0.0000e+00,
        3.6883e-03, 6.5565e-07, 0.0000e+00, 1.9206e-03, 2.1045e-03, 5.3644e-07,
        0.0000e+00, 3.0994e-06, 0.0000e+00, 4.1723e-06, 0.0000e+00, 4.2915e-06,
        0.0000e+00, 3.8147e-06, 6.6310e-04, 0.0000e+00, 6.9880e-04, 1.7881e-07,
        0.0000e+00, 2.8877e-02, 0.0000e+00, 7.1526e-07, 5.9605e-08, 0.0000e+00,
        0.0000e+00, 1.5752e-02, 0.0000e+00, 1.6289e-03, 2.2107e-01, 0.0000e+00,
        7.4807e-03, 7.1633e-04, 0.0000e+00, 1.5152e-04, 2.8195e-01, 0.0000e+00,
        5.9605e-07, 1.9632e-02, 1.3008e-03, 0.0000e+00, 0.0000e+00, 3.0236e-03,
        9.2983e-05, 1.0348e-02, 0.0000e+00, 1.5057e-03, 5.1439e-05, 3.2783e-06,
        6.2582e-03, 3.1852e-03, 1.8042e-01, 1.2830e-01, 6.1226e-02, 0.0000e+00,
        2.0489e-02, 7.4472e-03, 0.0000e+00, 0.0000e+00, 1.3298e-04, 0.0000e+00,
        1.2755e-05, 0.0000e+00, 0.0000e+00, 2.9210e-02, 0.0000e+00, 0.0000e+00,
        2.7061e-05, 5.8404e-03, 9.6144e-03, 1.5361e-01, 0.0000e+00, 9.4348e-04,
        0.0000e+00, 4.2915e-06, 1.5854e-02, 5.7837e-02, 7.2718e-06, 1.1100e-03,
        0.0000e+00, 0.0000e+00, 1.5113e-01, 0.0000e+00, 1.9069e-01, 8.9407e-07,
        0.0000e+00, 0.0000e+00, 1.1921e-07, 1.1921e-07, 0.0000e+00, 1.8477e-06,
        0.0000e+00, 5.9605e-07, 0.0000e+00, 2.0075e-01, 0.0000e+00, 8.4519e-05,
        6.3804e-02, 1.7202e-04, 0.0000e+00, 8.7225e-04, 0.0000e+00, 0.0000e+00,
        0.0000e+00, 4.4373e-02, 1.9404e-02, 4.0720e-03, 0.0000e+00, 1.4148e-03,
        3.7551e-06, 0.0000e+00, 0.0000e+00, 1.1710e-02, 2.1728e-01, 0.0000e+00,
        7.8797e-05, 2.2854e-01, 0.0000e+00, 3.0973e-03, 3.7491e-05, 5.6314e-04,
        7.7248e-05, 2.3842e-07, 3.0994e-06, 2.5917e-02, 0.0000e+00, 6.3223e-04,
        1.1921e-07, 3.0985e-01, 2.8235e-03, 2.1338e-04, 2.8372e-05, 5.9605e-08,
        9.0963e-04, 3.3069e-03, 0.0000e+00, 3.1590e-06, 4.1282e-03, 0.0000e+00,
        5.3585e-05, 2.9792e-03, 1.3941e-01, 0.0000e+00, 8.3625e-05, 4.2915e-06,
        3.5763e-07, 0.0000e+00, 0.0000e+00, 4.1723e-07, 0.0000e+00, 0.0000e+00,
        2.9802e-07, 0.0000e+00, 3.5763e-06, 2.3077e-01, 0.0000e+00, 0.0000e+00,
        2.3842e-07, 3.3164e-04, 0.0000e+00, 0.0000e+00, 1.1921e-07, 9.7752e-06,
        1.5950e-03, 1.1921e-05, 1.4384e-02, 5.9605e-07, 3.1516e-01, 0.0000e+00,
        5.9605e-08, 4.5180e-05, 1.6439e-02, 0.0000e+00, 0.0000e+00, 0.0000e+00,
        1.3163e-03, 2.0385e-05, 4.5419e-05, 1.0165e-01, 1.0371e-05, 3.7349e-03,
        5.9140e-04, 0.0000e+00, 3.8009e-03, 5.9128e-05, 0.0000e+00, 0.0000e+00,
        1.3991e-03, 2.3842e-07, 6.3658e-05, 3.6037e-04, 0.0000e+00, 1.4782e-05,
        1.6429e-02, 6.8029e-02, 7.6771e-05, 0.0000e+00, 0.0000e+00, 0.0000e+00,
        5.1705e-03, 0.0000e+00, 0.0000e+00, 0.0000e+00, 3.6848e-04, 4.3297e-04,
        2.4438e-06, 0.0000e+00, 0.0000e+00, 6.3199e-02, 6.1072e-02, 6.7673e-03,
        1.8730e-02, 0.0000e+00, 2.9157e-01, 0.0000e+00, 1.3465e-01, 2.3842e-07,
        0.0000e+00, 1.3804e-04, 0.0000e+00, 0.0000e+00, 0.0000e+00, 2.5988e-05,
        1.5072e-03, 3.0193e-02, 8.4639e-06, 2.4843e-04, 0.0000e+00, 0.0000e+00,
        4.0737e-02], device='cuda:0', grad_fn=<RsubBackward1>)
That took 19.098573446273804 seconds


PS:

Read file </home/nguyenm5/coding/pinot/jul-14/active-supervised/ProbabilityOfImprovement.stderr> for stderr output of this job.

Sender: LSF System <lsfadmin@lt18>
Subject: Job 15330931: <active-supervised> in cluster <lila> Done

Job <active-supervised> was submitted from host <lilac> by user <nguyenm5> in cluster <lila> at Mon Jul 13 23:26:12 2020
Job was executed on host(s) <12*lt18>, in queue <gpuqueue>, as user <nguyenm5> in cluster <lila> at Mon Jul 13 23:26:13 2020
</home/nguyenm5> was used as the home directory.
</home/nguyenm5/coding/pinot> was used as the working directory.
Started at Mon Jul 13 23:26:13 2020
Terminated at Mon Jul 13 23:26:43 2020
Results reported at Mon Jul 13 23:26:43 2020

Your job looked like:

------------------------------------------------------------
# LSBATCH: User input
/home/nguyenm5/anaconda3/envs/pinot/bin/python scripts/active/plotting_active.py --net ExactGaussianProcessRegressor --num_rounds 4 --num_trials 1 --num_epoch 750 --data moonshot --q 96 --acquisition ProbabilityOfImprovement --output_folder /home/nguyenm5/coding/pinot/jul-14/active-supervised --index 4
------------------------------------------------------------

Successfully completed.

Resource usage summary:

    CPU time :                                   19.20 sec.
    Max Memory :                                 2 GB
    Average Memory :                             0.88 GB
    Total Requested Memory :                     192.00 GB
    Delta Memory :                               190.00 GB
    Max Swap :                                   -
    Max Processes :                              3
    Max Threads :                                9
    Run time :                                   31 sec.
    Turnaround time :                            31 sec.

The output (if any) follows:

0
scores from acquisition: probability_of_improvement
tensor([0.4960, 0.4947, 0.4943, 0.4950, 0.4961, 0.4965, 0.4961, 0.4953, 0.4948,
        0.4955, 0.4944, 0.4939, 0.4943, 0.4967, 0.4941, 0.4964, 0.4941, 0.4971,
        0.4962, 0.4940, 0.4964, 0.4950, 0.4962, 0.4971, 0.4961, 0.4948, 0.4961,
        0.4961, 0.4941, 0.4944, 0.4943, 0.4943, 0.4946, 0.4940, 0.4957, 0.4944,
        0.4944, 0.4959, 0.4956, 0.4938, 0.4948, 0.4947, 0.4940, 0.4970, 0.4943,
        0.4964, 0.4954, 0.4946, 0.4961, 0.4957, 0.4942, 0.4968, 0.4953, 0.4968,
        0.4950, 0.4947, 0.4963, 0.4959, 0.4962, 0.4956, 0.4961, 0.4943, 0.4966,
        0.4946, 0.4951, 0.4942, 0.4941, 0.4961, 0.4942, 0.4933, 0.4943, 0.4959,
        0.4946, 0.4960, 0.4958, 0.4963, 0.4951, 0.4955, 0.4960, 0.4948, 0.4952,
        0.4958, 0.4972, 0.4965, 0.4941, 0.4948, 0.4953, 0.4938, 0.4943, 0.4944,
        0.4956, 0.4945, 0.4942, 0.4943, 0.4956, 0.4956, 0.4958, 0.4952, 0.4959,
        0.4944, 0.4969, 0.4932, 0.4949, 0.4929, 0.4950, 0.4964, 0.4947, 0.4952,
        0.4940, 0.4950, 0.4949, 0.4949, 0.4948, 0.4945, 0.4939, 0.4977, 0.4940,
        0.4942, 0.4964, 0.4972, 0.4943, 0.4946, 0.4948, 0.4933, 0.4957, 0.4943,
        0.4943, 0.4957, 0.4948, 0.4977, 0.4965, 0.4942, 0.4952, 0.4941, 0.4972,
        0.4956, 0.4941, 0.4946, 0.4971, 0.4954, 0.4946, 0.4943, 0.4966, 0.4965,
        0.4962, 0.4957, 0.4943, 0.4969, 0.4957, 0.4950, 0.4965, 0.4953, 0.4965,
        0.4949, 0.4957, 0.4958, 0.4944, 0.4958, 0.4963, 0.4961, 0.4964, 0.4952,
        0.4966, 0.4954, 0.4941, 0.4955, 0.4940, 0.4946, 0.4956, 0.4973, 0.4971,
        0.4943, 0.4967, 0.4953, 0.4948, 0.4959, 0.4961, 0.4953, 0.4954, 0.4965,
        0.4946, 0.4946, 0.4960, 0.4948, 0.4954, 0.4921, 0.4961, 0.4954, 0.4955,
        0.4946, 0.4948, 0.4946, 0.4934, 0.4965, 0.4948, 0.4958, 0.4956, 0.4961,
        0.4968, 0.4949, 0.4967, 0.4941, 0.4948, 0.4948, 0.4950, 0.4949, 0.4945,
        0.4946, 0.4953, 0.4970, 0.4947, 0.4962, 0.4976, 0.4948, 0.4966, 0.4954,
        0.4917, 0.4955, 0.4948, 0.4946, 0.4943, 0.4964, 0.4956, 0.4963, 0.4943,
        0.4960, 0.4954, 0.4945, 0.4948, 0.4940, 0.4952, 0.4954, 0.4943, 0.4966,
        0.4968, 0.4958, 0.4952, 0.4941, 0.4955, 0.4968, 0.4950, 0.4973, 0.4942,
        0.4945, 0.4967, 0.4943, 0.4946, 0.4964, 0.4956, 0.4968, 0.4947, 0.4940,
        0.4942, 0.4977, 0.4939, 0.4946, 0.4952, 0.4955, 0.4943, 0.4953, 0.4966,
        0.4940, 0.4967, 0.4966, 0.4945, 0.4962, 0.4953, 0.4944, 0.4958, 0.4971,
        0.4962, 0.4946, 0.4948, 0.4965, 0.4954, 0.4946, 0.4952, 0.4977, 0.4956,
        0.4950, 0.4943, 0.4944, 0.4948, 0.4958, 0.4942, 0.4943, 0.4966, 0.4974,
        0.4960, 0.4952, 0.4959, 0.4956, 0.4967, 0.4942, 0.4949, 0.4957, 0.4942,
        0.4959, 0.4953, 0.4962, 0.4969, 0.4931, 0.4961, 0.4964, 0.4941, 0.4945,
        0.4956, 0.4950, 0.4966, 0.4947, 0.4960, 0.4950, 0.4968, 0.4959, 0.4938,
        0.4942, 0.4943, 0.4945, 0.4943, 0.4949, 0.4971, 0.4951, 0.4956, 0.4960,
        0.4960, 0.4943, 0.4951, 0.4968, 0.4971, 0.4945, 0.4960, 0.4955, 0.4943,
        0.4951, 0.4965, 0.4933, 0.4969, 0.4958, 0.4960, 0.4945, 0.4951, 0.4957,
        0.4943, 0.4937, 0.4961, 0.4933, 0.4955, 0.4978, 0.4965, 0.4942, 0.4964,
        0.4953, 0.4942, 0.4959, 0.4944, 0.4957, 0.4957, 0.4966, 0.4961, 0.4953,
        0.4946, 0.4950, 0.4955, 0.4944, 0.4945, 0.4956, 0.4962, 0.4952, 0.4963,
        0.4967, 0.4955, 0.4943, 0.4960], device='cuda:0',
       grad_fn=<RsubBackward1>)
That took 10.528817415237427 seconds


PS:

Read file </home/nguyenm5/coding/pinot/jul-14/active-supervised/ProbabilityOfImprovement.stderr> for stderr output of this job.

Sender: LSF System <lsfadmin@lt01>
Subject: Job 15330928: <active-supervised> in cluster <lila> Done

Job <active-supervised> was submitted from host <lilac> by user <nguyenm5> in cluster <lila> at Mon Jul 13 23:26:12 2020
Job was executed on host(s) <12*lt01>, in queue <gpuqueue>, as user <nguyenm5> in cluster <lila> at Mon Jul 13 23:26:13 2020
</home/nguyenm5> was used as the home directory.
</home/nguyenm5/coding/pinot> was used as the working directory.
Started at Mon Jul 13 23:26:13 2020
Terminated at Mon Jul 13 23:26:53 2020
Results reported at Mon Jul 13 23:26:53 2020

Your job looked like:

------------------------------------------------------------
# LSBATCH: User input
/home/nguyenm5/anaconda3/envs/pinot/bin/python scripts/active/plotting_active.py --net ExactGaussianProcessRegressor --num_rounds 4 --num_trials 1 --num_epoch 750 --data moonshot --q 96 --acquisition ProbabilityOfImprovement --output_folder /home/nguyenm5/coding/pinot/jul-14/active-supervised --index 1
------------------------------------------------------------

Successfully completed.

Resource usage summary:

    CPU time :                                   184.71 sec.
    Max Memory :                                 2 GB
    Average Memory :                             1.68 GB
    Total Requested Memory :                     192.00 GB
    Delta Memory :                               190.00 GB
    Max Swap :                                   -
    Max Processes :                              3
    Max Threads :                                20
    Run time :                                   40 sec.
    Turnaround time :                            41 sec.

The output (if any) follows:

0
scores from acquisition: probability_of_improvement
tensor([0.5134, 0.5073, 0.5148, 0.5078, 0.5121, 0.5125, 0.5100, 0.5078, 0.5069,
        0.5139, 0.5059, 0.5149, 0.5061, 0.5129, 0.5149, 0.5106, 0.5052, 0.5119,
        0.5126, 0.5149, 0.5126, 0.5137, 0.5121, 0.5125, 0.5096, 0.5144, 0.5097,
        0.5096, 0.5149, 0.5146, 0.5147, 0.5148, 0.5064, 0.5149, 0.5092, 0.5058,
        0.5147, 0.5095, 0.5134, 0.5068, 0.5142, 0.5144, 0.5150, 0.5120, 0.5147,
        0.5130, 0.5088, 0.5143, 0.5131, 0.5087, 0.5066, 0.5125, 0.5139, 0.5113,
        0.5143, 0.5142, 0.5100, 0.5092, 0.5121, 0.5138, 0.5098, 0.5065, 0.5124,
        0.5062, 0.5079, 0.5147, 0.5148, 0.5100, 0.5067, 0.5101, 0.5060, 0.5129,
        0.5063, 0.5128, 0.5094, 0.5127, 0.5069, 0.5138, 0.5099, 0.5069, 0.5088,
        0.5133, 0.5127, 0.5105, 0.5052, 0.5089, 0.5093, 0.5151, 0.5147, 0.5141,
        0.5127, 0.5144, 0.5148, 0.5148, 0.5134, 0.5101, 0.5133, 0.5142, 0.5135,
        0.5064, 0.5117, 0.5155, 0.5071, 0.5158, 0.5142, 0.5105, 0.5147, 0.5082,
        0.5149, 0.5081, 0.5079, 0.5075, 0.5073, 0.5065, 0.5149, 0.5121, 0.5059,
        0.5148, 0.5129, 0.5122, 0.5147, 0.5057, 0.5144, 0.5154, 0.5092, 0.5147,
        0.5147, 0.5138, 0.5068, 0.5124, 0.5135, 0.5064, 0.5137, 0.5148, 0.5123,
        0.5088, 0.5071, 0.5062, 0.5120, 0.5138, 0.5064, 0.5063, 0.5124, 0.5126,
        0.5099, 0.5088, 0.5146, 0.5113, 0.5134, 0.5072, 0.5110, 0.5137, 0.5114,
        0.5085, 0.5090, 0.5134, 0.5061, 0.5134, 0.5106, 0.5103, 0.5131, 0.5140,
        0.5125, 0.5139, 0.5066, 0.5135, 0.5151, 0.5062, 0.5133, 0.5121, 0.5118,
        0.5107, 0.5075, 0.5075, 0.5092, 0.5129, 0.5086, 0.5099, 0.5114, 0.5062,
        0.5144, 0.5132, 0.5143, 0.5088, 0.5161, 0.5102, 0.5085, 0.5087, 0.5144,
        0.5144, 0.5062, 0.5154, 0.5106, 0.5072, 0.5106, 0.5138, 0.5101, 0.5123,
        0.5068, 0.5119, 0.5149, 0.5064, 0.5069, 0.5141, 0.5079, 0.5145, 0.5144,
        0.5082, 0.5113, 0.5070, 0.5100, 0.5123, 0.5123, 0.5066, 0.5119, 0.5138,
        0.5162, 0.5082, 0.5089, 0.5146, 0.5061, 0.5130, 0.5135, 0.5130, 0.5063,
        0.5134, 0.5082, 0.5066, 0.5089, 0.5150, 0.5078, 0.5091, 0.5147, 0.5118,
        0.5116, 0.5095, 0.5137, 0.5147, 0.5099, 0.5125, 0.5072, 0.5128, 0.5146,
        0.5075, 0.5125, 0.5146, 0.5064, 0.5130, 0.5097, 0.5111, 0.5073, 0.5069,
        0.5061, 0.5121, 0.5149, 0.5144, 0.5076, 0.5089, 0.5060, 0.5080, 0.5121,
        0.5148, 0.5128, 0.5110, 0.5144, 0.5103, 0.5090, 0.5058, 0.5101, 0.5123,
        0.5126, 0.5064, 0.5065, 0.5123, 0.5138, 0.5062, 0.5142, 0.5121, 0.5092,
        0.5142, 0.5147, 0.5061, 0.5077, 0.5133, 0.5146, 0.5053, 0.5128, 0.5116,
        0.5105, 0.5074, 0.5093, 0.5126, 0.5122, 0.5062, 0.5070, 0.5134, 0.5068,
        0.5098, 0.5092, 0.5130, 0.5115, 0.5101, 0.5128, 0.5130, 0.5149, 0.5063,
        0.5137, 0.5141, 0.5108, 0.5066, 0.5124, 0.5141, 0.5125, 0.5134, 0.5151,
        0.5062, 0.5053, 0.5147, 0.5056, 0.5070, 0.5126, 0.5083, 0.5135, 0.5099,
        0.5130, 0.5056, 0.5087, 0.5119, 0.5119, 0.5144, 0.5093, 0.5134, 0.5067,
        0.5077, 0.5110, 0.5102, 0.5111, 0.5112, 0.5134, 0.5058, 0.5140, 0.5101,
        0.5147, 0.5077, 0.5097, 0.5102, 0.5091, 0.5124, 0.5109, 0.5148, 0.5129,
        0.5142, 0.5063, 0.5092, 0.5147, 0.5133, 0.5134, 0.5111, 0.5099, 0.5074,
        0.5062, 0.5140, 0.5090, 0.5059, 0.5060, 0.5108, 0.5107, 0.5142, 0.5130,
        0.5120, 0.5089, 0.5148, 0.5128], device='cuda:0',
       grad_fn=<RsubBackward1>)
scores from acquisition: probability_of_improvement
tensor([0.0000e+00, 8.7956e-03, 2.8713e-02, 1.7146e-02, 1.1021e-04, 2.5207e-02,
        1.8965e-02, 9.1777e-03, 1.8780e-03, 7.6127e-04, 7.1526e-07, 1.0037e-04,
        2.3461e-02, 1.9252e-04, 3.3379e-06, 2.7716e-05, 1.0615e-02, 3.0935e-04,
        2.4506e-02, 2.3018e-02, 1.8584e-02, 4.0537e-04, 6.1443e-03, 2.2107e-03,
        1.1158e-02, 2.8014e-06, 2.9002e-02, 2.9409e-03, 7.6294e-06, 9.8322e-03,
        9.5749e-04, 1.0305e-02, 1.6192e-02, 7.2320e-03, 2.6307e-02, 2.4107e-02,
        2.5914e-02, 1.2493e-04, 2.2680e-02, 3.4582e-03, 1.0014e-05, 2.1868e-03,
        1.9129e-03, 2.2976e-02, 8.1554e-03, 5.7958e-02, 3.9608e-03, 0.0000e+00,
        2.9322e-03, 9.7964e-03, 1.6474e-02, 5.9605e-08, 5.7484e-03, 2.3560e-02,
        8.0109e-04, 1.5372e-02, 1.7881e-07, 1.5080e-04, 1.1387e-03, 2.2188e-02,
        2.4085e-02, 2.8767e-02, 0.0000e+00, 1.3220e-04, 3.7919e-02, 1.4050e-03,
        0.0000e+00, 1.0743e-02, 2.0242e-04, 8.0597e-04, 1.4512e-02, 4.5552e-03,
        1.8574e-02, 2.9078e-02, 1.4471e-02, 3.1290e-02, 1.7063e-02, 6.0278e-03,
        2.2807e-02, 2.9576e-04, 1.1860e-02, 1.5344e-02, 2.3522e-02, 7.5910e-03,
        1.1184e-02, 6.3580e-03, 7.8288e-03, 1.0395e-02, 2.4122e-02, 5.0331e-03,
        6.8092e-04, 1.6035e-02, 2.8819e-04, 2.7324e-03, 1.9713e-02, 4.4638e-04,
        1.8217e-02, 1.8309e-02, 1.2671e-03, 2.7955e-05, 4.4644e-03, 0.0000e+00,
        1.6849e-02, 4.2415e-02, 2.9659e-04, 1.9073e-06, 2.8311e-03, 6.7163e-04,
        3.6311e-04, 2.6044e-02, 1.1216e-02, 8.0199e-03, 1.1549e-02, 4.1610e-04,
        1.1476e-03, 0.0000e+00, 3.3920e-02, 1.1586e-02, 4.5414e-03, 5.9440e-03,
        2.4159e-02, 2.3560e-02, 0.0000e+00, 1.4889e-02, 3.3148e-02, 1.9691e-03,
        5.4868e-03, 2.1458e-06, 2.0428e-02, 3.5657e-03, 5.8991e-04, 2.6984e-02,
        4.0603e-04, 1.0268e-02, 3.6005e-03, 2.8172e-02, 2.2682e-02, 1.2858e-03,
        9.0035e-03, 1.7092e-02, 4.6253e-04, 1.1848e-02, 3.0875e-02, 9.7996e-03,
        2.1185e-02, 1.2755e-02, 6.9466e-03, 1.3540e-02, 2.1213e-02, 6.9866e-03,
        7.9434e-03, 1.6304e-02, 2.4173e-02, 1.3990e-02, 2.9802e-06, 0.0000e+00,
        8.8477e-04, 2.0411e-03, 2.3842e-06, 1.9307e-02, 2.3547e-02, 2.4314e-02,
        4.1113e-03, 2.3839e-02, 1.4175e-02, 9.0594e-03, 2.9992e-02, 0.0000e+00,
        3.0023e-02, 7.7653e-03, 1.2506e-03, 1.6677e-03, 2.9255e-02, 1.2591e-02,
        2.1878e-03, 8.9407e-07, 3.1837e-02, 2.9119e-02, 8.7920e-03, 6.3454e-03,
        2.1612e-02, 4.9900e-03, 1.8806e-02, 6.5451e-03, 1.0571e-03, 2.1407e-02,
        6.5947e-04, 1.7881e-07, 2.1326e-02, 1.5139e-02, 2.2431e-02, 1.4973e-02,
        2.3966e-02, 3.5763e-07, 4.5300e-06, 2.4029e-03, 1.8951e-02, 0.0000e+00,
        5.6899e-04, 4.0313e-03, 2.3467e-02, 1.3819e-03, 1.2266e-02, 1.9073e-06,
        1.0195e-02, 1.4741e-02, 2.1073e-02, 3.6726e-02, 3.8639e-03, 2.6174e-02,
        4.5354e-03, 2.9868e-03, 9.8356e-03, 1.4685e-02, 0.0000e+00, 4.1893e-02,
        3.5129e-03, 2.2592e-02, 1.0176e-02, 2.4935e-03, 5.2421e-02, 4.7684e-07,
        1.4305e-06, 1.4113e-02, 2.2365e-03, 9.0408e-04, 3.4374e-04, 6.1893e-04,
        7.9299e-03, 7.6670e-03, 1.2654e-02, 9.8741e-04, 3.2045e-03, 1.3196e-04,
        3.7296e-03, 4.3702e-04, 1.5787e-02, 1.5497e-06, 1.2843e-02, 2.6871e-02,
        9.5903e-03, 2.2667e-02, 9.2384e-03, 0.0000e+00, 3.0969e-02, 1.8781e-03,
        1.7201e-03, 6.2033e-02, 9.2424e-03, 1.0975e-02, 0.0000e+00, 3.7678e-03,
        2.3359e-02, 3.4896e-02, 2.3314e-02, 6.1338e-02, 2.5846e-02, 1.3651e-02,
        3.2762e-02, 7.1526e-06, 3.3625e-03, 2.2948e-02, 0.0000e+00, 1.4782e-05,
        2.3118e-02, 2.3092e-02, 5.6826e-03, 1.2305e-03, 1.7029e-02, 1.7253e-03,
        1.1031e-02, 3.4818e-02, 1.4319e-02, 0.0000e+00, 2.0265e-02, 2.3931e-02,
        0.0000e+00], device='cuda:0', grad_fn=<RsubBackward1>)
scores from acquisition: probability_of_improvement
tensor([7.2122e-06, 1.3947e-05, 2.4905e-03, 2.2650e-06, 1.1921e-07, 2.1100e-05,
        3.0482e-03, 1.6689e-06, 3.1829e-05, 1.0073e-05, 5.8413e-06, 2.3842e-07,
        2.0623e-05, 5.9605e-07, 8.3447e-06, 7.1526e-07, 3.5763e-07, 1.8299e-03,
        4.2677e-04, 0.0000e+00, 9.5367e-07, 9.7096e-05, 5.9605e-08, 7.5996e-05,
        1.2279e-05, 3.2187e-06, 2.6941e-05, 1.2290e-04, 2.1324e-03, 3.0756e-05,
        5.4359e-05, 0.0000e+00, 2.2650e-06, 0.0000e+00, 4.7684e-07, 4.0960e-04,
        1.1921e-07, 1.8692e-04, 0.0000e+00, 2.7418e-06, 8.1062e-06, 5.3048e-06,
        9.6619e-05, 0.0000e+00, 5.2929e-05, 1.0133e-06, 5.6624e-05, 0.0000e+00,
        1.9622e-04, 1.2967e-01, 0.0000e+00, 8.3447e-07, 1.7881e-07, 2.3842e-07,
        4.8876e-06, 5.7008e-03, 5.3644e-07, 4.1723e-06, 0.0000e+00, 1.2720e-04,
        4.1723e-07, 4.7684e-06, 4.3511e-06, 5.3644e-07, 7.2718e-06, 1.8477e-05,
        5.7340e-05, 1.4305e-06, 3.5763e-07, 7.8082e-06, 5.7203e-04, 1.7643e-05,
        7.4267e-04, 3.2306e-05, 4.4703e-05, 9.0599e-06, 1.9526e-04, 0.0000e+00,
        8.0913e-04, 7.7486e-06, 1.1921e-07, 2.5159e-04, 0.0000e+00, 1.6689e-06,
        0.0000e+00, 3.2008e-05, 5.7280e-05, 1.1855e-04, 1.1921e-07, 1.0967e-05,
        3.2544e-05, 5.9605e-08, 1.4305e-05, 2.5034e-06, 3.2902e-05, 0.0000e+00,
        0.0000e+00, 4.7684e-07, 3.4646e-03, 4.1723e-07, 2.4635e-04, 2.0291e-02,
        4.1783e-04, 2.4438e-04, 0.0000e+00, 2.3842e-06, 0.0000e+00, 5.9605e-08,
        8.0109e-05, 5.9605e-08, 6.9380e-05, 8.0824e-05, 6.5207e-05, 7.5519e-05,
        4.0531e-06, 1.9173e-02, 6.7592e-05, 3.5167e-06, 0.0000e+00, 5.1832e-04,
        4.4024e-04, 2.5749e-05, 7.6294e-06, 7.3910e-06, 1.6689e-06, 3.9339e-06,
        3.0756e-05, 1.1486e-04, 5.9605e-08, 3.5763e-07, 4.1392e-02, 1.9777e-04,
        8.9586e-05, 0.0000e+00, 7.5316e-04, 1.4185e-02, 0.0000e+00, 1.1921e-07,
        3.5763e-06, 1.5318e-05, 2.6703e-05, 4.0579e-04, 7.1526e-07, 1.2040e-05,
        2.0892e-02, 0.0000e+00, 8.9407e-07, 1.0021e-03, 3.2187e-06, 1.1623e-04,
        5.9605e-08, 1.1921e-07, 0.0000e+00, 5.9605e-07, 1.7226e-05, 0.0000e+00,
        2.5988e-05, 9.5367e-06, 5.9605e-08, 0.0000e+00, 5.0960e-03, 4.1866e-04,
        1.0729e-06, 3.4571e-06, 9.7394e-05, 1.2118e-04, 3.2187e-06, 1.1921e-07,
        5.8763e-03, 5.3644e-06, 6.7949e-06, 4.8876e-06, 2.9802e-07, 7.2122e-06,
        2.3842e-07, 1.3924e-04, 6.4373e-06, 0.0000e+00, 0.0000e+00, 5.9605e-07,
        5.9605e-07], device='cuda:0', grad_fn=<RsubBackward1>)
That took 32.69497609138489 seconds


PS:

Read file </home/nguyenm5/coding/pinot/jul-14/active-supervised/ProbabilityOfImprovement.stderr> for stderr output of this job.

Sender: LSF System <lsfadmin@lt10>
Subject: Job 15330932: <active-supervised> in cluster <lila> Done

Job <active-supervised> was submitted from host <lilac> by user <nguyenm5> in cluster <lila> at Mon Jul 13 23:26:12 2020
Job was executed on host(s) <12*lt10>, in queue <gpuqueue>, as user <nguyenm5> in cluster <lila> at Mon Jul 13 23:26:13 2020
</home/nguyenm5> was used as the home directory.
</home/nguyenm5/coding/pinot> was used as the working directory.
Started at Mon Jul 13 23:26:13 2020
Terminated at Mon Jul 13 23:26:59 2020
Results reported at Mon Jul 13 23:26:59 2020

Your job looked like:

------------------------------------------------------------
# LSBATCH: User input
/home/nguyenm5/anaconda3/envs/pinot/bin/python scripts/active/plotting_active.py --net ExactGaussianProcessRegressor --num_rounds 4 --num_trials 1 --num_epoch 750 --data moonshot --q 96 --acquisition ProbabilityOfImprovement --output_folder /home/nguyenm5/coding/pinot/jul-14/active-supervised --index 5
------------------------------------------------------------

Successfully completed.

Resource usage summary:

    CPU time :                                   218.76 sec.
    Max Memory :                                 2 GB
    Average Memory :                             1.76 GB
    Total Requested Memory :                     192.00 GB
    Delta Memory :                               190.00 GB
    Max Swap :                                   -
    Max Processes :                              3
    Max Threads :                                20
    Run time :                                   48 sec.
    Turnaround time :                            47 sec.

The output (if any) follows:

0
scores from acquisition: probability_of_improvement
tensor([0.3401, 0.4337, 0.3153, 0.4300, 0.3640, 0.3550, 0.3931, 0.4167, 0.4186,
        0.3315, 0.4150, 0.3119, 0.4063, 0.3468, 0.3134, 0.3836, 0.3968, 0.3602,
        0.3512, 0.3126, 0.3507, 0.3307, 0.3642, 0.3533, 0.3956, 0.3223, 0.3901,
        0.3909, 0.3131, 0.3178, 0.3160, 0.3157, 0.4119, 0.3127, 0.4026, 0.4014,
        0.3171, 0.4027, 0.3357, 0.3773, 0.3252, 0.3230, 0.3121, 0.3596, 0.3168,
        0.3434, 0.4133, 0.3213, 0.3424, 0.4028, 0.3961, 0.3495, 0.3305, 0.3736,
        0.3237, 0.3232, 0.3897, 0.4008, 0.3584, 0.3327, 0.3956, 0.3954, 0.3527,
        0.4195, 0.4258, 0.3154, 0.3145, 0.3949, 0.3971, 0.3503, 0.4043, 0.3428,
        0.4142, 0.3456, 0.3994, 0.3493, 0.4263, 0.3332, 0.3896, 0.4204, 0.4206,
        0.3386, 0.3521, 0.3799, 0.3965, 0.3991, 0.4078, 0.3097, 0.3155, 0.3220,
        0.3475, 0.3200, 0.3152, 0.3153, 0.3350, 0.4005, 0.3379, 0.3256, 0.3371,
        0.4069, 0.3648, 0.3047, 0.4306, 0.3009, 0.3262, 0.3833, 0.3189, 0.4113,
        0.3131, 0.4291, 0.4349, 0.4411, 0.4099, 0.3128, 0.3609, 0.3945, 0.3165,
        0.3465, 0.3558, 0.3163, 0.4146, 0.3215, 0.3051, 0.4040, 0.3166, 0.3168,
        0.3328, 0.4225, 0.3557, 0.3407, 0.3915, 0.3323, 0.3157, 0.3593, 0.4096,
        0.3860, 0.4173, 0.3592, 0.3331, 0.4121, 0.3954, 0.3521, 0.3481, 0.3933,
        0.4019, 0.3168, 0.3726, 0.3370, 0.4259, 0.3751, 0.3309, 0.3722, 0.4205,
        0.4068, 0.3371, 0.4097, 0.3375, 0.3780, 0.3920, 0.3479, 0.3281, 0.3509,
        0.3300, 0.3912, 0.3336, 0.3112, 0.4165, 0.3373, 0.3627, 0.3632, 0.3907,
        0.3778, 0.4254, 0.4401, 0.4018, 0.3445, 0.4156, 0.3970, 0.3733, 0.4187,
        0.3220, 0.3400, 0.3233, 0.4199, 0.2944, 0.3786, 0.4203, 0.4107, 0.3200,
        0.3214, 0.4174, 0.3065, 0.3810, 0.4264, 0.3894, 0.3331, 0.3935, 0.3541,
        0.4158, 0.3604, 0.3136, 0.4210, 0.4180, 0.3262, 0.4319, 0.3203, 0.3205,
        0.4150, 0.3688, 0.4344, 0.3918, 0.3581, 0.3580, 0.4207, 0.3557, 0.3319,
        0.2921, 0.4157, 0.4022, 0.3188, 0.4021, 0.3425, 0.3376, 0.3439, 0.3944,
        0.3388, 0.4178, 0.4110, 0.3989, 0.3126, 0.4206, 0.4131, 0.3160, 0.3690,
        0.3697, 0.3997, 0.3320, 0.3152, 0.3997, 0.3496, 0.4268, 0.3488, 0.3177,
        0.4253, 0.3498, 0.3177, 0.4125, 0.3424, 0.4059, 0.3776, 0.4325, 0.3843,
        0.3934, 0.3607, 0.3125, 0.3205, 0.4229, 0.4031, 0.4040, 0.4154, 0.3582,
        0.3147, 0.3469, 0.3790, 0.3210, 0.3847, 0.4189, 0.4133, 0.3947, 0.3574,
        0.3501, 0.4125, 0.4243, 0.3526, 0.3317, 0.4173, 0.3261, 0.3604, 0.4124,
        0.3258, 0.3183, 0.4152, 0.4394, 0.3430, 0.3171, 0.3965, 0.3477, 0.3692,
        0.3936, 0.4222, 0.4001, 0.3477, 0.3631, 0.3927, 0.4255, 0.3364, 0.3958,
        0.3891, 0.4102, 0.3439, 0.3689, 0.3515, 0.3479, 0.3424, 0.3144, 0.4069,
        0.3346, 0.3280, 0.3835, 0.4210, 0.3525, 0.3262, 0.3519, 0.3388, 0.3104,
        0.4083, 0.4043, 0.3184, 0.3951, 0.4305, 0.3519, 0.4179, 0.3372, 0.3909,
        0.3431, 0.3955, 0.4274, 0.3634, 0.3644, 0.3201, 0.4015, 0.3352, 0.4170,
        0.4205, 0.3784, 0.3498, 0.3735, 0.3767, 0.3391, 0.4098, 0.3281, 0.3995,
        0.3167, 0.3724, 0.3899, 0.3499, 0.4106, 0.3571, 0.3819, 0.3159, 0.3461,
        0.3276, 0.4000, 0.4024, 0.3163, 0.3393, 0.3370, 0.3743, 0.3948, 0.4258,
        0.4167, 0.3263, 0.4075, 0.4057, 0.4091, 0.3830, 0.3838, 0.3270, 0.3447,
        0.3581, 0.4135, 0.3155, 0.3473], device='cuda:0',
       grad_fn=<RsubBackward1>)
scores from acquisition: probability_of_improvement
tensor([0.0000e+00, 0.0000e+00, 0.0000e+00, 0.0000e+00, 0.0000e+00, 0.0000e+00,
        8.1010e-03, 0.0000e+00, 0.0000e+00, 0.0000e+00, 0.0000e+00, 0.0000e+00,
        0.0000e+00, 0.0000e+00, 0.0000e+00, 0.0000e+00, 0.0000e+00, 0.0000e+00,
        0.0000e+00, 0.0000e+00, 0.0000e+00, 0.0000e+00, 5.9605e-08, 5.9605e-08,
        0.0000e+00, 1.9073e-06, 0.0000e+00, 0.0000e+00, 0.0000e+00, 0.0000e+00,
        2.7093e-01, 0.0000e+00, 1.1921e-07, 0.0000e+00, 0.0000e+00, 0.0000e+00,
        0.0000e+00, 0.0000e+00, 0.0000e+00, 0.0000e+00, 0.0000e+00, 0.0000e+00,
        9.6083e-05, 1.7881e-07, 0.0000e+00, 0.0000e+00, 0.0000e+00, 0.0000e+00,
        0.0000e+00, 0.0000e+00, 0.0000e+00, 0.0000e+00, 0.0000e+00, 1.5484e-02,
        0.0000e+00, 1.3818e-02, 0.0000e+00, 0.0000e+00, 0.0000e+00, 2.3930e-01,
        0.0000e+00, 0.0000e+00, 0.0000e+00, 0.0000e+00, 0.0000e+00, 0.0000e+00,
        0.0000e+00, 0.0000e+00, 0.0000e+00, 0.0000e+00, 0.0000e+00, 2.2208e-02,
        0.0000e+00, 4.7684e-07, 0.0000e+00, 0.0000e+00, 1.9923e-01, 0.0000e+00,
        0.0000e+00, 0.0000e+00, 0.0000e+00, 4.1008e-05, 2.2812e-01, 0.0000e+00,
        0.0000e+00, 0.0000e+00, 1.1921e-07, 0.0000e+00, 0.0000e+00, 3.7611e-04,
        9.0227e-02, 1.0729e-06, 0.0000e+00, 0.0000e+00, 0.0000e+00, 2.0990e-03,
        0.0000e+00, 0.0000e+00, 0.0000e+00, 7.5375e-03, 1.5561e-01, 7.7486e-06,
        2.3806e-04, 0.0000e+00, 2.8014e-06, 0.0000e+00, 0.0000e+00, 2.3126e-01,
        0.0000e+00, 0.0000e+00, 0.0000e+00, 0.0000e+00, 0.0000e+00, 0.0000e+00,
        0.0000e+00, 0.0000e+00, 2.2212e-03, 8.8215e-06, 0.0000e+00, 0.0000e+00,
        0.0000e+00, 0.0000e+00, 0.0000e+00, 1.9985e-01, 1.1921e-07, 0.0000e+00,
        1.1921e-05, 0.0000e+00, 0.0000e+00, 4.1139e-04, 0.0000e+00, 3.5999e-02,
        0.0000e+00, 2.5920e-01, 0.0000e+00, 0.0000e+00, 3.2390e-03, 1.1182e-04,
        0.0000e+00, 1.6212e-05, 5.9605e-08, 0.0000e+00, 2.5034e-06, 0.0000e+00,
        0.0000e+00, 0.0000e+00, 6.9827e-04, 0.0000e+00, 1.4305e-06, 0.0000e+00,
        0.0000e+00, 0.0000e+00, 4.7123e-03, 0.0000e+00, 0.0000e+00, 0.0000e+00,
        0.0000e+00, 0.0000e+00, 0.0000e+00, 0.0000e+00, 8.9860e-02, 0.0000e+00,
        0.0000e+00, 5.1077e-02, 0.0000e+00, 8.3089e-05, 0.0000e+00, 0.0000e+00,
        5.9605e-08, 0.0000e+00, 0.0000e+00, 0.0000e+00, 0.0000e+00, 0.0000e+00,
        2.1935e-05, 0.0000e+00, 0.0000e+00, 2.2382e-01, 3.5763e-07, 2.8965e-02,
        8.3447e-07, 0.0000e+00, 3.9339e-05, 0.0000e+00, 0.0000e+00, 0.0000e+00,
        0.0000e+00, 3.6240e-05, 3.3319e-05, 0.0000e+00, 0.0000e+00, 2.0635e-02,
        0.0000e+00, 0.0000e+00, 0.0000e+00, 0.0000e+00, 0.0000e+00, 0.0000e+00,
        0.0000e+00, 0.0000e+00, 0.0000e+00, 0.0000e+00, 0.0000e+00, 0.0000e+00,
        0.0000e+00, 0.0000e+00, 0.0000e+00, 0.0000e+00, 0.0000e+00, 0.0000e+00,
        0.0000e+00, 0.0000e+00, 1.7801e-01, 2.5556e-01, 0.0000e+00, 0.0000e+00,
        0.0000e+00, 0.0000e+00, 1.1921e-07, 0.0000e+00, 0.0000e+00, 0.0000e+00,
        2.9802e-05, 0.0000e+00, 0.0000e+00, 0.0000e+00, 3.0917e-04, 7.9274e-06,
        2.5808e-01, 3.9381e-04, 0.0000e+00, 0.0000e+00, 1.1921e-07, 0.0000e+00,
        0.0000e+00, 0.0000e+00, 0.0000e+00, 0.0000e+00, 0.0000e+00, 0.0000e+00,
        0.0000e+00, 0.0000e+00, 1.9258e-01, 0.0000e+00, 0.0000e+00, 0.0000e+00,
        1.1921e-07, 2.2222e-01, 0.0000e+00, 0.0000e+00, 0.0000e+00, 3.6955e-06,
        0.0000e+00, 0.0000e+00, 0.0000e+00, 0.0000e+00, 0.0000e+00, 0.0000e+00,
        0.0000e+00, 1.1013e-03, 1.8578e-01, 0.0000e+00, 0.0000e+00, 0.0000e+00,
        2.2995e-04, 0.0000e+00, 0.0000e+00, 0.0000e+00, 0.0000e+00, 3.5632e-04,
        1.8066e-03, 5.9605e-06, 2.8610e-04, 7.8440e-05, 0.0000e+00, 0.0000e+00,
        1.1921e-07], device='cuda:0', grad_fn=<RsubBackward1>)
scores from acquisition: probability_of_improvement
tensor([1.1921e-07, 0.0000e+00, 0.0000e+00, 1.7881e-07, 2.0266e-06, 0.0000e+00,
        2.3842e-07, 0.0000e+00, 4.5061e-05, 5.9605e-08, 0.0000e+00, 6.0797e-06,
        0.0000e+00, 0.0000e+00, 5.9605e-08, 1.1921e-07, 0.0000e+00, 2.2650e-06,
        0.0000e+00, 0.0000e+00, 0.0000e+00, 0.0000e+00, 0.0000e+00, 1.1605e-04,
        0.0000e+00, 0.0000e+00, 2.3842e-07, 0.0000e+00, 6.2734e-04, 0.0000e+00,
        0.0000e+00, 1.1921e-07, 0.0000e+00, 0.0000e+00, 7.1526e-07, 0.0000e+00,
        0.0000e+00, 7.4178e-02, 7.9076e-02, 3.2187e-06, 1.1921e-07, 5.9605e-08,
        0.0000e+00, 0.0000e+00, 0.0000e+00, 0.0000e+00, 0.0000e+00, 0.0000e+00,
        1.1921e-07, 5.9605e-06, 0.0000e+00, 0.0000e+00, 1.1992e-04, 0.0000e+00,
        0.0000e+00, 0.0000e+00, 3.5763e-07, 5.0664e-06, 1.1921e-07, 0.0000e+00,
        3.9935e-05, 0.0000e+00, 0.0000e+00, 0.0000e+00, 4.7684e-07, 0.0000e+00,
        0.0000e+00, 0.0000e+00, 0.0000e+00, 0.0000e+00, 1.1921e-07, 0.0000e+00,
        0.0000e+00, 0.0000e+00, 0.0000e+00, 0.0000e+00, 0.0000e+00, 0.0000e+00,
        0.0000e+00, 0.0000e+00, 2.6953e-04, 0.0000e+00, 0.0000e+00, 0.0000e+00,
        7.3910e-06, 0.0000e+00, 2.3842e-07, 0.0000e+00, 0.0000e+00, 0.0000e+00,
        0.0000e+00, 0.0000e+00, 1.1921e-07, 0.0000e+00, 5.3644e-07, 0.0000e+00,
        5.9605e-08, 2.3842e-07, 0.0000e+00, 0.0000e+00, 1.1921e-07, 0.0000e+00,
        0.0000e+00, 0.0000e+00, 2.3842e-07, 1.8829e-04, 0.0000e+00, 7.7267e-02,
        5.9605e-08, 0.0000e+00, 0.0000e+00, 0.0000e+00, 0.0000e+00, 1.1921e-07,
        0.0000e+00, 0.0000e+00, 0.0000e+00, 0.0000e+00, 2.3842e-07, 0.0000e+00,
        1.7411e-04, 0.0000e+00, 0.0000e+00, 0.0000e+00, 5.9605e-08, 0.0000e+00,
        0.0000e+00, 1.4305e-06, 0.0000e+00, 5.9605e-08, 0.0000e+00, 0.0000e+00,
        1.3113e-06, 2.5330e-03, 0.0000e+00, 0.0000e+00, 0.0000e+00, 0.0000e+00,
        0.0000e+00, 2.8372e-05, 0.0000e+00, 0.0000e+00, 2.3246e-05, 0.0000e+00,
        0.0000e+00, 2.3842e-07, 1.1921e-07, 0.0000e+00, 0.0000e+00, 0.0000e+00,
        0.0000e+00, 0.0000e+00, 1.1921e-07, 0.0000e+00, 0.0000e+00, 3.4571e-06,
        0.0000e+00, 0.0000e+00, 0.0000e+00, 0.0000e+00, 0.0000e+00, 0.0000e+00,
        2.2608e-04, 0.0000e+00, 0.0000e+00, 3.5763e-07, 0.0000e+00, 0.0000e+00,
        0.0000e+00, 0.0000e+00, 2.3437e-04, 0.0000e+00, 0.0000e+00, 0.0000e+00,
        0.0000e+00, 0.0000e+00, 1.1921e-07, 0.0000e+00, 0.0000e+00, 0.0000e+00,
        2.1219e-05], device='cuda:0', grad_fn=<RsubBackward1>)
That took 39.55182433128357 seconds


PS:

Read file </home/nguyenm5/coding/pinot/jul-14/active-supervised/ProbabilityOfImprovement.stderr> for stderr output of this job.

Sender: LSF System <lsfadmin@lt18>
Subject: Job 15330930: <active-supervised> in cluster <lila> Exited

Job <active-supervised> was submitted from host <lilac> by user <nguyenm5> in cluster <lila> at Mon Jul 13 23:26:12 2020
Job was executed on host(s) <12*lt18>, in queue <gpuqueue>, as user <nguyenm5> in cluster <lila> at Mon Jul 13 23:26:13 2020
</home/nguyenm5> was used as the home directory.
</home/nguyenm5/coding/pinot> was used as the working directory.
Started at Mon Jul 13 23:26:13 2020
Terminated at Mon Jul 13 23:27:18 2020
Results reported at Mon Jul 13 23:27:18 2020

Your job looked like:

------------------------------------------------------------
# LSBATCH: User input
/home/nguyenm5/anaconda3/envs/pinot/bin/python scripts/active/plotting_active.py --net ExactGaussianProcessRegressor --num_rounds 4 --num_trials 1 --num_epoch 750 --data moonshot --q 96 --acquisition ProbabilityOfImprovement --output_folder /home/nguyenm5/coding/pinot/jul-14/active-supervised --index 3
------------------------------------------------------------

Exited with exit code 1.

Resource usage summary:

    CPU time :                                   336.52 sec.
    Max Memory :                                 2 GB
    Average Memory :                             1.44 GB
    Total Requested Memory :                     192.00 GB
    Delta Memory :                               190.00 GB
    Max Swap :                                   -
    Max Processes :                              3
    Max Threads :                                20
    Run time :                                   66 sec.
    Turnaround time :                            66 sec.

The output (if any) follows:

0
scores from acquisition: probability_of_improvement
tensor([0.4637, 0.4434, 0.4719, 0.4447, 0.4536, 0.4586, 0.4483, 0.4440, 0.4422,
        0.4700, 0.4413, 0.4679, 0.4409, 0.4620, 0.4694, 0.4505, 0.4409, 0.4557,
        0.4608, 0.4688, 0.4601, 0.4690, 0.4536, 0.4577, 0.4483, 0.4739, 0.4480,
        0.4479, 0.4695, 0.4778, 0.4733, 0.4739, 0.4411, 0.4693, 0.4470, 0.4404,
        0.4754, 0.4470, 0.4650, 0.4387, 0.4699, 0.4742, 0.4674, 0.4559, 0.4759,
        0.4625, 0.4454, 0.4788, 0.4631, 0.4458, 0.4396, 0.4578, 0.4708, 0.4518,
        0.4760, 0.4767, 0.4488, 0.4469, 0.4582, 0.4700, 0.4475, 0.4398, 0.4575,
        0.4415, 0.4446, 0.4735, 0.4719, 0.4487, 0.4398, 0.4363, 0.4403, 0.4626,
        0.4411, 0.4622, 0.4475, 0.4607, 0.4430, 0.4698, 0.4473, 0.4422, 0.4453,
        0.4663, 0.4585, 0.4500, 0.4409, 0.4464, 0.4468, 0.4642, 0.4732, 0.4719,
        0.4600, 0.4775, 0.4721, 0.4731, 0.4647, 0.4482, 0.4659, 0.4731, 0.4667,
        0.4406, 0.4563, 0.4559, 0.4427, 0.4458, 0.4729, 0.4499, 0.4759, 0.4437,
        0.4698, 0.4449, 0.4441, 0.4437, 0.4432, 0.4410, 0.4673, 0.4558, 0.4405,
        0.4745, 0.4610, 0.4562, 0.4741, 0.4415, 0.4787, 0.4565, 0.4490, 0.4756,
        0.4743, 0.4705, 0.4432, 0.4570, 0.4639, 0.4396, 0.4703, 0.4731, 0.4573,
        0.4457, 0.4390, 0.4414, 0.4553, 0.4708, 0.4411, 0.4400, 0.4587, 0.4585,
        0.4478, 0.4460, 0.4756, 0.4542, 0.4660, 0.4430, 0.4528, 0.4699, 0.4523,
        0.4449, 0.4465, 0.4660, 0.4411, 0.4667, 0.4505, 0.4489, 0.4617, 0.4736,
        0.4572, 0.4720, 0.4392, 0.4663, 0.4632, 0.4413, 0.4657, 0.4553, 0.4550,
        0.4410, 0.4509, 0.4442, 0.4436, 0.4468, 0.4641, 0.4454, 0.4484, 0.4536,
        0.4414, 0.4749, 0.4642, 0.4729, 0.4463, 0.4395, 0.4501, 0.4450, 0.4455,
        0.4769, 0.4414, 0.4585, 0.4498, 0.4426, 0.4502, 0.4708, 0.4494, 0.4577,
        0.4433, 0.4558, 0.4696, 0.4419, 0.4421, 0.4717, 0.4442, 0.4744, 0.4765,
        0.4456, 0.4532, 0.4430, 0.4478, 0.4560, 0.4565, 0.4423, 0.4547, 0.4689,
        0.4347, 0.4449, 0.4470, 0.4791, 0.4402, 0.4614, 0.4654, 0.4621, 0.4399,
        0.4656, 0.4446, 0.4433, 0.4464, 0.4679, 0.4440, 0.4470, 0.4738, 0.4545,
        0.4539, 0.4477, 0.4693, 0.4728, 0.4484, 0.4578, 0.4430, 0.4594, 0.4718,
        0.4434, 0.4576, 0.4718, 0.4411, 0.4614, 0.4475, 0.4516, 0.4436, 0.4398,
        0.4397, 0.4559, 0.4686, 0.4780, 0.4445, 0.4450, 0.4403, 0.4455, 0.4573,
        0.4655, 0.4609, 0.4511, 0.4744, 0.4482, 0.4462, 0.4412, 0.4485, 0.4574,
        0.4599, 0.4411, 0.4425, 0.4572, 0.4699, 0.4414, 0.4719, 0.4559, 0.4470,
        0.4725, 0.4716, 0.4415, 0.4438, 0.4626, 0.4718, 0.4404, 0.4594, 0.4540,
        0.4493, 0.4432, 0.4470, 0.4605, 0.4561, 0.4397, 0.4438, 0.4640, 0.4397,
        0.4473, 0.4469, 0.4620, 0.4533, 0.4364, 0.4608, 0.4614, 0.4706, 0.4414,
        0.4688, 0.4742, 0.4502, 0.4422, 0.4596, 0.4717, 0.4587, 0.4669, 0.4649,
        0.4416, 0.4411, 0.4707, 0.4402, 0.4427, 0.4596, 0.4451, 0.4655, 0.4475,
        0.4632, 0.4402, 0.4451, 0.4551, 0.4557, 0.4775, 0.4475, 0.4661, 0.4424,
        0.4436, 0.4519, 0.4363, 0.4513, 0.4525, 0.4648, 0.4410, 0.4707, 0.4483,
        0.4741, 0.4383, 0.4480, 0.4363, 0.4468, 0.4573, 0.4514, 0.4733, 0.4612,
        0.4735, 0.4397, 0.4467, 0.4746, 0.4644, 0.4660, 0.4513, 0.4485, 0.4441,
        0.4413, 0.4738, 0.4458, 0.4403, 0.4411, 0.4508, 0.4511, 0.4761, 0.4630,
        0.4543, 0.4466, 0.4721, 0.4614], device='cuda:0',
       grad_fn=<RsubBackward1>)
scores from acquisition: probability_of_improvement
tensor([0.0000e+00, 4.7504e-02, 0.0000e+00, 4.2665e-03, 0.0000e+00, 8.9918e-03,
        5.4628e-02, 8.6509e-02, 6.5866e-02, 8.1127e-02, 0.0000e+00, 7.2694e-04,
        9.1877e-03, 0.0000e+00, 4.1723e-07, 1.1921e-07, 8.5592e-05, 0.0000e+00,
        2.9556e-02, 3.6677e-02, 5.0825e-02, 7.8570e-02, 1.3711e-03, 4.2900e-02,
        4.3463e-02, 9.7156e-06, 2.7058e-02, 6.1989e-06, 0.0000e+00, 6.9403e-02,
        3.0994e-06, 6.5322e-02, 9.3189e-02, 7.6715e-03, 0.0000e+00, 4.8654e-03,
        2.1981e-03, 6.5565e-07, 3.9840e-02, 7.1284e-02, 6.0081e-05, 3.7789e-02,
        8.0801e-02, 4.0324e-02, 8.6299e-02, 8.7221e-02, 6.0544e-02, 0.0000e+00,
        6.5333e-02, 0.0000e+00, 1.7881e-07, 5.6028e-06, 7.0577e-02, 2.7313e-02,
        7.3021e-02, 4.6550e-02, 3.5763e-07, 1.9679e-03, 1.0144e-02, 5.9605e-08,
        0.0000e+00, 5.9605e-08, 1.4782e-05, 0.0000e+00, 0.0000e+00, 8.9555e-02,
        1.1921e-07, 2.3259e-03, 4.1523e-02, 6.1866e-02, 7.0773e-03, 7.9629e-02,
        2.6410e-02, 5.9605e-08, 1.4590e-02, 1.7806e-03, 9.1250e-02, 1.9610e-05,
        8.1686e-03, 0.0000e+00, 0.0000e+00, 2.6789e-02, 4.8629e-03, 1.8414e-02,
        8.1260e-02, 5.9605e-07, 0.0000e+00, 7.1251e-02, 1.1921e-07, 1.9889e-02,
        7.3204e-02, 5.4818e-02, 2.5773e-02, 7.7636e-02, 8.5999e-02, 8.2717e-03,
        1.1921e-07, 9.6741e-03, 4.9906e-02, 1.9908e-05, 3.5386e-02, 5.3644e-07,
        6.9160e-03, 1.3471e-05, 3.9429e-02, 8.3607e-02, 1.1396e-04, 1.5557e-03,
        5.9605e-08, 4.4274e-03, 6.7676e-02, 1.1469e-02, 5.6601e-02, 0.0000e+00,
        1.8191e-04, 1.0670e-03, 1.0251e-03, 6.3448e-03, 3.0912e-02, 1.0291e-02,
        8.5022e-03, 1.1921e-07, 4.9783e-03, 0.0000e+00, 0.0000e+00, 3.6622e-02,
        0.0000e+00, 1.1625e-02, 7.1766e-02, 1.1635e-03, 6.9731e-02, 2.2650e-06,
        5.3902e-02, 4.8804e-04, 1.9087e-03, 7.9648e-02, 0.0000e+00, 2.0238e-02,
        1.0872e-04, 8.6270e-03, 3.5763e-07, 3.8428e-02, 8.8357e-02, 1.3113e-06,
        1.4689e-02, 3.1447e-02, 5.8119e-02, 4.7511e-04, 0.0000e+00, 0.0000e+00,
        6.4119e-03, 5.8222e-04, 1.5212e-01, 2.6032e-02, 1.2459e-02, 7.3792e-02,
        1.4333e-03, 0.0000e+00, 0.0000e+00, 7.0766e-02, 0.0000e+00, 1.7157e-02,
        1.7302e-02, 0.0000e+00, 7.3013e-02, 7.3711e-03, 1.2279e-05, 7.1526e-07,
        1.1921e-07, 0.0000e+00, 8.4462e-03, 5.0274e-02, 3.5763e-07, 5.0436e-03,
        1.2776e-02, 7.9623e-02, 1.1172e-03, 0.0000e+00, 1.5855e-05, 4.7677e-02,
        7.2276e-02, 4.5410e-02, 2.7418e-06, 5.0546e-02, 7.8556e-02, 5.9862e-02,
        2.8207e-02, 7.7486e-07, 3.6120e-05, 0.0000e+00, 5.2911e-03, 2.1548e-02,
        2.0598e-02, 5.5789e-02, 3.2711e-02, 3.3379e-06, 2.3842e-07, 7.9871e-02,
        4.5480e-02, 1.1086e-04, 5.4550e-02, 1.1921e-07, 8.8763e-03, 8.5411e-02,
        6.7675e-04, 0.0000e+00, 2.9325e-02, 0.0000e+00, 3.3379e-06, 0.0000e+00,
        4.2742e-02, 8.5843e-04, 5.1278e-04, 0.0000e+00, 6.0915e-02, 4.4953e-02,
        0.0000e+00, 1.0680e-01, 7.2061e-02, 1.4987e-02, 4.5896e-04, 2.2113e-05,
        1.0495e-01, 0.0000e+00, 1.2513e-03, 5.1435e-02, 1.0891e-03, 1.9659e-02,
        4.7684e-07, 0.0000e+00, 0.0000e+00, 6.5797e-02, 1.7456e-02, 4.5486e-02,
        3.7244e-02, 0.0000e+00, 8.1652e-04, 2.2650e-06, 6.1888e-02, 4.2915e-04,
        2.8390e-02, 9.9361e-04, 6.0797e-06, 3.6688e-03, 1.1144e-02, 2.6963e-03,
        7.7502e-02, 1.1921e-07, 9.0219e-02, 5.4469e-02, 0.0000e+00, 0.0000e+00,
        1.3187e-02, 9.9611e-04, 8.9567e-02, 3.5066e-02, 8.9820e-02, 3.0218e-03,
        2.8849e-05, 0.0000e+00, 0.0000e+00, 6.9210e-02, 1.1335e-02, 5.3644e-07,
        2.4936e-02, 1.0989e-02, 3.4436e-02, 5.6609e-02, 5.0116e-02, 4.3945e-02,
        5.8868e-02, 2.9802e-07, 4.1027e-03, 0.0000e+00, 1.4015e-02, 7.1126e-03,
        0.0000e+00], device='cuda:0', grad_fn=<RsubBackward1>)
scores from acquisition: probability_of_improvement
tensor([0.0000e+00, 1.7881e-07, 1.7881e-07, 7.1526e-07, 2.2650e-06, 0.0000e+00,
        4.4107e-06, 9.0599e-06, 0.0000e+00, 4.2319e-06, 0.0000e+00, 0.0000e+00,
        4.7684e-07, 4.1723e-06, 1.0133e-06, 1.8001e-04, 0.0000e+00, 2.0862e-06,
        0.0000e+00, 0.0000e+00, 8.9407e-07, 1.4305e-06, 3.5763e-07, 0.0000e+00,
        5.0068e-06, 2.9802e-07, 0.0000e+00, 8.8811e-05, 1.7881e-07, 0.0000e+00,
        2.4796e-05, 2.2531e-05, 5.9605e-06, 3.5763e-07, 0.0000e+00, 1.7881e-06,
        3.7193e-05, 0.0000e+00, 1.0324e-04, 6.4373e-06, 0.0000e+00, 0.0000e+00,
        0.0000e+00, 3.4034e-05, 4.5300e-06, 4.2081e-05, 3.5763e-07, 6.8069e-05,
        0.0000e+00, 1.2517e-06, 2.3842e-07, 2.3842e-07, 5.2810e-05, 3.6955e-06,
        1.2189e-04, 2.3842e-07, 0.0000e+00, 1.0729e-06, 8.3447e-07, 0.0000e+00,
        6.6757e-06, 9.4175e-06, 1.6093e-06, 0.0000e+00, 3.6144e-04, 1.8477e-06,
        1.5855e-05, 2.2054e-06, 3.8624e-05, 3.5596e-04, 0.0000e+00, 4.3035e-05,
        0.0000e+00, 6.5565e-07, 2.6941e-05, 1.5092e-04, 4.7684e-07, 0.0000e+00,
        1.8239e-05, 1.1921e-07, 1.1921e-07, 0.0000e+00, 0.0000e+00, 7.1526e-07,
        1.3113e-06, 0.0000e+00, 2.4438e-06, 6.0201e-06, 0.0000e+00, 0.0000e+00,
        6.4135e-05, 2.6047e-05, 6.3181e-06, 5.3644e-07, 5.4836e-06, 3.5471e-04,
        4.3452e-05, 6.4015e-05, 1.7881e-07, 0.0000e+00, 1.1921e-07, 0.0000e+00,
        0.0000e+00, 0.0000e+00, 0.0000e+00, 5.1260e-06, 0.0000e+00, 1.1921e-07,
        0.0000e+00, 1.1921e-07, 4.1723e-07, 1.2290e-04, 1.1921e-07, 0.0000e+00,
        1.1921e-07, 7.8678e-06, 0.0000e+00, 0.0000e+00, 0.0000e+00, 8.8215e-06,
        5.9605e-07, 0.0000e+00, 0.0000e+00, 4.2820e-04, 0.0000e+00, 5.9605e-08,
        3.2127e-05, 0.0000e+00, 1.1921e-07, 4.7684e-07, 5.3644e-06, 8.3447e-07,
        0.0000e+00, 4.1944e-04, 0.0000e+00, 1.5174e-03, 8.9407e-06, 1.5080e-05,
        1.1921e-07, 3.1153e-03, 5.9605e-06, 0.0000e+00, 1.1921e-07, 5.9605e-08,
        5.3644e-07, 1.4305e-06, 5.9605e-08, 5.0068e-06, 2.8992e-04, 4.1723e-07,
        0.0000e+00, 0.0000e+00, 2.3842e-07, 0.0000e+00, 1.2100e-05, 2.8610e-06,
        1.1921e-07, 2.6888e-04, 2.2471e-04, 5.9605e-08, 4.1127e-06, 4.0770e-05,
        0.0000e+00, 5.9605e-08, 0.0000e+00, 8.7917e-05, 0.0000e+00, 0.0000e+00,
        1.1921e-07, 1.3113e-06, 0.0000e+00, 1.7881e-07, 0.0000e+00, 0.0000e+00,
        0.0000e+00, 0.0000e+00, 0.0000e+00, 0.0000e+00, 3.2604e-05, 0.0000e+00,
        5.9605e-07], device='cuda:0', grad_fn=<RsubBackward1>)
scores from acquisition: probability_of_improvement
tensor([0.0000e+00, 6.2950e-02, 2.1366e-03, 2.3842e-07, 0.0000e+00, 1.1921e-07,
        1.3030e-04, 0.0000e+00, 0.0000e+00, 2.8408e-04, 2.2054e-05, 5.9605e-08,
        0.0000e+00, 1.5736e-05, 5.4294e-02, 5.7817e-06, 2.6941e-05, 0.0000e+00,
        0.0000e+00, 0.0000e+00, 5.5194e-05, 5.9605e-08, 0.0000e+00, 2.4426e-04,
        0.0000e+00, 0.0000e+00, 0.0000e+00, 1.2797e-04, 0.0000e+00, 0.0000e+00,
        7.3433e-05, 2.1935e-05, 0.0000e+00, 0.0000e+00, 0.0000e+00, 0.0000e+00,
        1.0700e-03, 6.4813e-03, 1.0729e-06, 1.7881e-07, 0.0000e+00, 5.7459e-05,
        8.2077e-02, 0.0000e+00, 4.4703e-06, 1.1563e-05, 3.9089e-04, 4.5896e-06,
        1.6165e-04, 5.2972e-03, 5.4836e-06, 2.3842e-07, 2.3842e-07, 0.0000e+00,
        0.0000e+00, 5.9605e-07, 4.7684e-07, 0.0000e+00, 5.9605e-07, 0.0000e+00,
        3.5179e-04, 2.3842e-07, 0.0000e+00, 4.8212e-03, 0.0000e+00, 1.7881e-07,
        0.0000e+00, 3.5763e-07, 8.9073e-04, 1.7285e-06, 5.3287e-05, 2.3842e-07,
        0.0000e+00, 5.5909e-05, 1.5562e-02, 2.3842e-07, 0.0000e+00, 0.0000e+00,
        1.1921e-07, 0.0000e+00, 0.0000e+00, 4.8302e-03, 2.1303e-04, 1.1587e-04,
        0.0000e+00], device='cuda:0', grad_fn=<RsubBackward1>)


PS:

Read file </home/nguyenm5/coding/pinot/jul-14/active-supervised/ProbabilityOfImprovement.stderr> for stderr output of this job.

