Sender: LSF System <lsfadmin@ls15>
Subject: Job 14836029: <_gp_4> in cluster <lila> Done

Job <_gp_4> was submitted from host <ls14> by user <wangy1> in cluster <lila> at Thu Jun 11 19:30:05 2020
Job was executed on host(s) <12*ls15>, in queue <gpuqueue>, as user <wangy1> in cluster <lila> at Thu Jun 11 19:30:06 2020
</home/wangy1> was used as the home directory.
</data/chodera/wangyq/pinot/scripts/gp_split> was used as the working directory.
Started at Thu Jun 11 19:30:06 2020
Terminated at Thu Jun 11 19:33:05 2020
Results reported at Thu Jun 11 19:33:05 2020

Your job looked like:

------------------------------------------------------------
# LSBATCH: User input
python ../../pinot/app/gp_train.py --layer GraphConv --out _gp_4 --n_epochs 500 --lr 1e-3 --config 32 tanh 32 tanh 32 tanh --lr 1e-3 --partition 4:96
------------------------------------------------------------

Successfully completed.

Resource usage summary:

    CPU time :                                   453.55 sec.
    Max Memory :                                 2 GB
    Average Memory :                             1.87 GB
    Total Requested Memory :                     48.00 GB
    Delta Memory :                               46.00 GB
    Max Swap :                                   -
    Max Processes :                              3
    Max Threads :                                20
    Run time :                                   180 sec.
    Turnaround time :                            180 sec.

The output (if any) follows:

Parameter containing:
tensor(-3., device='cuda:0', requires_grad=True)
Parameter containing:
tensor(-2.9990, device='cuda:0', requires_grad=True)
Parameter containing:
tensor(-2.9980, device='cuda:0', requires_grad=True)
Parameter containing:
tensor(-2.9970, device='cuda:0', requires_grad=True)
Parameter containing:
tensor(-2.9960, device='cuda:0', requires_grad=True)
Parameter containing:
tensor(-2.9951, device='cuda:0', requires_grad=True)
Parameter containing:
tensor(-2.9941, device='cuda:0', requires_grad=True)
Parameter containing:
tensor(-2.9931, device='cuda:0', requires_grad=True)
Parameter containing:
tensor(-2.9922, device='cuda:0', requires_grad=True)
Parameter containing:
tensor(-2.9913, device='cuda:0', requires_grad=True)
Parameter containing:
tensor(-2.9903, device='cuda:0', requires_grad=True)
Parameter containing:
tensor(-2.9894, device='cuda:0', requires_grad=True)
Parameter containing:
tensor(-2.9885, device='cuda:0', requires_grad=True)
Parameter containing:
tensor(-2.9876, device='cuda:0', requires_grad=True)
Parameter containing:
tensor(-2.9867, device='cuda:0', requires_grad=True)
Parameter containing:
tensor(-2.9859, device='cuda:0', requires_grad=True)
Parameter containing:
tensor(-2.9851, device='cuda:0', requires_grad=True)
Parameter containing:
tensor(-2.9842, device='cuda:0', requires_grad=True)
Parameter containing:
tensor(-2.9835, device='cuda:0', requires_grad=True)
Parameter containing:
tensor(-2.9827, device='cuda:0', requires_grad=True)
Parameter containing:
tensor(-2.9819, device='cuda:0', requires_grad=True)
Parameter containing:
tensor(-2.9812, device='cuda:0', requires_grad=True)
Parameter containing:
tensor(-2.9805, device='cuda:0', requires_grad=True)
Parameter containing:
tensor(-2.9798, device='cuda:0', requires_grad=True)
Parameter containing:
tensor(-2.9791, device='cuda:0', requires_grad=True)
Parameter containing:
tensor(-2.9784, device='cuda:0', requires_grad=True)
Parameter containing:
tensor(-2.9777, device='cuda:0', requires_grad=True)
Parameter containing:
tensor(-2.9771, device='cuda:0', requires_grad=True)
Parameter containing:
tensor(-2.9765, device='cuda:0', requires_grad=True)
Parameter containing:
tensor(-2.9759, device='cuda:0', requires_grad=True)
Parameter containing:
tensor(-2.9753, device='cuda:0', requires_grad=True)
Parameter containing:
tensor(-2.9747, device='cuda:0', requires_grad=True)
Parameter containing:
tensor(-2.9741, device='cuda:0', requires_grad=True)
Parameter containing:
tensor(-2.9736, device='cuda:0', requires_grad=True)
Parameter containing:
tensor(-2.9730, device='cuda:0', requires_grad=True)
Parameter containing:
tensor(-2.9724, device='cuda:0', requires_grad=True)
Parameter containing:
tensor(-2.9719, device='cuda:0', requires_grad=True)
Parameter containing:
tensor(-2.9713, device='cuda:0', requires_grad=True)
Parameter containing:
tensor(-2.9708, device='cuda:0', requires_grad=True)
Parameter containing:
tensor(-2.9702, device='cuda:0', requires_grad=True)
Parameter containing:
tensor(-2.9697, device='cuda:0', requires_grad=True)
Parameter containing:
tensor(-2.9692, device='cuda:0', requires_grad=True)
Parameter containing:
tensor(-2.9686, device='cuda:0', requires_grad=True)
Parameter containing:
tensor(-2.9681, device='cuda:0', requires_grad=True)
Parameter containing:
tensor(-2.9676, device='cuda:0', requires_grad=True)
Parameter containing:
tensor(-2.9670, device='cuda:0', requires_grad=True)
Parameter containing:
tensor(-2.9665, device='cuda:0', requires_grad=True)
Parameter containing:
tensor(-2.9660, device='cuda:0', requires_grad=True)
Parameter containing:
tensor(-2.9655, device='cuda:0', requires_grad=True)
Parameter containing:
tensor(-2.9650, device='cuda:0', requires_grad=True)
Parameter containing:
tensor(-2.9645, device='cuda:0', requires_grad=True)
Parameter containing:
tensor(-2.9641, device='cuda:0', requires_grad=True)
Parameter containing:
tensor(-2.9636, device='cuda:0', requires_grad=True)
Parameter containing:
tensor(-2.9631, device='cuda:0', requires_grad=True)
Parameter containing:
tensor(-2.9627, device='cuda:0', requires_grad=True)
Parameter containing:
tensor(-2.9622, device='cuda:0', requires_grad=True)
Parameter containing:
tensor(-2.9618, device='cuda:0', requires_grad=True)
Parameter containing:
tensor(-2.9614, device='cuda:0', requires_grad=True)
Parameter containing:
tensor(-2.9609, device='cuda:0', requires_grad=True)
Parameter containing:
tensor(-2.9605, device='cuda:0', requires_grad=True)
Parameter containing:
tensor(-2.9601, device='cuda:0', requires_grad=True)
Parameter containing:
tensor(-2.9597, device='cuda:0', requires_grad=True)
Parameter containing:
tensor(-2.9593, device='cuda:0', requires_grad=True)
Parameter containing:
tensor(-2.9589, device='cuda:0', requires_grad=True)
Parameter containing:
tensor(-2.9585, device='cuda:0', requires_grad=True)
Parameter containing:
tensor(-2.9581, device='cuda:0', requires_grad=True)
Parameter containing:
tensor(-2.9577, device='cuda:0', requires_grad=True)
Parameter containing:
tensor(-2.9573, device='cuda:0', requires_grad=True)
Parameter containing:
tensor(-2.9569, device='cuda:0', requires_grad=True)
Parameter containing:
tensor(-2.9565, device='cuda:0', requires_grad=True)
Parameter containing:
tensor(-2.9561, device='cuda:0', requires_grad=True)
Parameter containing:
tensor(-2.9557, device='cuda:0', requires_grad=True)
Parameter containing:
tensor(-2.9553, device='cuda:0', requires_grad=True)
Parameter containing:
tensor(-2.9548, device='cuda:0', requires_grad=True)
Parameter containing:
tensor(-2.9544, device='cuda:0', requires_grad=True)
Parameter containing:
tensor(-2.9541, device='cuda:0', requires_grad=True)
Parameter containing:
tensor(-2.9537, device='cuda:0', requires_grad=True)
Parameter containing:
tensor(-2.9533, device='cuda:0', requires_grad=True)
Parameter containing:
tensor(-2.9529, device='cuda:0', requires_grad=True)
Parameter containing:
tensor(-2.9525, device='cuda:0', requires_grad=True)
Parameter containing:
tensor(-2.9522, device='cuda:0', requires_grad=True)
Parameter containing:
tensor(-2.9518, device='cuda:0', requires_grad=True)
Parameter containing:
tensor(-2.9515, device='cuda:0', requires_grad=True)
Parameter containing:
tensor(-2.9511, device='cuda:0', requires_grad=True)
Parameter containing:
tensor(-2.9508, device='cuda:0', requires_grad=True)
Parameter containing:
tensor(-2.9504, device='cuda:0', requires_grad=True)
Parameter containing:
tensor(-2.9501, device='cuda:0', requires_grad=True)
Parameter containing:
tensor(-2.9498, device='cuda:0', requires_grad=True)
Parameter containing:
tensor(-2.9494, device='cuda:0', requires_grad=True)
Parameter containing:
tensor(-2.9491, device='cuda:0', requires_grad=True)
Parameter containing:
tensor(-2.9486, device='cuda:0', requires_grad=True)
Parameter containing:
tensor(-2.9481, device='cuda:0', requires_grad=True)
Parameter containing:
tensor(-2.9476, device='cuda:0', requires_grad=True)
Parameter containing:
tensor(-2.9469, device='cuda:0', requires_grad=True)
Parameter containing:
tensor(-2.9462, device='cuda:0', requires_grad=True)
Parameter containing:
tensor(-2.9454, device='cuda:0', requires_grad=True)
Parameter containing:
tensor(-2.9446, device='cuda:0', requires_grad=True)
Parameter containing:
tensor(-2.9437, device='cuda:0', requires_grad=True)
Parameter containing:
tensor(-2.9429, device='cuda:0', requires_grad=True)
Parameter containing:
tensor(-2.9420, device='cuda:0', requires_grad=True)
Parameter containing:
tensor(-2.9411, device='cuda:0', requires_grad=True)
Parameter containing:
tensor(-2.9402, device='cuda:0', requires_grad=True)
Parameter containing:
tensor(-2.9393, device='cuda:0', requires_grad=True)
Parameter containing:
tensor(-2.9385, device='cuda:0', requires_grad=True)
Parameter containing:
tensor(-2.9376, device='cuda:0', requires_grad=True)
Parameter containing:
tensor(-2.9368, device='cuda:0', requires_grad=True)
Parameter containing:
tensor(-2.9360, device='cuda:0', requires_grad=True)
Parameter containing:
tensor(-2.9352, device='cuda:0', requires_grad=True)
Parameter containing:
tensor(-2.9344, device='cuda:0', requires_grad=True)
Parameter containing:
tensor(-2.9337, device='cuda:0', requires_grad=True)
Parameter containing:
tensor(-2.9329, device='cuda:0', requires_grad=True)
Parameter containing:
tensor(-2.9323, device='cuda:0', requires_grad=True)
Parameter containing:
tensor(-2.9316, device='cuda:0', requires_grad=True)
Parameter containing:
tensor(-2.9310, device='cuda:0', requires_grad=True)
Parameter containing:
tensor(-2.9304, device='cuda:0', requires_grad=True)
Parameter containing:
tensor(-2.9298, device='cuda:0', requires_grad=True)
Parameter containing:
tensor(-2.9292, device='cuda:0', requires_grad=True)
Parameter containing:
tensor(-2.9287, device='cuda:0', requires_grad=True)
Parameter containing:
tensor(-2.9282, device='cuda:0', requires_grad=True)
Parameter containing:
tensor(-2.9277, device='cuda:0', requires_grad=True)
Parameter containing:
tensor(-2.9272, device='cuda:0', requires_grad=True)
Parameter containing:
tensor(-2.9267, device='cuda:0', requires_grad=True)
Parameter containing:
tensor(-2.9263, device='cuda:0', requires_grad=True)
Parameter containing:
tensor(-2.9258, device='cuda:0', requires_grad=True)
Parameter containing:
tensor(-2.9254, device='cuda:0', requires_grad=True)
Parameter containing:
tensor(-2.9249, device='cuda:0', requires_grad=True)
Parameter containing:
tensor(-2.9245, device='cuda:0', requires_grad=True)
Parameter containing:
tensor(-2.9241, device='cuda:0', requires_grad=True)
Parameter containing:
tensor(-2.9237, device='cuda:0', requires_grad=True)
Parameter containing:
tensor(-2.9232, device='cuda:0', requires_grad=True)
Parameter containing:
tensor(-2.9228, device='cuda:0', requires_grad=True)
Parameter containing:
tensor(-2.9225, device='cuda:0', requires_grad=True)
Parameter containing:
tensor(-2.9221, device='cuda:0', requires_grad=True)
Parameter containing:
tensor(-2.9217, device='cuda:0', requires_grad=True)
Parameter containing:
tensor(-2.9214, device='cuda:0', requires_grad=True)
Parameter containing:
tensor(-2.9210, device='cuda:0', requires_grad=True)
Parameter containing:
tensor(-2.9207, device='cuda:0', requires_grad=True)
Parameter containing:
tensor(-2.9204, device='cuda:0', requires_grad=True)
Parameter containing:
tensor(-2.9201, device='cuda:0', requires_grad=True)
Parameter containing:
tensor(-2.9198, device='cuda:0', requires_grad=True)
Parameter containing:
tensor(-2.9195, device='cuda:0', requires_grad=True)
Parameter containing:
tensor(-2.9193, device='cuda:0', requires_grad=True)
Parameter containing:
tensor(-2.9190, device='cuda:0', requires_grad=True)
Parameter containing:
tensor(-2.9188, device='cuda:0', requires_grad=True)
Parameter containing:
tensor(-2.9186, device='cuda:0', requires_grad=True)
Parameter containing:
tensor(-2.9184, device='cuda:0', requires_grad=True)
Parameter containing:
tensor(-2.9181, device='cuda:0', requires_grad=True)
Parameter containing:
tensor(-2.9179, device='cuda:0', requires_grad=True)
Parameter containing:
tensor(-2.9176, device='cuda:0', requires_grad=True)
Parameter containing:
tensor(-2.9172, device='cuda:0', requires_grad=True)
Parameter containing:
tensor(-2.9167, device='cuda:0', requires_grad=True)
Parameter containing:
tensor(-2.9163, device='cuda:0', requires_grad=True)
Parameter containing:
tensor(-2.9159, device='cuda:0', requires_grad=True)
Parameter containing:
tensor(-2.9154, device='cuda:0', requires_grad=True)
Parameter containing:
tensor(-2.9148, device='cuda:0', requires_grad=True)
Parameter containing:
tensor(-2.9143, device='cuda:0', requires_grad=True)
Parameter containing:
tensor(-2.9136, device='cuda:0', requires_grad=True)
Parameter containing:
tensor(-2.9130, device='cuda:0', requires_grad=True)
Parameter containing:
tensor(-2.9124, device='cuda:0', requires_grad=True)
Parameter containing:
tensor(-2.9118, device='cuda:0', requires_grad=True)
Parameter containing:
tensor(-2.9111, device='cuda:0', requires_grad=True)
Parameter containing:
tensor(-2.9105, device='cuda:0', requires_grad=True)
Parameter containing:
tensor(-2.9100, device='cuda:0', requires_grad=True)
Parameter containing:
tensor(-2.9094, device='cuda:0', requires_grad=True)
Parameter containing:
tensor(-2.9089, device='cuda:0', requires_grad=True)
Parameter containing:
tensor(-2.9084, device='cuda:0', requires_grad=True)
Parameter containing:
tensor(-2.9079, device='cuda:0', requires_grad=True)
Parameter containing:
tensor(-2.9074, device='cuda:0', requires_grad=True)
Parameter containing:
tensor(-2.9069, device='cuda:0', requires_grad=True)
Parameter containing:
tensor(-2.9065, device='cuda:0', requires_grad=True)
Parameter containing:
tensor(-2.9060, device='cuda:0', requires_grad=True)
Parameter containing:
tensor(-2.9056, device='cuda:0', requires_grad=True)
Parameter containing:
tensor(-2.9052, device='cuda:0', requires_grad=True)
Parameter containing:
tensor(-2.9049, device='cuda:0', requires_grad=True)
Parameter containing:
tensor(-2.9045, device='cuda:0', requires_grad=True)
Parameter containing:
tensor(-2.9042, device='cuda:0', requires_grad=True)
Parameter containing:
tensor(-2.9039, device='cuda:0', requires_grad=True)
Parameter containing:
tensor(-2.9036, device='cuda:0', requires_grad=True)
Parameter containing:
tensor(-2.9033, device='cuda:0', requires_grad=True)
Parameter containing:
tensor(-2.9030, device='cuda:0', requires_grad=True)
Parameter containing:
tensor(-2.9027, device='cuda:0', requires_grad=True)
Parameter containing:
tensor(-2.9024, device='cuda:0', requires_grad=True)
Parameter containing:
tensor(-2.9022, device='cuda:0', requires_grad=True)
Parameter containing:
tensor(-2.9019, device='cuda:0', requires_grad=True)
Parameter containing:
tensor(-2.9016, device='cuda:0', requires_grad=True)
Parameter containing:
tensor(-2.9014, device='cuda:0', requires_grad=True)
Parameter containing:
tensor(-2.9011, device='cuda:0', requires_grad=True)
Parameter containing:
tensor(-2.9009, device='cuda:0', requires_grad=True)
Parameter containing:
tensor(-2.9007, device='cuda:0', requires_grad=True)
Parameter containing:
tensor(-2.9005, device='cuda:0', requires_grad=True)
Parameter containing:
tensor(-2.9002, device='cuda:0', requires_grad=True)
Parameter containing:
tensor(-2.8999, device='cuda:0', requires_grad=True)
Parameter containing:
tensor(-2.8996, device='cuda:0', requires_grad=True)
Parameter containing:
tensor(-2.8992, device='cuda:0', requires_grad=True)
Parameter containing:
tensor(-2.8989, device='cuda:0', requires_grad=True)
Parameter containing:
tensor(-2.8985, device='cuda:0', requires_grad=True)
Parameter containing:
tensor(-2.8981, device='cuda:0', requires_grad=True)
Parameter containing:
tensor(-2.8978, device='cuda:0', requires_grad=True)
Parameter containing:
tensor(-2.8974, device='cuda:0', requires_grad=True)
Parameter containing:
tensor(-2.8971, device='cuda:0', requires_grad=True)
Parameter containing:
tensor(-2.8967, device='cuda:0', requires_grad=True)
Parameter containing:
tensor(-2.8964, device='cuda:0', requires_grad=True)
Parameter containing:
tensor(-2.8961, device='cuda:0', requires_grad=True)
Parameter containing:
tensor(-2.8958, device='cuda:0', requires_grad=True)
Parameter containing:
tensor(-2.8955, device='cuda:0', requires_grad=True)
Parameter containing:
tensor(-2.8952, device='cuda:0', requires_grad=True)
Parameter containing:
tensor(-2.8950, device='cuda:0', requires_grad=True)
Parameter containing:
tensor(-2.8947, device='cuda:0', requires_grad=True)
Parameter containing:
tensor(-2.8945, device='cuda:0', requires_grad=True)
Parameter containing:
tensor(-2.8942, device='cuda:0', requires_grad=True)
Parameter containing:
tensor(-2.8940, device='cuda:0', requires_grad=True)
Parameter containing:
tensor(-2.8938, device='cuda:0', requires_grad=True)
Parameter containing:
tensor(-2.8936, device='cuda:0', requires_grad=True)
Parameter containing:
tensor(-2.8934, device='cuda:0', requires_grad=True)
Parameter containing:
tensor(-2.8933, device='cuda:0', requires_grad=True)
Parameter containing:
tensor(-2.8931, device='cuda:0', requires_grad=True)
Parameter containing:
tensor(-2.8929, device='cuda:0', requires_grad=True)
Parameter containing:
tensor(-2.8928, device='cuda:0', requires_grad=True)
Parameter containing:
tensor(-2.8926, device='cuda:0', requires_grad=True)
Parameter containing:
tensor(-2.8925, device='cuda:0', requires_grad=True)
Parameter containing:
tensor(-2.8924, device='cuda:0', requires_grad=True)
Parameter containing:
tensor(-2.8922, device='cuda:0', requires_grad=True)
Parameter containing:
tensor(-2.8921, device='cuda:0', requires_grad=True)
Parameter containing:
tensor(-2.8920, device='cuda:0', requires_grad=True)
Parameter containing:
tensor(-2.8919, device='cuda:0', requires_grad=True)
Parameter containing:
tensor(-2.8918, device='cuda:0', requires_grad=True)
Parameter containing:
tensor(-2.8918, device='cuda:0', requires_grad=True)
Parameter containing:
tensor(-2.8917, device='cuda:0', requires_grad=True)
Parameter containing:
tensor(-2.8916, device='cuda:0', requires_grad=True)
Parameter containing:
tensor(-2.8916, device='cuda:0', requires_grad=True)
Parameter containing:
tensor(-2.8915, device='cuda:0', requires_grad=True)
Parameter containing:
tensor(-2.8914, device='cuda:0', requires_grad=True)
Parameter containing:
tensor(-2.8914, device='cuda:0', requires_grad=True)
Parameter containing:
tensor(-2.8912, device='cuda:0', requires_grad=True)
Parameter containing:
tensor(-2.8909, device='cuda:0', requires_grad=True)
Parameter containing:
tensor(-2.8906, device='cuda:0', requires_grad=True)
Parameter containing:
tensor(-2.8903, device='cuda:0', requires_grad=True)
Parameter containing:
tensor(-2.8900, device='cuda:0', requires_grad=True)
Parameter containing:
tensor(-2.8898, device='cuda:0', requires_grad=True)
Parameter containing:
tensor(-2.8895, device='cuda:0', requires_grad=True)
Parameter containing:
tensor(-2.8892, device='cuda:0', requires_grad=True)
Parameter containing:
tensor(-2.8889, device='cuda:0', requires_grad=True)
Parameter containing:
tensor(-2.8886, device='cuda:0', requires_grad=True)
Parameter containing:
tensor(-2.8884, device='cuda:0', requires_grad=True)
Parameter containing:
tensor(-2.8881, device='cuda:0', requires_grad=True)
Parameter containing:
tensor(-2.8877, device='cuda:0', requires_grad=True)
Parameter containing:
tensor(-2.8874, device='cuda:0', requires_grad=True)
Parameter containing:
tensor(-2.8871, device='cuda:0', requires_grad=True)
Parameter containing:
tensor(-2.8868, device='cuda:0', requires_grad=True)
Parameter containing:
tensor(-2.8866, device='cuda:0', requires_grad=True)
Parameter containing:
tensor(-2.8863, device='cuda:0', requires_grad=True)
Parameter containing:
tensor(-2.8861, device='cuda:0', requires_grad=True)
Parameter containing:
tensor(-2.8859, device='cuda:0', requires_grad=True)
Parameter containing:
tensor(-2.8858, device='cuda:0', requires_grad=True)
Parameter containing:
tensor(-2.8856, device='cuda:0', requires_grad=True)
Parameter containing:
tensor(-2.8855, device='cuda:0', requires_grad=True)
Parameter containing:
tensor(-2.8854, device='cuda:0', requires_grad=True)
Parameter containing:
tensor(-2.8853, device='cuda:0', requires_grad=True)
Parameter containing:
tensor(-2.8852, device='cuda:0', requires_grad=True)
Parameter containing:
tensor(-2.8852, device='cuda:0', requires_grad=True)
Parameter containing:
tensor(-2.8852, device='cuda:0', requires_grad=True)
Parameter containing:
tensor(-2.8851, device='cuda:0', requires_grad=True)
Parameter containing:
tensor(-2.8851, device='cuda:0', requires_grad=True)
Parameter containing:
tensor(-2.8852, device='cuda:0', requires_grad=True)
Parameter containing:
tensor(-2.8852, device='cuda:0', requires_grad=True)
Parameter containing:
tensor(-2.8852, device='cuda:0', requires_grad=True)
Parameter containing:
tensor(-2.8852, device='cuda:0', requires_grad=True)
Parameter containing:
tensor(-2.8853, device='cuda:0', requires_grad=True)
Parameter containing:
tensor(-2.8854, device='cuda:0', requires_grad=True)
Parameter containing:
tensor(-2.8855, device='cuda:0', requires_grad=True)
Parameter containing:
tensor(-2.8855, device='cuda:0', requires_grad=True)
Parameter containing:
tensor(-2.8856, device='cuda:0', requires_grad=True)
Parameter containing:
tensor(-2.8857, device='cuda:0', requires_grad=True)
Parameter containing:
tensor(-2.8858, device='cuda:0', requires_grad=True)
Parameter containing:
tensor(-2.8859, device='cuda:0', requires_grad=True)
Parameter containing:
tensor(-2.8861, device='cuda:0', requires_grad=True)
Parameter containing:
tensor(-2.8862, device='cuda:0', requires_grad=True)
Parameter containing:
tensor(-2.8863, device='cuda:0', requires_grad=True)
Parameter containing:
tensor(-2.8864, device='cuda:0', requires_grad=True)
Parameter containing:
tensor(-2.8865, device='cuda:0', requires_grad=True)
Parameter containing:
tensor(-2.8865, device='cuda:0', requires_grad=True)
Parameter containing:
tensor(-2.8864, device='cuda:0', requires_grad=True)
Parameter containing:
tensor(-2.8862, device='cuda:0', requires_grad=True)
Parameter containing:
tensor(-2.8857, device='cuda:0', requires_grad=True)
Parameter containing:
tensor(-2.8852, device='cuda:0', requires_grad=True)
Parameter containing:
tensor(-2.8846, device='cuda:0', requires_grad=True)
Parameter containing:
tensor(-2.8840, device='cuda:0', requires_grad=True)
Parameter containing:
tensor(-2.8833, device='cuda:0', requires_grad=True)
Parameter containing:
tensor(-2.8826, device='cuda:0', requires_grad=True)
Parameter containing:
tensor(-2.8819, device='cuda:0', requires_grad=True)
Parameter containing:
tensor(-2.8812, device='cuda:0', requires_grad=True)
Parameter containing:
tensor(-2.8805, device='cuda:0', requires_grad=True)
Parameter containing:
tensor(-2.8798, device='cuda:0', requires_grad=True)
Parameter containing:
tensor(-2.8791, device='cuda:0', requires_grad=True)
Parameter containing:
tensor(-2.8785, device='cuda:0', requires_grad=True)
Parameter containing:
tensor(-2.8779, device='cuda:0', requires_grad=True)
Parameter containing:
tensor(-2.8773, device='cuda:0', requires_grad=True)
Parameter containing:
tensor(-2.8767, device='cuda:0', requires_grad=True)
Parameter containing:
tensor(-2.8762, device='cuda:0', requires_grad=True)
Parameter containing:
tensor(-2.8756, device='cuda:0', requires_grad=True)
Parameter containing:
tensor(-2.8751, device='cuda:0', requires_grad=True)
Parameter containing:
tensor(-2.8746, device='cuda:0', requires_grad=True)
Parameter containing:
tensor(-2.8742, device='cuda:0', requires_grad=True)
Parameter containing:
tensor(-2.8738, device='cuda:0', requires_grad=True)
Parameter containing:
tensor(-2.8735, device='cuda:0', requires_grad=True)
Parameter containing:
tensor(-2.8732, device='cuda:0', requires_grad=True)
Parameter containing:
tensor(-2.8729, device='cuda:0', requires_grad=True)
Parameter containing:
tensor(-2.8727, device='cuda:0', requires_grad=True)
Parameter containing:
tensor(-2.8725, device='cuda:0', requires_grad=True)
Parameter containing:
tensor(-2.8724, device='cuda:0', requires_grad=True)
Parameter containing:
tensor(-2.8722, device='cuda:0', requires_grad=True)
Parameter containing:
tensor(-2.8721, device='cuda:0', requires_grad=True)
Parameter containing:
tensor(-2.8720, device='cuda:0', requires_grad=True)
Parameter containing:
tensor(-2.8720, device='cuda:0', requires_grad=True)
Parameter containing:
tensor(-2.8719, device='cuda:0', requires_grad=True)
Parameter containing:
tensor(-2.8719, device='cuda:0', requires_grad=True)
Parameter containing:
tensor(-2.8718, device='cuda:0', requires_grad=True)
Parameter containing:
tensor(-2.8718, device='cuda:0', requires_grad=True)
Parameter containing:
tensor(-2.8718, device='cuda:0', requires_grad=True)
Parameter containing:
tensor(-2.8719, device='cuda:0', requires_grad=True)
Parameter containing:
tensor(-2.8719, device='cuda:0', requires_grad=True)
Parameter containing:
tensor(-2.8720, device='cuda:0', requires_grad=True)
Parameter containing:
tensor(-2.8721, device='cuda:0', requires_grad=True)
Parameter containing:
tensor(-2.8722, device='cuda:0', requires_grad=True)
Parameter containing:
tensor(-2.8723, device='cuda:0', requires_grad=True)
Parameter containing:
tensor(-2.8723, device='cuda:0', requires_grad=True)
Parameter containing:
tensor(-2.8724, device='cuda:0', requires_grad=True)
Parameter containing:
tensor(-2.8726, device='cuda:0', requires_grad=True)
Parameter containing:
tensor(-2.8727, device='cuda:0', requires_grad=True)
Parameter containing:
tensor(-2.8729, device='cuda:0', requires_grad=True)
Parameter containing:
tensor(-2.8730, device='cuda:0', requires_grad=True)
Parameter containing:
tensor(-2.8732, device='cuda:0', requires_grad=True)
Parameter containing:
tensor(-2.8734, device='cuda:0', requires_grad=True)
Parameter containing:
tensor(-2.8736, device='cuda:0', requires_grad=True)
Parameter containing:
tensor(-2.8739, device='cuda:0', requires_grad=True)
Parameter containing:
tensor(-2.8741, device='cuda:0', requires_grad=True)
Parameter containing:
tensor(-2.8744, device='cuda:0', requires_grad=True)
Parameter containing:
tensor(-2.8747, device='cuda:0', requires_grad=True)
Parameter containing:
tensor(-2.8750, device='cuda:0', requires_grad=True)
Parameter containing:
tensor(-2.8753, device='cuda:0', requires_grad=True)
Parameter containing:
tensor(-2.8755, device='cuda:0', requires_grad=True)
Parameter containing:
tensor(-2.8758, device='cuda:0', requires_grad=True)
Parameter containing:
tensor(-2.8762, device='cuda:0', requires_grad=True)
Parameter containing:
tensor(-2.8765, device='cuda:0', requires_grad=True)
Parameter containing:
tensor(-2.8768, device='cuda:0', requires_grad=True)
Parameter containing:
tensor(-2.8771, device='cuda:0', requires_grad=True)
Parameter containing:
tensor(-2.8774, device='cuda:0', requires_grad=True)
Parameter containing:
tensor(-2.8777, device='cuda:0', requires_grad=True)
Parameter containing:
tensor(-2.8780, device='cuda:0', requires_grad=True)
Parameter containing:
tensor(-2.8782, device='cuda:0', requires_grad=True)
Parameter containing:
tensor(-2.8783, device='cuda:0', requires_grad=True)
Parameter containing:
tensor(-2.8785, device='cuda:0', requires_grad=True)
Parameter containing:
tensor(-2.8787, device='cuda:0', requires_grad=True)
Parameter containing:
tensor(-2.8788, device='cuda:0', requires_grad=True)
Parameter containing:
tensor(-2.8789, device='cuda:0', requires_grad=True)
Parameter containing:
tensor(-2.8789, device='cuda:0', requires_grad=True)
Parameter containing:
tensor(-2.8790, device='cuda:0', requires_grad=True)
Parameter containing:
tensor(-2.8791, device='cuda:0', requires_grad=True)
Parameter containing:
tensor(-2.8793, device='cuda:0', requires_grad=True)
Parameter containing:
tensor(-2.8794, device='cuda:0', requires_grad=True)
Parameter containing:
tensor(-2.8795, device='cuda:0', requires_grad=True)
Parameter containing:
tensor(-2.8797, device='cuda:0', requires_grad=True)
Parameter containing:
tensor(-2.8798, device='cuda:0', requires_grad=True)
Parameter containing:
tensor(-2.8800, device='cuda:0', requires_grad=True)
Parameter containing:
tensor(-2.8802, device='cuda:0', requires_grad=True)
Parameter containing:
tensor(-2.8804, device='cuda:0', requires_grad=True)
Parameter containing:
tensor(-2.8805, device='cuda:0', requires_grad=True)
Parameter containing:
tensor(-2.8808, device='cuda:0', requires_grad=True)
Parameter containing:
tensor(-2.8810, device='cuda:0', requires_grad=True)
Parameter containing:
tensor(-2.8812, device='cuda:0', requires_grad=True)
Parameter containing:
tensor(-2.8815, device='cuda:0', requires_grad=True)
Parameter containing:
tensor(-2.8817, device='cuda:0', requires_grad=True)
Parameter containing:
tensor(-2.8820, device='cuda:0', requires_grad=True)
Parameter containing:
tensor(-2.8823, device='cuda:0', requires_grad=True)
Parameter containing:
tensor(-2.8826, device='cuda:0', requires_grad=True)
Parameter containing:
tensor(-2.8829, device='cuda:0', requires_grad=True)
Parameter containing:
tensor(-2.8831, device='cuda:0', requires_grad=True)
Parameter containing:
tensor(-2.8833, device='cuda:0', requires_grad=True)
Parameter containing:
tensor(-2.8835, device='cuda:0', requires_grad=True)
Parameter containing:
tensor(-2.8835, device='cuda:0', requires_grad=True)
Parameter containing:
tensor(-2.8836, device='cuda:0', requires_grad=True)
Parameter containing:
tensor(-2.8837, device='cuda:0', requires_grad=True)
Parameter containing:
tensor(-2.8837, device='cuda:0', requires_grad=True)
Parameter containing:
tensor(-2.8838, device='cuda:0', requires_grad=True)
Parameter containing:
tensor(-2.8838, device='cuda:0', requires_grad=True)
Parameter containing:
tensor(-2.8838, device='cuda:0', requires_grad=True)
Parameter containing:
tensor(-2.8838, device='cuda:0', requires_grad=True)
Parameter containing:
tensor(-2.8838, device='cuda:0', requires_grad=True)
Parameter containing:
tensor(-2.8839, device='cuda:0', requires_grad=True)
Parameter containing:
tensor(-2.8840, device='cuda:0', requires_grad=True)
Parameter containing:
tensor(-2.8841, device='cuda:0', requires_grad=True)
Parameter containing:
tensor(-2.8842, device='cuda:0', requires_grad=True)
Parameter containing:
tensor(-2.8843, device='cuda:0', requires_grad=True)
Parameter containing:
tensor(-2.8845, device='cuda:0', requires_grad=True)
Parameter containing:
tensor(-2.8846, device='cuda:0', requires_grad=True)
Parameter containing:
tensor(-2.8848, device='cuda:0', requires_grad=True)
Parameter containing:
tensor(-2.8850, device='cuda:0', requires_grad=True)
Parameter containing:
tensor(-2.8852, device='cuda:0', requires_grad=True)
Parameter containing:
tensor(-2.8854, device='cuda:0', requires_grad=True)
Parameter containing:
tensor(-2.8856, device='cuda:0', requires_grad=True)
Parameter containing:
tensor(-2.8859, device='cuda:0', requires_grad=True)
Parameter containing:
tensor(-2.8861, device='cuda:0', requires_grad=True)
Parameter containing:
tensor(-2.8863, device='cuda:0', requires_grad=True)
Parameter containing:
tensor(-2.8866, device='cuda:0', requires_grad=True)
Parameter containing:
tensor(-2.8869, device='cuda:0', requires_grad=True)
Parameter containing:
tensor(-2.8872, device='cuda:0', requires_grad=True)
Parameter containing:
tensor(-2.8876, device='cuda:0', requires_grad=True)
Parameter containing:
tensor(-2.8879, device='cuda:0', requires_grad=True)
Parameter containing:
tensor(-2.8882, device='cuda:0', requires_grad=True)
Parameter containing:
tensor(-2.8886, device='cuda:0', requires_grad=True)
Parameter containing:
tensor(-2.8890, device='cuda:0', requires_grad=True)
Parameter containing:
tensor(-2.8894, device='cuda:0', requires_grad=True)
Parameter containing:
tensor(-2.8898, device='cuda:0', requires_grad=True)
Parameter containing:
tensor(-2.8902, device='cuda:0', requires_grad=True)
Parameter containing:
tensor(-2.8906, device='cuda:0', requires_grad=True)
Parameter containing:
tensor(-2.8910, device='cuda:0', requires_grad=True)
Parameter containing:
tensor(-2.8914, device='cuda:0', requires_grad=True)
Parameter containing:
tensor(-2.8918, device='cuda:0', requires_grad=True)
Parameter containing:
tensor(-2.8922, device='cuda:0', requires_grad=True)
Parameter containing:
tensor(-2.8926, device='cuda:0', requires_grad=True)
Parameter containing:
tensor(-2.8930, device='cuda:0', requires_grad=True)
Parameter containing:
tensor(-2.8933, device='cuda:0', requires_grad=True)
Parameter containing:
tensor(-2.8937, device='cuda:0', requires_grad=True)
Parameter containing:
tensor(-2.8941, device='cuda:0', requires_grad=True)
Parameter containing:
tensor(-2.8945, device='cuda:0', requires_grad=True)
Parameter containing:
tensor(-2.8948, device='cuda:0', requires_grad=True)
Parameter containing:
tensor(-2.8953, device='cuda:0', requires_grad=True)
Parameter containing:
tensor(-2.8957, device='cuda:0', requires_grad=True)
Parameter containing:
tensor(-2.8961, device='cuda:0', requires_grad=True)
Parameter containing:
tensor(-2.8965, device='cuda:0', requires_grad=True)
Parameter containing:
tensor(-2.8969, device='cuda:0', requires_grad=True)
Parameter containing:
tensor(-2.8973, device='cuda:0', requires_grad=True)
Parameter containing:
tensor(-2.8977, device='cuda:0', requires_grad=True)
Parameter containing:
tensor(-2.8981, device='cuda:0', requires_grad=True)
Parameter containing:
tensor(-2.8985, device='cuda:0', requires_grad=True)
Parameter containing:
tensor(-2.8989, device='cuda:0', requires_grad=True)
Parameter containing:
tensor(-2.8993, device='cuda:0', requires_grad=True)
Parameter containing:
tensor(-2.8997, device='cuda:0', requires_grad=True)
Parameter containing:
tensor(-2.9001, device='cuda:0', requires_grad=True)
Parameter containing:
tensor(-2.9005, device='cuda:0', requires_grad=True)
Parameter containing:
tensor(-2.9009, device='cuda:0', requires_grad=True)
Parameter containing:
tensor(-2.9014, device='cuda:0', requires_grad=True)
Parameter containing:
tensor(-2.9017, device='cuda:0', requires_grad=True)
Parameter containing:
tensor(-2.9020, device='cuda:0', requires_grad=True)
Parameter containing:
tensor(-2.9024, device='cuda:0', requires_grad=True)
Parameter containing:
tensor(-2.9028, device='cuda:0', requires_grad=True)
Parameter containing:
tensor(-2.9032, device='cuda:0', requires_grad=True)
Parameter containing:
tensor(-2.9036, device='cuda:0', requires_grad=True)
Parameter containing:
tensor(-2.9040, device='cuda:0', requires_grad=True)
Parameter containing:
tensor(-2.9044, device='cuda:0', requires_grad=True)
Parameter containing:
tensor(-2.9049, device='cuda:0', requires_grad=True)
Parameter containing:
tensor(-2.9054, device='cuda:0', requires_grad=True)
Parameter containing:
tensor(-2.9058, device='cuda:0', requires_grad=True)
Parameter containing:
tensor(-2.9063, device='cuda:0', requires_grad=True)
Parameter containing:
tensor(-2.9067, device='cuda:0', requires_grad=True)
Parameter containing:
tensor(-2.9071, device='cuda:0', requires_grad=True)
Parameter containing:
tensor(-2.9076, device='cuda:0', requires_grad=True)
Parameter containing:
tensor(-2.9080, device='cuda:0', requires_grad=True)
Parameter containing:
tensor(-2.9085, device='cuda:0', requires_grad=True)
Parameter containing:
tensor(-2.9089, device='cuda:0', requires_grad=True)
Parameter containing:
tensor(-2.9094, device='cuda:0', requires_grad=True)
Parameter containing:
tensor(-2.9099, device='cuda:0', requires_grad=True)
Parameter containing:
tensor(-2.9104, device='cuda:0', requires_grad=True)
Parameter containing:
tensor(-2.9109, device='cuda:0', requires_grad=True)
Parameter containing:
tensor(-2.9113, device='cuda:0', requires_grad=True)
Parameter containing:
tensor(-2.9118, device='cuda:0', requires_grad=True)
Parameter containing:
tensor(-2.9123, device='cuda:0', requires_grad=True)
Parameter containing:
tensor(-2.9128, device='cuda:0', requires_grad=True)
Parameter containing:
tensor(-2.9134, device='cuda:0', requires_grad=True)
Parameter containing:
tensor(-2.9139, device='cuda:0', requires_grad=True)
Parameter containing:
tensor(-2.9144, device='cuda:0', requires_grad=True)
Parameter containing:
tensor(-2.9150, device='cuda:0', requires_grad=True)
Parameter containing:
tensor(-2.9155, device='cuda:0', requires_grad=True)
Parameter containing:
tensor(-2.9161, device='cuda:0', requires_grad=True)
Parameter containing:
tensor(-2.9167, device='cuda:0', requires_grad=True)
Parameter containing:
tensor(-2.9173, device='cuda:0', requires_grad=True)
Parameter containing:
tensor(-2.9179, device='cuda:0', requires_grad=True)
Parameter containing:
tensor(-2.9185, device='cuda:0', requires_grad=True)
Parameter containing:
tensor(-2.9191, device='cuda:0', requires_grad=True)
Parameter containing:
tensor(-2.9196, device='cuda:0', requires_grad=True)
Parameter containing:
tensor(-2.9202, device='cuda:0', requires_grad=True)
Parameter containing:
tensor(-2.9207, device='cuda:0', requires_grad=True)
Parameter containing:
tensor(-2.9213, device='cuda:0', requires_grad=True)
Parameter containing:
tensor(-2.9218, device='cuda:0', requires_grad=True)
Parameter containing:
tensor(-2.9224, device='cuda:0', requires_grad=True)
Parameter containing:
tensor(-2.9229, device='cuda:0', requires_grad=True)
Parameter containing:
tensor(-2.9235, device='cuda:0', requires_grad=True)
Parameter containing:
tensor(-2.9240, device='cuda:0', requires_grad=True)
Parameter containing:
tensor(-2.9246, device='cuda:0', requires_grad=True)
Parameter containing:
tensor(-2.9252, device='cuda:0', requires_grad=True)
Parameter containing:
tensor(-2.9258, device='cuda:0', requires_grad=True)
Parameter containing:
tensor(-2.9264, device='cuda:0', requires_grad=True)
Parameter containing:
tensor(-2.9270, device='cuda:0', requires_grad=True)
Parameter containing:
tensor(-2.9277, device='cuda:0', requires_grad=True)
Parameter containing:
tensor(-2.9283, device='cuda:0', requires_grad=True)
Parameter containing:
tensor(-2.9290, device='cuda:0', requires_grad=True)
Parameter containing:
tensor(-2.9296, device='cuda:0', requires_grad=True)
Parameter containing:
tensor(-2.9302, device='cuda:0', requires_grad=True)
Parameter containing:
tensor(-2.9308, device='cuda:0', requires_grad=True)
Parameter containing:
tensor(-2.9313, device='cuda:0', requires_grad=True)


PS:

Read file <14836029.stderr> for stderr output of this job.

