Sender: LSF System <lsfadmin@lg02>
Subject: Job 14836123: <_gp_98> in cluster <lila> Done

Job <_gp_98> was submitted from host <ls14> by user <wangy1> in cluster <lila> at Thu Jun 11 19:30:09 2020
Job was executed on host(s) <12*lg02>, in queue <gpuqueue>, as user <wangy1> in cluster <lila> at Thu Jun 11 19:30:09 2020
</home/wangy1> was used as the home directory.
</data/chodera/wangyq/pinot/scripts/gp_split> was used as the working directory.
Started at Thu Jun 11 19:30:09 2020
Terminated at Thu Jun 11 19:34:07 2020
Results reported at Thu Jun 11 19:34:07 2020

Your job looked like:

------------------------------------------------------------
# LSBATCH: User input
python ../../pinot/app/gp_train.py --layer GraphConv --out _gp_98 --n_epochs 500 --lr 1e-3 --config 32 tanh 32 tanh 32 tanh --lr 1e-3 --partition 98:2
------------------------------------------------------------

Successfully completed.

Resource usage summary:

    CPU time :                                   994.41 sec.
    Max Memory :                                 2 GB
    Average Memory :                             1.89 GB
    Total Requested Memory :                     48.00 GB
    Delta Memory :                               46.00 GB
    Max Swap :                                   -
    Max Processes :                              3
    Max Threads :                                20
    Run time :                                   238 sec.
    Turnaround time :                            238 sec.

The output (if any) follows:

Parameter containing:
tensor(-3., device='cuda:0', requires_grad=True)
Parameter containing:
tensor(-2.9990, device='cuda:0', requires_grad=True)
Parameter containing:
tensor(-2.9980, device='cuda:0', requires_grad=True)
Parameter containing:
tensor(-2.9970, device='cuda:0', requires_grad=True)
Parameter containing:
tensor(-2.9961, device='cuda:0', requires_grad=True)
Parameter containing:
tensor(-2.9951, device='cuda:0', requires_grad=True)
Parameter containing:
tensor(-2.9941, device='cuda:0', requires_grad=True)
Parameter containing:
tensor(-2.9932, device='cuda:0', requires_grad=True)
Parameter containing:
tensor(-2.9923, device='cuda:0', requires_grad=True)
Parameter containing:
tensor(-2.9913, device='cuda:0', requires_grad=True)
Parameter containing:
tensor(-2.9904, device='cuda:0', requires_grad=True)
Parameter containing:
tensor(-2.9894, device='cuda:0', requires_grad=True)
Parameter containing:
tensor(-2.9885, device='cuda:0', requires_grad=True)
Parameter containing:
tensor(-2.9875, device='cuda:0', requires_grad=True)
Parameter containing:
tensor(-2.9866, device='cuda:0', requires_grad=True)
Parameter containing:
tensor(-2.9856, device='cuda:0', requires_grad=True)
Parameter containing:
tensor(-2.9846, device='cuda:0', requires_grad=True)
Parameter containing:
tensor(-2.9837, device='cuda:0', requires_grad=True)
Parameter containing:
tensor(-2.9827, device='cuda:0', requires_grad=True)
Parameter containing:
tensor(-2.9817, device='cuda:0', requires_grad=True)
Parameter containing:
tensor(-2.9808, device='cuda:0', requires_grad=True)
Parameter containing:
tensor(-2.9798, device='cuda:0', requires_grad=True)
Parameter containing:
tensor(-2.9788, device='cuda:0', requires_grad=True)
Parameter containing:
tensor(-2.9779, device='cuda:0', requires_grad=True)
Parameter containing:
tensor(-2.9769, device='cuda:0', requires_grad=True)
Parameter containing:
tensor(-2.9760, device='cuda:0', requires_grad=True)
Parameter containing:
tensor(-2.9750, device='cuda:0', requires_grad=True)
Parameter containing:
tensor(-2.9741, device='cuda:0', requires_grad=True)
Parameter containing:
tensor(-2.9731, device='cuda:0', requires_grad=True)
Parameter containing:
tensor(-2.9722, device='cuda:0', requires_grad=True)
Parameter containing:
tensor(-2.9713, device='cuda:0', requires_grad=True)
Parameter containing:
tensor(-2.9703, device='cuda:0', requires_grad=True)
Parameter containing:
tensor(-2.9694, device='cuda:0', requires_grad=True)
Parameter containing:
tensor(-2.9685, device='cuda:0', requires_grad=True)
Parameter containing:
tensor(-2.9676, device='cuda:0', requires_grad=True)
Parameter containing:
tensor(-2.9667, device='cuda:0', requires_grad=True)
Parameter containing:
tensor(-2.9658, device='cuda:0', requires_grad=True)
Parameter containing:
tensor(-2.9649, device='cuda:0', requires_grad=True)
Parameter containing:
tensor(-2.9640, device='cuda:0', requires_grad=True)
Parameter containing:
tensor(-2.9631, device='cuda:0', requires_grad=True)
Parameter containing:
tensor(-2.9622, device='cuda:0', requires_grad=True)
Parameter containing:
tensor(-2.9613, device='cuda:0', requires_grad=True)
Parameter containing:
tensor(-2.9604, device='cuda:0', requires_grad=True)
Parameter containing:
tensor(-2.9596, device='cuda:0', requires_grad=True)
Parameter containing:
tensor(-2.9587, device='cuda:0', requires_grad=True)
Parameter containing:
tensor(-2.9578, device='cuda:0', requires_grad=True)
Parameter containing:
tensor(-2.9570, device='cuda:0', requires_grad=True)
Parameter containing:
tensor(-2.9561, device='cuda:0', requires_grad=True)
Parameter containing:
tensor(-2.9552, device='cuda:0', requires_grad=True)
Parameter containing:
tensor(-2.9544, device='cuda:0', requires_grad=True)
Parameter containing:
tensor(-2.9535, device='cuda:0', requires_grad=True)
Parameter containing:
tensor(-2.9526, device='cuda:0', requires_grad=True)
Parameter containing:
tensor(-2.9518, device='cuda:0', requires_grad=True)
Parameter containing:
tensor(-2.9509, device='cuda:0', requires_grad=True)
Parameter containing:
tensor(-2.9501, device='cuda:0', requires_grad=True)
Parameter containing:
tensor(-2.9493, device='cuda:0', requires_grad=True)
Parameter containing:
tensor(-2.9484, device='cuda:0', requires_grad=True)
Parameter containing:
tensor(-2.9476, device='cuda:0', requires_grad=True)
Parameter containing:
tensor(-2.9467, device='cuda:0', requires_grad=True)
Parameter containing:
tensor(-2.9459, device='cuda:0', requires_grad=True)
Parameter containing:
tensor(-2.9450, device='cuda:0', requires_grad=True)
Parameter containing:
tensor(-2.9442, device='cuda:0', requires_grad=True)
Parameter containing:
tensor(-2.9434, device='cuda:0', requires_grad=True)
Parameter containing:
tensor(-2.9425, device='cuda:0', requires_grad=True)
Parameter containing:
tensor(-2.9417, device='cuda:0', requires_grad=True)
Parameter containing:
tensor(-2.9409, device='cuda:0', requires_grad=True)
Parameter containing:
tensor(-2.9400, device='cuda:0', requires_grad=True)
Parameter containing:
tensor(-2.9392, device='cuda:0', requires_grad=True)
Parameter containing:
tensor(-2.9384, device='cuda:0', requires_grad=True)
Parameter containing:
tensor(-2.9375, device='cuda:0', requires_grad=True)
Parameter containing:
tensor(-2.9367, device='cuda:0', requires_grad=True)
Parameter containing:
tensor(-2.9359, device='cuda:0', requires_grad=True)
Parameter containing:
tensor(-2.9350, device='cuda:0', requires_grad=True)
Parameter containing:
tensor(-2.9342, device='cuda:0', requires_grad=True)
Parameter containing:
tensor(-2.9334, device='cuda:0', requires_grad=True)
Parameter containing:
tensor(-2.9326, device='cuda:0', requires_grad=True)
Parameter containing:
tensor(-2.9317, device='cuda:0', requires_grad=True)
Parameter containing:
tensor(-2.9309, device='cuda:0', requires_grad=True)
Parameter containing:
tensor(-2.9301, device='cuda:0', requires_grad=True)
Parameter containing:
tensor(-2.9293, device='cuda:0', requires_grad=True)
Parameter containing:
tensor(-2.9285, device='cuda:0', requires_grad=True)
Parameter containing:
tensor(-2.9277, device='cuda:0', requires_grad=True)
Parameter containing:
tensor(-2.9268, device='cuda:0', requires_grad=True)
Parameter containing:
tensor(-2.9260, device='cuda:0', requires_grad=True)
Parameter containing:
tensor(-2.9252, device='cuda:0', requires_grad=True)
Parameter containing:
tensor(-2.9244, device='cuda:0', requires_grad=True)
Parameter containing:
tensor(-2.9236, device='cuda:0', requires_grad=True)
Parameter containing:
tensor(-2.9228, device='cuda:0', requires_grad=True)
Parameter containing:
tensor(-2.9219, device='cuda:0', requires_grad=True)
Parameter containing:
tensor(-2.9211, device='cuda:0', requires_grad=True)
Parameter containing:
tensor(-2.9203, device='cuda:0', requires_grad=True)
Parameter containing:
tensor(-2.9195, device='cuda:0', requires_grad=True)
Parameter containing:
tensor(-2.9187, device='cuda:0', requires_grad=True)
Parameter containing:
tensor(-2.9179, device='cuda:0', requires_grad=True)
Parameter containing:
tensor(-2.9170, device='cuda:0', requires_grad=True)
Parameter containing:
tensor(-2.9162, device='cuda:0', requires_grad=True)
Parameter containing:
tensor(-2.9154, device='cuda:0', requires_grad=True)
Parameter containing:
tensor(-2.9146, device='cuda:0', requires_grad=True)
Parameter containing:
tensor(-2.9138, device='cuda:0', requires_grad=True)
Parameter containing:
tensor(-2.9130, device='cuda:0', requires_grad=True)
Parameter containing:
tensor(-2.9122, device='cuda:0', requires_grad=True)
Parameter containing:
tensor(-2.9113, device='cuda:0', requires_grad=True)
Parameter containing:
tensor(-2.9105, device='cuda:0', requires_grad=True)
Parameter containing:
tensor(-2.9097, device='cuda:0', requires_grad=True)
Parameter containing:
tensor(-2.9089, device='cuda:0', requires_grad=True)
Parameter containing:
tensor(-2.9081, device='cuda:0', requires_grad=True)
Parameter containing:
tensor(-2.9073, device='cuda:0', requires_grad=True)
Parameter containing:
tensor(-2.9065, device='cuda:0', requires_grad=True)
Parameter containing:
tensor(-2.9057, device='cuda:0', requires_grad=True)
Parameter containing:
tensor(-2.9049, device='cuda:0', requires_grad=True)
Parameter containing:
tensor(-2.9041, device='cuda:0', requires_grad=True)
Parameter containing:
tensor(-2.9033, device='cuda:0', requires_grad=True)
Parameter containing:
tensor(-2.9025, device='cuda:0', requires_grad=True)
Parameter containing:
tensor(-2.9017, device='cuda:0', requires_grad=True)
Parameter containing:
tensor(-2.9009, device='cuda:0', requires_grad=True)
Parameter containing:
tensor(-2.9001, device='cuda:0', requires_grad=True)
Parameter containing:
tensor(-2.8993, device='cuda:0', requires_grad=True)
Parameter containing:
tensor(-2.8985, device='cuda:0', requires_grad=True)
Parameter containing:
tensor(-2.8977, device='cuda:0', requires_grad=True)
Parameter containing:
tensor(-2.8969, device='cuda:0', requires_grad=True)
Parameter containing:
tensor(-2.8961, device='cuda:0', requires_grad=True)
Parameter containing:
tensor(-2.8953, device='cuda:0', requires_grad=True)
Parameter containing:
tensor(-2.8945, device='cuda:0', requires_grad=True)
Parameter containing:
tensor(-2.8937, device='cuda:0', requires_grad=True)
Parameter containing:
tensor(-2.8929, device='cuda:0', requires_grad=True)
Parameter containing:
tensor(-2.8921, device='cuda:0', requires_grad=True)
Parameter containing:
tensor(-2.8913, device='cuda:0', requires_grad=True)
Parameter containing:
tensor(-2.8905, device='cuda:0', requires_grad=True)
Parameter containing:
tensor(-2.8897, device='cuda:0', requires_grad=True)
Parameter containing:
tensor(-2.8889, device='cuda:0', requires_grad=True)
Parameter containing:
tensor(-2.8881, device='cuda:0', requires_grad=True)
Parameter containing:
tensor(-2.8874, device='cuda:0', requires_grad=True)
Parameter containing:
tensor(-2.8866, device='cuda:0', requires_grad=True)
Parameter containing:
tensor(-2.8858, device='cuda:0', requires_grad=True)
Parameter containing:
tensor(-2.8850, device='cuda:0', requires_grad=True)
Parameter containing:
tensor(-2.8842, device='cuda:0', requires_grad=True)
Parameter containing:
tensor(-2.8835, device='cuda:0', requires_grad=True)
Parameter containing:
tensor(-2.8827, device='cuda:0', requires_grad=True)
Parameter containing:
tensor(-2.8819, device='cuda:0', requires_grad=True)
Parameter containing:
tensor(-2.8811, device='cuda:0', requires_grad=True)
Parameter containing:
tensor(-2.8804, device='cuda:0', requires_grad=True)
Parameter containing:
tensor(-2.8796, device='cuda:0', requires_grad=True)
Parameter containing:
tensor(-2.8788, device='cuda:0', requires_grad=True)
Parameter containing:
tensor(-2.8780, device='cuda:0', requires_grad=True)
Parameter containing:
tensor(-2.8773, device='cuda:0', requires_grad=True)
Parameter containing:
tensor(-2.8765, device='cuda:0', requires_grad=True)
Parameter containing:
tensor(-2.8758, device='cuda:0', requires_grad=True)
Parameter containing:
tensor(-2.8750, device='cuda:0', requires_grad=True)
Parameter containing:
tensor(-2.8742, device='cuda:0', requires_grad=True)
Parameter containing:
tensor(-2.8735, device='cuda:0', requires_grad=True)
Parameter containing:
tensor(-2.8727, device='cuda:0', requires_grad=True)
Parameter containing:
tensor(-2.8720, device='cuda:0', requires_grad=True)
Parameter containing:
tensor(-2.8712, device='cuda:0', requires_grad=True)
Parameter containing:
tensor(-2.8704, device='cuda:0', requires_grad=True)
Parameter containing:
tensor(-2.8697, device='cuda:0', requires_grad=True)
Parameter containing:
tensor(-2.8689, device='cuda:0', requires_grad=True)
Parameter containing:
tensor(-2.8682, device='cuda:0', requires_grad=True)
Parameter containing:
tensor(-2.8674, device='cuda:0', requires_grad=True)
Parameter containing:
tensor(-2.8667, device='cuda:0', requires_grad=True)
Parameter containing:
tensor(-2.8660, device='cuda:0', requires_grad=True)
Parameter containing:
tensor(-2.8652, device='cuda:0', requires_grad=True)
Parameter containing:
tensor(-2.8645, device='cuda:0', requires_grad=True)
Parameter containing:
tensor(-2.8637, device='cuda:0', requires_grad=True)
Parameter containing:
tensor(-2.8630, device='cuda:0', requires_grad=True)
Parameter containing:
tensor(-2.8622, device='cuda:0', requires_grad=True)
Parameter containing:
tensor(-2.8615, device='cuda:0', requires_grad=True)
Parameter containing:
tensor(-2.8608, device='cuda:0', requires_grad=True)
Parameter containing:
tensor(-2.8600, device='cuda:0', requires_grad=True)
Parameter containing:
tensor(-2.8593, device='cuda:0', requires_grad=True)
Parameter containing:
tensor(-2.8586, device='cuda:0', requires_grad=True)
Parameter containing:
tensor(-2.8578, device='cuda:0', requires_grad=True)
Parameter containing:
tensor(-2.8571, device='cuda:0', requires_grad=True)
Parameter containing:
tensor(-2.8564, device='cuda:0', requires_grad=True)
Parameter containing:
tensor(-2.8557, device='cuda:0', requires_grad=True)
Parameter containing:
tensor(-2.8549, device='cuda:0', requires_grad=True)
Parameter containing:
tensor(-2.8542, device='cuda:0', requires_grad=True)
Parameter containing:
tensor(-2.8535, device='cuda:0', requires_grad=True)
Parameter containing:
tensor(-2.8528, device='cuda:0', requires_grad=True)
Parameter containing:
tensor(-2.8520, device='cuda:0', requires_grad=True)
Parameter containing:
tensor(-2.8513, device='cuda:0', requires_grad=True)
Parameter containing:
tensor(-2.8506, device='cuda:0', requires_grad=True)
Parameter containing:
tensor(-2.8499, device='cuda:0', requires_grad=True)
Parameter containing:
tensor(-2.8492, device='cuda:0', requires_grad=True)
Parameter containing:
tensor(-2.8484, device='cuda:0', requires_grad=True)
Parameter containing:
tensor(-2.8477, device='cuda:0', requires_grad=True)
Parameter containing:
tensor(-2.8470, device='cuda:0', requires_grad=True)
Parameter containing:
tensor(-2.8463, device='cuda:0', requires_grad=True)
Parameter containing:
tensor(-2.8456, device='cuda:0', requires_grad=True)
Parameter containing:
tensor(-2.8449, device='cuda:0', requires_grad=True)
Parameter containing:
tensor(-2.8442, device='cuda:0', requires_grad=True)
Parameter containing:
tensor(-2.8435, device='cuda:0', requires_grad=True)
Parameter containing:
tensor(-2.8428, device='cuda:0', requires_grad=True)
Parameter containing:
tensor(-2.8421, device='cuda:0', requires_grad=True)
Parameter containing:
tensor(-2.8414, device='cuda:0', requires_grad=True)
Parameter containing:
tensor(-2.8407, device='cuda:0', requires_grad=True)
Parameter containing:
tensor(-2.8400, device='cuda:0', requires_grad=True)
Parameter containing:
tensor(-2.8393, device='cuda:0', requires_grad=True)
Parameter containing:
tensor(-2.8386, device='cuda:0', requires_grad=True)
Parameter containing:
tensor(-2.8379, device='cuda:0', requires_grad=True)
Parameter containing:
tensor(-2.8373, device='cuda:0', requires_grad=True)
Parameter containing:
tensor(-2.8366, device='cuda:0', requires_grad=True)
Parameter containing:
tensor(-2.8359, device='cuda:0', requires_grad=True)
Parameter containing:
tensor(-2.8352, device='cuda:0', requires_grad=True)
Parameter containing:
tensor(-2.8345, device='cuda:0', requires_grad=True)
Parameter containing:
tensor(-2.8339, device='cuda:0', requires_grad=True)
Parameter containing:
tensor(-2.8332, device='cuda:0', requires_grad=True)
Parameter containing:
tensor(-2.8325, device='cuda:0', requires_grad=True)
Parameter containing:
tensor(-2.8318, device='cuda:0', requires_grad=True)
Parameter containing:
tensor(-2.8311, device='cuda:0', requires_grad=True)
Parameter containing:
tensor(-2.8304, device='cuda:0', requires_grad=True)
Parameter containing:
tensor(-2.8297, device='cuda:0', requires_grad=True)
Parameter containing:
tensor(-2.8291, device='cuda:0', requires_grad=True)
Parameter containing:
tensor(-2.8284, device='cuda:0', requires_grad=True)
Parameter containing:
tensor(-2.8277, device='cuda:0', requires_grad=True)
Parameter containing:
tensor(-2.8270, device='cuda:0', requires_grad=True)
Parameter containing:
tensor(-2.8264, device='cuda:0', requires_grad=True)
Parameter containing:
tensor(-2.8257, device='cuda:0', requires_grad=True)
Parameter containing:
tensor(-2.8250, device='cuda:0', requires_grad=True)
Parameter containing:
tensor(-2.8244, device='cuda:0', requires_grad=True)
Parameter containing:
tensor(-2.8237, device='cuda:0', requires_grad=True)
Parameter containing:
tensor(-2.8230, device='cuda:0', requires_grad=True)
Parameter containing:
tensor(-2.8224, device='cuda:0', requires_grad=True)
Parameter containing:
tensor(-2.8217, device='cuda:0', requires_grad=True)
Parameter containing:
tensor(-2.8210, device='cuda:0', requires_grad=True)
Parameter containing:
tensor(-2.8204, device='cuda:0', requires_grad=True)
Parameter containing:
tensor(-2.8197, device='cuda:0', requires_grad=True)
Parameter containing:
tensor(-2.8191, device='cuda:0', requires_grad=True)
Parameter containing:
tensor(-2.8184, device='cuda:0', requires_grad=True)
Parameter containing:
tensor(-2.8177, device='cuda:0', requires_grad=True)
Parameter containing:
tensor(-2.8171, device='cuda:0', requires_grad=True)
Parameter containing:
tensor(-2.8164, device='cuda:0', requires_grad=True)
Parameter containing:
tensor(-2.8158, device='cuda:0', requires_grad=True)
Parameter containing:
tensor(-2.8151, device='cuda:0', requires_grad=True)
Parameter containing:
tensor(-2.8145, device='cuda:0', requires_grad=True)
Parameter containing:
tensor(-2.8138, device='cuda:0', requires_grad=True)
Parameter containing:
tensor(-2.8131, device='cuda:0', requires_grad=True)
Parameter containing:
tensor(-2.8125, device='cuda:0', requires_grad=True)
Parameter containing:
tensor(-2.8118, device='cuda:0', requires_grad=True)
Parameter containing:
tensor(-2.8112, device='cuda:0', requires_grad=True)
Parameter containing:
tensor(-2.8105, device='cuda:0', requires_grad=True)
Parameter containing:
tensor(-2.8099, device='cuda:0', requires_grad=True)
Parameter containing:
tensor(-2.8092, device='cuda:0', requires_grad=True)
Parameter containing:
tensor(-2.8086, device='cuda:0', requires_grad=True)
Parameter containing:
tensor(-2.8079, device='cuda:0', requires_grad=True)
Parameter containing:
tensor(-2.8073, device='cuda:0', requires_grad=True)
Parameter containing:
tensor(-2.8066, device='cuda:0', requires_grad=True)
Parameter containing:
tensor(-2.8059, device='cuda:0', requires_grad=True)
Parameter containing:
tensor(-2.8053, device='cuda:0', requires_grad=True)
Parameter containing:
tensor(-2.8046, device='cuda:0', requires_grad=True)
Parameter containing:
tensor(-2.8040, device='cuda:0', requires_grad=True)
Parameter containing:
tensor(-2.8033, device='cuda:0', requires_grad=True)
Parameter containing:
tensor(-2.8027, device='cuda:0', requires_grad=True)
Parameter containing:
tensor(-2.8020, device='cuda:0', requires_grad=True)
Parameter containing:
tensor(-2.8013, device='cuda:0', requires_grad=True)
Parameter containing:
tensor(-2.8007, device='cuda:0', requires_grad=True)
Parameter containing:
tensor(-2.8000, device='cuda:0', requires_grad=True)
Parameter containing:
tensor(-2.7994, device='cuda:0', requires_grad=True)
Parameter containing:
tensor(-2.7987, device='cuda:0', requires_grad=True)
Parameter containing:
tensor(-2.7981, device='cuda:0', requires_grad=True)
Parameter containing:
tensor(-2.7974, device='cuda:0', requires_grad=True)
Parameter containing:
tensor(-2.7968, device='cuda:0', requires_grad=True)
Parameter containing:
tensor(-2.7961, device='cuda:0', requires_grad=True)
Parameter containing:
tensor(-2.7955, device='cuda:0', requires_grad=True)
Parameter containing:
tensor(-2.7948, device='cuda:0', requires_grad=True)
Parameter containing:
tensor(-2.7942, device='cuda:0', requires_grad=True)
Parameter containing:
tensor(-2.7936, device='cuda:0', requires_grad=True)
Parameter containing:
tensor(-2.7929, device='cuda:0', requires_grad=True)
Parameter containing:
tensor(-2.7923, device='cuda:0', requires_grad=True)
Parameter containing:
tensor(-2.7916, device='cuda:0', requires_grad=True)
Parameter containing:
tensor(-2.7910, device='cuda:0', requires_grad=True)
Parameter containing:
tensor(-2.7904, device='cuda:0', requires_grad=True)
Parameter containing:
tensor(-2.7897, device='cuda:0', requires_grad=True)
Parameter containing:
tensor(-2.7891, device='cuda:0', requires_grad=True)
Parameter containing:
tensor(-2.7884, device='cuda:0', requires_grad=True)
Parameter containing:
tensor(-2.7878, device='cuda:0', requires_grad=True)
Parameter containing:
tensor(-2.7872, device='cuda:0', requires_grad=True)
Parameter containing:
tensor(-2.7865, device='cuda:0', requires_grad=True)
Parameter containing:
tensor(-2.7859, device='cuda:0', requires_grad=True)
Parameter containing:
tensor(-2.7852, device='cuda:0', requires_grad=True)
Parameter containing:
tensor(-2.7846, device='cuda:0', requires_grad=True)
Parameter containing:
tensor(-2.7840, device='cuda:0', requires_grad=True)
Parameter containing:
tensor(-2.7833, device='cuda:0', requires_grad=True)
Parameter containing:
tensor(-2.7827, device='cuda:0', requires_grad=True)
Parameter containing:
tensor(-2.7820, device='cuda:0', requires_grad=True)
Parameter containing:
tensor(-2.7814, device='cuda:0', requires_grad=True)
Parameter containing:
tensor(-2.7808, device='cuda:0', requires_grad=True)
Parameter containing:
tensor(-2.7801, device='cuda:0', requires_grad=True)
Parameter containing:
tensor(-2.7795, device='cuda:0', requires_grad=True)
Parameter containing:
tensor(-2.7789, device='cuda:0', requires_grad=True)
Parameter containing:
tensor(-2.7783, device='cuda:0', requires_grad=True)
Parameter containing:
tensor(-2.7776, device='cuda:0', requires_grad=True)
Parameter containing:
tensor(-2.7770, device='cuda:0', requires_grad=True)
Parameter containing:
tensor(-2.7764, device='cuda:0', requires_grad=True)
Parameter containing:
tensor(-2.7758, device='cuda:0', requires_grad=True)
Parameter containing:
tensor(-2.7751, device='cuda:0', requires_grad=True)
Parameter containing:
tensor(-2.7745, device='cuda:0', requires_grad=True)
Parameter containing:
tensor(-2.7739, device='cuda:0', requires_grad=True)
Parameter containing:
tensor(-2.7733, device='cuda:0', requires_grad=True)
Parameter containing:
tensor(-2.7727, device='cuda:0', requires_grad=True)
Parameter containing:
tensor(-2.7720, device='cuda:0', requires_grad=True)
Parameter containing:
tensor(-2.7714, device='cuda:0', requires_grad=True)
Parameter containing:
tensor(-2.7708, device='cuda:0', requires_grad=True)
Parameter containing:
tensor(-2.7702, device='cuda:0', requires_grad=True)
Parameter containing:
tensor(-2.7696, device='cuda:0', requires_grad=True)
Parameter containing:
tensor(-2.7690, device='cuda:0', requires_grad=True)
Parameter containing:
tensor(-2.7684, device='cuda:0', requires_grad=True)
Parameter containing:
tensor(-2.7678, device='cuda:0', requires_grad=True)
Parameter containing:
tensor(-2.7672, device='cuda:0', requires_grad=True)
Parameter containing:
tensor(-2.7666, device='cuda:0', requires_grad=True)
Parameter containing:
tensor(-2.7660, device='cuda:0', requires_grad=True)
Parameter containing:
tensor(-2.7654, device='cuda:0', requires_grad=True)
Parameter containing:
tensor(-2.7648, device='cuda:0', requires_grad=True)
Parameter containing:
tensor(-2.7642, device='cuda:0', requires_grad=True)
Parameter containing:
tensor(-2.7636, device='cuda:0', requires_grad=True)
Parameter containing:
tensor(-2.7630, device='cuda:0', requires_grad=True)
Parameter containing:
tensor(-2.7624, device='cuda:0', requires_grad=True)
Parameter containing:
tensor(-2.7618, device='cuda:0', requires_grad=True)
Parameter containing:
tensor(-2.7611, device='cuda:0', requires_grad=True)
Parameter containing:
tensor(-2.7605, device='cuda:0', requires_grad=True)
Parameter containing:
tensor(-2.7599, device='cuda:0', requires_grad=True)
Parameter containing:
tensor(-2.7593, device='cuda:0', requires_grad=True)
Parameter containing:
tensor(-2.7587, device='cuda:0', requires_grad=True)
Parameter containing:
tensor(-2.7582, device='cuda:0', requires_grad=True)
Parameter containing:
tensor(-2.7576, device='cuda:0', requires_grad=True)
Parameter containing:
tensor(-2.7570, device='cuda:0', requires_grad=True)
Parameter containing:
tensor(-2.7564, device='cuda:0', requires_grad=True)
Parameter containing:
tensor(-2.7559, device='cuda:0', requires_grad=True)
Parameter containing:
tensor(-2.7553, device='cuda:0', requires_grad=True)
Parameter containing:
tensor(-2.7548, device='cuda:0', requires_grad=True)
Parameter containing:
tensor(-2.7543, device='cuda:0', requires_grad=True)
Parameter containing:
tensor(-2.7537, device='cuda:0', requires_grad=True)
Parameter containing:
tensor(-2.7532, device='cuda:0', requires_grad=True)
Parameter containing:
tensor(-2.7526, device='cuda:0', requires_grad=True)
Parameter containing:
tensor(-2.7521, device='cuda:0', requires_grad=True)
Parameter containing:
tensor(-2.7516, device='cuda:0', requires_grad=True)
Parameter containing:
tensor(-2.7510, device='cuda:0', requires_grad=True)
Parameter containing:
tensor(-2.7505, device='cuda:0', requires_grad=True)
Parameter containing:
tensor(-2.7499, device='cuda:0', requires_grad=True)
Parameter containing:
tensor(-2.7494, device='cuda:0', requires_grad=True)
Parameter containing:
tensor(-2.7488, device='cuda:0', requires_grad=True)
Parameter containing:
tensor(-2.7483, device='cuda:0', requires_grad=True)
Parameter containing:
tensor(-2.7477, device='cuda:0', requires_grad=True)
Parameter containing:
tensor(-2.7472, device='cuda:0', requires_grad=True)
Parameter containing:
tensor(-2.7466, device='cuda:0', requires_grad=True)
Parameter containing:
tensor(-2.7460, device='cuda:0', requires_grad=True)
Parameter containing:
tensor(-2.7455, device='cuda:0', requires_grad=True)
Parameter containing:
tensor(-2.7449, device='cuda:0', requires_grad=True)
Parameter containing:
tensor(-2.7443, device='cuda:0', requires_grad=True)
Parameter containing:
tensor(-2.7438, device='cuda:0', requires_grad=True)
Parameter containing:
tensor(-2.7432, device='cuda:0', requires_grad=True)
Parameter containing:
tensor(-2.7426, device='cuda:0', requires_grad=True)
Parameter containing:
tensor(-2.7421, device='cuda:0', requires_grad=True)
Parameter containing:
tensor(-2.7415, device='cuda:0', requires_grad=True)
Parameter containing:
tensor(-2.7409, device='cuda:0', requires_grad=True)
Parameter containing:
tensor(-2.7404, device='cuda:0', requires_grad=True)
Parameter containing:
tensor(-2.7398, device='cuda:0', requires_grad=True)
Parameter containing:
tensor(-2.7392, device='cuda:0', requires_grad=True)
Parameter containing:
tensor(-2.7386, device='cuda:0', requires_grad=True)
Parameter containing:
tensor(-2.7380, device='cuda:0', requires_grad=True)
Parameter containing:
tensor(-2.7375, device='cuda:0', requires_grad=True)
Parameter containing:
tensor(-2.7369, device='cuda:0', requires_grad=True)
Parameter containing:
tensor(-2.7363, device='cuda:0', requires_grad=True)
Parameter containing:
tensor(-2.7357, device='cuda:0', requires_grad=True)
Parameter containing:
tensor(-2.7352, device='cuda:0', requires_grad=True)
Parameter containing:
tensor(-2.7346, device='cuda:0', requires_grad=True)
Parameter containing:
tensor(-2.7340, device='cuda:0', requires_grad=True)
Parameter containing:
tensor(-2.7334, device='cuda:0', requires_grad=True)
Parameter containing:
tensor(-2.7328, device='cuda:0', requires_grad=True)
Parameter containing:
tensor(-2.7322, device='cuda:0', requires_grad=True)
Parameter containing:
tensor(-2.7316, device='cuda:0', requires_grad=True)
Parameter containing:
tensor(-2.7310, device='cuda:0', requires_grad=True)
Parameter containing:
tensor(-2.7304, device='cuda:0', requires_grad=True)
Parameter containing:
tensor(-2.7299, device='cuda:0', requires_grad=True)
Parameter containing:
tensor(-2.7293, device='cuda:0', requires_grad=True)
Parameter containing:
tensor(-2.7287, device='cuda:0', requires_grad=True)
Parameter containing:
tensor(-2.7282, device='cuda:0', requires_grad=True)
Parameter containing:
tensor(-2.7276, device='cuda:0', requires_grad=True)
Parameter containing:
tensor(-2.7271, device='cuda:0', requires_grad=True)
Parameter containing:
tensor(-2.7266, device='cuda:0', requires_grad=True)
Parameter containing:
tensor(-2.7260, device='cuda:0', requires_grad=True)
Parameter containing:
tensor(-2.7255, device='cuda:0', requires_grad=True)
Parameter containing:
tensor(-2.7249, device='cuda:0', requires_grad=True)
Parameter containing:
tensor(-2.7244, device='cuda:0', requires_grad=True)
Parameter containing:
tensor(-2.7239, device='cuda:0', requires_grad=True)
Parameter containing:
tensor(-2.7233, device='cuda:0', requires_grad=True)
Parameter containing:
tensor(-2.7228, device='cuda:0', requires_grad=True)
Parameter containing:
tensor(-2.7222, device='cuda:0', requires_grad=True)
Parameter containing:
tensor(-2.7217, device='cuda:0', requires_grad=True)
Parameter containing:
tensor(-2.7212, device='cuda:0', requires_grad=True)
Parameter containing:
tensor(-2.7206, device='cuda:0', requires_grad=True)
Parameter containing:
tensor(-2.7201, device='cuda:0', requires_grad=True)
Parameter containing:
tensor(-2.7195, device='cuda:0', requires_grad=True)
Parameter containing:
tensor(-2.7190, device='cuda:0', requires_grad=True)
Parameter containing:
tensor(-2.7185, device='cuda:0', requires_grad=True)
Parameter containing:
tensor(-2.7179, device='cuda:0', requires_grad=True)
Parameter containing:
tensor(-2.7174, device='cuda:0', requires_grad=True)
Parameter containing:
tensor(-2.7168, device='cuda:0', requires_grad=True)
Parameter containing:
tensor(-2.7163, device='cuda:0', requires_grad=True)
Parameter containing:
tensor(-2.7157, device='cuda:0', requires_grad=True)
Parameter containing:
tensor(-2.7152, device='cuda:0', requires_grad=True)
Parameter containing:
tensor(-2.7146, device='cuda:0', requires_grad=True)
Parameter containing:
tensor(-2.7141, device='cuda:0', requires_grad=True)
Parameter containing:
tensor(-2.7135, device='cuda:0', requires_grad=True)
Parameter containing:
tensor(-2.7130, device='cuda:0', requires_grad=True)
Parameter containing:
tensor(-2.7124, device='cuda:0', requires_grad=True)
Parameter containing:
tensor(-2.7119, device='cuda:0', requires_grad=True)
Parameter containing:
tensor(-2.7113, device='cuda:0', requires_grad=True)
Parameter containing:
tensor(-2.7108, device='cuda:0', requires_grad=True)
Parameter containing:
tensor(-2.7102, device='cuda:0', requires_grad=True)
Parameter containing:
tensor(-2.7097, device='cuda:0', requires_grad=True)
Parameter containing:
tensor(-2.7091, device='cuda:0', requires_grad=True)
Parameter containing:
tensor(-2.7085, device='cuda:0', requires_grad=True)
Parameter containing:
tensor(-2.7080, device='cuda:0', requires_grad=True)
Parameter containing:
tensor(-2.7074, device='cuda:0', requires_grad=True)
Parameter containing:
tensor(-2.7069, device='cuda:0', requires_grad=True)
Parameter containing:
tensor(-2.7063, device='cuda:0', requires_grad=True)
Parameter containing:
tensor(-2.7058, device='cuda:0', requires_grad=True)
Parameter containing:
tensor(-2.7052, device='cuda:0', requires_grad=True)
Parameter containing:
tensor(-2.7047, device='cuda:0', requires_grad=True)
Parameter containing:
tensor(-2.7042, device='cuda:0', requires_grad=True)
Parameter containing:
tensor(-2.7036, device='cuda:0', requires_grad=True)
Parameter containing:
tensor(-2.7031, device='cuda:0', requires_grad=True)
Parameter containing:
tensor(-2.7026, device='cuda:0', requires_grad=True)
Parameter containing:
tensor(-2.7021, device='cuda:0', requires_grad=True)
Parameter containing:
tensor(-2.7015, device='cuda:0', requires_grad=True)
Parameter containing:
tensor(-2.7010, device='cuda:0', requires_grad=True)
Parameter containing:
tensor(-2.7005, device='cuda:0', requires_grad=True)
Parameter containing:
tensor(-2.6999, device='cuda:0', requires_grad=True)
Parameter containing:
tensor(-2.6994, device='cuda:0', requires_grad=True)
Parameter containing:
tensor(-2.6989, device='cuda:0', requires_grad=True)
Parameter containing:
tensor(-2.6983, device='cuda:0', requires_grad=True)
Parameter containing:
tensor(-2.6978, device='cuda:0', requires_grad=True)
Parameter containing:
tensor(-2.6973, device='cuda:0', requires_grad=True)
Parameter containing:
tensor(-2.6968, device='cuda:0', requires_grad=True)
Parameter containing:
tensor(-2.6963, device='cuda:0', requires_grad=True)
Parameter containing:
tensor(-2.6958, device='cuda:0', requires_grad=True)
Parameter containing:
tensor(-2.6953, device='cuda:0', requires_grad=True)
Parameter containing:
tensor(-2.6948, device='cuda:0', requires_grad=True)
Parameter containing:
tensor(-2.6944, device='cuda:0', requires_grad=True)
Parameter containing:
tensor(-2.6939, device='cuda:0', requires_grad=True)
Parameter containing:
tensor(-2.6933, device='cuda:0', requires_grad=True)
Parameter containing:
tensor(-2.6928, device='cuda:0', requires_grad=True)
Parameter containing:
tensor(-2.6923, device='cuda:0', requires_grad=True)
Parameter containing:
tensor(-2.6918, device='cuda:0', requires_grad=True)
Parameter containing:
tensor(-2.6913, device='cuda:0', requires_grad=True)
Parameter containing:
tensor(-2.6908, device='cuda:0', requires_grad=True)
Parameter containing:
tensor(-2.6903, device='cuda:0', requires_grad=True)
Parameter containing:
tensor(-2.6898, device='cuda:0', requires_grad=True)
Parameter containing:
tensor(-2.6893, device='cuda:0', requires_grad=True)
Parameter containing:
tensor(-2.6888, device='cuda:0', requires_grad=True)
Parameter containing:
tensor(-2.6883, device='cuda:0', requires_grad=True)
Parameter containing:
tensor(-2.6878, device='cuda:0', requires_grad=True)
Parameter containing:
tensor(-2.6873, device='cuda:0', requires_grad=True)
Parameter containing:
tensor(-2.6868, device='cuda:0', requires_grad=True)
Parameter containing:
tensor(-2.6863, device='cuda:0', requires_grad=True)
Parameter containing:
tensor(-2.6858, device='cuda:0', requires_grad=True)
Parameter containing:
tensor(-2.6853, device='cuda:0', requires_grad=True)
Parameter containing:
tensor(-2.6848, device='cuda:0', requires_grad=True)
Parameter containing:
tensor(-2.6843, device='cuda:0', requires_grad=True)
Parameter containing:
tensor(-2.6838, device='cuda:0', requires_grad=True)
Parameter containing:
tensor(-2.6833, device='cuda:0', requires_grad=True)
Parameter containing:
tensor(-2.6829, device='cuda:0', requires_grad=True)
Parameter containing:
tensor(-2.6824, device='cuda:0', requires_grad=True)
Parameter containing:
tensor(-2.6819, device='cuda:0', requires_grad=True)
Parameter containing:
tensor(-2.6814, device='cuda:0', requires_grad=True)
Parameter containing:
tensor(-2.6809, device='cuda:0', requires_grad=True)
Parameter containing:
tensor(-2.6804, device='cuda:0', requires_grad=True)
Parameter containing:
tensor(-2.6799, device='cuda:0', requires_grad=True)
Parameter containing:
tensor(-2.6794, device='cuda:0', requires_grad=True)
Parameter containing:
tensor(-2.6789, device='cuda:0', requires_grad=True)
Parameter containing:
tensor(-2.6784, device='cuda:0', requires_grad=True)
Parameter containing:
tensor(-2.6779, device='cuda:0', requires_grad=True)
Parameter containing:
tensor(-2.6774, device='cuda:0', requires_grad=True)
Parameter containing:
tensor(-2.6769, device='cuda:0', requires_grad=True)
Parameter containing:
tensor(-2.6764, device='cuda:0', requires_grad=True)
Parameter containing:
tensor(-2.6759, device='cuda:0', requires_grad=True)
Parameter containing:
tensor(-2.6754, device='cuda:0', requires_grad=True)
Parameter containing:
tensor(-2.6749, device='cuda:0', requires_grad=True)
Parameter containing:
tensor(-2.6744, device='cuda:0', requires_grad=True)
Parameter containing:
tensor(-2.6739, device='cuda:0', requires_grad=True)
Parameter containing:
tensor(-2.6734, device='cuda:0', requires_grad=True)
Parameter containing:
tensor(-2.6729, device='cuda:0', requires_grad=True)
Parameter containing:
tensor(-2.6724, device='cuda:0', requires_grad=True)
Parameter containing:
tensor(-2.6719, device='cuda:0', requires_grad=True)
Parameter containing:
tensor(-2.6714, device='cuda:0', requires_grad=True)
Parameter containing:
tensor(-2.6709, device='cuda:0', requires_grad=True)
Parameter containing:
tensor(-2.6704, device='cuda:0', requires_grad=True)
Parameter containing:
tensor(-2.6699, device='cuda:0', requires_grad=True)
Parameter containing:
tensor(-2.6694, device='cuda:0', requires_grad=True)
Parameter containing:
tensor(-2.6689, device='cuda:0', requires_grad=True)
Parameter containing:
tensor(-2.6684, device='cuda:0', requires_grad=True)
Parameter containing:
tensor(-2.6679, device='cuda:0', requires_grad=True)
Parameter containing:
tensor(-2.6674, device='cuda:0', requires_grad=True)
Parameter containing:
tensor(-2.6669, device='cuda:0', requires_grad=True)
Parameter containing:
tensor(-2.6664, device='cuda:0', requires_grad=True)
Parameter containing:
tensor(-2.6660, device='cuda:0', requires_grad=True)
Parameter containing:
tensor(-2.6655, device='cuda:0', requires_grad=True)
Parameter containing:
tensor(-2.6650, device='cuda:0', requires_grad=True)
Parameter containing:
tensor(-2.6645, device='cuda:0', requires_grad=True)
Parameter containing:
tensor(-2.6640, device='cuda:0', requires_grad=True)


PS:

Read file <14836123.stderr> for stderr output of this job.

