Sender: LSF System <lsfadmin@ls04>
Subject: Job 14799237: <_adam_SAGEConv_1e-4> in cluster <lila> Done

Job <_adam_SAGEConv_1e-4> was submitted from host <lx04> by user <wangy1> in cluster <lila> at Fri Jun  5 10:53:54 2020
Job was executed on host(s) <12*ls04>, in queue <gpuqueue>, as user <wangy1> in cluster <lila> at Fri Jun  5 11:09:08 2020
</home/wangy1> was used as the home directory.
</data/chodera/wangyq/pinot/scripts/comparison> was used as the working directory.
Started at Fri Jun  5 11:09:08 2020
Terminated at Fri Jun  5 11:14:41 2020
Results reported at Fri Jun  5 11:14:41 2020

Your job looked like:

------------------------------------------------------------
# LSBATCH: User input
python ../../pinot/app/supervised_train.py --layer SAGEConv --optimizer adam --lr 1e-4 --out _adam_SAGEConv_1e-4 --n_epochs 1000
------------------------------------------------------------

Successfully completed.

Resource usage summary:

    CPU time :                                   331.88 sec.
    Max Memory :                                 2 GB
    Average Memory :                             1.14 GB
    Total Requested Memory :                     48.00 GB
    Delta Memory :                               46.00 GB
    Max Swap :                                   -
    Max Processes :                              3
    Max Threads :                                9
    Run time :                                   333 sec.
    Turnaround time :                            1247 sec.

The output (if any) follows:



PS:

Read file <14799237.stderr> for stderr output of this job.

