Sender: LSF System <lsfadmin@ls11>
Subject: Job 14787424: <_bbb_GraphConv_1e-3> in cluster <lila> Done

Job <_bbb_GraphConv_1e-3> was submitted from host <lt21> by user <wangy1> in cluster <lila> at Mon Jun  1 23:09:58 2020
Job was executed on host(s) <12*ls11>, in queue <gpuqueue>, as user <wangy1> in cluster <lila> at Mon Jun  1 23:09:59 2020
</home/wangy1> was used as the home directory.
</data/chodera/wangyq/pinot/scripts/comparison> was used as the working directory.
Started at Mon Jun  1 23:09:59 2020
Terminated at Mon Jun  1 23:31:49 2020
Results reported at Mon Jun  1 23:31:49 2020

Your job looked like:

------------------------------------------------------------
# LSBATCH: User input
python ../../pinot/app/supervised_train.py --layer GraphConv --optimizer bbb --lr 1e-3 --out _bbb_GraphConv_1e-3 --n_epochs 1000
------------------------------------------------------------

Successfully completed.

Resource usage summary:

    CPU time :                                   1324.49 sec.
    Max Memory :                                 1 GB
    Average Memory :                             0.99 GB
    Total Requested Memory :                     48.00 GB
    Delta Memory :                               47.00 GB
    Max Swap :                                   -
    Max Processes :                              3
    Max Threads :                                15
    Run time :                                   1310 sec.
    Turnaround time :                            1311 sec.

The output (if any) follows:



PS:

Read file <14787424.stderr> for stderr output of this job.

