Sender: LSF System <lsfadmin@lt01>
Subject: Job 15330665: <active-supervised> in cluster <lila> Done

Job <active-supervised> was submitted from host <lilac> by user <nguyenm5> in cluster <lila> at Mon Jul 13 21:31:37 2020
Job was executed on host(s) <12*lt01>, in queue <gpuqueue>, as user <nguyenm5> in cluster <lila> at Mon Jul 13 21:31:37 2020
</home/nguyenm5> was used as the home directory.
</home/nguyenm5/coding/pinot> was used as the working directory.
Started at Mon Jul 13 21:31:37 2020
Terminated at Mon Jul 13 21:31:58 2020
Results reported at Mon Jul 13 21:31:58 2020

Your job looked like:

------------------------------------------------------------
# LSBATCH: User input
/home/nguyenm5/anaconda3/envs/pinot/bin/python scripts/active/plotting_active.py --net ExactGaussianProcessRegressor --num_rounds 4 --num_trials 1 --num_epoch 750 --data moonshot --q 96 --acquisition ProbabilityOfImprovement --output_folder /home/nguyenm5/coding/pinot/jul-13/active-supervised --index 2
------------------------------------------------------------

Successfully completed.

Resource usage summary:

    CPU time :                                   19.82 sec.
    Max Memory :                                 2 GB
    Average Memory :                             1.33 GB
    Total Requested Memory :                     192.00 GB
    Delta Memory :                               190.00 GB
    Max Swap :                                   -
    Max Processes :                              3
    Max Threads :                                9
    Run time :                                   20 sec.
    Turnaround time :                            21 sec.

The output (if any) follows:

0
scores from acquisition: probability_of_improvement
tensor([0.4879, 0.4842, 0.4836, 0.4856, 0.4898, 0.4905, 0.4885, 0.4850, 0.4837,
        0.4867, 0.4830, 0.4825, 0.4827, 0.4897, 0.4829, 0.4894, 0.4828, 0.4920,
        0.4912, 0.4821, 0.4911, 0.4868, 0.4900, 0.4922, 0.4871, 0.4843, 0.4872,
        0.4870, 0.4823, 0.4839, 0.4838, 0.4836, 0.4830, 0.4827, 0.4878, 0.4829,
        0.4838, 0.4880, 0.4886, 0.4817, 0.4849, 0.4831, 0.4826, 0.4918, 0.4834,
        0.4901, 0.4858, 0.4843, 0.4883, 0.4859, 0.4820, 0.4915, 0.4857, 0.4898,
        0.4860, 0.4846, 0.4884, 0.4872, 0.4917, 0.4864, 0.4873, 0.4823, 0.4914,
        0.4837, 0.4851, 0.4835, 0.4833, 0.4878, 0.4819, 0.4793, 0.4827, 0.4889,
        0.4831, 0.4891, 0.4874, 0.4890, 0.4844, 0.4871, 0.4870, 0.4838, 0.4858,
        0.4878, 0.4921, 0.4889, 0.4828, 0.4860, 0.4870, 0.4817, 0.4836, 0.4854,
        0.4889, 0.4847, 0.4832, 0.4828, 0.4886, 0.4879, 0.4880, 0.4856, 0.4880,
        0.4827, 0.4918, 0.4794, 0.4843, 0.4780, 0.4848, 0.4886, 0.4846, 0.4847,
        0.4829, 0.4855, 0.4853, 0.4846, 0.4847, 0.4829, 0.4824, 0.4922, 0.4826,
        0.4827, 0.4897, 0.4918, 0.4835, 0.4837, 0.4849, 0.4796, 0.4876, 0.4835,
        0.4836, 0.4870, 0.4840, 0.4926, 0.4890, 0.4823, 0.4865, 0.4831, 0.4924,
        0.4862, 0.4818, 0.4835, 0.4914, 0.4856, 0.4830, 0.4823, 0.4908, 0.4911,
        0.4877, 0.4861, 0.4836, 0.4919, 0.4872, 0.4847, 0.4906, 0.4873, 0.4899,
        0.4861, 0.4866, 0.4883, 0.4829, 0.4878, 0.4892, 0.4884, 0.4903, 0.4868,
        0.4912, 0.4878, 0.4818, 0.4881, 0.4817, 0.4836, 0.4878, 0.4922, 0.4912,
        0.4833, 0.4892, 0.4849, 0.4847, 0.4869, 0.4899, 0.4859, 0.4874, 0.4910,
        0.4836, 0.4845, 0.4882, 0.4835, 0.4863, 0.4757, 0.4887, 0.4866, 0.4865,
        0.4846, 0.4849, 0.4835, 0.4800, 0.4889, 0.4839, 0.4884, 0.4871, 0.4879,
        0.4910, 0.4853, 0.4914, 0.4827, 0.4841, 0.4837, 0.4854, 0.4855, 0.4838,
        0.4847, 0.4861, 0.4904, 0.4842, 0.4874, 0.4929, 0.4930, 0.4842, 0.4905,
        0.4868, 0.4739, 0.4858, 0.4861, 0.4845, 0.4826, 0.4904, 0.4883, 0.4894,
        0.4823, 0.4880, 0.4858, 0.4843, 0.4860, 0.4828, 0.4849, 0.4863, 0.4837,
        0.4908, 0.4915, 0.4877, 0.4872, 0.4835, 0.4872, 0.4915, 0.4846, 0.4915,
        0.4835, 0.4845, 0.4916, 0.4835, 0.4830, 0.4904, 0.4871, 0.4895, 0.4843,
        0.4816, 0.4825, 0.4921, 0.4827, 0.4846, 0.4852, 0.4857, 0.4827, 0.4856,
        0.4922, 0.4825, 0.4909, 0.4889, 0.4843, 0.4877, 0.4863, 0.4831, 0.4873,
        0.4920, 0.4892, 0.4830, 0.4840, 0.4911, 0.4864, 0.4835, 0.4858, 0.4921,
        0.4877, 0.4846, 0.4836, 0.4830, 0.4852, 0.4877, 0.4833, 0.4830, 0.4910,
        0.4920, 0.4889, 0.4847, 0.4871, 0.4893, 0.4920, 0.4824, 0.4845, 0.4886,
        0.4819, 0.4868, 0.4868, 0.4891, 0.4913, 0.4792, 0.4889, 0.4904, 0.4828,
        0.4830, 0.4862, 0.4847, 0.4893, 0.4841, 0.4904, 0.4854, 0.4911, 0.4876,
        0.4818, 0.4833, 0.4829, 0.4834, 0.4829, 0.4844, 0.4923, 0.4862, 0.4880,
        0.4871, 0.4886, 0.4830, 0.4855, 0.4922, 0.4921, 0.4847, 0.4877, 0.4886,
        0.4836, 0.4845, 0.4903, 0.4794, 0.4906, 0.4894, 0.4884, 0.4832, 0.4854,
        0.4875, 0.4836, 0.4809, 0.4872, 0.4794, 0.4870, 0.4899, 0.4833, 0.4895,
        0.4858, 0.4822, 0.4870, 0.4839, 0.4883, 0.4872, 0.4893, 0.4876, 0.4850,
        0.4836, 0.4865, 0.4857, 0.4828, 0.4831, 0.4887, 0.4889, 0.4858, 0.4906,
        0.4909, 0.4866, 0.4835, 0.4900], device='cuda:0',
       grad_fn=<RsubBackward1>)
That took 12.475032567977905 seconds


PS:

Read file </home/nguyenm5/coding/pinot/jul-13/active-supervised/ProbabilityOfImprovement.stderr> for stderr output of this job.

Sender: LSF System <lsfadmin@lt04>
Subject: Job 15330664: <active-supervised> in cluster <lila> Done

Job <active-supervised> was submitted from host <lilac> by user <nguyenm5> in cluster <lila> at Mon Jul 13 21:31:37 2020
Job was executed on host(s) <12*lt04>, in queue <gpuqueue>, as user <nguyenm5> in cluster <lila> at Mon Jul 13 21:31:37 2020
</home/nguyenm5> was used as the home directory.
</home/nguyenm5/coding/pinot> was used as the working directory.
Started at Mon Jul 13 21:31:37 2020
Terminated at Mon Jul 13 21:32:22 2020
Results reported at Mon Jul 13 21:32:22 2020

Your job looked like:

------------------------------------------------------------
# LSBATCH: User input
/home/nguyenm5/anaconda3/envs/pinot/bin/python scripts/active/plotting_active.py --net ExactGaussianProcessRegressor --num_rounds 4 --num_trials 1 --num_epoch 750 --data moonshot --q 96 --acquisition ProbabilityOfImprovement --output_folder /home/nguyenm5/coding/pinot/jul-13/active-supervised --index 1
------------------------------------------------------------

Successfully completed.

Resource usage summary:

    CPU time :                                   212.98 sec.
    Max Memory :                                 2 GB
    Average Memory :                             1.44 GB
    Total Requested Memory :                     192.00 GB
    Delta Memory :                               190.00 GB
    Max Swap :                                   -
    Max Processes :                              3
    Max Threads :                                20
    Run time :                                   46 sec.
    Turnaround time :                            45 sec.

The output (if any) follows:

0
scores from acquisition: probability_of_improvement
tensor([0.4014, 0.3510, 0.4504, 0.3563, 0.3724, 0.3900, 0.3683, 0.3555, 0.3502,
        0.4148, 0.3463, 0.4299, 0.3443, 0.3986, 0.4428, 0.3707, 0.3455, 0.3817,
        0.3891, 0.4259, 0.3908, 0.4137, 0.3730, 0.3838, 0.3628, 0.4378, 0.3651,
        0.3643, 0.4301, 0.4456, 0.4483, 0.4434, 0.3477, 0.4391, 0.3636, 0.3468,
        0.4447, 0.3667, 0.4019, 0.3420, 0.4268, 0.4282, 0.4375, 0.3832, 0.4385,
        0.3972, 0.3576, 0.4353, 0.4036, 0.3600, 0.3429, 0.3873, 0.4228, 0.3724,
        0.4234, 0.4355, 0.3689, 0.3643, 0.3855, 0.4185, 0.3649, 0.3439, 0.3869,
        0.3502, 0.3535, 0.4483, 0.4370, 0.3644, 0.3431, 0.3328, 0.3465, 0.4006,
        0.3482, 0.4001, 0.3678, 0.3989, 0.3532, 0.4117, 0.3640, 0.3509, 0.3560,
        0.4092, 0.3848, 0.3703, 0.3456, 0.3594, 0.3631, 0.4251, 0.4496, 0.4245,
        0.3952, 0.4348, 0.4447, 0.4338, 0.4024, 0.3654, 0.4069, 0.4239, 0.4064,
        0.3459, 0.3856, 0.3920, 0.3526, 0.3827, 0.4316, 0.3680, 0.4377, 0.3546,
        0.4428, 0.3568, 0.3554, 0.3525, 0.3530, 0.3471, 0.4348, 0.3804, 0.3437,
        0.4257, 0.3966, 0.3876, 0.4495, 0.3499, 0.4333, 0.3946, 0.3645, 0.4394,
        0.4140, 0.3495, 0.3862, 0.3979, 0.3445, 0.4152, 0.4280, 0.3841, 0.3599,
        0.3419, 0.3496, 0.3818, 0.4264, 0.3477, 0.3436, 0.3912, 0.3887, 0.3663,
        0.3606, 0.4351, 0.3799, 0.4109, 0.3550, 0.3761, 0.4131, 0.3709, 0.3598,
        0.3627, 0.4044, 0.3457, 0.4083, 0.3716, 0.3671, 0.3918, 0.4165, 0.3853,
        0.4111, 0.3429, 0.4069, 0.4253, 0.3498, 0.4077, 0.3830, 0.3794, 0.3503,
        0.3713, 0.3566, 0.3529, 0.3633, 0.3977, 0.3597, 0.3649, 0.3768, 0.3502,
        0.4320, 0.4053, 0.4425, 0.3596, 0.3543, 0.3715, 0.3614, 0.3626, 0.4383,
        0.4342, 0.3496, 0.3977, 0.3699, 0.3506, 0.3679, 0.4124, 0.3655, 0.3913,
        0.3552, 0.3862, 0.4391, 0.3525, 0.3503, 0.4243, 0.3566, 0.4440, 0.4362,
        0.3597, 0.3754, 0.3508, 0.3654, 0.3833, 0.3839, 0.3531, 0.3826, 0.4128,
        0.3323, 0.3593, 0.3597, 0.4394, 0.3460, 0.3936, 0.4040, 0.3971, 0.3438,
        0.4063, 0.3595, 0.3520, 0.3596, 0.4415, 0.3554, 0.3597, 0.4491, 0.3751,
        0.3781, 0.3659, 0.4117, 0.4416, 0.3634, 0.3874, 0.3542, 0.3896, 0.4442,
        0.3512, 0.3856, 0.4448, 0.3476, 0.3935, 0.3618, 0.3711, 0.3512, 0.3419,
        0.3455, 0.3802, 0.4344, 0.4401, 0.3561, 0.3586, 0.3465, 0.3580, 0.3852,
        0.4364, 0.3920, 0.3698, 0.4387, 0.3676, 0.3588, 0.3466, 0.3622, 0.3868,
        0.3972, 0.3476, 0.3504, 0.3883, 0.4165, 0.3496, 0.4206, 0.3801, 0.3646,
        0.4332, 0.4445, 0.3462, 0.3550, 0.4011, 0.4427, 0.3476, 0.3924, 0.3831,
        0.3687, 0.3549, 0.3640, 0.3957, 0.3790, 0.3449, 0.3526, 0.4042, 0.3427,
        0.3637, 0.3620, 0.3985, 0.3758, 0.3306, 0.3951, 0.3934, 0.4335, 0.3457,
        0.4201, 0.4336, 0.3701, 0.3525, 0.3912, 0.4244, 0.3899, 0.4077, 0.4268,
        0.3459, 0.3462, 0.4439, 0.3470, 0.3529, 0.3879, 0.3583, 0.4066, 0.3642,
        0.4030, 0.3476, 0.3555, 0.3800, 0.3835, 0.4350, 0.3651, 0.4046, 0.3477,
        0.3533, 0.3759, 0.3331, 0.3779, 0.3724, 0.4032, 0.3491, 0.4230, 0.3628,
        0.4498, 0.3381, 0.3650, 0.3330, 0.3626, 0.3837, 0.3722, 0.4376, 0.3978,
        0.4232, 0.3440, 0.3636, 0.4473, 0.4011, 0.4109, 0.3709, 0.3659, 0.3566,
        0.3497, 0.4190, 0.3572, 0.3471, 0.3468, 0.3708, 0.3697, 0.4213, 0.3950,
        0.3800, 0.3601, 0.4455, 0.3941], device='cuda:0',
       grad_fn=<RsubBackward1>)
scores from acquisition: probability_of_improvement
tensor([1.2052e-04, 5.2376e-02, 6.3205e-04, 1.7881e-07, 0.0000e+00, 9.5224e-04,
        4.4170e-02, 6.0810e-02, 1.1548e-02, 2.8132e-02, 0.0000e+00, 0.0000e+00,
        1.7331e-03, 1.6809e-04, 0.0000e+00, 9.8944e-05, 2.0862e-05, 0.0000e+00,
        4.0889e-05, 1.1603e-02, 3.3742e-02, 5.1435e-02, 1.9183e-02, 6.0439e-02,
        1.0546e-02, 9.5367e-07, 3.1139e-02, 2.2650e-06, 5.9605e-08, 7.4416e-02,
        1.1921e-06, 4.8775e-02, 8.5181e-02, 0.0000e+00, 0.0000e+00, 1.0238e-03,
        2.2352e-05, 3.5763e-07, 3.3228e-02, 7.7220e-02, 7.5579e-05, 9.4585e-03,
        6.7012e-03, 3.0286e-02, 7.6545e-02, 1.0809e-01, 4.7362e-02, 8.3447e-07,
        3.0324e-02, 5.0395e-02, 3.4971e-02, 1.1854e-03, 7.4404e-02, 5.1366e-03,
        4.3087e-02, 7.2968e-04, 1.5068e-04, 7.1919e-04, 1.5894e-03, 2.5034e-06,
        1.7881e-07, 2.0963e-04, 0.0000e+00, 3.0090e-02, 9.5367e-07, 0.0000e+00,
        8.0710e-02, 9.4175e-06, 3.0398e-06, 2.2162e-02, 1.4879e-02, 5.6982e-05,
        6.7220e-02, 1.8475e-02, 1.1055e-02, 0.0000e+00, 2.7418e-06, 6.8712e-02,
        8.2958e-04, 7.7486e-07, 0.0000e+00, 0.0000e+00, 5.0423e-02, 1.0729e-06,
        4.3029e-02, 7.7138e-02, 3.2187e-06, 8.3553e-03, 8.7334e-02, 1.1921e-07,
        4.1334e-03, 8.3299e-02, 3.6669e-02, 1.9763e-02, 5.0329e-02, 9.9964e-02,
        2.2149e-04, 5.6982e-05, 9.5654e-04, 2.5227e-02, 7.5579e-05, 3.1381e-03,
        4.4048e-04, 2.3961e-05, 7.4577e-04, 5.0668e-03, 1.0908e-05, 1.7384e-02,
        6.2086e-03, 1.8179e-04, 8.2254e-06, 1.8299e-05, 5.5486e-02, 0.0000e+00,
        4.5211e-02, 4.6662e-02, 2.0045e-04, 6.2524e-02, 3.3959e-03, 6.3926e-02,
        1.3709e-06, 8.4408e-03, 1.2778e-03, 5.2931e-02, 7.9274e-06, 2.4438e-06,
        1.5280e-02, 1.5497e-05, 4.3772e-02, 7.8173e-02, 1.8750e-02, 5.0719e-02,
        6.5565e-07, 3.7580e-02, 1.0729e-06, 2.9826e-04, 8.5296e-02, 1.5676e-05,
        7.1829e-02, 8.8215e-06, 3.7943e-02, 2.7070e-03, 6.3250e-02, 6.3070e-02,
        3.3563e-03, 1.0137e-01, 4.0725e-02, 8.0971e-03, 3.3081e-04, 3.6725e-02,
        7.1664e-03, 2.7561e-04, 4.9114e-05, 1.1027e-01, 2.2759e-02, 1.1921e-07,
        7.5520e-02, 0.0000e+00, 0.0000e+00, 0.0000e+00, 6.7570e-02, 0.0000e+00,
        1.5654e-02, 5.0279e-02, 1.6689e-06, 5.7721e-02, 7.1855e-03, 5.9605e-08,
        1.4173e-02, 1.0729e-06, 1.0729e-06, 0.0000e+00, 1.1806e-02, 0.0000e+00,
        7.5102e-06, 0.0000e+00, 4.6167e-02, 0.0000e+00, 3.5644e-05, 2.6822e-05,
        5.1066e-02, 1.0045e-01, 4.4794e-02, 4.9019e-04, 6.1345e-02, 6.1622e-02,
        5.0161e-02, 1.0737e-01, 0.0000e+00, 2.2650e-06, 2.9594e-03, 5.7602e-03,
        1.6409e-02, 6.3833e-03, 0.0000e+00, 0.0000e+00, 2.8687e-03, 4.6168e-02,
        5.8761e-02, 7.0363e-04, 3.6636e-02, 2.5791e-04, 4.7863e-02, 3.4132e-02,
        2.4428e-03, 0.0000e+00, 3.9048e-02, 3.2955e-04, 5.0777e-03, 3.5658e-02,
        4.9598e-02, 3.7313e-05, 1.8871e-03, 2.4259e-05, 6.0844e-02, 1.0471e-01,
        1.1921e-07, 1.0328e-01, 3.7411e-02, 7.2505e-03, 0.0000e+00, 2.1458e-06,
        6.0814e-02, 0.0000e+00, 0.0000e+00, 3.2635e-02, 2.0897e-03, 2.3107e-02,
        0.0000e+00, 0.0000e+00, 8.8215e-06, 1.8723e-02, 6.7561e-02, 1.9357e-02,
        0.0000e+00, 1.1995e-02, 1.0186e-04, 4.7901e-02, 6.1958e-03, 4.6466e-02,
        8.3447e-07, 0.0000e+00, 8.9407e-06, 3.3410e-02, 7.0836e-03, 1.1921e-07,
        4.7665e-02, 1.5891e-04, 1.0897e-01, 2.4979e-02, 2.9143e-02, 0.0000e+00,
        1.7754e-03, 1.2848e-03, 1.2270e-01, 1.1139e-02, 1.0892e-01, 2.7418e-06,
        0.0000e+00, 0.0000e+00, 8.3447e-07, 4.5337e-02, 9.4769e-03, 1.5020e-04,
        3.0482e-04, 4.7031e-02, 6.5153e-02, 3.9153e-02, 6.3556e-04, 2.4320e-02,
        7.0268e-02, 1.0610e-05, 5.1588e-02, 6.5565e-07, 5.1498e-05, 6.7533e-02,
        1.3709e-05], device='cuda:0', grad_fn=<RsubBackward1>)
scores from acquisition: probability_of_improvement
tensor([0.0000e+00, 5.9605e-08, 1.5996e-03, 0.0000e+00, 4.7684e-07, 8.3447e-07,
        0.0000e+00, 0.0000e+00, 0.0000e+00, 2.3842e-07, 0.0000e+00, 0.0000e+00,
        2.4071e-03, 0.0000e+00, 0.0000e+00, 0.0000e+00, 3.9935e-06, 0.0000e+00,
        0.0000e+00, 0.0000e+00, 0.0000e+00, 0.0000e+00, 0.0000e+00, 0.0000e+00,
        0.0000e+00, 0.0000e+00, 1.1921e-07, 0.0000e+00, 0.0000e+00, 2.3842e-07,
        0.0000e+00, 3.4571e-06, 0.0000e+00, 3.5763e-07, 3.8362e-04, 5.9605e-07,
        0.0000e+00, 2.3842e-07, 1.5968e-04, 5.7220e-06, 0.0000e+00, 0.0000e+00,
        0.0000e+00, 1.4901e-06, 0.0000e+00, 5.9605e-08, 1.0073e-05, 0.0000e+00,
        0.0000e+00, 6.3515e-04, 2.0921e-05, 5.9605e-07, 0.0000e+00, 0.0000e+00,
        0.0000e+00, 0.0000e+00, 0.0000e+00, 0.0000e+00, 8.8811e-06, 1.4544e-05,
        4.7684e-07, 0.0000e+00, 0.0000e+00, 1.2517e-06, 4.1723e-07, 2.5034e-06,
        0.0000e+00, 7.1526e-07, 0.0000e+00, 5.0801e-04, 1.6689e-06, 0.0000e+00,
        5.9605e-08, 0.0000e+00, 1.1337e-04, 3.5763e-07, 0.0000e+00, 0.0000e+00,
        0.0000e+00, 0.0000e+00, 0.0000e+00, 5.9605e-08, 1.4305e-06, 0.0000e+00,
        2.3842e-07, 0.0000e+00, 0.0000e+00, 0.0000e+00, 2.3842e-07, 0.0000e+00,
        1.1921e-07, 0.0000e+00, 0.0000e+00, 4.5419e-05, 1.7363e-04, 5.9605e-07,
        0.0000e+00, 2.0915e-03, 3.5763e-07, 0.0000e+00, 0.0000e+00, 5.9605e-08,
        0.0000e+00, 0.0000e+00, 0.0000e+00, 0.0000e+00, 0.0000e+00, 1.7881e-07,
        3.5763e-07, 1.3912e-04, 4.5121e-05, 0.0000e+00, 0.0000e+00, 0.0000e+00,
        3.1590e-05, 0.0000e+00, 0.0000e+00, 0.0000e+00, 0.0000e+00, 0.0000e+00,
        5.0538e-03, 0.0000e+00, 0.0000e+00, 0.0000e+00, 0.0000e+00, 1.9550e-04,
        0.0000e+00, 0.0000e+00, 2.2650e-05, 0.0000e+00, 5.6624e-06, 3.5763e-07,
        0.0000e+00, 1.9813e-04, 0.0000e+00, 9.7752e-06, 5.9605e-08, 0.0000e+00,
        8.0121e-04, 1.5140e-05, 0.0000e+00, 1.1921e-07, 0.0000e+00, 5.9605e-08,
        0.0000e+00, 0.0000e+00, 0.0000e+00, 2.0623e-05, 0.0000e+00, 0.0000e+00,
        0.0000e+00, 0.0000e+00, 1.1921e-07, 0.0000e+00, 3.3259e-05, 0.0000e+00,
        0.0000e+00, 7.1526e-07, 0.0000e+00, 0.0000e+00, 6.5565e-07, 0.0000e+00,
        4.7684e-07, 0.0000e+00, 0.0000e+00, 1.0252e-05, 0.0000e+00, 0.0000e+00,
        1.1921e-07, 0.0000e+00, 0.0000e+00, 0.0000e+00, 1.1921e-07, 3.0994e-06,
        5.9605e-08, 0.0000e+00, 0.0000e+00, 0.0000e+00, 0.0000e+00, 1.9073e-06,
        0.0000e+00], device='cuda:0', grad_fn=<RsubBackward1>)
That took 36.85173583030701 seconds


PS:

Read file </home/nguyenm5/coding/pinot/jul-13/active-supervised/ProbabilityOfImprovement.stderr> for stderr output of this job.

Sender: LSF System <lsfadmin@lt01>
Subject: Job 15330666: <active-supervised> in cluster <lila> Exited

Job <active-supervised> was submitted from host <lilac> by user <nguyenm5> in cluster <lila> at Mon Jul 13 21:31:37 2020
Job was executed on host(s) <12*lt01>, in queue <gpuqueue>, as user <nguyenm5> in cluster <lila> at Mon Jul 13 21:31:37 2020
</home/nguyenm5> was used as the home directory.
</home/nguyenm5/coding/pinot> was used as the working directory.
Started at Mon Jul 13 21:31:37 2020
Terminated at Mon Jul 13 21:32:37 2020
Results reported at Mon Jul 13 21:32:37 2020

Your job looked like:

------------------------------------------------------------
# LSBATCH: User input
/home/nguyenm5/anaconda3/envs/pinot/bin/python scripts/active/plotting_active.py --net ExactGaussianProcessRegressor --num_rounds 4 --num_trials 1 --num_epoch 750 --data moonshot --q 96 --acquisition ProbabilityOfImprovement --output_folder /home/nguyenm5/coding/pinot/jul-13/active-supervised --index 3
------------------------------------------------------------

Exited with exit code 1.

Resource usage summary:

    CPU time :                                   391.98 sec.
    Max Memory :                                 2 GB
    Average Memory :                             1.74 GB
    Total Requested Memory :                     192.00 GB
    Delta Memory :                               190.00 GB
    Max Swap :                                   -
    Max Processes :                              3
    Max Threads :                                20
    Run time :                                   59 sec.
    Turnaround time :                            60 sec.

The output (if any) follows:

0
scores from acquisition: probability_of_improvement
tensor([0.4680, 0.4513, 0.4752, 0.4529, 0.4589, 0.4648, 0.4576, 0.4537, 0.4518,
        0.4723, 0.4500, 0.4714, 0.4493, 0.4676, 0.4734, 0.4584, 0.4485, 0.4628,
        0.4648, 0.4714, 0.4650, 0.4707, 0.4592, 0.4640, 0.4569, 0.4757, 0.4574,
        0.4572, 0.4721, 0.4762, 0.4750, 0.4757, 0.4506, 0.4728, 0.4559, 0.4494,
        0.4765, 0.4573, 0.4698, 0.4470, 0.4741, 0.4754, 0.4729, 0.4633, 0.4752,
        0.4673, 0.4543, 0.4740, 0.4695, 0.4555, 0.4486, 0.4657, 0.4739, 0.4599,
        0.4764, 0.4751, 0.4579, 0.4564, 0.4620, 0.4735, 0.4569, 0.4487, 0.4646,
        0.4511, 0.4531, 0.4747, 0.4729, 0.4568, 0.4486, 0.4430, 0.4496, 0.4688,
        0.4507, 0.4674, 0.4553, 0.4672, 0.4525, 0.4713, 0.4570, 0.4519, 0.4538,
        0.4705, 0.4638, 0.4588, 0.4486, 0.4530, 0.4551, 0.4700, 0.4750, 0.4706,
        0.4658, 0.4754, 0.4750, 0.4734, 0.4699, 0.4561, 0.4706, 0.4751, 0.4702,
        0.4499, 0.4631, 0.4636, 0.4521, 0.4593, 0.4749, 0.4584, 0.4536, 0.4730,
        0.4533, 0.4527, 0.4524, 0.4522, 0.4505, 0.4721, 0.4624, 0.4481, 0.4733,
        0.4675, 0.4643, 0.4750, 0.4506, 0.4764, 0.4641, 0.4560, 0.4753, 0.4753,
        0.4720, 0.4512, 0.4643, 0.4674, 0.4483, 0.4724, 0.4723, 0.4628, 0.4550,
        0.4476, 0.4509, 0.4628, 0.4735, 0.4506, 0.4485, 0.4660, 0.4658, 0.4573,
        0.4557, 0.4733, 0.4613, 0.4714, 0.4530, 0.4596, 0.4716, 0.4595, 0.4538,
        0.4559, 0.4696, 0.4500, 0.4708, 0.4587, 0.4577, 0.4652, 0.4734, 0.4646,
        0.4727, 0.4482, 0.4705, 0.4716, 0.4509, 0.4707, 0.4626, 0.4619, 0.4487,
        0.4591, 0.4528, 0.4520, 0.4562, 0.4670, 0.4541, 0.4558, 0.4603, 0.4510,
        0.4750, 0.4699, 0.4760, 0.4543, 0.4492, 0.4586, 0.4555, 0.4549, 0.4762,
        0.4762, 0.4509, 0.4653, 0.4590, 0.4516, 0.4570, 0.4715, 0.4567, 0.4657,
        0.4521, 0.4626, 0.4729, 0.4512, 0.4518, 0.4743, 0.4530, 0.4749, 0.4759,
        0.4536, 0.4610, 0.4515, 0.4571, 0.4635, 0.4637, 0.4516, 0.4634, 0.4719,
        0.4423, 0.4546, 0.4532, 0.4765, 0.4493, 0.4677, 0.4697, 0.4681, 0.4485,
        0.4702, 0.4541, 0.4508, 0.4531, 0.4732, 0.4535, 0.4545, 0.4748, 0.4603,
        0.4607, 0.4558, 0.4703, 0.4737, 0.4554, 0.4657, 0.4528, 0.4657, 0.4740,
        0.4513, 0.4654, 0.4743, 0.4506, 0.4677, 0.4554, 0.4596, 0.4513, 0.4473,
        0.4486, 0.4624, 0.4721, 0.4767, 0.4529, 0.4551, 0.4495, 0.4532, 0.4632,
        0.4726, 0.4665, 0.4588, 0.4751, 0.4580, 0.4543, 0.4500, 0.4563, 0.4639,
        0.4669, 0.4506, 0.4514, 0.4646, 0.4729, 0.4509, 0.4739, 0.4624, 0.4556,
        0.4748, 0.4741, 0.4501, 0.4526, 0.4670, 0.4740, 0.4491, 0.4663, 0.4615,
        0.4575, 0.4529, 0.4563, 0.4651, 0.4611, 0.4485, 0.4515, 0.4694, 0.4487,
        0.4571, 0.4551, 0.4687, 0.4608, 0.4431, 0.4659, 0.4677, 0.4740, 0.4494,
        0.4737, 0.4749, 0.4584, 0.4515, 0.4648, 0.4743, 0.4654, 0.4698, 0.4706,
        0.4495, 0.4492, 0.4748, 0.4490, 0.4522, 0.4647, 0.4530, 0.4702, 0.4570,
        0.4691, 0.4491, 0.4532, 0.4617, 0.4628, 0.4754, 0.4563, 0.4697, 0.4500,
        0.4530, 0.4592, 0.4431, 0.4616, 0.4582, 0.4694, 0.4502, 0.4740, 0.4557,
        0.4751, 0.4457, 0.4574, 0.4431, 0.4553, 0.4634, 0.4593, 0.4756, 0.4679,
        0.4741, 0.4489, 0.4562, 0.4763, 0.4676, 0.4714, 0.4597, 0.4566, 0.4528,
        0.4509, 0.4739, 0.4547, 0.4497, 0.4500, 0.4577, 0.4578, 0.4727, 0.4668,
        0.4629, 0.4545, 0.4765, 0.4664], device='cuda:0',
       grad_fn=<RsubBackward1>)
scores from acquisition: probability_of_improvement
tensor([0.0000e+00, 7.6063e-02, 0.0000e+00, 8.5028e-03, 0.0000e+00, 1.8893e-02,
        3.7948e-02, 6.0056e-02, 6.1184e-02, 7.9867e-02, 0.0000e+00, 4.7343e-03,
        1.2113e-02, 8.8215e-06, 0.0000e+00, 2.8133e-05, 4.4150e-03, 1.0252e-05,
        2.5206e-03, 4.3212e-03, 1.4451e-02, 5.7750e-02, 3.1352e-04, 2.2461e-02,
        2.7582e-02, 2.5153e-05, 1.4356e-02, 2.1458e-05, 0.0000e+00, 8.0217e-02,
        1.3351e-05, 2.6680e-02, 9.0062e-02, 5.0571e-03, 0.0000e+00, 2.0266e-04,
        1.3590e-05, 1.1921e-05, 5.2069e-02, 5.6444e-02, 5.6744e-05, 1.9779e-02,
        4.4990e-02, 5.6011e-02, 7.6191e-02, 6.6748e-02, 4.8855e-02, 0.0000e+00,
        4.2626e-02, 3.2967e-04, 0.0000e+00, 2.3842e-07, 4.2114e-02, 2.2331e-02,
        4.8058e-02, 4.8967e-02, 7.3564e-04, 3.9447e-03, 1.1570e-02, 0.0000e+00,
        0.0000e+00, 4.7410e-04, 1.7476e-04, 0.0000e+00, 5.9605e-08, 0.0000e+00,
        8.5044e-02, 1.5378e-05, 2.3049e-04, 2.1362e-02, 3.3536e-02, 7.7361e-03,
        7.2569e-02, 4.0479e-02, 5.9605e-08, 2.4072e-03, 4.5116e-03, 6.9131e-02,
        3.3350e-02, 1.3023e-02, 1.1921e-07, 0.0000e+00, 1.7722e-02, 1.0460e-03,
        2.8629e-03, 6.8203e-02, 0.0000e+00, 0.0000e+00, 6.5241e-02, 1.1921e-07,
        1.8244e-02, 6.9723e-02, 3.7638e-02, 2.3923e-02, 5.6450e-02, 8.5532e-02,
        8.4043e-06, 1.2338e-05, 1.9302e-02, 1.2477e-02, 8.6188e-05, 6.0163e-03,
        4.1127e-06, 1.1334e-02, 2.7752e-04, 2.4450e-04, 0.0000e+00, 6.2863e-02,
        1.1075e-04, 3.8683e-05, 1.5795e-05, 5.0660e-03, 5.3147e-02, 4.5312e-02,
        3.0926e-03, 1.5819e-04, 1.1921e-07, 8.1539e-03, 1.0353e-02, 1.8751e-02,
        1.1246e-03, 6.3777e-05, 2.4144e-02, 1.3113e-06, 8.1563e-04, 2.5694e-02,
        5.9605e-08, 5.1406e-03, 9.2922e-02, 2.4736e-04, 5.8037e-02, 0.0000e+00,
        3.8172e-02, 1.0133e-06, 4.5033e-03, 9.1392e-02, 1.3113e-05, 6.0773e-02,
        7.4375e-04, 5.4370e-03, 6.9308e-04, 3.1173e-02, 6.2922e-02, 1.7881e-07,
        3.1673e-02, 2.2388e-02, 5.9832e-02, 6.0151e-03, 2.9802e-07, 2.3842e-07,
        2.1571e-04, 3.7706e-04, 1.6843e-01, 6.5225e-03, 0.0000e+00, 6.4056e-02,
        3.1461e-03, 0.0000e+00, 0.0000e+00, 7.6923e-02, 0.0000e+00, 8.3559e-03,
        3.0101e-02, 0.0000e+00, 5.8381e-02, 2.5569e-02, 6.6861e-03, 0.0000e+00,
        0.0000e+00, 3.2240e-04, 5.5994e-03, 8.9062e-03, 3.2783e-06, 5.6492e-03,
        3.9886e-03, 5.3253e-02, 2.8750e-03, 0.0000e+00, 0.0000e+00, 7.4986e-02,
        6.3747e-02, 3.3179e-02, 3.0598e-02, 2.4732e-02, 6.7436e-02, 4.5972e-02,
        6.2649e-02, 0.0000e+00, 0.0000e+00, 3.8098e-02, 8.0053e-03, 5.4849e-02,
        5.4200e-02, 3.4767e-02, 8.8215e-06, 4.1723e-07, 5.3254e-02, 4.5035e-02,
        5.2202e-04, 3.7453e-02, 2.8235e-02, 2.9115e-02, 7.4220e-02, 2.1708e-04,
        1.9073e-06, 9.6170e-03, 3.9995e-05, 0.0000e+00, 1.3113e-06, 1.8501e-02,
        1.3947e-05, 3.8665e-03, 7.8290e-03, 4.2320e-02, 7.2032e-02, 1.5736e-05,
        1.0050e-01, 3.5912e-02, 2.8201e-02, 0.0000e+00, 4.6372e-05, 8.7051e-02,
        0.0000e+00, 2.7001e-03, 5.3218e-02, 4.8472e-03, 4.1680e-03, 0.0000e+00,
        0.0000e+00, 2.2411e-05, 6.9460e-02, 1.6282e-02, 2.4655e-02, 2.1112e-02,
        2.1935e-05, 1.6972e-03, 2.3842e-07, 5.6256e-02, 1.8450e-03, 1.4634e-02,
        4.8716e-03, 0.0000e+00, 0.0000e+00, 1.4607e-02, 9.8288e-05, 1.2937e-02,
        4.4569e-02, 0.0000e+00, 6.6895e-02, 3.3092e-02, 1.6299e-02, 0.0000e+00,
        9.1428e-04, 3.4974e-02, 1.0948e-01, 3.9191e-03, 6.6749e-02, 4.0770e-05,
        0.0000e+00, 1.1921e-07, 0.0000e+00, 6.4756e-02, 1.3909e-03, 7.1526e-07,
        2.5182e-02, 2.7292e-02, 1.2038e-02, 4.0010e-02, 3.9240e-02, 3.6210e-02,
        5.5301e-02, 0.0000e+00, 3.6601e-02, 1.9479e-04, 2.0629e-02, 3.0574e-02,
        3.8147e-06], device='cuda:0', grad_fn=<RsubBackward1>)
scores from acquisition: probability_of_improvement
tensor([0.0000e+00, 2.9802e-07, 1.6689e-06, 0.0000e+00, 1.1921e-07, 0.0000e+00,
        4.7684e-06, 2.9206e-06, 5.9605e-08, 0.0000e+00, 1.7881e-07, 2.6226e-06,
        0.0000e+00, 6.6757e-06, 5.1975e-05, 1.2636e-05, 3.5763e-06, 5.9605e-08,
        2.9802e-06, 1.3638e-04, 0.0000e+00, 0.0000e+00, 1.1921e-07, 5.0664e-06,
        2.2054e-06, 2.9802e-06, 4.1723e-07, 2.3842e-07, 1.0729e-06, 3.2187e-06,
        0.0000e+00, 2.9802e-06, 1.2696e-05, 0.0000e+00, 2.3842e-07, 4.7684e-07,
        1.4365e-05, 3.0398e-06, 0.0000e+00, 0.0000e+00, 3.4189e-04, 1.5378e-05,
        0.0000e+00, 1.3077e-04, 0.0000e+00, 8.3447e-07, 1.1206e-05, 6.0797e-05,
        4.0531e-06, 8.3447e-06, 2.1082e-04, 6.1750e-05, 9.1791e-06, 0.0000e+00,
        2.3842e-07, 1.1921e-07, 1.3506e-04, 1.5259e-05, 3.9339e-06, 5.3644e-07,
        5.9605e-07, 0.0000e+00, 0.0000e+00, 5.9605e-08, 0.0000e+00, 7.8678e-06,
        6.0201e-05, 2.3842e-06, 5.4204e-04, 1.1921e-07, 4.5300e-06, 2.0909e-04,
        6.6757e-05, 0.0000e+00, 1.3709e-06, 2.2650e-06, 2.0862e-06, 4.1246e-05,
        2.6810e-04, 1.3113e-06, 8.7023e-06, 3.2187e-06, 7.8082e-06, 2.3842e-06,
        8.7023e-06, 2.2650e-06, 7.7486e-07, 7.1526e-07, 8.5831e-06, 0.0000e+00,
        1.5497e-06, 1.1098e-04, 5.9605e-06, 0.0000e+00, 2.1696e-05, 3.3379e-06,
        2.7418e-06, 3.8862e-05, 2.2781e-04, 7.5698e-06, 0.0000e+00, 3.8385e-05,
        1.0133e-06, 3.6955e-06, 8.3327e-05, 1.1563e-04, 7.1526e-06, 0.0000e+00,
        4.6492e-06, 0.0000e+00, 0.0000e+00, 0.0000e+00, 5.7220e-06, 0.0000e+00,
        4.8876e-06, 0.0000e+00, 6.7949e-06, 1.4901e-05, 4.8876e-06, 4.6945e-04,
        4.7684e-07, 8.7023e-06, 6.9737e-06, 4.4107e-06, 2.9802e-07, 4.9174e-05,
        0.0000e+00, 0.0000e+00, 1.6940e-04, 0.0000e+00, 0.0000e+00, 1.5497e-06,
        1.2314e-04, 0.0000e+00, 4.7684e-07, 7.0572e-05, 0.0000e+00, 1.2362e-04,
        4.3154e-05, 2.9802e-07, 1.7877e-03, 2.8610e-06, 9.5367e-07, 0.0000e+00,
        3.5763e-07, 0.0000e+00, 4.3511e-06, 1.5497e-06, 2.5916e-04, 5.9605e-08,
        0.0000e+00, 1.5497e-06, 1.1921e-07, 4.5180e-05, 4.7684e-07, 8.7023e-06,
        0.0000e+00, 4.4107e-06, 1.7881e-07, 8.7380e-05, 7.1526e-06, 1.1921e-07,
        5.9605e-07, 4.1723e-06, 5.3048e-06, 0.0000e+00, 0.0000e+00, 0.0000e+00,
        2.1493e-04, 4.8757e-05, 0.0000e+00, 2.3842e-06, 1.3214e-04, 0.0000e+00,
        1.0788e-05, 0.0000e+00, 6.1989e-06, 0.0000e+00, 3.2187e-06, 2.5034e-06,
        0.0000e+00], device='cuda:0', grad_fn=<RsubBackward1>)
scores from acquisition: probability_of_improvement
tensor([5.5105e-03, 2.2411e-05, 2.2650e-06, 0.0000e+00, 0.0000e+00, 0.0000e+00,
        0.0000e+00, 0.0000e+00, 7.3314e-06, 3.5763e-07, 0.0000e+00, 0.0000e+00,
        1.2040e-05, 0.0000e+00, 0.0000e+00, 5.9485e-05, 0.0000e+00, 0.0000e+00,
        0.0000e+00, 0.0000e+00, 3.4457e-03, 5.2452e-06, 2.5034e-06, 0.0000e+00,
        0.0000e+00, 0.0000e+00, 0.0000e+00, 8.9407e-07, 0.0000e+00, 6.3672e-03,
        1.9550e-05, 0.0000e+00, 0.0000e+00, 0.0000e+00, 0.0000e+00, 2.3842e-07,
        5.9605e-07, 0.0000e+00, 0.0000e+00, 1.1921e-07, 2.5022e-04, 0.0000e+00,
        0.0000e+00, 0.0000e+00, 0.0000e+00, 2.3717e-04, 1.1921e-06, 0.0000e+00,
        0.0000e+00, 0.0000e+00, 8.6427e-06, 6.8784e-05, 2.4492e-04, 5.1296e-04,
        0.0000e+00, 0.0000e+00, 5.8651e-05, 0.0000e+00, 0.0000e+00, 4.7684e-07,
        1.1921e-07, 6.5565e-07, 0.0000e+00, 1.4305e-06, 0.0000e+00, 0.0000e+00,
        1.1683e-05, 0.0000e+00, 7.3314e-06, 0.0000e+00, 0.0000e+00, 7.1526e-07,
        0.0000e+00, 0.0000e+00, 0.0000e+00, 4.7684e-07, 1.1921e-07, 2.7895e-05,
        0.0000e+00, 0.0000e+00, 2.9802e-07, 0.0000e+00, 9.5367e-07, 1.7738e-04,
        0.0000e+00], device='cuda:0', grad_fn=<RsubBackward1>)


PS:

Read file </home/nguyenm5/coding/pinot/jul-13/active-supervised/ProbabilityOfImprovement.stderr> for stderr output of this job.

Sender: LSF System <lsfadmin@lt10>
Subject: Job 15330668: <active-supervised> in cluster <lila> Exited

Job <active-supervised> was submitted from host <lilac> by user <nguyenm5> in cluster <lila> at Mon Jul 13 21:31:37 2020
Job was executed on host(s) <12*lt10>, in queue <gpuqueue>, as user <nguyenm5> in cluster <lila> at Mon Jul 13 21:31:38 2020
</home/nguyenm5> was used as the home directory.
</home/nguyenm5/coding/pinot> was used as the working directory.
Started at Mon Jul 13 21:31:38 2020
Terminated at Mon Jul 13 21:32:46 2020
Results reported at Mon Jul 13 21:32:46 2020

Your job looked like:

------------------------------------------------------------
# LSBATCH: User input
/home/nguyenm5/anaconda3/envs/pinot/bin/python scripts/active/plotting_active.py --net ExactGaussianProcessRegressor --num_rounds 4 --num_trials 1 --num_epoch 750 --data moonshot --q 96 --acquisition ProbabilityOfImprovement --output_folder /home/nguyenm5/coding/pinot/jul-13/active-supervised --index 5
------------------------------------------------------------

Exited with exit code 1.

Resource usage summary:

    CPU time :                                   448.11 sec.
    Max Memory :                                 2 GB
    Average Memory :                             1.81 GB
    Total Requested Memory :                     192.00 GB
    Delta Memory :                               190.00 GB
    Max Swap :                                   -
    Max Processes :                              3
    Max Threads :                                20
    Run time :                                   69 sec.
    Turnaround time :                            69 sec.

The output (if any) follows:

0
scores from acquisition: probability_of_improvement
tensor([0.4286, 0.3869, 0.3904, 0.4071, 0.4175, 0.3987, 0.3909, 0.3873, 0.4367,
        0.3843, 0.4544, 0.3838, 0.4216, 0.4581, 0.4007, 0.3824, 0.4102, 0.4146,
        0.4492, 0.4143, 0.4337, 0.4072, 0.4133, 0.3969, 0.4518, 0.3979, 0.3977,
        0.4515, 0.4581, 0.4632, 0.4586, 0.3849, 0.4567, 0.3969, 0.3836, 0.4584,
        0.3979, 0.4267, 0.3794, 0.4451, 0.4432, 0.4553, 0.4120, 0.4559, 0.4192,
        0.3934, 0.4500, 0.4287, 0.3943, 0.3820, 0.4148, 0.4429, 0.4030, 0.4396,
        0.4496, 0.3996, 0.3962, 0.4101, 0.4374, 0.3975, 0.3822, 0.4150, 0.3860,
        0.3906, 0.4635, 0.4588, 0.3981, 0.3818, 0.3730, 0.3836, 0.4250, 0.3850,
        0.4205, 0.3952, 0.4233, 0.3887, 0.4305, 0.3973, 0.3874, 0.3925, 0.4290,
        0.4134, 0.4014, 0.3824, 0.3902, 0.3938, 0.4446, 0.4641, 0.4416, 0.4204,
        0.4509, 0.4615, 0.4545, 0.4265, 0.3968, 0.4304, 0.4448, 0.4298, 0.3843,
        0.4127, 0.4252, 0.3883, 0.4113, 0.4500, 0.4010, 0.4489, 0.3907, 0.4578,
        0.3900, 0.3898, 0.3885, 0.3884, 0.3849, 0.4531, 0.4089, 0.3819, 0.4487,
        0.4229, 0.4127, 0.4642, 0.3859, 0.4464, 0.4264, 0.3960, 0.4562, 0.4645,
        0.4337, 0.3875, 0.4127, 0.4215, 0.3817, 0.4380, 0.4516, 0.4108, 0.3937,
        0.3803, 0.3859, 0.4104, 0.4405, 0.3849, 0.3823, 0.4182, 0.4158, 0.3977,
        0.3944, 0.4545, 0.4083, 0.4347, 0.3892, 0.4044, 0.4319, 0.4043, 0.3916,
        0.3952, 0.4270, 0.3843, 0.4308, 0.4025, 0.3990, 0.4152, 0.4340, 0.4140,
        0.4312, 0.3809, 0.4282, 0.4459, 0.3861, 0.4305, 0.4092, 0.4089, 0.3832,
        0.4021, 0.3896, 0.3884, 0.3959, 0.4195, 0.3918, 0.3947, 0.4041, 0.3860,
        0.4449, 0.4289, 0.4553, 0.3924, 0.3892, 0.4020, 0.3942, 0.3933, 0.4549,
        0.4460, 0.3859, 0.4301, 0.4011, 0.3878, 0.3978, 0.4321, 0.3974, 0.4179,
        0.3891, 0.4106, 0.4551, 0.3869, 0.3874, 0.4448, 0.3901, 0.4619, 0.4543,
        0.3919, 0.4064, 0.3875, 0.3971, 0.4120, 0.4119, 0.3871, 0.4104, 0.4366,
        0.3754, 0.3927, 0.3902, 0.4516, 0.3832, 0.4199, 0.4288, 0.4235, 0.3818,
        0.4296, 0.3918, 0.3860, 0.3903, 0.4567, 0.3906, 0.3926, 0.4636, 0.4045,
        0.4061, 0.3962, 0.4317, 0.4605, 0.3944, 0.4148, 0.3891, 0.4162, 0.4605,
        0.3877, 0.4147, 0.4603, 0.3850, 0.4199, 0.3948, 0.4026, 0.3870, 0.3793,
        0.3818, 0.4087, 0.4563, 0.4552, 0.3900, 0.3938, 0.3833, 0.3908, 0.4100,
        0.4530, 0.4185, 0.4007, 0.4545, 0.3992, 0.3929, 0.3843, 0.3967, 0.4134,
        0.4229, 0.3850, 0.3874, 0.4149, 0.4381, 0.3859, 0.4438, 0.4086, 0.3959,
        0.4511, 0.4566, 0.3846, 0.3898, 0.4283, 0.4593, 0.3830, 0.4179, 0.4083,
        0.4000, 0.3896, 0.3960, 0.4181, 0.4093, 0.3818, 0.3876, 0.4250, 0.3821,
        0.3975, 0.3933, 0.4246, 0.4064, 0.3732, 0.4230, 0.4199, 0.4552, 0.3846,
        0.4387, 0.4465, 0.4015, 0.3870, 0.4165, 0.4449, 0.4174, 0.4246, 0.4463,
        0.3845, 0.3832, 0.4565, 0.3829, 0.3884, 0.4133, 0.3914, 0.4296, 0.3976,
        0.4260, 0.3829, 0.3912, 0.4076, 0.4124, 0.4511, 0.3971, 0.4258, 0.3851,
        0.3897, 0.4039, 0.3731, 0.4065, 0.4000, 0.4284, 0.3845, 0.4401, 0.3960,
        0.4644, 0.3774, 0.3979, 0.3731, 0.3943, 0.4114, 0.4023, 0.4556, 0.4232,
        0.4409, 0.3822, 0.3961, 0.4599, 0.4250, 0.4347, 0.4041, 0.3967, 0.3897,
        0.3860, 0.4388, 0.3931, 0.3836, 0.3847, 0.3983, 0.3995, 0.4367, 0.4178,
        0.4104, 0.3935, 0.4569, 0.4192], device='cuda:0',
       grad_fn=<RsubBackward1>)
scores from acquisition: probability_of_improvement
tensor([0.0000e+00, 8.3631e-02, 0.0000e+00, 5.3644e-07, 0.0000e+00, 1.3300e-02,
        3.7359e-02, 7.6672e-02, 5.9435e-02, 8.1564e-02, 0.0000e+00, 4.1699e-04,
        1.4090e-02, 1.7285e-06, 0.0000e+00, 3.2783e-06, 0.0000e+00, 0.0000e+00,
        2.4921e-04, 3.6255e-03, 2.3378e-02, 7.0434e-02, 1.7297e-04, 3.7006e-02,
        2.8058e-02, 1.7285e-05, 4.0861e-02, 3.5763e-07, 1.6689e-06, 9.2275e-02,
        1.1921e-07, 3.8250e-02, 9.9809e-02, 7.1049e-05, 0.0000e+00, 2.2423e-04,
        3.5763e-07, 0.0000e+00, 4.9565e-02, 6.4575e-02, 2.6226e-06, 2.4107e-02,
        3.5210e-02, 5.7461e-02, 8.8339e-02, 1.0952e-01, 6.1674e-02, 0.0000e+00,
        4.8379e-02, 6.7654e-03, 3.3814e-02, 1.1921e-06, 6.0754e-02, 1.6154e-02,
        6.1160e-02, 4.3992e-02, 1.3113e-06, 1.1921e-05, 2.2978e-04, 1.3783e-02,
        4.5300e-06, 0.0000e+00, 3.4255e-04, 0.0000e+00, 3.5763e-07, 0.0000e+00,
        9.5108e-02, 7.5102e-06, 1.6642e-04, 3.5916e-02, 1.6971e-02, 1.7043e-03,
        8.0122e-02, 4.6410e-02, 0.0000e+00, 1.8212e-03, 1.3715e-04, 8.4732e-02,
        2.7755e-02, 1.2699e-02, 0.0000e+00, 0.0000e+00, 3.1491e-02, 7.7796e-04,
        7.0049e-03, 7.6165e-02, 7.1526e-07, 0.0000e+00, 7.9350e-02, 0.0000e+00,
        1.1970e-02, 7.9614e-02, 5.0783e-02, 3.0988e-02, 6.9351e-02, 9.8227e-02,
        3.3379e-06, 1.7881e-06, 3.8595e-03, 1.4026e-02, 1.8358e-05, 1.1282e-02,
        3.2187e-06, 6.5088e-05, 2.8496e-03, 7.5984e-03, 3.5763e-07, 6.5758e-02,
        6.9141e-06, 8.2254e-06, 1.8120e-05, 3.6003e-03, 6.8184e-02, 0.0000e+00,
        5.7860e-02, 3.9446e-04, 6.9261e-05, 6.4375e-02, 4.5035e-03, 6.3669e-02,
        1.6163e-02, 1.6110e-03, 4.1723e-07, 4.5330e-02, 1.8835e-05, 2.6226e-06,
        3.2697e-02, 0.0000e+00, 1.9516e-02, 1.1331e-01, 5.9605e-05, 6.6207e-02,
        0.0000e+00, 5.1358e-02, 1.2565e-04, 1.0264e-01, 2.0504e-05, 7.1647e-02,
        9.8348e-06, 3.5157e-03, 1.1563e-04, 8.0891e-02, 7.8800e-02, 5.9605e-08,
        6.6547e-02, 2.8952e-02, 5.6760e-02, 4.0531e-05, 5.9605e-08, 0.0000e+00,
        2.1477e-03, 5.5432e-06, 1.7236e-01, 9.3403e-03, 0.0000e+00, 8.3759e-02,
        2.7418e-06, 0.0000e+00, 0.0000e+00, 8.2446e-02, 0.0000e+00, 1.7858e-02,
        4.2783e-02, 4.2915e-06, 7.6513e-02, 2.5399e-02, 4.5526e-04, 0.0000e+00,
        0.0000e+00, 5.9843e-05, 1.0133e-04, 2.3985e-02, 4.7684e-07, 2.4474e-04,
        6.8545e-06, 6.4450e-02, 1.5497e-06, 0.0000e+00, 0.0000e+00, 8.2578e-02,
        8.4478e-02, 3.6210e-02, 2.5654e-02, 4.8698e-02, 7.4244e-02, 6.2060e-02,
        8.3353e-02, 0.0000e+00, 0.0000e+00, 3.3434e-02, 1.4521e-02, 5.3517e-02,
        4.4741e-02, 1.4033e-02, 0.0000e+00, 9.5367e-07, 6.4451e-02, 4.9715e-02,
        5.7220e-06, 5.0966e-02, 2.3473e-02, 4.3229e-02, 8.3357e-02, 6.8247e-04,
        1.1921e-07, 2.0041e-02, 2.6286e-05, 8.2864e-03, 0.0000e+00, 3.1335e-02,
        2.9802e-07, 8.8430e-03, 9.5606e-04, 4.9978e-02, 8.9328e-02, 3.6776e-05,
        1.1646e-01, 4.9954e-02, 3.2543e-02, 0.0000e+00, 1.1921e-07, 9.7540e-02,
        0.0000e+00, 8.3447e-07, 6.1271e-02, 2.8348e-04, 2.4164e-02, 1.1921e-07,
        0.0000e+00, 2.6518e-04, 5.6687e-02, 2.3857e-02, 4.5506e-02, 3.2480e-02,
        0.0000e+00, 1.8139e-03, 5.9605e-08, 6.3814e-02, 5.2226e-04, 2.8679e-02,
        1.5284e-03, 3.0339e-05, 2.3842e-07, 1.7890e-02, 2.9981e-05, 2.4766e-03,
        6.3960e-02, 0.0000e+00, 1.1026e-01, 3.6279e-02, 2.2071e-02, 0.0000e+00,
        5.4973e-03, 3.0887e-02, 1.2391e-01, 3.2188e-03, 1.1017e-01, 9.0599e-06,
        2.2054e-06, 5.9605e-08, 0.0000e+00, 6.7585e-02, 1.8731e-03, 3.1769e-05,
        1.6545e-02, 4.0090e-02, 6.5030e-02, 5.3186e-02, 3.0353e-02, 4.3885e-02,
        6.1573e-02, 7.2718e-06, 4.5788e-02, 4.9591e-05, 1.4224e-02, 4.2839e-02,
        0.0000e+00], device='cuda:0', grad_fn=<RsubBackward1>)
scores from acquisition: probability_of_improvement
tensor([0.0000e+00, 5.8413e-06, 4.2975e-05, 0.0000e+00, 2.3842e-07, 0.0000e+00,
        9.6560e-06, 5.7220e-06, 0.0000e+00, 0.0000e+00, 0.0000e+00, 7.4506e-06,
        7.5102e-06, 4.7684e-06, 8.4043e-06, 3.4571e-06, 5.8520e-04, 0.0000e+00,
        0.0000e+00, 0.0000e+00, 0.0000e+00, 0.0000e+00, 6.5565e-07, 4.2408e-03,
        8.9407e-07, 0.0000e+00, 0.0000e+00, 0.0000e+00, 7.9155e-05, 0.0000e+00,
        1.7071e-04, 8.3447e-07, 1.7762e-05, 0.0000e+00, 3.2902e-05, 7.1526e-07,
        6.6757e-06, 0.0000e+00, 1.1623e-04, 3.3498e-05, 0.0000e+00, 8.3811e-03,
        0.0000e+00, 0.0000e+00, 2.1219e-05, 8.3346e-03, 6.0797e-06, 3.2970e-03,
        4.6476e-03, 9.1612e-05, 0.0000e+00, 1.1599e-04, 0.0000e+00, 2.9802e-07,
        1.9825e-04, 9.8646e-05, 2.4271e-03, 6.4433e-04, 5.4955e-04, 4.9710e-05,
        0.0000e+00, 4.7684e-07, 0.0000e+00, 3.0398e-06, 2.1100e-05, 3.5763e-07,
        5.8055e-04, 1.6689e-06, 1.3351e-05, 1.3837e-02, 1.3573e-03, 6.5565e-07,
        1.6689e-06, 7.1824e-04, 4.7785e-04, 1.0133e-05, 0.0000e+00, 6.0594e-03,
        0.0000e+00, 2.8014e-06, 6.8331e-04, 1.0729e-06, 1.1325e-05, 1.4901e-05,
        0.0000e+00, 0.0000e+00, 2.9802e-07, 4.7684e-07, 5.4959e-03, 7.5698e-06,
        6.3181e-06, 1.0252e-05, 2.2936e-04, 3.9894e-03, 5.2663e-03, 7.1526e-07,
        1.4305e-06, 1.2308e-04, 1.6438e-03, 2.1583e-03, 3.3021e-05, 4.2915e-06,
        0.0000e+00, 5.9605e-07, 0.0000e+00, 0.0000e+00, 0.0000e+00, 5.3346e-04,
        0.0000e+00, 1.1921e-07, 1.5736e-05, 1.2517e-06, 1.1921e-07, 4.0293e-05,
        7.1526e-07, 1.1858e-03, 5.9247e-05, 5.7077e-04, 1.1921e-06, 5.9605e-07,
        3.8278e-04, 7.3656e-03, 0.0000e+00, 0.0000e+00, 5.9605e-08, 2.3055e-04,
        1.0085e-04, 0.0000e+00, 3.0696e-05, 5.9605e-08, 0.0000e+00, 2.1373e-03,
        0.0000e+00, 0.0000e+00, 1.9133e-05, 1.3113e-06, 6.7822e-03, 9.4175e-06,
        0.0000e+00, 2.6298e-04, 3.0875e-05, 1.6093e-06, 0.0000e+00, 0.0000e+00,
        6.0797e-06, 6.5565e-07, 0.0000e+00, 1.0890e-03, 0.0000e+00, 0.0000e+00,
        3.2187e-06, 1.1921e-07, 0.0000e+00, 7.5877e-05, 0.0000e+00, 0.0000e+00,
        0.0000e+00, 1.9461e-04, 2.2364e-04, 4.7684e-07, 1.1921e-06, 1.0729e-05,
        5.6553e-04, 6.5565e-07, 0.0000e+00, 0.0000e+00, 2.0000e-03, 0.0000e+00,
        7.5698e-06, 4.7684e-07, 1.5842e-03, 5.2601e-03, 0.0000e+00, 1.2517e-06,
        1.7881e-07, 1.6987e-05, 1.0133e-05, 3.3379e-06, 5.2750e-05, 4.8876e-06,
        0.0000e+00], device='cuda:0', grad_fn=<RsubBackward1>)
scores from acquisition: probability_of_improvement
tensor([0.0000e+00, 0.0000e+00, 0.0000e+00, 0.0000e+00, 0.0000e+00, 1.2517e-06,
        0.0000e+00, 0.0000e+00, 0.0000e+00, 0.0000e+00, 4.3869e-05, 0.0000e+00,
        0.0000e+00, 0.0000e+00, 4.1723e-07, 0.0000e+00, 0.0000e+00, 1.1921e-07,
        0.0000e+00, 0.0000e+00, 0.0000e+00, 4.8976e-01, 1.1921e-07, 0.0000e+00,
        7.6294e-06, 3.3379e-06, 0.0000e+00, 1.7881e-07, 5.3644e-07, 0.0000e+00,
        0.0000e+00, 9.4175e-06, 1.5855e-05, 7.6294e-06, 5.9605e-08, 0.0000e+00,
        0.0000e+00, 5.9605e-08, 0.0000e+00, 0.0000e+00, 1.1921e-07, 4.5210e-03,
        0.0000e+00, 1.1921e-07, 1.6689e-06, 0.0000e+00, 5.0206e-01, 0.0000e+00,
        3.7737e-01, 0.0000e+00, 0.0000e+00, 0.0000e+00, 0.0000e+00, 2.4438e-06,
        1.9550e-05, 4.1723e-07, 1.0407e-04, 0.0000e+00, 1.6093e-06, 0.0000e+00,
        0.0000e+00, 0.0000e+00, 1.4901e-06, 5.0664e-06, 1.1921e-07, 0.0000e+00,
        4.0505e-01, 2.9802e-06, 0.0000e+00, 0.0000e+00, 5.9605e-08, 3.1590e-06,
        0.0000e+00, 1.1921e-07, 0.0000e+00, 5.9605e-08, 4.1352e-01, 0.0000e+00,
        0.0000e+00, 1.0133e-06, 1.7255e-02, 0.0000e+00, 0.0000e+00, 0.0000e+00,
        2.5459e-03], device='cuda:0', grad_fn=<RsubBackward1>)


PS:

Read file </home/nguyenm5/coding/pinot/jul-13/active-supervised/ProbabilityOfImprovement.stderr> for stderr output of this job.

Sender: LSF System <lsfadmin@lt10>
Subject: Job 15330667: <active-supervised> in cluster <lila> Exited

Job <active-supervised> was submitted from host <lilac> by user <nguyenm5> in cluster <lila> at Mon Jul 13 21:31:37 2020
Job was executed on host(s) <12*lt10>, in queue <gpuqueue>, as user <nguyenm5> in cluster <lila> at Mon Jul 13 21:31:38 2020
</home/nguyenm5> was used as the home directory.
</home/nguyenm5/coding/pinot> was used as the working directory.
Started at Mon Jul 13 21:31:38 2020
Terminated at Mon Jul 13 21:32:50 2020
Results reported at Mon Jul 13 21:32:50 2020

Your job looked like:

------------------------------------------------------------
# LSBATCH: User input
/home/nguyenm5/anaconda3/envs/pinot/bin/python scripts/active/plotting_active.py --net ExactGaussianProcessRegressor --num_rounds 4 --num_trials 1 --num_epoch 750 --data moonshot --q 96 --acquisition ProbabilityOfImprovement --output_folder /home/nguyenm5/coding/pinot/jul-13/active-supervised --index 4
------------------------------------------------------------

Exited with exit code 1.

Resource usage summary:

    CPU time :                                   468.58 sec.
    Max Memory :                                 2 GB
    Average Memory :                             1.82 GB
    Total Requested Memory :                     192.00 GB
    Delta Memory :                               190.00 GB
    Max Swap :                                   -
    Max Processes :                              3
    Max Threads :                                20
    Run time :                                   72 sec.
    Turnaround time :                            73 sec.

The output (if any) follows:

0
scores from acquisition: probability_of_improvement
tensor([0.3969, 0.3509, 0.4306, 0.3548, 0.3745, 0.3858, 0.3634, 0.3527, 0.3487,
        0.4041, 0.3466, 0.4379, 0.3460, 0.3891, 0.4391, 0.3662, 0.3455, 0.3755,
        0.3832, 0.4438, 0.3830, 0.3990, 0.3747, 0.3787, 0.3603, 0.4209, 0.3605,
        0.3600, 0.4447, 0.4259, 0.4284, 0.4286, 0.3461, 0.4404, 0.3608, 0.3453,
        0.4276, 0.3625, 0.3911, 0.3417, 0.4157, 0.4261, 0.4426, 0.3767, 0.4324,
        0.3867, 0.3558, 0.4183, 0.3951, 0.3562, 0.3429, 0.3802, 0.4103, 0.3688,
        0.4113, 0.4172, 0.3635, 0.3597, 0.3768, 0.4058, 0.3614, 0.3432, 0.3797,
        0.3484, 0.3541, 0.4299, 0.4289, 0.3619, 0.3424, 0.3336, 0.3453, 0.3901,
        0.3464, 0.3888, 0.3618, 0.3900, 0.3509, 0.4012, 0.3600, 0.3489, 0.3564,
        0.3963, 0.3808, 0.3651, 0.3456, 0.3564, 0.3598, 0.4500, 0.4299, 0.4051,
        0.3887, 0.4158, 0.4356, 0.4353, 0.3914, 0.3633, 0.3966, 0.4129, 0.3968,
        0.3455, 0.3790, 0.4150, 0.3507, 0.3910, 0.4178, 0.3651, 0.4226, 0.3523,
        0.4385, 0.3549, 0.3545, 0.3521, 0.3524, 0.3460, 0.4435, 0.3758, 0.3449,
        0.4343, 0.3888, 0.3787, 0.4305, 0.3481, 0.4162, 0.4168, 0.3610, 0.4317,
        0.4304, 0.4026, 0.3498, 0.3804, 0.3920, 0.3432, 0.4034, 0.4299, 0.3787,
        0.3565, 0.3411, 0.3481, 0.3744, 0.4130, 0.3461, 0.3434, 0.3830, 0.3812,
        0.3622, 0.3565, 0.4247, 0.3740, 0.4014, 0.3518, 0.3696, 0.3981, 0.3702,
        0.3577, 0.3582, 0.3937, 0.3465, 0.3969, 0.3659, 0.3644, 0.3863, 0.4037,
        0.3782, 0.3990, 0.3422, 0.3934, 0.4397, 0.3482, 0.3962, 0.3765, 0.3731,
        0.3481, 0.3659, 0.3531, 0.3521, 0.3590, 0.3870, 0.3562, 0.3615, 0.3717,
        0.3482, 0.4169, 0.3955, 0.4305, 0.3571, 0.3646, 0.3645, 0.3580, 0.3573,
        0.4198, 0.4160, 0.3481, 0.4221, 0.3654, 0.3495, 0.3647, 0.3993, 0.3623,
        0.3834, 0.3524, 0.3763, 0.4430, 0.3503, 0.3489, 0.4126, 0.3551, 0.4279,
        0.4188, 0.3562, 0.3703, 0.3504, 0.3615, 0.3788, 0.3790, 0.3500, 0.3741,
        0.4033, 0.3437, 0.3554, 0.3569, 0.4196, 0.3446, 0.3855, 0.3965, 0.3895,
        0.3439, 0.3966, 0.3548, 0.3504, 0.3566, 0.4407, 0.3525, 0.3574, 0.4287,
        0.3725, 0.3732, 0.3608, 0.3977, 0.4286, 0.3606, 0.3803, 0.3515, 0.3836,
        0.4284, 0.3522, 0.3799, 0.4291, 0.3462, 0.3854, 0.3599, 0.3679, 0.3510,
        0.3409, 0.3437, 0.3756, 0.4379, 0.4202, 0.3527, 0.3558, 0.3449, 0.3542,
        0.3781, 0.4398, 0.3841, 0.3664, 0.4204, 0.3623, 0.3582, 0.3466, 0.3615,
        0.3811, 0.3891, 0.3462, 0.3494, 0.3794, 0.4056, 0.3481, 0.4112, 0.3755,
        0.3616, 0.4194, 0.4305, 0.3466, 0.3543, 0.3960, 0.4302, 0.3455, 0.3834,
        0.3754, 0.3668, 0.3518, 0.3594, 0.3866, 0.3771, 0.3436, 0.3509, 0.3920,
        0.3427, 0.3596, 0.3592, 0.3906, 0.3723, 0.3334, 0.3905, 0.3854, 0.4423,
        0.3461, 0.4077, 0.4196, 0.3669, 0.3497, 0.3830, 0.4126, 0.3828, 0.3963,
        0.3478, 0.3454, 0.4307, 0.3451, 0.3509, 0.3815, 0.3557, 0.3977, 0.3602,
        0.3919, 0.3452, 0.3555, 0.3744, 0.3784, 0.4160, 0.3605, 0.3920, 0.3490,
        0.3515, 0.3716, 0.3338, 0.3713, 0.3682, 0.3947, 0.3469, 0.4112, 0.3620,
        0.4293, 0.3390, 0.3604, 0.3338, 0.3597, 0.3783, 0.3684, 0.4332, 0.3896,
        0.4106, 0.3433, 0.3593, 0.4277, 0.3924, 0.4014, 0.3681, 0.3612, 0.3531,
        0.3482, 0.4034, 0.3561, 0.3455, 0.3462, 0.3663, 0.3657, 0.4054, 0.3867,
        0.3743, 0.3582, 0.4330, 0.3867], device='cuda:0',
       grad_fn=<RsubBackward1>)
scores from acquisition: probability_of_improvement
tensor([0.0000e+00, 7.9434e-02, 2.3842e-07, 1.1921e-06, 0.0000e+00, 1.0533e-02,
        3.5100e-02, 2.2551e-02, 5.5764e-02, 7.8097e-02, 0.0000e+00, 2.1106e-04,
        1.1707e-02, 1.7881e-07, 0.0000e+00, 2.8014e-06, 0.0000e+00, 5.9605e-08,
        0.0000e+00, 0.0000e+00, 1.0729e-06, 1.5611e-02, 1.3590e-04, 3.5003e-02,
        2.6133e-02, 1.2755e-05, 3.7435e-02, 5.3644e-07, 1.1921e-07, 9.0301e-02,
        8.3447e-07, 3.4809e-05, 9.6949e-02, 6.5327e-05, 0.0000e+00, 1.1533e-04,
        8.9407e-07, 0.0000e+00, 5.8452e-02, 6.1697e-02, 1.3709e-06, 2.2405e-02,
        3.3748e-02, 5.5295e-02, 8.4747e-02, 8.0682e-02, 5.8867e-02, 1.1921e-07,
        2.2372e-03, 5.2124e-03, 0.0000e+00, 2.1458e-06, 5.8782e-02, 1.5566e-02,
        7.1605e-03, 4.2086e-02, 5.9605e-08, 9.5367e-06, 2.7972e-04, 1.1142e-02,
        4.9472e-06, 0.0000e+00, 3.6615e-04, 0.0000e+00, 2.3842e-06, 0.0000e+00,
        0.0000e+00, 9.2274e-02, 1.4842e-05, 3.3957e-02, 4.0263e-03, 1.1374e-03,
        7.8027e-02, 4.1709e-02, 1.5497e-06, 0.0000e+00, 1.0419e-04, 3.3492e-02,
        2.4129e-02, 1.1384e-02, 1.1921e-07, 0.0000e+00, 2.9230e-02, 4.0345e-03,
        7.3159e-02, 5.9605e-08, 0.0000e+00, 7.2493e-02, 0.0000e+00, 1.1401e-02,
        7.4561e-02, 4.8228e-02, 3.1360e-02, 1.4585e-02, 9.5505e-02, 0.0000e+00,
        5.9605e-08, 1.2820e-02, 3.5763e-07, 3.2783e-05, 0.0000e+00, 1.9073e-06,
        1.7643e-05, 7.5333e-03, 3.5763e-07, 0.0000e+00, 1.2059e-02, 5.0068e-06,
        1.0848e-05, 1.1086e-05, 3.9339e-06, 3.7638e-03, 6.4933e-02, 0.0000e+00,
        5.5298e-02, 0.0000e+00, 3.3968e-03, 9.0003e-05, 5.7220e-06, 4.3942e-03,
        1.7549e-02, 1.6001e-02, 1.3026e-03, 8.3447e-07, 4.2299e-02, 2.0504e-05,
        1.3888e-05, 2.9023e-02, 5.9605e-08, 1.7040e-02, 1.0554e-01, 1.5497e-05,
        6.3885e-02, 5.9605e-07, 4.8973e-02, 2.1112e-04, 1.0035e-01, 1.4544e-05,
        6.7754e-02, 2.5392e-05, 2.8192e-03, 2.1684e-04, 3.9058e-02, 2.6116e-02,
        1.3113e-06, 6.4669e-02, 2.8863e-02, 5.4120e-02, 8.3494e-04, 5.9605e-08,
        0.0000e+00, 1.5796e-03, 1.1921e-07, 1.7106e-01, 7.9870e-03, 0.0000e+00,
        8.0846e-02, 1.2398e-05, 0.0000e+00, 0.0000e+00, 8.7066e-02, 0.0000e+00,
        1.6813e-02, 3.6641e-02, 5.4836e-06, 2.1763e-02, 2.2949e-02, 2.2483e-04,
        0.0000e+00, 0.0000e+00, 3.8028e-05, 9.0837e-05, 3.4571e-06, 1.1921e-07,
        1.4818e-04, 1.0729e-05, 1.0545e-02, 8.3447e-06, 0.0000e+00, 3.2306e-03,
        7.8309e-02, 7.8207e-02, 2.7976e-02, 2.2070e-02, 4.0680e-04, 7.1643e-02,
        5.9092e-02, 8.0773e-02, 0.0000e+00, 0.0000e+00, 2.9824e-02, 1.3469e-02,
        4.9021e-02, 4.2352e-02, 1.2642e-02, 0.0000e+00, 1.3113e-06, 1.0546e-02,
        4.8689e-02, 1.4544e-05, 4.8067e-02, 2.0213e-02, 3.7601e-02, 3.1573e-02,
        5.4741e-04, 0.0000e+00, 1.4896e-02, 2.4736e-05, 7.1526e-07, 1.7881e-06,
        2.9300e-02, 7.7486e-07, 7.5412e-03, 5.1939e-04, 4.3269e-02, 8.6654e-02,
        2.2650e-06, 8.3315e-02, 1.0155e-03, 2.7427e-02, 0.0000e+00, 2.3842e-07,
        5.2673e-02, 0.0000e+00, 5.6028e-06, 5.8556e-02, 4.9037e-03, 2.2656e-02,
        2.3842e-07, 2.3842e-07, 5.2047e-04, 5.2648e-02, 2.0768e-02, 4.0068e-02,
        3.1611e-02, 0.0000e+00, 1.0076e-03, 6.1670e-02, 8.4168e-04, 2.1694e-02,
        1.4725e-03, 1.7285e-06, 3.5763e-07, 1.5594e-02, 1.4186e-05, 1.9518e-03,
        8.4804e-03, 0.0000e+00, 8.0177e-02, 3.4800e-02, 1.9197e-02, 0.0000e+00,
        4.4153e-03, 2.8327e-02, 1.2103e-01, 0.0000e+00, 8.0291e-02, 3.3379e-06,
        5.9605e-07, 1.1921e-07, 0.0000e+00, 6.2962e-02, 1.5588e-03, 1.6689e-06,
        1.8092e-02, 3.6057e-02, 1.9271e-02, 5.0026e-02, 2.9413e-02, 3.9708e-02,
        5.9700e-02, 1.6451e-05, 3.9743e-02, 1.1444e-05, 1.3770e-02, 4.2359e-02,
        0.0000e+00], device='cuda:0', grad_fn=<RsubBackward1>)
scores from acquisition: probability_of_improvement
tensor([0.0000e+00, 0.0000e+00, 2.9802e-06, 9.5367e-07, 0.0000e+00, 0.0000e+00,
        1.4305e-05, 0.0000e+00, 0.0000e+00, 3.0994e-06, 2.5690e-05, 8.3447e-07,
        2.3842e-07, 0.0000e+00, 0.0000e+00, 5.7817e-06, 8.3447e-07, 2.9206e-06,
        1.2517e-06, 2.3842e-06, 5.9605e-08, 7.1526e-07, 4.1723e-07, 5.3644e-06,
        2.1577e-05, 2.3842e-07, 0.0000e+00, 0.0000e+00, 2.3842e-07, 0.0000e+00,
        5.4836e-06, 1.0550e-04, 5.9605e-07, 0.0000e+00, 0.0000e+00, 2.3842e-07,
        0.0000e+00, 1.0729e-06, 1.4305e-06, 0.0000e+00, 0.0000e+00, 0.0000e+00,
        7.8082e-05, 2.3842e-07, 8.4341e-05, 3.0637e-05, 0.0000e+00, 3.7551e-06,
        1.3113e-05, 6.0797e-06, 0.0000e+00, 9.5367e-07, 4.6492e-06, 6.6757e-06,
        0.0000e+00, 0.0000e+00, 6.8069e-05, 1.7881e-07, 1.9670e-06, 1.1921e-07,
        0.0000e+00, 1.4305e-06, 0.0000e+00, 0.0000e+00, 1.5318e-05, 4.4107e-06,
        8.3447e-06, 5.1260e-06, 2.3842e-07, 5.9605e-06, 1.1921e-07, 7.0930e-06,
        8.5831e-06, 0.0000e+00, 0.0000e+00, 0.0000e+00, 1.7881e-07, 0.0000e+00,
        2.1338e-05, 0.0000e+00, 0.0000e+00, 2.1344e-04, 1.4424e-05, 1.1206e-05,
        9.6560e-06, 0.0000e+00, 4.0531e-06, 3.1590e-06, 1.1504e-05, 9.5367e-07,
        2.3246e-06, 0.0000e+00, 0.0000e+00, 2.0862e-06, 2.3842e-07, 3.4571e-06,
        1.6093e-06, 3.9935e-06, 4.6074e-05, 2.7943e-04, 3.5763e-07, 1.5020e-05,
        0.0000e+00, 3.2783e-06, 1.6332e-05, 2.3842e-07, 5.0068e-06, 5.9605e-08,
        1.0014e-05, 0.0000e+00, 0.0000e+00, 0.0000e+00, 1.8358e-05, 0.0000e+00,
        3.0994e-06, 1.1921e-07, 2.3842e-07, 4.2319e-06, 5.3048e-06, 1.5497e-05,
        3.5763e-07, 1.4663e-05, 3.0994e-06, 2.9802e-07, 9.8944e-06, 1.1921e-07,
        2.9802e-06, 0.0000e+00, 0.0000e+00, 0.0000e+00, 5.4836e-06, 0.0000e+00,
        0.0000e+00, 1.1921e-07, 2.9802e-07, 0.0000e+00, 8.4639e-06, 0.0000e+00,
        1.7881e-07, 1.5497e-05, 1.0729e-05, 1.7464e-05, 0.0000e+00, 2.8560e-03,
        1.8835e-05, 0.0000e+00, 1.1921e-07, 0.0000e+00, 0.0000e+00, 8.9407e-07,
        9.6560e-06, 1.1683e-05, 1.1921e-07, 1.1921e-07, 4.7684e-07, 0.0000e+00,
        1.7166e-05, 1.1384e-05, 9.6560e-06, 1.1921e-07, 5.9605e-08, 2.3842e-07,
        5.0068e-06, 3.2187e-06, 2.7776e-05, 8.8215e-06, 0.0000e+00, 0.0000e+00,
        1.8477e-05, 0.0000e+00, 7.7486e-07, 4.6492e-06, 3.9935e-06, 0.0000e+00,
        3.3379e-06, 0.0000e+00, 1.1921e-07, 0.0000e+00, 4.5598e-05, 7.5698e-06,
        1.0252e-05], device='cuda:0', grad_fn=<RsubBackward1>)
scores from acquisition: probability_of_improvement
tensor([0.0000e+00, 1.7566e-01, 0.0000e+00, 5.9605e-08, 0.0000e+00, 7.1526e-07,
        2.3842e-06, 0.0000e+00, 0.0000e+00, 1.1921e-07, 0.0000e+00, 2.1696e-05,
        9.5367e-07, 1.7881e-07, 0.0000e+00, 0.0000e+00, 2.1338e-05, 0.0000e+00,
        3.5763e-07, 0.0000e+00, 1.7524e-04, 8.6081e-04, 1.7881e-07, 2.3842e-07,
        2.5752e-01, 5.9605e-08, 2.3842e-07, 1.1921e-07, 8.2576e-04, 0.0000e+00,
        5.9605e-08, 2.9802e-07, 0.0000e+00, 2.4041e-01, 0.0000e+00, 0.0000e+00,
        0.0000e+00, 6.1405e-04, 2.8988e-03, 5.9605e-08, 0.0000e+00, 0.0000e+00,
        0.0000e+00, 3.6034e-02, 2.9505e-03, 1.1921e-07, 2.3842e-07, 1.0002e-04,
        5.9605e-08, 2.7776e-05, 0.0000e+00, 3.7563e-04, 0.0000e+00, 8.2165e-04,
        3.5763e-07, 8.3447e-07, 2.3305e-04, 4.1723e-07, 4.1723e-07, 0.0000e+00,
        4.4405e-05, 0.0000e+00, 0.0000e+00, 8.3447e-07, 0.0000e+00, 7.3910e-06,
        0.0000e+00, 1.7881e-05, 8.3447e-07, 0.0000e+00, 1.0574e-04, 0.0000e+00,
        9.1791e-06, 5.9605e-07, 0.0000e+00, 5.6028e-04, 6.9141e-06, 0.0000e+00,
        3.6466e-04, 1.1921e-07, 0.0000e+00, 0.0000e+00, 1.1444e-05, 3.2860e-04,
        1.2964e-01], device='cuda:0', grad_fn=<RsubBackward1>)


PS:

Read file </home/nguyenm5/coding/pinot/jul-13/active-supervised/ProbabilityOfImprovement.stderr> for stderr output of this job.

Sender: LSF System <lsfadmin@lu04>
Subject: Job 15330671: <active-supervised> in cluster <lila> Done

Job <active-supervised> was submitted from host <lilac> by user <nguyenm5> in cluster <lila> at Mon Jul 13 21:37:22 2020
Job was executed on host(s) <12*lu04>, in queue <gpuqueue>, as user <nguyenm5> in cluster <lila> at Mon Jul 13 21:37:23 2020
</home/nguyenm5> was used as the home directory.
</home/nguyenm5/coding/pinot> was used as the working directory.
Started at Mon Jul 13 21:37:23 2020
Terminated at Mon Jul 13 21:37:52 2020
Results reported at Mon Jul 13 21:37:52 2020

Your job looked like:

------------------------------------------------------------
# LSBATCH: User input
/home/nguyenm5/anaconda3/envs/pinot/bin/python scripts/active/plotting_active.py --net ExactGaussianProcessRegressor --num_rounds 4 --num_trials 1 --num_epoch 750 --data moonshot --q 96 --acquisition ProbabilityOfImprovement --output_folder /home/nguyenm5/coding/pinot/jul-13/active-supervised --index 3
------------------------------------------------------------

Successfully completed.

Resource usage summary:

    CPU time :                                   22.10 sec.
    Max Memory :                                 2 GB
    Average Memory :                             1.12 GB
    Total Requested Memory :                     192.00 GB
    Delta Memory :                               190.00 GB
    Max Swap :                                   -
    Max Processes :                              3
    Max Threads :                                20
    Run time :                                   29 sec.
    Turnaround time :                            30 sec.

The output (if any) follows:

0
scores from acquisition: probability_of_improvement
tensor([0.4992, 0.4989, 0.4989, 0.4990, 0.4993, 0.4994, 0.4992, 0.4990, 0.4989,
        0.4992, 0.4989, 0.4989, 0.4989, 0.4994, 0.4989, 0.4992, 0.4988, 0.4995,
        0.4995, 0.4989, 0.4995, 0.4992, 0.4993, 0.4995, 0.4991, 0.4990, 0.4991,
        0.4991, 0.4989, 0.4990, 0.4990, 0.4990, 0.4989, 0.4989, 0.4991, 0.4988,
        0.4990, 0.4992, 0.4993, 0.4988, 0.4991, 0.4990, 0.4989, 0.4995, 0.4989,
        0.4994, 0.4991, 0.4990, 0.4993, 0.4991, 0.4988, 0.4995, 0.4991, 0.4993,
        0.4991, 0.4990, 0.4992, 0.4991, 0.4994, 0.4991, 0.4992, 0.4988, 0.4989,
        0.4990, 0.4989, 0.4989, 0.4992, 0.4988, 0.4986, 0.4989, 0.4994, 0.4989,
        0.4994, 0.4991, 0.4994, 0.4989, 0.4992, 0.4991, 0.4989, 0.4991, 0.4993,
        0.4995, 0.4992, 0.4988, 0.4990, 0.4991, 0.4988, 0.4989, 0.4991, 0.4994,
        0.4990, 0.4989, 0.4989, 0.4993, 0.4992, 0.4992, 0.4991, 0.4992, 0.4989,
        0.4995, 0.4987, 0.4990, 0.4986, 0.4990, 0.4992, 0.4990, 0.4990, 0.4989,
        0.4990, 0.4990, 0.4990, 0.4990, 0.4989, 0.4989, 0.4995, 0.4988, 0.4989,
        0.4994, 0.4995, 0.4989, 0.4989, 0.4991, 0.4987, 0.4991, 0.4989, 0.4989,
        0.4992, 0.4989, 0.4995, 0.4993, 0.4988, 0.4992, 0.4989, 0.4995, 0.4991,
        0.4988, 0.4989, 0.4995, 0.4991, 0.4989, 0.4988, 0.4995, 0.4995, 0.4992,
        0.4991, 0.4990, 0.4994, 0.4992, 0.4990, 0.4993, 0.4992, 0.4993, 0.4990,
        0.4991, 0.4993, 0.4989, 0.4992, 0.4992, 0.4992, 0.4994, 0.4992, 0.4995,
        0.4992, 0.4988, 0.4993, 0.4988, 0.4989, 0.4993, 0.4994, 0.4994, 0.4989,
        0.4993, 0.4990, 0.4990, 0.4991, 0.4994, 0.4990, 0.4991, 0.4993, 0.4989,
        0.4990, 0.4993, 0.4989, 0.4991, 0.4984, 0.4992, 0.4991, 0.4991, 0.4990,
        0.4990, 0.4989, 0.4987, 0.4993, 0.4989, 0.4992, 0.4992, 0.4992, 0.4995,
        0.4990, 0.4994, 0.4989, 0.4989, 0.4989, 0.4991, 0.4990, 0.4990, 0.4990,
        0.4990, 0.4994, 0.4989, 0.4992, 0.4995, 0.4995, 0.4989, 0.4994, 0.4992,
        0.4984, 0.4990, 0.4990, 0.4990, 0.4988, 0.4994, 0.4993, 0.4994, 0.4988,
        0.4993, 0.4990, 0.4989, 0.4990, 0.4989, 0.4990, 0.4991, 0.4989, 0.4994,
        0.4994, 0.4991, 0.4992, 0.4989, 0.4991, 0.4995, 0.4990, 0.4995, 0.4990,
        0.4990, 0.4995, 0.4990, 0.4989, 0.4994, 0.4991, 0.4993, 0.4989, 0.4988,
        0.4988, 0.4995, 0.4989, 0.4990, 0.4990, 0.4991, 0.4988, 0.4990, 0.4994,
        0.4989, 0.4995, 0.4992, 0.4990, 0.4992, 0.4991, 0.4989, 0.4992, 0.4995,
        0.4994, 0.4989, 0.4989, 0.4995, 0.4992, 0.4989, 0.4991, 0.4994, 0.4991,
        0.4990, 0.4989, 0.4989, 0.4990, 0.4992, 0.4989, 0.4988, 0.4995, 0.4994,
        0.4992, 0.4990, 0.4991, 0.4994, 0.4994, 0.4988, 0.4989, 0.4993, 0.4988,
        0.4991, 0.4991, 0.4993, 0.4994, 0.4986, 0.4993, 0.4994, 0.4989, 0.4989,
        0.4991, 0.4990, 0.4993, 0.4989, 0.4995, 0.4991, 0.4995, 0.4992, 0.4988,
        0.4989, 0.4988, 0.4989, 0.4988, 0.4990, 0.4995, 0.4990, 0.4992, 0.4992,
        0.4993, 0.4988, 0.4990, 0.4994, 0.4995, 0.4990, 0.4991, 0.4993, 0.4989,
        0.4990, 0.4993, 0.4986, 0.4994, 0.4992, 0.4993, 0.4989, 0.4991, 0.4991,
        0.4989, 0.4987, 0.4991, 0.4986, 0.4991, 0.4995, 0.4993, 0.4989, 0.4994,
        0.4991, 0.4988, 0.4991, 0.4990, 0.4993, 0.4992, 0.4993, 0.4991, 0.4990,
        0.4989, 0.4991, 0.4991, 0.4989, 0.4989, 0.4992, 0.4992, 0.4991, 0.4994,
        0.4995, 0.4991, 0.4989, 0.4995], device='cuda:0',
       grad_fn=<RsubBackward1>)
That took 12.690311431884766 seconds


PS:

Read file </home/nguyenm5/coding/pinot/jul-13/active-supervised/ProbabilityOfImprovement.stderr> for stderr output of this job.

Sender: LSF System <lsfadmin@lu03>
Subject: Job 15330673: <active-supervised> in cluster <lila> Done

Job <active-supervised> was submitted from host <lilac> by user <nguyenm5> in cluster <lila> at Mon Jul 13 21:37:23 2020
Job was executed on host(s) <12*lu03>, in queue <gpuqueue>, as user <nguyenm5> in cluster <lila> at Mon Jul 13 21:37:23 2020
</home/nguyenm5> was used as the home directory.
</home/nguyenm5/coding/pinot> was used as the working directory.
Started at Mon Jul 13 21:37:23 2020
Terminated at Mon Jul 13 21:38:22 2020
Results reported at Mon Jul 13 21:38:22 2020

Your job looked like:

------------------------------------------------------------
# LSBATCH: User input
/home/nguyenm5/anaconda3/envs/pinot/bin/python scripts/active/plotting_active.py --net ExactGaussianProcessRegressor --num_rounds 4 --num_trials 1 --num_epoch 750 --data moonshot --q 96 --acquisition ProbabilityOfImprovement --output_folder /home/nguyenm5/coding/pinot/jul-13/active-supervised --index 5
------------------------------------------------------------

Successfully completed.

Resource usage summary:

    CPU time :                                   259.82 sec.
    Max Memory :                                 2 GB
    Average Memory :                             1.52 GB
    Total Requested Memory :                     192.00 GB
    Delta Memory :                               190.00 GB
    Max Swap :                                   -
    Max Processes :                              3
    Max Threads :                                20
    Run time :                                   60 sec.
    Turnaround time :                            59 sec.

The output (if any) follows:

0
scores from acquisition: probability_of_improvement
tensor([0.4920, 0.4960, 0.4907, 0.4957, 0.4933, 0.4926, 0.4942, 0.4958, 0.4963,
        0.4916, 0.4960, 0.4903, 0.4956, 0.4922, 0.4905, 0.4940, 0.4959, 0.4932,
        0.4927, 0.4903, 0.4926, 0.4915, 0.4933, 0.4930, 0.4949, 0.4910, 0.4946,
        0.4947, 0.4903, 0.4908, 0.4908, 0.4907, 0.4962, 0.4905, 0.4947, 0.4964,
        0.4907, 0.4944, 0.4920, 0.4953, 0.4912, 0.4906, 0.4904, 0.4931, 0.4906,
        0.4922, 0.4954, 0.4908, 0.4920, 0.4952, 0.4956, 0.4927, 0.4913, 0.4938,
        0.4913, 0.4910, 0.4942, 0.4947, 0.4929, 0.4915, 0.4946, 0.4958, 0.4928,
        0.4965, 0.4957, 0.4907, 0.4905, 0.4946, 0.4955, 0.4935, 0.4963, 0.4922,
        0.4963, 0.4921, 0.4945, 0.4922, 0.4963, 0.4916, 0.4946, 0.4963, 0.4954,
        0.4918, 0.4928, 0.4940, 0.4959, 0.4951, 0.4947, 0.4902, 0.4907, 0.4911,
        0.4923, 0.4909, 0.4906, 0.4905, 0.4920, 0.4944, 0.4919, 0.4913, 0.4919,
        0.4961, 0.4929, 0.4895, 0.4963, 0.4893, 0.4911, 0.4942, 0.4909, 0.4958,
        0.4905, 0.4955, 0.4956, 0.4960, 0.4959, 0.4961, 0.4904, 0.4931, 0.4953,
        0.4904, 0.4923, 0.4927, 0.4907, 0.4910, 0.4896, 0.4947, 0.4906, 0.4907,
        0.4916, 0.4960, 0.4928, 0.4921, 0.4960, 0.4916, 0.4905, 0.4930, 0.4952,
        0.4954, 0.4966, 0.4931, 0.4913, 0.4962, 0.4958, 0.4926, 0.4926, 0.4944,
        0.4951, 0.4906, 0.4933, 0.4917, 0.4959, 0.4936, 0.4915, 0.4937, 0.4950,
        0.4949, 0.4919, 0.4958, 0.4919, 0.4939, 0.4943, 0.4924, 0.4914, 0.4928,
        0.4916, 0.4956, 0.4918, 0.4902, 0.4966, 0.4919, 0.4930, 0.4933, 0.4961,
        0.4939, 0.4959, 0.4959, 0.4948, 0.4923, 0.4952, 0.4945, 0.4934, 0.4965,
        0.4909, 0.4919, 0.4908, 0.4953, 0.4885, 0.4940, 0.4950, 0.4948, 0.4910,
        0.4910, 0.4966, 0.4897, 0.4940, 0.4965, 0.4942, 0.4917, 0.4945, 0.4926,
        0.4959, 0.4928, 0.4905, 0.4963, 0.4963, 0.4913, 0.4954, 0.4908, 0.4910,
        0.4953, 0.4936, 0.4962, 0.4946, 0.4929, 0.4929, 0.4961, 0.4930, 0.4916,
        0.4880, 0.4953, 0.4951, 0.4909, 0.4961, 0.4924, 0.4920, 0.4923, 0.4956,
        0.4919, 0.4952, 0.4962, 0.4951, 0.4905, 0.4958, 0.4952, 0.4907, 0.4934,
        0.4933, 0.4945, 0.4916, 0.4906, 0.4946, 0.4927, 0.4960, 0.4925, 0.4908,
        0.4955, 0.4928, 0.4907, 0.4962, 0.4924, 0.4949, 0.4939, 0.4960, 0.4953,
        0.4961, 0.4931, 0.4904, 0.4909, 0.4959, 0.4952, 0.4962, 0.4955, 0.4929,
        0.4905, 0.4925, 0.4940, 0.4909, 0.4942, 0.4951, 0.4961, 0.4946, 0.4927,
        0.4923, 0.4962, 0.4966, 0.4927, 0.4915, 0.4966, 0.4913, 0.4932, 0.4946,
        0.4911, 0.4908, 0.4960, 0.4956, 0.4920, 0.4907, 0.4964, 0.4924, 0.4931,
        0.4941, 0.4959, 0.4947, 0.4923, 0.4932, 0.4960, 0.4964, 0.4919, 0.4955,
        0.4946, 0.4948, 0.4923, 0.4935, 0.4932, 0.4923, 0.4924, 0.4905, 0.4957,
        0.4914, 0.4911, 0.4940, 0.4962, 0.4926, 0.4913, 0.4927, 0.4917, 0.4902,
        0.4954, 0.4961, 0.4907, 0.4964, 0.4963, 0.4927, 0.4954, 0.4919, 0.4946,
        0.4920, 0.4964, 0.4955, 0.4932, 0.4931, 0.4909, 0.4946, 0.4919, 0.4956,
        0.4960, 0.4937, 0.4936, 0.4934, 0.4937, 0.4920, 0.4964, 0.4913, 0.4946,
        0.4907, 0.4947, 0.4946, 0.4936, 0.4948, 0.4930, 0.4939, 0.4906, 0.4923,
        0.4913, 0.4958, 0.4948, 0.4907, 0.4921, 0.4917, 0.4939, 0.4945, 0.4959,
        0.4966, 0.4914, 0.4954, 0.4963, 0.4963, 0.4939, 0.4940, 0.4913, 0.4923,
        0.4932, 0.4952, 0.4906, 0.4924], device='cuda:0',
       grad_fn=<RsubBackward1>)
scores from acquisition: probability_of_improvement
tensor([2.4259e-04, 1.5497e-06, 9.0896e-02, 1.9670e-06, 4.6968e-04, 0.0000e+00,
        1.2055e-01, 8.3447e-07, 3.3765e-03, 2.3842e-07, 0.0000e+00, 0.0000e+00,
        1.1596e-01, 8.0576e-03, 5.2834e-02, 6.3020e-02, 1.1147e-03, 1.1921e-07,
        1.7101e-04, 0.0000e+00, 0.0000e+00, 8.8953e-02, 9.8450e-02, 2.9981e-05,
        9.0620e-02, 5.1113e-02, 5.3644e-07, 7.9880e-02, 1.1921e-06, 0.0000e+00,
        0.0000e+00, 1.0902e-01, 2.1210e-02, 0.0000e+00, 1.0350e-01, 3.1031e-02,
        1.3076e-01, 9.9528e-04, 0.0000e+00, 3.4213e-05, 1.4145e-03, 6.1399e-02,
        0.0000e+00, 9.5454e-02, 0.0000e+00, 1.1921e-07, 3.7777e-03, 1.2922e-04,
        0.0000e+00, 3.4094e-05, 4.7256e-02, 1.1760e-01, 7.0572e-05, 0.0000e+00,
        1.9483e-03, 6.8685e-02, 0.0000e+00, 4.3386e-03, 2.1458e-06, 0.0000e+00,
        1.6925e-02, 8.0633e-04, 0.0000e+00, 2.3842e-07, 0.0000e+00, 2.4270e-02,
        2.7390e-02, 1.2352e-01, 0.0000e+00, 4.5085e-02, 2.2675e-02, 1.1387e-01,
        0.0000e+00, 3.5729e-01, 5.6028e-06, 0.0000e+00, 0.0000e+00, 3.5518e-03,
        1.3582e-01, 1.5720e-01, 8.9985e-04, 2.1493e-04, 3.8937e-03, 3.3951e-03,
        2.0006e-02, 0.0000e+00, 1.4495e-01, 5.9605e-07, 6.6601e-02, 2.7072e-02,
        9.0470e-02, 1.2418e-01, 3.4912e-03, 1.0980e-01, 3.5552e-03, 0.0000e+00,
        4.4717e-03, 1.3366e-01, 1.8573e-04, 1.5486e-01, 1.2965e-03, 0.0000e+00,
        2.3246e-06, 3.7670e-05, 8.4698e-05, 0.0000e+00, 5.3644e-07, 3.5763e-07,
        1.5016e-01, 2.9756e-03, 1.5669e-03, 0.0000e+00, 9.0386e-02, 4.7684e-07,
        1.8741e-01, 0.0000e+00, 0.0000e+00, 7.9870e-06, 0.0000e+00, 4.6849e-03,
        4.6968e-05, 1.0815e-03, 5.9605e-08, 2.0266e-06, 6.3462e-02, 5.8735e-02,
        1.6314e-04, 1.1528e-01, 0.0000e+00, 0.0000e+00, 0.0000e+00, 1.7265e-02,
        0.0000e+00, 0.0000e+00, 1.4234e-04, 7.9814e-02, 1.2892e-04, 1.8121e-02,
        9.7964e-02, 1.6617e-02, 0.0000e+00, 8.5859e-02, 3.3259e-04, 1.3870e-01,
        1.3503e-01, 0.0000e+00, 3.5763e-07, 1.7235e-02, 0.0000e+00, 1.8098e-03,
        1.1390e-01, 6.9213e-04, 0.0000e+00, 5.4252e-04, 0.0000e+00, 0.0000e+00,
        7.1716e-03, 1.0073e-05, 1.4485e-01, 7.8957e-02, 1.1950e-02, 0.0000e+00,
        1.9733e-01, 0.0000e+00, 8.5706e-02, 2.9802e-06, 0.0000e+00, 0.0000e+00,
        7.1526e-07, 3.3501e-02, 9.8699e-04, 8.3447e-07, 1.7881e-06, 2.8837e-03,
        7.4744e-05, 1.7956e-01, 1.3801e-02, 1.6098e-02, 8.6038e-02, 0.0000e+00,
        5.7459e-05, 1.0359e-04, 1.1606e-02, 0.0000e+00, 2.9943e-03, 2.6226e-06,
        2.2508e-02, 1.1674e-01, 8.4720e-03, 0.0000e+00, 9.1424e-02, 9.1331e-03,
        0.0000e+00, 3.0851e-04, 1.0700e-03, 0.0000e+00, 1.7881e-07, 2.5520e-03,
        0.0000e+00, 2.2650e-06, 0.0000e+00, 3.7707e-02, 2.8648e-03, 5.1254e-04,
        5.3644e-07, 1.1921e-07, 1.1921e-07, 7.2956e-04, 2.2602e-04, 6.9141e-06,
        0.0000e+00, 4.2562e-02, 0.0000e+00, 5.7220e-06, 3.7013e-01, 0.0000e+00,
        2.9246e-02, 2.1701e-03, 5.2224e-02, 0.0000e+00, 2.6822e-06, 0.0000e+00,
        2.6413e-02, 3.7432e-05, 4.7970e-04, 2.0266e-06, 2.1782e-02, 3.5858e-04,
        4.8637e-05, 2.1164e-02, 1.7405e-05, 0.0000e+00, 0.0000e+00, 1.0653e-01,
        2.8297e-02, 3.6955e-06, 4.1723e-07, 5.9605e-08, 0.0000e+00, 3.6353e-03,
        8.1877e-03, 0.0000e+00, 4.5051e-02, 0.0000e+00, 1.4013e-02, 7.6218e-02,
        0.0000e+00, 6.7353e-04, 0.0000e+00, 0.0000e+00, 3.4595e-04, 0.0000e+00,
        2.0834e-03, 1.0729e-06, 0.0000e+00, 0.0000e+00, 4.2951e-04, 7.2437e-03,
        0.0000e+00, 9.3533e-02, 3.0875e-05, 0.0000e+00, 0.0000e+00, 2.5077e-02,
        0.0000e+00, 8.7059e-04, 0.0000e+00, 3.5763e-07, 4.9752e-03, 3.0425e-02,
        1.3669e-03, 8.7601e-02, 0.0000e+00, 4.6189e-03, 1.9312e-05, 4.7581e-02,
        5.2821e-03], device='cuda:0', grad_fn=<RsubBackward1>)
scores from acquisition: probability_of_improvement
tensor([0.0000e+00, 0.0000e+00, 0.0000e+00, 0.0000e+00, 3.5763e-07, 0.0000e+00,
        0.0000e+00, 0.0000e+00, 0.0000e+00, 0.0000e+00, 0.0000e+00, 5.9605e-08,
        0.0000e+00, 0.0000e+00, 0.0000e+00, 0.0000e+00, 7.1526e-07, 0.0000e+00,
        0.0000e+00, 0.0000e+00, 0.0000e+00, 7.5698e-06, 0.0000e+00, 5.9605e-08,
        2.7418e-06, 2.3781e-03, 0.0000e+00, 1.1921e-07, 5.3644e-07, 5.9605e-08,
        0.0000e+00, 0.0000e+00, 0.0000e+00, 0.0000e+00, 6.3181e-06, 0.0000e+00,
        1.8752e-04, 4.2074e-03, 0.0000e+00, 0.0000e+00, 0.0000e+00, 1.7609e-01,
        0.0000e+00, 0.0000e+00, 0.0000e+00, 4.7684e-07, 0.0000e+00, 1.7881e-07,
        7.0333e-06, 1.0729e-06, 0.0000e+00, 2.5321e-01, 0.0000e+00, 5.9605e-08,
        0.0000e+00, 0.0000e+00, 0.0000e+00, 0.0000e+00, 1.7881e-06, 3.8707e-04,
        2.3842e-07, 0.0000e+00, 0.0000e+00, 5.9605e-07, 0.0000e+00, 1.1921e-07,
        0.0000e+00, 0.0000e+00, 6.1989e-06, 2.0504e-05, 0.0000e+00, 0.0000e+00,
        0.0000e+00, 0.0000e+00, 8.3447e-07, 0.0000e+00, 3.6712e-01, 3.1084e-03,
        0.0000e+00, 1.5497e-06, 4.9472e-06, 0.0000e+00, 0.0000e+00, 0.0000e+00,
        3.1767e-02, 4.1920e-01, 0.0000e+00, 1.1921e-07, 0.0000e+00, 1.0133e-06,
        0.0000e+00, 3.8502e-02, 1.2517e-06, 2.9922e-05, 0.0000e+00, 0.0000e+00,
        1.2517e-06, 0.0000e+00, 1.2392e-01, 0.0000e+00, 0.0000e+00, 3.0465e-02,
        0.0000e+00, 0.0000e+00, 4.4107e-06, 0.0000e+00, 3.0363e-01, 0.0000e+00,
        1.9073e-06, 1.1921e-07, 1.5390e-04, 4.5635e-02, 0.0000e+00, 0.0000e+00,
        0.0000e+00, 0.0000e+00, 0.0000e+00, 5.9605e-08, 0.0000e+00, 1.1921e-07,
        0.0000e+00, 0.0000e+00, 7.1526e-07, 0.0000e+00, 7.7486e-07, 0.0000e+00,
        0.0000e+00, 1.5736e-05, 5.9605e-08, 0.0000e+00, 0.0000e+00, 1.1921e-07,
        0.0000e+00, 3.5763e-07, 0.0000e+00, 1.1921e-07, 4.7684e-07, 0.0000e+00,
        5.9605e-08, 5.4240e-06, 0.0000e+00, 4.3742e-02, 2.1458e-06, 0.0000e+00,
        0.0000e+00, 0.0000e+00, 1.1921e-06, 1.1921e-07, 0.0000e+00, 0.0000e+00,
        0.0000e+00, 0.0000e+00, 2.8610e-06, 0.0000e+00, 0.0000e+00, 3.3975e-05,
        0.0000e+00, 2.8610e-05, 0.0000e+00, 0.0000e+00, 2.7406e-03, 0.0000e+00,
        0.0000e+00, 2.2411e-05, 0.0000e+00, 4.7684e-07, 0.0000e+00, 0.0000e+00,
        2.8368e-03, 1.2031e-03, 0.0000e+00, 0.0000e+00, 0.0000e+00, 0.0000e+00,
        3.2187e-06, 0.0000e+00, 0.0000e+00, 5.3644e-05, 9.5367e-07, 0.0000e+00,
        3.6442e-04], device='cuda:0', grad_fn=<RsubBackward1>)
That took 41.91457772254944 seconds


PS:

Read file </home/nguyenm5/coding/pinot/jul-13/active-supervised/ProbabilityOfImprovement.stderr> for stderr output of this job.

Sender: LSF System <lsfadmin@lu05>
Subject: Job 15330672: <active-supervised> in cluster <lila> Exited

Job <active-supervised> was submitted from host <lilac> by user <nguyenm5> in cluster <lila> at Mon Jul 13 21:37:22 2020
Job was executed on host(s) <12*lu05>, in queue <gpuqueue>, as user <nguyenm5> in cluster <lila> at Mon Jul 13 21:37:23 2020
</home/nguyenm5> was used as the home directory.
</home/nguyenm5/coding/pinot> was used as the working directory.
Started at Mon Jul 13 21:37:23 2020
Terminated at Mon Jul 13 21:38:34 2020
Results reported at Mon Jul 13 21:38:34 2020

Your job looked like:

------------------------------------------------------------
# LSBATCH: User input
/home/nguyenm5/anaconda3/envs/pinot/bin/python scripts/active/plotting_active.py --net ExactGaussianProcessRegressor --num_rounds 4 --num_trials 1 --num_epoch 750 --data moonshot --q 96 --acquisition ProbabilityOfImprovement --output_folder /home/nguyenm5/coding/pinot/jul-13/active-supervised --index 4
------------------------------------------------------------

Exited with exit code 1.

Resource usage summary:

    CPU time :                                   406.21 sec.
    Max Memory :                                 2 GB
    Average Memory :                             1.45 GB
    Total Requested Memory :                     192.00 GB
    Delta Memory :                               190.00 GB
    Max Swap :                                   -
    Max Processes :                              3
    Max Threads :                                20
    Run time :                                   71 sec.
    Turnaround time :                            72 sec.

The output (if any) follows:

0
scores from acquisition: probability_of_improvement
tensor([0.4853, 0.4920, 0.4830, 0.4926, 0.4878, 0.4867, 0.4910, 0.4931, 0.4915,
        0.4847, 0.4908, 0.4826, 0.4904, 0.4863, 0.4827, 0.4905, 0.4900, 0.4885,
        0.4874, 0.4823, 0.4874, 0.4855, 0.4878, 0.4877, 0.4921, 0.4835, 0.4923,
        0.4923, 0.4824, 0.4833, 0.4831, 0.4831, 0.4906, 0.4826, 0.4919, 0.4902,
        0.4832, 0.4914, 0.4862, 0.4888, 0.4840, 0.4830, 0.4825, 0.4880, 0.4831,
        0.4868, 0.4930, 0.4838, 0.4856, 0.4932, 0.4895, 0.4876, 0.4842, 0.4899,
        0.4845, 0.4839, 0.4915, 0.4928, 0.4882, 0.4846, 0.4915, 0.4894, 0.4878,
        0.4915, 0.4924, 0.4830, 0.4831, 0.4916, 0.4893, 0.4859, 0.4904, 0.4863,
        0.4907, 0.4866, 0.4917, 0.4862, 0.4925, 0.4852, 0.4921, 0.4916, 0.4923,
        0.4856, 0.4872, 0.4909, 0.4900, 0.4914, 0.4915, 0.4819, 0.4831, 0.4848,
        0.4867, 0.4839, 0.4828, 0.4827, 0.4862, 0.4908, 0.4855, 0.4840, 0.4854,
        0.4904, 0.4876, 0.4807, 0.4925, 0.4797, 0.4837, 0.4908, 0.4836, 0.4928,
        0.4827, 0.4926, 0.4925, 0.4925, 0.4925, 0.4905, 0.4825, 0.4884, 0.4899,
        0.4827, 0.4863, 0.4879, 0.4830, 0.4912, 0.4840, 0.4808, 0.4921, 0.4831,
        0.4831, 0.4849, 0.4915, 0.4876, 0.4858, 0.4894, 0.4846, 0.4831, 0.4877,
        0.4932, 0.4887, 0.4915, 0.4885, 0.4842, 0.4906, 0.4896, 0.4871, 0.4876,
        0.4914, 0.4933, 0.4833, 0.4885, 0.4849, 0.4928, 0.4897, 0.4855, 0.4891,
        0.4917, 0.4930, 0.4859, 0.4905, 0.4854, 0.4908, 0.4909, 0.4866, 0.4850,
        0.4879, 0.4854, 0.4892, 0.4860, 0.4819, 0.4915, 0.4856, 0.4882, 0.4887,
        0.4901, 0.4907, 0.4930, 0.4925, 0.4930, 0.4867, 0.4929, 0.4911, 0.4890,
        0.4916, 0.4838, 0.4855, 0.4830, 0.4926, 0.4783, 0.4911, 0.4929, 0.4925,
        0.4836, 0.4839, 0.4915, 0.4811, 0.4905, 0.4920, 0.4905, 0.4851, 0.4917,
        0.4870, 0.4921, 0.4883, 0.4825, 0.4920, 0.4916, 0.4841, 0.4924, 0.4831,
        0.4837, 0.4927, 0.4896, 0.4922, 0.4915, 0.4878, 0.4878, 0.4919, 0.4887,
        0.4849, 0.4773, 0.4914, 0.4836, 0.4902, 0.4868, 0.4855, 0.4863, 0.4897,
        0.4854, 0.4933, 0.4914, 0.4914, 0.4826, 0.4931, 0.4926, 0.4831, 0.4888,
        0.4890, 0.4918, 0.4856, 0.4832, 0.4915, 0.4876, 0.4927, 0.4871, 0.4832,
        0.4919, 0.4876, 0.4832, 0.4906, 0.4868, 0.4918, 0.4902, 0.4920, 0.4885,
        0.4895, 0.4885, 0.4827, 0.4836, 0.4929, 0.4930, 0.4903, 0.4930, 0.4881,
        0.4825, 0.4869, 0.4905, 0.4837, 0.4915, 0.4922, 0.4908, 0.4912, 0.4876,
        0.4863, 0.4906, 0.4916, 0.4878, 0.4847, 0.4915, 0.4841, 0.4885, 0.4912,
        0.4835, 0.4830, 0.4907, 0.4926, 0.4852, 0.4831, 0.4901, 0.4871, 0.4885,
        0.4900, 0.4928, 0.4929, 0.4869, 0.4878, 0.4895, 0.4921, 0.4863, 0.4893,
        0.4922, 0.4918, 0.4861, 0.4891, 0.4859, 0.4861, 0.4868, 0.4826, 0.4905,
        0.4845, 0.4837, 0.4903, 0.4920, 0.4874, 0.4841, 0.4871, 0.4855, 0.4820,
        0.4909, 0.4903, 0.4829, 0.4900, 0.4926, 0.4874, 0.4921, 0.4853, 0.4920,
        0.4861, 0.4900, 0.4926, 0.4887, 0.4877, 0.4839, 0.4919, 0.4862, 0.4912,
        0.4924, 0.4898, 0.4859, 0.4893, 0.4896, 0.4856, 0.4908, 0.4844, 0.4913,
        0.4831, 0.4879, 0.4923, 0.4859, 0.4921, 0.4879, 0.4899, 0.4830, 0.4862,
        0.4842, 0.4896, 0.4929, 0.4832, 0.4860, 0.4849, 0.4897, 0.4919, 0.4931,
        0.4915, 0.4848, 0.4926, 0.4905, 0.4905, 0.4899, 0.4907, 0.4844, 0.4869,
        0.4886, 0.4927, 0.4830, 0.4871], device='cuda:0',
       grad_fn=<RsubBackward1>)
scores from acquisition: probability_of_improvement
tensor([1.2253e-01, 1.6982e-01, 1.7762e-05, 9.6626e-03, 0.0000e+00, 1.6707e-01,
        9.2983e-06, 1.6750e-01, 1.1921e-07, 1.6455e-01, 1.6897e-01, 1.2517e-05,
        2.6325e-02, 5.2705e-02, 6.7949e-06, 1.6780e-01, 2.3842e-07, 1.5159e-01,
        2.9922e-05, 9.6973e-02, 1.7005e-01, 1.6807e-01, 1.6938e-01, 1.6975e-01,
        1.6873e-01, 8.7023e-06, 1.6765e-01, 1.1949e-03, 1.7060e-01, 1.5780e-01,
        3.7288e-02, 1.5283e-01, 1.6893e-01, 1.6913e-01, 1.3879e-01, 1.6927e-01,
        1.1874e-01, 1.6721e-01, 1.6414e-01, 1.4305e-06, 1.0108e-01, 1.6929e-01,
        0.0000e+00, 1.2502e-01, 1.7072e-01, 1.4365e-01, 1.6893e-01, 1.3846e-04,
        1.0651e-01, 1.6846e-01, 1.6829e-01, 3.2783e-06, 4.3354e-02, 1.7881e-07,
        1.6033e-01, 5.9605e-08, 1.3050e-01, 1.5056e-01, 1.2762e-01, 1.6680e-01,
        2.7896e-02, 0.0000e+00, 1.8057e-02, 1.6756e-01, 1.6954e-01, 1.6309e-01,
        2.6202e-04, 1.6903e-01, 1.6965e-01, 1.6853e-01, 1.5454e-01, 1.3890e-02,
        1.6919e-01, 1.6361e-01, 1.6302e-01, 8.5235e-06, 8.5810e-02, 1.6182e-01,
        1.6832e-01, 1.6999e-01, 5.9605e-08, 1.6963e-01, 1.6791e-01, 3.3379e-06,
        1.6793e-01, 1.6724e-03, 6.2853e-03, 1.6944e-01, 1.6046e-01, 1.4477e-01,
        1.6940e-01, 5.0843e-05, 1.6768e-01, 1.6209e-01, 1.6922e-01, 1.6898e-01,
        1.7026e-01, 1.3888e-03, 2.5447e-02, 0.0000e+00, 1.6980e-01, 1.6912e-01,
        1.0946e-02, 1.4663e-05, 1.0950e-01, 1.7092e-01, 8.2254e-06, 1.9193e-05,
        1.6480e-01, 7.1441e-02, 0.0000e+00, 1.6924e-01, 4.1743e-02, 1.6668e-01,
        7.5568e-02, 1.6840e-01, 3.5763e-07, 1.4433e-01, 1.5557e-04, 1.7005e-01,
        5.9605e-07, 0.0000e+00, 1.4305e-06, 1.4855e-01, 1.3495e-01, 1.6003e-01,
        6.8432e-04, 1.5715e-01, 1.7026e-01, 1.6542e-01, 1.1285e-01, 1.2360e-01,
        1.6220e-01, 0.0000e+00, 1.4848e-01, 4.1854e-03, 0.0000e+00, 1.6845e-01,
        1.6691e-01, 1.6970e-01, 1.5781e-01, 1.6531e-02, 1.6984e-01, 1.7037e-01,
        1.6277e-01, 1.1921e-07, 0.0000e+00, 1.6335e-01, 1.5570e-01, 1.3684e-01,
        1.6786e-01, 1.6588e-01, 1.6953e-01, 1.6967e-01, 8.6369e-02, 6.1323e-02,
        7.9870e-06, 1.4305e-01, 1.6518e-01, 1.5180e-01, 1.6944e-01, 4.7684e-07,
        1.2960e-01, 1.6055e-01, 1.6431e-01, 1.7822e-04, 1.6055e-01, 4.7636e-04,
        9.9053e-02, 1.6936e-01, 1.6865e-01, 0.0000e+00, 5.5625e-03, 1.6818e-01,
        1.6849e-01, 9.9138e-02, 1.2569e-03, 1.6991e-01, 3.9511e-02, 1.6971e-01,
        2.3842e-07, 1.2906e-01, 1.5593e-04, 2.5990e-03, 1.1653e-04, 7.3391e-04,
        1.6777e-01, 1.6959e-01, 8.5950e-05, 8.6904e-05, 1.6970e-01, 1.4402e-01,
        4.1723e-07, 1.6978e-01, 7.0572e-05, 2.0266e-06, 2.2588e-02, 1.5562e-01,
        2.3842e-07, 1.3531e-01, 1.6178e-01, 1.6671e-01, 6.1947e-04, 2.3842e-07,
        1.6987e-01, 1.7051e-01, 3.0994e-06, 1.5732e-01, 1.6952e-01, 1.2904e-03,
        1.5544e-01, 1.1228e-01, 1.2964e-03, 3.1803e-02, 0.0000e+00, 1.9836e-04,
        1.2805e-01, 1.1921e-07, 1.6276e-01, 0.0000e+00, 4.4070e-02, 1.1642e-01,
        1.3028e-01, 1.6952e-01, 1.2289e-03, 1.6988e-01, 1.7140e-01, 1.1921e-07,
        8.3654e-02, 1.6567e-01, 1.5358e-01, 1.5724e-01, 1.6703e-01, 7.2619e-03,
        1.0903e-03, 1.6968e-01, 1.5724e-04, 1.4262e-03, 1.6353e-01, 1.5427e-01,
        1.8156e-04, 1.1921e-05, 1.4144e-01, 1.6902e-01, 1.5762e-01, 9.8407e-04,
        0.0000e+00, 4.2766e-02, 4.9415e-02, 2.0862e-06, 1.6510e-01, 6.7497e-02,
        1.4996e-01, 0.0000e+00, 1.6899e-01, 1.0308e-02, 4.3873e-02, 4.0685e-02,
        2.9802e-05, 1.7070e-01, 1.5577e-01, 1.7082e-01, 6.6161e-05, 1.6900e-01,
        1.3562e-01, 1.6700e-01, 7.6962e-03, 1.6992e-01, 0.0000e+00, 2.3842e-07,
        1.1921e-07, 3.5763e-07, 1.7002e-01, 9.4231e-02, 1.1595e-01, 1.6779e-01,
        2.2188e-02], device='cuda:0', grad_fn=<RsubBackward1>)
scores from acquisition: probability_of_improvement
tensor([5.9605e-07, 2.6882e-05, 1.1921e-07, 0.0000e+00, 0.0000e+00, 1.7881e-06,
        2.3842e-07, 3.3975e-06, 4.0078e-04, 1.3716e-02, 1.7597e-02, 7.1764e-05,
        5.2452e-06, 1.2040e-05, 0.0000e+00, 0.0000e+00, 2.0266e-06, 7.7844e-05,
        1.4067e-05, 7.0333e-05, 4.1003e-03, 5.9605e-07, 1.1921e-06, 1.9640e-02,
        4.8958e-02, 0.0000e+00, 4.7684e-07, 1.6809e-04, 4.7684e-07, 3.2604e-05,
        0.0000e+00, 1.0729e-06, 5.9605e-08, 2.6226e-06, 2.6703e-05, 0.0000e+00,
        7.8082e-06, 0.0000e+00, 2.3842e-07, 2.3842e-07, 1.9330e-04, 0.0000e+00,
        1.8377e-01, 5.9605e-08, 7.1526e-07, 2.0742e-05, 2.4116e-04, 1.1921e-07,
        0.0000e+00, 0.0000e+00, 1.1653e-04, 0.0000e+00, 1.6093e-05, 0.0000e+00,
        4.9949e-04, 3.9852e-04, 4.4114e-02, 1.0543e-03, 2.5630e-05, 8.0633e-04,
        0.0000e+00, 0.0000e+00, 2.7716e-04, 5.6744e-05, 0.0000e+00, 2.1935e-05,
        0.0000e+00, 2.7418e-06, 2.6107e-05, 0.0000e+00, 2.3127e-05, 3.2457e-02,
        1.8820e-01, 1.9073e-06, 9.3424e-04, 1.3590e-05, 0.0000e+00, 5.9605e-07,
        7.5573e-03, 3.3909e-04, 1.0553e-03, 1.1921e-07, 1.3089e-04, 1.1544e-01,
        7.2420e-05, 4.9890e-02, 2.3109e-04, 9.4652e-05, 0.0000e+00, 1.3943e-01,
        0.0000e+00, 2.2191e-04, 1.1921e-07, 4.2796e-05, 3.7651e-02, 0.0000e+00,
        9.4668e-02, 0.0000e+00, 1.4842e-05, 1.4186e-05, 0.0000e+00, 1.7601e-04,
        0.0000e+00, 9.5278e-02, 1.9571e-03, 5.8770e-05, 4.1723e-07, 0.0000e+00,
        1.1921e-07, 3.6955e-06, 2.7895e-05, 1.3241e-02, 8.7380e-04, 5.7220e-06,
        0.0000e+00, 0.0000e+00, 0.0000e+00, 1.5497e-06, 1.1563e-05, 2.3842e-07,
        3.1650e-05, 0.0000e+00, 2.2888e-05, 3.6955e-06, 3.9339e-06, 2.1458e-05,
        0.0000e+00, 2.2054e-06, 0.0000e+00, 2.3842e-07, 8.4639e-06, 8.7619e-05,
        1.9073e-06, 2.1365e-01, 2.4492e-04, 6.0899e-03, 6.5327e-05, 5.9843e-05,
        1.2696e-04, 1.7643e-05, 7.7486e-07, 1.1921e-07, 2.2054e-06, 6.7353e-05,
        3.5763e-07, 0.0000e+00, 7.3802e-04, 5.9605e-08, 2.2650e-06, 3.1471e-05,
        0.0000e+00, 1.2028e-04, 4.5378e-03, 3.9339e-05, 7.0155e-05, 8.6423e-03,
        0.0000e+00, 1.0180e-04, 5.9378e-04, 1.6896e-02, 1.7905e-04, 1.5497e-06,
        1.7822e-05, 4.7177e-04, 3.8362e-04, 3.6955e-06, 4.1094e-03, 2.1493e-04,
        5.2705e-03, 1.0979e-04, 7.5698e-06, 0.0000e+00, 7.8321e-05, 5.2452e-06,
        2.2054e-06, 1.7285e-06, 1.4863e-01, 8.2254e-06, 0.0000e+00, 0.0000e+00,
        0.0000e+00], device='cuda:0', grad_fn=<RsubBackward1>)
scores from acquisition: probability_of_improvement
tensor([2.1100e-05, 0.0000e+00, 0.0000e+00, 0.0000e+00, 1.4305e-06, 0.0000e+00,
        0.0000e+00, 0.0000e+00, 0.0000e+00, 0.0000e+00, 0.0000e+00, 0.0000e+00,
        5.1010e-04, 3.2306e-05, 0.0000e+00, 5.9605e-08, 0.0000e+00, 5.9605e-08,
        0.0000e+00, 6.0797e-05, 1.0729e-06, 0.0000e+00, 0.0000e+00, 6.5565e-07,
        0.0000e+00, 0.0000e+00, 1.1921e-07, 0.0000e+00, 0.0000e+00, 5.8353e-05,
        0.0000e+00, 0.0000e+00, 4.1723e-06, 0.0000e+00, 5.9605e-07, 5.2452e-06,
        7.1526e-07, 2.3842e-07, 2.4915e-05, 0.0000e+00, 0.0000e+00, 0.0000e+00,
        0.0000e+00, 0.0000e+00, 0.0000e+00, 1.1921e-07, 0.0000e+00, 0.0000e+00,
        0.0000e+00, 5.6028e-05, 0.0000e+00, 1.5175e-04, 0.0000e+00, 4.7684e-07,
        5.5552e-05, 3.5763e-07, 7.1526e-07, 0.0000e+00, 1.1921e-07, 0.0000e+00,
        0.0000e+00, 0.0000e+00, 2.9802e-05, 4.0406e-04, 0.0000e+00, 3.5763e-07,
        8.0228e-05, 0.0000e+00, 1.4782e-05, 1.1384e-05, 0.0000e+00, 0.0000e+00,
        8.3447e-07, 2.3842e-07, 0.0000e+00, 0.0000e+00, 3.1054e-05, 2.1815e-05,
        0.0000e+00, 0.0000e+00, 0.0000e+00, 5.9605e-08, 7.9870e-06, 5.0068e-06,
        0.0000e+00], device='cuda:0', grad_fn=<RsubBackward1>)


PS:

Read file </home/nguyenm5/coding/pinot/jul-13/active-supervised/ProbabilityOfImprovement.stderr> for stderr output of this job.

