Sender: LSF System <lsfadmin@ls08>
Subject: Job 14799234: <_adam_TAGConv_1e-4> in cluster <lila> Done

Job <_adam_TAGConv_1e-4> was submitted from host <lx04> by user <wangy1> in cluster <lila> at Fri Jun  5 10:53:54 2020
Job was executed on host(s) <12*ls08>, in queue <gpuqueue>, as user <wangy1> in cluster <lila> at Fri Jun  5 11:08:01 2020
</home/wangy1> was used as the home directory.
</data/chodera/wangyq/pinot/scripts/comparison> was used as the working directory.
Started at Fri Jun  5 11:08:01 2020
Terminated at Fri Jun  5 11:14:05 2020
Results reported at Fri Jun  5 11:14:05 2020

Your job looked like:

------------------------------------------------------------
# LSBATCH: User input
python ../../pinot/app/supervised_train.py --layer TAGConv --optimizer adam --lr 1e-4 --out _adam_TAGConv_1e-4 --n_epochs 1000
------------------------------------------------------------

Successfully completed.

Resource usage summary:

    CPU time :                                   347.66 sec.
    Max Memory :                                 1 GB
    Average Memory :                             0.94 GB
    Total Requested Memory :                     48.00 GB
    Delta Memory :                               47.00 GB
    Max Swap :                                   -
    Max Processes :                              3
    Max Threads :                                9
    Run time :                                   364 sec.
    Turnaround time :                            1211 sec.

The output (if any) follows:



PS:

Read file <14799234.stderr> for stderr output of this job.

