Sender: LSF System <lsfadmin@lt07>
Subject: Job 15925838: <no-background> in cluster <lila> Done

Job <no-background> was submitted from host <lilac> by user <nguyenm5> in cluster <lila> at Sun Jul 19 13:37:07 2020
Job was executed on host(s) <12*lt07>, in queue <gpuqueue>, as user <nguyenm5> in cluster <lila> at Sun Jul 19 13:43:45 2020
</home/nguyenm5> was used as the home directory.
</home/nguyenm5/coding/pinot> was used as the working directory.
Started at Sun Jul 19 13:43:45 2020
Terminated at Sun Jul 19 17:56:42 2020
Results reported at Sun Jul 19 17:56:42 2020

Your job looked like:

------------------------------------------------------------
# LSBATCH: User input
/home/nguyenm5/anaconda3/envs/pinot/bin/python scripts/active/plotting_active.py --net semi_gp --num_rounds 4 --num_trials 1 --num_epochs 750 --data moonshot --q 96 --acquisition ExpectedImprovement --output_folder /home/nguyenm5/coding/pinot/jul-18/active-semi-no-background --index 2
------------------------------------------------------------

Successfully completed.

Resource usage summary:

    CPU time :                                   262002.00 sec.
    Max Memory :                                 2 GB
    Average Memory :                             2.00 GB
    Total Requested Memory :                     192.00 GB
    Delta Memory :                               190.00 GB
    Max Swap :                                   -
    Max Processes :                              4
    Max Threads :                                21
    Run time :                                   15178 sec.
    Turnaround time :                            15575 sec.

The output (if any) follows:

0
MPI, UCB, UCB-ybest, Expected Improv
[array(1., dtype=float32), array(0.38817525, dtype=float32), array(0.3935433, dtype=float32), array(0.4160326, dtype=float32)]
[array(1.2669897, dtype=float32), array(1.2431695, dtype=float32), array(1.2372352, dtype=float32), array(1.2407904, dtype=float32)]
[array(1.1529484, dtype=float32), array(0.25537628, dtype=float32), array(0.24944192, dtype=float32), array(0.24783337, dtype=float32)]
[array(0.83510876, dtype=float32), array(0.04120499, dtype=float32), array(0.04108821, dtype=float32), array(0.04279646, dtype=float32)]
[array(1., dtype=float32), array(0.38813907, dtype=float32), array(0.37609726, dtype=float32), array(0.25883603, dtype=float32)]
[array(1.2669828, dtype=float32), array(1.2408298, dtype=float32), array(1.2087793, dtype=float32), array(1.1967342, dtype=float32)]
[array(1.1529415, dtype=float32), array(0.25303656, dtype=float32), array(0.22098607, dtype=float32), array(0.2037772, dtype=float32)]
[array(0.8351059, dtype=float32), array(0.04119907, dtype=float32), array(0.03505041, dtype=float32), array(0.02423768, dtype=float32)]


PS:

Read file </home/nguyenm5/coding/pinot/jul-18/active-semi-no-background/ExpectedImprovement_750.stderr> for stderr output of this job.

Sender: LSF System <lsfadmin@lu04>
Subject: Job 15925840: <no-background> in cluster <lila> Done

Job <no-background> was submitted from host <lilac> by user <nguyenm5> in cluster <lila> at Sun Jul 19 13:37:09 2020
Job was executed on host(s) <12*lu04>, in queue <gpuqueue>, as user <nguyenm5> in cluster <lila> at Sun Jul 19 13:43:48 2020
</home/nguyenm5> was used as the home directory.
</home/nguyenm5/coding/pinot> was used as the working directory.
Started at Sun Jul 19 13:43:48 2020
Terminated at Sun Jul 19 18:09:51 2020
Results reported at Sun Jul 19 18:09:51 2020

Your job looked like:

------------------------------------------------------------
# LSBATCH: User input
/home/nguyenm5/anaconda3/envs/pinot/bin/python scripts/active/plotting_active.py --net semi_gp --num_rounds 4 --num_trials 1 --num_epochs 750 --data moonshot --q 96 --acquisition ExpectedImprovement --output_folder /home/nguyenm5/coding/pinot/jul-18/active-semi-no-background --index 3
------------------------------------------------------------

Successfully completed.

Resource usage summary:

    CPU time :                                   275174.00 sec.
    Max Memory :                                 2 GB
    Average Memory :                             2.00 GB
    Total Requested Memory :                     192.00 GB
    Delta Memory :                               190.00 GB
    Max Swap :                                   -
    Max Processes :                              4
    Max Threads :                                21
    Run time :                                   15965 sec.
    Turnaround time :                            16362 sec.

The output (if any) follows:

0
MPI, UCB, UCB-ybest, Expected Improv
[array(1., dtype=float32), array(0.45525342, dtype=float32), array(0.42366123, dtype=float32), array(0.5092006, dtype=float32)]
[array(1.2932959, dtype=float32), array(1.2717932, dtype=float32), array(1.2492161, dtype=float32), array(1.3029195, dtype=float32)]
[array(1.2558335, dtype=float32), array(0.2954157, dtype=float32), array(0.26262146, dtype=float32), array(0.31512624, dtype=float32)]
[array(0.92973804, dtype=float32), array(0.0552052, dtype=float32), array(0.04583813, dtype=float32), array(0.06524245, dtype=float32)]
[array(1., dtype=float32), array(0.44573998, dtype=float32), array(0.4236552, dtype=float32), array(0.3736261, dtype=float32)]
[array(1.2932932, dtype=float32), array(1.244302, dtype=float32), array(1.2478956, dtype=float32), array(1.2418296, dtype=float32)]
[array(1.2558309, dtype=float32), array(0.2679245, dtype=float32), array(0.26130098, dtype=float32), array(0.25403637, dtype=float32)]
[array(0.92974186, dtype=float32), array(0.04913504, dtype=float32), array(0.0458421, dtype=float32), array(0.03727481, dtype=float32)]


PS:

Read file </home/nguyenm5/coding/pinot/jul-18/active-semi-no-background/ExpectedImprovement_750.stderr> for stderr output of this job.

Sender: LSF System <lsfadmin@lt20>
Subject: Job 15925844: <no-background> in cluster <lila> Done

Job <no-background> was submitted from host <lilac> by user <nguyenm5> in cluster <lila> at Sun Jul 19 13:37:09 2020
Job was executed on host(s) <12*lt20>, in queue <gpuqueue>, as user <nguyenm5> in cluster <lila> at Sun Jul 19 13:44:01 2020
</home/nguyenm5> was used as the home directory.
</home/nguyenm5/coding/pinot> was used as the working directory.
Started at Sun Jul 19 13:44:01 2020
Terminated at Sun Jul 19 18:16:55 2020
Results reported at Sun Jul 19 18:16:55 2020

Your job looked like:

------------------------------------------------------------
# LSBATCH: User input
/home/nguyenm5/anaconda3/envs/pinot/bin/python scripts/active/plotting_active.py --net semi_gp --num_rounds 4 --num_trials 1 --num_epochs 750 --data moonshot --q 96 --acquisition ExpectedImprovement --output_folder /home/nguyenm5/coding/pinot/jul-18/active-semi-no-background --index 5
------------------------------------------------------------

Successfully completed.

Resource usage summary:

    CPU time :                                   286390.00 sec.
    Max Memory :                                 2 GB
    Average Memory :                             1.99 GB
    Total Requested Memory :                     192.00 GB
    Delta Memory :                               190.00 GB
    Max Swap :                                   -
    Max Processes :                              4
    Max Threads :                                21
    Run time :                                   16376 sec.
    Turnaround time :                            16786 sec.

The output (if any) follows:

0
MPI, UCB, UCB-ybest, Expected Improv
[array(1., dtype=float32), array(0.46966654, dtype=float32), array(0.49476582, dtype=float32), array(0.49749082, dtype=float32)]
[array(1.2663728, dtype=float32), array(1.2772548, dtype=float32), array(1.2886183, dtype=float32), array(1.2847059, dtype=float32)]
[array(1.2669328, dtype=float32), array(0.2906602, dtype=float32), array(0.30082506, dtype=float32), array(0.29174888, dtype=float32)]
[array(0.94335485, dtype=float32), array(0.05585723, dtype=float32), array(0.06063717, dtype=float32), array(0.05910698, dtype=float32)]
[array(1., dtype=float32), array(0.46967268, dtype=float32), array(0.4565236, dtype=float32), array(0.39370728, dtype=float32)]
[array(1.2663774, dtype=float32), array(1.2772523, dtype=float32), array(1.2675066, dtype=float32), array(1.2586038, dtype=float32)]
[array(1.2669375, dtype=float32), array(0.2906577, dtype=float32), array(0.27971333, dtype=float32), array(0.26564682, dtype=float32)]
[array(0.94336534, dtype=float32), array(0.0558591, dtype=float32), array(0.04977644, dtype=float32), array(0.04377445, dtype=float32)]


PS:

Read file </home/nguyenm5/coding/pinot/jul-18/active-semi-no-background/ExpectedImprovement_750.stderr> for stderr output of this job.

Sender: LSF System <lsfadmin@lt08>
Subject: Job 15925836: <no-background> in cluster <lila> Done

Job <no-background> was submitted from host <lilac> by user <nguyenm5> in cluster <lila> at Sun Jul 19 13:37:07 2020
Job was executed on host(s) <12*lt08>, in queue <gpuqueue>, as user <nguyenm5> in cluster <lila> at Sun Jul 19 13:43:45 2020
</home/nguyenm5> was used as the home directory.
</home/nguyenm5/coding/pinot> was used as the working directory.
Started at Sun Jul 19 13:43:45 2020
Terminated at Sun Jul 19 18:17:03 2020
Results reported at Sun Jul 19 18:17:03 2020

Your job looked like:

------------------------------------------------------------
# LSBATCH: User input
/home/nguyenm5/anaconda3/envs/pinot/bin/python scripts/active/plotting_active.py --net semi_gp --num_rounds 4 --num_trials 1 --num_epochs 750 --data moonshot --q 96 --acquisition ExpectedImprovement --output_folder /home/nguyenm5/coding/pinot/jul-18/active-semi-no-background --index 1
------------------------------------------------------------

Successfully completed.

Resource usage summary:

    CPU time :                                   291038.00 sec.
    Max Memory :                                 2 GB
    Average Memory :                             2.00 GB
    Total Requested Memory :                     192.00 GB
    Delta Memory :                               190.00 GB
    Max Swap :                                   -
    Max Processes :                              4
    Max Threads :                                21
    Run time :                                   16398 sec.
    Turnaround time :                            16796 sec.

The output (if any) follows:

0
MPI, UCB, UCB-ybest, Expected Improv
[array(0.9999999, dtype=float32), array(0.40871656, dtype=float32), array(0.39052993, dtype=float32), array(0.39544618, dtype=float32)]
[array(1.300528, dtype=float32), array(1.2628424, dtype=float32), array(1.2328265, dtype=float32), array(1.2267112, dtype=float32)]
[array(1.1435301, dtype=float32), array(0.28646487, dtype=float32), array(0.2450332, dtype=float32), array(0.23891789, dtype=float32)]
[array(0.8023537, dtype=float32), array(0.04872371, dtype=float32), array(0.03883403, dtype=float32), array(0.03661064, dtype=float32)]
[array(0.9999999, dtype=float32), array(0.40778184, dtype=float32), array(0.39055902, dtype=float32), array(0.39549768, dtype=float32)]
[array(1.3005298, dtype=float32), array(1.2353603, dtype=float32), array(1.2299101, dtype=float32), array(1.2213984, dtype=float32)]
[array(1.1435319, dtype=float32), array(0.25898272, dtype=float32), array(0.24211687, dtype=float32), array(0.23360509, dtype=float32)]
[array(0.8023637, dtype=float32), array(0.04214736, dtype=float32), array(0.03883512, dtype=float32), array(0.03661752, dtype=float32)]


PS:

Read file </home/nguyenm5/coding/pinot/jul-18/active-semi-no-background/ExpectedImprovement_750.stderr> for stderr output of this job.

Sender: LSF System <lsfadmin@lt10>
Subject: Job 15925842: <no-background> in cluster <lila> Done

Job <no-background> was submitted from host <lilac> by user <nguyenm5> in cluster <lila> at Sun Jul 19 13:37:09 2020
Job was executed on host(s) <12*lt10>, in queue <gpuqueue>, as user <nguyenm5> in cluster <lila> at Sun Jul 19 13:44:01 2020
</home/nguyenm5> was used as the home directory.
</home/nguyenm5/coding/pinot> was used as the working directory.
Started at Sun Jul 19 13:44:01 2020
Terminated at Sun Jul 19 19:02:05 2020
Results reported at Sun Jul 19 19:02:05 2020

Your job looked like:

------------------------------------------------------------
# LSBATCH: User input
/home/nguyenm5/anaconda3/envs/pinot/bin/python scripts/active/plotting_active.py --net semi_gp --num_rounds 4 --num_trials 1 --num_epochs 750 --data moonshot --q 96 --acquisition ExpectedImprovement --output_folder /home/nguyenm5/coding/pinot/jul-18/active-semi-no-background --index 4
------------------------------------------------------------

Successfully completed.

Resource usage summary:

    CPU time :                                   330582.00 sec.
    Max Memory :                                 2 GB
    Average Memory :                             2.00 GB
    Total Requested Memory :                     192.00 GB
    Delta Memory :                               190.00 GB
    Max Swap :                                   -
    Max Processes :                              4
    Max Threads :                                21
    Run time :                                   19085 sec.
    Turnaround time :                            19496 sec.

The output (if any) follows:

0
MPI, UCB, UCB-ybest, Expected Improv
[array(1., dtype=float32), array(0.45987338, dtype=float32), array(0.40736794, dtype=float32), array(0.4447381, dtype=float32)]
[array(1.2800559, dtype=float32), array(1.2572951, dtype=float32), array(1.2515373, dtype=float32), array(1.2941191, dtype=float32)]
[array(1.2218974, dtype=float32), array(0.28091758, dtype=float32), array(0.26374406, dtype=float32), array(0.30116212, dtype=float32)]
[array(0.90688264, dtype=float32), array(0.05297294, dtype=float32), array(0.04473054, dtype=float32), array(0.05512355, dtype=float32)]
[array(1., dtype=float32), array(0.42968625, dtype=float32), array(0.35825878, dtype=float32), array(0.34482396, dtype=float32)]
[array(1.2800515, dtype=float32), array(1.254435, dtype=float32), array(1.2352556, dtype=float32), array(1.2486931, dtype=float32)]
[array(1.221893, dtype=float32), array(0.2780574, dtype=float32), array(0.24746233, dtype=float32), array(0.2557361, dtype=float32)]
[array(0.90687406, dtype=float32), array(0.04937807, dtype=float32), array(0.0338732, dtype=float32), array(0.03779883, dtype=float32)]


PS:

Read file </home/nguyenm5/coding/pinot/jul-18/active-semi-no-background/ExpectedImprovement_750.stderr> for stderr output of this job.

