Sender: LSF System <lsfadmin@ls05>
Subject: Job 15968232: <no-background> in cluster <lila> Exited

Job <no-background> was submitted from host <lilac> by user <nguyenm5> in cluster <lila> at Sun Jul 19 22:49:59 2020
Job was executed on host(s) <12*ls05>, in queue <gpuqueue>, as user <nguyenm5> in cluster <lila> at Sun Jul 19 22:56:36 2020
</home/nguyenm5> was used as the home directory.
</home/nguyenm5/coding/pinot> was used as the working directory.
Started at Sun Jul 19 22:56:36 2020
Terminated at Sun Jul 19 23:18:02 2020
Results reported at Sun Jul 19 23:18:02 2020

Your job looked like:

------------------------------------------------------------
# LSBATCH: User input
/home/nguyenm5/anaconda3/envs/pinot/bin/python scripts/active/plotting_active.py --net semi_gp --num_rounds 4 --num_trials 1 --num_epochs 1000 --data moonshot --q 96 --acquisition Human --output_folder /home/nguyenm5/coding/pinot/jul-18/active-semi-no-background --index 2
------------------------------------------------------------

Exited with exit code 1.

Resource usage summary:

    CPU time :                                   2.56 sec.
    Max Memory :                                 -
    Average Memory :                             -
    Total Requested Memory :                     192.00 GB
    Delta Memory :                               -
    Max Swap :                                   -
    Max Processes :                              4
    Max Threads :                                6
    Run time :                                   1303 sec.
    Turnaround time :                            1683 sec.

The output (if any) follows:



PS:

Read file </home/nguyenm5/coding/pinot/jul-18/active-semi-no-background/Human_1000.stderr> for stderr output of this job.

Sender: LSF System <lsfadmin@ls05>
Subject: Job 15968230: <no-background> in cluster <lila> Exited

Job <no-background> was submitted from host <lilac> by user <nguyenm5> in cluster <lila> at Sun Jul 19 22:49:58 2020
Job was executed on host(s) <12*ls05>, in queue <gpuqueue>, as user <nguyenm5> in cluster <lila> at Sun Jul 19 22:56:36 2020
</home/nguyenm5> was used as the home directory.
</home/nguyenm5/coding/pinot> was used as the working directory.
Started at Sun Jul 19 22:56:36 2020
Terminated at Sun Jul 19 23:18:06 2020
Results reported at Sun Jul 19 23:18:06 2020

Your job looked like:

------------------------------------------------------------
# LSBATCH: User input
/home/nguyenm5/anaconda3/envs/pinot/bin/python scripts/active/plotting_active.py --net semi_gp --num_rounds 4 --num_trials 1 --num_epochs 1000 --data moonshot --q 96 --acquisition Human --output_folder /home/nguyenm5/coding/pinot/jul-18/active-semi-no-background --index 1
------------------------------------------------------------

Exited with exit code 1.

Resource usage summary:

    CPU time :                                   2.39 sec.
    Max Memory :                                 -
    Average Memory :                             -
    Total Requested Memory :                     192.00 GB
    Delta Memory :                               -
    Max Swap :                                   -
    Max Processes :                              4
    Max Threads :                                6
    Run time :                                   1303 sec.
    Turnaround time :                            1688 sec.

The output (if any) follows:



PS:

Read file </home/nguyenm5/coding/pinot/jul-18/active-semi-no-background/Human_1000.stderr> for stderr output of this job.

Sender: LSF System <lsfadmin@ls05>
Subject: Job 15968238: <no-background> in cluster <lila> Exited

Job <no-background> was submitted from host <lilac> by user <nguyenm5> in cluster <lila> at Sun Jul 19 22:50:01 2020
Job was executed on host(s) <12*ls05>, in queue <gpuqueue>, as user <nguyenm5> in cluster <lila> at Sun Jul 19 23:18:18 2020
</home/nguyenm5> was used as the home directory.
</home/nguyenm5/coding/pinot> was used as the working directory.
Started at Sun Jul 19 23:18:18 2020
Terminated at Sun Jul 19 23:19:06 2020
Results reported at Sun Jul 19 23:19:06 2020

Your job looked like:

------------------------------------------------------------
# LSBATCH: User input
/home/nguyenm5/anaconda3/envs/pinot/bin/python scripts/active/plotting_active.py --net semi_gp --num_rounds 4 --num_trials 1 --num_epochs 1000 --data moonshot --q 96 --acquisition Human --output_folder /home/nguyenm5/coding/pinot/jul-18/active-semi-no-background --index 5
------------------------------------------------------------

Exited with exit code 1.

Resource usage summary:

    CPU time :                                   2.58 sec.
    Max Memory :                                 -
    Average Memory :                             -
    Total Requested Memory :                     192.00 GB
    Delta Memory :                               -
    Max Swap :                                   -
    Max Processes :                              4
    Max Threads :                                6
    Run time :                                   46 sec.
    Turnaround time :                            1745 sec.

The output (if any) follows:



PS:

Read file </home/nguyenm5/coding/pinot/jul-18/active-semi-no-background/Human_1000.stderr> for stderr output of this job.

Sender: LSF System <lsfadmin@ls18>
Subject: Job 15968236: <no-background> in cluster <lila> Done

Job <no-background> was submitted from host <lilac> by user <nguyenm5> in cluster <lila> at Sun Jul 19 22:49:59 2020
Job was executed on host(s) <12*ls18>, in queue <gpuqueue>, as user <nguyenm5> in cluster <lila> at Sun Jul 19 23:18:00 2020
</home/nguyenm5> was used as the home directory.
</home/nguyenm5/coding/pinot> was used as the working directory.
Started at Sun Jul 19 23:18:00 2020
Terminated at Mon Jul 20 05:08:44 2020
Results reported at Mon Jul 20 05:08:44 2020

Your job looked like:

------------------------------------------------------------
# LSBATCH: User input
/home/nguyenm5/anaconda3/envs/pinot/bin/python scripts/active/plotting_active.py --net semi_gp --num_rounds 4 --num_trials 1 --num_epochs 1000 --data moonshot --q 96 --acquisition Human --output_folder /home/nguyenm5/coding/pinot/jul-18/active-semi-no-background --index 4
------------------------------------------------------------

Successfully completed.

Resource usage summary:

    CPU time :                                   366526.00 sec.
    Max Memory :                                 2 GB
    Average Memory :                             2.00 GB
    Total Requested Memory :                     192.00 GB
    Delta Memory :                               190.00 GB
    Max Swap :                                   -
    Max Processes :                              4
    Max Threads :                                21
    Run time :                                   21044 sec.
    Turnaround time :                            22725 sec.

The output (if any) follows:

0
MPI, UCB, UCB-ybest, Expected Improv
[array(1., dtype=float32), array(1., dtype=float32), array(1., dtype=float32), array(0.99995995, dtype=float32)]
[array(1.2453356, dtype=float32), array(1.2527614, dtype=float32), array(1.2874223, dtype=float32), array(1.27734, dtype=float32)]
[array(1.2633461, dtype=float32), array(1.2707719, dtype=float32), array(1.2479283, dtype=float32), array(0.91164666, dtype=float32)]
[array(0.95957893, dtype=float32), array(0.9810402, dtype=float32), array(0.9234667, dtype=float32), array(0.60729444, dtype=float32)]
[array(1., dtype=float32), array(1., dtype=float32), array(1., dtype=float32), array(0.99995995, dtype=float32)]
[array(1.2453293, dtype=float32), array(1.2527698, dtype=float32), array(1.2874365, dtype=float32), array(1.2773373, dtype=float32)]
[array(1.2633398, dtype=float32), array(1.2707803, dtype=float32), array(1.2479424, dtype=float32), array(0.9116439, dtype=float32)]
[array(0.95957035, dtype=float32), array(0.98108023, dtype=float32), array(0.92346764, dtype=float32), array(0.60728633, dtype=float32)]


PS:

Read file </home/nguyenm5/coding/pinot/jul-18/active-semi-no-background/Human_1000.stderr> for stderr output of this job.

Sender: LSF System <lsfadmin@ls18>
Subject: Job 15968234: <no-background> in cluster <lila> Done

Job <no-background> was submitted from host <lilac> by user <nguyenm5> in cluster <lila> at Sun Jul 19 22:49:59 2020
Job was executed on host(s) <12*ls18>, in queue <gpuqueue>, as user <nguyenm5> in cluster <lila> at Sun Jul 19 23:18:00 2020
</home/nguyenm5> was used as the home directory.
</home/nguyenm5/coding/pinot> was used as the working directory.
Started at Sun Jul 19 23:18:00 2020
Terminated at Mon Jul 20 05:14:00 2020
Results reported at Mon Jul 20 05:14:00 2020

Your job looked like:

------------------------------------------------------------
# LSBATCH: User input
/home/nguyenm5/anaconda3/envs/pinot/bin/python scripts/active/plotting_active.py --net semi_gp --num_rounds 4 --num_trials 1 --num_epochs 1000 --data moonshot --q 96 --acquisition Human --output_folder /home/nguyenm5/coding/pinot/jul-18/active-semi-no-background --index 3
------------------------------------------------------------

Successfully completed.

Resource usage summary:

    CPU time :                                   371784.00 sec.
    Max Memory :                                 2 GB
    Average Memory :                             2.00 GB
    Total Requested Memory :                     192.00 GB
    Delta Memory :                               190.00 GB
    Max Swap :                                   -
    Max Processes :                              4
    Max Threads :                                21
    Run time :                                   21360 sec.
    Turnaround time :                            23041 sec.

The output (if any) follows:

0
MPI, UCB, UCB-ybest, Expected Improv
[array(1., dtype=float32), array(1., dtype=float32), array(1., dtype=float32), array(0.9999802, dtype=float32)]
[array(1.2468959, dtype=float32), array(1.2466509, dtype=float32), array(1.2842289, dtype=float32), array(1.2761247, dtype=float32)]
[array(1.1540221, dtype=float32), array(1.1537771, dtype=float32), array(1.1913551, dtype=float32), array(0.9104313, dtype=float32)]
[array(0.8565357, dtype=float32), array(0.86906075, dtype=float32), array(0.879977, dtype=float32), array(0.61644876, dtype=float32)]
[array(1., dtype=float32), array(1., dtype=float32), array(1., dtype=float32), array(0.9999802, dtype=float32)]
[array(1.2468915, dtype=float32), array(1.2466508, dtype=float32), array(1.2842188, dtype=float32), array(1.2761173, dtype=float32)]
[array(1.1540177, dtype=float32), array(1.153777, dtype=float32), array(1.191345, dtype=float32), array(0.91042393, dtype=float32)]
[array(0.856557, dtype=float32), array(0.86908126, dtype=float32), array(0.8799684, dtype=float32), array(0.6164421, dtype=float32)]


PS:

Read file </home/nguyenm5/coding/pinot/jul-18/active-semi-no-background/Human_1000.stderr> for stderr output of this job.

