Sender: LSF System <lsfadmin@lt11>
Subject: Job 15925867: <no-background> in cluster <lila> Done

Job <no-background> was submitted from host <lilac> by user <nguyenm5> in cluster <lila> at Sun Jul 19 13:37:18 2020
Job was executed on host(s) <12*lt11>, in queue <gpuqueue>, as user <nguyenm5> in cluster <lila> at Sun Jul 19 13:44:53 2020
</home/nguyenm5> was used as the home directory.
</home/nguyenm5/coding/pinot> was used as the working directory.
Started at Sun Jul 19 13:44:53 2020
Terminated at Sun Jul 19 18:05:33 2020
Results reported at Sun Jul 19 18:05:33 2020

Your job looked like:

------------------------------------------------------------
# LSBATCH: User input
/home/nguyenm5/anaconda3/envs/pinot/bin/python scripts/active/plotting_active.py --net semi_gp --num_rounds 4 --num_trials 1 --num_epochs 750 --data moonshot --q 96 --acquisition Human --output_folder /home/nguyenm5/coding/pinot/jul-18/active-semi-no-background --index 2
------------------------------------------------------------

Successfully completed.

Resource usage summary:

    CPU time :                                   269915.00 sec.
    Max Memory :                                 2 GB
    Average Memory :                             1.98 GB
    Total Requested Memory :                     192.00 GB
    Delta Memory :                               190.00 GB
    Max Swap :                                   -
    Max Processes :                              4
    Max Threads :                                21
    Run time :                                   15640 sec.
    Turnaround time :                            16095 sec.

The output (if any) follows:

0
MPI, UCB, UCB-ybest, Expected Improv
[array(1., dtype=float32), array(1., dtype=float32), array(1., dtype=float32), array(0.9999931, dtype=float32)]
[array(1.2827606, dtype=float32), array(1.2788755, dtype=float32), array(1.2675667, dtype=float32), array(1.2598629, dtype=float32)]
[array(1.417254, dtype=float32), array(1.3348689, dtype=float32), array(1.2280726, dtype=float32), array(0.8941695, dtype=float32)]
[array(1.0803777, dtype=float32), array(1.0140959, dtype=float32), array(0.9135499, dtype=float32), array(0.58995765, dtype=float32)]
[array(1., dtype=float32), array(1., dtype=float32), array(1., dtype=float32), array(0.9999931, dtype=float32)]
[array(1.2827687, dtype=float32), array(1.27891, dtype=float32), array(1.2675483, dtype=float32), array(1.2598585, dtype=float32)]
[array(1.4172621, dtype=float32), array(1.3349035, dtype=float32), array(1.2280543, dtype=float32), array(0.8941651, dtype=float32)]
[array(1.0803771, dtype=float32), array(1.0141219, dtype=float32), array(0.91352725, dtype=float32), array(0.58995336, dtype=float32)]


PS:

Read file </home/nguyenm5/coding/pinot/jul-18/active-semi-no-background/Human_750.stderr> for stderr output of this job.

Sender: LSF System <lsfadmin@lt17>
Subject: Job 15925869: <no-background> in cluster <lila> Done

Job <no-background> was submitted from host <lilac> by user <nguyenm5> in cluster <lila> at Sun Jul 19 13:37:18 2020
Job was executed on host(s) <12*lt17>, in queue <gpuqueue>, as user <nguyenm5> in cluster <lila> at Sun Jul 19 13:44:53 2020
</home/nguyenm5> was used as the home directory.
</home/nguyenm5/coding/pinot> was used as the working directory.
Started at Sun Jul 19 13:44:53 2020
Terminated at Sun Jul 19 18:07:56 2020
Results reported at Sun Jul 19 18:07:56 2020

Your job looked like:

------------------------------------------------------------
# LSBATCH: User input
/home/nguyenm5/anaconda3/envs/pinot/bin/python scripts/active/plotting_active.py --net semi_gp --num_rounds 4 --num_trials 1 --num_epochs 750 --data moonshot --q 96 --acquisition Human --output_folder /home/nguyenm5/coding/pinot/jul-18/active-semi-no-background --index 3
------------------------------------------------------------

Successfully completed.

Resource usage summary:

    CPU time :                                   275988.00 sec.
    Max Memory :                                 2 GB
    Average Memory :                             1.98 GB
    Total Requested Memory :                     192.00 GB
    Delta Memory :                               190.00 GB
    Max Swap :                                   -
    Max Processes :                              4
    Max Threads :                                21
    Run time :                                   15784 sec.
    Turnaround time :                            16238 sec.

The output (if any) follows:

0
MPI, UCB, UCB-ybest, Expected Improv
[array(0.9912609, dtype=float32), array(0.9966986, dtype=float32), array(0.997527, dtype=float32), array(0.99706274, dtype=float32)]
[array(1.2372147, dtype=float32), array(1.2238536, dtype=float32), array(1.2249063, dtype=float32), array(1.2607554, dtype=float32)]
[array(0.6636029, dtype=float32), array(0.6502418, dtype=float32), array(0.6512945, dtype=float32), array(0.6871436, dtype=float32)]
[array(0.35768, dtype=float32), array(0.37313288, dtype=float32), array(0.38280043, dtype=float32), array(0.39985728, dtype=float32)]
[array(0.9912605, dtype=float32), array(0.9967014, dtype=float32), array(0.99752855, dtype=float32), array(0.9970628, dtype=float32)]
[array(1.2372053, dtype=float32), array(1.2238286, dtype=float32), array(1.2249526, dtype=float32), array(1.2607503, dtype=float32)]
[array(0.6635935, dtype=float32), array(0.65021676, dtype=float32), array(0.6513408, dtype=float32), array(0.6871385, dtype=float32)]
[array(0.35767952, dtype=float32), array(0.37316492, dtype=float32), array(0.38282612, dtype=float32), array(0.39984447, dtype=float32)]


PS:

Read file </home/nguyenm5/coding/pinot/jul-18/active-semi-no-background/Human_750.stderr> for stderr output of this job.

Sender: LSF System <lsfadmin@lu08>
Subject: Job 15925871: <no-background> in cluster <lila> Done

Job <no-background> was submitted from host <lilac> by user <nguyenm5> in cluster <lila> at Sun Jul 19 13:37:18 2020
Job was executed on host(s) <12*lu08>, in queue <gpuqueue>, as user <nguyenm5> in cluster <lila> at Sun Jul 19 13:44:53 2020
</home/nguyenm5> was used as the home directory.
</home/nguyenm5/coding/pinot> was used as the working directory.
Started at Sun Jul 19 13:44:53 2020
Terminated at Sun Jul 19 18:11:03 2020
Results reported at Sun Jul 19 18:11:03 2020

Your job looked like:

------------------------------------------------------------
# LSBATCH: User input
/home/nguyenm5/anaconda3/envs/pinot/bin/python scripts/active/plotting_active.py --net semi_gp --num_rounds 4 --num_trials 1 --num_epochs 750 --data moonshot --q 96 --acquisition Human --output_folder /home/nguyenm5/coding/pinot/jul-18/active-semi-no-background --index 4
------------------------------------------------------------

Successfully completed.

Resource usage summary:

    CPU time :                                   270742.00 sec.
    Max Memory :                                 2 GB
    Average Memory :                             1.98 GB
    Total Requested Memory :                     192.00 GB
    Delta Memory :                               190.00 GB
    Max Swap :                                   -
    Max Processes :                              4
    Max Threads :                                21
    Run time :                                   15969 sec.
    Turnaround time :                            16425 sec.

The output (if any) follows:

0
MPI, UCB, UCB-ybest, Expected Improv
[array(0.9386015, dtype=float32), array(0.9582126, dtype=float32), array(0.9544071, dtype=float32), array(0.96046567, dtype=float32)]
[array(1.2448683, dtype=float32), array(1.2469227, dtype=float32), array(1.2521799, dtype=float32), array(1.2487711, dtype=float32)]
[array(0.53640985, dtype=float32), array(0.5384643, dtype=float32), array(0.54372144, dtype=float32), array(0.54031265, dtype=float32)]
[array(0.23274633, dtype=float32), array(0.24142402, dtype=float32), array(0.25079855, dtype=float32), array(0.248626, dtype=float32)]
[array(0.93860257, dtype=float32), array(0.9582401, dtype=float32), array(0.9544234, dtype=float32), array(0.9604743, dtype=float32)]
[array(1.244868, dtype=float32), array(1.246914, dtype=float32), array(1.252223, dtype=float32), array(1.2487698, dtype=float32)]
[array(0.5364096, dtype=float32), array(0.5384556, dtype=float32), array(0.5437646, dtype=float32), array(0.54031134, dtype=float32)]
[array(0.23275352, dtype=float32), array(0.24140346, dtype=float32), array(0.2508249, dtype=float32), array(0.2486093, dtype=float32)]


PS:

Read file </home/nguyenm5/coding/pinot/jul-18/active-semi-no-background/Human_750.stderr> for stderr output of this job.

Sender: LSF System <lsfadmin@lt19>
Subject: Job 15925865: <no-background> in cluster <lila> Done

Job <no-background> was submitted from host <lilac> by user <nguyenm5> in cluster <lila> at Sun Jul 19 13:37:17 2020
Job was executed on host(s) <12*lt19>, in queue <gpuqueue>, as user <nguyenm5> in cluster <lila> at Sun Jul 19 13:44:38 2020
</home/nguyenm5> was used as the home directory.
</home/nguyenm5/coding/pinot> was used as the working directory.
Started at Sun Jul 19 13:44:38 2020
Terminated at Sun Jul 19 18:22:47 2020
Results reported at Sun Jul 19 18:22:47 2020

Your job looked like:

------------------------------------------------------------
# LSBATCH: User input
/home/nguyenm5/anaconda3/envs/pinot/bin/python scripts/active/plotting_active.py --net semi_gp --num_rounds 4 --num_trials 1 --num_epochs 750 --data moonshot --q 96 --acquisition Human --output_folder /home/nguyenm5/coding/pinot/jul-18/active-semi-no-background --index 1
------------------------------------------------------------

Successfully completed.

Resource usage summary:

    CPU time :                                   289761.00 sec.
    Max Memory :                                 2 GB
    Average Memory :                             1.98 GB
    Total Requested Memory :                     192.00 GB
    Delta Memory :                               190.00 GB
    Max Swap :                                   -
    Max Processes :                              4
    Max Threads :                                21
    Run time :                                   16688 sec.
    Turnaround time :                            17130 sec.

The output (if any) follows:

0
MPI, UCB, UCB-ybest, Expected Improv
[array(0.8666278, dtype=float32), array(0.881278, dtype=float32), array(0.887655, dtype=float32), array(0.898303, dtype=float32)]
[array(1.2535207, dtype=float32), array(1.2418287, dtype=float32), array(1.2382629, dtype=float32), array(1.2397188, dtype=float32)]
[array(0.46843946, dtype=float32), array(0.4567474, dtype=float32), array(0.45318162, dtype=float32), array(0.45463753, dtype=float32)]
[array(0.17611809, dtype=float32), array(0.17259125, dtype=float32), array(0.17510645, dtype=float32), array(0.17729616, dtype=float32)]
[array(0.8666195, dtype=float32), array(0.8813406, dtype=float32), array(0.887697, dtype=float32), array(0.8983047, dtype=float32)]
[array(1.2535448, dtype=float32), array(1.2418942, dtype=float32), array(1.2382683, dtype=float32), array(1.2397074, dtype=float32)]
[array(0.46846354, dtype=float32), array(0.45681298, dtype=float32), array(0.453187, dtype=float32), array(0.45462608, dtype=float32)]
[array(0.17613742, dtype=float32), array(0.17258693, dtype=float32), array(0.17508997, dtype=float32), array(0.17730215, dtype=float32)]


PS:

Read file </home/nguyenm5/coding/pinot/jul-18/active-semi-no-background/Human_750.stderr> for stderr output of this job.

Sender: LSF System <lsfadmin@lu08>
Subject: Job 15925873: <no-background> in cluster <lila> Done

Job <no-background> was submitted from host <lilac> by user <nguyenm5> in cluster <lila> at Sun Jul 19 13:37:20 2020
Job was executed on host(s) <12*lu08>, in queue <gpuqueue>, as user <nguyenm5> in cluster <lila> at Sun Jul 19 13:44:54 2020
</home/nguyenm5> was used as the home directory.
</home/nguyenm5/coding/pinot> was used as the working directory.
Started at Sun Jul 19 13:44:54 2020
Terminated at Sun Jul 19 18:23:43 2020
Results reported at Sun Jul 19 18:23:43 2020

Your job looked like:

------------------------------------------------------------
# LSBATCH: User input
/home/nguyenm5/anaconda3/envs/pinot/bin/python scripts/active/plotting_active.py --net semi_gp --num_rounds 4 --num_trials 1 --num_epochs 750 --data moonshot --q 96 --acquisition Human --output_folder /home/nguyenm5/coding/pinot/jul-18/active-semi-no-background --index 5
------------------------------------------------------------

Successfully completed.

Resource usage summary:

    CPU time :                                   282759.00 sec.
    Max Memory :                                 2 GB
    Average Memory :                             1.98 GB
    Total Requested Memory :                     192.00 GB
    Delta Memory :                               190.00 GB
    Max Swap :                                   -
    Max Processes :                              3
    Max Threads :                                21
    Run time :                                   16730 sec.
    Turnaround time :                            17183 sec.

The output (if any) follows:

0
MPI, UCB, UCB-ybest, Expected Improv
[array(1., dtype=float32), array(1., dtype=float32), array(1., dtype=float32), array(0.99999523, dtype=float32)]
[array(1.2699548, dtype=float32), array(1.24559, dtype=float32), array(1.2662424, dtype=float32), array(1.2465417, dtype=float32)]
[array(1.321882, dtype=float32), array(1.2975172, dtype=float32), array(1.2267483, dtype=float32), array(0.88084835, dtype=float32)]
[array(0.99546325, dtype=float32), array(1.0021902, dtype=float32), array(0.92734814, dtype=float32), array(0.5960563, dtype=float32)]
[array(1., dtype=float32), array(1., dtype=float32), array(1., dtype=float32), array(0.99999523, dtype=float32)]
[array(1.2699552, dtype=float32), array(1.2456031, dtype=float32), array(1.2662636, dtype=float32), array(1.2465342, dtype=float32)]
[array(1.3218824, dtype=float32), array(1.2975303, dtype=float32), array(1.2267696, dtype=float32), array(0.88084084, dtype=float32)]
[array(0.9954744, dtype=float32), array(1.0021933, dtype=float32), array(0.9273557, dtype=float32), array(0.5960492, dtype=float32)]


PS:

Read file </home/nguyenm5/coding/pinot/jul-18/active-semi-no-background/Human_750.stderr> for stderr output of this job.

