Sender: LSF System <lsfadmin@ls05>
Subject: Job 15968220: <no-background> in cluster <lila> Exited

Job <no-background> was submitted from host <lilac> by user <nguyenm5> in cluster <lila> at Sun Jul 19 22:49:56 2020
Job was executed on host(s) <12*ls05>, in queue <gpuqueue>, as user <nguyenm5> in cluster <lila> at Sun Jul 19 22:53:58 2020
</home/nguyenm5> was used as the home directory.
</home/nguyenm5/coding/pinot> was used as the working directory.
Started at Sun Jul 19 22:53:58 2020
Terminated at Sun Jul 19 22:54:28 2020
Results reported at Sun Jul 19 22:54:28 2020

Your job looked like:

------------------------------------------------------------
# LSBATCH: User input
/home/nguyenm5/anaconda3/envs/pinot/bin/python scripts/active/plotting_active.py --net semi_gp --num_rounds 4 --num_trials 1 --num_epochs 1000 --data moonshot --q 96 --acquisition ProbabilityOfImprovement --output_folder /home/nguyenm5/coding/pinot/jul-18/active-semi-no-background --index 1
------------------------------------------------------------

Exited with exit code 1.

Resource usage summary:

    CPU time :                                   2.46 sec.
    Max Memory :                                 -
    Average Memory :                             -
    Total Requested Memory :                     192.00 GB
    Delta Memory :                               -
    Max Swap :                                   -
    Max Processes :                              4
    Max Threads :                                6
    Run time :                                   55 sec.
    Turnaround time :                            272 sec.

The output (if any) follows:



PS:

Read file </home/nguyenm5/coding/pinot/jul-18/active-semi-no-background/ProbabilityOfImprovement_1000.stderr> for stderr output of this job.

Sender: LSF System <lsfadmin@ls05>
Subject: Job 15968224: <no-background> in cluster <lila> Exited

Job <no-background> was submitted from host <lilac> by user <nguyenm5> in cluster <lila> at Sun Jul 19 22:49:57 2020
Job was executed on host(s) <12*ls05>, in queue <gpuqueue>, as user <nguyenm5> in cluster <lila> at Sun Jul 19 22:54:56 2020
</home/nguyenm5> was used as the home directory.
</home/nguyenm5/coding/pinot> was used as the working directory.
Started at Sun Jul 19 22:54:56 2020
Terminated at Sun Jul 19 22:55:30 2020
Results reported at Sun Jul 19 22:55:30 2020

Your job looked like:

------------------------------------------------------------
# LSBATCH: User input
/home/nguyenm5/anaconda3/envs/pinot/bin/python scripts/active/plotting_active.py --net semi_gp --num_rounds 4 --num_trials 1 --num_epochs 1000 --data moonshot --q 96 --acquisition ProbabilityOfImprovement --output_folder /home/nguyenm5/coding/pinot/jul-18/active-semi-no-background --index 3
------------------------------------------------------------

Exited with exit code 1.

Resource usage summary:

    CPU time :                                   2.57 sec.
    Max Memory :                                 -
    Average Memory :                             -
    Total Requested Memory :                     192.00 GB
    Delta Memory :                               -
    Max Swap :                                   -
    Max Processes :                              3
    Max Threads :                                5
    Run time :                                   46 sec.
    Turnaround time :                            333 sec.

The output (if any) follows:



PS:

Read file </home/nguyenm5/coding/pinot/jul-18/active-semi-no-background/ProbabilityOfImprovement_1000.stderr> for stderr output of this job.

Sender: LSF System <lsfadmin@ls05>
Subject: Job 15968222: <no-background> in cluster <lila> Exited

Job <no-background> was submitted from host <lilac> by user <nguyenm5> in cluster <lila> at Sun Jul 19 22:49:57 2020
Job was executed on host(s) <12*ls05>, in queue <gpuqueue>, as user <nguyenm5> in cluster <lila> at Sun Jul 19 22:54:56 2020
</home/nguyenm5> was used as the home directory.
</home/nguyenm5/coding/pinot> was used as the working directory.
Started at Sun Jul 19 22:54:56 2020
Terminated at Sun Jul 19 22:55:32 2020
Results reported at Sun Jul 19 22:55:32 2020

Your job looked like:

------------------------------------------------------------
# LSBATCH: User input
/home/nguyenm5/anaconda3/envs/pinot/bin/python scripts/active/plotting_active.py --net semi_gp --num_rounds 4 --num_trials 1 --num_epochs 1000 --data moonshot --q 96 --acquisition ProbabilityOfImprovement --output_folder /home/nguyenm5/coding/pinot/jul-18/active-semi-no-background --index 2
------------------------------------------------------------

Exited with exit code 1.

Resource usage summary:

    CPU time :                                   2.40 sec.
    Max Memory :                                 -
    Average Memory :                             -
    Total Requested Memory :                     192.00 GB
    Delta Memory :                               -
    Max Swap :                                   -
    Max Processes :                              3
    Max Threads :                                5
    Run time :                                   46 sec.
    Turnaround time :                            335 sec.

The output (if any) follows:



PS:

Read file </home/nguyenm5/coding/pinot/jul-18/active-semi-no-background/ProbabilityOfImprovement_1000.stderr> for stderr output of this job.

Sender: LSF System <lsfadmin@ls05>
Subject: Job 15968228: <no-background> in cluster <lila> Exited

Job <no-background> was submitted from host <lilac> by user <nguyenm5> in cluster <lila> at Sun Jul 19 22:49:57 2020
Job was executed on host(s) <12*ls05>, in queue <gpuqueue>, as user <nguyenm5> in cluster <lila> at Sun Jul 19 22:55:38 2020
</home/nguyenm5> was used as the home directory.
</home/nguyenm5/coding/pinot> was used as the working directory.
Started at Sun Jul 19 22:55:38 2020
Terminated at Sun Jul 19 22:56:08 2020
Results reported at Sun Jul 19 22:56:08 2020

Your job looked like:

------------------------------------------------------------
# LSBATCH: User input
/home/nguyenm5/anaconda3/envs/pinot/bin/python scripts/active/plotting_active.py --net semi_gp --num_rounds 4 --num_trials 1 --num_epochs 1000 --data moonshot --q 96 --acquisition ProbabilityOfImprovement --output_folder /home/nguyenm5/coding/pinot/jul-18/active-semi-no-background --index 5
------------------------------------------------------------

Exited with exit code 1.

Resource usage summary:

    CPU time :                                   2.59 sec.
    Max Memory :                                 -
    Average Memory :                             -
    Total Requested Memory :                     192.00 GB
    Delta Memory :                               -
    Max Swap :                                   -
    Max Processes :                              4
    Max Threads :                                6
    Run time :                                   24 sec.
    Turnaround time :                            371 sec.

The output (if any) follows:



PS:

Read file </home/nguyenm5/coding/pinot/jul-18/active-semi-no-background/ProbabilityOfImprovement_1000.stderr> for stderr output of this job.

Sender: LSF System <lsfadmin@ls05>
Subject: Job 15968226: <no-background> in cluster <lila> Exited

Job <no-background> was submitted from host <lilac> by user <nguyenm5> in cluster <lila> at Sun Jul 19 22:49:57 2020
Job was executed on host(s) <12*ls05>, in queue <gpuqueue>, as user <nguyenm5> in cluster <lila> at Sun Jul 19 22:55:38 2020
</home/nguyenm5> was used as the home directory.
</home/nguyenm5/coding/pinot> was used as the working directory.
Started at Sun Jul 19 22:55:38 2020
Terminated at Sun Jul 19 22:56:12 2020
Results reported at Sun Jul 19 22:56:12 2020

Your job looked like:

------------------------------------------------------------
# LSBATCH: User input
/home/nguyenm5/anaconda3/envs/pinot/bin/python scripts/active/plotting_active.py --net semi_gp --num_rounds 4 --num_trials 1 --num_epochs 1000 --data moonshot --q 96 --acquisition ProbabilityOfImprovement --output_folder /home/nguyenm5/coding/pinot/jul-18/active-semi-no-background --index 4
------------------------------------------------------------

Exited with exit code 1.

Resource usage summary:

    CPU time :                                   2.42 sec.
    Max Memory :                                 -
    Average Memory :                             -
    Total Requested Memory :                     192.00 GB
    Delta Memory :                               -
    Max Swap :                                   -
    Max Processes :                              4
    Max Threads :                                6
    Run time :                                   24 sec.
    Turnaround time :                            375 sec.

The output (if any) follows:



PS:

Read file </home/nguyenm5/coding/pinot/jul-18/active-semi-no-background/ProbabilityOfImprovement_1000.stderr> for stderr output of this job.

