Sender: LSF System <lsfadmin@ls05>
Subject: Job 15968212: <no-background> in cluster <lila> Exited

Job <no-background> was submitted from host <lilac> by user <nguyenm5> in cluster <lila> at Sun Jul 19 22:49:54 2020
Job was executed on host(s) <12*ls05>, in queue <gpuqueue>, as user <nguyenm5> in cluster <lila> at Sun Jul 19 22:52:07 2020
</home/nguyenm5> was used as the home directory.
</home/nguyenm5/coding/pinot> was used as the working directory.
Started at Sun Jul 19 22:52:07 2020
Terminated at Sun Jul 19 22:52:27 2020
Results reported at Sun Jul 19 22:52:27 2020

Your job looked like:

------------------------------------------------------------
# LSBATCH: User input
/home/nguyenm5/anaconda3/envs/pinot/bin/python scripts/active/plotting_active.py --net semi_gp --num_rounds 4 --num_trials 1 --num_epochs 1000 --data moonshot --q 96 --acquisition UpperConfidenceBound --output_folder /home/nguyenm5/coding/pinot/jul-18/active-semi-no-background --index 2
------------------------------------------------------------

Exited with exit code 1.

Resource usage summary:

    CPU time :                                   2.37 sec.
    Max Memory :                                 -
    Average Memory :                             -
    Total Requested Memory :                     192.00 GB
    Delta Memory :                               -
    Max Swap :                                   -
    Max Processes :                              4
    Max Threads :                                6
    Run time :                                   13 sec.
    Turnaround time :                            153 sec.

The output (if any) follows:



PS:

Read file </home/nguyenm5/coding/pinot/jul-18/active-semi-no-background/UpperConfidenceBound_1000.stderr> for stderr output of this job.

Sender: LSF System <lsfadmin@ls05>
Subject: Job 15968210: <no-background> in cluster <lila> Exited

Job <no-background> was submitted from host <lilac> by user <nguyenm5> in cluster <lila> at Sun Jul 19 22:49:54 2020
Job was executed on host(s) <12*ls05>, in queue <gpuqueue>, as user <nguyenm5> in cluster <lila> at Sun Jul 19 22:52:02 2020
</home/nguyenm5> was used as the home directory.
</home/nguyenm5/coding/pinot> was used as the working directory.
Started at Sun Jul 19 22:52:02 2020
Terminated at Sun Jul 19 22:52:36 2020
Results reported at Sun Jul 19 22:52:36 2020

Your job looked like:

------------------------------------------------------------
# LSBATCH: User input
/home/nguyenm5/anaconda3/envs/pinot/bin/python scripts/active/plotting_active.py --net semi_gp --num_rounds 4 --num_trials 1 --num_epochs 1000 --data moonshot --q 96 --acquisition UpperConfidenceBound --output_folder /home/nguyenm5/coding/pinot/jul-18/active-semi-no-background --index 1
------------------------------------------------------------

Exited with exit code 1.

Resource usage summary:

    CPU time :                                   2.64 sec.
    Max Memory :                                 -
    Average Memory :                             -
    Total Requested Memory :                     192.00 GB
    Delta Memory :                               -
    Max Swap :                                   -
    Max Processes :                              3
    Max Threads :                                5
    Run time :                                   37 sec.
    Turnaround time :                            162 sec.

The output (if any) follows:



PS:

Read file </home/nguyenm5/coding/pinot/jul-18/active-semi-no-background/UpperConfidenceBound_1000.stderr> for stderr output of this job.

Sender: LSF System <lsfadmin@ls05>
Subject: Job 15968216: <no-background> in cluster <lila> Exited

Job <no-background> was submitted from host <lilac> by user <nguyenm5> in cluster <lila> at Sun Jul 19 22:49:55 2020
Job was executed on host(s) <12*ls05>, in queue <gpuqueue>, as user <nguyenm5> in cluster <lila> at Sun Jul 19 22:52:36 2020
</home/nguyenm5> was used as the home directory.
</home/nguyenm5/coding/pinot> was used as the working directory.
Started at Sun Jul 19 22:52:36 2020
Terminated at Sun Jul 19 22:53:09 2020
Results reported at Sun Jul 19 22:53:09 2020

Your job looked like:

------------------------------------------------------------
# LSBATCH: User input
/home/nguyenm5/anaconda3/envs/pinot/bin/python scripts/active/plotting_active.py --net semi_gp --num_rounds 4 --num_trials 1 --num_epochs 1000 --data moonshot --q 96 --acquisition UpperConfidenceBound --output_folder /home/nguyenm5/coding/pinot/jul-18/active-semi-no-background --index 4
------------------------------------------------------------

Exited with exit code 1.

Resource usage summary:

    CPU time :                                   2.64 sec.
    Max Memory :                                 -
    Average Memory :                             -
    Total Requested Memory :                     192.00 GB
    Delta Memory :                               -
    Max Swap :                                   -
    Max Processes :                              3
    Max Threads :                                5
    Run time :                                   29 sec.
    Turnaround time :                            194 sec.

The output (if any) follows:



PS:

Read file </home/nguyenm5/coding/pinot/jul-18/active-semi-no-background/UpperConfidenceBound_1000.stderr> for stderr output of this job.

Sender: LSF System <lsfadmin@ls05>
Subject: Job 15968214: <no-background> in cluster <lila> Exited

Job <no-background> was submitted from host <lilac> by user <nguyenm5> in cluster <lila> at Sun Jul 19 22:49:54 2020
Job was executed on host(s) <12*ls05>, in queue <gpuqueue>, as user <nguyenm5> in cluster <lila> at Sun Jul 19 22:52:36 2020
</home/nguyenm5> was used as the home directory.
</home/nguyenm5/coding/pinot> was used as the working directory.
Started at Sun Jul 19 22:52:36 2020
Terminated at Sun Jul 19 22:53:25 2020
Results reported at Sun Jul 19 22:53:25 2020

Your job looked like:

------------------------------------------------------------
# LSBATCH: User input
/home/nguyenm5/anaconda3/envs/pinot/bin/python scripts/active/plotting_active.py --net semi_gp --num_rounds 4 --num_trials 1 --num_epochs 1000 --data moonshot --q 96 --acquisition UpperConfidenceBound --output_folder /home/nguyenm5/coding/pinot/jul-18/active-semi-no-background --index 3
------------------------------------------------------------

Exited with exit code 1.

Resource usage summary:

    CPU time :                                   2.48 sec.
    Max Memory :                                 -
    Average Memory :                             -
    Total Requested Memory :                     192.00 GB
    Delta Memory :                               -
    Max Swap :                                   -
    Max Processes :                              4
    Max Threads :                                6
    Run time :                                   37 sec.
    Turnaround time :                            211 sec.

The output (if any) follows:



PS:

Read file </home/nguyenm5/coding/pinot/jul-18/active-semi-no-background/UpperConfidenceBound_1000.stderr> for stderr output of this job.

Sender: LSF System <lsfadmin@ls05>
Subject: Job 15968218: <no-background> in cluster <lila> Exited

Job <no-background> was submitted from host <lilac> by user <nguyenm5> in cluster <lila> at Sun Jul 19 22:49:55 2020
Job was executed on host(s) <12*ls05>, in queue <gpuqueue>, as user <nguyenm5> in cluster <lila> at Sun Jul 19 22:53:25 2020
</home/nguyenm5> was used as the home directory.
</home/nguyenm5/coding/pinot> was used as the working directory.
Started at Sun Jul 19 22:53:25 2020
Terminated at Sun Jul 19 22:54:32 2020
Results reported at Sun Jul 19 22:54:32 2020

Your job looked like:

------------------------------------------------------------
# LSBATCH: User input
/home/nguyenm5/anaconda3/envs/pinot/bin/python scripts/active/plotting_active.py --net semi_gp --num_rounds 4 --num_trials 1 --num_epochs 1000 --data moonshot --q 96 --acquisition UpperConfidenceBound --output_folder /home/nguyenm5/coding/pinot/jul-18/active-semi-no-background --index 5
------------------------------------------------------------

Exited with exit code 1.

Resource usage summary:

    CPU time :                                   2.79 sec.
    Max Memory :                                 -
    Average Memory :                             -
    Total Requested Memory :                     192.00 GB
    Delta Memory :                               -
    Max Swap :                                   -
    Max Processes :                              4
    Max Threads :                                6
    Run time :                                   71 sec.
    Turnaround time :                            277 sec.

The output (if any) follows:



PS:

Read file </home/nguyenm5/coding/pinot/jul-18/active-semi-no-background/UpperConfidenceBound_1000.stderr> for stderr output of this job.

