Sender: LSF System <lsfadmin@lt13>
Subject: Job 14804836: <_gp_SGD_GINConv_1e-4> in cluster <lila> Exited

Job <_gp_SGD_GINConv_1e-4> was submitted from host <lx12> by user <wangy1> in cluster <lila> at Mon Jun  8 12:41:51 2020
Job was executed on host(s) <12*lt13>, in queue <gpuqueue>, as user <wangy1> in cluster <lila> at Mon Jun  8 12:41:51 2020
</home/wangy1> was used as the home directory.
</data/chodera/wangyq/pinot/scripts/gp_comparison> was used as the working directory.
Started at Mon Jun  8 12:41:51 2020
Terminated at Mon Jun  8 12:42:38 2020
Results reported at Mon Jun  8 12:42:38 2020

Your job looked like:

------------------------------------------------------------
# LSBATCH: User input
python ../../pinot/app/gp_train.py --layer GINConv --optimizer SGD --lr 1e-4 --out _gp_SGD_GINConv_1e-4 --n_epochs 100
------------------------------------------------------------

Exited with exit code 1.

Resource usage summary:

    CPU time :                                   141.54 sec.
    Max Memory :                                 2 GB
    Average Memory :                             1.81 GB
    Total Requested Memory :                     48.00 GB
    Delta Memory :                               46.00 GB
    Max Swap :                                   -
    Max Processes :                              3
    Max Threads :                                20
    Run time :                                   48 sec.
    Turnaround time :                            47 sec.

The output (if any) follows:

Parameter containing:
tensor(1., device='cuda:0', requires_grad=True)
Parameter containing:
tensor(0.9752, device='cuda:0', requires_grad=True)
Parameter containing:
tensor(0.9437, device='cuda:0', requires_grad=True)
Parameter containing:
tensor(0.9113, device='cuda:0', requires_grad=True)
Parameter containing:
tensor(0.8809, device='cuda:0', requires_grad=True)
Parameter containing:
tensor(0.8521, device='cuda:0', requires_grad=True)
Parameter containing:
tensor(0.8235, device='cuda:0', requires_grad=True)
Parameter containing:
tensor(0.7976, device='cuda:0', requires_grad=True)
Parameter containing:
tensor(0.7721, device='cuda:0', requires_grad=True)
Parameter containing:
tensor(0.7492, device='cuda:0', requires_grad=True)
Parameter containing:
tensor(0.7265, device='cuda:0', requires_grad=True)
Parameter containing:
tensor(0.7072, device='cuda:0', requires_grad=True)
Parameter containing:
tensor(0.6768, device='cuda:0', requires_grad=True)
Parameter containing:
tensor(0.6464, device='cuda:0', requires_grad=True)
Parameter containing:
tensor(0.6341, device='cuda:0', requires_grad=True)
Parameter containing:
tensor(0.6218, device='cuda:0', requires_grad=True)
Parameter containing:
tensor(0.6094, device='cuda:0', requires_grad=True)
Parameter containing:
tensor(0.5957, device='cuda:0', requires_grad=True)
Parameter containing:
tensor(0.5831, device='cuda:0', requires_grad=True)
Parameter containing:
tensor(0.5689, device='cuda:0', requires_grad=True)
Parameter containing:
tensor(0.5560, device='cuda:0', requires_grad=True)
Parameter containing:
tensor(0.5414, device='cuda:0', requires_grad=True)
Parameter containing:
tensor(0.5229, device='cuda:0', requires_grad=True)
Parameter containing:
tensor(0.5137, device='cuda:0', requires_grad=True)
Parameter containing:
tensor(0.4948, device='cuda:0', requires_grad=True)
Parameter containing:
tensor(0.4827, device='cuda:0', requires_grad=True)
Parameter containing:
tensor(0.4609, device='cuda:0', requires_grad=True)
Parameter containing:
tensor(0.4560, device='cuda:0', requires_grad=True)
Parameter containing:
tensor(0.4415, device='cuda:0', requires_grad=True)
Parameter containing:
tensor(0.4382, device='cuda:0', requires_grad=True)
Parameter containing:
tensor(0.4248, device='cuda:0', requires_grad=True)
Parameter containing:
tensor(0.4048, device='cuda:0', requires_grad=True)
Parameter containing:
tensor(0.3874, device='cuda:0', requires_grad=True)
Parameter containing:
tensor(0.3922, device='cuda:0', requires_grad=True)
Parameter containing:
tensor(0.3959, device='cuda:0', requires_grad=True)
Parameter containing:
tensor(0.3968, device='cuda:0', requires_grad=True)
Parameter containing:
tensor(0.3912, device='cuda:0', requires_grad=True)
Parameter containing:
tensor(0.3795, device='cuda:0', requires_grad=True)
Parameter containing:
tensor(0.3851, device='cuda:0', requires_grad=True)
Parameter containing:
tensor(0.3897, device='cuda:0', requires_grad=True)
Parameter containing:
tensor(0.3884, device='cuda:0', requires_grad=True)
Parameter containing:
tensor(0.3896, device='cuda:0', requires_grad=True)
Parameter containing:
tensor(0.3843, device='cuda:0', requires_grad=True)
Parameter containing:
tensor(0.3670, device='cuda:0', requires_grad=True)
Parameter containing:
tensor(0.3483, device='cuda:0', requires_grad=True)
Parameter containing:
tensor(0.3385, device='cuda:0', requires_grad=True)
Parameter containing:
tensor(0.3318, device='cuda:0', requires_grad=True)
Parameter containing:
tensor(0.3154, device='cuda:0', requires_grad=True)
Parameter containing:
tensor(0.3035, device='cuda:0', requires_grad=True)
Parameter containing:
tensor(0.3051, device='cuda:0', requires_grad=True)
Parameter containing:
tensor(0.3011, device='cuda:0', requires_grad=True)
Parameter containing:
tensor(0.3033, device='cuda:0', requires_grad=True)
Parameter containing:
tensor(0.2921, device='cuda:0', requires_grad=True)
Parameter containing:
tensor(0.2774, device='cuda:0', requires_grad=True)
Parameter containing:
tensor(0.2681, device='cuda:0', requires_grad=True)
Parameter containing:
tensor(0.2633, device='cuda:0', requires_grad=True)
Parameter containing:
tensor(0.2708, device='cuda:0', requires_grad=True)
Parameter containing:
tensor(0.2758, device='cuda:0', requires_grad=True)
Parameter containing:
tensor(0.2626, device='cuda:0', requires_grad=True)
Parameter containing:
tensor(0.2586, device='cuda:0', requires_grad=True)
Parameter containing:
tensor(0.2620, device='cuda:0', requires_grad=True)
Parameter containing:
tensor(0.2629, device='cuda:0', requires_grad=True)
Parameter containing:
tensor(0.2694, device='cuda:0', requires_grad=True)
Parameter containing:
tensor(0.2569, device='cuda:0', requires_grad=True)
Parameter containing:
tensor(0.2473, device='cuda:0', requires_grad=True)
Parameter containing:
tensor(0.2576, device='cuda:0', requires_grad=True)
Parameter containing:
tensor(0.2572, device='cuda:0', requires_grad=True)
Parameter containing:
tensor(0.2741, device='cuda:0', requires_grad=True)
Parameter containing:
tensor(0.2901, device='cuda:0', requires_grad=True)
Parameter containing:
tensor(0.3042, device='cuda:0', requires_grad=True)
Parameter containing:
tensor(0.3094, device='cuda:0', requires_grad=True)
Parameter containing:
tensor(0.3159, device='cuda:0', requires_grad=True)
Parameter containing:
tensor(0.3113, device='cuda:0', requires_grad=True)
Parameter containing:
tensor(0.3229, device='cuda:0', requires_grad=True)
Parameter containing:
tensor(0.3324, device='cuda:0', requires_grad=True)
Parameter containing:
tensor(0.3239, device='cuda:0', requires_grad=True)
Parameter containing:
tensor(0.3332, device='cuda:0', requires_grad=True)
Parameter containing:
tensor(0.3359, device='cuda:0', requires_grad=True)
Parameter containing:
tensor(0.3429, device='cuda:0', requires_grad=True)
Parameter containing:
tensor(0.3379, device='cuda:0', requires_grad=True)
Parameter containing:
tensor(0.3284, device='cuda:0', requires_grad=True)
Parameter containing:
tensor(0.3377, device='cuda:0', requires_grad=True)
Parameter containing:
tensor(0.3454, device='cuda:0', requires_grad=True)
Parameter containing:
tensor(0.3488, device='cuda:0', requires_grad=True)
Parameter containing:
tensor(0.3410, device='cuda:0', requires_grad=True)
Parameter containing:
tensor(0.3433, device='cuda:0', requires_grad=True)
Parameter containing:
tensor(0.3361, device='cuda:0', requires_grad=True)
Parameter containing:
tensor(0.3336, device='cuda:0', requires_grad=True)
Parameter containing:
tensor(0.3300, device='cuda:0', requires_grad=True)
Parameter containing:
tensor(0.3203, device='cuda:0', requires_grad=True)
Parameter containing:
tensor(0.3245, device='cuda:0', requires_grad=True)
Parameter containing:
tensor(0.3190, device='cuda:0', requires_grad=True)
Parameter containing:
tensor(0.3251, device='cuda:0', requires_grad=True)
Parameter containing:
tensor(0.3238, device='cuda:0', requires_grad=True)
Parameter containing:
tensor(0.3226, device='cuda:0', requires_grad=True)
Parameter containing:
tensor(0.3100, device='cuda:0', requires_grad=True)
Parameter containing:
tensor(0.3198, device='cuda:0', requires_grad=True)
Parameter containing:
tensor(0.3099, device='cuda:0', requires_grad=True)
Parameter containing:
tensor(0.3106, device='cuda:0', requires_grad=True)
Parameter containing:
tensor(0.3155, device='cuda:0', requires_grad=True)


PS:

Read file <14804836.stderr> for stderr output of this job.

