Sender: LSF System <lsfadmin@ls12>
Subject: Job 14804294: <_gp_SGD_GINConv_1e-3> in cluster <lila> Done

Job <_gp_SGD_GINConv_1e-3> was submitted from host <lx09> by user <wangy1> in cluster <lila> at Mon Jun  8 11:09:10 2020
Job was executed on host(s) <12*ls12>, in queue <gpuqueue>, as user <wangy1> in cluster <lila> at Mon Jun  8 11:09:11 2020
</home/wangy1> was used as the home directory.
</data/chodera/wangyq/pinot/scripts/gp_comparison> was used as the working directory.
Started at Mon Jun  8 11:09:11 2020
Terminated at Mon Jun  8 11:09:58 2020
Results reported at Mon Jun  8 11:09:58 2020

Your job looked like:

------------------------------------------------------------
# LSBATCH: User input
python ../../pinot/app/gp_train.py --layer GINConv --optimizer SGD --lr 1e-3 --out _gp_SGD_GINConv_1e-3 --n_epochs 100
------------------------------------------------------------

Successfully completed.

Resource usage summary:

    CPU time :                                   138.78 sec.
    Max Memory :                                 2 GB
    Average Memory :                             1.76 GB
    Total Requested Memory :                     48.00 GB
    Delta Memory :                               46.00 GB
    Max Swap :                                   -
    Max Processes :                              3
    Max Threads :                                20
    Run time :                                   49 sec.
    Turnaround time :                            48 sec.

The output (if any) follows:

Parameter containing:
tensor(1., device='cuda:0', requires_grad=True)
Parameter containing:
tensor(0.9169, device='cuda:0', requires_grad=True)
Parameter containing:
tensor(0.6089, device='cuda:0', requires_grad=True)
Parameter containing:
tensor(0.5227, device='cuda:0', requires_grad=True)
Parameter containing:
tensor(0.4811, device='cuda:0', requires_grad=True)
Parameter containing:
tensor(0.4770, device='cuda:0', requires_grad=True)
Parameter containing:
tensor(0.4416, device='cuda:0', requires_grad=True)
Parameter containing:
tensor(0.4358, device='cuda:0', requires_grad=True)
Parameter containing:
tensor(0.4529, device='cuda:0', requires_grad=True)
Parameter containing:
tensor(0.3798, device='cuda:0', requires_grad=True)
Parameter containing:
tensor(0.4538, device='cuda:0', requires_grad=True)
Parameter containing:
tensor(0.4690, device='cuda:0', requires_grad=True)
Parameter containing:
tensor(0.4775, device='cuda:0', requires_grad=True)
Parameter containing:
tensor(0.4834, device='cuda:0', requires_grad=True)
Parameter containing:
tensor(0.4804, device='cuda:0', requires_grad=True)
Parameter containing:
tensor(0.4812, device='cuda:0', requires_grad=True)
Parameter containing:
tensor(0.4941, device='cuda:0', requires_grad=True)
Parameter containing:
tensor(0.4976, device='cuda:0', requires_grad=True)
Parameter containing:
tensor(0.4988, device='cuda:0', requires_grad=True)
Parameter containing:
tensor(0.5019, device='cuda:0', requires_grad=True)
Parameter containing:
tensor(0.4947, device='cuda:0', requires_grad=True)
Parameter containing:
tensor(0.4956, device='cuda:0', requires_grad=True)
Parameter containing:
tensor(0.4952, device='cuda:0', requires_grad=True)
Parameter containing:
tensor(0.5157, device='cuda:0', requires_grad=True)
Parameter containing:
tensor(0.4970, device='cuda:0', requires_grad=True)
Parameter containing:
tensor(0.4932, device='cuda:0', requires_grad=True)
Parameter containing:
tensor(0.4904, device='cuda:0', requires_grad=True)
Parameter containing:
tensor(0.5029, device='cuda:0', requires_grad=True)
Parameter containing:
tensor(0.4931, device='cuda:0', requires_grad=True)
Parameter containing:
tensor(0.4542, device='cuda:0', requires_grad=True)
Parameter containing:
tensor(0.4921, device='cuda:0', requires_grad=True)
Parameter containing:
tensor(0.4768, device='cuda:0', requires_grad=True)
Parameter containing:
tensor(0.4620, device='cuda:0', requires_grad=True)
Parameter containing:
tensor(0.4869, device='cuda:0', requires_grad=True)
Parameter containing:
tensor(0.4847, device='cuda:0', requires_grad=True)
Parameter containing:
tensor(0.4952, device='cuda:0', requires_grad=True)
Parameter containing:
tensor(0.5024, device='cuda:0', requires_grad=True)
Parameter containing:
tensor(0.4971, device='cuda:0', requires_grad=True)
Parameter containing:
tensor(0.4901, device='cuda:0', requires_grad=True)
Parameter containing:
tensor(0.4809, device='cuda:0', requires_grad=True)
Parameter containing:
tensor(0.4792, device='cuda:0', requires_grad=True)
Parameter containing:
tensor(0.4500, device='cuda:0', requires_grad=True)
Parameter containing:
tensor(0.4713, device='cuda:0', requires_grad=True)
Parameter containing:
tensor(0.4861, device='cuda:0', requires_grad=True)
Parameter containing:
tensor(0.4925, device='cuda:0', requires_grad=True)
Parameter containing:
tensor(0.4909, device='cuda:0', requires_grad=True)
Parameter containing:
tensor(0.5033, device='cuda:0', requires_grad=True)
Parameter containing:
tensor(0.4943, device='cuda:0', requires_grad=True)
Parameter containing:
tensor(0.5086, device='cuda:0', requires_grad=True)
Parameter containing:
tensor(0.5120, device='cuda:0', requires_grad=True)
Parameter containing:
tensor(0.5075, device='cuda:0', requires_grad=True)
Parameter containing:
tensor(0.5234, device='cuda:0', requires_grad=True)
Parameter containing:
tensor(0.5101, device='cuda:0', requires_grad=True)
Parameter containing:
tensor(0.5070, device='cuda:0', requires_grad=True)
Parameter containing:
tensor(0.5059, device='cuda:0', requires_grad=True)
Parameter containing:
tensor(0.5080, device='cuda:0', requires_grad=True)
Parameter containing:
tensor(0.5098, device='cuda:0', requires_grad=True)
Parameter containing:
tensor(0.5203, device='cuda:0', requires_grad=True)
Parameter containing:
tensor(0.5179, device='cuda:0', requires_grad=True)
Parameter containing:
tensor(0.5212, device='cuda:0', requires_grad=True)
Parameter containing:
tensor(0.5185, device='cuda:0', requires_grad=True)
Parameter containing:
tensor(0.5253, device='cuda:0', requires_grad=True)
Parameter containing:
tensor(0.5325, device='cuda:0', requires_grad=True)
Parameter containing:
tensor(0.5376, device='cuda:0', requires_grad=True)
Parameter containing:
tensor(0.5417, device='cuda:0', requires_grad=True)
Parameter containing:
tensor(0.5456, device='cuda:0', requires_grad=True)
Parameter containing:
tensor(0.5497, device='cuda:0', requires_grad=True)
Parameter containing:
tensor(0.5539, device='cuda:0', requires_grad=True)
Parameter containing:
tensor(0.5581, device='cuda:0', requires_grad=True)
Parameter containing:
tensor(0.5621, device='cuda:0', requires_grad=True)
Parameter containing:
tensor(0.5658, device='cuda:0', requires_grad=True)
Parameter containing:
tensor(0.5691, device='cuda:0', requires_grad=True)
Parameter containing:
tensor(0.5720, device='cuda:0', requires_grad=True)
Parameter containing:
tensor(0.5746, device='cuda:0', requires_grad=True)
Parameter containing:
tensor(0.5769, device='cuda:0', requires_grad=True)
Parameter containing:
tensor(0.5788, device='cuda:0', requires_grad=True)
Parameter containing:
tensor(0.5805, device='cuda:0', requires_grad=True)
Parameter containing:
tensor(0.5820, device='cuda:0', requires_grad=True)
Parameter containing:
tensor(0.5833, device='cuda:0', requires_grad=True)
Parameter containing:
tensor(0.5844, device='cuda:0', requires_grad=True)
Parameter containing:
tensor(0.5853, device='cuda:0', requires_grad=True)
Parameter containing:
tensor(0.5862, device='cuda:0', requires_grad=True)
Parameter containing:
tensor(0.5869, device='cuda:0', requires_grad=True)
Parameter containing:
tensor(0.5875, device='cuda:0', requires_grad=True)
Parameter containing:
tensor(0.5881, device='cuda:0', requires_grad=True)
Parameter containing:
tensor(0.5885, device='cuda:0', requires_grad=True)
Parameter containing:
tensor(0.5890, device='cuda:0', requires_grad=True)
Parameter containing:
tensor(0.5893, device='cuda:0', requires_grad=True)
Parameter containing:
tensor(0.5896, device='cuda:0', requires_grad=True)
Parameter containing:
tensor(0.5899, device='cuda:0', requires_grad=True)
Parameter containing:
tensor(0.5901, device='cuda:0', requires_grad=True)
Parameter containing:
tensor(0.5903, device='cuda:0', requires_grad=True)
Parameter containing:
tensor(0.5905, device='cuda:0', requires_grad=True)
Parameter containing:
tensor(0.5906, device='cuda:0', requires_grad=True)
Parameter containing:
tensor(0.5908, device='cuda:0', requires_grad=True)
Parameter containing:
tensor(0.5908, device='cuda:0', requires_grad=True)
Parameter containing:
tensor(0.5909, device='cuda:0', requires_grad=True)
Parameter containing:
tensor(0.5910, device='cuda:0', requires_grad=True)
Parameter containing:
tensor(0.5910, device='cuda:0', requires_grad=True)
Parameter containing:
tensor(0.5910, device='cuda:0', requires_grad=True)


PS:

Read file <14804294.stderr> for stderr output of this job.

