Sender: LSF System <lsfadmin@ls14>
Subject: Job 14805165: <_gp_LBFGS_EdgeConv_1e-5> in cluster <lila> Done

Job <_gp_LBFGS_EdgeConv_1e-5> was submitted from host <lx12> by user <wangy1> in cluster <lila> at Mon Jun  8 14:49:01 2020
Job was executed on host(s) <12*ls14>, in queue <gpuqueue>, as user <wangy1> in cluster <lila> at Mon Jun  8 14:49:02 2020
</home/wangy1> was used as the home directory.
</data/chodera/wangyq/pinot/scripts/gp_comparison> was used as the working directory.
Started at Mon Jun  8 14:49:02 2020
Terminated at Mon Jun  8 14:50:20 2020
Results reported at Mon Jun  8 14:50:20 2020

Your job looked like:

------------------------------------------------------------
# LSBATCH: User input
python ../../pinot/app/gp_train.py --layer EdgeConv --optimizer LBFGS --lr 1e-5 --out _gp_LBFGS_EdgeConv_1e-5 --n_epochs 100
------------------------------------------------------------

Successfully completed.

Resource usage summary:

    CPU time :                                   204.06 sec.
    Max Memory :                                 1 GB
    Average Memory :                             0.95 GB
    Total Requested Memory :                     48.00 GB
    Delta Memory :                               47.00 GB
    Max Swap :                                   -
    Max Processes :                              3
    Max Threads :                                20
    Run time :                                   79 sec.
    Turnaround time :                            79 sec.

The output (if any) follows:

Parameter containing:
tensor(1., device='cuda:0', requires_grad=True)
Parameter containing:
tensor(1., device='cuda:0', requires_grad=True)
Parameter containing:
tensor(1.0000, device='cuda:0', requires_grad=True)
Parameter containing:
tensor(1.0000, device='cuda:0', requires_grad=True)
Parameter containing:
tensor(1.0000, device='cuda:0', requires_grad=True)
Parameter containing:
tensor(1.0000, device='cuda:0', requires_grad=True)
Parameter containing:
tensor(1.0000, device='cuda:0', requires_grad=True)
Parameter containing:
tensor(1.0000, device='cuda:0', requires_grad=True)
Parameter containing:
tensor(1.0000, device='cuda:0', requires_grad=True)
Parameter containing:
tensor(1.0000, device='cuda:0', requires_grad=True)
Parameter containing:
tensor(1.0000, device='cuda:0', requires_grad=True)
Parameter containing:
tensor(1.0000, device='cuda:0', requires_grad=True)
Parameter containing:
tensor(1.0000, device='cuda:0', requires_grad=True)
Parameter containing:
tensor(1.0000, device='cuda:0', requires_grad=True)
Parameter containing:
tensor(1.0000, device='cuda:0', requires_grad=True)
Parameter containing:
tensor(0.9999, device='cuda:0', requires_grad=True)
Parameter containing:
tensor(0.9999, device='cuda:0', requires_grad=True)
Parameter containing:
tensor(0.9999, device='cuda:0', requires_grad=True)
Parameter containing:
tensor(0.9999, device='cuda:0', requires_grad=True)
Parameter containing:
tensor(0.9999, device='cuda:0', requires_grad=True)
Parameter containing:
tensor(0.9999, device='cuda:0', requires_grad=True)
Parameter containing:
tensor(0.9999, device='cuda:0', requires_grad=True)
Parameter containing:
tensor(0.9999, device='cuda:0', requires_grad=True)
Parameter containing:
tensor(0.9999, device='cuda:0', requires_grad=True)
Parameter containing:
tensor(0.9999, device='cuda:0', requires_grad=True)
Parameter containing:
tensor(0.9999, device='cuda:0', requires_grad=True)
Parameter containing:
tensor(0.9999, device='cuda:0', requires_grad=True)
Parameter containing:
tensor(0.9999, device='cuda:0', requires_grad=True)
Parameter containing:
tensor(0.9999, device='cuda:0', requires_grad=True)
Parameter containing:
tensor(0.9999, device='cuda:0', requires_grad=True)
Parameter containing:
tensor(0.9999, device='cuda:0', requires_grad=True)
Parameter containing:
tensor(0.9999, device='cuda:0', requires_grad=True)
Parameter containing:
tensor(0.9999, device='cuda:0', requires_grad=True)
Parameter containing:
tensor(0.9999, device='cuda:0', requires_grad=True)
Parameter containing:
tensor(0.9999, device='cuda:0', requires_grad=True)
Parameter containing:
tensor(0.9999, device='cuda:0', requires_grad=True)
Parameter containing:
tensor(0.9999, device='cuda:0', requires_grad=True)
Parameter containing:
tensor(0.9999, device='cuda:0', requires_grad=True)
Parameter containing:
tensor(0.9999, device='cuda:0', requires_grad=True)
Parameter containing:
tensor(0.9999, device='cuda:0', requires_grad=True)
Parameter containing:
tensor(0.9999, device='cuda:0', requires_grad=True)
Parameter containing:
tensor(0.9999, device='cuda:0', requires_grad=True)
Parameter containing:
tensor(0.9999, device='cuda:0', requires_grad=True)
Parameter containing:
tensor(0.9999, device='cuda:0', requires_grad=True)
Parameter containing:
tensor(0.9999, device='cuda:0', requires_grad=True)
Parameter containing:
tensor(0.9999, device='cuda:0', requires_grad=True)
Parameter containing:
tensor(0.9999, device='cuda:0', requires_grad=True)
Parameter containing:
tensor(0.9999, device='cuda:0', requires_grad=True)
Parameter containing:
tensor(0.9999, device='cuda:0', requires_grad=True)
Parameter containing:
tensor(0.9999, device='cuda:0', requires_grad=True)
Parameter containing:
tensor(0.9999, device='cuda:0', requires_grad=True)
Parameter containing:
tensor(0.9999, device='cuda:0', requires_grad=True)
Parameter containing:
tensor(0.9999, device='cuda:0', requires_grad=True)
Parameter containing:
tensor(0.9999, device='cuda:0', requires_grad=True)
Parameter containing:
tensor(0.9999, device='cuda:0', requires_grad=True)
Parameter containing:
tensor(0.9999, device='cuda:0', requires_grad=True)
Parameter containing:
tensor(0.9999, device='cuda:0', requires_grad=True)
Parameter containing:
tensor(0.9999, device='cuda:0', requires_grad=True)
Parameter containing:
tensor(0.9999, device='cuda:0', requires_grad=True)
Parameter containing:
tensor(0.9999, device='cuda:0', requires_grad=True)
Parameter containing:
tensor(0.9999, device='cuda:0', requires_grad=True)
Parameter containing:
tensor(0.9999, device='cuda:0', requires_grad=True)
Parameter containing:
tensor(0.9999, device='cuda:0', requires_grad=True)
Parameter containing:
tensor(0.9999, device='cuda:0', requires_grad=True)
Parameter containing:
tensor(0.9999, device='cuda:0', requires_grad=True)
Parameter containing:
tensor(0.9999, device='cuda:0', requires_grad=True)
Parameter containing:
tensor(0.9999, device='cuda:0', requires_grad=True)
Parameter containing:
tensor(0.9998, device='cuda:0', requires_grad=True)
Parameter containing:
tensor(0.9998, device='cuda:0', requires_grad=True)
Parameter containing:
tensor(0.9998, device='cuda:0', requires_grad=True)
Parameter containing:
tensor(0.9998, device='cuda:0', requires_grad=True)
Parameter containing:
tensor(0.9998, device='cuda:0', requires_grad=True)
Parameter containing:
tensor(0.9998, device='cuda:0', requires_grad=True)
Parameter containing:
tensor(0.9998, device='cuda:0', requires_grad=True)
Parameter containing:
tensor(0.9998, device='cuda:0', requires_grad=True)
Parameter containing:
tensor(0.9998, device='cuda:0', requires_grad=True)
Parameter containing:
tensor(0.9998, device='cuda:0', requires_grad=True)
Parameter containing:
tensor(0.9997, device='cuda:0', requires_grad=True)
Parameter containing:
tensor(0.9997, device='cuda:0', requires_grad=True)
Parameter containing:
tensor(0.9997, device='cuda:0', requires_grad=True)
Parameter containing:
tensor(0.9997, device='cuda:0', requires_grad=True)
Parameter containing:
tensor(0.9997, device='cuda:0', requires_grad=True)
Parameter containing:
tensor(0.9997, device='cuda:0', requires_grad=True)
Parameter containing:
tensor(0.9997, device='cuda:0', requires_grad=True)
Parameter containing:
tensor(0.9997, device='cuda:0', requires_grad=True)
Parameter containing:
tensor(0.9997, device='cuda:0', requires_grad=True)
Parameter containing:
tensor(0.9997, device='cuda:0', requires_grad=True)
Parameter containing:
tensor(0.9997, device='cuda:0', requires_grad=True)
Parameter containing:
tensor(0.9997, device='cuda:0', requires_grad=True)
Parameter containing:
tensor(0.9997, device='cuda:0', requires_grad=True)
Parameter containing:
tensor(0.9997, device='cuda:0', requires_grad=True)
Parameter containing:
tensor(0.9997, device='cuda:0', requires_grad=True)
Parameter containing:
tensor(0.9997, device='cuda:0', requires_grad=True)
Parameter containing:
tensor(0.9997, device='cuda:0', requires_grad=True)
Parameter containing:
tensor(0.9997, device='cuda:0', requires_grad=True)
Parameter containing:
tensor(0.9997, device='cuda:0', requires_grad=True)
Parameter containing:
tensor(0.9997, device='cuda:0', requires_grad=True)
Parameter containing:
tensor(0.9997, device='cuda:0', requires_grad=True)
Parameter containing:
tensor(0.9997, device='cuda:0', requires_grad=True)
Parameter containing:
tensor(0.9997, device='cuda:0', requires_grad=True)
Parameter containing:
tensor(0.9997, device='cuda:0', requires_grad=True)
Parameter containing:
tensor(0.9997, device='cuda:0', requires_grad=True)
Parameter containing:
tensor(0.9997, device='cuda:0', requires_grad=True)
Parameter containing:
tensor(0.9997, device='cuda:0', requires_grad=True)
Parameter containing:
tensor(0.9997, device='cuda:0', requires_grad=True)
Parameter containing:
tensor(0.9997, device='cuda:0', requires_grad=True)
Parameter containing:
tensor(0.9997, device='cuda:0', requires_grad=True)
Parameter containing:
tensor(0.9997, device='cuda:0', requires_grad=True)
Parameter containing:
tensor(0.9997, device='cuda:0', requires_grad=True)
Parameter containing:
tensor(0.9997, device='cuda:0', requires_grad=True)
Parameter containing:
tensor(0.9997, device='cuda:0', requires_grad=True)
Parameter containing:
tensor(0.9997, device='cuda:0', requires_grad=True)
Parameter containing:
tensor(0.9997, device='cuda:0', requires_grad=True)
Parameter containing:
tensor(0.9997, device='cuda:0', requires_grad=True)
Parameter containing:
tensor(0.9997, device='cuda:0', requires_grad=True)
Parameter containing:
tensor(0.9997, device='cuda:0', requires_grad=True)
Parameter containing:
tensor(0.9997, device='cuda:0', requires_grad=True)
Parameter containing:
tensor(0.9997, device='cuda:0', requires_grad=True)
Parameter containing:
tensor(0.9997, device='cuda:0', requires_grad=True)
Parameter containing:
tensor(0.9997, device='cuda:0', requires_grad=True)
Parameter containing:
tensor(0.9997, device='cuda:0', requires_grad=True)
Parameter containing:
tensor(0.9997, device='cuda:0', requires_grad=True)
Parameter containing:
tensor(0.9997, device='cuda:0', requires_grad=True)
Parameter containing:
tensor(0.9997, device='cuda:0', requires_grad=True)
Parameter containing:
tensor(0.9997, device='cuda:0', requires_grad=True)
Parameter containing:
tensor(0.9997, device='cuda:0', requires_grad=True)
Parameter containing:
tensor(0.9997, device='cuda:0', requires_grad=True)
Parameter containing:
tensor(0.9997, device='cuda:0', requires_grad=True)
Parameter containing:
tensor(0.9997, device='cuda:0', requires_grad=True)
Parameter containing:
tensor(0.9997, device='cuda:0', requires_grad=True)
Parameter containing:
tensor(0.9997, device='cuda:0', requires_grad=True)
Parameter containing:
tensor(0.9997, device='cuda:0', requires_grad=True)
Parameter containing:
tensor(0.9997, device='cuda:0', requires_grad=True)
Parameter containing:
tensor(0.9997, device='cuda:0', requires_grad=True)
Parameter containing:
tensor(0.9997, device='cuda:0', requires_grad=True)
Parameter containing:
tensor(0.9997, device='cuda:0', requires_grad=True)
Parameter containing:
tensor(0.9997, device='cuda:0', requires_grad=True)
Parameter containing:
tensor(0.9997, device='cuda:0', requires_grad=True)
Parameter containing:
tensor(0.9997, device='cuda:0', requires_grad=True)
Parameter containing:
tensor(0.9997, device='cuda:0', requires_grad=True)
Parameter containing:
tensor(0.9997, device='cuda:0', requires_grad=True)
Parameter containing:
tensor(0.9997, device='cuda:0', requires_grad=True)
Parameter containing:
tensor(0.9997, device='cuda:0', requires_grad=True)
Parameter containing:
tensor(0.9997, device='cuda:0', requires_grad=True)
Parameter containing:
tensor(0.9997, device='cuda:0', requires_grad=True)
Parameter containing:
tensor(0.9997, device='cuda:0', requires_grad=True)
Parameter containing:
tensor(0.9997, device='cuda:0', requires_grad=True)
Parameter containing:
tensor(0.9997, device='cuda:0', requires_grad=True)
Parameter containing:
tensor(0.9997, device='cuda:0', requires_grad=True)
Parameter containing:
tensor(0.9997, device='cuda:0', requires_grad=True)
Parameter containing:
tensor(0.9997, device='cuda:0', requires_grad=True)
Parameter containing:
tensor(0.9997, device='cuda:0', requires_grad=True)
Parameter containing:
tensor(0.9997, device='cuda:0', requires_grad=True)
Parameter containing:
tensor(0.9997, device='cuda:0', requires_grad=True)
Parameter containing:
tensor(0.9997, device='cuda:0', requires_grad=True)
Parameter containing:
tensor(0.9997, device='cuda:0', requires_grad=True)
Parameter containing:
tensor(0.9997, device='cuda:0', requires_grad=True)
Parameter containing:
tensor(0.9997, device='cuda:0', requires_grad=True)
Parameter containing:
tensor(0.9997, device='cuda:0', requires_grad=True)
Parameter containing:
tensor(0.9997, device='cuda:0', requires_grad=True)
Parameter containing:
tensor(0.9997, device='cuda:0', requires_grad=True)
Parameter containing:
tensor(0.9997, device='cuda:0', requires_grad=True)
Parameter containing:
tensor(0.9997, device='cuda:0', requires_grad=True)
Parameter containing:
tensor(0.9997, device='cuda:0', requires_grad=True)
Parameter containing:
tensor(0.9997, device='cuda:0', requires_grad=True)
Parameter containing:
tensor(0.9997, device='cuda:0', requires_grad=True)
Parameter containing:
tensor(0.9997, device='cuda:0', requires_grad=True)
Parameter containing:
tensor(0.9997, device='cuda:0', requires_grad=True)
Parameter containing:
tensor(0.9997, device='cuda:0', requires_grad=True)
Parameter containing:
tensor(0.9997, device='cuda:0', requires_grad=True)
Parameter containing:
tensor(0.9997, device='cuda:0', requires_grad=True)
Parameter containing:
tensor(0.9997, device='cuda:0', requires_grad=True)
Parameter containing:
tensor(0.9997, device='cuda:0', requires_grad=True)
Parameter containing:
tensor(0.9997, device='cuda:0', requires_grad=True)
Parameter containing:
tensor(0.9997, device='cuda:0', requires_grad=True)
Parameter containing:
tensor(0.9997, device='cuda:0', requires_grad=True)
Parameter containing:
tensor(0.9997, device='cuda:0', requires_grad=True)
Parameter containing:
tensor(0.9997, device='cuda:0', requires_grad=True)
Parameter containing:
tensor(0.9997, device='cuda:0', requires_grad=True)
Parameter containing:
tensor(0.9997, device='cuda:0', requires_grad=True)
Parameter containing:
tensor(0.9997, device='cuda:0', requires_grad=True)
Parameter containing:
tensor(0.9997, device='cuda:0', requires_grad=True)
Parameter containing:
tensor(0.9997, device='cuda:0', requires_grad=True)
Parameter containing:
tensor(0.9997, device='cuda:0', requires_grad=True)
Parameter containing:
tensor(0.9997, device='cuda:0', requires_grad=True)
Parameter containing:
tensor(0.9997, device='cuda:0', requires_grad=True)
Parameter containing:
tensor(0.9997, device='cuda:0', requires_grad=True)
Parameter containing:
tensor(0.9997, device='cuda:0', requires_grad=True)
Parameter containing:
tensor(0.9997, device='cuda:0', requires_grad=True)
Parameter containing:
tensor(0.9997, device='cuda:0', requires_grad=True)
Parameter containing:
tensor(0.9996, device='cuda:0', requires_grad=True)
Parameter containing:
tensor(0.9996, device='cuda:0', requires_grad=True)
Parameter containing:
tensor(0.9996, device='cuda:0', requires_grad=True)
Parameter containing:
tensor(0.9996, device='cuda:0', requires_grad=True)
Parameter containing:
tensor(0.9996, device='cuda:0', requires_grad=True)
Parameter containing:
tensor(0.9996, device='cuda:0', requires_grad=True)
Parameter containing:
tensor(0.9996, device='cuda:0', requires_grad=True)
Parameter containing:
tensor(0.9996, device='cuda:0', requires_grad=True)
Parameter containing:
tensor(0.9996, device='cuda:0', requires_grad=True)
Parameter containing:
tensor(0.9996, device='cuda:0', requires_grad=True)
Parameter containing:
tensor(0.9996, device='cuda:0', requires_grad=True)
Parameter containing:
tensor(0.9996, device='cuda:0', requires_grad=True)
Parameter containing:
tensor(0.9996, device='cuda:0', requires_grad=True)
Parameter containing:
tensor(0.9996, device='cuda:0', requires_grad=True)
Parameter containing:
tensor(0.9996, device='cuda:0', requires_grad=True)
Parameter containing:
tensor(0.9996, device='cuda:0', requires_grad=True)
Parameter containing:
tensor(0.9996, device='cuda:0', requires_grad=True)
Parameter containing:
tensor(0.9996, device='cuda:0', requires_grad=True)
Parameter containing:
tensor(0.9996, device='cuda:0', requires_grad=True)
Parameter containing:
tensor(0.9996, device='cuda:0', requires_grad=True)
Parameter containing:
tensor(0.9996, device='cuda:0', requires_grad=True)
Parameter containing:
tensor(0.9996, device='cuda:0', requires_grad=True)
Parameter containing:
tensor(0.9996, device='cuda:0', requires_grad=True)
Parameter containing:
tensor(0.9996, device='cuda:0', requires_grad=True)
Parameter containing:
tensor(0.9996, device='cuda:0', requires_grad=True)
Parameter containing:
tensor(0.9996, device='cuda:0', requires_grad=True)
Parameter containing:
tensor(0.9996, device='cuda:0', requires_grad=True)
Parameter containing:
tensor(0.9996, device='cuda:0', requires_grad=True)
Parameter containing:
tensor(0.9996, device='cuda:0', requires_grad=True)
Parameter containing:
tensor(0.9996, device='cuda:0', requires_grad=True)
Parameter containing:
tensor(0.9996, device='cuda:0', requires_grad=True)
Parameter containing:
tensor(0.9996, device='cuda:0', requires_grad=True)
Parameter containing:
tensor(0.9996, device='cuda:0', requires_grad=True)
Parameter containing:
tensor(0.9996, device='cuda:0', requires_grad=True)
Parameter containing:
tensor(0.9996, device='cuda:0', requires_grad=True)
Parameter containing:
tensor(0.9996, device='cuda:0', requires_grad=True)
Parameter containing:
tensor(0.9996, device='cuda:0', requires_grad=True)
Parameter containing:
tensor(0.9996, device='cuda:0', requires_grad=True)
Parameter containing:
tensor(0.9996, device='cuda:0', requires_grad=True)
Parameter containing:
tensor(0.9996, device='cuda:0', requires_grad=True)
Parameter containing:
tensor(0.9996, device='cuda:0', requires_grad=True)
Parameter containing:
tensor(0.9996, device='cuda:0', requires_grad=True)
Parameter containing:
tensor(0.9996, device='cuda:0', requires_grad=True)
Parameter containing:
tensor(0.9815, device='cuda:0', requires_grad=True)
Parameter containing:
tensor(0.9814, device='cuda:0', requires_grad=True)
Parameter containing:
tensor(0.9814, device='cuda:0', requires_grad=True)
Parameter containing:
tensor(0.9814, device='cuda:0', requires_grad=True)
Parameter containing:
tensor(0.9814, device='cuda:0', requires_grad=True)
Parameter containing:
tensor(0.9814, device='cuda:0', requires_grad=True)
Parameter containing:
tensor(0.9814, device='cuda:0', requires_grad=True)
Parameter containing:
tensor(0.9814, device='cuda:0', requires_grad=True)
Parameter containing:
tensor(0.9814, device='cuda:0', requires_grad=True)
Parameter containing:
tensor(0.9814, device='cuda:0', requires_grad=True)
Parameter containing:
tensor(0.9814, device='cuda:0', requires_grad=True)
Parameter containing:
tensor(0.9814, device='cuda:0', requires_grad=True)
Parameter containing:
tensor(0.9814, device='cuda:0', requires_grad=True)
Parameter containing:
tensor(0.9814, device='cuda:0', requires_grad=True)
Parameter containing:
tensor(0.9814, device='cuda:0', requires_grad=True)
Parameter containing:
tensor(0.9814, device='cuda:0', requires_grad=True)
Parameter containing:
tensor(0.9814, device='cuda:0', requires_grad=True)
Parameter containing:
tensor(0.9814, device='cuda:0', requires_grad=True)
Parameter containing:
tensor(0.9814, device='cuda:0', requires_grad=True)
Parameter containing:
tensor(0.9814, device='cuda:0', requires_grad=True)
Parameter containing:
tensor(0.9814, device='cuda:0', requires_grad=True)
Parameter containing:
tensor(0.9814, device='cuda:0', requires_grad=True)
Parameter containing:
tensor(0.9814, device='cuda:0', requires_grad=True)
Parameter containing:
tensor(0.9814, device='cuda:0', requires_grad=True)
Parameter containing:
tensor(0.9814, device='cuda:0', requires_grad=True)
Parameter containing:
tensor(0.9814, device='cuda:0', requires_grad=True)
Parameter containing:
tensor(0.9814, device='cuda:0', requires_grad=True)
Parameter containing:
tensor(0.9814, device='cuda:0', requires_grad=True)
Parameter containing:
tensor(0.9814, device='cuda:0', requires_grad=True)
Parameter containing:
tensor(0.9814, device='cuda:0', requires_grad=True)
Parameter containing:
tensor(0.9814, device='cuda:0', requires_grad=True)
Parameter containing:
tensor(0.9814, device='cuda:0', requires_grad=True)
Parameter containing:
tensor(0.9814, device='cuda:0', requires_grad=True)
Parameter containing:
tensor(0.9814, device='cuda:0', requires_grad=True)
Parameter containing:
tensor(0.9814, device='cuda:0', requires_grad=True)
Parameter containing:
tensor(0.9814, device='cuda:0', requires_grad=True)
Parameter containing:
tensor(0.9814, device='cuda:0', requires_grad=True)
Parameter containing:
tensor(0.9814, device='cuda:0', requires_grad=True)
Parameter containing:
tensor(0.9814, device='cuda:0', requires_grad=True)
Parameter containing:
tensor(0.9814, device='cuda:0', requires_grad=True)
Parameter containing:
tensor(0.9814, device='cuda:0', requires_grad=True)
Parameter containing:
tensor(0.9814, device='cuda:0', requires_grad=True)
Parameter containing:
tensor(0.9814, device='cuda:0', requires_grad=True)
Parameter containing:
tensor(0.9814, device='cuda:0', requires_grad=True)
Parameter containing:
tensor(0.9814, device='cuda:0', requires_grad=True)
Parameter containing:
tensor(0.9814, device='cuda:0', requires_grad=True)
Parameter containing:
tensor(0.9814, device='cuda:0', requires_grad=True)
Parameter containing:
tensor(0.9813, device='cuda:0', requires_grad=True)
Parameter containing:
tensor(0.9813, device='cuda:0', requires_grad=True)
Parameter containing:
tensor(0.9813, device='cuda:0', requires_grad=True)
Parameter containing:
tensor(0.9813, device='cuda:0', requires_grad=True)
Parameter containing:
tensor(0.9813, device='cuda:0', requires_grad=True)
Parameter containing:
tensor(0.9813, device='cuda:0', requires_grad=True)
Parameter containing:
tensor(0.9813, device='cuda:0', requires_grad=True)
Parameter containing:
tensor(0.9813, device='cuda:0', requires_grad=True)
Parameter containing:
tensor(0.9813, device='cuda:0', requires_grad=True)
Parameter containing:
tensor(0.9813, device='cuda:0', requires_grad=True)
Parameter containing:
tensor(0.9813, device='cuda:0', requires_grad=True)
Parameter containing:
tensor(0.9813, device='cuda:0', requires_grad=True)
Parameter containing:
tensor(0.9813, device='cuda:0', requires_grad=True)
Parameter containing:
tensor(0.9813, device='cuda:0', requires_grad=True)
Parameter containing:
tensor(0.9813, device='cuda:0', requires_grad=True)
Parameter containing:
tensor(0.9813, device='cuda:0', requires_grad=True)
Parameter containing:
tensor(0.9813, device='cuda:0', requires_grad=True)
Parameter containing:
tensor(0.9813, device='cuda:0', requires_grad=True)
Parameter containing:
tensor(0.9813, device='cuda:0', requires_grad=True)
Parameter containing:
tensor(0.9813, device='cuda:0', requires_grad=True)
Parameter containing:
tensor(0.9813, device='cuda:0', requires_grad=True)
Parameter containing:
tensor(0.9812, device='cuda:0', requires_grad=True)
Parameter containing:
tensor(0.9810, device='cuda:0', requires_grad=True)
Parameter containing:
tensor(0.9808, device='cuda:0', requires_grad=True)
Parameter containing:
tensor(0.9806, device='cuda:0', requires_grad=True)
Parameter containing:
tensor(0.9806, device='cuda:0', requires_grad=True)
Parameter containing:
tensor(0.9806, device='cuda:0', requires_grad=True)
Parameter containing:
tensor(0.9806, device='cuda:0', requires_grad=True)
Parameter containing:
tensor(0.9806, device='cuda:0', requires_grad=True)
Parameter containing:
tensor(0.9806, device='cuda:0', requires_grad=True)
Parameter containing:
tensor(0.9806, device='cuda:0', requires_grad=True)
Parameter containing:
tensor(0.9806, device='cuda:0', requires_grad=True)
Parameter containing:
tensor(0.9806, device='cuda:0', requires_grad=True)
Parameter containing:
tensor(0.9806, device='cuda:0', requires_grad=True)
Parameter containing:
tensor(0.9806, device='cuda:0', requires_grad=True)
Parameter containing:
tensor(0.9806, device='cuda:0', requires_grad=True)
Parameter containing:
tensor(0.9806, device='cuda:0', requires_grad=True)
Parameter containing:
tensor(0.9806, device='cuda:0', requires_grad=True)
Parameter containing:
tensor(0.9806, device='cuda:0', requires_grad=True)
Parameter containing:
tensor(0.9806, device='cuda:0', requires_grad=True)
Parameter containing:
tensor(0.9806, device='cuda:0', requires_grad=True)
Parameter containing:
tensor(0.9806, device='cuda:0', requires_grad=True)
Parameter containing:
tensor(0.9806, device='cuda:0', requires_grad=True)
Parameter containing:
tensor(0.9806, device='cuda:0', requires_grad=True)
Parameter containing:
tensor(0.9806, device='cuda:0', requires_grad=True)
Parameter containing:
tensor(0.9806, device='cuda:0', requires_grad=True)
Parameter containing:
tensor(0.9806, device='cuda:0', requires_grad=True)
Parameter containing:
tensor(0.9806, device='cuda:0', requires_grad=True)
Parameter containing:
tensor(0.9806, device='cuda:0', requires_grad=True)
Parameter containing:
tensor(0.9806, device='cuda:0', requires_grad=True)
Parameter containing:
tensor(0.9806, device='cuda:0', requires_grad=True)
Parameter containing:
tensor(0.9806, device='cuda:0', requires_grad=True)
Parameter containing:
tensor(0.9806, device='cuda:0', requires_grad=True)
Parameter containing:
tensor(0.9806, device='cuda:0', requires_grad=True)
Parameter containing:
tensor(0.9806, device='cuda:0', requires_grad=True)
Parameter containing:
tensor(0.9806, device='cuda:0', requires_grad=True)
Parameter containing:
tensor(0.9806, device='cuda:0', requires_grad=True)
Parameter containing:
tensor(0.9806, device='cuda:0', requires_grad=True)
Parameter containing:
tensor(0.9805, device='cuda:0', requires_grad=True)
Parameter containing:
tensor(0.9805, device='cuda:0', requires_grad=True)
Parameter containing:
tensor(0.9805, device='cuda:0', requires_grad=True)
Parameter containing:
tensor(0.9805, device='cuda:0', requires_grad=True)
Parameter containing:
tensor(0.9805, device='cuda:0', requires_grad=True)
Parameter containing:
tensor(0.9805, device='cuda:0', requires_grad=True)
Parameter containing:
tensor(0.9805, device='cuda:0', requires_grad=True)
Parameter containing:
tensor(0.9805, device='cuda:0', requires_grad=True)
Parameter containing:
tensor(0.9805, device='cuda:0', requires_grad=True)
Parameter containing:
tensor(0.9805, device='cuda:0', requires_grad=True)
Parameter containing:
tensor(0.9805, device='cuda:0', requires_grad=True)
Parameter containing:
tensor(0.9805, device='cuda:0', requires_grad=True)
Parameter containing:
tensor(0.9799, device='cuda:0', requires_grad=True)
Parameter containing:
tensor(0.9799, device='cuda:0', requires_grad=True)
Parameter containing:
tensor(0.9799, device='cuda:0', requires_grad=True)
Parameter containing:
tensor(0.9799, device='cuda:0', requires_grad=True)
Parameter containing:
tensor(0.9799, device='cuda:0', requires_grad=True)
Parameter containing:
tensor(0.9799, device='cuda:0', requires_grad=True)
Parameter containing:
tensor(0.9799, device='cuda:0', requires_grad=True)
Parameter containing:
tensor(0.9799, device='cuda:0', requires_grad=True)
Parameter containing:
tensor(0.9799, device='cuda:0', requires_grad=True)
Parameter containing:
tensor(0.9799, device='cuda:0', requires_grad=True)
Parameter containing:
tensor(0.9799, device='cuda:0', requires_grad=True)
Parameter containing:
tensor(0.9799, device='cuda:0', requires_grad=True)
Parameter containing:
tensor(0.9799, device='cuda:0', requires_grad=True)
Parameter containing:
tensor(0.9799, device='cuda:0', requires_grad=True)
Parameter containing:
tensor(0.9799, device='cuda:0', requires_grad=True)
Parameter containing:
tensor(0.9799, device='cuda:0', requires_grad=True)
Parameter containing:
tensor(0.9799, device='cuda:0', requires_grad=True)
Parameter containing:
tensor(0.9799, device='cuda:0', requires_grad=True)
Parameter containing:
tensor(0.9799, device='cuda:0', requires_grad=True)
Parameter containing:
tensor(0.9799, device='cuda:0', requires_grad=True)
Parameter containing:
tensor(0.9799, device='cuda:0', requires_grad=True)
Parameter containing:
tensor(0.9799, device='cuda:0', requires_grad=True)
Parameter containing:
tensor(0.9799, device='cuda:0', requires_grad=True)
Parameter containing:
tensor(0.9799, device='cuda:0', requires_grad=True)
Parameter containing:
tensor(0.9799, device='cuda:0', requires_grad=True)
Parameter containing:
tensor(0.9799, device='cuda:0', requires_grad=True)
Parameter containing:
tensor(0.9799, device='cuda:0', requires_grad=True)
Parameter containing:
tensor(0.9799, device='cuda:0', requires_grad=True)
Parameter containing:
tensor(0.9799, device='cuda:0', requires_grad=True)
Parameter containing:
tensor(0.9799, device='cuda:0', requires_grad=True)
Parameter containing:
tensor(0.9799, device='cuda:0', requires_grad=True)
Parameter containing:
tensor(0.9799, device='cuda:0', requires_grad=True)
Parameter containing:
tensor(0.9799, device='cuda:0', requires_grad=True)
Parameter containing:
tensor(0.9799, device='cuda:0', requires_grad=True)
Parameter containing:
tensor(0.9799, device='cuda:0', requires_grad=True)
Parameter containing:
tensor(0.9799, device='cuda:0', requires_grad=True)
Parameter containing:
tensor(0.9799, device='cuda:0', requires_grad=True)
Parameter containing:
tensor(0.9799, device='cuda:0', requires_grad=True)
Parameter containing:
tensor(0.9799, device='cuda:0', requires_grad=True)
Parameter containing:
tensor(0.9799, device='cuda:0', requires_grad=True)
Parameter containing:
tensor(0.9799, device='cuda:0', requires_grad=True)
Parameter containing:
tensor(0.9799, device='cuda:0', requires_grad=True)
Parameter containing:
tensor(0.9799, device='cuda:0', requires_grad=True)
Parameter containing:
tensor(0.9799, device='cuda:0', requires_grad=True)
Parameter containing:
tensor(0.9799, device='cuda:0', requires_grad=True)
Parameter containing:
tensor(0.9799, device='cuda:0', requires_grad=True)
Parameter containing:
tensor(0.9799, device='cuda:0', requires_grad=True)
Parameter containing:
tensor(0.9799, device='cuda:0', requires_grad=True)
Parameter containing:
tensor(0.9799, device='cuda:0', requires_grad=True)
Parameter containing:
tensor(0.9799, device='cuda:0', requires_grad=True)
Parameter containing:
tensor(0.9799, device='cuda:0', requires_grad=True)
Parameter containing:
tensor(0.9799, device='cuda:0', requires_grad=True)
Parameter containing:
tensor(0.9799, device='cuda:0', requires_grad=True)
Parameter containing:
tensor(0.9799, device='cuda:0', requires_grad=True)
Parameter containing:
tensor(0.9799, device='cuda:0', requires_grad=True)
Parameter containing:
tensor(0.9798, device='cuda:0', requires_grad=True)
Parameter containing:
tensor(0.9798, device='cuda:0', requires_grad=True)
Parameter containing:
tensor(0.9798, device='cuda:0', requires_grad=True)
Parameter containing:
tensor(0.9798, device='cuda:0', requires_grad=True)
Parameter containing:
tensor(0.9798, device='cuda:0', requires_grad=True)
Parameter containing:
tensor(0.9798, device='cuda:0', requires_grad=True)
Parameter containing:
tensor(0.9798, device='cuda:0', requires_grad=True)
Parameter containing:
tensor(0.9798, device='cuda:0', requires_grad=True)
Parameter containing:
tensor(0.9798, device='cuda:0', requires_grad=True)
Parameter containing:
tensor(0.9798, device='cuda:0', requires_grad=True)
Parameter containing:
tensor(0.9798, device='cuda:0', requires_grad=True)
Parameter containing:
tensor(0.9798, device='cuda:0', requires_grad=True)
Parameter containing:
tensor(0.9798, device='cuda:0', requires_grad=True)
Parameter containing:
tensor(0.9798, device='cuda:0', requires_grad=True)
Parameter containing:
tensor(0.9798, device='cuda:0', requires_grad=True)
Parameter containing:
tensor(0.9798, device='cuda:0', requires_grad=True)
Parameter containing:
tensor(0.9798, device='cuda:0', requires_grad=True)
Parameter containing:
tensor(0.9798, device='cuda:0', requires_grad=True)
Parameter containing:
tensor(0.9798, device='cuda:0', requires_grad=True)
Parameter containing:
tensor(0.9798, device='cuda:0', requires_grad=True)
Parameter containing:
tensor(0.9798, device='cuda:0', requires_grad=True)
Parameter containing:
tensor(0.9798, device='cuda:0', requires_grad=True)
Parameter containing:
tensor(0.9798, device='cuda:0', requires_grad=True)
Parameter containing:
tensor(0.9798, device='cuda:0', requires_grad=True)
Parameter containing:
tensor(0.9798, device='cuda:0', requires_grad=True)
Parameter containing:
tensor(0.9798, device='cuda:0', requires_grad=True)
Parameter containing:
tensor(0.9798, device='cuda:0', requires_grad=True)
Parameter containing:
tensor(0.9798, device='cuda:0', requires_grad=True)
Parameter containing:
tensor(0.9798, device='cuda:0', requires_grad=True)
Parameter containing:
tensor(0.9798, device='cuda:0', requires_grad=True)
Parameter containing:
tensor(0.9798, device='cuda:0', requires_grad=True)
Parameter containing:
tensor(0.9798, device='cuda:0', requires_grad=True)
Parameter containing:
tensor(0.9798, device='cuda:0', requires_grad=True)
Parameter containing:
tensor(0.9798, device='cuda:0', requires_grad=True)
Parameter containing:
tensor(0.9798, device='cuda:0', requires_grad=True)
Parameter containing:
tensor(0.9798, device='cuda:0', requires_grad=True)
Parameter containing:
tensor(0.9798, device='cuda:0', requires_grad=True)
Parameter containing:
tensor(0.9798, device='cuda:0', requires_grad=True)
Parameter containing:
tensor(0.9798, device='cuda:0', requires_grad=True)
Parameter containing:
tensor(0.9798, device='cuda:0', requires_grad=True)
Parameter containing:
tensor(0.9798, device='cuda:0', requires_grad=True)
Parameter containing:
tensor(0.9798, device='cuda:0', requires_grad=True)
Parameter containing:
tensor(0.9798, device='cuda:0', requires_grad=True)
Parameter containing:
tensor(0.9798, device='cuda:0', requires_grad=True)
Parameter containing:
tensor(0.9798, device='cuda:0', requires_grad=True)
Parameter containing:
tensor(0.9798, device='cuda:0', requires_grad=True)
Parameter containing:
tensor(0.9798, device='cuda:0', requires_grad=True)
Parameter containing:
tensor(0.9798, device='cuda:0', requires_grad=True)
Parameter containing:
tensor(0.9798, device='cuda:0', requires_grad=True)
Parameter containing:
tensor(0.9798, device='cuda:0', requires_grad=True)
Parameter containing:
tensor(0.9798, device='cuda:0', requires_grad=True)
Parameter containing:
tensor(0.9798, device='cuda:0', requires_grad=True)
Parameter containing:
tensor(0.9798, device='cuda:0', requires_grad=True)
Parameter containing:
tensor(0.9798, device='cuda:0', requires_grad=True)
Parameter containing:
tensor(0.9798, device='cuda:0', requires_grad=True)
Parameter containing:
tensor(0.9798, device='cuda:0', requires_grad=True)
Parameter containing:
tensor(0.9798, device='cuda:0', requires_grad=True)
Parameter containing:
tensor(0.9798, device='cuda:0', requires_grad=True)
Parameter containing:
tensor(0.9798, device='cuda:0', requires_grad=True)
Parameter containing:
tensor(0.9798, device='cuda:0', requires_grad=True)
Parameter containing:
tensor(0.9798, device='cuda:0', requires_grad=True)
Parameter containing:
tensor(0.9798, device='cuda:0', requires_grad=True)
Parameter containing:
tensor(0.9798, device='cuda:0', requires_grad=True)
Parameter containing:
tensor(0.9798, device='cuda:0', requires_grad=True)
Parameter containing:
tensor(0.9798, device='cuda:0', requires_grad=True)
Parameter containing:
tensor(0.9798, device='cuda:0', requires_grad=True)
Parameter containing:
tensor(0.9798, device='cuda:0', requires_grad=True)
Parameter containing:
tensor(0.9798, device='cuda:0', requires_grad=True)
Parameter containing:
tensor(0.9798, device='cuda:0', requires_grad=True)
Parameter containing:
tensor(0.9798, device='cuda:0', requires_grad=True)
Parameter containing:
tensor(0.9798, device='cuda:0', requires_grad=True)
Parameter containing:
tensor(0.9798, device='cuda:0', requires_grad=True)
Parameter containing:
tensor(0.9798, device='cuda:0', requires_grad=True)
Parameter containing:
tensor(0.9798, device='cuda:0', requires_grad=True)
Parameter containing:
tensor(0.9798, device='cuda:0', requires_grad=True)
Parameter containing:
tensor(0.9798, device='cuda:0', requires_grad=True)
Parameter containing:
tensor(0.9798, device='cuda:0', requires_grad=True)
Parameter containing:
tensor(0.9798, device='cuda:0', requires_grad=True)
Parameter containing:
tensor(0.9798, device='cuda:0', requires_grad=True)
Parameter containing:
tensor(0.9798, device='cuda:0', requires_grad=True)
Parameter containing:
tensor(0.9798, device='cuda:0', requires_grad=True)
Parameter containing:
tensor(0.9798, device='cuda:0', requires_grad=True)
Parameter containing:
tensor(0.9798, device='cuda:0', requires_grad=True)
Parameter containing:
tensor(0.9797, device='cuda:0', requires_grad=True)
Parameter containing:
tensor(0.9797, device='cuda:0', requires_grad=True)
Parameter containing:
tensor(0.9796, device='cuda:0', requires_grad=True)
Parameter containing:
tensor(0.9796, device='cuda:0', requires_grad=True)
Parameter containing:
tensor(0.9796, device='cuda:0', requires_grad=True)
Parameter containing:
tensor(0.9796, device='cuda:0', requires_grad=True)
Parameter containing:
tensor(0.9796, device='cuda:0', requires_grad=True)
Parameter containing:
tensor(0.9796, device='cuda:0', requires_grad=True)
Parameter containing:
tensor(0.9796, device='cuda:0', requires_grad=True)
Parameter containing:
tensor(0.9795, device='cuda:0', requires_grad=True)
Parameter containing:
tensor(0.9795, device='cuda:0', requires_grad=True)
Parameter containing:
tensor(0.9795, device='cuda:0', requires_grad=True)
Parameter containing:
tensor(0.9795, device='cuda:0', requires_grad=True)
Parameter containing:
tensor(0.9795, device='cuda:0', requires_grad=True)
Parameter containing:
tensor(0.9795, device='cuda:0', requires_grad=True)
Parameter containing:
tensor(0.9795, device='cuda:0', requires_grad=True)
Parameter containing:
tensor(0.9795, device='cuda:0', requires_grad=True)
Parameter containing:
tensor(0.9795, device='cuda:0', requires_grad=True)
Parameter containing:
tensor(0.9795, device='cuda:0', requires_grad=True)
Parameter containing:
tensor(0.9795, device='cuda:0', requires_grad=True)
Parameter containing:
tensor(0.9795, device='cuda:0', requires_grad=True)
Parameter containing:
tensor(0.9795, device='cuda:0', requires_grad=True)
Parameter containing:
tensor(0.9795, device='cuda:0', requires_grad=True)
Parameter containing:
tensor(0.9795, device='cuda:0', requires_grad=True)
Parameter containing:
tensor(0.9795, device='cuda:0', requires_grad=True)
Parameter containing:
tensor(0.9795, device='cuda:0', requires_grad=True)
Parameter containing:
tensor(0.9795, device='cuda:0', requires_grad=True)
Parameter containing:
tensor(0.9795, device='cuda:0', requires_grad=True)
Parameter containing:
tensor(0.9795, device='cuda:0', requires_grad=True)
Parameter containing:
tensor(0.9795, device='cuda:0', requires_grad=True)
Parameter containing:
tensor(0.9795, device='cuda:0', requires_grad=True)
Parameter containing:
tensor(0.9795, device='cuda:0', requires_grad=True)
Parameter containing:
tensor(0.9795, device='cuda:0', requires_grad=True)
Parameter containing:
tensor(0.9795, device='cuda:0', requires_grad=True)
Parameter containing:
tensor(0.9795, device='cuda:0', requires_grad=True)
Parameter containing:
tensor(0.9795, device='cuda:0', requires_grad=True)
Parameter containing:
tensor(0.9795, device='cuda:0', requires_grad=True)
Parameter containing:
tensor(0.9795, device='cuda:0', requires_grad=True)
Parameter containing:
tensor(0.9795, device='cuda:0', requires_grad=True)
Parameter containing:
tensor(0.9795, device='cuda:0', requires_grad=True)
Parameter containing:
tensor(0.9795, device='cuda:0', requires_grad=True)
Parameter containing:
tensor(0.9795, device='cuda:0', requires_grad=True)
Parameter containing:
tensor(0.9795, device='cuda:0', requires_grad=True)
Parameter containing:
tensor(0.9795, device='cuda:0', requires_grad=True)
Parameter containing:
tensor(0.9795, device='cuda:0', requires_grad=True)
Parameter containing:
tensor(0.9795, device='cuda:0', requires_grad=True)
Parameter containing:
tensor(0.9795, device='cuda:0', requires_grad=True)
Parameter containing:
tensor(0.9795, device='cuda:0', requires_grad=True)
Parameter containing:
tensor(0.9795, device='cuda:0', requires_grad=True)
Parameter containing:
tensor(0.9795, device='cuda:0', requires_grad=True)
Parameter containing:
tensor(0.9795, device='cuda:0', requires_grad=True)
Parameter containing:
tensor(0.9795, device='cuda:0', requires_grad=True)
Parameter containing:
tensor(0.9795, device='cuda:0', requires_grad=True)
Parameter containing:
tensor(0.9795, device='cuda:0', requires_grad=True)
Parameter containing:
tensor(0.9795, device='cuda:0', requires_grad=True)
Parameter containing:
tensor(0.9795, device='cuda:0', requires_grad=True)
Parameter containing:
tensor(0.9794, device='cuda:0', requires_grad=True)
Parameter containing:
tensor(0.9794, device='cuda:0', requires_grad=True)
Parameter containing:
tensor(0.9794, device='cuda:0', requires_grad=True)
Parameter containing:
tensor(0.9794, device='cuda:0', requires_grad=True)
Parameter containing:
tensor(0.9794, device='cuda:0', requires_grad=True)
Parameter containing:
tensor(0.9794, device='cuda:0', requires_grad=True)
Parameter containing:
tensor(0.9794, device='cuda:0', requires_grad=True)
Parameter containing:
tensor(0.9794, device='cuda:0', requires_grad=True)
Parameter containing:
tensor(0.9794, device='cuda:0', requires_grad=True)
Parameter containing:
tensor(0.9794, device='cuda:0', requires_grad=True)
Parameter containing:
tensor(0.9794, device='cuda:0', requires_grad=True)
Parameter containing:
tensor(0.9794, device='cuda:0', requires_grad=True)
Parameter containing:
tensor(0.9794, device='cuda:0', requires_grad=True)
Parameter containing:
tensor(0.9794, device='cuda:0', requires_grad=True)
Parameter containing:
tensor(0.9794, device='cuda:0', requires_grad=True)
Parameter containing:
tensor(0.9794, device='cuda:0', requires_grad=True)
Parameter containing:
tensor(0.9794, device='cuda:0', requires_grad=True)
Parameter containing:
tensor(0.9794, device='cuda:0', requires_grad=True)
Parameter containing:
tensor(0.9794, device='cuda:0', requires_grad=True)
Parameter containing:
tensor(0.9794, device='cuda:0', requires_grad=True)
Parameter containing:
tensor(0.9794, device='cuda:0', requires_grad=True)
Parameter containing:
tensor(0.9794, device='cuda:0', requires_grad=True)
Parameter containing:
tensor(0.9794, device='cuda:0', requires_grad=True)
Parameter containing:
tensor(0.9794, device='cuda:0', requires_grad=True)
Parameter containing:
tensor(0.9794, device='cuda:0', requires_grad=True)
Parameter containing:
tensor(0.9794, device='cuda:0', requires_grad=True)
Parameter containing:
tensor(0.9794, device='cuda:0', requires_grad=True)
Parameter containing:
tensor(0.9794, device='cuda:0', requires_grad=True)
Parameter containing:
tensor(0.9794, device='cuda:0', requires_grad=True)
Parameter containing:
tensor(0.9794, device='cuda:0', requires_grad=True)
Parameter containing:
tensor(0.9794, device='cuda:0', requires_grad=True)
Parameter containing:
tensor(0.9794, device='cuda:0', requires_grad=True)
Parameter containing:
tensor(0.9794, device='cuda:0', requires_grad=True)
Parameter containing:
tensor(0.9794, device='cuda:0', requires_grad=True)
Parameter containing:
tensor(0.9794, device='cuda:0', requires_grad=True)
Parameter containing:
tensor(0.9794, device='cuda:0', requires_grad=True)
Parameter containing:
tensor(0.9794, device='cuda:0', requires_grad=True)
Parameter containing:
tensor(0.9794, device='cuda:0', requires_grad=True)
Parameter containing:
tensor(0.9794, device='cuda:0', requires_grad=True)
Parameter containing:
tensor(0.9794, device='cuda:0', requires_grad=True)
Parameter containing:
tensor(0.9794, device='cuda:0', requires_grad=True)
Parameter containing:
tensor(0.9794, device='cuda:0', requires_grad=True)
Parameter containing:
tensor(0.9794, device='cuda:0', requires_grad=True)
Parameter containing:
tensor(0.9794, device='cuda:0', requires_grad=True)
Parameter containing:
tensor(0.9794, device='cuda:0', requires_grad=True)
Parameter containing:
tensor(0.9794, device='cuda:0', requires_grad=True)
Parameter containing:
tensor(0.9794, device='cuda:0', requires_grad=True)
Parameter containing:
tensor(0.9794, device='cuda:0', requires_grad=True)
Parameter containing:
tensor(0.9794, device='cuda:0', requires_grad=True)
Parameter containing:
tensor(0.9794, device='cuda:0', requires_grad=True)
Parameter containing:
tensor(0.9794, device='cuda:0', requires_grad=True)
Parameter containing:
tensor(0.9794, device='cuda:0', requires_grad=True)
Parameter containing:
tensor(0.9794, device='cuda:0', requires_grad=True)
Parameter containing:
tensor(0.9794, device='cuda:0', requires_grad=True)
Parameter containing:
tensor(0.9794, device='cuda:0', requires_grad=True)
Parameter containing:
tensor(0.9794, device='cuda:0', requires_grad=True)
Parameter containing:
tensor(0.9794, device='cuda:0', requires_grad=True)
Parameter containing:
tensor(0.9794, device='cuda:0', requires_grad=True)
Parameter containing:
tensor(0.9794, device='cuda:0', requires_grad=True)
Parameter containing:
tensor(0.9794, device='cuda:0', requires_grad=True)
Parameter containing:
tensor(0.9793, device='cuda:0', requires_grad=True)
Parameter containing:
tensor(0.9793, device='cuda:0', requires_grad=True)
Parameter containing:
tensor(0.9793, device='cuda:0', requires_grad=True)
Parameter containing:
tensor(0.9793, device='cuda:0', requires_grad=True)
Parameter containing:
tensor(0.9793, device='cuda:0', requires_grad=True)
Parameter containing:
tensor(0.9793, device='cuda:0', requires_grad=True)
Parameter containing:
tensor(0.9793, device='cuda:0', requires_grad=True)
Parameter containing:
tensor(0.9793, device='cuda:0', requires_grad=True)
Parameter containing:
tensor(0.9793, device='cuda:0', requires_grad=True)
Parameter containing:
tensor(0.9793, device='cuda:0', requires_grad=True)
Parameter containing:
tensor(0.9793, device='cuda:0', requires_grad=True)
Parameter containing:
tensor(0.9793, device='cuda:0', requires_grad=True)
Parameter containing:
tensor(0.9793, device='cuda:0', requires_grad=True)
Parameter containing:
tensor(0.9793, device='cuda:0', requires_grad=True)
Parameter containing:
tensor(0.9793, device='cuda:0', requires_grad=True)
Parameter containing:
tensor(0.9793, device='cuda:0', requires_grad=True)
Parameter containing:
tensor(0.9793, device='cuda:0', requires_grad=True)
Parameter containing:
tensor(0.9793, device='cuda:0', requires_grad=True)
Parameter containing:
tensor(0.9793, device='cuda:0', requires_grad=True)
Parameter containing:
tensor(0.9793, device='cuda:0', requires_grad=True)
Parameter containing:
tensor(0.9793, device='cuda:0', requires_grad=True)
Parameter containing:
tensor(0.9793, device='cuda:0', requires_grad=True)
Parameter containing:
tensor(0.9793, device='cuda:0', requires_grad=True)
Parameter containing:
tensor(0.9793, device='cuda:0', requires_grad=True)
Parameter containing:
tensor(0.9793, device='cuda:0', requires_grad=True)
Parameter containing:
tensor(0.9793, device='cuda:0', requires_grad=True)
Parameter containing:
tensor(0.9793, device='cuda:0', requires_grad=True)
Parameter containing:
tensor(0.9793, device='cuda:0', requires_grad=True)
Parameter containing:
tensor(0.9793, device='cuda:0', requires_grad=True)
Parameter containing:
tensor(0.9793, device='cuda:0', requires_grad=True)
Parameter containing:
tensor(0.9793, device='cuda:0', requires_grad=True)
Parameter containing:
tensor(0.9793, device='cuda:0', requires_grad=True)
Parameter containing:
tensor(0.9793, device='cuda:0', requires_grad=True)
Parameter containing:
tensor(0.9793, device='cuda:0', requires_grad=True)
Parameter containing:
tensor(0.9793, device='cuda:0', requires_grad=True)
Parameter containing:
tensor(0.9793, device='cuda:0', requires_grad=True)
Parameter containing:
tensor(0.9793, device='cuda:0', requires_grad=True)
Parameter containing:
tensor(0.9793, device='cuda:0', requires_grad=True)
Parameter containing:
tensor(0.9793, device='cuda:0', requires_grad=True)
Parameter containing:
tensor(0.9793, device='cuda:0', requires_grad=True)
Parameter containing:
tensor(0.9793, device='cuda:0', requires_grad=True)
Parameter containing:
tensor(0.9793, device='cuda:0', requires_grad=True)
Parameter containing:
tensor(0.9793, device='cuda:0', requires_grad=True)
Parameter containing:
tensor(0.9793, device='cuda:0', requires_grad=True)
Parameter containing:
tensor(0.9793, device='cuda:0', requires_grad=True)
Parameter containing:
tensor(0.9793, device='cuda:0', requires_grad=True)
Parameter containing:
tensor(0.9793, device='cuda:0', requires_grad=True)
Parameter containing:
tensor(0.9793, device='cuda:0', requires_grad=True)
Parameter containing:
tensor(0.9793, device='cuda:0', requires_grad=True)
Parameter containing:
tensor(0.9793, device='cuda:0', requires_grad=True)
Parameter containing:
tensor(0.9793, device='cuda:0', requires_grad=True)
Parameter containing:
tensor(0.9793, device='cuda:0', requires_grad=True)
Parameter containing:
tensor(0.9793, device='cuda:0', requires_grad=True)
Parameter containing:
tensor(0.9793, device='cuda:0', requires_grad=True)
Parameter containing:
tensor(0.9793, device='cuda:0', requires_grad=True)
Parameter containing:
tensor(0.9793, device='cuda:0', requires_grad=True)
Parameter containing:
tensor(0.9793, device='cuda:0', requires_grad=True)
Parameter containing:
tensor(0.9793, device='cuda:0', requires_grad=True)
Parameter containing:
tensor(0.9793, device='cuda:0', requires_grad=True)
Parameter containing:
tensor(0.9793, device='cuda:0', requires_grad=True)
Parameter containing:
tensor(0.9793, device='cuda:0', requires_grad=True)
Parameter containing:
tensor(0.9793, device='cuda:0', requires_grad=True)
Parameter containing:
tensor(0.9793, device='cuda:0', requires_grad=True)
Parameter containing:
tensor(0.9793, device='cuda:0', requires_grad=True)
Parameter containing:
tensor(0.9793, device='cuda:0', requires_grad=True)
Parameter containing:
tensor(0.9793, device='cuda:0', requires_grad=True)
Parameter containing:
tensor(0.9793, device='cuda:0', requires_grad=True)
Parameter containing:
tensor(0.9793, device='cuda:0', requires_grad=True)
Parameter containing:
tensor(0.9793, device='cuda:0', requires_grad=True)
Parameter containing:
tensor(0.9793, device='cuda:0', requires_grad=True)
Parameter containing:
tensor(0.9793, device='cuda:0', requires_grad=True)
Parameter containing:
tensor(0.9793, device='cuda:0', requires_grad=True)
Parameter containing:
tensor(0.9793, device='cuda:0', requires_grad=True)
Parameter containing:
tensor(0.9793, device='cuda:0', requires_grad=True)
Parameter containing:
tensor(0.9793, device='cuda:0', requires_grad=True)
Parameter containing:
tensor(0.9793, device='cuda:0', requires_grad=True)
Parameter containing:
tensor(0.9793, device='cuda:0', requires_grad=True)
Parameter containing:
tensor(0.9793, device='cuda:0', requires_grad=True)
Parameter containing:
tensor(0.9793, device='cuda:0', requires_grad=True)
Parameter containing:
tensor(0.9793, device='cuda:0', requires_grad=True)
Parameter containing:
tensor(0.9793, device='cuda:0', requires_grad=True)
Parameter containing:
tensor(0.9793, device='cuda:0', requires_grad=True)
Parameter containing:
tensor(0.9793, device='cuda:0', requires_grad=True)
Parameter containing:
tensor(0.9793, device='cuda:0', requires_grad=True)
Parameter containing:
tensor(0.9793, device='cuda:0', requires_grad=True)
Parameter containing:
tensor(0.9793, device='cuda:0', requires_grad=True)
Parameter containing:
tensor(0.9793, device='cuda:0', requires_grad=True)
Parameter containing:
tensor(0.9793, device='cuda:0', requires_grad=True)
Parameter containing:
tensor(0.9793, device='cuda:0', requires_grad=True)
Parameter containing:
tensor(0.9793, device='cuda:0', requires_grad=True)
Parameter containing:
tensor(0.9793, device='cuda:0', requires_grad=True)
Parameter containing:
tensor(0.9793, device='cuda:0', requires_grad=True)
Parameter containing:
tensor(0.9793, device='cuda:0', requires_grad=True)
Parameter containing:
tensor(0.9793, device='cuda:0', requires_grad=True)
Parameter containing:
tensor(0.9793, device='cuda:0', requires_grad=True)
Parameter containing:
tensor(0.9793, device='cuda:0', requires_grad=True)
Parameter containing:
tensor(0.9793, device='cuda:0', requires_grad=True)
Parameter containing:
tensor(0.9793, device='cuda:0', requires_grad=True)
Parameter containing:
tensor(0.9793, device='cuda:0', requires_grad=True)
Parameter containing:
tensor(0.9793, device='cuda:0', requires_grad=True)
Parameter containing:
tensor(0.9793, device='cuda:0', requires_grad=True)
Parameter containing:
tensor(0.9793, device='cuda:0', requires_grad=True)
Parameter containing:
tensor(0.9793, device='cuda:0', requires_grad=True)
Parameter containing:
tensor(0.9793, device='cuda:0', requires_grad=True)
Parameter containing:
tensor(0.9793, device='cuda:0', requires_grad=True)
Parameter containing:
tensor(0.9793, device='cuda:0', requires_grad=True)
Parameter containing:
tensor(0.9793, device='cuda:0', requires_grad=True)
Parameter containing:
tensor(0.9793, device='cuda:0', requires_grad=True)
Parameter containing:
tensor(0.9793, device='cuda:0', requires_grad=True)
Parameter containing:
tensor(0.9793, device='cuda:0', requires_grad=True)
Parameter containing:
tensor(0.9793, device='cuda:0', requires_grad=True)
Parameter containing:
tensor(0.9793, device='cuda:0', requires_grad=True)
Parameter containing:
tensor(0.9793, device='cuda:0', requires_grad=True)
Parameter containing:
tensor(0.9793, device='cuda:0', requires_grad=True)
Parameter containing:
tensor(0.9793, device='cuda:0', requires_grad=True)
Parameter containing:
tensor(0.9793, device='cuda:0', requires_grad=True)
Parameter containing:
tensor(0.9793, device='cuda:0', requires_grad=True)
Parameter containing:
tensor(0.9793, device='cuda:0', requires_grad=True)
Parameter containing:
tensor(0.9793, device='cuda:0', requires_grad=True)
Parameter containing:
tensor(0.9793, device='cuda:0', requires_grad=True)
Parameter containing:
tensor(0.9793, device='cuda:0', requires_grad=True)
Parameter containing:
tensor(0.9793, device='cuda:0', requires_grad=True)
Parameter containing:
tensor(0.9793, device='cuda:0', requires_grad=True)
Parameter containing:
tensor(0.9793, device='cuda:0', requires_grad=True)
Parameter containing:
tensor(0.9793, device='cuda:0', requires_grad=True)
Parameter containing:
tensor(0.9793, device='cuda:0', requires_grad=True)
Parameter containing:
tensor(0.9793, device='cuda:0', requires_grad=True)
Parameter containing:
tensor(0.9793, device='cuda:0', requires_grad=True)
Parameter containing:
tensor(0.9793, device='cuda:0', requires_grad=True)
Parameter containing:
tensor(0.9793, device='cuda:0', requires_grad=True)
Parameter containing:
tensor(0.9793, device='cuda:0', requires_grad=True)
Parameter containing:
tensor(0.9793, device='cuda:0', requires_grad=True)
Parameter containing:
tensor(0.9793, device='cuda:0', requires_grad=True)
Parameter containing:
tensor(0.9793, device='cuda:0', requires_grad=True)
Parameter containing:
tensor(0.9793, device='cuda:0', requires_grad=True)
Parameter containing:
tensor(0.9793, device='cuda:0', requires_grad=True)
Parameter containing:
tensor(0.9793, device='cuda:0', requires_grad=True)
Parameter containing:
tensor(0.9793, device='cuda:0', requires_grad=True)
Parameter containing:
tensor(0.9793, device='cuda:0', requires_grad=True)
Parameter containing:
tensor(0.9793, device='cuda:0', requires_grad=True)
Parameter containing:
tensor(0.9793, device='cuda:0', requires_grad=True)
Parameter containing:
tensor(0.9793, device='cuda:0', requires_grad=True)
Parameter containing:
tensor(0.9793, device='cuda:0', requires_grad=True)
Parameter containing:
tensor(0.9793, device='cuda:0', requires_grad=True)
Parameter containing:
tensor(0.9793, device='cuda:0', requires_grad=True)
Parameter containing:
tensor(0.9793, device='cuda:0', requires_grad=True)
Parameter containing:
tensor(0.9793, device='cuda:0', requires_grad=True)
Parameter containing:
tensor(0.9793, device='cuda:0', requires_grad=True)
Parameter containing:
tensor(0.9793, device='cuda:0', requires_grad=True)
Parameter containing:
tensor(0.9793, device='cuda:0', requires_grad=True)
Parameter containing:
tensor(0.9793, device='cuda:0', requires_grad=True)
Parameter containing:
tensor(0.9793, device='cuda:0', requires_grad=True)
Parameter containing:
tensor(0.9793, device='cuda:0', requires_grad=True)
Parameter containing:
tensor(0.9793, device='cuda:0', requires_grad=True)
Parameter containing:
tensor(0.9793, device='cuda:0', requires_grad=True)
Parameter containing:
tensor(0.9793, device='cuda:0', requires_grad=True)
Parameter containing:
tensor(0.9793, device='cuda:0', requires_grad=True)
Parameter containing:
tensor(0.9793, device='cuda:0', requires_grad=True)
Parameter containing:
tensor(0.9793, device='cuda:0', requires_grad=True)
Parameter containing:
tensor(0.9793, device='cuda:0', requires_grad=True)
Parameter containing:
tensor(0.9793, device='cuda:0', requires_grad=True)
Parameter containing:
tensor(0.9793, device='cuda:0', requires_grad=True)
Parameter containing:
tensor(0.9793, device='cuda:0', requires_grad=True)
Parameter containing:
tensor(0.9793, device='cuda:0', requires_grad=True)
Parameter containing:
tensor(0.9793, device='cuda:0', requires_grad=True)
Parameter containing:
tensor(0.9793, device='cuda:0', requires_grad=True)
Parameter containing:
tensor(0.9793, device='cuda:0', requires_grad=True)
Parameter containing:
tensor(0.9793, device='cuda:0', requires_grad=True)
Parameter containing:
tensor(0.9793, device='cuda:0', requires_grad=True)
Parameter containing:
tensor(0.9793, device='cuda:0', requires_grad=True)
Parameter containing:
tensor(0.9793, device='cuda:0', requires_grad=True)
Parameter containing:
tensor(0.9793, device='cuda:0', requires_grad=True)
Parameter containing:
tensor(0.9793, device='cuda:0', requires_grad=True)
Parameter containing:
tensor(0.9793, device='cuda:0', requires_grad=True)
Parameter containing:
tensor(0.9793, device='cuda:0', requires_grad=True)
Parameter containing:
tensor(0.9793, device='cuda:0', requires_grad=True)
Parameter containing:
tensor(0.9793, device='cuda:0', requires_grad=True)
Parameter containing:
tensor(0.9793, device='cuda:0', requires_grad=True)
Parameter containing:
tensor(0.9793, device='cuda:0', requires_grad=True)
Parameter containing:
tensor(0.9793, device='cuda:0', requires_grad=True)
Parameter containing:
tensor(0.9793, device='cuda:0', requires_grad=True)
Parameter containing:
tensor(0.9793, device='cuda:0', requires_grad=True)
Parameter containing:
tensor(0.9793, device='cuda:0', requires_grad=True)
Parameter containing:
tensor(0.9793, device='cuda:0', requires_grad=True)
Parameter containing:
tensor(0.9793, device='cuda:0', requires_grad=True)
Parameter containing:
tensor(0.9793, device='cuda:0', requires_grad=True)
Parameter containing:
tensor(0.9793, device='cuda:0', requires_grad=True)
Parameter containing:
tensor(0.9793, device='cuda:0', requires_grad=True)
Parameter containing:
tensor(0.9793, device='cuda:0', requires_grad=True)
Parameter containing:
tensor(0.9793, device='cuda:0', requires_grad=True)
Parameter containing:
tensor(0.9793, device='cuda:0', requires_grad=True)
Parameter containing:
tensor(0.9793, device='cuda:0', requires_grad=True)
Parameter containing:
tensor(0.9793, device='cuda:0', requires_grad=True)
Parameter containing:
tensor(0.9793, device='cuda:0', requires_grad=True)
Parameter containing:
tensor(0.9793, device='cuda:0', requires_grad=True)
Parameter containing:
tensor(0.9793, device='cuda:0', requires_grad=True)
Parameter containing:
tensor(0.9793, device='cuda:0', requires_grad=True)
Parameter containing:
tensor(0.9793, device='cuda:0', requires_grad=True)
Parameter containing:
tensor(0.9793, device='cuda:0', requires_grad=True)
Parameter containing:
tensor(0.9793, device='cuda:0', requires_grad=True)
Parameter containing:
tensor(0.9793, device='cuda:0', requires_grad=True)
Parameter containing:
tensor(0.9793, device='cuda:0', requires_grad=True)
Parameter containing:
tensor(0.9793, device='cuda:0', requires_grad=True)
Parameter containing:
tensor(0.9793, device='cuda:0', requires_grad=True)
Parameter containing:
tensor(0.9793, device='cuda:0', requires_grad=True)
Parameter containing:
tensor(0.9793, device='cuda:0', requires_grad=True)
Parameter containing:
tensor(0.9793, device='cuda:0', requires_grad=True)
Parameter containing:
tensor(0.9793, device='cuda:0', requires_grad=True)
Parameter containing:
tensor(0.9793, device='cuda:0', requires_grad=True)
Parameter containing:
tensor(0.9793, device='cuda:0', requires_grad=True)
Parameter containing:
tensor(0.9793, device='cuda:0', requires_grad=True)
Parameter containing:
tensor(0.9793, device='cuda:0', requires_grad=True)
Parameter containing:
tensor(0.9793, device='cuda:0', requires_grad=True)
Parameter containing:
tensor(0.9793, device='cuda:0', requires_grad=True)


PS:

Read file <14805165.stderr> for stderr output of this job.

