Sender: LSF System <lsfadmin@lt01>
Subject: Job 14830698: <_gp_TAGConv> in cluster <lila> Done

Job <_gp_TAGConv> was submitted from host <lx12> by user <wangy1> in cluster <lila> at Wed Jun 10 23:18:29 2020
Job was executed on host(s) <12*lt01>, in queue <gpuqueue>, as user <wangy1> in cluster <lila> at Wed Jun 10 23:18:30 2020
</home/wangy1> was used as the home directory.
</data/chodera/wangyq/pinot/scripts/gp_comparison> was used as the working directory.
Started at Wed Jun 10 23:18:30 2020
Terminated at Wed Jun 10 23:22:09 2020
Results reported at Wed Jun 10 23:22:09 2020

Your job looked like:

------------------------------------------------------------
# LSBATCH: User input
python ../../pinot/app/gp_train.py --layer TAGConv --out _gp_TAGConv --n_epochs 500 --lr 1e-3 --config 32 tanh 32 tanh 32 tanh --lr 1e-3
------------------------------------------------------------

Successfully completed.

Resource usage summary:

    CPU time :                                   653.12 sec.
    Max Memory :                                 2 GB
    Average Memory :                             1.92 GB
    Total Requested Memory :                     48.00 GB
    Delta Memory :                               46.00 GB
    Max Swap :                                   -
    Max Processes :                              3
    Max Threads :                                20
    Run time :                                   220 sec.
    Turnaround time :                            220 sec.

The output (if any) follows:

Parameter containing:
tensor(-3., device='cuda:0', requires_grad=True)
Parameter containing:
tensor(-2.9990, device='cuda:0', requires_grad=True)
Parameter containing:
tensor(-2.9980, device='cuda:0', requires_grad=True)
Parameter containing:
tensor(-2.9970, device='cuda:0', requires_grad=True)
Parameter containing:
tensor(-2.9960, device='cuda:0', requires_grad=True)
Parameter containing:
tensor(-2.9950, device='cuda:0', requires_grad=True)
Parameter containing:
tensor(-2.9940, device='cuda:0', requires_grad=True)
Parameter containing:
tensor(-2.9931, device='cuda:0', requires_grad=True)
Parameter containing:
tensor(-2.9921, device='cuda:0', requires_grad=True)
Parameter containing:
tensor(-2.9911, device='cuda:0', requires_grad=True)
Parameter containing:
tensor(-2.9901, device='cuda:0', requires_grad=True)
Parameter containing:
tensor(-2.9891, device='cuda:0', requires_grad=True)
Parameter containing:
tensor(-2.9881, device='cuda:0', requires_grad=True)
Parameter containing:
tensor(-2.9872, device='cuda:0', requires_grad=True)
Parameter containing:
tensor(-2.9862, device='cuda:0', requires_grad=True)
Parameter containing:
tensor(-2.9852, device='cuda:0', requires_grad=True)
Parameter containing:
tensor(-2.9843, device='cuda:0', requires_grad=True)
Parameter containing:
tensor(-2.9833, device='cuda:0', requires_grad=True)
Parameter containing:
tensor(-2.9824, device='cuda:0', requires_grad=True)
Parameter containing:
tensor(-2.9814, device='cuda:0', requires_grad=True)
Parameter containing:
tensor(-2.9805, device='cuda:0', requires_grad=True)
Parameter containing:
tensor(-2.9796, device='cuda:0', requires_grad=True)
Parameter containing:
tensor(-2.9787, device='cuda:0', requires_grad=True)
Parameter containing:
tensor(-2.9778, device='cuda:0', requires_grad=True)
Parameter containing:
tensor(-2.9769, device='cuda:0', requires_grad=True)
Parameter containing:
tensor(-2.9760, device='cuda:0', requires_grad=True)
Parameter containing:
tensor(-2.9752, device='cuda:0', requires_grad=True)
Parameter containing:
tensor(-2.9743, device='cuda:0', requires_grad=True)
Parameter containing:
tensor(-2.9735, device='cuda:0', requires_grad=True)
Parameter containing:
tensor(-2.9727, device='cuda:0', requires_grad=True)
Parameter containing:
tensor(-2.9719, device='cuda:0', requires_grad=True)
Parameter containing:
tensor(-2.9711, device='cuda:0', requires_grad=True)
Parameter containing:
tensor(-2.9703, device='cuda:0', requires_grad=True)
Parameter containing:
tensor(-2.9695, device='cuda:0', requires_grad=True)
Parameter containing:
tensor(-2.9688, device='cuda:0', requires_grad=True)
Parameter containing:
tensor(-2.9680, device='cuda:0', requires_grad=True)
Parameter containing:
tensor(-2.9673, device='cuda:0', requires_grad=True)
Parameter containing:
tensor(-2.9665, device='cuda:0', requires_grad=True)
Parameter containing:
tensor(-2.9658, device='cuda:0', requires_grad=True)
Parameter containing:
tensor(-2.9651, device='cuda:0', requires_grad=True)
Parameter containing:
tensor(-2.9644, device='cuda:0', requires_grad=True)
Parameter containing:
tensor(-2.9636, device='cuda:0', requires_grad=True)
Parameter containing:
tensor(-2.9629, device='cuda:0', requires_grad=True)
Parameter containing:
tensor(-2.9622, device='cuda:0', requires_grad=True)
Parameter containing:
tensor(-2.9615, device='cuda:0', requires_grad=True)
Parameter containing:
tensor(-2.9608, device='cuda:0', requires_grad=True)
Parameter containing:
tensor(-2.9601, device='cuda:0', requires_grad=True)
Parameter containing:
tensor(-2.9594, device='cuda:0', requires_grad=True)
Parameter containing:
tensor(-2.9588, device='cuda:0', requires_grad=True)
Parameter containing:
tensor(-2.9581, device='cuda:0', requires_grad=True)
Parameter containing:
tensor(-2.9574, device='cuda:0', requires_grad=True)
Parameter containing:
tensor(-2.9567, device='cuda:0', requires_grad=True)
Parameter containing:
tensor(-2.9560, device='cuda:0', requires_grad=True)
Parameter containing:
tensor(-2.9554, device='cuda:0', requires_grad=True)
Parameter containing:
tensor(-2.9547, device='cuda:0', requires_grad=True)
Parameter containing:
tensor(-2.9540, device='cuda:0', requires_grad=True)
Parameter containing:
tensor(-2.9534, device='cuda:0', requires_grad=True)
Parameter containing:
tensor(-2.9527, device='cuda:0', requires_grad=True)
Parameter containing:
tensor(-2.9521, device='cuda:0', requires_grad=True)
Parameter containing:
tensor(-2.9514, device='cuda:0', requires_grad=True)
Parameter containing:
tensor(-2.9508, device='cuda:0', requires_grad=True)
Parameter containing:
tensor(-2.9502, device='cuda:0', requires_grad=True)
Parameter containing:
tensor(-2.9496, device='cuda:0', requires_grad=True)
Parameter containing:
tensor(-2.9489, device='cuda:0', requires_grad=True)
Parameter containing:
tensor(-2.9483, device='cuda:0', requires_grad=True)
Parameter containing:
tensor(-2.9477, device='cuda:0', requires_grad=True)
Parameter containing:
tensor(-2.9472, device='cuda:0', requires_grad=True)
Parameter containing:
tensor(-2.9466, device='cuda:0', requires_grad=True)
Parameter containing:
tensor(-2.9460, device='cuda:0', requires_grad=True)
Parameter containing:
tensor(-2.9454, device='cuda:0', requires_grad=True)
Parameter containing:
tensor(-2.9448, device='cuda:0', requires_grad=True)
Parameter containing:
tensor(-2.9443, device='cuda:0', requires_grad=True)
Parameter containing:
tensor(-2.9437, device='cuda:0', requires_grad=True)
Parameter containing:
tensor(-2.9431, device='cuda:0', requires_grad=True)
Parameter containing:
tensor(-2.9425, device='cuda:0', requires_grad=True)
Parameter containing:
tensor(-2.9420, device='cuda:0', requires_grad=True)
Parameter containing:
tensor(-2.9414, device='cuda:0', requires_grad=True)
Parameter containing:
tensor(-2.9408, device='cuda:0', requires_grad=True)
Parameter containing:
tensor(-2.9402, device='cuda:0', requires_grad=True)
Parameter containing:
tensor(-2.9396, device='cuda:0', requires_grad=True)
Parameter containing:
tensor(-2.9391, device='cuda:0', requires_grad=True)
Parameter containing:
tensor(-2.9385, device='cuda:0', requires_grad=True)
Parameter containing:
tensor(-2.9379, device='cuda:0', requires_grad=True)
Parameter containing:
tensor(-2.9373, device='cuda:0', requires_grad=True)
Parameter containing:
tensor(-2.9368, device='cuda:0', requires_grad=True)
Parameter containing:
tensor(-2.9362, device='cuda:0', requires_grad=True)
Parameter containing:
tensor(-2.9356, device='cuda:0', requires_grad=True)
Parameter containing:
tensor(-2.9351, device='cuda:0', requires_grad=True)
Parameter containing:
tensor(-2.9345, device='cuda:0', requires_grad=True)
Parameter containing:
tensor(-2.9340, device='cuda:0', requires_grad=True)
Parameter containing:
tensor(-2.9334, device='cuda:0', requires_grad=True)
Parameter containing:
tensor(-2.9329, device='cuda:0', requires_grad=True)
Parameter containing:
tensor(-2.9323, device='cuda:0', requires_grad=True)
Parameter containing:
tensor(-2.9318, device='cuda:0', requires_grad=True)
Parameter containing:
tensor(-2.9312, device='cuda:0', requires_grad=True)
Parameter containing:
tensor(-2.9307, device='cuda:0', requires_grad=True)
Parameter containing:
tensor(-2.9301, device='cuda:0', requires_grad=True)
Parameter containing:
tensor(-2.9296, device='cuda:0', requires_grad=True)
Parameter containing:
tensor(-2.9290, device='cuda:0', requires_grad=True)
Parameter containing:
tensor(-2.9285, device='cuda:0', requires_grad=True)
Parameter containing:
tensor(-2.9279, device='cuda:0', requires_grad=True)
Parameter containing:
tensor(-2.9274, device='cuda:0', requires_grad=True)
Parameter containing:
tensor(-2.9268, device='cuda:0', requires_grad=True)
Parameter containing:
tensor(-2.9263, device='cuda:0', requires_grad=True)
Parameter containing:
tensor(-2.9257, device='cuda:0', requires_grad=True)
Parameter containing:
tensor(-2.9252, device='cuda:0', requires_grad=True)
Parameter containing:
tensor(-2.9246, device='cuda:0', requires_grad=True)
Parameter containing:
tensor(-2.9241, device='cuda:0', requires_grad=True)
Parameter containing:
tensor(-2.9235, device='cuda:0', requires_grad=True)
Parameter containing:
tensor(-2.9230, device='cuda:0', requires_grad=True)
Parameter containing:
tensor(-2.9224, device='cuda:0', requires_grad=True)
Parameter containing:
tensor(-2.9219, device='cuda:0', requires_grad=True)
Parameter containing:
tensor(-2.9213, device='cuda:0', requires_grad=True)
Parameter containing:
tensor(-2.9208, device='cuda:0', requires_grad=True)
Parameter containing:
tensor(-2.9202, device='cuda:0', requires_grad=True)
Parameter containing:
tensor(-2.9197, device='cuda:0', requires_grad=True)
Parameter containing:
tensor(-2.9191, device='cuda:0', requires_grad=True)
Parameter containing:
tensor(-2.9186, device='cuda:0', requires_grad=True)
Parameter containing:
tensor(-2.9180, device='cuda:0', requires_grad=True)
Parameter containing:
tensor(-2.9175, device='cuda:0', requires_grad=True)
Parameter containing:
tensor(-2.9170, device='cuda:0', requires_grad=True)
Parameter containing:
tensor(-2.9164, device='cuda:0', requires_grad=True)
Parameter containing:
tensor(-2.9159, device='cuda:0', requires_grad=True)
Parameter containing:
tensor(-2.9153, device='cuda:0', requires_grad=True)
Parameter containing:
tensor(-2.9147, device='cuda:0', requires_grad=True)
Parameter containing:
tensor(-2.9142, device='cuda:0', requires_grad=True)
Parameter containing:
tensor(-2.9136, device='cuda:0', requires_grad=True)
Parameter containing:
tensor(-2.9131, device='cuda:0', requires_grad=True)
Parameter containing:
tensor(-2.9125, device='cuda:0', requires_grad=True)
Parameter containing:
tensor(-2.9120, device='cuda:0', requires_grad=True)
Parameter containing:
tensor(-2.9114, device='cuda:0', requires_grad=True)
Parameter containing:
tensor(-2.9108, device='cuda:0', requires_grad=True)
Parameter containing:
tensor(-2.9103, device='cuda:0', requires_grad=True)
Parameter containing:
tensor(-2.9097, device='cuda:0', requires_grad=True)
Parameter containing:
tensor(-2.9091, device='cuda:0', requires_grad=True)
Parameter containing:
tensor(-2.9086, device='cuda:0', requires_grad=True)
Parameter containing:
tensor(-2.9080, device='cuda:0', requires_grad=True)
Parameter containing:
tensor(-2.9075, device='cuda:0', requires_grad=True)
Parameter containing:
tensor(-2.9069, device='cuda:0', requires_grad=True)
Parameter containing:
tensor(-2.9064, device='cuda:0', requires_grad=True)
Parameter containing:
tensor(-2.9058, device='cuda:0', requires_grad=True)
Parameter containing:
tensor(-2.9053, device='cuda:0', requires_grad=True)
Parameter containing:
tensor(-2.9048, device='cuda:0', requires_grad=True)
Parameter containing:
tensor(-2.9042, device='cuda:0', requires_grad=True)
Parameter containing:
tensor(-2.9037, device='cuda:0', requires_grad=True)
Parameter containing:
tensor(-2.9032, device='cuda:0', requires_grad=True)
Parameter containing:
tensor(-2.9026, device='cuda:0', requires_grad=True)
Parameter containing:
tensor(-2.9021, device='cuda:0', requires_grad=True)
Parameter containing:
tensor(-2.9015, device='cuda:0', requires_grad=True)
Parameter containing:
tensor(-2.9010, device='cuda:0', requires_grad=True)
Parameter containing:
tensor(-2.9005, device='cuda:0', requires_grad=True)
Parameter containing:
tensor(-2.8999, device='cuda:0', requires_grad=True)
Parameter containing:
tensor(-2.8994, device='cuda:0', requires_grad=True)
Parameter containing:
tensor(-2.8989, device='cuda:0', requires_grad=True)
Parameter containing:
tensor(-2.8983, device='cuda:0', requires_grad=True)
Parameter containing:
tensor(-2.8978, device='cuda:0', requires_grad=True)
Parameter containing:
tensor(-2.8973, device='cuda:0', requires_grad=True)
Parameter containing:
tensor(-2.8968, device='cuda:0', requires_grad=True)
Parameter containing:
tensor(-2.8962, device='cuda:0', requires_grad=True)
Parameter containing:
tensor(-2.8957, device='cuda:0', requires_grad=True)
Parameter containing:
tensor(-2.8952, device='cuda:0', requires_grad=True)
Parameter containing:
tensor(-2.8947, device='cuda:0', requires_grad=True)
Parameter containing:
tensor(-2.8941, device='cuda:0', requires_grad=True)
Parameter containing:
tensor(-2.8936, device='cuda:0', requires_grad=True)
Parameter containing:
tensor(-2.8931, device='cuda:0', requires_grad=True)
Parameter containing:
tensor(-2.8925, device='cuda:0', requires_grad=True)
Parameter containing:
tensor(-2.8920, device='cuda:0', requires_grad=True)
Parameter containing:
tensor(-2.8915, device='cuda:0', requires_grad=True)
Parameter containing:
tensor(-2.8909, device='cuda:0', requires_grad=True)
Parameter containing:
tensor(-2.8904, device='cuda:0', requires_grad=True)
Parameter containing:
tensor(-2.8899, device='cuda:0', requires_grad=True)
Parameter containing:
tensor(-2.8894, device='cuda:0', requires_grad=True)
Parameter containing:
tensor(-2.8889, device='cuda:0', requires_grad=True)
Parameter containing:
tensor(-2.8884, device='cuda:0', requires_grad=True)
Parameter containing:
tensor(-2.8879, device='cuda:0', requires_grad=True)
Parameter containing:
tensor(-2.8873, device='cuda:0', requires_grad=True)
Parameter containing:
tensor(-2.8869, device='cuda:0', requires_grad=True)
Parameter containing:
tensor(-2.8864, device='cuda:0', requires_grad=True)
Parameter containing:
tensor(-2.8859, device='cuda:0', requires_grad=True)
Parameter containing:
tensor(-2.8854, device='cuda:0', requires_grad=True)
Parameter containing:
tensor(-2.8850, device='cuda:0', requires_grad=True)
Parameter containing:
tensor(-2.8845, device='cuda:0', requires_grad=True)
Parameter containing:
tensor(-2.8840, device='cuda:0', requires_grad=True)
Parameter containing:
tensor(-2.8835, device='cuda:0', requires_grad=True)
Parameter containing:
tensor(-2.8831, device='cuda:0', requires_grad=True)
Parameter containing:
tensor(-2.8826, device='cuda:0', requires_grad=True)
Parameter containing:
tensor(-2.8821, device='cuda:0', requires_grad=True)
Parameter containing:
tensor(-2.8816, device='cuda:0', requires_grad=True)
Parameter containing:
tensor(-2.8812, device='cuda:0', requires_grad=True)
Parameter containing:
tensor(-2.8807, device='cuda:0', requires_grad=True)
Parameter containing:
tensor(-2.8802, device='cuda:0', requires_grad=True)
Parameter containing:
tensor(-2.8797, device='cuda:0', requires_grad=True)
Parameter containing:
tensor(-2.8792, device='cuda:0', requires_grad=True)
Parameter containing:
tensor(-2.8788, device='cuda:0', requires_grad=True)
Parameter containing:
tensor(-2.8783, device='cuda:0', requires_grad=True)
Parameter containing:
tensor(-2.8778, device='cuda:0', requires_grad=True)
Parameter containing:
tensor(-2.8773, device='cuda:0', requires_grad=True)
Parameter containing:
tensor(-2.8768, device='cuda:0', requires_grad=True)
Parameter containing:
tensor(-2.8763, device='cuda:0', requires_grad=True)
Parameter containing:
tensor(-2.8759, device='cuda:0', requires_grad=True)
Parameter containing:
tensor(-2.8754, device='cuda:0', requires_grad=True)
Parameter containing:
tensor(-2.8749, device='cuda:0', requires_grad=True)
Parameter containing:
tensor(-2.8744, device='cuda:0', requires_grad=True)
Parameter containing:
tensor(-2.8739, device='cuda:0', requires_grad=True)
Parameter containing:
tensor(-2.8734, device='cuda:0', requires_grad=True)
Parameter containing:
tensor(-2.8729, device='cuda:0', requires_grad=True)
Parameter containing:
tensor(-2.8724, device='cuda:0', requires_grad=True)
Parameter containing:
tensor(-2.8720, device='cuda:0', requires_grad=True)
Parameter containing:
tensor(-2.8715, device='cuda:0', requires_grad=True)
Parameter containing:
tensor(-2.8710, device='cuda:0', requires_grad=True)
Parameter containing:
tensor(-2.8705, device='cuda:0', requires_grad=True)
Parameter containing:
tensor(-2.8700, device='cuda:0', requires_grad=True)
Parameter containing:
tensor(-2.8695, device='cuda:0', requires_grad=True)
Parameter containing:
tensor(-2.8691, device='cuda:0', requires_grad=True)
Parameter containing:
tensor(-2.8686, device='cuda:0', requires_grad=True)
Parameter containing:
tensor(-2.8682, device='cuda:0', requires_grad=True)
Parameter containing:
tensor(-2.8678, device='cuda:0', requires_grad=True)
Parameter containing:
tensor(-2.8674, device='cuda:0', requires_grad=True)
Parameter containing:
tensor(-2.8669, device='cuda:0', requires_grad=True)
Parameter containing:
tensor(-2.8665, device='cuda:0', requires_grad=True)
Parameter containing:
tensor(-2.8661, device='cuda:0', requires_grad=True)
Parameter containing:
tensor(-2.8657, device='cuda:0', requires_grad=True)
Parameter containing:
tensor(-2.8653, device='cuda:0', requires_grad=True)
Parameter containing:
tensor(-2.8650, device='cuda:0', requires_grad=True)
Parameter containing:
tensor(-2.8646, device='cuda:0', requires_grad=True)
Parameter containing:
tensor(-2.8642, device='cuda:0', requires_grad=True)
Parameter containing:
tensor(-2.8638, device='cuda:0', requires_grad=True)
Parameter containing:
tensor(-2.8634, device='cuda:0', requires_grad=True)
Parameter containing:
tensor(-2.8630, device='cuda:0', requires_grad=True)
Parameter containing:
tensor(-2.8626, device='cuda:0', requires_grad=True)
Parameter containing:
tensor(-2.8622, device='cuda:0', requires_grad=True)
Parameter containing:
tensor(-2.8619, device='cuda:0', requires_grad=True)
Parameter containing:
tensor(-2.8615, device='cuda:0', requires_grad=True)
Parameter containing:
tensor(-2.8611, device='cuda:0', requires_grad=True)
Parameter containing:
tensor(-2.8607, device='cuda:0', requires_grad=True)
Parameter containing:
tensor(-2.8603, device='cuda:0', requires_grad=True)
Parameter containing:
tensor(-2.8599, device='cuda:0', requires_grad=True)
Parameter containing:
tensor(-2.8595, device='cuda:0', requires_grad=True)
Parameter containing:
tensor(-2.8591, device='cuda:0', requires_grad=True)
Parameter containing:
tensor(-2.8587, device='cuda:0', requires_grad=True)
Parameter containing:
tensor(-2.8583, device='cuda:0', requires_grad=True)
Parameter containing:
tensor(-2.8579, device='cuda:0', requires_grad=True)
Parameter containing:
tensor(-2.8575, device='cuda:0', requires_grad=True)
Parameter containing:
tensor(-2.8572, device='cuda:0', requires_grad=True)
Parameter containing:
tensor(-2.8568, device='cuda:0', requires_grad=True)
Parameter containing:
tensor(-2.8564, device='cuda:0', requires_grad=True)
Parameter containing:
tensor(-2.8560, device='cuda:0', requires_grad=True)
Parameter containing:
tensor(-2.8556, device='cuda:0', requires_grad=True)
Parameter containing:
tensor(-2.8552, device='cuda:0', requires_grad=True)
Parameter containing:
tensor(-2.8548, device='cuda:0', requires_grad=True)
Parameter containing:
tensor(-2.8544, device='cuda:0', requires_grad=True)
Parameter containing:
tensor(-2.8540, device='cuda:0', requires_grad=True)
Parameter containing:
tensor(-2.8536, device='cuda:0', requires_grad=True)
Parameter containing:
tensor(-2.8532, device='cuda:0', requires_grad=True)
Parameter containing:
tensor(-2.8529, device='cuda:0', requires_grad=True)
Parameter containing:
tensor(-2.8525, device='cuda:0', requires_grad=True)
Parameter containing:
tensor(-2.8521, device='cuda:0', requires_grad=True)
Parameter containing:
tensor(-2.8517, device='cuda:0', requires_grad=True)
Parameter containing:
tensor(-2.8513, device='cuda:0', requires_grad=True)
Parameter containing:
tensor(-2.8509, device='cuda:0', requires_grad=True)
Parameter containing:
tensor(-2.8505, device='cuda:0', requires_grad=True)
Parameter containing:
tensor(-2.8501, device='cuda:0', requires_grad=True)
Parameter containing:
tensor(-2.8497, device='cuda:0', requires_grad=True)
Parameter containing:
tensor(-2.8493, device='cuda:0', requires_grad=True)
Parameter containing:
tensor(-2.8489, device='cuda:0', requires_grad=True)
Parameter containing:
tensor(-2.8486, device='cuda:0', requires_grad=True)
Parameter containing:
tensor(-2.8482, device='cuda:0', requires_grad=True)
Parameter containing:
tensor(-2.8478, device='cuda:0', requires_grad=True)
Parameter containing:
tensor(-2.8475, device='cuda:0', requires_grad=True)
Parameter containing:
tensor(-2.8471, device='cuda:0', requires_grad=True)
Parameter containing:
tensor(-2.8467, device='cuda:0', requires_grad=True)
Parameter containing:
tensor(-2.8463, device='cuda:0', requires_grad=True)
Parameter containing:
tensor(-2.8460, device='cuda:0', requires_grad=True)
Parameter containing:
tensor(-2.8456, device='cuda:0', requires_grad=True)
Parameter containing:
tensor(-2.8452, device='cuda:0', requires_grad=True)
Parameter containing:
tensor(-2.8449, device='cuda:0', requires_grad=True)
Parameter containing:
tensor(-2.8445, device='cuda:0', requires_grad=True)
Parameter containing:
tensor(-2.8441, device='cuda:0', requires_grad=True)
Parameter containing:
tensor(-2.8437, device='cuda:0', requires_grad=True)
Parameter containing:
tensor(-2.8434, device='cuda:0', requires_grad=True)
Parameter containing:
tensor(-2.8430, device='cuda:0', requires_grad=True)
Parameter containing:
tensor(-2.8426, device='cuda:0', requires_grad=True)
Parameter containing:
tensor(-2.8422, device='cuda:0', requires_grad=True)
Parameter containing:
tensor(-2.8419, device='cuda:0', requires_grad=True)
Parameter containing:
tensor(-2.8415, device='cuda:0', requires_grad=True)
Parameter containing:
tensor(-2.8411, device='cuda:0', requires_grad=True)
Parameter containing:
tensor(-2.8408, device='cuda:0', requires_grad=True)
Parameter containing:
tensor(-2.8404, device='cuda:0', requires_grad=True)
Parameter containing:
tensor(-2.8400, device='cuda:0', requires_grad=True)
Parameter containing:
tensor(-2.8396, device='cuda:0', requires_grad=True)
Parameter containing:
tensor(-2.8393, device='cuda:0', requires_grad=True)
Parameter containing:
tensor(-2.8389, device='cuda:0', requires_grad=True)
Parameter containing:
tensor(-2.8385, device='cuda:0', requires_grad=True)
Parameter containing:
tensor(-2.8382, device='cuda:0', requires_grad=True)
Parameter containing:
tensor(-2.8378, device='cuda:0', requires_grad=True)
Parameter containing:
tensor(-2.8375, device='cuda:0', requires_grad=True)
Parameter containing:
tensor(-2.8371, device='cuda:0', requires_grad=True)
Parameter containing:
tensor(-2.8368, device='cuda:0', requires_grad=True)
Parameter containing:
tensor(-2.8364, device='cuda:0', requires_grad=True)
Parameter containing:
tensor(-2.8361, device='cuda:0', requires_grad=True)
Parameter containing:
tensor(-2.8357, device='cuda:0', requires_grad=True)
Parameter containing:
tensor(-2.8354, device='cuda:0', requires_grad=True)
Parameter containing:
tensor(-2.8350, device='cuda:0', requires_grad=True)
Parameter containing:
tensor(-2.8346, device='cuda:0', requires_grad=True)
Parameter containing:
tensor(-2.8343, device='cuda:0', requires_grad=True)
Parameter containing:
tensor(-2.8339, device='cuda:0', requires_grad=True)
Parameter containing:
tensor(-2.8336, device='cuda:0', requires_grad=True)
Parameter containing:
tensor(-2.8333, device='cuda:0', requires_grad=True)
Parameter containing:
tensor(-2.8329, device='cuda:0', requires_grad=True)
Parameter containing:
tensor(-2.8326, device='cuda:0', requires_grad=True)
Parameter containing:
tensor(-2.8322, device='cuda:0', requires_grad=True)
Parameter containing:
tensor(-2.8319, device='cuda:0', requires_grad=True)
Parameter containing:
tensor(-2.8316, device='cuda:0', requires_grad=True)
Parameter containing:
tensor(-2.8312, device='cuda:0', requires_grad=True)
Parameter containing:
tensor(-2.8309, device='cuda:0', requires_grad=True)
Parameter containing:
tensor(-2.8305, device='cuda:0', requires_grad=True)
Parameter containing:
tensor(-2.8302, device='cuda:0', requires_grad=True)
Parameter containing:
tensor(-2.8298, device='cuda:0', requires_grad=True)
Parameter containing:
tensor(-2.8295, device='cuda:0', requires_grad=True)
Parameter containing:
tensor(-2.8292, device='cuda:0', requires_grad=True)
Parameter containing:
tensor(-2.8289, device='cuda:0', requires_grad=True)
Parameter containing:
tensor(-2.8286, device='cuda:0', requires_grad=True)
Parameter containing:
tensor(-2.8283, device='cuda:0', requires_grad=True)
Parameter containing:
tensor(-2.8279, device='cuda:0', requires_grad=True)
Parameter containing:
tensor(-2.8276, device='cuda:0', requires_grad=True)
Parameter containing:
tensor(-2.8273, device='cuda:0', requires_grad=True)
Parameter containing:
tensor(-2.8270, device='cuda:0', requires_grad=True)
Parameter containing:
tensor(-2.8267, device='cuda:0', requires_grad=True)
Parameter containing:
tensor(-2.8263, device='cuda:0', requires_grad=True)
Parameter containing:
tensor(-2.8260, device='cuda:0', requires_grad=True)
Parameter containing:
tensor(-2.8257, device='cuda:0', requires_grad=True)
Parameter containing:
tensor(-2.8253, device='cuda:0', requires_grad=True)
Parameter containing:
tensor(-2.8250, device='cuda:0', requires_grad=True)
Parameter containing:
tensor(-2.8247, device='cuda:0', requires_grad=True)
Parameter containing:
tensor(-2.8244, device='cuda:0', requires_grad=True)
Parameter containing:
tensor(-2.8241, device='cuda:0', requires_grad=True)
Parameter containing:
tensor(-2.8238, device='cuda:0', requires_grad=True)
Parameter containing:
tensor(-2.8235, device='cuda:0', requires_grad=True)
Parameter containing:
tensor(-2.8232, device='cuda:0', requires_grad=True)
Parameter containing:
tensor(-2.8229, device='cuda:0', requires_grad=True)
Parameter containing:
tensor(-2.8226, device='cuda:0', requires_grad=True)
Parameter containing:
tensor(-2.8223, device='cuda:0', requires_grad=True)
Parameter containing:
tensor(-2.8220, device='cuda:0', requires_grad=True)
Parameter containing:
tensor(-2.8217, device='cuda:0', requires_grad=True)
Parameter containing:
tensor(-2.8213, device='cuda:0', requires_grad=True)
Parameter containing:
tensor(-2.8210, device='cuda:0', requires_grad=True)
Parameter containing:
tensor(-2.8207, device='cuda:0', requires_grad=True)
Parameter containing:
tensor(-2.8204, device='cuda:0', requires_grad=True)
Parameter containing:
tensor(-2.8201, device='cuda:0', requires_grad=True)
Parameter containing:
tensor(-2.8198, device='cuda:0', requires_grad=True)
Parameter containing:
tensor(-2.8194, device='cuda:0', requires_grad=True)
Parameter containing:
tensor(-2.8191, device='cuda:0', requires_grad=True)
Parameter containing:
tensor(-2.8189, device='cuda:0', requires_grad=True)
Parameter containing:
tensor(-2.8185, device='cuda:0', requires_grad=True)
Parameter containing:
tensor(-2.8182, device='cuda:0', requires_grad=True)
Parameter containing:
tensor(-2.8179, device='cuda:0', requires_grad=True)
Parameter containing:
tensor(-2.8176, device='cuda:0', requires_grad=True)
Parameter containing:
tensor(-2.8173, device='cuda:0', requires_grad=True)
Parameter containing:
tensor(-2.8171, device='cuda:0', requires_grad=True)
Parameter containing:
tensor(-2.8168, device='cuda:0', requires_grad=True)
Parameter containing:
tensor(-2.8165, device='cuda:0', requires_grad=True)
Parameter containing:
tensor(-2.8162, device='cuda:0', requires_grad=True)
Parameter containing:
tensor(-2.8160, device='cuda:0', requires_grad=True)
Parameter containing:
tensor(-2.8157, device='cuda:0', requires_grad=True)
Parameter containing:
tensor(-2.8155, device='cuda:0', requires_grad=True)
Parameter containing:
tensor(-2.8152, device='cuda:0', requires_grad=True)
Parameter containing:
tensor(-2.8150, device='cuda:0', requires_grad=True)
Parameter containing:
tensor(-2.8147, device='cuda:0', requires_grad=True)
Parameter containing:
tensor(-2.8145, device='cuda:0', requires_grad=True)
Parameter containing:
tensor(-2.8142, device='cuda:0', requires_grad=True)
Parameter containing:
tensor(-2.8140, device='cuda:0', requires_grad=True)
Parameter containing:
tensor(-2.8138, device='cuda:0', requires_grad=True)
Parameter containing:
tensor(-2.8135, device='cuda:0', requires_grad=True)
Parameter containing:
tensor(-2.8133, device='cuda:0', requires_grad=True)
Parameter containing:
tensor(-2.8131, device='cuda:0', requires_grad=True)
Parameter containing:
tensor(-2.8128, device='cuda:0', requires_grad=True)
Parameter containing:
tensor(-2.8126, device='cuda:0', requires_grad=True)
Parameter containing:
tensor(-2.8123, device='cuda:0', requires_grad=True)
Parameter containing:
tensor(-2.8121, device='cuda:0', requires_grad=True)
Parameter containing:
tensor(-2.8119, device='cuda:0', requires_grad=True)
Parameter containing:
tensor(-2.8117, device='cuda:0', requires_grad=True)
Parameter containing:
tensor(-2.8115, device='cuda:0', requires_grad=True)
Parameter containing:
tensor(-2.8112, device='cuda:0', requires_grad=True)
Parameter containing:
tensor(-2.8110, device='cuda:0', requires_grad=True)
Parameter containing:
tensor(-2.8108, device='cuda:0', requires_grad=True)
Parameter containing:
tensor(-2.8107, device='cuda:0', requires_grad=True)
Parameter containing:
tensor(-2.8105, device='cuda:0', requires_grad=True)
Parameter containing:
tensor(-2.8103, device='cuda:0', requires_grad=True)
Parameter containing:
tensor(-2.8101, device='cuda:0', requires_grad=True)
Parameter containing:
tensor(-2.8099, device='cuda:0', requires_grad=True)
Parameter containing:
tensor(-2.8097, device='cuda:0', requires_grad=True)
Parameter containing:
tensor(-2.8095, device='cuda:0', requires_grad=True)
Parameter containing:
tensor(-2.8093, device='cuda:0', requires_grad=True)
Parameter containing:
tensor(-2.8091, device='cuda:0', requires_grad=True)
Parameter containing:
tensor(-2.8089, device='cuda:0', requires_grad=True)
Parameter containing:
tensor(-2.8087, device='cuda:0', requires_grad=True)
Parameter containing:
tensor(-2.8085, device='cuda:0', requires_grad=True)
Parameter containing:
tensor(-2.8083, device='cuda:0', requires_grad=True)
Parameter containing:
tensor(-2.8081, device='cuda:0', requires_grad=True)
Parameter containing:
tensor(-2.8079, device='cuda:0', requires_grad=True)
Parameter containing:
tensor(-2.8076, device='cuda:0', requires_grad=True)
Parameter containing:
tensor(-2.8074, device='cuda:0', requires_grad=True)
Parameter containing:
tensor(-2.8071, device='cuda:0', requires_grad=True)
Parameter containing:
tensor(-2.8069, device='cuda:0', requires_grad=True)
Parameter containing:
tensor(-2.8067, device='cuda:0', requires_grad=True)
Parameter containing:
tensor(-2.8065, device='cuda:0', requires_grad=True)
Parameter containing:
tensor(-2.8063, device='cuda:0', requires_grad=True)
Parameter containing:
tensor(-2.8062, device='cuda:0', requires_grad=True)
Parameter containing:
tensor(-2.8060, device='cuda:0', requires_grad=True)
Parameter containing:
tensor(-2.8059, device='cuda:0', requires_grad=True)
Parameter containing:
tensor(-2.8057, device='cuda:0', requires_grad=True)
Parameter containing:
tensor(-2.8056, device='cuda:0', requires_grad=True)
Parameter containing:
tensor(-2.8054, device='cuda:0', requires_grad=True)
Parameter containing:
tensor(-2.8053, device='cuda:0', requires_grad=True)
Parameter containing:
tensor(-2.8051, device='cuda:0', requires_grad=True)
Parameter containing:
tensor(-2.8050, device='cuda:0', requires_grad=True)
Parameter containing:
tensor(-2.8048, device='cuda:0', requires_grad=True)
Parameter containing:
tensor(-2.8047, device='cuda:0', requires_grad=True)
Parameter containing:
tensor(-2.8046, device='cuda:0', requires_grad=True)
Parameter containing:
tensor(-2.8044, device='cuda:0', requires_grad=True)
Parameter containing:
tensor(-2.8043, device='cuda:0', requires_grad=True)
Parameter containing:
tensor(-2.8041, device='cuda:0', requires_grad=True)
Parameter containing:
tensor(-2.8040, device='cuda:0', requires_grad=True)
Parameter containing:
tensor(-2.8038, device='cuda:0', requires_grad=True)
Parameter containing:
tensor(-2.8036, device='cuda:0', requires_grad=True)
Parameter containing:
tensor(-2.8034, device='cuda:0', requires_grad=True)
Parameter containing:
tensor(-2.8032, device='cuda:0', requires_grad=True)
Parameter containing:
tensor(-2.8030, device='cuda:0', requires_grad=True)
Parameter containing:
tensor(-2.8028, device='cuda:0', requires_grad=True)
Parameter containing:
tensor(-2.8026, device='cuda:0', requires_grad=True)
Parameter containing:
tensor(-2.8024, device='cuda:0', requires_grad=True)
Parameter containing:
tensor(-2.8023, device='cuda:0', requires_grad=True)
Parameter containing:
tensor(-2.8021, device='cuda:0', requires_grad=True)
Parameter containing:
tensor(-2.8019, device='cuda:0', requires_grad=True)
Parameter containing:
tensor(-2.8017, device='cuda:0', requires_grad=True)
Parameter containing:
tensor(-2.8015, device='cuda:0', requires_grad=True)
Parameter containing:
tensor(-2.8013, device='cuda:0', requires_grad=True)
Parameter containing:
tensor(-2.8012, device='cuda:0', requires_grad=True)
Parameter containing:
tensor(-2.8010, device='cuda:0', requires_grad=True)
Parameter containing:
tensor(-2.8008, device='cuda:0', requires_grad=True)
Parameter containing:
tensor(-2.8007, device='cuda:0', requires_grad=True)
Parameter containing:
tensor(-2.8006, device='cuda:0', requires_grad=True)
Parameter containing:
tensor(-2.8004, device='cuda:0', requires_grad=True)
Parameter containing:
tensor(-2.8003, device='cuda:0', requires_grad=True)
Parameter containing:
tensor(-2.8002, device='cuda:0', requires_grad=True)
Parameter containing:
tensor(-2.8001, device='cuda:0', requires_grad=True)
Parameter containing:
tensor(-2.7999, device='cuda:0', requires_grad=True)
Parameter containing:
tensor(-2.7998, device='cuda:0', requires_grad=True)
Parameter containing:
tensor(-2.7997, device='cuda:0', requires_grad=True)
Parameter containing:
tensor(-2.7996, device='cuda:0', requires_grad=True)
Parameter containing:
tensor(-2.7995, device='cuda:0', requires_grad=True)
Parameter containing:
tensor(-2.7994, device='cuda:0', requires_grad=True)
Parameter containing:
tensor(-2.7993, device='cuda:0', requires_grad=True)
Parameter containing:
tensor(-2.7992, device='cuda:0', requires_grad=True)
Parameter containing:
tensor(-2.7991, device='cuda:0', requires_grad=True)
Parameter containing:
tensor(-2.7989, device='cuda:0', requires_grad=True)
Parameter containing:
tensor(-2.7988, device='cuda:0', requires_grad=True)
Parameter containing:
tensor(-2.7987, device='cuda:0', requires_grad=True)
Parameter containing:
tensor(-2.7986, device='cuda:0', requires_grad=True)
Parameter containing:
tensor(-2.7985, device='cuda:0', requires_grad=True)
Parameter containing:
tensor(-2.7983, device='cuda:0', requires_grad=True)
Parameter containing:
tensor(-2.7981, device='cuda:0', requires_grad=True)
Parameter containing:
tensor(-2.7980, device='cuda:0', requires_grad=True)
Parameter containing:
tensor(-2.7978, device='cuda:0', requires_grad=True)
Parameter containing:
tensor(-2.7977, device='cuda:0', requires_grad=True)
Parameter containing:
tensor(-2.7975, device='cuda:0', requires_grad=True)
Parameter containing:
tensor(-2.7974, device='cuda:0', requires_grad=True)
Parameter containing:
tensor(-2.7972, device='cuda:0', requires_grad=True)
Parameter containing:
tensor(-2.7971, device='cuda:0', requires_grad=True)
Parameter containing:
tensor(-2.7969, device='cuda:0', requires_grad=True)
Parameter containing:
tensor(-2.7968, device='cuda:0', requires_grad=True)
Parameter containing:
tensor(-2.7966, device='cuda:0', requires_grad=True)
Parameter containing:
tensor(-2.7965, device='cuda:0', requires_grad=True)
Parameter containing:
tensor(-2.7964, device='cuda:0', requires_grad=True)
Parameter containing:
tensor(-2.7963, device='cuda:0', requires_grad=True)
Parameter containing:
tensor(-2.7961, device='cuda:0', requires_grad=True)
Parameter containing:
tensor(-2.7960, device='cuda:0', requires_grad=True)
Parameter containing:
tensor(-2.7959, device='cuda:0', requires_grad=True)
Parameter containing:
tensor(-2.7957, device='cuda:0', requires_grad=True)
Parameter containing:
tensor(-2.7956, device='cuda:0', requires_grad=True)
Parameter containing:
tensor(-2.7954, device='cuda:0', requires_grad=True)
Parameter containing:
tensor(-2.7953, device='cuda:0', requires_grad=True)
Parameter containing:
tensor(-2.7952, device='cuda:0', requires_grad=True)
Parameter containing:
tensor(-2.7951, device='cuda:0', requires_grad=True)
Parameter containing:
tensor(-2.7950, device='cuda:0', requires_grad=True)
Parameter containing:
tensor(-2.7949, device='cuda:0', requires_grad=True)
Parameter containing:
tensor(-2.7948, device='cuda:0', requires_grad=True)
Parameter containing:
tensor(-2.7947, device='cuda:0', requires_grad=True)
Parameter containing:
tensor(-2.7946, device='cuda:0', requires_grad=True)
Parameter containing:
tensor(-2.7945, device='cuda:0', requires_grad=True)
Parameter containing:
tensor(-2.7944, device='cuda:0', requires_grad=True)
Parameter containing:
tensor(-2.7943, device='cuda:0', requires_grad=True)
Parameter containing:
tensor(-2.7942, device='cuda:0', requires_grad=True)
Parameter containing:
tensor(-2.7941, device='cuda:0', requires_grad=True)
Parameter containing:
tensor(-2.7940, device='cuda:0', requires_grad=True)
Parameter containing:
tensor(-2.7939, device='cuda:0', requires_grad=True)
Parameter containing:
tensor(-2.7937, device='cuda:0', requires_grad=True)
Parameter containing:
tensor(-2.7936, device='cuda:0', requires_grad=True)
Parameter containing:
tensor(-2.7934, device='cuda:0', requires_grad=True)
Parameter containing:
tensor(-2.7933, device='cuda:0', requires_grad=True)


PS:

Read file <14830698.stderr> for stderr output of this job.

