Sender: LSF System <lsfadmin@ls01>
Subject: Job 14788380: <_gp_adam_SAGEConv_1e-6> in cluster <lila> Done

Job <_gp_adam_SAGEConv_1e-6> was submitted from host <lx08> by user <wangy1> in cluster <lila> at Tue Jun  2 12:52:18 2020
Job was executed on host(s) <12*ls01>, in queue <gpuqueue>, as user <wangy1> in cluster <lila> at Tue Jun  2 12:52:18 2020
</home/wangy1> was used as the home directory.
</data/chodera/wangyq/pinot/scripts/gp_comparison> was used as the working directory.
Started at Tue Jun  2 12:52:18 2020
Terminated at Tue Jun  2 13:03:00 2020
Results reported at Tue Jun  2 13:03:00 2020

Your job looked like:

------------------------------------------------------------
# LSBATCH: User input
python ../../pinot/app/gp_train.py --layer SAGEConv --optimizer adam --lr 1e-6 --out _gp_adam_SAGEConv_1e-6 --n_epochs 1000
------------------------------------------------------------

Successfully completed.

Resource usage summary:

    CPU time :                                   1195.11 sec.
    Max Memory :                                 2 GB
    Average Memory :                             1.98 GB
    Total Requested Memory :                     48.00 GB
    Delta Memory :                               46.00 GB
    Max Swap :                                   -
    Max Processes :                              3
    Max Threads :                                20
    Run time :                                   642 sec.
    Turnaround time :                            642 sec.

The output (if any) follows:



PS:

Read file <14788380.stderr> for stderr output of this job.

