Sender: LSF System <lsfadmin@lu03>
Subject: Job 14836105: <_gp_80> in cluster <lila> Done

Job <_gp_80> was submitted from host <ls14> by user <wangy1> in cluster <lila> at Thu Jun 11 19:30:08 2020
Job was executed on host(s) <12*lu03>, in queue <gpuqueue>, as user <wangy1> in cluster <lila> at Thu Jun 11 19:30:09 2020
</home/wangy1> was used as the home directory.
</data/chodera/wangyq/pinot/scripts/gp_split> was used as the working directory.
Started at Thu Jun 11 19:30:09 2020
Terminated at Thu Jun 11 19:33:05 2020
Results reported at Thu Jun 11 19:33:05 2020

Your job looked like:

------------------------------------------------------------
# LSBATCH: User input
python ../../pinot/app/gp_train.py --layer GraphConv --out _gp_80 --n_epochs 500 --lr 1e-3 --config 32 tanh 32 tanh 32 tanh --lr 1e-3 --partition 80:20
------------------------------------------------------------

Successfully completed.

Resource usage summary:

    CPU time :                                   456.52 sec.
    Max Memory :                                 2 GB
    Average Memory :                             1.88 GB
    Total Requested Memory :                     48.00 GB
    Delta Memory :                               46.00 GB
    Max Swap :                                   -
    Max Processes :                              3
    Max Threads :                                20
    Run time :                                   178 sec.
    Turnaround time :                            177 sec.

The output (if any) follows:

Parameter containing:
tensor(-3., device='cuda:0', requires_grad=True)
Parameter containing:
tensor(-2.9990, device='cuda:0', requires_grad=True)
Parameter containing:
tensor(-2.9980, device='cuda:0', requires_grad=True)
Parameter containing:
tensor(-2.9971, device='cuda:0', requires_grad=True)
Parameter containing:
tensor(-2.9961, device='cuda:0', requires_grad=True)
Parameter containing:
tensor(-2.9952, device='cuda:0', requires_grad=True)
Parameter containing:
tensor(-2.9944, device='cuda:0', requires_grad=True)
Parameter containing:
tensor(-2.9935, device='cuda:0', requires_grad=True)
Parameter containing:
tensor(-2.9927, device='cuda:0', requires_grad=True)
Parameter containing:
tensor(-2.9918, device='cuda:0', requires_grad=True)
Parameter containing:
tensor(-2.9910, device='cuda:0', requires_grad=True)
Parameter containing:
tensor(-2.9902, device='cuda:0', requires_grad=True)
Parameter containing:
tensor(-2.9894, device='cuda:0', requires_grad=True)
Parameter containing:
tensor(-2.9886, device='cuda:0', requires_grad=True)
Parameter containing:
tensor(-2.9878, device='cuda:0', requires_grad=True)
Parameter containing:
tensor(-2.9870, device='cuda:0', requires_grad=True)
Parameter containing:
tensor(-2.9862, device='cuda:0', requires_grad=True)
Parameter containing:
tensor(-2.9853, device='cuda:0', requires_grad=True)
Parameter containing:
tensor(-2.9845, device='cuda:0', requires_grad=True)
Parameter containing:
tensor(-2.9837, device='cuda:0', requires_grad=True)
Parameter containing:
tensor(-2.9829, device='cuda:0', requires_grad=True)
Parameter containing:
tensor(-2.9821, device='cuda:0', requires_grad=True)
Parameter containing:
tensor(-2.9813, device='cuda:0', requires_grad=True)
Parameter containing:
tensor(-2.9804, device='cuda:0', requires_grad=True)
Parameter containing:
tensor(-2.9796, device='cuda:0', requires_grad=True)
Parameter containing:
tensor(-2.9788, device='cuda:0', requires_grad=True)
Parameter containing:
tensor(-2.9779, device='cuda:0', requires_grad=True)
Parameter containing:
tensor(-2.9771, device='cuda:0', requires_grad=True)
Parameter containing:
tensor(-2.9762, device='cuda:0', requires_grad=True)
Parameter containing:
tensor(-2.9753, device='cuda:0', requires_grad=True)
Parameter containing:
tensor(-2.9745, device='cuda:0', requires_grad=True)
Parameter containing:
tensor(-2.9736, device='cuda:0', requires_grad=True)
Parameter containing:
tensor(-2.9728, device='cuda:0', requires_grad=True)
Parameter containing:
tensor(-2.9719, device='cuda:0', requires_grad=True)
Parameter containing:
tensor(-2.9710, device='cuda:0', requires_grad=True)
Parameter containing:
tensor(-2.9702, device='cuda:0', requires_grad=True)
Parameter containing:
tensor(-2.9693, device='cuda:0', requires_grad=True)
Parameter containing:
tensor(-2.9684, device='cuda:0', requires_grad=True)
Parameter containing:
tensor(-2.9676, device='cuda:0', requires_grad=True)
Parameter containing:
tensor(-2.9667, device='cuda:0', requires_grad=True)
Parameter containing:
tensor(-2.9659, device='cuda:0', requires_grad=True)
Parameter containing:
tensor(-2.9650, device='cuda:0', requires_grad=True)
Parameter containing:
tensor(-2.9641, device='cuda:0', requires_grad=True)
Parameter containing:
tensor(-2.9633, device='cuda:0', requires_grad=True)
Parameter containing:
tensor(-2.9624, device='cuda:0', requires_grad=True)
Parameter containing:
tensor(-2.9616, device='cuda:0', requires_grad=True)
Parameter containing:
tensor(-2.9607, device='cuda:0', requires_grad=True)
Parameter containing:
tensor(-2.9599, device='cuda:0', requires_grad=True)
Parameter containing:
tensor(-2.9590, device='cuda:0', requires_grad=True)
Parameter containing:
tensor(-2.9582, device='cuda:0', requires_grad=True)
Parameter containing:
tensor(-2.9573, device='cuda:0', requires_grad=True)
Parameter containing:
tensor(-2.9565, device='cuda:0', requires_grad=True)
Parameter containing:
tensor(-2.9556, device='cuda:0', requires_grad=True)
Parameter containing:
tensor(-2.9548, device='cuda:0', requires_grad=True)
Parameter containing:
tensor(-2.9539, device='cuda:0', requires_grad=True)
Parameter containing:
tensor(-2.9531, device='cuda:0', requires_grad=True)
Parameter containing:
tensor(-2.9522, device='cuda:0', requires_grad=True)
Parameter containing:
tensor(-2.9514, device='cuda:0', requires_grad=True)
Parameter containing:
tensor(-2.9505, device='cuda:0', requires_grad=True)
Parameter containing:
tensor(-2.9497, device='cuda:0', requires_grad=True)
Parameter containing:
tensor(-2.9488, device='cuda:0', requires_grad=True)
Parameter containing:
tensor(-2.9480, device='cuda:0', requires_grad=True)
Parameter containing:
tensor(-2.9472, device='cuda:0', requires_grad=True)
Parameter containing:
tensor(-2.9463, device='cuda:0', requires_grad=True)
Parameter containing:
tensor(-2.9455, device='cuda:0', requires_grad=True)
Parameter containing:
tensor(-2.9446, device='cuda:0', requires_grad=True)
Parameter containing:
tensor(-2.9438, device='cuda:0', requires_grad=True)
Parameter containing:
tensor(-2.9430, device='cuda:0', requires_grad=True)
Parameter containing:
tensor(-2.9421, device='cuda:0', requires_grad=True)
Parameter containing:
tensor(-2.9413, device='cuda:0', requires_grad=True)
Parameter containing:
tensor(-2.9405, device='cuda:0', requires_grad=True)
Parameter containing:
tensor(-2.9396, device='cuda:0', requires_grad=True)
Parameter containing:
tensor(-2.9388, device='cuda:0', requires_grad=True)
Parameter containing:
tensor(-2.9380, device='cuda:0', requires_grad=True)
Parameter containing:
tensor(-2.9371, device='cuda:0', requires_grad=True)
Parameter containing:
tensor(-2.9363, device='cuda:0', requires_grad=True)
Parameter containing:
tensor(-2.9355, device='cuda:0', requires_grad=True)
Parameter containing:
tensor(-2.9346, device='cuda:0', requires_grad=True)
Parameter containing:
tensor(-2.9338, device='cuda:0', requires_grad=True)
Parameter containing:
tensor(-2.9330, device='cuda:0', requires_grad=True)
Parameter containing:
tensor(-2.9321, device='cuda:0', requires_grad=True)
Parameter containing:
tensor(-2.9313, device='cuda:0', requires_grad=True)
Parameter containing:
tensor(-2.9305, device='cuda:0', requires_grad=True)
Parameter containing:
tensor(-2.9296, device='cuda:0', requires_grad=True)
Parameter containing:
tensor(-2.9288, device='cuda:0', requires_grad=True)
Parameter containing:
tensor(-2.9280, device='cuda:0', requires_grad=True)
Parameter containing:
tensor(-2.9271, device='cuda:0', requires_grad=True)
Parameter containing:
tensor(-2.9263, device='cuda:0', requires_grad=True)
Parameter containing:
tensor(-2.9255, device='cuda:0', requires_grad=True)
Parameter containing:
tensor(-2.9247, device='cuda:0', requires_grad=True)
Parameter containing:
tensor(-2.9238, device='cuda:0', requires_grad=True)
Parameter containing:
tensor(-2.9230, device='cuda:0', requires_grad=True)
Parameter containing:
tensor(-2.9221, device='cuda:0', requires_grad=True)
Parameter containing:
tensor(-2.9213, device='cuda:0', requires_grad=True)
Parameter containing:
tensor(-2.9205, device='cuda:0', requires_grad=True)
Parameter containing:
tensor(-2.9196, device='cuda:0', requires_grad=True)
Parameter containing:
tensor(-2.9188, device='cuda:0', requires_grad=True)
Parameter containing:
tensor(-2.9180, device='cuda:0', requires_grad=True)
Parameter containing:
tensor(-2.9172, device='cuda:0', requires_grad=True)
Parameter containing:
tensor(-2.9163, device='cuda:0', requires_grad=True)
Parameter containing:
tensor(-2.9155, device='cuda:0', requires_grad=True)
Parameter containing:
tensor(-2.9147, device='cuda:0', requires_grad=True)
Parameter containing:
tensor(-2.9138, device='cuda:0', requires_grad=True)
Parameter containing:
tensor(-2.9130, device='cuda:0', requires_grad=True)
Parameter containing:
tensor(-2.9122, device='cuda:0', requires_grad=True)
Parameter containing:
tensor(-2.9113, device='cuda:0', requires_grad=True)
Parameter containing:
tensor(-2.9105, device='cuda:0', requires_grad=True)
Parameter containing:
tensor(-2.9097, device='cuda:0', requires_grad=True)
Parameter containing:
tensor(-2.9088, device='cuda:0', requires_grad=True)
Parameter containing:
tensor(-2.9080, device='cuda:0', requires_grad=True)
Parameter containing:
tensor(-2.9072, device='cuda:0', requires_grad=True)
Parameter containing:
tensor(-2.9064, device='cuda:0', requires_grad=True)
Parameter containing:
tensor(-2.9055, device='cuda:0', requires_grad=True)
Parameter containing:
tensor(-2.9047, device='cuda:0', requires_grad=True)
Parameter containing:
tensor(-2.9039, device='cuda:0', requires_grad=True)
Parameter containing:
tensor(-2.9031, device='cuda:0', requires_grad=True)
Parameter containing:
tensor(-2.9022, device='cuda:0', requires_grad=True)
Parameter containing:
tensor(-2.9014, device='cuda:0', requires_grad=True)
Parameter containing:
tensor(-2.9006, device='cuda:0', requires_grad=True)
Parameter containing:
tensor(-2.8998, device='cuda:0', requires_grad=True)
Parameter containing:
tensor(-2.8989, device='cuda:0', requires_grad=True)
Parameter containing:
tensor(-2.8981, device='cuda:0', requires_grad=True)
Parameter containing:
tensor(-2.8973, device='cuda:0', requires_grad=True)
Parameter containing:
tensor(-2.8965, device='cuda:0', requires_grad=True)
Parameter containing:
tensor(-2.8956, device='cuda:0', requires_grad=True)
Parameter containing:
tensor(-2.8948, device='cuda:0', requires_grad=True)
Parameter containing:
tensor(-2.8940, device='cuda:0', requires_grad=True)
Parameter containing:
tensor(-2.8932, device='cuda:0', requires_grad=True)
Parameter containing:
tensor(-2.8924, device='cuda:0', requires_grad=True)
Parameter containing:
tensor(-2.8915, device='cuda:0', requires_grad=True)
Parameter containing:
tensor(-2.8907, device='cuda:0', requires_grad=True)
Parameter containing:
tensor(-2.8899, device='cuda:0', requires_grad=True)
Parameter containing:
tensor(-2.8891, device='cuda:0', requires_grad=True)
Parameter containing:
tensor(-2.8883, device='cuda:0', requires_grad=True)
Parameter containing:
tensor(-2.8875, device='cuda:0', requires_grad=True)
Parameter containing:
tensor(-2.8867, device='cuda:0', requires_grad=True)
Parameter containing:
tensor(-2.8859, device='cuda:0', requires_grad=True)
Parameter containing:
tensor(-2.8851, device='cuda:0', requires_grad=True)
Parameter containing:
tensor(-2.8843, device='cuda:0', requires_grad=True)
Parameter containing:
tensor(-2.8835, device='cuda:0', requires_grad=True)
Parameter containing:
tensor(-2.8827, device='cuda:0', requires_grad=True)
Parameter containing:
tensor(-2.8819, device='cuda:0', requires_grad=True)
Parameter containing:
tensor(-2.8811, device='cuda:0', requires_grad=True)
Parameter containing:
tensor(-2.8802, device='cuda:0', requires_grad=True)
Parameter containing:
tensor(-2.8795, device='cuda:0', requires_grad=True)
Parameter containing:
tensor(-2.8787, device='cuda:0', requires_grad=True)
Parameter containing:
tensor(-2.8779, device='cuda:0', requires_grad=True)
Parameter containing:
tensor(-2.8771, device='cuda:0', requires_grad=True)
Parameter containing:
tensor(-2.8763, device='cuda:0', requires_grad=True)
Parameter containing:
tensor(-2.8755, device='cuda:0', requires_grad=True)
Parameter containing:
tensor(-2.8747, device='cuda:0', requires_grad=True)
Parameter containing:
tensor(-2.8739, device='cuda:0', requires_grad=True)
Parameter containing:
tensor(-2.8731, device='cuda:0', requires_grad=True)
Parameter containing:
tensor(-2.8723, device='cuda:0', requires_grad=True)
Parameter containing:
tensor(-2.8715, device='cuda:0', requires_grad=True)
Parameter containing:
tensor(-2.8707, device='cuda:0', requires_grad=True)
Parameter containing:
tensor(-2.8700, device='cuda:0', requires_grad=True)
Parameter containing:
tensor(-2.8692, device='cuda:0', requires_grad=True)
Parameter containing:
tensor(-2.8684, device='cuda:0', requires_grad=True)
Parameter containing:
tensor(-2.8676, device='cuda:0', requires_grad=True)
Parameter containing:
tensor(-2.8668, device='cuda:0', requires_grad=True)
Parameter containing:
tensor(-2.8661, device='cuda:0', requires_grad=True)
Parameter containing:
tensor(-2.8653, device='cuda:0', requires_grad=True)
Parameter containing:
tensor(-2.8645, device='cuda:0', requires_grad=True)
Parameter containing:
tensor(-2.8637, device='cuda:0', requires_grad=True)
Parameter containing:
tensor(-2.8630, device='cuda:0', requires_grad=True)
Parameter containing:
tensor(-2.8622, device='cuda:0', requires_grad=True)
Parameter containing:
tensor(-2.8614, device='cuda:0', requires_grad=True)
Parameter containing:
tensor(-2.8607, device='cuda:0', requires_grad=True)
Parameter containing:
tensor(-2.8599, device='cuda:0', requires_grad=True)
Parameter containing:
tensor(-2.8591, device='cuda:0', requires_grad=True)
Parameter containing:
tensor(-2.8584, device='cuda:0', requires_grad=True)
Parameter containing:
tensor(-2.8576, device='cuda:0', requires_grad=True)
Parameter containing:
tensor(-2.8568, device='cuda:0', requires_grad=True)
Parameter containing:
tensor(-2.8561, device='cuda:0', requires_grad=True)
Parameter containing:
tensor(-2.8553, device='cuda:0', requires_grad=True)
Parameter containing:
tensor(-2.8546, device='cuda:0', requires_grad=True)
Parameter containing:
tensor(-2.8538, device='cuda:0', requires_grad=True)
Parameter containing:
tensor(-2.8531, device='cuda:0', requires_grad=True)
Parameter containing:
tensor(-2.8523, device='cuda:0', requires_grad=True)
Parameter containing:
tensor(-2.8515, device='cuda:0', requires_grad=True)
Parameter containing:
tensor(-2.8508, device='cuda:0', requires_grad=True)
Parameter containing:
tensor(-2.8501, device='cuda:0', requires_grad=True)
Parameter containing:
tensor(-2.8493, device='cuda:0', requires_grad=True)
Parameter containing:
tensor(-2.8486, device='cuda:0', requires_grad=True)
Parameter containing:
tensor(-2.8478, device='cuda:0', requires_grad=True)
Parameter containing:
tensor(-2.8471, device='cuda:0', requires_grad=True)
Parameter containing:
tensor(-2.8463, device='cuda:0', requires_grad=True)
Parameter containing:
tensor(-2.8456, device='cuda:0', requires_grad=True)
Parameter containing:
tensor(-2.8448, device='cuda:0', requires_grad=True)
Parameter containing:
tensor(-2.8441, device='cuda:0', requires_grad=True)
Parameter containing:
tensor(-2.8433, device='cuda:0', requires_grad=True)
Parameter containing:
tensor(-2.8426, device='cuda:0', requires_grad=True)
Parameter containing:
tensor(-2.8418, device='cuda:0', requires_grad=True)
Parameter containing:
tensor(-2.8411, device='cuda:0', requires_grad=True)
Parameter containing:
tensor(-2.8404, device='cuda:0', requires_grad=True)
Parameter containing:
tensor(-2.8396, device='cuda:0', requires_grad=True)
Parameter containing:
tensor(-2.8389, device='cuda:0', requires_grad=True)
Parameter containing:
tensor(-2.8381, device='cuda:0', requires_grad=True)
Parameter containing:
tensor(-2.8374, device='cuda:0', requires_grad=True)
Parameter containing:
tensor(-2.8367, device='cuda:0', requires_grad=True)
Parameter containing:
tensor(-2.8359, device='cuda:0', requires_grad=True)
Parameter containing:
tensor(-2.8352, device='cuda:0', requires_grad=True)
Parameter containing:
tensor(-2.8345, device='cuda:0', requires_grad=True)
Parameter containing:
tensor(-2.8337, device='cuda:0', requires_grad=True)
Parameter containing:
tensor(-2.8330, device='cuda:0', requires_grad=True)
Parameter containing:
tensor(-2.8323, device='cuda:0', requires_grad=True)
Parameter containing:
tensor(-2.8316, device='cuda:0', requires_grad=True)
Parameter containing:
tensor(-2.8308, device='cuda:0', requires_grad=True)
Parameter containing:
tensor(-2.8301, device='cuda:0', requires_grad=True)
Parameter containing:
tensor(-2.8294, device='cuda:0', requires_grad=True)
Parameter containing:
tensor(-2.8287, device='cuda:0', requires_grad=True)
Parameter containing:
tensor(-2.8279, device='cuda:0', requires_grad=True)
Parameter containing:
tensor(-2.8272, device='cuda:0', requires_grad=True)
Parameter containing:
tensor(-2.8265, device='cuda:0', requires_grad=True)
Parameter containing:
tensor(-2.8258, device='cuda:0', requires_grad=True)
Parameter containing:
tensor(-2.8250, device='cuda:0', requires_grad=True)
Parameter containing:
tensor(-2.8243, device='cuda:0', requires_grad=True)
Parameter containing:
tensor(-2.8236, device='cuda:0', requires_grad=True)
Parameter containing:
tensor(-2.8229, device='cuda:0', requires_grad=True)
Parameter containing:
tensor(-2.8222, device='cuda:0', requires_grad=True)
Parameter containing:
tensor(-2.8214, device='cuda:0', requires_grad=True)
Parameter containing:
tensor(-2.8207, device='cuda:0', requires_grad=True)
Parameter containing:
tensor(-2.8200, device='cuda:0', requires_grad=True)
Parameter containing:
tensor(-2.8193, device='cuda:0', requires_grad=True)
Parameter containing:
tensor(-2.8186, device='cuda:0', requires_grad=True)
Parameter containing:
tensor(-2.8179, device='cuda:0', requires_grad=True)
Parameter containing:
tensor(-2.8172, device='cuda:0', requires_grad=True)
Parameter containing:
tensor(-2.8165, device='cuda:0', requires_grad=True)
Parameter containing:
tensor(-2.8158, device='cuda:0', requires_grad=True)
Parameter containing:
tensor(-2.8151, device='cuda:0', requires_grad=True)
Parameter containing:
tensor(-2.8144, device='cuda:0', requires_grad=True)
Parameter containing:
tensor(-2.8137, device='cuda:0', requires_grad=True)
Parameter containing:
tensor(-2.8130, device='cuda:0', requires_grad=True)
Parameter containing:
tensor(-2.8123, device='cuda:0', requires_grad=True)
Parameter containing:
tensor(-2.8116, device='cuda:0', requires_grad=True)
Parameter containing:
tensor(-2.8109, device='cuda:0', requires_grad=True)
Parameter containing:
tensor(-2.8102, device='cuda:0', requires_grad=True)
Parameter containing:
tensor(-2.8094, device='cuda:0', requires_grad=True)
Parameter containing:
tensor(-2.8087, device='cuda:0', requires_grad=True)
Parameter containing:
tensor(-2.8080, device='cuda:0', requires_grad=True)
Parameter containing:
tensor(-2.8073, device='cuda:0', requires_grad=True)
Parameter containing:
tensor(-2.8066, device='cuda:0', requires_grad=True)
Parameter containing:
tensor(-2.8059, device='cuda:0', requires_grad=True)
Parameter containing:
tensor(-2.8052, device='cuda:0', requires_grad=True)
Parameter containing:
tensor(-2.8045, device='cuda:0', requires_grad=True)
Parameter containing:
tensor(-2.8038, device='cuda:0', requires_grad=True)
Parameter containing:
tensor(-2.8031, device='cuda:0', requires_grad=True)
Parameter containing:
tensor(-2.8024, device='cuda:0', requires_grad=True)
Parameter containing:
tensor(-2.8017, device='cuda:0', requires_grad=True)
Parameter containing:
tensor(-2.8010, device='cuda:0', requires_grad=True)
Parameter containing:
tensor(-2.8003, device='cuda:0', requires_grad=True)
Parameter containing:
tensor(-2.7996, device='cuda:0', requires_grad=True)
Parameter containing:
tensor(-2.7989, device='cuda:0', requires_grad=True)
Parameter containing:
tensor(-2.7982, device='cuda:0', requires_grad=True)
Parameter containing:
tensor(-2.7975, device='cuda:0', requires_grad=True)
Parameter containing:
tensor(-2.7968, device='cuda:0', requires_grad=True)
Parameter containing:
tensor(-2.7961, device='cuda:0', requires_grad=True)
Parameter containing:
tensor(-2.7954, device='cuda:0', requires_grad=True)
Parameter containing:
tensor(-2.7947, device='cuda:0', requires_grad=True)
Parameter containing:
tensor(-2.7940, device='cuda:0', requires_grad=True)
Parameter containing:
tensor(-2.7933, device='cuda:0', requires_grad=True)
Parameter containing:
tensor(-2.7926, device='cuda:0', requires_grad=True)
Parameter containing:
tensor(-2.7919, device='cuda:0', requires_grad=True)
Parameter containing:
tensor(-2.7912, device='cuda:0', requires_grad=True)
Parameter containing:
tensor(-2.7905, device='cuda:0', requires_grad=True)
Parameter containing:
tensor(-2.7897, device='cuda:0', requires_grad=True)
Parameter containing:
tensor(-2.7890, device='cuda:0', requires_grad=True)
Parameter containing:
tensor(-2.7883, device='cuda:0', requires_grad=True)
Parameter containing:
tensor(-2.7876, device='cuda:0', requires_grad=True)
Parameter containing:
tensor(-2.7869, device='cuda:0', requires_grad=True)
Parameter containing:
tensor(-2.7862, device='cuda:0', requires_grad=True)
Parameter containing:
tensor(-2.7855, device='cuda:0', requires_grad=True)
Parameter containing:
tensor(-2.7848, device='cuda:0', requires_grad=True)
Parameter containing:
tensor(-2.7841, device='cuda:0', requires_grad=True)
Parameter containing:
tensor(-2.7834, device='cuda:0', requires_grad=True)
Parameter containing:
tensor(-2.7828, device='cuda:0', requires_grad=True)
Parameter containing:
tensor(-2.7820, device='cuda:0', requires_grad=True)
Parameter containing:
tensor(-2.7813, device='cuda:0', requires_grad=True)
Parameter containing:
tensor(-2.7806, device='cuda:0', requires_grad=True)
Parameter containing:
tensor(-2.7800, device='cuda:0', requires_grad=True)
Parameter containing:
tensor(-2.7793, device='cuda:0', requires_grad=True)
Parameter containing:
tensor(-2.7786, device='cuda:0', requires_grad=True)
Parameter containing:
tensor(-2.7779, device='cuda:0', requires_grad=True)
Parameter containing:
tensor(-2.7772, device='cuda:0', requires_grad=True)
Parameter containing:
tensor(-2.7765, device='cuda:0', requires_grad=True)
Parameter containing:
tensor(-2.7758, device='cuda:0', requires_grad=True)
Parameter containing:
tensor(-2.7751, device='cuda:0', requires_grad=True)
Parameter containing:
tensor(-2.7745, device='cuda:0', requires_grad=True)
Parameter containing:
tensor(-2.7738, device='cuda:0', requires_grad=True)
Parameter containing:
tensor(-2.7731, device='cuda:0', requires_grad=True)
Parameter containing:
tensor(-2.7724, device='cuda:0', requires_grad=True)
Parameter containing:
tensor(-2.7718, device='cuda:0', requires_grad=True)
Parameter containing:
tensor(-2.7711, device='cuda:0', requires_grad=True)
Parameter containing:
tensor(-2.7704, device='cuda:0', requires_grad=True)
Parameter containing:
tensor(-2.7697, device='cuda:0', requires_grad=True)
Parameter containing:
tensor(-2.7690, device='cuda:0', requires_grad=True)
Parameter containing:
tensor(-2.7684, device='cuda:0', requires_grad=True)
Parameter containing:
tensor(-2.7677, device='cuda:0', requires_grad=True)
Parameter containing:
tensor(-2.7670, device='cuda:0', requires_grad=True)
Parameter containing:
tensor(-2.7663, device='cuda:0', requires_grad=True)
Parameter containing:
tensor(-2.7656, device='cuda:0', requires_grad=True)
Parameter containing:
tensor(-2.7649, device='cuda:0', requires_grad=True)
Parameter containing:
tensor(-2.7642, device='cuda:0', requires_grad=True)
Parameter containing:
tensor(-2.7635, device='cuda:0', requires_grad=True)
Parameter containing:
tensor(-2.7628, device='cuda:0', requires_grad=True)
Parameter containing:
tensor(-2.7622, device='cuda:0', requires_grad=True)
Parameter containing:
tensor(-2.7615, device='cuda:0', requires_grad=True)
Parameter containing:
tensor(-2.7609, device='cuda:0', requires_grad=True)
Parameter containing:
tensor(-2.7602, device='cuda:0', requires_grad=True)
Parameter containing:
tensor(-2.7596, device='cuda:0', requires_grad=True)
Parameter containing:
tensor(-2.7589, device='cuda:0', requires_grad=True)
Parameter containing:
tensor(-2.7583, device='cuda:0', requires_grad=True)
Parameter containing:
tensor(-2.7576, device='cuda:0', requires_grad=True)
Parameter containing:
tensor(-2.7570, device='cuda:0', requires_grad=True)
Parameter containing:
tensor(-2.7564, device='cuda:0', requires_grad=True)
Parameter containing:
tensor(-2.7558, device='cuda:0', requires_grad=True)
Parameter containing:
tensor(-2.7551, device='cuda:0', requires_grad=True)
Parameter containing:
tensor(-2.7545, device='cuda:0', requires_grad=True)
Parameter containing:
tensor(-2.7539, device='cuda:0', requires_grad=True)
Parameter containing:
tensor(-2.7533, device='cuda:0', requires_grad=True)
Parameter containing:
tensor(-2.7526, device='cuda:0', requires_grad=True)
Parameter containing:
tensor(-2.7520, device='cuda:0', requires_grad=True)
Parameter containing:
tensor(-2.7513, device='cuda:0', requires_grad=True)
Parameter containing:
tensor(-2.7507, device='cuda:0', requires_grad=True)
Parameter containing:
tensor(-2.7501, device='cuda:0', requires_grad=True)
Parameter containing:
tensor(-2.7494, device='cuda:0', requires_grad=True)
Parameter containing:
tensor(-2.7488, device='cuda:0', requires_grad=True)
Parameter containing:
tensor(-2.7482, device='cuda:0', requires_grad=True)
Parameter containing:
tensor(-2.7475, device='cuda:0', requires_grad=True)
Parameter containing:
tensor(-2.7469, device='cuda:0', requires_grad=True)
Parameter containing:
tensor(-2.7462, device='cuda:0', requires_grad=True)
Parameter containing:
tensor(-2.7456, device='cuda:0', requires_grad=True)
Parameter containing:
tensor(-2.7449, device='cuda:0', requires_grad=True)
Parameter containing:
tensor(-2.7442, device='cuda:0', requires_grad=True)
Parameter containing:
tensor(-2.7436, device='cuda:0', requires_grad=True)
Parameter containing:
tensor(-2.7429, device='cuda:0', requires_grad=True)
Parameter containing:
tensor(-2.7423, device='cuda:0', requires_grad=True)
Parameter containing:
tensor(-2.7416, device='cuda:0', requires_grad=True)
Parameter containing:
tensor(-2.7409, device='cuda:0', requires_grad=True)
Parameter containing:
tensor(-2.7403, device='cuda:0', requires_grad=True)
Parameter containing:
tensor(-2.7396, device='cuda:0', requires_grad=True)
Parameter containing:
tensor(-2.7389, device='cuda:0', requires_grad=True)
Parameter containing:
tensor(-2.7383, device='cuda:0', requires_grad=True)
Parameter containing:
tensor(-2.7376, device='cuda:0', requires_grad=True)
Parameter containing:
tensor(-2.7369, device='cuda:0', requires_grad=True)
Parameter containing:
tensor(-2.7363, device='cuda:0', requires_grad=True)
Parameter containing:
tensor(-2.7356, device='cuda:0', requires_grad=True)
Parameter containing:
tensor(-2.7349, device='cuda:0', requires_grad=True)
Parameter containing:
tensor(-2.7343, device='cuda:0', requires_grad=True)
Parameter containing:
tensor(-2.7336, device='cuda:0', requires_grad=True)
Parameter containing:
tensor(-2.7329, device='cuda:0', requires_grad=True)
Parameter containing:
tensor(-2.7323, device='cuda:0', requires_grad=True)
Parameter containing:
tensor(-2.7316, device='cuda:0', requires_grad=True)
Parameter containing:
tensor(-2.7309, device='cuda:0', requires_grad=True)
Parameter containing:
tensor(-2.7302, device='cuda:0', requires_grad=True)
Parameter containing:
tensor(-2.7296, device='cuda:0', requires_grad=True)
Parameter containing:
tensor(-2.7289, device='cuda:0', requires_grad=True)
Parameter containing:
tensor(-2.7282, device='cuda:0', requires_grad=True)
Parameter containing:
tensor(-2.7276, device='cuda:0', requires_grad=True)
Parameter containing:
tensor(-2.7269, device='cuda:0', requires_grad=True)
Parameter containing:
tensor(-2.7263, device='cuda:0', requires_grad=True)
Parameter containing:
tensor(-2.7256, device='cuda:0', requires_grad=True)
Parameter containing:
tensor(-2.7250, device='cuda:0', requires_grad=True)
Parameter containing:
tensor(-2.7243, device='cuda:0', requires_grad=True)
Parameter containing:
tensor(-2.7237, device='cuda:0', requires_grad=True)
Parameter containing:
tensor(-2.7230, device='cuda:0', requires_grad=True)
Parameter containing:
tensor(-2.7224, device='cuda:0', requires_grad=True)
Parameter containing:
tensor(-2.7217, device='cuda:0', requires_grad=True)
Parameter containing:
tensor(-2.7211, device='cuda:0', requires_grad=True)
Parameter containing:
tensor(-2.7204, device='cuda:0', requires_grad=True)
Parameter containing:
tensor(-2.7198, device='cuda:0', requires_grad=True)
Parameter containing:
tensor(-2.7191, device='cuda:0', requires_grad=True)
Parameter containing:
tensor(-2.7185, device='cuda:0', requires_grad=True)
Parameter containing:
tensor(-2.7179, device='cuda:0', requires_grad=True)
Parameter containing:
tensor(-2.7172, device='cuda:0', requires_grad=True)
Parameter containing:
tensor(-2.7166, device='cuda:0', requires_grad=True)
Parameter containing:
tensor(-2.7159, device='cuda:0', requires_grad=True)
Parameter containing:
tensor(-2.7153, device='cuda:0', requires_grad=True)
Parameter containing:
tensor(-2.7147, device='cuda:0', requires_grad=True)
Parameter containing:
tensor(-2.7140, device='cuda:0', requires_grad=True)
Parameter containing:
tensor(-2.7134, device='cuda:0', requires_grad=True)
Parameter containing:
tensor(-2.7128, device='cuda:0', requires_grad=True)
Parameter containing:
tensor(-2.7122, device='cuda:0', requires_grad=True)
Parameter containing:
tensor(-2.7115, device='cuda:0', requires_grad=True)
Parameter containing:
tensor(-2.7109, device='cuda:0', requires_grad=True)
Parameter containing:
tensor(-2.7103, device='cuda:0', requires_grad=True)
Parameter containing:
tensor(-2.7097, device='cuda:0', requires_grad=True)
Parameter containing:
tensor(-2.7090, device='cuda:0', requires_grad=True)
Parameter containing:
tensor(-2.7084, device='cuda:0', requires_grad=True)
Parameter containing:
tensor(-2.7078, device='cuda:0', requires_grad=True)
Parameter containing:
tensor(-2.7072, device='cuda:0', requires_grad=True)
Parameter containing:
tensor(-2.7065, device='cuda:0', requires_grad=True)
Parameter containing:
tensor(-2.7059, device='cuda:0', requires_grad=True)
Parameter containing:
tensor(-2.7053, device='cuda:0', requires_grad=True)
Parameter containing:
tensor(-2.7047, device='cuda:0', requires_grad=True)
Parameter containing:
tensor(-2.7041, device='cuda:0', requires_grad=True)
Parameter containing:
tensor(-2.7035, device='cuda:0', requires_grad=True)
Parameter containing:
tensor(-2.7028, device='cuda:0', requires_grad=True)
Parameter containing:
tensor(-2.7022, device='cuda:0', requires_grad=True)
Parameter containing:
tensor(-2.7016, device='cuda:0', requires_grad=True)
Parameter containing:
tensor(-2.7010, device='cuda:0', requires_grad=True)
Parameter containing:
tensor(-2.7004, device='cuda:0', requires_grad=True)
Parameter containing:
tensor(-2.6998, device='cuda:0', requires_grad=True)
Parameter containing:
tensor(-2.6992, device='cuda:0', requires_grad=True)
Parameter containing:
tensor(-2.6986, device='cuda:0', requires_grad=True)
Parameter containing:
tensor(-2.6980, device='cuda:0', requires_grad=True)
Parameter containing:
tensor(-2.6973, device='cuda:0', requires_grad=True)
Parameter containing:
tensor(-2.6967, device='cuda:0', requires_grad=True)
Parameter containing:
tensor(-2.6961, device='cuda:0', requires_grad=True)
Parameter containing:
tensor(-2.6955, device='cuda:0', requires_grad=True)
Parameter containing:
tensor(-2.6949, device='cuda:0', requires_grad=True)
Parameter containing:
tensor(-2.6943, device='cuda:0', requires_grad=True)
Parameter containing:
tensor(-2.6937, device='cuda:0', requires_grad=True)
Parameter containing:
tensor(-2.6931, device='cuda:0', requires_grad=True)
Parameter containing:
tensor(-2.6925, device='cuda:0', requires_grad=True)
Parameter containing:
tensor(-2.6919, device='cuda:0', requires_grad=True)
Parameter containing:
tensor(-2.6913, device='cuda:0', requires_grad=True)
Parameter containing:
tensor(-2.6906, device='cuda:0', requires_grad=True)
Parameter containing:
tensor(-2.6900, device='cuda:0', requires_grad=True)
Parameter containing:
tensor(-2.6894, device='cuda:0', requires_grad=True)
Parameter containing:
tensor(-2.6888, device='cuda:0', requires_grad=True)
Parameter containing:
tensor(-2.6882, device='cuda:0', requires_grad=True)
Parameter containing:
tensor(-2.6876, device='cuda:0', requires_grad=True)
Parameter containing:
tensor(-2.6870, device='cuda:0', requires_grad=True)
Parameter containing:
tensor(-2.6864, device='cuda:0', requires_grad=True)
Parameter containing:
tensor(-2.6858, device='cuda:0', requires_grad=True)
Parameter containing:
tensor(-2.6852, device='cuda:0', requires_grad=True)
Parameter containing:
tensor(-2.6847, device='cuda:0', requires_grad=True)
Parameter containing:
tensor(-2.6841, device='cuda:0', requires_grad=True)
Parameter containing:
tensor(-2.6836, device='cuda:0', requires_grad=True)
Parameter containing:
tensor(-2.6830, device='cuda:0', requires_grad=True)
Parameter containing:
tensor(-2.6825, device='cuda:0', requires_grad=True)
Parameter containing:
tensor(-2.6819, device='cuda:0', requires_grad=True)
Parameter containing:
tensor(-2.6814, device='cuda:0', requires_grad=True)
Parameter containing:
tensor(-2.6809, device='cuda:0', requires_grad=True)
Parameter containing:
tensor(-2.6803, device='cuda:0', requires_grad=True)
Parameter containing:
tensor(-2.6798, device='cuda:0', requires_grad=True)
Parameter containing:
tensor(-2.6793, device='cuda:0', requires_grad=True)
Parameter containing:
tensor(-2.6787, device='cuda:0', requires_grad=True)
Parameter containing:
tensor(-2.6782, device='cuda:0', requires_grad=True)
Parameter containing:
tensor(-2.6776, device='cuda:0', requires_grad=True)
Parameter containing:
tensor(-2.6771, device='cuda:0', requires_grad=True)
Parameter containing:
tensor(-2.6765, device='cuda:0', requires_grad=True)
Parameter containing:
tensor(-2.6760, device='cuda:0', requires_grad=True)
Parameter containing:
tensor(-2.6754, device='cuda:0', requires_grad=True)
Parameter containing:
tensor(-2.6749, device='cuda:0', requires_grad=True)
Parameter containing:
tensor(-2.6743, device='cuda:0', requires_grad=True)
Parameter containing:
tensor(-2.6738, device='cuda:0', requires_grad=True)
Parameter containing:
tensor(-2.6732, device='cuda:0', requires_grad=True)
Parameter containing:
tensor(-2.6727, device='cuda:0', requires_grad=True)
Parameter containing:
tensor(-2.6722, device='cuda:0', requires_grad=True)
Parameter containing:
tensor(-2.6716, device='cuda:0', requires_grad=True)
Parameter containing:
tensor(-2.6711, device='cuda:0', requires_grad=True)
Parameter containing:
tensor(-2.6706, device='cuda:0', requires_grad=True)
Parameter containing:
tensor(-2.6701, device='cuda:0', requires_grad=True)
Parameter containing:
tensor(-2.6696, device='cuda:0', requires_grad=True)
Parameter containing:
tensor(-2.6691, device='cuda:0', requires_grad=True)
Parameter containing:
tensor(-2.6686, device='cuda:0', requires_grad=True)
Parameter containing:
tensor(-2.6681, device='cuda:0', requires_grad=True)
Parameter containing:
tensor(-2.6676, device='cuda:0', requires_grad=True)
Parameter containing:
tensor(-2.6671, device='cuda:0', requires_grad=True)
Parameter containing:
tensor(-2.6666, device='cuda:0', requires_grad=True)
Parameter containing:
tensor(-2.6661, device='cuda:0', requires_grad=True)
Parameter containing:
tensor(-2.6656, device='cuda:0', requires_grad=True)
Parameter containing:
tensor(-2.6651, device='cuda:0', requires_grad=True)
Parameter containing:
tensor(-2.6646, device='cuda:0', requires_grad=True)
Parameter containing:
tensor(-2.6641, device='cuda:0', requires_grad=True)
Parameter containing:
tensor(-2.6636, device='cuda:0', requires_grad=True)
Parameter containing:
tensor(-2.6630, device='cuda:0', requires_grad=True)
Parameter containing:
tensor(-2.6625, device='cuda:0', requires_grad=True)
Parameter containing:
tensor(-2.6620, device='cuda:0', requires_grad=True)
Parameter containing:
tensor(-2.6615, device='cuda:0', requires_grad=True)
Parameter containing:
tensor(-2.6610, device='cuda:0', requires_grad=True)
Parameter containing:
tensor(-2.6605, device='cuda:0', requires_grad=True)
Parameter containing:
tensor(-2.6600, device='cuda:0', requires_grad=True)
Parameter containing:
tensor(-2.6594, device='cuda:0', requires_grad=True)
Parameter containing:
tensor(-2.6589, device='cuda:0', requires_grad=True)
Parameter containing:
tensor(-2.6583, device='cuda:0', requires_grad=True)
Parameter containing:
tensor(-2.6578, device='cuda:0', requires_grad=True)
Parameter containing:
tensor(-2.6572, device='cuda:0', requires_grad=True)
Parameter containing:
tensor(-2.6567, device='cuda:0', requires_grad=True)
Parameter containing:
tensor(-2.6561, device='cuda:0', requires_grad=True)
Parameter containing:
tensor(-2.6556, device='cuda:0', requires_grad=True)
Parameter containing:
tensor(-2.6550, device='cuda:0', requires_grad=True)
Parameter containing:
tensor(-2.6545, device='cuda:0', requires_grad=True)
Parameter containing:
tensor(-2.6539, device='cuda:0', requires_grad=True)
Parameter containing:
tensor(-2.6534, device='cuda:0', requires_grad=True)
Parameter containing:
tensor(-2.6529, device='cuda:0', requires_grad=True)
Parameter containing:
tensor(-2.6523, device='cuda:0', requires_grad=True)
Parameter containing:
tensor(-2.6518, device='cuda:0', requires_grad=True)
Parameter containing:
tensor(-2.6513, device='cuda:0', requires_grad=True)
Parameter containing:
tensor(-2.6508, device='cuda:0', requires_grad=True)
Parameter containing:
tensor(-2.6503, device='cuda:0', requires_grad=True)
Parameter containing:
tensor(-2.6498, device='cuda:0', requires_grad=True)
Parameter containing:
tensor(-2.6493, device='cuda:0', requires_grad=True)
Parameter containing:
tensor(-2.6488, device='cuda:0', requires_grad=True)
Parameter containing:
tensor(-2.6482, device='cuda:0', requires_grad=True)
Parameter containing:
tensor(-2.6477, device='cuda:0', requires_grad=True)
Parameter containing:
tensor(-2.6472, device='cuda:0', requires_grad=True)


PS:

Read file <14836105.stderr> for stderr output of this job.

