Sender: LSF System <lsfadmin@ls05>
Subject: Job 15331119: <active-semi-with-background> in cluster <lila> Done

Job <active-semi-with-background> was submitted from host <lilac> by user <nguyenm5> in cluster <lila> at Mon Jul 13 23:59:56 2020
Job was executed on host(s) <12*ls05>, in queue <gpuqueue>, as user <nguyenm5> in cluster <lila> at Mon Jul 13 23:59:56 2020
</home/nguyenm5> was used as the home directory.
</home/nguyenm5/coding/pinot> was used as the working directory.
Started at Mon Jul 13 23:59:56 2020
Terminated at Tue Jul 14 04:08:01 2020
Results reported at Tue Jul 14 04:08:01 2020

Your job looked like:

------------------------------------------------------------
# LSBATCH: User input
/home/nguyenm5/anaconda3/envs/pinot/bin/python scripts/active/plotting_active.py --net semi --num_rounds 4 --num_trials 1 --num_epoch 750 --data moonshot --q 96 --acquisition ProbabilityOfImprovement --output_folder /home/nguyenm5/coding/pinot/jul-14/active-semi-with-background --index 5 --unlabeled_data moonshot_unlabeled_small
------------------------------------------------------------

Successfully completed.

Resource usage summary:

    CPU time :                                   146755.27 sec.
    Max Memory :                                 2 GB
    Average Memory :                             2.00 GB
    Total Requested Memory :                     192.00 GB
    Delta Memory :                               190.00 GB
    Max Swap :                                   -
    Max Processes :                              3
    Max Threads :                                20
    Run time :                                   14886 sec.
    Turnaround time :                            14885 sec.

The output (if any) follows:

0
scores from acquisition: probability_of_improvement
tensor([0.1552, 0.1552, 0.1552, 0.1552, 0.1552, 0.1552, 0.1552, 0.1552, 0.1552,
        0.1552, 0.1552, 0.1552, 0.1552, 0.1552, 0.1552, 0.1552, 0.1552, 0.1552,
        0.1552, 0.1552, 0.1603, 0.1552, 0.1552, 0.1552, 0.1552, 0.1552, 0.1552,
        0.1552, 0.1552, 0.1552, 0.1552, 0.1552, 0.1552, 0.1552, 0.1552, 0.1552,
        0.1552, 0.1552, 0.1552, 0.1552, 0.1552, 0.1552, 0.1552, 0.1552, 0.1552,
        0.1552, 0.1552, 0.1552, 0.1552, 0.1552, 0.1552, 0.1552, 0.1552, 0.1552,
        0.1552, 0.1552, 0.1552, 0.1552, 0.1552, 0.1552, 0.1552, 0.1552, 0.1552,
        0.1552, 0.1552, 0.1552, 0.1552, 0.1552, 0.1552, 0.1552, 0.1552, 0.1552,
        0.1552, 0.1552, 0.1552, 0.1552, 0.1552, 0.1552, 0.1552, 0.1552, 0.1552,
        0.1552, 0.1552, 0.1552, 0.1552, 0.1710, 0.1552, 0.1552, 0.1552, 0.1552,
        0.1554, 0.1552, 0.1552, 0.1552, 0.1552, 0.1552, 0.1552, 0.1552, 0.1552,
        0.1552, 0.1552, 0.1552, 0.1552, 0.1552, 0.1552, 0.1552, 0.1552, 0.1552,
        0.1552, 0.1557, 0.1552, 0.1552, 0.1552, 0.1552, 0.1552, 0.1552, 0.1552,
        0.1552, 0.1552, 0.1552, 0.1552, 0.1552, 0.1552, 0.1552, 0.1552, 0.1552,
        0.1552, 0.1552, 0.1552, 0.1552, 0.1552, 0.1552, 0.1552, 0.1552, 0.1552,
        0.1552, 0.1552, 0.1552, 0.1552, 0.1552, 0.1552, 0.1552, 0.1552, 0.1552,
        0.1552, 0.1552, 0.1552, 0.1552, 0.1552, 0.1552, 0.1552, 0.1552, 0.1552,
        0.1552, 0.1552, 0.1552, 0.1552, 0.1552, 0.1552, 0.1552, 0.1552, 0.1552,
        0.1552, 0.1552, 0.1552, 0.1552, 0.1552, 0.1552, 0.1552, 0.1552, 0.1552,
        0.1552, 0.1552, 0.1552, 0.1552, 0.1552, 0.1552, 0.1552, 0.1695, 0.1560,
        0.1552, 0.1552, 0.1552, 0.1552, 0.1552, 0.1552, 0.1552, 0.1552, 0.1552,
        0.1552, 0.1552, 0.1552, 0.1552, 0.1552, 0.1552, 0.1552, 0.1552, 0.1552,
        0.1552, 0.1554, 0.1552, 0.1552, 0.1552, 0.1552, 0.1552, 0.1552, 0.1552,
        0.1552, 0.1552, 0.1552, 0.1552, 0.1552, 0.1552, 0.1552, 0.1552, 0.1552,
        0.1552, 0.1552, 0.1552, 0.1613, 0.1552, 0.1552, 0.1552, 0.1552, 0.1552,
        0.1552, 0.1552, 0.1552, 0.1580, 0.1625, 0.1552, 0.1552, 0.1552, 0.1552,
        0.1552, 0.1552, 0.1552, 0.1552, 0.1552, 0.1552, 0.1552, 0.1552, 0.1552,
        0.1552, 0.1552, 0.1552, 0.1552, 0.1552, 0.1552, 0.1552, 0.1552, 0.1552,
        0.1553, 0.1553, 0.1552, 0.1552, 0.1552, 0.1552, 0.1552, 0.1552, 0.1553,
        0.1608, 0.1552, 0.1552, 0.1552, 0.1552, 0.1552, 0.1552, 0.1552, 0.1552,
        0.1552, 0.1552, 0.1552, 0.1552, 0.1552, 0.1552, 0.1552, 0.1552, 0.1552,
        0.1552, 0.1552, 0.1552, 0.1552, 0.1552, 0.1552, 0.1552, 0.1552, 0.1552,
        0.1552, 0.1552, 0.1552, 0.1552, 0.1553, 0.1552, 0.1553, 0.1552, 0.1552,
        0.1552, 0.1552, 0.1622, 0.1552, 0.1552, 0.1552, 0.1552, 0.1552, 0.1552,
        0.1552, 0.1552, 0.1552, 0.1552, 0.1552, 0.1552, 0.1552, 0.1552, 0.1552,
        0.1552, 0.1552, 0.1552, 0.1552, 0.1552, 0.1552, 0.1552, 0.1552, 0.1552,
        0.1552, 0.1552, 0.1552, 0.1552, 0.1555, 0.1552, 0.1552, 0.1552, 0.1552,
        0.1552, 0.1552, 0.1552, 0.1552, 0.1552, 0.1557, 0.1552, 0.1552, 0.1552,
        0.1552, 0.1552, 0.1552, 0.1552, 0.1552, 0.1552, 0.1552, 0.1552, 0.1552,
        0.1552, 0.1552, 0.1552, 0.1552, 0.1552, 0.1552, 0.1552, 0.1552, 0.1552,
        0.1552, 0.1552, 0.1552, 0.1552, 0.1552, 0.1552, 0.1552, 0.1552, 0.1552,
        0.1552, 0.1552, 0.1552, 0.1552], device='cuda:0',
       grad_fn=<RsubBackward1>)
That took 14866.135961055756 seconds


PS:

Read file </home/nguyenm5/coding/pinot/jul-14/active-semi-with-background/ProbabilityOfImprovement.stderr> for stderr output of this job.

Sender: LSF System <lsfadmin@lt06>
Subject: Job 15331115: <active-semi-with-background> in cluster <lila> Done

Job <active-semi-with-background> was submitted from host <lilac> by user <nguyenm5> in cluster <lila> at Mon Jul 13 23:59:56 2020
Job was executed on host(s) <12*lt06>, in queue <gpuqueue>, as user <nguyenm5> in cluster <lila> at Mon Jul 13 23:59:56 2020
</home/nguyenm5> was used as the home directory.
</home/nguyenm5/coding/pinot> was used as the working directory.
Started at Mon Jul 13 23:59:56 2020
Terminated at Tue Jul 14 04:30:10 2020
Results reported at Tue Jul 14 04:30:10 2020

Your job looked like:

------------------------------------------------------------
# LSBATCH: User input
/home/nguyenm5/anaconda3/envs/pinot/bin/python scripts/active/plotting_active.py --net semi --num_rounds 4 --num_trials 1 --num_epoch 750 --data moonshot --q 96 --acquisition ProbabilityOfImprovement --output_folder /home/nguyenm5/coding/pinot/jul-14/active-semi-with-background --index 1 --unlabeled_data moonshot_unlabeled_small
------------------------------------------------------------

Successfully completed.

Resource usage summary:

    CPU time :                                   156868.52 sec.
    Max Memory :                                 2 GB
    Average Memory :                             2.00 GB
    Total Requested Memory :                     192.00 GB
    Delta Memory :                               190.00 GB
    Max Swap :                                   -
    Max Processes :                              3
    Max Threads :                                20
    Run time :                                   16215 sec.
    Turnaround time :                            16214 sec.

The output (if any) follows:

0
scores from acquisition: probability_of_improvement
tensor([0.4939, 0.4939, 0.4939, 0.4939, 0.4939, 0.4939, 0.4939, 0.4939, 0.4939,
        0.4939, 0.4939, 0.4939, 0.4939, 0.4939, 0.4939, 0.4939, 0.4939, 0.4940,
        0.4940, 0.4939, 0.4939, 0.4940, 0.4939, 0.4939, 0.4939, 0.4939, 0.4939,
        0.4939, 0.4939, 0.4939, 0.4939, 0.4939, 0.4939, 0.4939, 0.4939, 0.4939,
        0.4939, 0.4939, 0.4939, 0.4939, 0.4939, 0.4940, 0.4939, 0.4939, 0.4939,
        0.4941, 0.4939, 0.4939, 0.4939, 0.4939, 0.4939, 0.4939, 0.4939, 0.4940,
        0.4940, 0.4939, 0.4940, 0.4939, 0.4939, 0.4939, 0.4939, 0.4939, 0.4939,
        0.4939, 0.4939, 0.4939, 0.4939, 0.4939, 0.4939, 0.4939, 0.4939, 0.4939,
        0.4939, 0.4941, 0.4939, 0.4940, 0.4939, 0.4939, 0.4939, 0.4939, 0.4939,
        0.4940, 0.4940, 0.4940, 0.4939, 0.4939, 0.4939, 0.4939, 0.4939, 0.4939,
        0.4939, 0.4939, 0.4939, 0.4939, 0.4939, 0.4939, 0.4939, 0.4939, 0.4939,
        0.4939, 0.4941, 0.4939, 0.4939, 0.4939, 0.4939, 0.4939, 0.4939, 0.4939,
        0.4939, 0.4939, 0.4939, 0.4939, 0.4939, 0.4939, 0.4939, 0.4939, 0.4939,
        0.4939, 0.4939, 0.4948, 0.4939, 0.4939, 0.4939, 0.4939, 0.4939, 0.4939,
        0.4939, 0.4939, 0.4939, 0.4940, 0.4941, 0.4939, 0.4939, 0.4939, 0.4941,
        0.4939, 0.4939, 0.4939, 0.4939, 0.4939, 0.4939, 0.4939, 0.4939, 0.4939,
        0.4939, 0.4939, 0.4939, 0.4941, 0.4939, 0.4939, 0.4940, 0.4940, 0.4939,
        0.4939, 0.4939, 0.4940, 0.4939, 0.4939, 0.4941, 0.4939, 0.4939, 0.4940,
        0.4939, 0.4939, 0.4939, 0.4940, 0.4939, 0.4939, 0.4939, 0.4940, 0.4939,
        0.4939, 0.4940, 0.4939, 0.4939, 0.4939, 0.4947, 0.4939, 0.4939, 0.4939,
        0.4939, 0.4940, 0.4939, 0.4939, 0.4939, 0.4939, 0.4940, 0.4939, 0.4939,
        0.4939, 0.4939, 0.4939, 0.4939, 0.4940, 0.4939, 0.4939, 0.4939, 0.4939,
        0.4939, 0.4939, 0.4939, 0.4939, 0.4939, 0.4939, 0.4939, 0.4939, 0.4939,
        0.4939, 0.4939, 0.4939, 0.4939, 0.4939, 0.4939, 0.4945, 0.4939, 0.4940,
        0.4939, 0.4939, 0.4939, 0.4939, 0.4939, 0.4939, 0.4939, 0.4939, 0.4939,
        0.4939, 0.4939, 0.4939, 0.4939, 0.4939, 0.4939, 0.4939, 0.4939, 0.4939,
        0.4939, 0.4940, 0.4939, 0.4940, 0.4939, 0.4939, 0.4939, 0.4939, 0.4939,
        0.4939, 0.4939, 0.4939, 0.4939, 0.4939, 0.4939, 0.4939, 0.4939, 0.4939,
        0.4939, 0.4939, 0.4939, 0.4939, 0.4939, 0.4939, 0.4939, 0.4939, 0.4939,
        0.4939, 0.4939, 0.4939, 0.4939, 0.4939, 0.4939, 0.4939, 0.4939, 0.4939,
        0.4941, 0.4939, 0.4939, 0.4939, 0.4940, 0.4939, 0.4939, 0.4939, 0.4939,
        0.4939, 0.4939, 0.4939, 0.4939, 0.4939, 0.4939, 0.4939, 0.4939, 0.4939,
        0.4940, 0.4939, 0.4939, 0.4939, 0.4939, 0.4939, 0.4939, 0.4939, 0.4948,
        0.4939, 0.4939, 0.4939, 0.4939, 0.4941, 0.4939, 0.4939, 0.4939, 0.4939,
        0.4939, 0.4939, 0.4939, 0.4940, 0.4939, 0.4940, 0.4939, 0.4939, 0.4939,
        0.4939, 0.4939, 0.4939, 0.4939, 0.4939, 0.4939, 0.4941, 0.4939, 0.4939,
        0.4939, 0.4940, 0.4939, 0.4939, 0.4939, 0.4939, 0.4939, 0.4939, 0.4940,
        0.4939, 0.4939, 0.4940, 0.4939, 0.4939, 0.4939, 0.4939, 0.4939, 0.4940,
        0.4939, 0.4939, 0.4939, 0.4939, 0.4939, 0.4939, 0.4940, 0.4940, 0.4939,
        0.4939, 0.4939, 0.4939, 0.4939, 0.4939, 0.4939, 0.4939, 0.4939, 0.4939,
        0.4939, 0.4939, 0.4939, 0.4939, 0.4939, 0.4939, 0.4939, 0.4939, 0.4939,
        0.4945, 0.4939, 0.4939, 0.4939], device='cuda:0',
       grad_fn=<RsubBackward1>)
That took 16194.561716556549 seconds


PS:

Read file </home/nguyenm5/coding/pinot/jul-14/active-semi-with-background/ProbabilityOfImprovement.stderr> for stderr output of this job.

Sender: LSF System <lsfadmin@lt22>
Subject: Job 15331118: <active-semi-with-background> in cluster <lila> Done

Job <active-semi-with-background> was submitted from host <lilac> by user <nguyenm5> in cluster <lila> at Mon Jul 13 23:59:56 2020
Job was executed on host(s) <12*lt22>, in queue <gpuqueue>, as user <nguyenm5> in cluster <lila> at Mon Jul 13 23:59:57 2020
</home/nguyenm5> was used as the home directory.
</home/nguyenm5/coding/pinot> was used as the working directory.
Started at Mon Jul 13 23:59:57 2020
Terminated at Tue Jul 14 04:35:34 2020
Results reported at Tue Jul 14 04:35:34 2020

Your job looked like:

------------------------------------------------------------
# LSBATCH: User input
/home/nguyenm5/anaconda3/envs/pinot/bin/python scripts/active/plotting_active.py --net semi --num_rounds 4 --num_trials 1 --num_epoch 750 --data moonshot --q 96 --acquisition ProbabilityOfImprovement --output_folder /home/nguyenm5/coding/pinot/jul-14/active-semi-with-background --index 4 --unlabeled_data moonshot_unlabeled_small
------------------------------------------------------------

Successfully completed.

Resource usage summary:

    CPU time :                                   159346.53 sec.
    Max Memory :                                 2 GB
    Average Memory :                             2.00 GB
    Total Requested Memory :                     192.00 GB
    Delta Memory :                               190.00 GB
    Max Swap :                                   -
    Max Processes :                              3
    Max Threads :                                20
    Run time :                                   16538 sec.
    Turnaround time :                            16538 sec.

The output (if any) follows:

0
scores from acquisition: probability_of_improvement
tensor([0.4947, 0.4947, 0.4947, 0.4947, 0.4947, 0.4947, 0.4947, 0.4947, 0.4947,
        0.4947, 0.4947, 0.4947, 0.4947, 0.4947, 0.4947, 0.4947, 0.4947, 0.4947,
        0.4948, 0.4947, 0.4947, 0.4957, 0.4947, 0.4947, 0.4947, 0.4947, 0.4947,
        0.4947, 0.4947, 0.4947, 0.4947, 0.4947, 0.4947, 0.4947, 0.4947, 0.4947,
        0.4947, 0.4947, 0.4947, 0.4947, 0.4947, 0.4955, 0.4947, 0.4947, 0.4947,
        0.4948, 0.4947, 0.4951, 0.4947, 0.4947, 0.4947, 0.4947, 0.4947, 0.4947,
        0.4955, 0.4947, 0.4947, 0.4947, 0.4947, 0.4948, 0.4947, 0.4947, 0.4947,
        0.4947, 0.4947, 0.4947, 0.4947, 0.4947, 0.4947, 0.4947, 0.4947, 0.4947,
        0.4947, 0.4948, 0.4947, 0.4948, 0.4947, 0.4948, 0.4947, 0.4947, 0.4947,
        0.4948, 0.4948, 0.4948, 0.4947, 0.4947, 0.4947, 0.4947, 0.4947, 0.4948,
        0.4947, 0.4948, 0.4947, 0.4947, 0.4947, 0.4947, 0.4947, 0.4947, 0.4947,
        0.4947, 0.4948, 0.4948, 0.4947, 0.4947, 0.4947, 0.4947, 0.4947, 0.4947,
        0.4947, 0.4947, 0.4947, 0.4947, 0.4947, 0.4947, 0.4947, 0.4947, 0.4947,
        0.4947, 0.4947, 0.4948, 0.4947, 0.4947, 0.4955, 0.4947, 0.4947, 0.4947,
        0.4947, 0.4947, 0.4947, 0.4948, 0.4950, 0.4947, 0.4947, 0.4948, 0.4948,
        0.4947, 0.4947, 0.4947, 0.4947, 0.4947, 0.4947, 0.4947, 0.4947, 0.4947,
        0.4947, 0.4947, 0.4948, 0.4948, 0.4947, 0.4947, 0.4947, 0.4951, 0.4947,
        0.4947, 0.4947, 0.4948, 0.4947, 0.4947, 0.4948, 0.4947, 0.4947, 0.4950,
        0.4947, 0.4947, 0.4947, 0.4951, 0.4947, 0.4947, 0.4947, 0.4947, 0.4947,
        0.4947, 0.4947, 0.4947, 0.4947, 0.4947, 0.4948, 0.4947, 0.4947, 0.4947,
        0.4947, 0.4960, 0.4947, 0.4947, 0.4947, 0.4947, 0.4947, 0.4947, 0.4947,
        0.4947, 0.4947, 0.4947, 0.4948, 0.4947, 0.4947, 0.4947, 0.4947, 0.4947,
        0.4947, 0.4947, 0.4947, 0.4947, 0.4947, 0.4947, 0.4947, 0.4947, 0.4947,
        0.4947, 0.4947, 0.4947, 0.4947, 0.4947, 0.4947, 0.4948, 0.4947, 0.4947,
        0.4947, 0.4947, 0.4947, 0.4947, 0.4947, 0.4947, 0.4947, 0.4947, 0.4947,
        0.4947, 0.4947, 0.4947, 0.4947, 0.4947, 0.4947, 0.4947, 0.4947, 0.4947,
        0.4947, 0.4948, 0.4947, 0.4948, 0.4947, 0.4947, 0.4947, 0.4947, 0.4948,
        0.4947, 0.4947, 0.4947, 0.4947, 0.4947, 0.4947, 0.4947, 0.4947, 0.4947,
        0.4947, 0.4947, 0.4947, 0.4947, 0.4947, 0.4947, 0.4947, 0.4947, 0.4947,
        0.4947, 0.4947, 0.4947, 0.4947, 0.4947, 0.4947, 0.4947, 0.4947, 0.4947,
        0.4948, 0.4947, 0.4947, 0.4947, 0.4948, 0.4947, 0.4947, 0.4947, 0.4947,
        0.4947, 0.4947, 0.4947, 0.4947, 0.4947, 0.4947, 0.4947, 0.4947, 0.4947,
        0.4947, 0.4947, 0.4947, 0.4947, 0.4947, 0.4947, 0.4947, 0.4947, 0.4948,
        0.4947, 0.4947, 0.4947, 0.4947, 0.4948, 0.4947, 0.4947, 0.4947, 0.4947,
        0.4947, 0.4947, 0.4947, 0.4947, 0.4947, 0.4948, 0.4947, 0.4947, 0.4947,
        0.4947, 0.4947, 0.4947, 0.4947, 0.4947, 0.4947, 0.4948, 0.4947, 0.4947,
        0.4947, 0.4948, 0.4947, 0.4947, 0.4947, 0.4947, 0.4948, 0.4947, 0.4948,
        0.4947, 0.4947, 0.4947, 0.4947, 0.4947, 0.4947, 0.4947, 0.4947, 0.4947,
        0.4947, 0.4947, 0.4947, 0.4947, 0.4947, 0.4947, 0.4947, 0.4947, 0.4947,
        0.4947, 0.4947, 0.4947, 0.4947, 0.4948, 0.4947, 0.4947, 0.4947, 0.4947,
        0.4947, 0.4947, 0.4947, 0.4947, 0.4947, 0.4947, 0.4947, 0.4947, 0.4948,
        0.4947, 0.4947, 0.4947, 0.4948], device='cuda:0',
       grad_fn=<RsubBackward1>)
That took 16509.60853409767 seconds


PS:

Read file </home/nguyenm5/coding/pinot/jul-14/active-semi-with-background/ProbabilityOfImprovement.stderr> for stderr output of this job.

Sender: LSF System <lsfadmin@lt06>
Subject: Job 15331116: <active-semi-with-background> in cluster <lila> Done

Job <active-semi-with-background> was submitted from host <lilac> by user <nguyenm5> in cluster <lila> at Mon Jul 13 23:59:56 2020
Job was executed on host(s) <12*lt06>, in queue <gpuqueue>, as user <nguyenm5> in cluster <lila> at Mon Jul 13 23:59:56 2020
</home/nguyenm5> was used as the home directory.
</home/nguyenm5/coding/pinot> was used as the working directory.
Started at Mon Jul 13 23:59:56 2020
Terminated at Tue Jul 14 04:39:38 2020
Results reported at Tue Jul 14 04:39:38 2020

Your job looked like:

------------------------------------------------------------
# LSBATCH: User input
/home/nguyenm5/anaconda3/envs/pinot/bin/python scripts/active/plotting_active.py --net semi --num_rounds 4 --num_trials 1 --num_epoch 750 --data moonshot --q 96 --acquisition ProbabilityOfImprovement --output_folder /home/nguyenm5/coding/pinot/jul-14/active-semi-with-background --index 2 --unlabeled_data moonshot_unlabeled_small
------------------------------------------------------------

Successfully completed.

Resource usage summary:

    CPU time :                                   162334.17 sec.
    Max Memory :                                 2 GB
    Average Memory :                             2.00 GB
    Total Requested Memory :                     192.00 GB
    Delta Memory :                               190.00 GB
    Max Swap :                                   -
    Max Processes :                              3
    Max Threads :                                20
    Run time :                                   16783 sec.
    Turnaround time :                            16782 sec.

The output (if any) follows:

0
scores from acquisition: probability_of_improvement
tensor([0.4964, 0.4964, 0.4964, 0.4964, 0.4964, 0.4964, 0.4964, 0.4964, 0.4964,
        0.4964, 0.4964, 0.4964, 0.4964, 0.4964, 0.4964, 0.4964, 0.4964, 0.4964,
        0.4964, 0.4964, 0.4964, 0.4964, 0.4964, 0.4964, 0.4964, 0.4964, 0.4964,
        0.4964, 0.4964, 0.4964, 0.4964, 0.4964, 0.4964, 0.4964, 0.4964, 0.4964,
        0.4964, 0.4964, 0.4964, 0.4964, 0.4964, 0.4965, 0.4964, 0.4964, 0.4964,
        0.4965, 0.4964, 0.4964, 0.4964, 0.4964, 0.4964, 0.4964, 0.4964, 0.4966,
        0.4964, 0.4964, 0.4965, 0.4964, 0.4964, 0.4964, 0.4964, 0.4964, 0.4964,
        0.4964, 0.4964, 0.4964, 0.4964, 0.4965, 0.4964, 0.4964, 0.4964, 0.4964,
        0.4964, 0.4966, 0.4964, 0.4964, 0.4964, 0.4964, 0.4964, 0.4964, 0.4964,
        0.4964, 0.4964, 0.4967, 0.4964, 0.4964, 0.4964, 0.4964, 0.4964, 0.4964,
        0.4964, 0.4964, 0.4964, 0.4964, 0.4964, 0.4964, 0.4964, 0.4964, 0.4964,
        0.4964, 0.4966, 0.4964, 0.4964, 0.4964, 0.4964, 0.4964, 0.4964, 0.4964,
        0.4964, 0.4964, 0.4964, 0.4964, 0.4964, 0.4964, 0.4964, 0.4964, 0.4964,
        0.4964, 0.4964, 0.4980, 0.4964, 0.4964, 0.4964, 0.4964, 0.4964, 0.4964,
        0.4964, 0.4964, 0.4964, 0.4965, 0.4965, 0.4964, 0.4964, 0.4964, 0.4965,
        0.4964, 0.4964, 0.4964, 0.4964, 0.4964, 0.4964, 0.4964, 0.4964, 0.4964,
        0.4964, 0.4964, 0.4964, 0.4968, 0.4964, 0.4964, 0.4965, 0.4964, 0.4964,
        0.4964, 0.4964, 0.4964, 0.4964, 0.4964, 0.4969, 0.4964, 0.4964, 0.4964,
        0.4964, 0.4964, 0.4964, 0.4964, 0.4964, 0.4964, 0.4964, 0.4967, 0.4964,
        0.4964, 0.4965, 0.4964, 0.4964, 0.4964, 0.4964, 0.4964, 0.4964, 0.4964,
        0.4964, 0.4964, 0.4964, 0.4964, 0.4964, 0.4966, 0.4964, 0.4964, 0.4964,
        0.4964, 0.4964, 0.4964, 0.4966, 0.4964, 0.4964, 0.4964, 0.4964, 0.4964,
        0.4964, 0.4964, 0.4964, 0.4964, 0.4964, 0.4964, 0.4964, 0.4964, 0.4964,
        0.4964, 0.4964, 0.4964, 0.4964, 0.4964, 0.4974, 0.4964, 0.4964, 0.4964,
        0.4964, 0.4964, 0.4964, 0.4964, 0.4964, 0.4964, 0.4964, 0.4964, 0.4964,
        0.4964, 0.4964, 0.4964, 0.4964, 0.4964, 0.4964, 0.4964, 0.4964, 0.4964,
        0.4964, 0.4964, 0.4964, 0.4964, 0.4964, 0.4964, 0.4964, 0.4964, 0.4964,
        0.4964, 0.4964, 0.4964, 0.4964, 0.4964, 0.4964, 0.4964, 0.4964, 0.4964,
        0.4964, 0.4964, 0.4964, 0.4964, 0.4964, 0.4964, 0.4964, 0.4964, 0.4964,
        0.4964, 0.4964, 0.4964, 0.4964, 0.4964, 0.4964, 0.4964, 0.4964, 0.4965,
        0.4964, 0.4964, 0.4964, 0.4965, 0.4964, 0.4964, 0.4964, 0.4964, 0.4964,
        0.4964, 0.4964, 0.4964, 0.4964, 0.4964, 0.4964, 0.4964, 0.4964, 0.4965,
        0.4964, 0.4964, 0.4964, 0.4964, 0.4964, 0.4964, 0.4964, 0.4967, 0.4964,
        0.4964, 0.4964, 0.4964, 0.4966, 0.4964, 0.4964, 0.4964, 0.4964, 0.4964,
        0.4964, 0.4964, 0.4964, 0.4964, 0.4965, 0.4964, 0.4964, 0.4964, 0.4964,
        0.4964, 0.4964, 0.4964, 0.4964, 0.4964, 0.4966, 0.4964, 0.4964, 0.4964,
        0.4964, 0.4964, 0.4964, 0.4964, 0.4964, 0.4964, 0.4964, 0.4964, 0.4964,
        0.4964, 0.4966, 0.4964, 0.4964, 0.4964, 0.4964, 0.4964, 0.4964, 0.4964,
        0.4964, 0.4964, 0.4964, 0.4964, 0.4964, 0.4964, 0.4964, 0.4964, 0.4964,
        0.4964, 0.4964, 0.4964, 0.4964, 0.4964, 0.4964, 0.4964, 0.4964, 0.4964,
        0.4964, 0.4964, 0.4964, 0.4964, 0.4964, 0.4964, 0.4964, 0.4964, 0.4971,
        0.4964, 0.4964, 0.4964, 0.4969], device='cuda:0',
       grad_fn=<RsubBackward1>)
That took 16761.988354444504 seconds


PS:

Read file </home/nguyenm5/coding/pinot/jul-14/active-semi-with-background/ProbabilityOfImprovement.stderr> for stderr output of this job.

Sender: LSF System <lsfadmin@lt22>
Subject: Job 15331117: <active-semi-with-background> in cluster <lila> Done

Job <active-semi-with-background> was submitted from host <lilac> by user <nguyenm5> in cluster <lila> at Mon Jul 13 23:59:56 2020
Job was executed on host(s) <12*lt22>, in queue <gpuqueue>, as user <nguyenm5> in cluster <lila> at Mon Jul 13 23:59:56 2020
</home/nguyenm5> was used as the home directory.
</home/nguyenm5/coding/pinot> was used as the working directory.
Started at Mon Jul 13 23:59:56 2020
Terminated at Tue Jul 14 08:41:05 2020
Results reported at Tue Jul 14 08:41:05 2020

Your job looked like:

------------------------------------------------------------
# LSBATCH: User input
/home/nguyenm5/anaconda3/envs/pinot/bin/python scripts/active/plotting_active.py --net semi --num_rounds 4 --num_trials 1 --num_epoch 750 --data moonshot --q 96 --acquisition ProbabilityOfImprovement --output_folder /home/nguyenm5/coding/pinot/jul-14/active-semi-with-background --index 3 --unlabeled_data moonshot_unlabeled_small
------------------------------------------------------------

Successfully completed.

Resource usage summary:

    CPU time :                                   306513.31 sec.
    Max Memory :                                 2 GB
    Average Memory :                             2.00 GB
    Total Requested Memory :                     192.00 GB
    Delta Memory :                               190.00 GB
    Max Swap :                                   -
    Max Processes :                              3
    Max Threads :                                20
    Run time :                                   31268 sec.
    Turnaround time :                            31269 sec.

The output (if any) follows:

0
scores from acquisition: probability_of_improvement
tensor([0.4956, 0.4956, 0.4956, 0.4956, 0.4956, 0.4957, 0.4956, 0.4956, 0.4956,
        0.4956, 0.4956, 0.4956, 0.4956, 0.4956, 0.4956, 0.4956, 0.4956, 0.4956,
        0.4956, 0.4956, 0.4956, 0.4956, 0.4956, 0.4956, 0.4956, 0.4956, 0.4956,
        0.4956, 0.4956, 0.4956, 0.4956, 0.4956, 0.4956, 0.4956, 0.4956, 0.4956,
        0.4956, 0.4956, 0.4956, 0.4956, 0.4957, 0.4956, 0.4956, 0.4956, 0.4956,
        0.4956, 0.4956, 0.4956, 0.4956, 0.4956, 0.4956, 0.4957, 0.4956, 0.4956,
        0.4956, 0.4957, 0.4956, 0.4956, 0.4956, 0.4956, 0.4956, 0.4956, 0.4958,
        0.4956, 0.4956, 0.4956, 0.4956, 0.4956, 0.4956, 0.4956, 0.4956, 0.4964,
        0.4956, 0.4956, 0.4956, 0.4956, 0.4956, 0.4956, 0.4956, 0.4956, 0.4956,
        0.4956, 0.4956, 0.4956, 0.4956, 0.4956, 0.4956, 0.4956, 0.4956, 0.4956,
        0.4956, 0.4956, 0.4956, 0.4956, 0.4962, 0.4956, 0.4957, 0.4956, 0.4958,
        0.4956, 0.4956, 0.4956, 0.4956, 0.4956, 0.4956, 0.4956, 0.4957, 0.4956,
        0.4956, 0.4956, 0.4956, 0.4956, 0.4956, 0.4956, 0.4956, 0.4956, 0.4956,
        0.4956, 0.4956, 0.4956, 0.4956, 0.4956, 0.4956, 0.4956, 0.4956, 0.4956,
        0.4956, 0.4962, 0.4956, 0.4956, 0.4956, 0.4956, 0.4956, 0.4956, 0.4956,
        0.4956, 0.4956, 0.4956, 0.4956, 0.4962, 0.4956, 0.4956, 0.4957, 0.4956,
        0.4956, 0.4956, 0.4956, 0.4956, 0.4956, 0.4956, 0.4956, 0.4956, 0.4956,
        0.4956, 0.4956, 0.4956, 0.4956, 0.4964, 0.4956, 0.4956, 0.4956, 0.4956,
        0.4956, 0.4957, 0.4956, 0.4956, 0.4956, 0.4956, 0.4960, 0.4956, 0.4957,
        0.4956, 0.4956, 0.4956, 0.4956, 0.4956, 0.4956, 0.4956, 0.4956, 0.4956,
        0.4956, 0.4956, 0.4961, 0.4956, 0.4956, 0.4956, 0.4956, 0.4956, 0.4956,
        0.4956, 0.4957, 0.4956, 0.4956, 0.4956, 0.4956, 0.4956, 0.4956, 0.4957,
        0.4956, 0.4956, 0.4956, 0.4956, 0.4956, 0.4956, 0.4956, 0.4956, 0.4956,
        0.4956, 0.4956, 0.4956, 0.4956, 0.4957, 0.4956, 0.4956, 0.4956, 0.4956,
        0.4956, 0.4956, 0.4956, 0.4957, 0.4956, 0.4959, 0.4956, 0.4956, 0.4956,
        0.4967, 0.4956, 0.4956, 0.4956, 0.4956, 0.4956, 0.4956, 0.4956, 0.4956,
        0.4956, 0.4956, 0.4956, 0.4956, 0.4956, 0.4957, 0.4956, 0.4956, 0.4956,
        0.4956, 0.4957, 0.4956, 0.4956, 0.4962, 0.4956, 0.4956, 0.4956, 0.4956,
        0.4956, 0.4956, 0.4956, 0.4956, 0.4956, 0.4956, 0.4956, 0.4956, 0.4956,
        0.4956, 0.4957, 0.4956, 0.4956, 0.4956, 0.4956, 0.4956, 0.4956, 0.4956,
        0.4960, 0.4956, 0.4956, 0.4956, 0.4957, 0.4956, 0.4956, 0.4956, 0.4956,
        0.4956, 0.4956, 0.4956, 0.4956, 0.4956, 0.4956, 0.4956, 0.4959, 0.4956,
        0.4956, 0.4956, 0.4956, 0.4956, 0.4956, 0.4956, 0.4956, 0.4956, 0.4956,
        0.4956, 0.4956, 0.4956, 0.4956, 0.4956, 0.4956, 0.4963, 0.4956, 0.4956,
        0.4961, 0.4957, 0.4956, 0.4956, 0.4956, 0.4956, 0.4957, 0.4956, 0.4956,
        0.4956, 0.4956, 0.4956, 0.4956, 0.4956, 0.4956, 0.4956, 0.4963, 0.4956,
        0.4956, 0.4956, 0.4956, 0.4956, 0.4957, 0.4956, 0.4956, 0.4956, 0.4956,
        0.4956, 0.4956, 0.4956, 0.4956, 0.4956, 0.4956, 0.4956, 0.4956, 0.4956,
        0.4956, 0.4956, 0.4956, 0.4956, 0.4956, 0.4956, 0.4956, 0.4956, 0.4963,
        0.4956, 0.4956, 0.4956, 0.4956, 0.4956, 0.4956, 0.4956, 0.4956, 0.4956,
        0.4956, 0.4956, 0.4956, 0.4956, 0.4956, 0.4956, 0.4956, 0.4956, 0.4956,
        0.4956, 0.4956, 0.4957, 0.4956], device='cuda:0',
       grad_fn=<RsubBackward1>)
scores from acquisition: probability_of_improvement
tensor([1.4990e-02, 4.9471e-02, 1.8451e-02, 2.2187e-02, 1.0811e-01, 1.7226e-05,
        4.7825e-03, 1.0620e-03, 4.5498e-02, 8.0760e-02, 1.0942e-01, 1.2434e-01,
        7.4823e-02, 1.6015e-01, 9.2956e-02, 6.1691e-05, 2.6774e-04, 5.6028e-05,
        5.7233e-02, 2.9358e-03, 5.3644e-06, 9.2464e-02, 7.4693e-02, 2.3956e-02,
        1.1426e-01, 4.8178e-02, 2.3842e-07, 1.0204e-01, 3.0077e-04, 8.1248e-02,
        4.3124e-04, 1.5616e-04, 1.9139e-02, 3.1740e-02, 1.9230e-02, 4.4104e-02,
        8.6404e-02, 4.7183e-04, 8.4403e-02, 7.7424e-02, 2.2757e-03, 1.0082e-03,
        6.5998e-03, 7.4577e-04, 8.1928e-02, 1.2249e-03, 9.7978e-02, 3.0813e-02,
        9.2256e-04, 1.5525e-02, 1.0296e-01, 9.9754e-04, 7.4744e-05, 4.6015e-04,
        3.7789e-05, 2.5553e-04, 6.4223e-02, 1.2979e-01, 1.6446e-01, 1.1990e-01,
        1.0371e-05, 1.9483e-02, 8.8985e-02, 1.4825e-01, 1.6227e-03, 2.4047e-02,
        9.3516e-02, 9.4175e-05, 1.7768e-04, 1.6196e-03, 3.2753e-03, 1.9012e-02,
        1.3900e-04, 7.0792e-02, 1.4877e-01, 5.9083e-02, 1.9466e-02, 9.7659e-02,
        2.2471e-04, 6.3181e-06, 4.4231e-03, 6.6596e-02, 1.6377e-02, 2.0965e-03,
        4.7777e-02, 9.2955e-02, 7.9945e-02, 2.4636e-02, 4.1485e-04, 8.5710e-02,
        7.2964e-02, 8.8496e-02, 6.6819e-02, 1.1206e-05, 5.4299e-02, 3.3585e-02,
        1.1849e-01, 1.1259e-03, 2.4407e-03, 2.6762e-04, 6.8475e-02, 6.7779e-03,
        1.1615e-03, 4.2640e-03, 8.2441e-02, 5.8219e-02, 3.9625e-04, 1.3459e-01,
        5.9949e-03, 4.1923e-03, 6.0225e-04, 7.7842e-02, 9.7925e-02, 1.1600e-01,
        9.7425e-02, 1.9264e-02, 5.3708e-02, 1.0518e-03, 1.2213e-02, 9.4078e-02,
        7.0377e-02, 4.4715e-03, 1.0042e-01, 9.7275e-05, 1.3366e-03, 9.5509e-02,
        1.5857e-01, 1.4406e-01, 3.9618e-02, 4.0046e-02, 4.5472e-02, 1.7024e-01,
        1.0999e-01, 2.4590e-03, 1.2321e-01, 1.1390e-02, 1.2729e-03, 1.5558e-02,
        3.8554e-02, 7.8851e-04, 9.3429e-02, 9.4032e-04, 1.5531e-01, 8.1769e-02,
        6.4828e-02, 2.8205e-04, 2.6857e-03, 1.2171e-04, 1.2236e-01, 1.1091e-01,
        1.1572e-01, 1.1046e-01, 3.1541e-03, 9.0888e-02, 6.0754e-03, 1.1881e-01,
        7.0369e-02, 3.8185e-03, 2.1636e-04, 1.6725e-01, 2.6139e-03, 1.6162e-03,
        1.4372e-02, 1.0991e-01, 1.5733e-01, 1.6815e-01, 6.8693e-02, 2.6131e-04,
        6.7162e-02, 2.8396e-02, 9.2416e-02, 3.1479e-02, 1.1975e-01, 8.3303e-04,
        1.2149e-01, 5.7623e-03, 1.1921e-01, 2.6619e-04, 1.9741e-03, 1.5497e-06,
        2.7386e-02, 4.8045e-02, 8.0906e-02, 1.3543e-01, 1.5332e-01, 5.6136e-03,
        1.1428e-03, 2.9002e-03, 9.9574e-02, 9.9123e-05, 6.7697e-02, 1.2605e-01,
        1.5930e-01, 3.4380e-04, 1.5442e-03, 1.8313e-02, 7.5809e-02, 3.5787e-03,
        5.6419e-02, 2.8258e-02, 1.3542e-04, 5.3674e-04, 7.7248e-04, 9.7993e-02,
        5.6551e-03, 9.4507e-02, 8.7023e-06, 2.3232e-03, 2.8758e-02, 6.8431e-02,
        1.3916e-01, 9.0480e-04, 1.4207e-02, 4.5295e-02, 3.6894e-02, 1.6706e-01,
        1.4415e-01, 8.8901e-02, 7.4011e-02, 1.2606e-04, 1.5987e-01, 9.0029e-02,
        3.3473e-02, 1.0220e-02, 1.1275e-03, 5.5790e-02, 2.9758e-02, 4.6670e-05,
        1.2187e-01, 1.7881e-05, 9.9846e-03, 2.0532e-02, 3.9101e-05, 9.2708e-02,
        2.6736e-03, 6.1622e-02, 1.0721e-01, 1.2761e-02, 1.1998e-01, 1.4539e-02,
        1.4487e-01, 1.4737e-03, 7.1562e-02, 9.9537e-03, 1.1694e-04, 4.9150e-04,
        8.8834e-02, 1.4419e-01, 1.8007e-02, 8.8156e-02, 6.7876e-02, 4.9948e-03,
        1.1286e-02, 9.3183e-02, 1.6522e-04, 8.8429e-02, 2.6212e-02, 7.8639e-02,
        4.2556e-02, 7.2241e-05, 1.4936e-02, 4.5240e-03, 3.1343e-02, 5.4106e-02,
        3.9593e-03, 5.9843e-04, 5.7179e-03, 5.7269e-03, 6.4728e-02, 1.5789e-04,
        1.6637e-01, 5.7797e-03, 1.3203e-01, 8.0436e-04, 3.1074e-02, 5.3655e-02,
        1.0011e-03], device='cuda:0', grad_fn=<RsubBackward1>)
That took 31240.291890859604 seconds


PS:

Read file </home/nguyenm5/coding/pinot/jul-14/active-semi-with-background/ProbabilityOfImprovement.stderr> for stderr output of this job.

