Sender: LSF System <lsfadmin@lt10>
Subject: Job 14807171: <_gp_Adam_GraphConv_1e-3_-2> in cluster <lila> Done

Job <_gp_Adam_GraphConv_1e-3_-2> was submitted from host <lx12> by user <wangy1> in cluster <lila> at Mon Jun  8 22:41:38 2020
Job was executed on host(s) <12*lt10>, in queue <gpuqueue>, as user <wangy1> in cluster <lila> at Mon Jun  8 22:41:39 2020
</home/wangy1> was used as the home directory.
</data/chodera/wangyq/pinot/scripts/gp_comparison> was used as the working directory.
Started at Mon Jun  8 22:41:39 2020
Terminated at Mon Jun  8 22:48:30 2020
Results reported at Mon Jun  8 22:48:30 2020

Your job looked like:

------------------------------------------------------------
# LSBATCH: User input
python ../../pinot/app/gp_train.py --layer GraphConv --optimizer Adam --lr 1e-3 --out _gp_Adam_GraphConv_1e-3_-2 --log_sigma -2 --n_epochs 1000
------------------------------------------------------------

Successfully completed.

Resource usage summary:

    CPU time :                                   820.36 sec.
    Max Memory :                                 2 GB
    Average Memory :                             1.92 GB
    Total Requested Memory :                     48.00 GB
    Delta Memory :                               46.00 GB
    Max Swap :                                   -
    Max Processes :                              3
    Max Threads :                                20
    Run time :                                   411 sec.
    Turnaround time :                            412 sec.

The output (if any) follows:

Parameter containing:
tensor(-2., device='cuda:0', requires_grad=True)
Parameter containing:
tensor(-1.9990, device='cuda:0', requires_grad=True)
Parameter containing:
tensor(-1.9980, device='cuda:0', requires_grad=True)
Parameter containing:
tensor(-1.9971, device='cuda:0', requires_grad=True)
Parameter containing:
tensor(-1.9961, device='cuda:0', requires_grad=True)
Parameter containing:
tensor(-1.9952, device='cuda:0', requires_grad=True)
Parameter containing:
tensor(-1.9943, device='cuda:0', requires_grad=True)
Parameter containing:
tensor(-1.9934, device='cuda:0', requires_grad=True)
Parameter containing:
tensor(-1.9926, device='cuda:0', requires_grad=True)
Parameter containing:
tensor(-1.9917, device='cuda:0', requires_grad=True)
Parameter containing:
tensor(-1.9909, device='cuda:0', requires_grad=True)
Parameter containing:
tensor(-1.9901, device='cuda:0', requires_grad=True)
Parameter containing:
tensor(-1.9892, device='cuda:0', requires_grad=True)
Parameter containing:
tensor(-1.9884, device='cuda:0', requires_grad=True)
Parameter containing:
tensor(-1.9876, device='cuda:0', requires_grad=True)
Parameter containing:
tensor(-1.9867, device='cuda:0', requires_grad=True)
Parameter containing:
tensor(-1.9859, device='cuda:0', requires_grad=True)
Parameter containing:
tensor(-1.9851, device='cuda:0', requires_grad=True)
Parameter containing:
tensor(-1.9842, device='cuda:0', requires_grad=True)
Parameter containing:
tensor(-1.9834, device='cuda:0', requires_grad=True)
Parameter containing:
tensor(-1.9826, device='cuda:0', requires_grad=True)
Parameter containing:
tensor(-1.9817, device='cuda:0', requires_grad=True)
Parameter containing:
tensor(-1.9809, device='cuda:0', requires_grad=True)
Parameter containing:
tensor(-1.9801, device='cuda:0', requires_grad=True)
Parameter containing:
tensor(-1.9792, device='cuda:0', requires_grad=True)
Parameter containing:
tensor(-1.9784, device='cuda:0', requires_grad=True)
Parameter containing:
tensor(-1.9776, device='cuda:0', requires_grad=True)
Parameter containing:
tensor(-1.9768, device='cuda:0', requires_grad=True)
Parameter containing:
tensor(-1.9760, device='cuda:0', requires_grad=True)
Parameter containing:
tensor(-1.9751, device='cuda:0', requires_grad=True)
Parameter containing:
tensor(-1.9743, device='cuda:0', requires_grad=True)
Parameter containing:
tensor(-1.9735, device='cuda:0', requires_grad=True)
Parameter containing:
tensor(-1.9727, device='cuda:0', requires_grad=True)
Parameter containing:
tensor(-1.9719, device='cuda:0', requires_grad=True)
Parameter containing:
tensor(-1.9711, device='cuda:0', requires_grad=True)
Parameter containing:
tensor(-1.9703, device='cuda:0', requires_grad=True)
Parameter containing:
tensor(-1.9695, device='cuda:0', requires_grad=True)
Parameter containing:
tensor(-1.9687, device='cuda:0', requires_grad=True)
Parameter containing:
tensor(-1.9680, device='cuda:0', requires_grad=True)
Parameter containing:
tensor(-1.9672, device='cuda:0', requires_grad=True)
Parameter containing:
tensor(-1.9664, device='cuda:0', requires_grad=True)
Parameter containing:
tensor(-1.9656, device='cuda:0', requires_grad=True)
Parameter containing:
tensor(-1.9648, device='cuda:0', requires_grad=True)
Parameter containing:
tensor(-1.9641, device='cuda:0', requires_grad=True)
Parameter containing:
tensor(-1.9633, device='cuda:0', requires_grad=True)
Parameter containing:
tensor(-1.9625, device='cuda:0', requires_grad=True)
Parameter containing:
tensor(-1.9617, device='cuda:0', requires_grad=True)
Parameter containing:
tensor(-1.9610, device='cuda:0', requires_grad=True)
Parameter containing:
tensor(-1.9602, device='cuda:0', requires_grad=True)
Parameter containing:
tensor(-1.9594, device='cuda:0', requires_grad=True)
Parameter containing:
tensor(-1.9587, device='cuda:0', requires_grad=True)
Parameter containing:
tensor(-1.9579, device='cuda:0', requires_grad=True)
Parameter containing:
tensor(-1.9572, device='cuda:0', requires_grad=True)
Parameter containing:
tensor(-1.9564, device='cuda:0', requires_grad=True)
Parameter containing:
tensor(-1.9556, device='cuda:0', requires_grad=True)
Parameter containing:
tensor(-1.9549, device='cuda:0', requires_grad=True)
Parameter containing:
tensor(-1.9541, device='cuda:0', requires_grad=True)
Parameter containing:
tensor(-1.9533, device='cuda:0', requires_grad=True)
Parameter containing:
tensor(-1.9526, device='cuda:0', requires_grad=True)
Parameter containing:
tensor(-1.9518, device='cuda:0', requires_grad=True)
Parameter containing:
tensor(-1.9510, device='cuda:0', requires_grad=True)
Parameter containing:
tensor(-1.9503, device='cuda:0', requires_grad=True)
Parameter containing:
tensor(-1.9495, device='cuda:0', requires_grad=True)
Parameter containing:
tensor(-1.9487, device='cuda:0', requires_grad=True)
Parameter containing:
tensor(-1.9479, device='cuda:0', requires_grad=True)
Parameter containing:
tensor(-1.9472, device='cuda:0', requires_grad=True)
Parameter containing:
tensor(-1.9464, device='cuda:0', requires_grad=True)
Parameter containing:
tensor(-1.9456, device='cuda:0', requires_grad=True)
Parameter containing:
tensor(-1.9449, device='cuda:0', requires_grad=True)
Parameter containing:
tensor(-1.9441, device='cuda:0', requires_grad=True)
Parameter containing:
tensor(-1.9433, device='cuda:0', requires_grad=True)
Parameter containing:
tensor(-1.9426, device='cuda:0', requires_grad=True)
Parameter containing:
tensor(-1.9418, device='cuda:0', requires_grad=True)
Parameter containing:
tensor(-1.9411, device='cuda:0', requires_grad=True)
Parameter containing:
tensor(-1.9403, device='cuda:0', requires_grad=True)
Parameter containing:
tensor(-1.9396, device='cuda:0', requires_grad=True)
Parameter containing:
tensor(-1.9388, device='cuda:0', requires_grad=True)
Parameter containing:
tensor(-1.9381, device='cuda:0', requires_grad=True)
Parameter containing:
tensor(-1.9373, device='cuda:0', requires_grad=True)
Parameter containing:
tensor(-1.9366, device='cuda:0', requires_grad=True)
Parameter containing:
tensor(-1.9358, device='cuda:0', requires_grad=True)
Parameter containing:
tensor(-1.9351, device='cuda:0', requires_grad=True)
Parameter containing:
tensor(-1.9343, device='cuda:0', requires_grad=True)
Parameter containing:
tensor(-1.9336, device='cuda:0', requires_grad=True)
Parameter containing:
tensor(-1.9328, device='cuda:0', requires_grad=True)
Parameter containing:
tensor(-1.9321, device='cuda:0', requires_grad=True)
Parameter containing:
tensor(-1.9313, device='cuda:0', requires_grad=True)
Parameter containing:
tensor(-1.9306, device='cuda:0', requires_grad=True)
Parameter containing:
tensor(-1.9298, device='cuda:0', requires_grad=True)
Parameter containing:
tensor(-1.9291, device='cuda:0', requires_grad=True)
Parameter containing:
tensor(-1.9283, device='cuda:0', requires_grad=True)
Parameter containing:
tensor(-1.9276, device='cuda:0', requires_grad=True)
Parameter containing:
tensor(-1.9268, device='cuda:0', requires_grad=True)
Parameter containing:
tensor(-1.9261, device='cuda:0', requires_grad=True)
Parameter containing:
tensor(-1.9253, device='cuda:0', requires_grad=True)
Parameter containing:
tensor(-1.9246, device='cuda:0', requires_grad=True)
Parameter containing:
tensor(-1.9239, device='cuda:0', requires_grad=True)
Parameter containing:
tensor(-1.9231, device='cuda:0', requires_grad=True)
Parameter containing:
tensor(-1.9224, device='cuda:0', requires_grad=True)
Parameter containing:
tensor(-1.9216, device='cuda:0', requires_grad=True)
Parameter containing:
tensor(-1.9209, device='cuda:0', requires_grad=True)
Parameter containing:
tensor(-1.9202, device='cuda:0', requires_grad=True)
Parameter containing:
tensor(-1.9194, device='cuda:0', requires_grad=True)
Parameter containing:
tensor(-1.9187, device='cuda:0', requires_grad=True)
Parameter containing:
tensor(-1.9180, device='cuda:0', requires_grad=True)
Parameter containing:
tensor(-1.9173, device='cuda:0', requires_grad=True)
Parameter containing:
tensor(-1.9165, device='cuda:0', requires_grad=True)
Parameter containing:
tensor(-1.9158, device='cuda:0', requires_grad=True)
Parameter containing:
tensor(-1.9151, device='cuda:0', requires_grad=True)
Parameter containing:
tensor(-1.9144, device='cuda:0', requires_grad=True)
Parameter containing:
tensor(-1.9137, device='cuda:0', requires_grad=True)
Parameter containing:
tensor(-1.9130, device='cuda:0', requires_grad=True)
Parameter containing:
tensor(-1.9123, device='cuda:0', requires_grad=True)
Parameter containing:
tensor(-1.9116, device='cuda:0', requires_grad=True)
Parameter containing:
tensor(-1.9109, device='cuda:0', requires_grad=True)
Parameter containing:
tensor(-1.9102, device='cuda:0', requires_grad=True)
Parameter containing:
tensor(-1.9095, device='cuda:0', requires_grad=True)
Parameter containing:
tensor(-1.9088, device='cuda:0', requires_grad=True)
Parameter containing:
tensor(-1.9081, device='cuda:0', requires_grad=True)
Parameter containing:
tensor(-1.9074, device='cuda:0', requires_grad=True)
Parameter containing:
tensor(-1.9067, device='cuda:0', requires_grad=True)
Parameter containing:
tensor(-1.9060, device='cuda:0', requires_grad=True)
Parameter containing:
tensor(-1.9053, device='cuda:0', requires_grad=True)
Parameter containing:
tensor(-1.9046, device='cuda:0', requires_grad=True)
Parameter containing:
tensor(-1.9040, device='cuda:0', requires_grad=True)
Parameter containing:
tensor(-1.9033, device='cuda:0', requires_grad=True)
Parameter containing:
tensor(-1.9026, device='cuda:0', requires_grad=True)
Parameter containing:
tensor(-1.9019, device='cuda:0', requires_grad=True)
Parameter containing:
tensor(-1.9012, device='cuda:0', requires_grad=True)
Parameter containing:
tensor(-1.9005, device='cuda:0', requires_grad=True)
Parameter containing:
tensor(-1.8999, device='cuda:0', requires_grad=True)
Parameter containing:
tensor(-1.8992, device='cuda:0', requires_grad=True)
Parameter containing:
tensor(-1.8985, device='cuda:0', requires_grad=True)
Parameter containing:
tensor(-1.8978, device='cuda:0', requires_grad=True)
Parameter containing:
tensor(-1.8971, device='cuda:0', requires_grad=True)
Parameter containing:
tensor(-1.8964, device='cuda:0', requires_grad=True)
Parameter containing:
tensor(-1.8957, device='cuda:0', requires_grad=True)
Parameter containing:
tensor(-1.8951, device='cuda:0', requires_grad=True)
Parameter containing:
tensor(-1.8944, device='cuda:0', requires_grad=True)
Parameter containing:
tensor(-1.8938, device='cuda:0', requires_grad=True)
Parameter containing:
tensor(-1.8931, device='cuda:0', requires_grad=True)
Parameter containing:
tensor(-1.8925, device='cuda:0', requires_grad=True)
Parameter containing:
tensor(-1.8918, device='cuda:0', requires_grad=True)
Parameter containing:
tensor(-1.8912, device='cuda:0', requires_grad=True)
Parameter containing:
tensor(-1.8905, device='cuda:0', requires_grad=True)
Parameter containing:
tensor(-1.8899, device='cuda:0', requires_grad=True)
Parameter containing:
tensor(-1.8893, device='cuda:0', requires_grad=True)
Parameter containing:
tensor(-1.8886, device='cuda:0', requires_grad=True)
Parameter containing:
tensor(-1.8880, device='cuda:0', requires_grad=True)
Parameter containing:
tensor(-1.8873, device='cuda:0', requires_grad=True)
Parameter containing:
tensor(-1.8867, device='cuda:0', requires_grad=True)
Parameter containing:
tensor(-1.8861, device='cuda:0', requires_grad=True)
Parameter containing:
tensor(-1.8854, device='cuda:0', requires_grad=True)
Parameter containing:
tensor(-1.8848, device='cuda:0', requires_grad=True)
Parameter containing:
tensor(-1.8842, device='cuda:0', requires_grad=True)
Parameter containing:
tensor(-1.8836, device='cuda:0', requires_grad=True)
Parameter containing:
tensor(-1.8829, device='cuda:0', requires_grad=True)
Parameter containing:
tensor(-1.8823, device='cuda:0', requires_grad=True)
Parameter containing:
tensor(-1.8817, device='cuda:0', requires_grad=True)
Parameter containing:
tensor(-1.8811, device='cuda:0', requires_grad=True)
Parameter containing:
tensor(-1.8804, device='cuda:0', requires_grad=True)
Parameter containing:
tensor(-1.8798, device='cuda:0', requires_grad=True)
Parameter containing:
tensor(-1.8792, device='cuda:0', requires_grad=True)
Parameter containing:
tensor(-1.8786, device='cuda:0', requires_grad=True)
Parameter containing:
tensor(-1.8779, device='cuda:0', requires_grad=True)
Parameter containing:
tensor(-1.8773, device='cuda:0', requires_grad=True)
Parameter containing:
tensor(-1.8767, device='cuda:0', requires_grad=True)
Parameter containing:
tensor(-1.8761, device='cuda:0', requires_grad=True)
Parameter containing:
tensor(-1.8755, device='cuda:0', requires_grad=True)
Parameter containing:
tensor(-1.8749, device='cuda:0', requires_grad=True)
Parameter containing:
tensor(-1.8742, device='cuda:0', requires_grad=True)
Parameter containing:
tensor(-1.8736, device='cuda:0', requires_grad=True)
Parameter containing:
tensor(-1.8730, device='cuda:0', requires_grad=True)
Parameter containing:
tensor(-1.8724, device='cuda:0', requires_grad=True)
Parameter containing:
tensor(-1.8718, device='cuda:0', requires_grad=True)
Parameter containing:
tensor(-1.8712, device='cuda:0', requires_grad=True)
Parameter containing:
tensor(-1.8706, device='cuda:0', requires_grad=True)
Parameter containing:
tensor(-1.8699, device='cuda:0', requires_grad=True)
Parameter containing:
tensor(-1.8693, device='cuda:0', requires_grad=True)
Parameter containing:
tensor(-1.8687, device='cuda:0', requires_grad=True)
Parameter containing:
tensor(-1.8681, device='cuda:0', requires_grad=True)
Parameter containing:
tensor(-1.8675, device='cuda:0', requires_grad=True)
Parameter containing:
tensor(-1.8669, device='cuda:0', requires_grad=True)
Parameter containing:
tensor(-1.8663, device='cuda:0', requires_grad=True)
Parameter containing:
tensor(-1.8657, device='cuda:0', requires_grad=True)
Parameter containing:
tensor(-1.8652, device='cuda:0', requires_grad=True)
Parameter containing:
tensor(-1.8646, device='cuda:0', requires_grad=True)
Parameter containing:
tensor(-1.8640, device='cuda:0', requires_grad=True)
Parameter containing:
tensor(-1.8634, device='cuda:0', requires_grad=True)
Parameter containing:
tensor(-1.8629, device='cuda:0', requires_grad=True)
Parameter containing:
tensor(-1.8623, device='cuda:0', requires_grad=True)
Parameter containing:
tensor(-1.8617, device='cuda:0', requires_grad=True)
Parameter containing:
tensor(-1.8612, device='cuda:0', requires_grad=True)
Parameter containing:
tensor(-1.8606, device='cuda:0', requires_grad=True)
Parameter containing:
tensor(-1.8600, device='cuda:0', requires_grad=True)
Parameter containing:
tensor(-1.8595, device='cuda:0', requires_grad=True)
Parameter containing:
tensor(-1.8589, device='cuda:0', requires_grad=True)
Parameter containing:
tensor(-1.8583, device='cuda:0', requires_grad=True)
Parameter containing:
tensor(-1.8578, device='cuda:0', requires_grad=True)
Parameter containing:
tensor(-1.8572, device='cuda:0', requires_grad=True)
Parameter containing:
tensor(-1.8567, device='cuda:0', requires_grad=True)
Parameter containing:
tensor(-1.8561, device='cuda:0', requires_grad=True)
Parameter containing:
tensor(-1.8556, device='cuda:0', requires_grad=True)
Parameter containing:
tensor(-1.8550, device='cuda:0', requires_grad=True)
Parameter containing:
tensor(-1.8544, device='cuda:0', requires_grad=True)
Parameter containing:
tensor(-1.8539, device='cuda:0', requires_grad=True)
Parameter containing:
tensor(-1.8533, device='cuda:0', requires_grad=True)
Parameter containing:
tensor(-1.8528, device='cuda:0', requires_grad=True)
Parameter containing:
tensor(-1.8523, device='cuda:0', requires_grad=True)
Parameter containing:
tensor(-1.8517, device='cuda:0', requires_grad=True)
Parameter containing:
tensor(-1.8512, device='cuda:0', requires_grad=True)
Parameter containing:
tensor(-1.8507, device='cuda:0', requires_grad=True)
Parameter containing:
tensor(-1.8501, device='cuda:0', requires_grad=True)
Parameter containing:
tensor(-1.8496, device='cuda:0', requires_grad=True)
Parameter containing:
tensor(-1.8491, device='cuda:0', requires_grad=True)
Parameter containing:
tensor(-1.8485, device='cuda:0', requires_grad=True)
Parameter containing:
tensor(-1.8480, device='cuda:0', requires_grad=True)
Parameter containing:
tensor(-1.8475, device='cuda:0', requires_grad=True)
Parameter containing:
tensor(-1.8470, device='cuda:0', requires_grad=True)
Parameter containing:
tensor(-1.8464, device='cuda:0', requires_grad=True)
Parameter containing:
tensor(-1.8459, device='cuda:0', requires_grad=True)
Parameter containing:
tensor(-1.8454, device='cuda:0', requires_grad=True)
Parameter containing:
tensor(-1.8449, device='cuda:0', requires_grad=True)
Parameter containing:
tensor(-1.8444, device='cuda:0', requires_grad=True)
Parameter containing:
tensor(-1.8438, device='cuda:0', requires_grad=True)
Parameter containing:
tensor(-1.8433, device='cuda:0', requires_grad=True)
Parameter containing:
tensor(-1.8428, device='cuda:0', requires_grad=True)
Parameter containing:
tensor(-1.8423, device='cuda:0', requires_grad=True)
Parameter containing:
tensor(-1.8418, device='cuda:0', requires_grad=True)
Parameter containing:
tensor(-1.8413, device='cuda:0', requires_grad=True)
Parameter containing:
tensor(-1.8408, device='cuda:0', requires_grad=True)
Parameter containing:
tensor(-1.8403, device='cuda:0', requires_grad=True)
Parameter containing:
tensor(-1.8398, device='cuda:0', requires_grad=True)
Parameter containing:
tensor(-1.8393, device='cuda:0', requires_grad=True)
Parameter containing:
tensor(-1.8388, device='cuda:0', requires_grad=True)
Parameter containing:
tensor(-1.8383, device='cuda:0', requires_grad=True)
Parameter containing:
tensor(-1.8378, device='cuda:0', requires_grad=True)
Parameter containing:
tensor(-1.8373, device='cuda:0', requires_grad=True)
Parameter containing:
tensor(-1.8368, device='cuda:0', requires_grad=True)
Parameter containing:
tensor(-1.8363, device='cuda:0', requires_grad=True)
Parameter containing:
tensor(-1.8358, device='cuda:0', requires_grad=True)
Parameter containing:
tensor(-1.8354, device='cuda:0', requires_grad=True)
Parameter containing:
tensor(-1.8349, device='cuda:0', requires_grad=True)
Parameter containing:
tensor(-1.8344, device='cuda:0', requires_grad=True)
Parameter containing:
tensor(-1.8339, device='cuda:0', requires_grad=True)
Parameter containing:
tensor(-1.8334, device='cuda:0', requires_grad=True)
Parameter containing:
tensor(-1.8329, device='cuda:0', requires_grad=True)
Parameter containing:
tensor(-1.8325, device='cuda:0', requires_grad=True)
Parameter containing:
tensor(-1.8320, device='cuda:0', requires_grad=True)
Parameter containing:
tensor(-1.8315, device='cuda:0', requires_grad=True)
Parameter containing:
tensor(-1.8311, device='cuda:0', requires_grad=True)
Parameter containing:
tensor(-1.8306, device='cuda:0', requires_grad=True)
Parameter containing:
tensor(-1.8301, device='cuda:0', requires_grad=True)
Parameter containing:
tensor(-1.8297, device='cuda:0', requires_grad=True)
Parameter containing:
tensor(-1.8292, device='cuda:0', requires_grad=True)
Parameter containing:
tensor(-1.8288, device='cuda:0', requires_grad=True)
Parameter containing:
tensor(-1.8283, device='cuda:0', requires_grad=True)
Parameter containing:
tensor(-1.8279, device='cuda:0', requires_grad=True)
Parameter containing:
tensor(-1.8275, device='cuda:0', requires_grad=True)
Parameter containing:
tensor(-1.8270, device='cuda:0', requires_grad=True)
Parameter containing:
tensor(-1.8266, device='cuda:0', requires_grad=True)
Parameter containing:
tensor(-1.8262, device='cuda:0', requires_grad=True)
Parameter containing:
tensor(-1.8258, device='cuda:0', requires_grad=True)
Parameter containing:
tensor(-1.8253, device='cuda:0', requires_grad=True)
Parameter containing:
tensor(-1.8249, device='cuda:0', requires_grad=True)
Parameter containing:
tensor(-1.8245, device='cuda:0', requires_grad=True)
Parameter containing:
tensor(-1.8241, device='cuda:0', requires_grad=True)
Parameter containing:
tensor(-1.8237, device='cuda:0', requires_grad=True)
Parameter containing:
tensor(-1.8233, device='cuda:0', requires_grad=True)
Parameter containing:
tensor(-1.8229, device='cuda:0', requires_grad=True)
Parameter containing:
tensor(-1.8224, device='cuda:0', requires_grad=True)
Parameter containing:
tensor(-1.8220, device='cuda:0', requires_grad=True)
Parameter containing:
tensor(-1.8216, device='cuda:0', requires_grad=True)
Parameter containing:
tensor(-1.8213, device='cuda:0', requires_grad=True)
Parameter containing:
tensor(-1.8209, device='cuda:0', requires_grad=True)
Parameter containing:
tensor(-1.8205, device='cuda:0', requires_grad=True)
Parameter containing:
tensor(-1.8201, device='cuda:0', requires_grad=True)
Parameter containing:
tensor(-1.8197, device='cuda:0', requires_grad=True)
Parameter containing:
tensor(-1.8193, device='cuda:0', requires_grad=True)
Parameter containing:
tensor(-1.8190, device='cuda:0', requires_grad=True)
Parameter containing:
tensor(-1.8186, device='cuda:0', requires_grad=True)
Parameter containing:
tensor(-1.8183, device='cuda:0', requires_grad=True)
Parameter containing:
tensor(-1.8179, device='cuda:0', requires_grad=True)
Parameter containing:
tensor(-1.8175, device='cuda:0', requires_grad=True)
Parameter containing:
tensor(-1.8172, device='cuda:0', requires_grad=True)
Parameter containing:
tensor(-1.8168, device='cuda:0', requires_grad=True)
Parameter containing:
tensor(-1.8164, device='cuda:0', requires_grad=True)
Parameter containing:
tensor(-1.8160, device='cuda:0', requires_grad=True)
Parameter containing:
tensor(-1.8157, device='cuda:0', requires_grad=True)
Parameter containing:
tensor(-1.8153, device='cuda:0', requires_grad=True)
Parameter containing:
tensor(-1.8150, device='cuda:0', requires_grad=True)
Parameter containing:
tensor(-1.8146, device='cuda:0', requires_grad=True)
Parameter containing:
tensor(-1.8142, device='cuda:0', requires_grad=True)
Parameter containing:
tensor(-1.8138, device='cuda:0', requires_grad=True)
Parameter containing:
tensor(-1.8135, device='cuda:0', requires_grad=True)
Parameter containing:
tensor(-1.8131, device='cuda:0', requires_grad=True)
Parameter containing:
tensor(-1.8127, device='cuda:0', requires_grad=True)
Parameter containing:
tensor(-1.8124, device='cuda:0', requires_grad=True)
Parameter containing:
tensor(-1.8120, device='cuda:0', requires_grad=True)
Parameter containing:
tensor(-1.8116, device='cuda:0', requires_grad=True)
Parameter containing:
tensor(-1.8113, device='cuda:0', requires_grad=True)
Parameter containing:
tensor(-1.8109, device='cuda:0', requires_grad=True)
Parameter containing:
tensor(-1.8106, device='cuda:0', requires_grad=True)
Parameter containing:
tensor(-1.8102, device='cuda:0', requires_grad=True)
Parameter containing:
tensor(-1.8099, device='cuda:0', requires_grad=True)
Parameter containing:
tensor(-1.8096, device='cuda:0', requires_grad=True)
Parameter containing:
tensor(-1.8092, device='cuda:0', requires_grad=True)
Parameter containing:
tensor(-1.8089, device='cuda:0', requires_grad=True)
Parameter containing:
tensor(-1.8086, device='cuda:0', requires_grad=True)
Parameter containing:
tensor(-1.8083, device='cuda:0', requires_grad=True)
Parameter containing:
tensor(-1.8079, device='cuda:0', requires_grad=True)
Parameter containing:
tensor(-1.8076, device='cuda:0', requires_grad=True)
Parameter containing:
tensor(-1.8073, device='cuda:0', requires_grad=True)
Parameter containing:
tensor(-1.8070, device='cuda:0', requires_grad=True)
Parameter containing:
tensor(-1.8066, device='cuda:0', requires_grad=True)
Parameter containing:
tensor(-1.8063, device='cuda:0', requires_grad=True)
Parameter containing:
tensor(-1.8060, device='cuda:0', requires_grad=True)
Parameter containing:
tensor(-1.8056, device='cuda:0', requires_grad=True)
Parameter containing:
tensor(-1.8053, device='cuda:0', requires_grad=True)
Parameter containing:
tensor(-1.8049, device='cuda:0', requires_grad=True)
Parameter containing:
tensor(-1.8046, device='cuda:0', requires_grad=True)
Parameter containing:
tensor(-1.8043, device='cuda:0', requires_grad=True)
Parameter containing:
tensor(-1.8040, device='cuda:0', requires_grad=True)
Parameter containing:
tensor(-1.8037, device='cuda:0', requires_grad=True)
Parameter containing:
tensor(-1.8033, device='cuda:0', requires_grad=True)
Parameter containing:
tensor(-1.8030, device='cuda:0', requires_grad=True)
Parameter containing:
tensor(-1.8027, device='cuda:0', requires_grad=True)
Parameter containing:
tensor(-1.8024, device='cuda:0', requires_grad=True)
Parameter containing:
tensor(-1.8021, device='cuda:0', requires_grad=True)
Parameter containing:
tensor(-1.8018, device='cuda:0', requires_grad=True)
Parameter containing:
tensor(-1.8015, device='cuda:0', requires_grad=True)
Parameter containing:
tensor(-1.8012, device='cuda:0', requires_grad=True)
Parameter containing:
tensor(-1.8009, device='cuda:0', requires_grad=True)
Parameter containing:
tensor(-1.8006, device='cuda:0', requires_grad=True)
Parameter containing:
tensor(-1.8003, device='cuda:0', requires_grad=True)
Parameter containing:
tensor(-1.8000, device='cuda:0', requires_grad=True)
Parameter containing:
tensor(-1.7997, device='cuda:0', requires_grad=True)
Parameter containing:
tensor(-1.7994, device='cuda:0', requires_grad=True)
Parameter containing:
tensor(-1.7991, device='cuda:0', requires_grad=True)
Parameter containing:
tensor(-1.7988, device='cuda:0', requires_grad=True)
Parameter containing:
tensor(-1.7985, device='cuda:0', requires_grad=True)
Parameter containing:
tensor(-1.7982, device='cuda:0', requires_grad=True)
Parameter containing:
tensor(-1.7979, device='cuda:0', requires_grad=True)
Parameter containing:
tensor(-1.7977, device='cuda:0', requires_grad=True)
Parameter containing:
tensor(-1.7974, device='cuda:0', requires_grad=True)
Parameter containing:
tensor(-1.7971, device='cuda:0', requires_grad=True)
Parameter containing:
tensor(-1.7968, device='cuda:0', requires_grad=True)
Parameter containing:
tensor(-1.7966, device='cuda:0', requires_grad=True)
Parameter containing:
tensor(-1.7963, device='cuda:0', requires_grad=True)
Parameter containing:
tensor(-1.7960, device='cuda:0', requires_grad=True)
Parameter containing:
tensor(-1.7958, device='cuda:0', requires_grad=True)
Parameter containing:
tensor(-1.7955, device='cuda:0', requires_grad=True)
Parameter containing:
tensor(-1.7953, device='cuda:0', requires_grad=True)
Parameter containing:
tensor(-1.7950, device='cuda:0', requires_grad=True)
Parameter containing:
tensor(-1.7947, device='cuda:0', requires_grad=True)
Parameter containing:
tensor(-1.7944, device='cuda:0', requires_grad=True)
Parameter containing:
tensor(-1.7942, device='cuda:0', requires_grad=True)
Parameter containing:
tensor(-1.7939, device='cuda:0', requires_grad=True)
Parameter containing:
tensor(-1.7937, device='cuda:0', requires_grad=True)
Parameter containing:
tensor(-1.7934, device='cuda:0', requires_grad=True)
Parameter containing:
tensor(-1.7932, device='cuda:0', requires_grad=True)
Parameter containing:
tensor(-1.7929, device='cuda:0', requires_grad=True)
Parameter containing:
tensor(-1.7927, device='cuda:0', requires_grad=True)
Parameter containing:
tensor(-1.7924, device='cuda:0', requires_grad=True)
Parameter containing:
tensor(-1.7921, device='cuda:0', requires_grad=True)
Parameter containing:
tensor(-1.7918, device='cuda:0', requires_grad=True)
Parameter containing:
tensor(-1.7916, device='cuda:0', requires_grad=True)
Parameter containing:
tensor(-1.7913, device='cuda:0', requires_grad=True)
Parameter containing:
tensor(-1.7911, device='cuda:0', requires_grad=True)
Parameter containing:
tensor(-1.7908, device='cuda:0', requires_grad=True)
Parameter containing:
tensor(-1.7906, device='cuda:0', requires_grad=True)
Parameter containing:
tensor(-1.7903, device='cuda:0', requires_grad=True)
Parameter containing:
tensor(-1.7901, device='cuda:0', requires_grad=True)
Parameter containing:
tensor(-1.7899, device='cuda:0', requires_grad=True)
Parameter containing:
tensor(-1.7896, device='cuda:0', requires_grad=True)
Parameter containing:
tensor(-1.7894, device='cuda:0', requires_grad=True)
Parameter containing:
tensor(-1.7891, device='cuda:0', requires_grad=True)
Parameter containing:
tensor(-1.7888, device='cuda:0', requires_grad=True)
Parameter containing:
tensor(-1.7885, device='cuda:0', requires_grad=True)
Parameter containing:
tensor(-1.7883, device='cuda:0', requires_grad=True)
Parameter containing:
tensor(-1.7880, device='cuda:0', requires_grad=True)
Parameter containing:
tensor(-1.7877, device='cuda:0', requires_grad=True)
Parameter containing:
tensor(-1.7874, device='cuda:0', requires_grad=True)
Parameter containing:
tensor(-1.7872, device='cuda:0', requires_grad=True)
Parameter containing:
tensor(-1.7869, device='cuda:0', requires_grad=True)
Parameter containing:
tensor(-1.7867, device='cuda:0', requires_grad=True)
Parameter containing:
tensor(-1.7865, device='cuda:0', requires_grad=True)
Parameter containing:
tensor(-1.7863, device='cuda:0', requires_grad=True)
Parameter containing:
tensor(-1.7861, device='cuda:0', requires_grad=True)
Parameter containing:
tensor(-1.7859, device='cuda:0', requires_grad=True)
Parameter containing:
tensor(-1.7857, device='cuda:0', requires_grad=True)
Parameter containing:
tensor(-1.7854, device='cuda:0', requires_grad=True)
Parameter containing:
tensor(-1.7852, device='cuda:0', requires_grad=True)
Parameter containing:
tensor(-1.7850, device='cuda:0', requires_grad=True)
Parameter containing:
tensor(-1.7848, device='cuda:0', requires_grad=True)
Parameter containing:
tensor(-1.7846, device='cuda:0', requires_grad=True)
Parameter containing:
tensor(-1.7844, device='cuda:0', requires_grad=True)
Parameter containing:
tensor(-1.7842, device='cuda:0', requires_grad=True)
Parameter containing:
tensor(-1.7840, device='cuda:0', requires_grad=True)
Parameter containing:
tensor(-1.7838, device='cuda:0', requires_grad=True)
Parameter containing:
tensor(-1.7836, device='cuda:0', requires_grad=True)
Parameter containing:
tensor(-1.7834, device='cuda:0', requires_grad=True)
Parameter containing:
tensor(-1.7832, device='cuda:0', requires_grad=True)
Parameter containing:
tensor(-1.7830, device='cuda:0', requires_grad=True)
Parameter containing:
tensor(-1.7828, device='cuda:0', requires_grad=True)
Parameter containing:
tensor(-1.7826, device='cuda:0', requires_grad=True)
Parameter containing:
tensor(-1.7823, device='cuda:0', requires_grad=True)
Parameter containing:
tensor(-1.7821, device='cuda:0', requires_grad=True)
Parameter containing:
tensor(-1.7819, device='cuda:0', requires_grad=True)
Parameter containing:
tensor(-1.7817, device='cuda:0', requires_grad=True)
Parameter containing:
tensor(-1.7815, device='cuda:0', requires_grad=True)
Parameter containing:
tensor(-1.7813, device='cuda:0', requires_grad=True)
Parameter containing:
tensor(-1.7810, device='cuda:0', requires_grad=True)
Parameter containing:
tensor(-1.7807, device='cuda:0', requires_grad=True)
Parameter containing:
tensor(-1.7805, device='cuda:0', requires_grad=True)
Parameter containing:
tensor(-1.7803, device='cuda:0', requires_grad=True)
Parameter containing:
tensor(-1.7801, device='cuda:0', requires_grad=True)
Parameter containing:
tensor(-1.7798, device='cuda:0', requires_grad=True)
Parameter containing:
tensor(-1.7796, device='cuda:0', requires_grad=True)
Parameter containing:
tensor(-1.7794, device='cuda:0', requires_grad=True)
Parameter containing:
tensor(-1.7792, device='cuda:0', requires_grad=True)
Parameter containing:
tensor(-1.7790, device='cuda:0', requires_grad=True)
Parameter containing:
tensor(-1.7788, device='cuda:0', requires_grad=True)
Parameter containing:
tensor(-1.7786, device='cuda:0', requires_grad=True)
Parameter containing:
tensor(-1.7784, device='cuda:0', requires_grad=True)
Parameter containing:
tensor(-1.7782, device='cuda:0', requires_grad=True)
Parameter containing:
tensor(-1.7780, device='cuda:0', requires_grad=True)
Parameter containing:
tensor(-1.7779, device='cuda:0', requires_grad=True)
Parameter containing:
tensor(-1.7777, device='cuda:0', requires_grad=True)
Parameter containing:
tensor(-1.7775, device='cuda:0', requires_grad=True)
Parameter containing:
tensor(-1.7773, device='cuda:0', requires_grad=True)
Parameter containing:
tensor(-1.7771, device='cuda:0', requires_grad=True)
Parameter containing:
tensor(-1.7769, device='cuda:0', requires_grad=True)
Parameter containing:
tensor(-1.7768, device='cuda:0', requires_grad=True)
Parameter containing:
tensor(-1.7766, device='cuda:0', requires_grad=True)
Parameter containing:
tensor(-1.7764, device='cuda:0', requires_grad=True)
Parameter containing:
tensor(-1.7762, device='cuda:0', requires_grad=True)
Parameter containing:
tensor(-1.7760, device='cuda:0', requires_grad=True)
Parameter containing:
tensor(-1.7758, device='cuda:0', requires_grad=True)
Parameter containing:
tensor(-1.7757, device='cuda:0', requires_grad=True)
Parameter containing:
tensor(-1.7755, device='cuda:0', requires_grad=True)
Parameter containing:
tensor(-1.7753, device='cuda:0', requires_grad=True)
Parameter containing:
tensor(-1.7752, device='cuda:0', requires_grad=True)
Parameter containing:
tensor(-1.7749, device='cuda:0', requires_grad=True)
Parameter containing:
tensor(-1.7746, device='cuda:0', requires_grad=True)
Parameter containing:
tensor(-1.7743, device='cuda:0', requires_grad=True)
Parameter containing:
tensor(-1.7739, device='cuda:0', requires_grad=True)
Parameter containing:
tensor(-1.7734, device='cuda:0', requires_grad=True)
Parameter containing:
tensor(-1.7730, device='cuda:0', requires_grad=True)
Parameter containing:
tensor(-1.7725, device='cuda:0', requires_grad=True)
Parameter containing:
tensor(-1.7721, device='cuda:0', requires_grad=True)
Parameter containing:
tensor(-1.7717, device='cuda:0', requires_grad=True)
Parameter containing:
tensor(-1.7713, device='cuda:0', requires_grad=True)
Parameter containing:
tensor(-1.7709, device='cuda:0', requires_grad=True)
Parameter containing:
tensor(-1.7705, device='cuda:0', requires_grad=True)
Parameter containing:
tensor(-1.7701, device='cuda:0', requires_grad=True)
Parameter containing:
tensor(-1.7698, device='cuda:0', requires_grad=True)
Parameter containing:
tensor(-1.7694, device='cuda:0', requires_grad=True)
Parameter containing:
tensor(-1.7691, device='cuda:0', requires_grad=True)
Parameter containing:
tensor(-1.7688, device='cuda:0', requires_grad=True)
Parameter containing:
tensor(-1.7685, device='cuda:0', requires_grad=True)
Parameter containing:
tensor(-1.7683, device='cuda:0', requires_grad=True)
Parameter containing:
tensor(-1.7680, device='cuda:0', requires_grad=True)
Parameter containing:
tensor(-1.7678, device='cuda:0', requires_grad=True)
Parameter containing:
tensor(-1.7676, device='cuda:0', requires_grad=True)
Parameter containing:
tensor(-1.7675, device='cuda:0', requires_grad=True)
Parameter containing:
tensor(-1.7673, device='cuda:0', requires_grad=True)
Parameter containing:
tensor(-1.7672, device='cuda:0', requires_grad=True)
Parameter containing:
tensor(-1.7671, device='cuda:0', requires_grad=True)
Parameter containing:
tensor(-1.7670, device='cuda:0', requires_grad=True)
Parameter containing:
tensor(-1.7669, device='cuda:0', requires_grad=True)
Parameter containing:
tensor(-1.7668, device='cuda:0', requires_grad=True)
Parameter containing:
tensor(-1.7667, device='cuda:0', requires_grad=True)
Parameter containing:
tensor(-1.7666, device='cuda:0', requires_grad=True)
Parameter containing:
tensor(-1.7665, device='cuda:0', requires_grad=True)
Parameter containing:
tensor(-1.7664, device='cuda:0', requires_grad=True)
Parameter containing:
tensor(-1.7663, device='cuda:0', requires_grad=True)
Parameter containing:
tensor(-1.7662, device='cuda:0', requires_grad=True)
Parameter containing:
tensor(-1.7661, device='cuda:0', requires_grad=True)
Parameter containing:
tensor(-1.7660, device='cuda:0', requires_grad=True)
Parameter containing:
tensor(-1.7659, device='cuda:0', requires_grad=True)
Parameter containing:
tensor(-1.7658, device='cuda:0', requires_grad=True)
Parameter containing:
tensor(-1.7657, device='cuda:0', requires_grad=True)
Parameter containing:
tensor(-1.7656, device='cuda:0', requires_grad=True)
Parameter containing:
tensor(-1.7655, device='cuda:0', requires_grad=True)
Parameter containing:
tensor(-1.7654, device='cuda:0', requires_grad=True)
Parameter containing:
tensor(-1.7652, device='cuda:0', requires_grad=True)
Parameter containing:
tensor(-1.7651, device='cuda:0', requires_grad=True)
Parameter containing:
tensor(-1.7649, device='cuda:0', requires_grad=True)
Parameter containing:
tensor(-1.7648, device='cuda:0', requires_grad=True)
Parameter containing:
tensor(-1.7646, device='cuda:0', requires_grad=True)
Parameter containing:
tensor(-1.7644, device='cuda:0', requires_grad=True)
Parameter containing:
tensor(-1.7643, device='cuda:0', requires_grad=True)
Parameter containing:
tensor(-1.7642, device='cuda:0', requires_grad=True)
Parameter containing:
tensor(-1.7640, device='cuda:0', requires_grad=True)
Parameter containing:
tensor(-1.7639, device='cuda:0', requires_grad=True)
Parameter containing:
tensor(-1.7638, device='cuda:0', requires_grad=True)
Parameter containing:
tensor(-1.7637, device='cuda:0', requires_grad=True)
Parameter containing:
tensor(-1.7636, device='cuda:0', requires_grad=True)
Parameter containing:
tensor(-1.7635, device='cuda:0', requires_grad=True)
Parameter containing:
tensor(-1.7633, device='cuda:0', requires_grad=True)
Parameter containing:
tensor(-1.7632, device='cuda:0', requires_grad=True)
Parameter containing:
tensor(-1.7631, device='cuda:0', requires_grad=True)
Parameter containing:
tensor(-1.7629, device='cuda:0', requires_grad=True)
Parameter containing:
tensor(-1.7628, device='cuda:0', requires_grad=True)
Parameter containing:
tensor(-1.7627, device='cuda:0', requires_grad=True)
Parameter containing:
tensor(-1.7626, device='cuda:0', requires_grad=True)
Parameter containing:
tensor(-1.7624, device='cuda:0', requires_grad=True)
Parameter containing:
tensor(-1.7623, device='cuda:0', requires_grad=True)
Parameter containing:
tensor(-1.7622, device='cuda:0', requires_grad=True)
Parameter containing:
tensor(-1.7620, device='cuda:0', requires_grad=True)
Parameter containing:
tensor(-1.7618, device='cuda:0', requires_grad=True)
Parameter containing:
tensor(-1.7617, device='cuda:0', requires_grad=True)
Parameter containing:
tensor(-1.7615, device='cuda:0', requires_grad=True)
Parameter containing:
tensor(-1.7614, device='cuda:0', requires_grad=True)
Parameter containing:
tensor(-1.7613, device='cuda:0', requires_grad=True)
Parameter containing:
tensor(-1.7612, device='cuda:0', requires_grad=True)
Parameter containing:
tensor(-1.7611, device='cuda:0', requires_grad=True)
Parameter containing:
tensor(-1.7610, device='cuda:0', requires_grad=True)
Parameter containing:
tensor(-1.7609, device='cuda:0', requires_grad=True)
Parameter containing:
tensor(-1.7608, device='cuda:0', requires_grad=True)
Parameter containing:
tensor(-1.7607, device='cuda:0', requires_grad=True)
Parameter containing:
tensor(-1.7606, device='cuda:0', requires_grad=True)
Parameter containing:
tensor(-1.7605, device='cuda:0', requires_grad=True)
Parameter containing:
tensor(-1.7604, device='cuda:0', requires_grad=True)
Parameter containing:
tensor(-1.7603, device='cuda:0', requires_grad=True)
Parameter containing:
tensor(-1.7602, device='cuda:0', requires_grad=True)
Parameter containing:
tensor(-1.7600, device='cuda:0', requires_grad=True)
Parameter containing:
tensor(-1.7599, device='cuda:0', requires_grad=True)
Parameter containing:
tensor(-1.7598, device='cuda:0', requires_grad=True)
Parameter containing:
tensor(-1.7598, device='cuda:0', requires_grad=True)
Parameter containing:
tensor(-1.7597, device='cuda:0', requires_grad=True)
Parameter containing:
tensor(-1.7596, device='cuda:0', requires_grad=True)
Parameter containing:
tensor(-1.7595, device='cuda:0', requires_grad=True)
Parameter containing:
tensor(-1.7594, device='cuda:0', requires_grad=True)
Parameter containing:
tensor(-1.7593, device='cuda:0', requires_grad=True)
Parameter containing:
tensor(-1.7593, device='cuda:0', requires_grad=True)
Parameter containing:
tensor(-1.7592, device='cuda:0', requires_grad=True)
Parameter containing:
tensor(-1.7591, device='cuda:0', requires_grad=True)
Parameter containing:
tensor(-1.7591, device='cuda:0', requires_grad=True)
Parameter containing:
tensor(-1.7590, device='cuda:0', requires_grad=True)
Parameter containing:
tensor(-1.7590, device='cuda:0', requires_grad=True)
Parameter containing:
tensor(-1.7589, device='cuda:0', requires_grad=True)
Parameter containing:
tensor(-1.7588, device='cuda:0', requires_grad=True)
Parameter containing:
tensor(-1.7588, device='cuda:0', requires_grad=True)
Parameter containing:
tensor(-1.7588, device='cuda:0', requires_grad=True)
Parameter containing:
tensor(-1.7587, device='cuda:0', requires_grad=True)
Parameter containing:
tensor(-1.7586, device='cuda:0', requires_grad=True)
Parameter containing:
tensor(-1.7586, device='cuda:0', requires_grad=True)
Parameter containing:
tensor(-1.7585, device='cuda:0', requires_grad=True)
Parameter containing:
tensor(-1.7583, device='cuda:0', requires_grad=True)
Parameter containing:
tensor(-1.7582, device='cuda:0', requires_grad=True)
Parameter containing:
tensor(-1.7581, device='cuda:0', requires_grad=True)
Parameter containing:
tensor(-1.7580, device='cuda:0', requires_grad=True)
Parameter containing:
tensor(-1.7579, device='cuda:0', requires_grad=True)
Parameter containing:
tensor(-1.7578, device='cuda:0', requires_grad=True)
Parameter containing:
tensor(-1.7577, device='cuda:0', requires_grad=True)
Parameter containing:
tensor(-1.7577, device='cuda:0', requires_grad=True)
Parameter containing:
tensor(-1.7576, device='cuda:0', requires_grad=True)
Parameter containing:
tensor(-1.7576, device='cuda:0', requires_grad=True)
Parameter containing:
tensor(-1.7576, device='cuda:0', requires_grad=True)
Parameter containing:
tensor(-1.7576, device='cuda:0', requires_grad=True)
Parameter containing:
tensor(-1.7576, device='cuda:0', requires_grad=True)
Parameter containing:
tensor(-1.7576, device='cuda:0', requires_grad=True)
Parameter containing:
tensor(-1.7576, device='cuda:0', requires_grad=True)
Parameter containing:
tensor(-1.7576, device='cuda:0', requires_grad=True)
Parameter containing:
tensor(-1.7576, device='cuda:0', requires_grad=True)
Parameter containing:
tensor(-1.7576, device='cuda:0', requires_grad=True)
Parameter containing:
tensor(-1.7576, device='cuda:0', requires_grad=True)
Parameter containing:
tensor(-1.7576, device='cuda:0', requires_grad=True)
Parameter containing:
tensor(-1.7576, device='cuda:0', requires_grad=True)
Parameter containing:
tensor(-1.7576, device='cuda:0', requires_grad=True)
Parameter containing:
tensor(-1.7575, device='cuda:0', requires_grad=True)
Parameter containing:
tensor(-1.7575, device='cuda:0', requires_grad=True)
Parameter containing:
tensor(-1.7575, device='cuda:0', requires_grad=True)
Parameter containing:
tensor(-1.7574, device='cuda:0', requires_grad=True)
Parameter containing:
tensor(-1.7574, device='cuda:0', requires_grad=True)
Parameter containing:
tensor(-1.7574, device='cuda:0', requires_grad=True)
Parameter containing:
tensor(-1.7574, device='cuda:0', requires_grad=True)
Parameter containing:
tensor(-1.7574, device='cuda:0', requires_grad=True)
Parameter containing:
tensor(-1.7573, device='cuda:0', requires_grad=True)
Parameter containing:
tensor(-1.7573, device='cuda:0', requires_grad=True)
Parameter containing:
tensor(-1.7573, device='cuda:0', requires_grad=True)
Parameter containing:
tensor(-1.7572, device='cuda:0', requires_grad=True)
Parameter containing:
tensor(-1.7571, device='cuda:0', requires_grad=True)
Parameter containing:
tensor(-1.7571, device='cuda:0', requires_grad=True)
Parameter containing:
tensor(-1.7570, device='cuda:0', requires_grad=True)
Parameter containing:
tensor(-1.7570, device='cuda:0', requires_grad=True)
Parameter containing:
tensor(-1.7570, device='cuda:0', requires_grad=True)
Parameter containing:
tensor(-1.7570, device='cuda:0', requires_grad=True)
Parameter containing:
tensor(-1.7570, device='cuda:0', requires_grad=True)
Parameter containing:
tensor(-1.7569, device='cuda:0', requires_grad=True)
Parameter containing:
tensor(-1.7569, device='cuda:0', requires_grad=True)
Parameter containing:
tensor(-1.7569, device='cuda:0', requires_grad=True)
Parameter containing:
tensor(-1.7568, device='cuda:0', requires_grad=True)
Parameter containing:
tensor(-1.7568, device='cuda:0', requires_grad=True)
Parameter containing:
tensor(-1.7568, device='cuda:0', requires_grad=True)
Parameter containing:
tensor(-1.7568, device='cuda:0', requires_grad=True)
Parameter containing:
tensor(-1.7568, device='cuda:0', requires_grad=True)
Parameter containing:
tensor(-1.7568, device='cuda:0', requires_grad=True)
Parameter containing:
tensor(-1.7567, device='cuda:0', requires_grad=True)
Parameter containing:
tensor(-1.7567, device='cuda:0', requires_grad=True)
Parameter containing:
tensor(-1.7567, device='cuda:0', requires_grad=True)
Parameter containing:
tensor(-1.7566, device='cuda:0', requires_grad=True)
Parameter containing:
tensor(-1.7566, device='cuda:0', requires_grad=True)
Parameter containing:
tensor(-1.7565, device='cuda:0', requires_grad=True)
Parameter containing:
tensor(-1.7564, device='cuda:0', requires_grad=True)
Parameter containing:
tensor(-1.7564, device='cuda:0', requires_grad=True)
Parameter containing:
tensor(-1.7563, device='cuda:0', requires_grad=True)
Parameter containing:
tensor(-1.7563, device='cuda:0', requires_grad=True)
Parameter containing:
tensor(-1.7563, device='cuda:0', requires_grad=True)
Parameter containing:
tensor(-1.7562, device='cuda:0', requires_grad=True)
Parameter containing:
tensor(-1.7562, device='cuda:0', requires_grad=True)
Parameter containing:
tensor(-1.7562, device='cuda:0', requires_grad=True)
Parameter containing:
tensor(-1.7562, device='cuda:0', requires_grad=True)
Parameter containing:
tensor(-1.7562, device='cuda:0', requires_grad=True)
Parameter containing:
tensor(-1.7562, device='cuda:0', requires_grad=True)
Parameter containing:
tensor(-1.7562, device='cuda:0', requires_grad=True)
Parameter containing:
tensor(-1.7562, device='cuda:0', requires_grad=True)
Parameter containing:
tensor(-1.7562, device='cuda:0', requires_grad=True)
Parameter containing:
tensor(-1.7562, device='cuda:0', requires_grad=True)
Parameter containing:
tensor(-1.7561, device='cuda:0', requires_grad=True)
Parameter containing:
tensor(-1.7561, device='cuda:0', requires_grad=True)
Parameter containing:
tensor(-1.7561, device='cuda:0', requires_grad=True)
Parameter containing:
tensor(-1.7561, device='cuda:0', requires_grad=True)
Parameter containing:
tensor(-1.7561, device='cuda:0', requires_grad=True)
Parameter containing:
tensor(-1.7561, device='cuda:0', requires_grad=True)
Parameter containing:
tensor(-1.7562, device='cuda:0', requires_grad=True)
Parameter containing:
tensor(-1.7562, device='cuda:0', requires_grad=True)
Parameter containing:
tensor(-1.7563, device='cuda:0', requires_grad=True)
Parameter containing:
tensor(-1.7563, device='cuda:0', requires_grad=True)
Parameter containing:
tensor(-1.7563, device='cuda:0', requires_grad=True)
Parameter containing:
tensor(-1.7563, device='cuda:0', requires_grad=True)
Parameter containing:
tensor(-1.7563, device='cuda:0', requires_grad=True)
Parameter containing:
tensor(-1.7563, device='cuda:0', requires_grad=True)
Parameter containing:
tensor(-1.7563, device='cuda:0', requires_grad=True)
Parameter containing:
tensor(-1.7563, device='cuda:0', requires_grad=True)
Parameter containing:
tensor(-1.7563, device='cuda:0', requires_grad=True)
Parameter containing:
tensor(-1.7563, device='cuda:0', requires_grad=True)
Parameter containing:
tensor(-1.7563, device='cuda:0', requires_grad=True)
Parameter containing:
tensor(-1.7563, device='cuda:0', requires_grad=True)
Parameter containing:
tensor(-1.7562, device='cuda:0', requires_grad=True)
Parameter containing:
tensor(-1.7562, device='cuda:0', requires_grad=True)
Parameter containing:
tensor(-1.7562, device='cuda:0', requires_grad=True)
Parameter containing:
tensor(-1.7562, device='cuda:0', requires_grad=True)
Parameter containing:
tensor(-1.7562, device='cuda:0', requires_grad=True)
Parameter containing:
tensor(-1.7563, device='cuda:0', requires_grad=True)
Parameter containing:
tensor(-1.7563, device='cuda:0', requires_grad=True)
Parameter containing:
tensor(-1.7562, device='cuda:0', requires_grad=True)
Parameter containing:
tensor(-1.7561, device='cuda:0', requires_grad=True)
Parameter containing:
tensor(-1.7560, device='cuda:0', requires_grad=True)
Parameter containing:
tensor(-1.7559, device='cuda:0', requires_grad=True)
Parameter containing:
tensor(-1.7558, device='cuda:0', requires_grad=True)
Parameter containing:
tensor(-1.7557, device='cuda:0', requires_grad=True)
Parameter containing:
tensor(-1.7556, device='cuda:0', requires_grad=True)
Parameter containing:
tensor(-1.7555, device='cuda:0', requires_grad=True)
Parameter containing:
tensor(-1.7554, device='cuda:0', requires_grad=True)
Parameter containing:
tensor(-1.7554, device='cuda:0', requires_grad=True)
Parameter containing:
tensor(-1.7553, device='cuda:0', requires_grad=True)
Parameter containing:
tensor(-1.7553, device='cuda:0', requires_grad=True)
Parameter containing:
tensor(-1.7553, device='cuda:0', requires_grad=True)
Parameter containing:
tensor(-1.7553, device='cuda:0', requires_grad=True)
Parameter containing:
tensor(-1.7553, device='cuda:0', requires_grad=True)
Parameter containing:
tensor(-1.7553, device='cuda:0', requires_grad=True)
Parameter containing:
tensor(-1.7554, device='cuda:0', requires_grad=True)
Parameter containing:
tensor(-1.7554, device='cuda:0', requires_grad=True)
Parameter containing:
tensor(-1.7555, device='cuda:0', requires_grad=True)
Parameter containing:
tensor(-1.7556, device='cuda:0', requires_grad=True)
Parameter containing:
tensor(-1.7556, device='cuda:0', requires_grad=True)
Parameter containing:
tensor(-1.7557, device='cuda:0', requires_grad=True)
Parameter containing:
tensor(-1.7558, device='cuda:0', requires_grad=True)
Parameter containing:
tensor(-1.7558, device='cuda:0', requires_grad=True)
Parameter containing:
tensor(-1.7558, device='cuda:0', requires_grad=True)
Parameter containing:
tensor(-1.7558, device='cuda:0', requires_grad=True)
Parameter containing:
tensor(-1.7559, device='cuda:0', requires_grad=True)
Parameter containing:
tensor(-1.7559, device='cuda:0', requires_grad=True)
Parameter containing:
tensor(-1.7560, device='cuda:0', requires_grad=True)
Parameter containing:
tensor(-1.7560, device='cuda:0', requires_grad=True)
Parameter containing:
tensor(-1.7560, device='cuda:0', requires_grad=True)
Parameter containing:
tensor(-1.7560, device='cuda:0', requires_grad=True)
Parameter containing:
tensor(-1.7560, device='cuda:0', requires_grad=True)
Parameter containing:
tensor(-1.7560, device='cuda:0', requires_grad=True)
Parameter containing:
tensor(-1.7560, device='cuda:0', requires_grad=True)
Parameter containing:
tensor(-1.7560, device='cuda:0', requires_grad=True)
Parameter containing:
tensor(-1.7561, device='cuda:0', requires_grad=True)
Parameter containing:
tensor(-1.7561, device='cuda:0', requires_grad=True)
Parameter containing:
tensor(-1.7561, device='cuda:0', requires_grad=True)
Parameter containing:
tensor(-1.7561, device='cuda:0', requires_grad=True)
Parameter containing:
tensor(-1.7562, device='cuda:0', requires_grad=True)
Parameter containing:
tensor(-1.7562, device='cuda:0', requires_grad=True)
Parameter containing:
tensor(-1.7563, device='cuda:0', requires_grad=True)
Parameter containing:
tensor(-1.7563, device='cuda:0', requires_grad=True)
Parameter containing:
tensor(-1.7563, device='cuda:0', requires_grad=True)
Parameter containing:
tensor(-1.7563, device='cuda:0', requires_grad=True)
Parameter containing:
tensor(-1.7563, device='cuda:0', requires_grad=True)
Parameter containing:
tensor(-1.7563, device='cuda:0', requires_grad=True)
Parameter containing:
tensor(-1.7563, device='cuda:0', requires_grad=True)
Parameter containing:
tensor(-1.7563, device='cuda:0', requires_grad=True)
Parameter containing:
tensor(-1.7563, device='cuda:0', requires_grad=True)
Parameter containing:
tensor(-1.7563, device='cuda:0', requires_grad=True)
Parameter containing:
tensor(-1.7564, device='cuda:0', requires_grad=True)
Parameter containing:
tensor(-1.7564, device='cuda:0', requires_grad=True)
Parameter containing:
tensor(-1.7565, device='cuda:0', requires_grad=True)
Parameter containing:
tensor(-1.7565, device='cuda:0', requires_grad=True)
Parameter containing:
tensor(-1.7566, device='cuda:0', requires_grad=True)
Parameter containing:
tensor(-1.7566, device='cuda:0', requires_grad=True)
Parameter containing:
tensor(-1.7567, device='cuda:0', requires_grad=True)
Parameter containing:
tensor(-1.7566, device='cuda:0', requires_grad=True)
Parameter containing:
tensor(-1.7566, device='cuda:0', requires_grad=True)
Parameter containing:
tensor(-1.7565, device='cuda:0', requires_grad=True)
Parameter containing:
tensor(-1.7565, device='cuda:0', requires_grad=True)
Parameter containing:
tensor(-1.7564, device='cuda:0', requires_grad=True)
Parameter containing:
tensor(-1.7564, device='cuda:0', requires_grad=True)
Parameter containing:
tensor(-1.7564, device='cuda:0', requires_grad=True)
Parameter containing:
tensor(-1.7564, device='cuda:0', requires_grad=True)
Parameter containing:
tensor(-1.7564, device='cuda:0', requires_grad=True)
Parameter containing:
tensor(-1.7564, device='cuda:0', requires_grad=True)
Parameter containing:
tensor(-1.7564, device='cuda:0', requires_grad=True)
Parameter containing:
tensor(-1.7564, device='cuda:0', requires_grad=True)
Parameter containing:
tensor(-1.7564, device='cuda:0', requires_grad=True)
Parameter containing:
tensor(-1.7565, device='cuda:0', requires_grad=True)
Parameter containing:
tensor(-1.7565, device='cuda:0', requires_grad=True)
Parameter containing:
tensor(-1.7565, device='cuda:0', requires_grad=True)
Parameter containing:
tensor(-1.7566, device='cuda:0', requires_grad=True)
Parameter containing:
tensor(-1.7566, device='cuda:0', requires_grad=True)
Parameter containing:
tensor(-1.7567, device='cuda:0', requires_grad=True)
Parameter containing:
tensor(-1.7568, device='cuda:0', requires_grad=True)
Parameter containing:
tensor(-1.7568, device='cuda:0', requires_grad=True)
Parameter containing:
tensor(-1.7569, device='cuda:0', requires_grad=True)
Parameter containing:
tensor(-1.7570, device='cuda:0', requires_grad=True)
Parameter containing:
tensor(-1.7571, device='cuda:0', requires_grad=True)
Parameter containing:
tensor(-1.7571, device='cuda:0', requires_grad=True)
Parameter containing:
tensor(-1.7572, device='cuda:0', requires_grad=True)
Parameter containing:
tensor(-1.7572, device='cuda:0', requires_grad=True)
Parameter containing:
tensor(-1.7573, device='cuda:0', requires_grad=True)
Parameter containing:
tensor(-1.7574, device='cuda:0', requires_grad=True)
Parameter containing:
tensor(-1.7575, device='cuda:0', requires_grad=True)
Parameter containing:
tensor(-1.7576, device='cuda:0', requires_grad=True)
Parameter containing:
tensor(-1.7576, device='cuda:0', requires_grad=True)
Parameter containing:
tensor(-1.7577, device='cuda:0', requires_grad=True)
Parameter containing:
tensor(-1.7577, device='cuda:0', requires_grad=True)
Parameter containing:
tensor(-1.7577, device='cuda:0', requires_grad=True)
Parameter containing:
tensor(-1.7578, device='cuda:0', requires_grad=True)
Parameter containing:
tensor(-1.7578, device='cuda:0', requires_grad=True)
Parameter containing:
tensor(-1.7579, device='cuda:0', requires_grad=True)
Parameter containing:
tensor(-1.7579, device='cuda:0', requires_grad=True)
Parameter containing:
tensor(-1.7580, device='cuda:0', requires_grad=True)
Parameter containing:
tensor(-1.7581, device='cuda:0', requires_grad=True)
Parameter containing:
tensor(-1.7582, device='cuda:0', requires_grad=True)
Parameter containing:
tensor(-1.7583, device='cuda:0', requires_grad=True)
Parameter containing:
tensor(-1.7585, device='cuda:0', requires_grad=True)
Parameter containing:
tensor(-1.7586, device='cuda:0', requires_grad=True)
Parameter containing:
tensor(-1.7587, device='cuda:0', requires_grad=True)
Parameter containing:
tensor(-1.7588, device='cuda:0', requires_grad=True)
Parameter containing:
tensor(-1.7589, device='cuda:0', requires_grad=True)
Parameter containing:
tensor(-1.7591, device='cuda:0', requires_grad=True)
Parameter containing:
tensor(-1.7592, device='cuda:0', requires_grad=True)
Parameter containing:
tensor(-1.7593, device='cuda:0', requires_grad=True)
Parameter containing:
tensor(-1.7594, device='cuda:0', requires_grad=True)
Parameter containing:
tensor(-1.7596, device='cuda:0', requires_grad=True)
Parameter containing:
tensor(-1.7597, device='cuda:0', requires_grad=True)
Parameter containing:
tensor(-1.7598, device='cuda:0', requires_grad=True)
Parameter containing:
tensor(-1.7599, device='cuda:0', requires_grad=True)
Parameter containing:
tensor(-1.7600, device='cuda:0', requires_grad=True)
Parameter containing:
tensor(-1.7601, device='cuda:0', requires_grad=True)
Parameter containing:
tensor(-1.7602, device='cuda:0', requires_grad=True)
Parameter containing:
tensor(-1.7603, device='cuda:0', requires_grad=True)
Parameter containing:
tensor(-1.7603, device='cuda:0', requires_grad=True)
Parameter containing:
tensor(-1.7604, device='cuda:0', requires_grad=True)
Parameter containing:
tensor(-1.7604, device='cuda:0', requires_grad=True)
Parameter containing:
tensor(-1.7603, device='cuda:0', requires_grad=True)
Parameter containing:
tensor(-1.7603, device='cuda:0', requires_grad=True)
Parameter containing:
tensor(-1.7603, device='cuda:0', requires_grad=True)
Parameter containing:
tensor(-1.7603, device='cuda:0', requires_grad=True)
Parameter containing:
tensor(-1.7604, device='cuda:0', requires_grad=True)
Parameter containing:
tensor(-1.7605, device='cuda:0', requires_grad=True)
Parameter containing:
tensor(-1.7606, device='cuda:0', requires_grad=True)
Parameter containing:
tensor(-1.7607, device='cuda:0', requires_grad=True)
Parameter containing:
tensor(-1.7608, device='cuda:0', requires_grad=True)
Parameter containing:
tensor(-1.7609, device='cuda:0', requires_grad=True)
Parameter containing:
tensor(-1.7610, device='cuda:0', requires_grad=True)
Parameter containing:
tensor(-1.7611, device='cuda:0', requires_grad=True)
Parameter containing:
tensor(-1.7612, device='cuda:0', requires_grad=True)
Parameter containing:
tensor(-1.7613, device='cuda:0', requires_grad=True)
Parameter containing:
tensor(-1.7615, device='cuda:0', requires_grad=True)
Parameter containing:
tensor(-1.7616, device='cuda:0', requires_grad=True)
Parameter containing:
tensor(-1.7617, device='cuda:0', requires_grad=True)
Parameter containing:
tensor(-1.7618, device='cuda:0', requires_grad=True)
Parameter containing:
tensor(-1.7619, device='cuda:0', requires_grad=True)
Parameter containing:
tensor(-1.7619, device='cuda:0', requires_grad=True)
Parameter containing:
tensor(-1.7620, device='cuda:0', requires_grad=True)
Parameter containing:
tensor(-1.7621, device='cuda:0', requires_grad=True)
Parameter containing:
tensor(-1.7622, device='cuda:0', requires_grad=True)
Parameter containing:
tensor(-1.7624, device='cuda:0', requires_grad=True)
Parameter containing:
tensor(-1.7625, device='cuda:0', requires_grad=True)
Parameter containing:
tensor(-1.7626, device='cuda:0', requires_grad=True)
Parameter containing:
tensor(-1.7627, device='cuda:0', requires_grad=True)
Parameter containing:
tensor(-1.7627, device='cuda:0', requires_grad=True)
Parameter containing:
tensor(-1.7627, device='cuda:0', requires_grad=True)
Parameter containing:
tensor(-1.7628, device='cuda:0', requires_grad=True)
Parameter containing:
tensor(-1.7629, device='cuda:0', requires_grad=True)
Parameter containing:
tensor(-1.7630, device='cuda:0', requires_grad=True)
Parameter containing:
tensor(-1.7631, device='cuda:0', requires_grad=True)
Parameter containing:
tensor(-1.7632, device='cuda:0', requires_grad=True)
Parameter containing:
tensor(-1.7633, device='cuda:0', requires_grad=True)
Parameter containing:
tensor(-1.7634, device='cuda:0', requires_grad=True)
Parameter containing:
tensor(-1.7636, device='cuda:0', requires_grad=True)
Parameter containing:
tensor(-1.7637, device='cuda:0', requires_grad=True)
Parameter containing:
tensor(-1.7638, device='cuda:0', requires_grad=True)
Parameter containing:
tensor(-1.7639, device='cuda:0', requires_grad=True)
Parameter containing:
tensor(-1.7640, device='cuda:0', requires_grad=True)
Parameter containing:
tensor(-1.7641, device='cuda:0', requires_grad=True)
Parameter containing:
tensor(-1.7642, device='cuda:0', requires_grad=True)
Parameter containing:
tensor(-1.7643, device='cuda:0', requires_grad=True)
Parameter containing:
tensor(-1.7643, device='cuda:0', requires_grad=True)
Parameter containing:
tensor(-1.7644, device='cuda:0', requires_grad=True)
Parameter containing:
tensor(-1.7645, device='cuda:0', requires_grad=True)
Parameter containing:
tensor(-1.7646, device='cuda:0', requires_grad=True)
Parameter containing:
tensor(-1.7647, device='cuda:0', requires_grad=True)
Parameter containing:
tensor(-1.7648, device='cuda:0', requires_grad=True)
Parameter containing:
tensor(-1.7649, device='cuda:0', requires_grad=True)
Parameter containing:
tensor(-1.7651, device='cuda:0', requires_grad=True)
Parameter containing:
tensor(-1.7652, device='cuda:0', requires_grad=True)
Parameter containing:
tensor(-1.7653, device='cuda:0', requires_grad=True)
Parameter containing:
tensor(-1.7654, device='cuda:0', requires_grad=True)
Parameter containing:
tensor(-1.7656, device='cuda:0', requires_grad=True)
Parameter containing:
tensor(-1.7657, device='cuda:0', requires_grad=True)
Parameter containing:
tensor(-1.7658, device='cuda:0', requires_grad=True)
Parameter containing:
tensor(-1.7659, device='cuda:0', requires_grad=True)
Parameter containing:
tensor(-1.7661, device='cuda:0', requires_grad=True)
Parameter containing:
tensor(-1.7662, device='cuda:0', requires_grad=True)
Parameter containing:
tensor(-1.7662, device='cuda:0', requires_grad=True)
Parameter containing:
tensor(-1.7663, device='cuda:0', requires_grad=True)
Parameter containing:
tensor(-1.7664, device='cuda:0', requires_grad=True)
Parameter containing:
tensor(-1.7665, device='cuda:0', requires_grad=True)
Parameter containing:
tensor(-1.7666, device='cuda:0', requires_grad=True)
Parameter containing:
tensor(-1.7667, device='cuda:0', requires_grad=True)
Parameter containing:
tensor(-1.7668, device='cuda:0', requires_grad=True)
Parameter containing:
tensor(-1.7668, device='cuda:0', requires_grad=True)
Parameter containing:
tensor(-1.7669, device='cuda:0', requires_grad=True)
Parameter containing:
tensor(-1.7670, device='cuda:0', requires_grad=True)
Parameter containing:
tensor(-1.7671, device='cuda:0', requires_grad=True)
Parameter containing:
tensor(-1.7672, device='cuda:0', requires_grad=True)
Parameter containing:
tensor(-1.7673, device='cuda:0', requires_grad=True)
Parameter containing:
tensor(-1.7673, device='cuda:0', requires_grad=True)
Parameter containing:
tensor(-1.7673, device='cuda:0', requires_grad=True)
Parameter containing:
tensor(-1.7674, device='cuda:0', requires_grad=True)
Parameter containing:
tensor(-1.7674, device='cuda:0', requires_grad=True)
Parameter containing:
tensor(-1.7675, device='cuda:0', requires_grad=True)
Parameter containing:
tensor(-1.7676, device='cuda:0', requires_grad=True)
Parameter containing:
tensor(-1.7677, device='cuda:0', requires_grad=True)
Parameter containing:
tensor(-1.7678, device='cuda:0', requires_grad=True)
Parameter containing:
tensor(-1.7680, device='cuda:0', requires_grad=True)
Parameter containing:
tensor(-1.7682, device='cuda:0', requires_grad=True)
Parameter containing:
tensor(-1.7683, device='cuda:0', requires_grad=True)
Parameter containing:
tensor(-1.7685, device='cuda:0', requires_grad=True)
Parameter containing:
tensor(-1.7687, device='cuda:0', requires_grad=True)
Parameter containing:
tensor(-1.7689, device='cuda:0', requires_grad=True)
Parameter containing:
tensor(-1.7691, device='cuda:0', requires_grad=True)
Parameter containing:
tensor(-1.7693, device='cuda:0', requires_grad=True)
Parameter containing:
tensor(-1.7695, device='cuda:0', requires_grad=True)
Parameter containing:
tensor(-1.7697, device='cuda:0', requires_grad=True)
Parameter containing:
tensor(-1.7698, device='cuda:0', requires_grad=True)
Parameter containing:
tensor(-1.7700, device='cuda:0', requires_grad=True)
Parameter containing:
tensor(-1.7702, device='cuda:0', requires_grad=True)
Parameter containing:
tensor(-1.7704, device='cuda:0', requires_grad=True)
Parameter containing:
tensor(-1.7705, device='cuda:0', requires_grad=True)
Parameter containing:
tensor(-1.7705, device='cuda:0', requires_grad=True)
Parameter containing:
tensor(-1.7706, device='cuda:0', requires_grad=True)
Parameter containing:
tensor(-1.7707, device='cuda:0', requires_grad=True)
Parameter containing:
tensor(-1.7709, device='cuda:0', requires_grad=True)
Parameter containing:
tensor(-1.7710, device='cuda:0', requires_grad=True)
Parameter containing:
tensor(-1.7712, device='cuda:0', requires_grad=True)
Parameter containing:
tensor(-1.7713, device='cuda:0', requires_grad=True)
Parameter containing:
tensor(-1.7715, device='cuda:0', requires_grad=True)
Parameter containing:
tensor(-1.7716, device='cuda:0', requires_grad=True)
Parameter containing:
tensor(-1.7718, device='cuda:0', requires_grad=True)
Parameter containing:
tensor(-1.7719, device='cuda:0', requires_grad=True)
Parameter containing:
tensor(-1.7721, device='cuda:0', requires_grad=True)
Parameter containing:
tensor(-1.7722, device='cuda:0', requires_grad=True)
Parameter containing:
tensor(-1.7724, device='cuda:0', requires_grad=True)
Parameter containing:
tensor(-1.7726, device='cuda:0', requires_grad=True)
Parameter containing:
tensor(-1.7727, device='cuda:0', requires_grad=True)
Parameter containing:
tensor(-1.7729, device='cuda:0', requires_grad=True)
Parameter containing:
tensor(-1.7731, device='cuda:0', requires_grad=True)
Parameter containing:
tensor(-1.7732, device='cuda:0', requires_grad=True)
Parameter containing:
tensor(-1.7734, device='cuda:0', requires_grad=True)
Parameter containing:
tensor(-1.7735, device='cuda:0', requires_grad=True)
Parameter containing:
tensor(-1.7736, device='cuda:0', requires_grad=True)
Parameter containing:
tensor(-1.7737, device='cuda:0', requires_grad=True)
Parameter containing:
tensor(-1.7738, device='cuda:0', requires_grad=True)
Parameter containing:
tensor(-1.7739, device='cuda:0', requires_grad=True)
Parameter containing:
tensor(-1.7740, device='cuda:0', requires_grad=True)
Parameter containing:
tensor(-1.7741, device='cuda:0', requires_grad=True)
Parameter containing:
tensor(-1.7742, device='cuda:0', requires_grad=True)
Parameter containing:
tensor(-1.7744, device='cuda:0', requires_grad=True)
Parameter containing:
tensor(-1.7745, device='cuda:0', requires_grad=True)
Parameter containing:
tensor(-1.7746, device='cuda:0', requires_grad=True)
Parameter containing:
tensor(-1.7747, device='cuda:0', requires_grad=True)
Parameter containing:
tensor(-1.7748, device='cuda:0', requires_grad=True)
Parameter containing:
tensor(-1.7749, device='cuda:0', requires_grad=True)
Parameter containing:
tensor(-1.7750, device='cuda:0', requires_grad=True)
Parameter containing:
tensor(-1.7751, device='cuda:0', requires_grad=True)
Parameter containing:
tensor(-1.7752, device='cuda:0', requires_grad=True)
Parameter containing:
tensor(-1.7753, device='cuda:0', requires_grad=True)
Parameter containing:
tensor(-1.7754, device='cuda:0', requires_grad=True)
Parameter containing:
tensor(-1.7755, device='cuda:0', requires_grad=True)
Parameter containing:
tensor(-1.7756, device='cuda:0', requires_grad=True)
Parameter containing:
tensor(-1.7756, device='cuda:0', requires_grad=True)
Parameter containing:
tensor(-1.7757, device='cuda:0', requires_grad=True)
Parameter containing:
tensor(-1.7758, device='cuda:0', requires_grad=True)
Parameter containing:
tensor(-1.7759, device='cuda:0', requires_grad=True)
Parameter containing:
tensor(-1.7760, device='cuda:0', requires_grad=True)
Parameter containing:
tensor(-1.7761, device='cuda:0', requires_grad=True)
Parameter containing:
tensor(-1.7763, device='cuda:0', requires_grad=True)
Parameter containing:
tensor(-1.7764, device='cuda:0', requires_grad=True)
Parameter containing:
tensor(-1.7765, device='cuda:0', requires_grad=True)
Parameter containing:
tensor(-1.7764, device='cuda:0', requires_grad=True)
Parameter containing:
tensor(-1.7763, device='cuda:0', requires_grad=True)
Parameter containing:
tensor(-1.7763, device='cuda:0', requires_grad=True)
Parameter containing:
tensor(-1.7763, device='cuda:0', requires_grad=True)
Parameter containing:
tensor(-1.7763, device='cuda:0', requires_grad=True)
Parameter containing:
tensor(-1.7763, device='cuda:0', requires_grad=True)
Parameter containing:
tensor(-1.7764, device='cuda:0', requires_grad=True)
Parameter containing:
tensor(-1.7765, device='cuda:0', requires_grad=True)
Parameter containing:
tensor(-1.7766, device='cuda:0', requires_grad=True)
Parameter containing:
tensor(-1.7767, device='cuda:0', requires_grad=True)
Parameter containing:
tensor(-1.7768, device='cuda:0', requires_grad=True)
Parameter containing:
tensor(-1.7770, device='cuda:0', requires_grad=True)
Parameter containing:
tensor(-1.7772, device='cuda:0', requires_grad=True)
Parameter containing:
tensor(-1.7774, device='cuda:0', requires_grad=True)
Parameter containing:
tensor(-1.7776, device='cuda:0', requires_grad=True)
Parameter containing:
tensor(-1.7778, device='cuda:0', requires_grad=True)
Parameter containing:
tensor(-1.7780, device='cuda:0', requires_grad=True)
Parameter containing:
tensor(-1.7782, device='cuda:0', requires_grad=True)
Parameter containing:
tensor(-1.7785, device='cuda:0', requires_grad=True)
Parameter containing:
tensor(-1.7787, device='cuda:0', requires_grad=True)
Parameter containing:
tensor(-1.7789, device='cuda:0', requires_grad=True)
Parameter containing:
tensor(-1.7791, device='cuda:0', requires_grad=True)
Parameter containing:
tensor(-1.7794, device='cuda:0', requires_grad=True)
Parameter containing:
tensor(-1.7796, device='cuda:0', requires_grad=True)
Parameter containing:
tensor(-1.7798, device='cuda:0', requires_grad=True)
Parameter containing:
tensor(-1.7800, device='cuda:0', requires_grad=True)
Parameter containing:
tensor(-1.7802, device='cuda:0', requires_grad=True)
Parameter containing:
tensor(-1.7804, device='cuda:0', requires_grad=True)
Parameter containing:
tensor(-1.7806, device='cuda:0', requires_grad=True)
Parameter containing:
tensor(-1.7808, device='cuda:0', requires_grad=True)
Parameter containing:
tensor(-1.7810, device='cuda:0', requires_grad=True)
Parameter containing:
tensor(-1.7812, device='cuda:0', requires_grad=True)
Parameter containing:
tensor(-1.7814, device='cuda:0', requires_grad=True)
Parameter containing:
tensor(-1.7816, device='cuda:0', requires_grad=True)
Parameter containing:
tensor(-1.7818, device='cuda:0', requires_grad=True)
Parameter containing:
tensor(-1.7820, device='cuda:0', requires_grad=True)
Parameter containing:
tensor(-1.7821, device='cuda:0', requires_grad=True)
Parameter containing:
tensor(-1.7823, device='cuda:0', requires_grad=True)
Parameter containing:
tensor(-1.7824, device='cuda:0', requires_grad=True)
Parameter containing:
tensor(-1.7826, device='cuda:0', requires_grad=True)
Parameter containing:
tensor(-1.7828, device='cuda:0', requires_grad=True)
Parameter containing:
tensor(-1.7829, device='cuda:0', requires_grad=True)
Parameter containing:
tensor(-1.7830, device='cuda:0', requires_grad=True)
Parameter containing:
tensor(-1.7830, device='cuda:0', requires_grad=True)
Parameter containing:
tensor(-1.7831, device='cuda:0', requires_grad=True)
Parameter containing:
tensor(-1.7832, device='cuda:0', requires_grad=True)
Parameter containing:
tensor(-1.7833, device='cuda:0', requires_grad=True)
Parameter containing:
tensor(-1.7834, device='cuda:0', requires_grad=True)
Parameter containing:
tensor(-1.7836, device='cuda:0', requires_grad=True)
Parameter containing:
tensor(-1.7837, device='cuda:0', requires_grad=True)
Parameter containing:
tensor(-1.7838, device='cuda:0', requires_grad=True)
Parameter containing:
tensor(-1.7840, device='cuda:0', requires_grad=True)
Parameter containing:
tensor(-1.7841, device='cuda:0', requires_grad=True)
Parameter containing:
tensor(-1.7843, device='cuda:0', requires_grad=True)
Parameter containing:
tensor(-1.7844, device='cuda:0', requires_grad=True)
Parameter containing:
tensor(-1.7846, device='cuda:0', requires_grad=True)
Parameter containing:
tensor(-1.7848, device='cuda:0', requires_grad=True)
Parameter containing:
tensor(-1.7849, device='cuda:0', requires_grad=True)
Parameter containing:
tensor(-1.7851, device='cuda:0', requires_grad=True)
Parameter containing:
tensor(-1.7852, device='cuda:0', requires_grad=True)
Parameter containing:
tensor(-1.7854, device='cuda:0', requires_grad=True)
Parameter containing:
tensor(-1.7856, device='cuda:0', requires_grad=True)
Parameter containing:
tensor(-1.7857, device='cuda:0', requires_grad=True)
Parameter containing:
tensor(-1.7859, device='cuda:0', requires_grad=True)
Parameter containing:
tensor(-1.7860, device='cuda:0', requires_grad=True)
Parameter containing:
tensor(-1.7862, device='cuda:0', requires_grad=True)
Parameter containing:
tensor(-1.7863, device='cuda:0', requires_grad=True)
Parameter containing:
tensor(-1.7864, device='cuda:0', requires_grad=True)
Parameter containing:
tensor(-1.7865, device='cuda:0', requires_grad=True)
Parameter containing:
tensor(-1.7866, device='cuda:0', requires_grad=True)
Parameter containing:
tensor(-1.7867, device='cuda:0', requires_grad=True)
Parameter containing:
tensor(-1.7869, device='cuda:0', requires_grad=True)
Parameter containing:
tensor(-1.7870, device='cuda:0', requires_grad=True)
Parameter containing:
tensor(-1.7871, device='cuda:0', requires_grad=True)
Parameter containing:
tensor(-1.7873, device='cuda:0', requires_grad=True)
Parameter containing:
tensor(-1.7874, device='cuda:0', requires_grad=True)
Parameter containing:
tensor(-1.7876, device='cuda:0', requires_grad=True)
Parameter containing:
tensor(-1.7877, device='cuda:0', requires_grad=True)
Parameter containing:
tensor(-1.7877, device='cuda:0', requires_grad=True)
Parameter containing:
tensor(-1.7877, device='cuda:0', requires_grad=True)
Parameter containing:
tensor(-1.7878, device='cuda:0', requires_grad=True)
Parameter containing:
tensor(-1.7878, device='cuda:0', requires_grad=True)
Parameter containing:
tensor(-1.7879, device='cuda:0', requires_grad=True)


PS:

Read file <14807171.stderr> for stderr output of this job.

