Sender: LSF System <lsfadmin@lt13>
Subject: Job 14836080: <_gp_55> in cluster <lila> Done

Job <_gp_55> was submitted from host <ls14> by user <wangy1> in cluster <lila> at Thu Jun 11 19:30:07 2020
Job was executed on host(s) <12*lt13>, in queue <gpuqueue>, as user <wangy1> in cluster <lila> at Thu Jun 11 19:30:08 2020
</home/wangy1> was used as the home directory.
</data/chodera/wangyq/pinot/scripts/gp_split> was used as the working directory.
Started at Thu Jun 11 19:30:08 2020
Terminated at Thu Jun 11 19:32:53 2020
Results reported at Thu Jun 11 19:32:53 2020

Your job looked like:

------------------------------------------------------------
# LSBATCH: User input
python ../../pinot/app/gp_train.py --layer GraphConv --out _gp_55 --n_epochs 500 --lr 1e-3 --config 32 tanh 32 tanh 32 tanh --lr 1e-3 --partition 55:45
------------------------------------------------------------

Successfully completed.

Resource usage summary:

    CPU time :                                   511.90 sec.
    Max Memory :                                 2 GB
    Average Memory :                             1.89 GB
    Total Requested Memory :                     48.00 GB
    Delta Memory :                               46.00 GB
    Max Swap :                                   -
    Max Processes :                              5
    Max Threads :                                20
    Run time :                                   166 sec.
    Turnaround time :                            166 sec.

The output (if any) follows:

Parameter containing:
tensor(-3., device='cuda:0', requires_grad=True)
Parameter containing:
tensor(-2.9990, device='cuda:0', requires_grad=True)
Parameter containing:
tensor(-2.9980, device='cuda:0', requires_grad=True)
Parameter containing:
tensor(-2.9971, device='cuda:0', requires_grad=True)
Parameter containing:
tensor(-2.9961, device='cuda:0', requires_grad=True)
Parameter containing:
tensor(-2.9952, device='cuda:0', requires_grad=True)
Parameter containing:
tensor(-2.9943, device='cuda:0', requires_grad=True)
Parameter containing:
tensor(-2.9933, device='cuda:0', requires_grad=True)
Parameter containing:
tensor(-2.9924, device='cuda:0', requires_grad=True)
Parameter containing:
tensor(-2.9915, device='cuda:0', requires_grad=True)
Parameter containing:
tensor(-2.9905, device='cuda:0', requires_grad=True)
Parameter containing:
tensor(-2.9896, device='cuda:0', requires_grad=True)
Parameter containing:
tensor(-2.9887, device='cuda:0', requires_grad=True)
Parameter containing:
tensor(-2.9877, device='cuda:0', requires_grad=True)
Parameter containing:
tensor(-2.9868, device='cuda:0', requires_grad=True)
Parameter containing:
tensor(-2.9858, device='cuda:0', requires_grad=True)
Parameter containing:
tensor(-2.9849, device='cuda:0', requires_grad=True)
Parameter containing:
tensor(-2.9839, device='cuda:0', requires_grad=True)
Parameter containing:
tensor(-2.9829, device='cuda:0', requires_grad=True)
Parameter containing:
tensor(-2.9820, device='cuda:0', requires_grad=True)
Parameter containing:
tensor(-2.9810, device='cuda:0', requires_grad=True)
Parameter containing:
tensor(-2.9801, device='cuda:0', requires_grad=True)
Parameter containing:
tensor(-2.9791, device='cuda:0', requires_grad=True)
Parameter containing:
tensor(-2.9782, device='cuda:0', requires_grad=True)
Parameter containing:
tensor(-2.9772, device='cuda:0', requires_grad=True)
Parameter containing:
tensor(-2.9763, device='cuda:0', requires_grad=True)
Parameter containing:
tensor(-2.9754, device='cuda:0', requires_grad=True)
Parameter containing:
tensor(-2.9744, device='cuda:0', requires_grad=True)
Parameter containing:
tensor(-2.9735, device='cuda:0', requires_grad=True)
Parameter containing:
tensor(-2.9726, device='cuda:0', requires_grad=True)
Parameter containing:
tensor(-2.9717, device='cuda:0', requires_grad=True)
Parameter containing:
tensor(-2.9708, device='cuda:0', requires_grad=True)
Parameter containing:
tensor(-2.9699, device='cuda:0', requires_grad=True)
Parameter containing:
tensor(-2.9690, device='cuda:0', requires_grad=True)
Parameter containing:
tensor(-2.9682, device='cuda:0', requires_grad=True)
Parameter containing:
tensor(-2.9673, device='cuda:0', requires_grad=True)
Parameter containing:
tensor(-2.9664, device='cuda:0', requires_grad=True)
Parameter containing:
tensor(-2.9656, device='cuda:0', requires_grad=True)
Parameter containing:
tensor(-2.9647, device='cuda:0', requires_grad=True)
Parameter containing:
tensor(-2.9638, device='cuda:0', requires_grad=True)
Parameter containing:
tensor(-2.9630, device='cuda:0', requires_grad=True)
Parameter containing:
tensor(-2.9621, device='cuda:0', requires_grad=True)
Parameter containing:
tensor(-2.9613, device='cuda:0', requires_grad=True)
Parameter containing:
tensor(-2.9604, device='cuda:0', requires_grad=True)
Parameter containing:
tensor(-2.9596, device='cuda:0', requires_grad=True)
Parameter containing:
tensor(-2.9587, device='cuda:0', requires_grad=True)
Parameter containing:
tensor(-2.9579, device='cuda:0', requires_grad=True)
Parameter containing:
tensor(-2.9570, device='cuda:0', requires_grad=True)
Parameter containing:
tensor(-2.9562, device='cuda:0', requires_grad=True)
Parameter containing:
tensor(-2.9553, device='cuda:0', requires_grad=True)
Parameter containing:
tensor(-2.9545, device='cuda:0', requires_grad=True)
Parameter containing:
tensor(-2.9537, device='cuda:0', requires_grad=True)
Parameter containing:
tensor(-2.9528, device='cuda:0', requires_grad=True)
Parameter containing:
tensor(-2.9520, device='cuda:0', requires_grad=True)
Parameter containing:
tensor(-2.9512, device='cuda:0', requires_grad=True)
Parameter containing:
tensor(-2.9503, device='cuda:0', requires_grad=True)
Parameter containing:
tensor(-2.9495, device='cuda:0', requires_grad=True)
Parameter containing:
tensor(-2.9487, device='cuda:0', requires_grad=True)
Parameter containing:
tensor(-2.9479, device='cuda:0', requires_grad=True)
Parameter containing:
tensor(-2.9471, device='cuda:0', requires_grad=True)
Parameter containing:
tensor(-2.9462, device='cuda:0', requires_grad=True)
Parameter containing:
tensor(-2.9454, device='cuda:0', requires_grad=True)
Parameter containing:
tensor(-2.9446, device='cuda:0', requires_grad=True)
Parameter containing:
tensor(-2.9438, device='cuda:0', requires_grad=True)
Parameter containing:
tensor(-2.9430, device='cuda:0', requires_grad=True)
Parameter containing:
tensor(-2.9422, device='cuda:0', requires_grad=True)
Parameter containing:
tensor(-2.9414, device='cuda:0', requires_grad=True)
Parameter containing:
tensor(-2.9406, device='cuda:0', requires_grad=True)
Parameter containing:
tensor(-2.9398, device='cuda:0', requires_grad=True)
Parameter containing:
tensor(-2.9390, device='cuda:0', requires_grad=True)
Parameter containing:
tensor(-2.9382, device='cuda:0', requires_grad=True)
Parameter containing:
tensor(-2.9375, device='cuda:0', requires_grad=True)
Parameter containing:
tensor(-2.9367, device='cuda:0', requires_grad=True)
Parameter containing:
tensor(-2.9359, device='cuda:0', requires_grad=True)
Parameter containing:
tensor(-2.9351, device='cuda:0', requires_grad=True)
Parameter containing:
tensor(-2.9343, device='cuda:0', requires_grad=True)
Parameter containing:
tensor(-2.9335, device='cuda:0', requires_grad=True)
Parameter containing:
tensor(-2.9328, device='cuda:0', requires_grad=True)
Parameter containing:
tensor(-2.9320, device='cuda:0', requires_grad=True)
Parameter containing:
tensor(-2.9312, device='cuda:0', requires_grad=True)
Parameter containing:
tensor(-2.9305, device='cuda:0', requires_grad=True)
Parameter containing:
tensor(-2.9297, device='cuda:0', requires_grad=True)
Parameter containing:
tensor(-2.9289, device='cuda:0', requires_grad=True)
Parameter containing:
tensor(-2.9281, device='cuda:0', requires_grad=True)
Parameter containing:
tensor(-2.9274, device='cuda:0', requires_grad=True)
Parameter containing:
tensor(-2.9266, device='cuda:0', requires_grad=True)
Parameter containing:
tensor(-2.9258, device='cuda:0', requires_grad=True)
Parameter containing:
tensor(-2.9251, device='cuda:0', requires_grad=True)
Parameter containing:
tensor(-2.9243, device='cuda:0', requires_grad=True)
Parameter containing:
tensor(-2.9235, device='cuda:0', requires_grad=True)
Parameter containing:
tensor(-2.9228, device='cuda:0', requires_grad=True)
Parameter containing:
tensor(-2.9220, device='cuda:0', requires_grad=True)
Parameter containing:
tensor(-2.9213, device='cuda:0', requires_grad=True)
Parameter containing:
tensor(-2.9205, device='cuda:0', requires_grad=True)
Parameter containing:
tensor(-2.9197, device='cuda:0', requires_grad=True)
Parameter containing:
tensor(-2.9190, device='cuda:0', requires_grad=True)
Parameter containing:
tensor(-2.9182, device='cuda:0', requires_grad=True)
Parameter containing:
tensor(-2.9175, device='cuda:0', requires_grad=True)
Parameter containing:
tensor(-2.9167, device='cuda:0', requires_grad=True)
Parameter containing:
tensor(-2.9159, device='cuda:0', requires_grad=True)
Parameter containing:
tensor(-2.9152, device='cuda:0', requires_grad=True)
Parameter containing:
tensor(-2.9144, device='cuda:0', requires_grad=True)
Parameter containing:
tensor(-2.9137, device='cuda:0', requires_grad=True)
Parameter containing:
tensor(-2.9129, device='cuda:0', requires_grad=True)
Parameter containing:
tensor(-2.9122, device='cuda:0', requires_grad=True)
Parameter containing:
tensor(-2.9114, device='cuda:0', requires_grad=True)
Parameter containing:
tensor(-2.9107, device='cuda:0', requires_grad=True)
Parameter containing:
tensor(-2.9100, device='cuda:0', requires_grad=True)
Parameter containing:
tensor(-2.9092, device='cuda:0', requires_grad=True)
Parameter containing:
tensor(-2.9085, device='cuda:0', requires_grad=True)
Parameter containing:
tensor(-2.9077, device='cuda:0', requires_grad=True)
Parameter containing:
tensor(-2.9070, device='cuda:0', requires_grad=True)
Parameter containing:
tensor(-2.9062, device='cuda:0', requires_grad=True)
Parameter containing:
tensor(-2.9055, device='cuda:0', requires_grad=True)
Parameter containing:
tensor(-2.9048, device='cuda:0', requires_grad=True)
Parameter containing:
tensor(-2.9040, device='cuda:0', requires_grad=True)
Parameter containing:
tensor(-2.9033, device='cuda:0', requires_grad=True)
Parameter containing:
tensor(-2.9026, device='cuda:0', requires_grad=True)
Parameter containing:
tensor(-2.9018, device='cuda:0', requires_grad=True)
Parameter containing:
tensor(-2.9011, device='cuda:0', requires_grad=True)
Parameter containing:
tensor(-2.9003, device='cuda:0', requires_grad=True)
Parameter containing:
tensor(-2.8996, device='cuda:0', requires_grad=True)
Parameter containing:
tensor(-2.8989, device='cuda:0', requires_grad=True)
Parameter containing:
tensor(-2.8981, device='cuda:0', requires_grad=True)
Parameter containing:
tensor(-2.8974, device='cuda:0', requires_grad=True)
Parameter containing:
tensor(-2.8967, device='cuda:0', requires_grad=True)
Parameter containing:
tensor(-2.8960, device='cuda:0', requires_grad=True)
Parameter containing:
tensor(-2.8952, device='cuda:0', requires_grad=True)
Parameter containing:
tensor(-2.8945, device='cuda:0', requires_grad=True)
Parameter containing:
tensor(-2.8938, device='cuda:0', requires_grad=True)
Parameter containing:
tensor(-2.8931, device='cuda:0', requires_grad=True)
Parameter containing:
tensor(-2.8923, device='cuda:0', requires_grad=True)
Parameter containing:
tensor(-2.8916, device='cuda:0', requires_grad=True)
Parameter containing:
tensor(-2.8909, device='cuda:0', requires_grad=True)
Parameter containing:
tensor(-2.8902, device='cuda:0', requires_grad=True)
Parameter containing:
tensor(-2.8894, device='cuda:0', requires_grad=True)
Parameter containing:
tensor(-2.8887, device='cuda:0', requires_grad=True)
Parameter containing:
tensor(-2.8880, device='cuda:0', requires_grad=True)
Parameter containing:
tensor(-2.8873, device='cuda:0', requires_grad=True)
Parameter containing:
tensor(-2.8866, device='cuda:0', requires_grad=True)
Parameter containing:
tensor(-2.8859, device='cuda:0', requires_grad=True)
Parameter containing:
tensor(-2.8852, device='cuda:0', requires_grad=True)
Parameter containing:
tensor(-2.8845, device='cuda:0', requires_grad=True)
Parameter containing:
tensor(-2.8838, device='cuda:0', requires_grad=True)
Parameter containing:
tensor(-2.8831, device='cuda:0', requires_grad=True)
Parameter containing:
tensor(-2.8825, device='cuda:0', requires_grad=True)
Parameter containing:
tensor(-2.8818, device='cuda:0', requires_grad=True)
Parameter containing:
tensor(-2.8811, device='cuda:0', requires_grad=True)
Parameter containing:
tensor(-2.8805, device='cuda:0', requires_grad=True)
Parameter containing:
tensor(-2.8798, device='cuda:0', requires_grad=True)
Parameter containing:
tensor(-2.8791, device='cuda:0', requires_grad=True)
Parameter containing:
tensor(-2.8785, device='cuda:0', requires_grad=True)
Parameter containing:
tensor(-2.8778, device='cuda:0', requires_grad=True)
Parameter containing:
tensor(-2.8771, device='cuda:0', requires_grad=True)
Parameter containing:
tensor(-2.8765, device='cuda:0', requires_grad=True)
Parameter containing:
tensor(-2.8758, device='cuda:0', requires_grad=True)
Parameter containing:
tensor(-2.8752, device='cuda:0', requires_grad=True)
Parameter containing:
tensor(-2.8745, device='cuda:0', requires_grad=True)
Parameter containing:
tensor(-2.8738, device='cuda:0', requires_grad=True)
Parameter containing:
tensor(-2.8732, device='cuda:0', requires_grad=True)
Parameter containing:
tensor(-2.8725, device='cuda:0', requires_grad=True)
Parameter containing:
tensor(-2.8718, device='cuda:0', requires_grad=True)
Parameter containing:
tensor(-2.8712, device='cuda:0', requires_grad=True)
Parameter containing:
tensor(-2.8705, device='cuda:0', requires_grad=True)
Parameter containing:
tensor(-2.8698, device='cuda:0', requires_grad=True)
Parameter containing:
tensor(-2.8692, device='cuda:0', requires_grad=True)
Parameter containing:
tensor(-2.8685, device='cuda:0', requires_grad=True)
Parameter containing:
tensor(-2.8679, device='cuda:0', requires_grad=True)
Parameter containing:
tensor(-2.8672, device='cuda:0', requires_grad=True)
Parameter containing:
tensor(-2.8666, device='cuda:0', requires_grad=True)
Parameter containing:
tensor(-2.8659, device='cuda:0', requires_grad=True)
Parameter containing:
tensor(-2.8653, device='cuda:0', requires_grad=True)
Parameter containing:
tensor(-2.8646, device='cuda:0', requires_grad=True)
Parameter containing:
tensor(-2.8639, device='cuda:0', requires_grad=True)
Parameter containing:
tensor(-2.8633, device='cuda:0', requires_grad=True)
Parameter containing:
tensor(-2.8626, device='cuda:0', requires_grad=True)
Parameter containing:
tensor(-2.8620, device='cuda:0', requires_grad=True)
Parameter containing:
tensor(-2.8613, device='cuda:0', requires_grad=True)
Parameter containing:
tensor(-2.8606, device='cuda:0', requires_grad=True)
Parameter containing:
tensor(-2.8600, device='cuda:0', requires_grad=True)
Parameter containing:
tensor(-2.8593, device='cuda:0', requires_grad=True)
Parameter containing:
tensor(-2.8587, device='cuda:0', requires_grad=True)
Parameter containing:
tensor(-2.8580, device='cuda:0', requires_grad=True)
Parameter containing:
tensor(-2.8573, device='cuda:0', requires_grad=True)
Parameter containing:
tensor(-2.8567, device='cuda:0', requires_grad=True)
Parameter containing:
tensor(-2.8560, device='cuda:0', requires_grad=True)
Parameter containing:
tensor(-2.8553, device='cuda:0', requires_grad=True)
Parameter containing:
tensor(-2.8547, device='cuda:0', requires_grad=True)
Parameter containing:
tensor(-2.8540, device='cuda:0', requires_grad=True)
Parameter containing:
tensor(-2.8534, device='cuda:0', requires_grad=True)
Parameter containing:
tensor(-2.8527, device='cuda:0', requires_grad=True)
Parameter containing:
tensor(-2.8520, device='cuda:0', requires_grad=True)
Parameter containing:
tensor(-2.8514, device='cuda:0', requires_grad=True)
Parameter containing:
tensor(-2.8507, device='cuda:0', requires_grad=True)
Parameter containing:
tensor(-2.8500, device='cuda:0', requires_grad=True)
Parameter containing:
tensor(-2.8494, device='cuda:0', requires_grad=True)
Parameter containing:
tensor(-2.8487, device='cuda:0', requires_grad=True)
Parameter containing:
tensor(-2.8481, device='cuda:0', requires_grad=True)
Parameter containing:
tensor(-2.8474, device='cuda:0', requires_grad=True)
Parameter containing:
tensor(-2.8468, device='cuda:0', requires_grad=True)
Parameter containing:
tensor(-2.8461, device='cuda:0', requires_grad=True)
Parameter containing:
tensor(-2.8454, device='cuda:0', requires_grad=True)
Parameter containing:
tensor(-2.8448, device='cuda:0', requires_grad=True)
Parameter containing:
tensor(-2.8441, device='cuda:0', requires_grad=True)
Parameter containing:
tensor(-2.8435, device='cuda:0', requires_grad=True)
Parameter containing:
tensor(-2.8429, device='cuda:0', requires_grad=True)
Parameter containing:
tensor(-2.8422, device='cuda:0', requires_grad=True)
Parameter containing:
tensor(-2.8416, device='cuda:0', requires_grad=True)
Parameter containing:
tensor(-2.8410, device='cuda:0', requires_grad=True)
Parameter containing:
tensor(-2.8404, device='cuda:0', requires_grad=True)
Parameter containing:
tensor(-2.8398, device='cuda:0', requires_grad=True)
Parameter containing:
tensor(-2.8391, device='cuda:0', requires_grad=True)
Parameter containing:
tensor(-2.8385, device='cuda:0', requires_grad=True)
Parameter containing:
tensor(-2.8379, device='cuda:0', requires_grad=True)
Parameter containing:
tensor(-2.8373, device='cuda:0', requires_grad=True)
Parameter containing:
tensor(-2.8366, device='cuda:0', requires_grad=True)
Parameter containing:
tensor(-2.8360, device='cuda:0', requires_grad=True)
Parameter containing:
tensor(-2.8354, device='cuda:0', requires_grad=True)
Parameter containing:
tensor(-2.8348, device='cuda:0', requires_grad=True)
Parameter containing:
tensor(-2.8342, device='cuda:0', requires_grad=True)
Parameter containing:
tensor(-2.8335, device='cuda:0', requires_grad=True)
Parameter containing:
tensor(-2.8329, device='cuda:0', requires_grad=True)
Parameter containing:
tensor(-2.8323, device='cuda:0', requires_grad=True)
Parameter containing:
tensor(-2.8317, device='cuda:0', requires_grad=True)
Parameter containing:
tensor(-2.8311, device='cuda:0', requires_grad=True)
Parameter containing:
tensor(-2.8305, device='cuda:0', requires_grad=True)
Parameter containing:
tensor(-2.8298, device='cuda:0', requires_grad=True)
Parameter containing:
tensor(-2.8292, device='cuda:0', requires_grad=True)
Parameter containing:
tensor(-2.8286, device='cuda:0', requires_grad=True)
Parameter containing:
tensor(-2.8280, device='cuda:0', requires_grad=True)
Parameter containing:
tensor(-2.8274, device='cuda:0', requires_grad=True)
Parameter containing:
tensor(-2.8267, device='cuda:0', requires_grad=True)
Parameter containing:
tensor(-2.8261, device='cuda:0', requires_grad=True)
Parameter containing:
tensor(-2.8255, device='cuda:0', requires_grad=True)
Parameter containing:
tensor(-2.8248, device='cuda:0', requires_grad=True)
Parameter containing:
tensor(-2.8242, device='cuda:0', requires_grad=True)
Parameter containing:
tensor(-2.8236, device='cuda:0', requires_grad=True)
Parameter containing:
tensor(-2.8230, device='cuda:0', requires_grad=True)
Parameter containing:
tensor(-2.8223, device='cuda:0', requires_grad=True)
Parameter containing:
tensor(-2.8217, device='cuda:0', requires_grad=True)
Parameter containing:
tensor(-2.8211, device='cuda:0', requires_grad=True)
Parameter containing:
tensor(-2.8205, device='cuda:0', requires_grad=True)
Parameter containing:
tensor(-2.8199, device='cuda:0', requires_grad=True)
Parameter containing:
tensor(-2.8193, device='cuda:0', requires_grad=True)
Parameter containing:
tensor(-2.8187, device='cuda:0', requires_grad=True)
Parameter containing:
tensor(-2.8180, device='cuda:0', requires_grad=True)
Parameter containing:
tensor(-2.8174, device='cuda:0', requires_grad=True)
Parameter containing:
tensor(-2.8168, device='cuda:0', requires_grad=True)
Parameter containing:
tensor(-2.8162, device='cuda:0', requires_grad=True)
Parameter containing:
tensor(-2.8156, device='cuda:0', requires_grad=True)
Parameter containing:
tensor(-2.8149, device='cuda:0', requires_grad=True)
Parameter containing:
tensor(-2.8143, device='cuda:0', requires_grad=True)
Parameter containing:
tensor(-2.8137, device='cuda:0', requires_grad=True)
Parameter containing:
tensor(-2.8131, device='cuda:0', requires_grad=True)
Parameter containing:
tensor(-2.8125, device='cuda:0', requires_grad=True)
Parameter containing:
tensor(-2.8118, device='cuda:0', requires_grad=True)
Parameter containing:
tensor(-2.8112, device='cuda:0', requires_grad=True)
Parameter containing:
tensor(-2.8106, device='cuda:0', requires_grad=True)
Parameter containing:
tensor(-2.8100, device='cuda:0', requires_grad=True)
Parameter containing:
tensor(-2.8094, device='cuda:0', requires_grad=True)
Parameter containing:
tensor(-2.8088, device='cuda:0', requires_grad=True)
Parameter containing:
tensor(-2.8082, device='cuda:0', requires_grad=True)
Parameter containing:
tensor(-2.8076, device='cuda:0', requires_grad=True)
Parameter containing:
tensor(-2.8070, device='cuda:0', requires_grad=True)
Parameter containing:
tensor(-2.8064, device='cuda:0', requires_grad=True)
Parameter containing:
tensor(-2.8059, device='cuda:0', requires_grad=True)
Parameter containing:
tensor(-2.8053, device='cuda:0', requires_grad=True)
Parameter containing:
tensor(-2.8047, device='cuda:0', requires_grad=True)
Parameter containing:
tensor(-2.8042, device='cuda:0', requires_grad=True)
Parameter containing:
tensor(-2.8036, device='cuda:0', requires_grad=True)
Parameter containing:
tensor(-2.8030, device='cuda:0', requires_grad=True)
Parameter containing:
tensor(-2.8025, device='cuda:0', requires_grad=True)
Parameter containing:
tensor(-2.8019, device='cuda:0', requires_grad=True)
Parameter containing:
tensor(-2.8013, device='cuda:0', requires_grad=True)
Parameter containing:
tensor(-2.8008, device='cuda:0', requires_grad=True)
Parameter containing:
tensor(-2.8002, device='cuda:0', requires_grad=True)
Parameter containing:
tensor(-2.7996, device='cuda:0', requires_grad=True)
Parameter containing:
tensor(-2.7991, device='cuda:0', requires_grad=True)
Parameter containing:
tensor(-2.7985, device='cuda:0', requires_grad=True)
Parameter containing:
tensor(-2.7980, device='cuda:0', requires_grad=True)
Parameter containing:
tensor(-2.7974, device='cuda:0', requires_grad=True)
Parameter containing:
tensor(-2.7968, device='cuda:0', requires_grad=True)
Parameter containing:
tensor(-2.7963, device='cuda:0', requires_grad=True)
Parameter containing:
tensor(-2.7957, device='cuda:0', requires_grad=True)
Parameter containing:
tensor(-2.7952, device='cuda:0', requires_grad=True)
Parameter containing:
tensor(-2.7946, device='cuda:0', requires_grad=True)
Parameter containing:
tensor(-2.7940, device='cuda:0', requires_grad=True)
Parameter containing:
tensor(-2.7935, device='cuda:0', requires_grad=True)
Parameter containing:
tensor(-2.7929, device='cuda:0', requires_grad=True)
Parameter containing:
tensor(-2.7923, device='cuda:0', requires_grad=True)
Parameter containing:
tensor(-2.7918, device='cuda:0', requires_grad=True)
Parameter containing:
tensor(-2.7912, device='cuda:0', requires_grad=True)
Parameter containing:
tensor(-2.7906, device='cuda:0', requires_grad=True)
Parameter containing:
tensor(-2.7901, device='cuda:0', requires_grad=True)
Parameter containing:
tensor(-2.7895, device='cuda:0', requires_grad=True)
Parameter containing:
tensor(-2.7889, device='cuda:0', requires_grad=True)
Parameter containing:
tensor(-2.7884, device='cuda:0', requires_grad=True)
Parameter containing:
tensor(-2.7878, device='cuda:0', requires_grad=True)
Parameter containing:
tensor(-2.7872, device='cuda:0', requires_grad=True)
Parameter containing:
tensor(-2.7867, device='cuda:0', requires_grad=True)
Parameter containing:
tensor(-2.7861, device='cuda:0', requires_grad=True)
Parameter containing:
tensor(-2.7855, device='cuda:0', requires_grad=True)
Parameter containing:
tensor(-2.7849, device='cuda:0', requires_grad=True)
Parameter containing:
tensor(-2.7843, device='cuda:0', requires_grad=True)
Parameter containing:
tensor(-2.7838, device='cuda:0', requires_grad=True)
Parameter containing:
tensor(-2.7832, device='cuda:0', requires_grad=True)
Parameter containing:
tensor(-2.7826, device='cuda:0', requires_grad=True)
Parameter containing:
tensor(-2.7821, device='cuda:0', requires_grad=True)
Parameter containing:
tensor(-2.7815, device='cuda:0', requires_grad=True)
Parameter containing:
tensor(-2.7809, device='cuda:0', requires_grad=True)
Parameter containing:
tensor(-2.7803, device='cuda:0', requires_grad=True)
Parameter containing:
tensor(-2.7798, device='cuda:0', requires_grad=True)
Parameter containing:
tensor(-2.7792, device='cuda:0', requires_grad=True)
Parameter containing:
tensor(-2.7786, device='cuda:0', requires_grad=True)
Parameter containing:
tensor(-2.7780, device='cuda:0', requires_grad=True)
Parameter containing:
tensor(-2.7774, device='cuda:0', requires_grad=True)
Parameter containing:
tensor(-2.7769, device='cuda:0', requires_grad=True)
Parameter containing:
tensor(-2.7763, device='cuda:0', requires_grad=True)
Parameter containing:
tensor(-2.7757, device='cuda:0', requires_grad=True)
Parameter containing:
tensor(-2.7752, device='cuda:0', requires_grad=True)
Parameter containing:
tensor(-2.7746, device='cuda:0', requires_grad=True)
Parameter containing:
tensor(-2.7740, device='cuda:0', requires_grad=True)
Parameter containing:
tensor(-2.7735, device='cuda:0', requires_grad=True)
Parameter containing:
tensor(-2.7729, device='cuda:0', requires_grad=True)
Parameter containing:
tensor(-2.7724, device='cuda:0', requires_grad=True)
Parameter containing:
tensor(-2.7718, device='cuda:0', requires_grad=True)
Parameter containing:
tensor(-2.7713, device='cuda:0', requires_grad=True)
Parameter containing:
tensor(-2.7707, device='cuda:0', requires_grad=True)
Parameter containing:
tensor(-2.7702, device='cuda:0', requires_grad=True)
Parameter containing:
tensor(-2.7696, device='cuda:0', requires_grad=True)
Parameter containing:
tensor(-2.7690, device='cuda:0', requires_grad=True)
Parameter containing:
tensor(-2.7685, device='cuda:0', requires_grad=True)
Parameter containing:
tensor(-2.7679, device='cuda:0', requires_grad=True)
Parameter containing:
tensor(-2.7674, device='cuda:0', requires_grad=True)
Parameter containing:
tensor(-2.7668, device='cuda:0', requires_grad=True)
Parameter containing:
tensor(-2.7663, device='cuda:0', requires_grad=True)
Parameter containing:
tensor(-2.7657, device='cuda:0', requires_grad=True)
Parameter containing:
tensor(-2.7652, device='cuda:0', requires_grad=True)
Parameter containing:
tensor(-2.7646, device='cuda:0', requires_grad=True)
Parameter containing:
tensor(-2.7641, device='cuda:0', requires_grad=True)
Parameter containing:
tensor(-2.7636, device='cuda:0', requires_grad=True)
Parameter containing:
tensor(-2.7631, device='cuda:0', requires_grad=True)
Parameter containing:
tensor(-2.7625, device='cuda:0', requires_grad=True)
Parameter containing:
tensor(-2.7620, device='cuda:0', requires_grad=True)
Parameter containing:
tensor(-2.7615, device='cuda:0', requires_grad=True)
Parameter containing:
tensor(-2.7610, device='cuda:0', requires_grad=True)
Parameter containing:
tensor(-2.7604, device='cuda:0', requires_grad=True)
Parameter containing:
tensor(-2.7599, device='cuda:0', requires_grad=True)
Parameter containing:
tensor(-2.7594, device='cuda:0', requires_grad=True)
Parameter containing:
tensor(-2.7589, device='cuda:0', requires_grad=True)
Parameter containing:
tensor(-2.7584, device='cuda:0', requires_grad=True)
Parameter containing:
tensor(-2.7578, device='cuda:0', requires_grad=True)
Parameter containing:
tensor(-2.7573, device='cuda:0', requires_grad=True)
Parameter containing:
tensor(-2.7568, device='cuda:0', requires_grad=True)
Parameter containing:
tensor(-2.7563, device='cuda:0', requires_grad=True)
Parameter containing:
tensor(-2.7558, device='cuda:0', requires_grad=True)
Parameter containing:
tensor(-2.7552, device='cuda:0', requires_grad=True)
Parameter containing:
tensor(-2.7547, device='cuda:0', requires_grad=True)
Parameter containing:
tensor(-2.7542, device='cuda:0', requires_grad=True)
Parameter containing:
tensor(-2.7537, device='cuda:0', requires_grad=True)
Parameter containing:
tensor(-2.7532, device='cuda:0', requires_grad=True)
Parameter containing:
tensor(-2.7526, device='cuda:0', requires_grad=True)
Parameter containing:
tensor(-2.7521, device='cuda:0', requires_grad=True)
Parameter containing:
tensor(-2.7516, device='cuda:0', requires_grad=True)
Parameter containing:
tensor(-2.7511, device='cuda:0', requires_grad=True)
Parameter containing:
tensor(-2.7505, device='cuda:0', requires_grad=True)
Parameter containing:
tensor(-2.7500, device='cuda:0', requires_grad=True)
Parameter containing:
tensor(-2.7495, device='cuda:0', requires_grad=True)
Parameter containing:
tensor(-2.7490, device='cuda:0', requires_grad=True)
Parameter containing:
tensor(-2.7485, device='cuda:0', requires_grad=True)
Parameter containing:
tensor(-2.7480, device='cuda:0', requires_grad=True)
Parameter containing:
tensor(-2.7475, device='cuda:0', requires_grad=True)
Parameter containing:
tensor(-2.7470, device='cuda:0', requires_grad=True)
Parameter containing:
tensor(-2.7464, device='cuda:0', requires_grad=True)
Parameter containing:
tensor(-2.7459, device='cuda:0', requires_grad=True)
Parameter containing:
tensor(-2.7454, device='cuda:0', requires_grad=True)
Parameter containing:
tensor(-2.7449, device='cuda:0', requires_grad=True)
Parameter containing:
tensor(-2.7444, device='cuda:0', requires_grad=True)
Parameter containing:
tensor(-2.7439, device='cuda:0', requires_grad=True)
Parameter containing:
tensor(-2.7434, device='cuda:0', requires_grad=True)
Parameter containing:
tensor(-2.7429, device='cuda:0', requires_grad=True)
Parameter containing:
tensor(-2.7424, device='cuda:0', requires_grad=True)
Parameter containing:
tensor(-2.7419, device='cuda:0', requires_grad=True)
Parameter containing:
tensor(-2.7414, device='cuda:0', requires_grad=True)
Parameter containing:
tensor(-2.7409, device='cuda:0', requires_grad=True)
Parameter containing:
tensor(-2.7404, device='cuda:0', requires_grad=True)
Parameter containing:
tensor(-2.7399, device='cuda:0', requires_grad=True)
Parameter containing:
tensor(-2.7394, device='cuda:0', requires_grad=True)
Parameter containing:
tensor(-2.7389, device='cuda:0', requires_grad=True)
Parameter containing:
tensor(-2.7384, device='cuda:0', requires_grad=True)
Parameter containing:
tensor(-2.7379, device='cuda:0', requires_grad=True)
Parameter containing:
tensor(-2.7374, device='cuda:0', requires_grad=True)
Parameter containing:
tensor(-2.7369, device='cuda:0', requires_grad=True)
Parameter containing:
tensor(-2.7364, device='cuda:0', requires_grad=True)
Parameter containing:
tensor(-2.7359, device='cuda:0', requires_grad=True)
Parameter containing:
tensor(-2.7354, device='cuda:0', requires_grad=True)
Parameter containing:
tensor(-2.7349, device='cuda:0', requires_grad=True)
Parameter containing:
tensor(-2.7343, device='cuda:0', requires_grad=True)
Parameter containing:
tensor(-2.7338, device='cuda:0', requires_grad=True)
Parameter containing:
tensor(-2.7333, device='cuda:0', requires_grad=True)
Parameter containing:
tensor(-2.7328, device='cuda:0', requires_grad=True)
Parameter containing:
tensor(-2.7323, device='cuda:0', requires_grad=True)
Parameter containing:
tensor(-2.7318, device='cuda:0', requires_grad=True)
Parameter containing:
tensor(-2.7312, device='cuda:0', requires_grad=True)
Parameter containing:
tensor(-2.7307, device='cuda:0', requires_grad=True)
Parameter containing:
tensor(-2.7302, device='cuda:0', requires_grad=True)
Parameter containing:
tensor(-2.7297, device='cuda:0', requires_grad=True)
Parameter containing:
tensor(-2.7292, device='cuda:0', requires_grad=True)
Parameter containing:
tensor(-2.7287, device='cuda:0', requires_grad=True)
Parameter containing:
tensor(-2.7283, device='cuda:0', requires_grad=True)
Parameter containing:
tensor(-2.7278, device='cuda:0', requires_grad=True)
Parameter containing:
tensor(-2.7273, device='cuda:0', requires_grad=True)
Parameter containing:
tensor(-2.7269, device='cuda:0', requires_grad=True)
Parameter containing:
tensor(-2.7264, device='cuda:0', requires_grad=True)
Parameter containing:
tensor(-2.7259, device='cuda:0', requires_grad=True)
Parameter containing:
tensor(-2.7254, device='cuda:0', requires_grad=True)
Parameter containing:
tensor(-2.7250, device='cuda:0', requires_grad=True)
Parameter containing:
tensor(-2.7245, device='cuda:0', requires_grad=True)
Parameter containing:
tensor(-2.7240, device='cuda:0', requires_grad=True)
Parameter containing:
tensor(-2.7235, device='cuda:0', requires_grad=True)
Parameter containing:
tensor(-2.7231, device='cuda:0', requires_grad=True)
Parameter containing:
tensor(-2.7226, device='cuda:0', requires_grad=True)
Parameter containing:
tensor(-2.7221, device='cuda:0', requires_grad=True)
Parameter containing:
tensor(-2.7216, device='cuda:0', requires_grad=True)
Parameter containing:
tensor(-2.7212, device='cuda:0', requires_grad=True)
Parameter containing:
tensor(-2.7207, device='cuda:0', requires_grad=True)
Parameter containing:
tensor(-2.7202, device='cuda:0', requires_grad=True)
Parameter containing:
tensor(-2.7197, device='cuda:0', requires_grad=True)
Parameter containing:
tensor(-2.7193, device='cuda:0', requires_grad=True)
Parameter containing:
tensor(-2.7188, device='cuda:0', requires_grad=True)
Parameter containing:
tensor(-2.7183, device='cuda:0', requires_grad=True)
Parameter containing:
tensor(-2.7179, device='cuda:0', requires_grad=True)
Parameter containing:
tensor(-2.7174, device='cuda:0', requires_grad=True)
Parameter containing:
tensor(-2.7169, device='cuda:0', requires_grad=True)
Parameter containing:
tensor(-2.7165, device='cuda:0', requires_grad=True)
Parameter containing:
tensor(-2.7160, device='cuda:0', requires_grad=True)
Parameter containing:
tensor(-2.7155, device='cuda:0', requires_grad=True)
Parameter containing:
tensor(-2.7150, device='cuda:0', requires_grad=True)
Parameter containing:
tensor(-2.7146, device='cuda:0', requires_grad=True)
Parameter containing:
tensor(-2.7141, device='cuda:0', requires_grad=True)
Parameter containing:
tensor(-2.7136, device='cuda:0', requires_grad=True)
Parameter containing:
tensor(-2.7131, device='cuda:0', requires_grad=True)
Parameter containing:
tensor(-2.7127, device='cuda:0', requires_grad=True)
Parameter containing:
tensor(-2.7122, device='cuda:0', requires_grad=True)
Parameter containing:
tensor(-2.7117, device='cuda:0', requires_grad=True)
Parameter containing:
tensor(-2.7113, device='cuda:0', requires_grad=True)
Parameter containing:
tensor(-2.7108, device='cuda:0', requires_grad=True)
Parameter containing:
tensor(-2.7104, device='cuda:0', requires_grad=True)
Parameter containing:
tensor(-2.7099, device='cuda:0', requires_grad=True)
Parameter containing:
tensor(-2.7094, device='cuda:0', requires_grad=True)
Parameter containing:
tensor(-2.7090, device='cuda:0', requires_grad=True)
Parameter containing:
tensor(-2.7085, device='cuda:0', requires_grad=True)
Parameter containing:
tensor(-2.7081, device='cuda:0', requires_grad=True)
Parameter containing:
tensor(-2.7076, device='cuda:0', requires_grad=True)
Parameter containing:
tensor(-2.7072, device='cuda:0', requires_grad=True)
Parameter containing:
tensor(-2.7067, device='cuda:0', requires_grad=True)
Parameter containing:
tensor(-2.7063, device='cuda:0', requires_grad=True)
Parameter containing:
tensor(-2.7058, device='cuda:0', requires_grad=True)
Parameter containing:
tensor(-2.7053, device='cuda:0', requires_grad=True)
Parameter containing:
tensor(-2.7049, device='cuda:0', requires_grad=True)
Parameter containing:
tensor(-2.7044, device='cuda:0', requires_grad=True)
Parameter containing:
tensor(-2.7039, device='cuda:0', requires_grad=True)
Parameter containing:
tensor(-2.7034, device='cuda:0', requires_grad=True)
Parameter containing:
tensor(-2.7030, device='cuda:0', requires_grad=True)
Parameter containing:
tensor(-2.7025, device='cuda:0', requires_grad=True)
Parameter containing:
tensor(-2.7021, device='cuda:0', requires_grad=True)
Parameter containing:
tensor(-2.7017, device='cuda:0', requires_grad=True)
Parameter containing:
tensor(-2.7013, device='cuda:0', requires_grad=True)
Parameter containing:
tensor(-2.7008, device='cuda:0', requires_grad=True)
Parameter containing:
tensor(-2.7004, device='cuda:0', requires_grad=True)
Parameter containing:
tensor(-2.7000, device='cuda:0', requires_grad=True)
Parameter containing:
tensor(-2.6996, device='cuda:0', requires_grad=True)
Parameter containing:
tensor(-2.6992, device='cuda:0', requires_grad=True)
Parameter containing:
tensor(-2.6988, device='cuda:0', requires_grad=True)
Parameter containing:
tensor(-2.6984, device='cuda:0', requires_grad=True)
Parameter containing:
tensor(-2.6979, device='cuda:0', requires_grad=True)
Parameter containing:
tensor(-2.6975, device='cuda:0', requires_grad=True)
Parameter containing:
tensor(-2.6971, device='cuda:0', requires_grad=True)
Parameter containing:
tensor(-2.6967, device='cuda:0', requires_grad=True)
Parameter containing:
tensor(-2.6963, device='cuda:0', requires_grad=True)
Parameter containing:
tensor(-2.6959, device='cuda:0', requires_grad=True)
Parameter containing:
tensor(-2.6955, device='cuda:0', requires_grad=True)
Parameter containing:
tensor(-2.6950, device='cuda:0', requires_grad=True)
Parameter containing:
tensor(-2.6946, device='cuda:0', requires_grad=True)
Parameter containing:
tensor(-2.6942, device='cuda:0', requires_grad=True)
Parameter containing:
tensor(-2.6938, device='cuda:0', requires_grad=True)
Parameter containing:
tensor(-2.6934, device='cuda:0', requires_grad=True)
Parameter containing:
tensor(-2.6930, device='cuda:0', requires_grad=True)
Parameter containing:
tensor(-2.6926, device='cuda:0', requires_grad=True)
Parameter containing:
tensor(-2.6922, device='cuda:0', requires_grad=True)
Parameter containing:
tensor(-2.6917, device='cuda:0', requires_grad=True)
Parameter containing:
tensor(-2.6913, device='cuda:0', requires_grad=True)
Parameter containing:
tensor(-2.6909, device='cuda:0', requires_grad=True)
Parameter containing:
tensor(-2.6905, device='cuda:0', requires_grad=True)
Parameter containing:
tensor(-2.6901, device='cuda:0', requires_grad=True)
Parameter containing:
tensor(-2.6896, device='cuda:0', requires_grad=True)
Parameter containing:
tensor(-2.6892, device='cuda:0', requires_grad=True)
Parameter containing:
tensor(-2.6888, device='cuda:0', requires_grad=True)
Parameter containing:
tensor(-2.6884, device='cuda:0', requires_grad=True)
Parameter containing:
tensor(-2.6880, device='cuda:0', requires_grad=True)


PS:

Read file <14836080.stderr> for stderr output of this job.

