Sender: LSF System <lsfadmin@lt21>
Subject: Job 14789286: <_gp_sgld_GraphConv_1e-6> in cluster <lila> Done

Job <_gp_sgld_GraphConv_1e-6> was submitted from host <lx13> by user <wangy1> in cluster <lila> at Tue Jun  2 22:37:35 2020
Job was executed on host(s) <12*lt21>, in queue <gpuqueue>, as user <wangy1> in cluster <lila> at Tue Jun  2 23:04:03 2020
</home/wangy1> was used as the home directory.
</data/chodera/wangyq/pinot/scripts/gp_comparison> was used as the working directory.
Started at Tue Jun  2 23:04:03 2020
Terminated at Tue Jun  2 23:16:57 2020
Results reported at Tue Jun  2 23:16:57 2020

Your job looked like:

------------------------------------------------------------
# LSBATCH: User input
python ../../pinot/app/gp_train.py --layer GraphConv --optimizer sgld --lr 1e-6 --out _gp_sgld_GraphConv_1e-6 --n_epochs 1000
------------------------------------------------------------

Successfully completed.

Resource usage summary:

    CPU time :                                   1839.12 sec.
    Max Memory :                                 2 GB
    Average Memory :                             1.96 GB
    Total Requested Memory :                     48.00 GB
    Delta Memory :                               46.00 GB
    Max Swap :                                   -
    Max Processes :                              3
    Max Threads :                                20
    Run time :                                   774 sec.
    Turnaround time :                            2362 sec.

The output (if any) follows:



PS:

Read file <14789286.stderr> for stderr output of this job.

