Sender: LSF System <lsfadmin@lt10>
Subject: Job 14787414: <_adam_SAGEConv_1e-6> in cluster <lila> Done

Job <_adam_SAGEConv_1e-6> was submitted from host <lt21> by user <wangy1> in cluster <lila> at Mon Jun  1 23:09:57 2020
Job was executed on host(s) <12*lt10>, in queue <gpuqueue>, as user <wangy1> in cluster <lila> at Mon Jun  1 23:09:58 2020
</home/wangy1> was used as the home directory.
</data/chodera/wangyq/pinot/scripts/comparison> was used as the working directory.
Started at Mon Jun  1 23:09:58 2020
Terminated at Mon Jun  1 23:17:18 2020
Results reported at Mon Jun  1 23:17:18 2020

Your job looked like:

------------------------------------------------------------
# LSBATCH: User input
python ../../pinot/app/supervised_train.py --layer SAGEConv --optimizer adam --lr 1e-6 --out _adam_SAGEConv_1e-6 --n_epochs 1000
------------------------------------------------------------

Successfully completed.

Resource usage summary:

    CPU time :                                   432.52 sec.
    Max Memory :                                 2 GB
    Average Memory :                             1.20 GB
    Total Requested Memory :                     48.00 GB
    Delta Memory :                               46.00 GB
    Max Swap :                                   -
    Max Processes :                              3
    Max Threads :                                9
    Run time :                                   441 sec.
    Turnaround time :                            441 sec.

The output (if any) follows:



PS:

Read file <14787414.stderr> for stderr output of this job.

