Sender: LSF System <lsfadmin@ls16>
Subject: Job 14804839: <_gp_SGD_SGConv_1e-4> in cluster <lila> Done

Job <_gp_SGD_SGConv_1e-4> was submitted from host <lx12> by user <wangy1> in cluster <lila> at Mon Jun  8 12:41:51 2020
Job was executed on host(s) <12*ls16>, in queue <gpuqueue>, as user <wangy1> in cluster <lila> at Mon Jun  8 12:41:51 2020
</home/wangy1> was used as the home directory.
</data/chodera/wangyq/pinot/scripts/gp_comparison> was used as the working directory.
Started at Mon Jun  8 12:41:51 2020
Terminated at Mon Jun  8 12:42:56 2020
Results reported at Mon Jun  8 12:42:56 2020

Your job looked like:

------------------------------------------------------------
# LSBATCH: User input
python ../../pinot/app/gp_train.py --layer SGConv --optimizer SGD --lr 1e-4 --out _gp_SGD_SGConv_1e-4 --n_epochs 100
------------------------------------------------------------

Successfully completed.

Resource usage summary:

    CPU time :                                   151.49 sec.
    Max Memory :                                 2 GB
    Average Memory :                             1.50 GB
    Total Requested Memory :                     48.00 GB
    Delta Memory :                               46.00 GB
    Max Swap :                                   -
    Max Processes :                              3
    Max Threads :                                20
    Run time :                                   64 sec.
    Turnaround time :                            65 sec.

The output (if any) follows:

Parameter containing:
tensor(1., device='cuda:0', requires_grad=True)
Parameter containing:
tensor(0.9575, device='cuda:0', requires_grad=True)
Parameter containing:
tensor(0.9148, device='cuda:0', requires_grad=True)
Parameter containing:
tensor(0.8726, device='cuda:0', requires_grad=True)
Parameter containing:
tensor(0.8300, device='cuda:0', requires_grad=True)
Parameter containing:
tensor(0.7896, device='cuda:0', requires_grad=True)
Parameter containing:
tensor(0.7495, device='cuda:0', requires_grad=True)
Parameter containing:
tensor(0.7108, device='cuda:0', requires_grad=True)
Parameter containing:
tensor(0.6722, device='cuda:0', requires_grad=True)
Parameter containing:
tensor(0.6359, device='cuda:0', requires_grad=True)
Parameter containing:
tensor(0.6004, device='cuda:0', requires_grad=True)
Parameter containing:
tensor(0.5657, device='cuda:0', requires_grad=True)
Parameter containing:
tensor(0.5285, device='cuda:0', requires_grad=True)
Parameter containing:
tensor(0.4962, device='cuda:0', requires_grad=True)
Parameter containing:
tensor(0.4676, device='cuda:0', requires_grad=True)
Parameter containing:
tensor(0.4368, device='cuda:0', requires_grad=True)
Parameter containing:
tensor(0.4084, device='cuda:0', requires_grad=True)
Parameter containing:
tensor(0.3777, device='cuda:0', requires_grad=True)
Parameter containing:
tensor(0.3587, device='cuda:0', requires_grad=True)
Parameter containing:
tensor(0.3348, device='cuda:0', requires_grad=True)
Parameter containing:
tensor(0.3103, device='cuda:0', requires_grad=True)
Parameter containing:
tensor(0.2864, device='cuda:0', requires_grad=True)
Parameter containing:
tensor(0.2657, device='cuda:0', requires_grad=True)
Parameter containing:
tensor(0.2500, device='cuda:0', requires_grad=True)
Parameter containing:
tensor(0.2261, device='cuda:0', requires_grad=True)
Parameter containing:
tensor(0.2035, device='cuda:0', requires_grad=True)
Parameter containing:
tensor(0.1827, device='cuda:0', requires_grad=True)
Parameter containing:
tensor(0.1626, device='cuda:0', requires_grad=True)
Parameter containing:
tensor(0.1457, device='cuda:0', requires_grad=True)
Parameter containing:
tensor(0.1387, device='cuda:0', requires_grad=True)
Parameter containing:
tensor(0.1286, device='cuda:0', requires_grad=True)
Parameter containing:
tensor(0.1122, device='cuda:0', requires_grad=True)
Parameter containing:
tensor(0.0940, device='cuda:0', requires_grad=True)
Parameter containing:
tensor(0.0765, device='cuda:0', requires_grad=True)
Parameter containing:
tensor(0.0632, device='cuda:0', requires_grad=True)
Parameter containing:
tensor(0.0442, device='cuda:0', requires_grad=True)
Parameter containing:
tensor(0.0355, device='cuda:0', requires_grad=True)
Parameter containing:
tensor(0.0205, device='cuda:0', requires_grad=True)
Parameter containing:
tensor(-0.0011, device='cuda:0', requires_grad=True)
Parameter containing:
tensor(-0.0089, device='cuda:0', requires_grad=True)
Parameter containing:
tensor(-0.0258, device='cuda:0', requires_grad=True)
Parameter containing:
tensor(-0.0388, device='cuda:0', requires_grad=True)
Parameter containing:
tensor(-0.0545, device='cuda:0', requires_grad=True)
Parameter containing:
tensor(-0.0644, device='cuda:0', requires_grad=True)
Parameter containing:
tensor(-0.0827, device='cuda:0', requires_grad=True)
Parameter containing:
tensor(-0.1003, device='cuda:0', requires_grad=True)
Parameter containing:
tensor(-0.1127, device='cuda:0', requires_grad=True)
Parameter containing:
tensor(-0.1212, device='cuda:0', requires_grad=True)
Parameter containing:
tensor(-0.1231, device='cuda:0', requires_grad=True)
Parameter containing:
tensor(-0.1331, device='cuda:0', requires_grad=True)
Parameter containing:
tensor(-0.1451, device='cuda:0', requires_grad=True)
Parameter containing:
tensor(-0.1490, device='cuda:0', requires_grad=True)
Parameter containing:
tensor(-0.1555, device='cuda:0', requires_grad=True)
Parameter containing:
tensor(-0.1647, device='cuda:0', requires_grad=True)
Parameter containing:
tensor(-0.1708, device='cuda:0', requires_grad=True)
Parameter containing:
tensor(-0.1798, device='cuda:0', requires_grad=True)
Parameter containing:
tensor(-0.1941, device='cuda:0', requires_grad=True)
Parameter containing:
tensor(-0.1968, device='cuda:0', requires_grad=True)
Parameter containing:
tensor(-0.2033, device='cuda:0', requires_grad=True)
Parameter containing:
tensor(-0.2152, device='cuda:0', requires_grad=True)
Parameter containing:
tensor(-0.2158, device='cuda:0', requires_grad=True)
Parameter containing:
tensor(-0.2181, device='cuda:0', requires_grad=True)
Parameter containing:
tensor(-0.2266, device='cuda:0', requires_grad=True)
Parameter containing:
tensor(-0.2386, device='cuda:0', requires_grad=True)
Parameter containing:
tensor(-0.2483, device='cuda:0', requires_grad=True)
Parameter containing:
tensor(-0.2609, device='cuda:0', requires_grad=True)
Parameter containing:
tensor(-0.2491, device='cuda:0', requires_grad=True)
Parameter containing:
tensor(-0.2547, device='cuda:0', requires_grad=True)
Parameter containing:
tensor(-0.2654, device='cuda:0', requires_grad=True)
Parameter containing:
tensor(-0.2739, device='cuda:0', requires_grad=True)
Parameter containing:
tensor(-0.2685, device='cuda:0', requires_grad=True)
Parameter containing:
tensor(-0.2691, device='cuda:0', requires_grad=True)
Parameter containing:
tensor(-0.2709, device='cuda:0', requires_grad=True)
Parameter containing:
tensor(-0.2812, device='cuda:0', requires_grad=True)
Parameter containing:
tensor(-0.2850, device='cuda:0', requires_grad=True)
Parameter containing:
tensor(-0.2909, device='cuda:0', requires_grad=True)
Parameter containing:
tensor(-0.3002, device='cuda:0', requires_grad=True)
Parameter containing:
tensor(-0.3072, device='cuda:0', requires_grad=True)
Parameter containing:
tensor(-0.3113, device='cuda:0', requires_grad=True)
Parameter containing:
tensor(-0.3186, device='cuda:0', requires_grad=True)
Parameter containing:
tensor(-0.3296, device='cuda:0', requires_grad=True)
Parameter containing:
tensor(-0.3378, device='cuda:0', requires_grad=True)
Parameter containing:
tensor(-0.3475, device='cuda:0', requires_grad=True)
Parameter containing:
tensor(-0.3494, device='cuda:0', requires_grad=True)
Parameter containing:
tensor(-0.3582, device='cuda:0', requires_grad=True)
Parameter containing:
tensor(-0.3624, device='cuda:0', requires_grad=True)
Parameter containing:
tensor(-0.3708, device='cuda:0', requires_grad=True)
Parameter containing:
tensor(-0.3666, device='cuda:0', requires_grad=True)
Parameter containing:
tensor(-0.3550, device='cuda:0', requires_grad=True)
Parameter containing:
tensor(-0.3576, device='cuda:0', requires_grad=True)
Parameter containing:
tensor(-0.3604, device='cuda:0', requires_grad=True)
Parameter containing:
tensor(-0.3613, device='cuda:0', requires_grad=True)
Parameter containing:
tensor(-0.3524, device='cuda:0', requires_grad=True)
Parameter containing:
tensor(-0.3595, device='cuda:0', requires_grad=True)
Parameter containing:
tensor(-0.3631, device='cuda:0', requires_grad=True)
Parameter containing:
tensor(-0.3593, device='cuda:0', requires_grad=True)
Parameter containing:
tensor(-0.3588, device='cuda:0', requires_grad=True)
Parameter containing:
tensor(-0.3601, device='cuda:0', requires_grad=True)
Parameter containing:
tensor(-0.3636, device='cuda:0', requires_grad=True)
Parameter containing:
tensor(-0.3570, device='cuda:0', requires_grad=True)


PS:

Read file <14804839.stderr> for stderr output of this job.

