Sender: LSF System <lsfadmin@lt06>
Subject: Job 14804956: <_gp_SGD_TAGConv_1e-4> in cluster <lila> Done

Job <_gp_SGD_TAGConv_1e-4> was submitted from host <lx12> by user <wangy1> in cluster <lila> at Mon Jun  8 13:33:41 2020
Job was executed on host(s) <12*lt06>, in queue <gpuqueue>, as user <wangy1> in cluster <lila> at Mon Jun  8 13:33:41 2020
</home/wangy1> was used as the home directory.
</data/chodera/wangyq/pinot/scripts/gp_comparison> was used as the working directory.
Started at Mon Jun  8 13:33:41 2020
Terminated at Mon Jun  8 13:34:42 2020
Results reported at Mon Jun  8 13:34:42 2020

Your job looked like:

------------------------------------------------------------
# LSBATCH: User input
python ../../pinot/app/gp_train.py --layer TAGConv --optimizer SGD --lr 1e-4 --out _gp_SGD_TAGConv_1e-4 --n_epochs 100
------------------------------------------------------------

Successfully completed.

Resource usage summary:

    CPU time :                                   144.93 sec.
    Max Memory :                                 2 GB
    Average Memory :                             1.84 GB
    Total Requested Memory :                     48.00 GB
    Delta Memory :                               46.00 GB
    Max Swap :                                   -
    Max Processes :                              3
    Max Threads :                                20
    Run time :                                   61 sec.
    Turnaround time :                            61 sec.

The output (if any) follows:

Parameter containing:
tensor(1., device='cuda:0', requires_grad=True)
Parameter containing:
tensor(0.9829, device='cuda:0', requires_grad=True)
Parameter containing:
tensor(0.9483, device='cuda:0', requires_grad=True)
Parameter containing:
tensor(0.9128, device='cuda:0', requires_grad=True)
Parameter containing:
tensor(0.8795, device='cuda:0', requires_grad=True)
Parameter containing:
tensor(0.8471, device='cuda:0', requires_grad=True)
Parameter containing:
tensor(0.8162, device='cuda:0', requires_grad=True)
Parameter containing:
tensor(0.7872, device='cuda:0', requires_grad=True)
Parameter containing:
tensor(0.7555, device='cuda:0', requires_grad=True)
Parameter containing:
tensor(0.7236, device='cuda:0', requires_grad=True)
Parameter containing:
tensor(0.6992, device='cuda:0', requires_grad=True)
Parameter containing:
tensor(0.6722, device='cuda:0', requires_grad=True)
Parameter containing:
tensor(0.6416, device='cuda:0', requires_grad=True)
Parameter containing:
tensor(0.6116, device='cuda:0', requires_grad=True)
Parameter containing:
tensor(0.5872, device='cuda:0', requires_grad=True)
Parameter containing:
tensor(0.5653, device='cuda:0', requires_grad=True)
Parameter containing:
tensor(0.5406, device='cuda:0', requires_grad=True)
Parameter containing:
tensor(0.5206, device='cuda:0', requires_grad=True)
Parameter containing:
tensor(0.5028, device='cuda:0', requires_grad=True)
Parameter containing:
tensor(0.4838, device='cuda:0', requires_grad=True)
Parameter containing:
tensor(0.4653, device='cuda:0', requires_grad=True)
Parameter containing:
tensor(0.4500, device='cuda:0', requires_grad=True)
Parameter containing:
tensor(0.4327, device='cuda:0', requires_grad=True)
Parameter containing:
tensor(0.4158, device='cuda:0', requires_grad=True)
Parameter containing:
tensor(0.3997, device='cuda:0', requires_grad=True)
Parameter containing:
tensor(0.3828, device='cuda:0', requires_grad=True)
Parameter containing:
tensor(0.3684, device='cuda:0', requires_grad=True)
Parameter containing:
tensor(0.3600, device='cuda:0', requires_grad=True)
Parameter containing:
tensor(0.3423, device='cuda:0', requires_grad=True)
Parameter containing:
tensor(0.3259, device='cuda:0', requires_grad=True)
Parameter containing:
tensor(0.3155, device='cuda:0', requires_grad=True)
Parameter containing:
tensor(0.3022, device='cuda:0', requires_grad=True)
Parameter containing:
tensor(0.2828, device='cuda:0', requires_grad=True)
Parameter containing:
tensor(0.2686, device='cuda:0', requires_grad=True)
Parameter containing:
tensor(0.2529, device='cuda:0', requires_grad=True)
Parameter containing:
tensor(0.2377, device='cuda:0', requires_grad=True)
Parameter containing:
tensor(0.2276, device='cuda:0', requires_grad=True)
Parameter containing:
tensor(0.2168, device='cuda:0', requires_grad=True)
Parameter containing:
tensor(0.2016, device='cuda:0', requires_grad=True)
Parameter containing:
tensor(0.1973, device='cuda:0', requires_grad=True)
Parameter containing:
tensor(0.1820, device='cuda:0', requires_grad=True)
Parameter containing:
tensor(0.1746, device='cuda:0', requires_grad=True)
Parameter containing:
tensor(0.1610, device='cuda:0', requires_grad=True)
Parameter containing:
tensor(0.1504, device='cuda:0', requires_grad=True)
Parameter containing:
tensor(0.1467, device='cuda:0', requires_grad=True)
Parameter containing:
tensor(0.1338, device='cuda:0', requires_grad=True)
Parameter containing:
tensor(0.1237, device='cuda:0', requires_grad=True)
Parameter containing:
tensor(0.1162, device='cuda:0', requires_grad=True)
Parameter containing:
tensor(0.1051, device='cuda:0', requires_grad=True)
Parameter containing:
tensor(0.0961, device='cuda:0', requires_grad=True)
Parameter containing:
tensor(0.0876, device='cuda:0', requires_grad=True)
Parameter containing:
tensor(0.0843, device='cuda:0', requires_grad=True)
Parameter containing:
tensor(0.0739, device='cuda:0', requires_grad=True)
Parameter containing:
tensor(0.0709, device='cuda:0', requires_grad=True)
Parameter containing:
tensor(0.0629, device='cuda:0', requires_grad=True)
Parameter containing:
tensor(0.0526, device='cuda:0', requires_grad=True)
Parameter containing:
tensor(0.0422, device='cuda:0', requires_grad=True)
Parameter containing:
tensor(0.0332, device='cuda:0', requires_grad=True)
Parameter containing:
tensor(0.0214, device='cuda:0', requires_grad=True)
Parameter containing:
tensor(0.0131, device='cuda:0', requires_grad=True)
Parameter containing:
tensor(0.0050, device='cuda:0', requires_grad=True)
Parameter containing:
tensor(-0.0017, device='cuda:0', requires_grad=True)
Parameter containing:
tensor(-0.0130, device='cuda:0', requires_grad=True)
Parameter containing:
tensor(-0.0218, device='cuda:0', requires_grad=True)
Parameter containing:
tensor(-0.0321, device='cuda:0', requires_grad=True)
Parameter containing:
tensor(-0.0404, device='cuda:0', requires_grad=True)
Parameter containing:
tensor(-0.0516, device='cuda:0', requires_grad=True)
Parameter containing:
tensor(-0.0584, device='cuda:0', requires_grad=True)
Parameter containing:
tensor(-0.0691, device='cuda:0', requires_grad=True)
Parameter containing:
tensor(-0.0764, device='cuda:0', requires_grad=True)
Parameter containing:
tensor(-0.0876, device='cuda:0', requires_grad=True)
Parameter containing:
tensor(-0.0953, device='cuda:0', requires_grad=True)
Parameter containing:
tensor(-0.1059, device='cuda:0', requires_grad=True)
Parameter containing:
tensor(-0.1128, device='cuda:0', requires_grad=True)
Parameter containing:
tensor(-0.1168, device='cuda:0', requires_grad=True)
Parameter containing:
tensor(-0.1168, device='cuda:0', requires_grad=True)
Parameter containing:
tensor(-0.1253, device='cuda:0', requires_grad=True)
Parameter containing:
tensor(-0.1193, device='cuda:0', requires_grad=True)
Parameter containing:
tensor(-0.1261, device='cuda:0', requires_grad=True)
Parameter containing:
tensor(-0.1239, device='cuda:0', requires_grad=True)
Parameter containing:
tensor(-0.1253, device='cuda:0', requires_grad=True)
Parameter containing:
tensor(-0.1331, device='cuda:0', requires_grad=True)
Parameter containing:
tensor(-0.1340, device='cuda:0', requires_grad=True)
Parameter containing:
tensor(-0.1379, device='cuda:0', requires_grad=True)
Parameter containing:
tensor(-0.1399, device='cuda:0', requires_grad=True)
Parameter containing:
tensor(-0.1391, device='cuda:0', requires_grad=True)
Parameter containing:
tensor(-0.1449, device='cuda:0', requires_grad=True)
Parameter containing:
tensor(-0.1535, device='cuda:0', requires_grad=True)
Parameter containing:
tensor(-0.1602, device='cuda:0', requires_grad=True)
Parameter containing:
tensor(-0.1655, device='cuda:0', requires_grad=True)
Parameter containing:
tensor(-0.1672, device='cuda:0', requires_grad=True)
Parameter containing:
tensor(-0.1729, device='cuda:0', requires_grad=True)
Parameter containing:
tensor(-0.1766, device='cuda:0', requires_grad=True)
Parameter containing:
tensor(-0.1826, device='cuda:0', requires_grad=True)
Parameter containing:
tensor(-0.1862, device='cuda:0', requires_grad=True)
Parameter containing:
tensor(-0.1929, device='cuda:0', requires_grad=True)
Parameter containing:
tensor(-0.1967, device='cuda:0', requires_grad=True)
Parameter containing:
tensor(-0.2011, device='cuda:0', requires_grad=True)
Parameter containing:
tensor(-0.2060, device='cuda:0', requires_grad=True)
Parameter containing:
tensor(-0.2124, device='cuda:0', requires_grad=True)


PS:

Read file <14804956.stderr> for stderr output of this job.

