Sender: LSF System <lsfadmin@ls10>
Subject: Job 14833936: <_bbb_GraphConv> in cluster <lila> Exited

Job <_bbb_GraphConv> was submitted from host <lt01> by user <wangy1> in cluster <lila> at Thu Jun 11 15:21:11 2020
Job was executed on host(s) <12*ls10>, in queue <gpuqueue>, as user <wangy1> in cluster <lila> at Thu Jun 11 15:21:11 2020
</home/wangy1> was used as the home directory.
</data/chodera/wangyq/pinot/scripts/comparison> was used as the working directory.
Started at Thu Jun 11 15:21:11 2020
Terminated at Thu Jun 11 16:22:30 2020
Results reported at Thu Jun 11 16:22:30 2020

Your job looked like:

------------------------------------------------------------
# LSBATCH: User input
python ../../pinot/app/train_old.py --layer GraphConv --optimizer bbb --lr 1e-3 --out _bbb_GraphConv --n_epochs 100 --config 32 tanh 32 tanh 32 tanh
------------------------------------------------------------

TERM_RUNLIMIT: job killed after reaching LSF run time limit.
Exited with exit code 140.

Resource usage summary:

    CPU time :                                   289.09 sec.
    Max Memory :                                 1 GB
    Average Memory :                             0.97 GB
    Total Requested Memory :                     48.00 GB
    Delta Memory :                               47.00 GB
    Max Swap :                                   -
    Max Processes :                              3
    Max Threads :                                9
    Run time :                                   3675 sec.
    Turnaround time :                            3679 sec.

The output (if any) follows:



PS:

Read file <14833936.stderr> for stderr output of this job.

