Sender: LSF System <lsfadmin@lt03>
Subject: Job 15331014: <active-semi-no-background> in cluster <lila> Exited

Job <active-semi-no-background> was submitted from host <lilac> by user <nguyenm5> in cluster <lila> at Mon Jul 13 23:45:29 2020
Job was executed on host(s) <12*lt03>, in queue <gpuqueue>, as user <nguyenm5> in cluster <lila> at Mon Jul 13 23:45:30 2020
</home/nguyenm5> was used as the home directory.
</home/nguyenm5/coding/pinot> was used as the working directory.
Started at Mon Jul 13 23:45:30 2020
Terminated at Mon Jul 13 23:45:35 2020
Results reported at Mon Jul 13 23:45:35 2020

Your job looked like:

------------------------------------------------------------
# LSBATCH: User input
/home/nguyenm5/anaconda3/envs/pinot/bin/python scripts/active/plotting_active.py --net semi --num_rounds 4 --num_trials 1 --num_epoch 750 --data moonshot --q 96 --acquisition ProbabilityOfImprovement --output_folder /home/nguyenm5/coding/pinot/jul-14/active-semi-no-background --index 5
------------------------------------------------------------

Exited with exit code 1.

Resource usage summary:

    CPU time :                                   4.81 sec.
    Max Memory :                                 1 GB
    Average Memory :                             0.60 GB
    Total Requested Memory :                     192.00 GB
    Delta Memory :                               191.00 GB
    Max Swap :                                   -
    Max Processes :                              3
    Max Threads :                                7
    Run time :                                   6 sec.
    Turnaround time :                            6 sec.

The output (if any) follows:

0


PS:

Read file </home/nguyenm5/coding/pinot/jul-14/active-semi-no-background/ProbabilityOfImprovement.stderr> for stderr output of this job.

Sender: LSF System <lsfadmin@lt01>
Subject: Job 15331010: <active-semi-no-background> in cluster <lila> Exited

Job <active-semi-no-background> was submitted from host <lilac> by user <nguyenm5> in cluster <lila> at Mon Jul 13 23:45:29 2020
Job was executed on host(s) <12*lt01>, in queue <gpuqueue>, as user <nguyenm5> in cluster <lila> at Mon Jul 13 23:45:29 2020
</home/nguyenm5> was used as the home directory.
</home/nguyenm5/coding/pinot> was used as the working directory.
Started at Mon Jul 13 23:45:29 2020
Terminated at Mon Jul 13 23:45:36 2020
Results reported at Mon Jul 13 23:45:36 2020

Your job looked like:

------------------------------------------------------------
# LSBATCH: User input
/home/nguyenm5/anaconda3/envs/pinot/bin/python scripts/active/plotting_active.py --net semi --num_rounds 4 --num_trials 1 --num_epoch 750 --data moonshot --q 96 --acquisition ProbabilityOfImprovement --output_folder /home/nguyenm5/coding/pinot/jul-14/active-semi-no-background --index 1
------------------------------------------------------------

Exited with exit code 1.

Resource usage summary:

    CPU time :                                   5.23 sec.
    Max Memory :                                 1 GB
    Average Memory :                             0.60 GB
    Total Requested Memory :                     192.00 GB
    Delta Memory :                               191.00 GB
    Max Swap :                                   -
    Max Processes :                              3
    Max Threads :                                7
    Run time :                                   6 sec.
    Turnaround time :                            7 sec.

The output (if any) follows:

0


PS:

Read file </home/nguyenm5/coding/pinot/jul-14/active-semi-no-background/ProbabilityOfImprovement.stderr> for stderr output of this job.

Sender: LSF System <lsfadmin@lt18>
Subject: Job 15331013: <active-semi-no-background> in cluster <lila> Exited

Job <active-semi-no-background> was submitted from host <lilac> by user <nguyenm5> in cluster <lila> at Mon Jul 13 23:45:29 2020
Job was executed on host(s) <12*lt18>, in queue <gpuqueue>, as user <nguyenm5> in cluster <lila> at Mon Jul 13 23:45:30 2020
</home/nguyenm5> was used as the home directory.
</home/nguyenm5/coding/pinot> was used as the working directory.
Started at Mon Jul 13 23:45:30 2020
Terminated at Mon Jul 13 23:45:36 2020
Results reported at Mon Jul 13 23:45:36 2020

Your job looked like:

------------------------------------------------------------
# LSBATCH: User input
/home/nguyenm5/anaconda3/envs/pinot/bin/python scripts/active/plotting_active.py --net semi --num_rounds 4 --num_trials 1 --num_epoch 750 --data moonshot --q 96 --acquisition ProbabilityOfImprovement --output_folder /home/nguyenm5/coding/pinot/jul-14/active-semi-no-background --index 4
------------------------------------------------------------

Exited with exit code 1.

Resource usage summary:

    CPU time :                                   4.87 sec.
    Max Memory :                                 1 GB
    Average Memory :                             0.60 GB
    Total Requested Memory :                     192.00 GB
    Delta Memory :                               191.00 GB
    Max Swap :                                   -
    Max Processes :                              3
    Max Threads :                                7
    Run time :                                   5 sec.
    Turnaround time :                            7 sec.

The output (if any) follows:

0


PS:

Read file </home/nguyenm5/coding/pinot/jul-14/active-semi-no-background/ProbabilityOfImprovement.stderr> for stderr output of this job.

Sender: LSF System <lsfadmin@lt18>
Subject: Job 15331012: <active-semi-no-background> in cluster <lila> Exited

Job <active-semi-no-background> was submitted from host <lilac> by user <nguyenm5> in cluster <lila> at Mon Jul 13 23:45:29 2020
Job was executed on host(s) <12*lt18>, in queue <gpuqueue>, as user <nguyenm5> in cluster <lila> at Mon Jul 13 23:45:30 2020
</home/nguyenm5> was used as the home directory.
</home/nguyenm5/coding/pinot> was used as the working directory.
Started at Mon Jul 13 23:45:30 2020
Terminated at Mon Jul 13 23:45:38 2020
Results reported at Mon Jul 13 23:45:38 2020

Your job looked like:

------------------------------------------------------------
# LSBATCH: User input
/home/nguyenm5/anaconda3/envs/pinot/bin/python scripts/active/plotting_active.py --net semi --num_rounds 4 --num_trials 1 --num_epoch 750 --data moonshot --q 96 --acquisition ProbabilityOfImprovement --output_folder /home/nguyenm5/coding/pinot/jul-14/active-semi-no-background --index 3
------------------------------------------------------------

Exited with exit code 1.

Resource usage summary:

    CPU time :                                   5.01 sec.
    Max Memory :                                 1 GB
    Average Memory :                             0.20 GB
    Total Requested Memory :                     192.00 GB
    Delta Memory :                               191.00 GB
    Max Swap :                                   -
    Max Processes :                              3
    Max Threads :                                7
    Run time :                                   5 sec.
    Turnaround time :                            9 sec.

The output (if any) follows:

0


PS:

Read file </home/nguyenm5/coding/pinot/jul-14/active-semi-no-background/ProbabilityOfImprovement.stderr> for stderr output of this job.

Sender: LSF System <lsfadmin@lt01>
Subject: Job 15331011: <active-semi-no-background> in cluster <lila> Exited

Job <active-semi-no-background> was submitted from host <lilac> by user <nguyenm5> in cluster <lila> at Mon Jul 13 23:45:29 2020
Job was executed on host(s) <12*lt01>, in queue <gpuqueue>, as user <nguyenm5> in cluster <lila> at Mon Jul 13 23:45:30 2020
</home/nguyenm5> was used as the home directory.
</home/nguyenm5/coding/pinot> was used as the working directory.
Started at Mon Jul 13 23:45:30 2020
Terminated at Mon Jul 13 23:45:38 2020
Results reported at Mon Jul 13 23:45:38 2020

Your job looked like:

------------------------------------------------------------
# LSBATCH: User input
/home/nguyenm5/anaconda3/envs/pinot/bin/python scripts/active/plotting_active.py --net semi --num_rounds 4 --num_trials 1 --num_epoch 750 --data moonshot --q 96 --acquisition ProbabilityOfImprovement --output_folder /home/nguyenm5/coding/pinot/jul-14/active-semi-no-background --index 2
------------------------------------------------------------

Exited with exit code 1.

Resource usage summary:

    CPU time :                                   4.95 sec.
    Max Memory :                                 1 GB
    Average Memory :                             0.60 GB
    Total Requested Memory :                     192.00 GB
    Delta Memory :                               191.00 GB
    Max Swap :                                   -
    Max Processes :                              3
    Max Threads :                                7
    Run time :                                   8 sec.
    Turnaround time :                            9 sec.

The output (if any) follows:

0


PS:

Read file </home/nguyenm5/coding/pinot/jul-14/active-semi-no-background/ProbabilityOfImprovement.stderr> for stderr output of this job.

Sender: LSF System <lsfadmin@lt20>
Subject: Job 15331046: <active-semi-no-background> in cluster <lila> Done

Job <active-semi-no-background> was submitted from host <lilac> by user <nguyenm5> in cluster <lila> at Mon Jul 13 23:49:40 2020
Job was executed on host(s) <12*lt20>, in queue <gpuqueue>, as user <nguyenm5> in cluster <lila> at Mon Jul 13 23:49:41 2020
</home/nguyenm5> was used as the home directory.
</home/nguyenm5/coding/pinot> was used as the working directory.
Started at Mon Jul 13 23:49:41 2020
Terminated at Tue Jul 14 00:53:26 2020
Results reported at Tue Jul 14 00:53:26 2020

Your job looked like:

------------------------------------------------------------
# LSBATCH: User input
/home/nguyenm5/anaconda3/envs/pinot/bin/python scripts/active/plotting_active.py --net semi --num_rounds 4 --num_trials 1 --num_epoch 750 --data moonshot --q 96 --acquisition ProbabilityOfImprovement --output_folder /home/nguyenm5/coding/pinot/jul-14/active-semi-no-background --index 5
------------------------------------------------------------

Successfully completed.

Resource usage summary:

    CPU time :                                   37624.14 sec.
    Max Memory :                                 2 GB
    Average Memory :                             2.00 GB
    Total Requested Memory :                     192.00 GB
    Delta Memory :                               190.00 GB
    Max Swap :                                   -
    Max Processes :                              3
    Max Threads :                                20
    Run time :                                   3826 sec.
    Turnaround time :                            3826 sec.

The output (if any) follows:

0
scores from acquisition: probability_of_improvement
tensor([0.2077, 0.2077, 0.2077, 0.2077, 0.2077, 0.2077, 0.2077, 0.2077, 0.2077,
        0.2077, 0.2077, 0.2077, 0.2077, 0.2077, 0.2077, 0.2077, 0.2077, 0.2077,
        0.2077, 0.2077, 0.2077, 0.2077, 0.2077, 0.2077, 0.2077, 0.2077, 0.2077,
        0.2077, 0.2077, 0.2077, 0.2077, 0.2077, 0.2077, 0.2077, 0.2077, 0.2077,
        0.2077, 0.2077, 0.2077, 0.2077, 0.2077, 0.2077, 0.2077, 0.2077, 0.2077,
        0.2077, 0.2077, 0.2077, 0.2077, 0.2077, 0.2077, 0.2077, 0.2077, 0.2077,
        0.2077, 0.2077, 0.2077, 0.2077, 0.2077, 0.2077, 0.2077, 0.2077, 0.2077,
        0.2077, 0.2077, 0.2077, 0.2077, 0.2077, 0.2077, 0.2077, 0.2077, 0.2077,
        0.2077, 0.2077, 0.2077, 0.2077, 0.2077, 0.2077, 0.2077, 0.2077, 0.2077,
        0.2077, 0.2077, 0.2077, 0.2077, 0.2565, 0.2077, 0.2077, 0.2077, 0.2077,
        0.2077, 0.2077, 0.2077, 0.2077, 0.2077, 0.2077, 0.2077, 0.2077, 0.2077,
        0.2077, 0.2077, 0.2077, 0.2077, 0.2077, 0.2077, 0.2077, 0.2077, 0.2077,
        0.2077, 0.2078, 0.2077, 0.2077, 0.2077, 0.2077, 0.2077, 0.2077, 0.2077,
        0.2077, 0.2077, 0.2077, 0.2077, 0.2077, 0.2077, 0.2077, 0.2077, 0.2077,
        0.2077, 0.2077, 0.2077, 0.2077, 0.2077, 0.2077, 0.2077, 0.2077, 0.2077,
        0.2077, 0.2077, 0.2077, 0.2077, 0.2077, 0.2077, 0.2077, 0.2077, 0.2077,
        0.2077, 0.2077, 0.2077, 0.2077, 0.2077, 0.2077, 0.2077, 0.2077, 0.2077,
        0.2077, 0.2077, 0.2077, 0.2077, 0.2077, 0.2077, 0.2077, 0.2077, 0.2077,
        0.2077, 0.2077, 0.2077, 0.2077, 0.2077, 0.2077, 0.2077, 0.2077, 0.2077,
        0.2077, 0.2077, 0.2077, 0.2077, 0.2077, 0.2077, 0.2077, 0.2091, 0.2077,
        0.2077, 0.2077, 0.2077, 0.2077, 0.2077, 0.2077, 0.2077, 0.2077, 0.2077,
        0.2077, 0.2077, 0.2077, 0.2077, 0.2077, 0.2077, 0.2077, 0.2077, 0.2077,
        0.2077, 0.2078, 0.2077, 0.2077, 0.2077, 0.2077, 0.2077, 0.2077, 0.2077,
        0.2077, 0.2077, 0.2077, 0.2077, 0.2077, 0.2077, 0.2077, 0.2077, 0.2077,
        0.2077, 0.2077, 0.2077, 0.3363, 0.2077, 0.2077, 0.2077, 0.2077, 0.2077,
        0.2077, 0.2077, 0.2077, 0.2084, 0.2077, 0.2077, 0.2077, 0.2077, 0.2077,
        0.2077, 0.2077, 0.2077, 0.2077, 0.2077, 0.2077, 0.2077, 0.2077, 0.2077,
        0.2077, 0.2077, 0.2077, 0.2077, 0.2077, 0.2077, 0.2077, 0.2077, 0.2077,
        0.2077, 0.2077, 0.2077, 0.2077, 0.2077, 0.2077, 0.2077, 0.2077, 0.2077,
        0.2077, 0.2077, 0.2077, 0.2077, 0.2077, 0.2077, 0.2077, 0.2077, 0.2077,
        0.2077, 0.2077, 0.2077, 0.2077, 0.2077, 0.2077, 0.2077, 0.2077, 0.2077,
        0.2077, 0.2077, 0.2077, 0.2077, 0.2077, 0.2077, 0.2077, 0.2077, 0.2077,
        0.2077, 0.2077, 0.2077, 0.2077, 0.2077, 0.2077, 0.2077, 0.2077, 0.2077,
        0.2077, 0.2096, 0.2077, 0.2077, 0.2077, 0.2077, 0.2077, 0.2077, 0.2077,
        0.2077, 0.2077, 0.2077, 0.2077, 0.2077, 0.2077, 0.2077, 0.2077, 0.2077,
        0.2077, 0.2077, 0.2077, 0.2077, 0.2077, 0.2077, 0.2077, 0.2077, 0.2077,
        0.2077, 0.2077, 0.2077, 0.2077, 0.2077, 0.2077, 0.2077, 0.2077, 0.2077,
        0.2077, 0.2077, 0.2077, 0.2077, 0.2078, 0.2077, 0.2077, 0.2077, 0.2077,
        0.2077, 0.2077, 0.2077, 0.2077, 0.2077, 0.2077, 0.2077, 0.2077, 0.2077,
        0.2077, 0.2077, 0.2077, 0.2077, 0.2077, 0.2077, 0.2077, 0.2077, 0.2077,
        0.2077, 0.2077, 0.2077, 0.2077, 0.2077, 0.2154, 0.2077, 0.2077, 0.2077,
        0.2077, 0.2077, 0.2077, 0.2077], device='cuda:0',
       grad_fn=<RsubBackward1>)
That took 3819.2383363246918 seconds


PS:

Read file </home/nguyenm5/coding/pinot/jul-14/active-semi-no-background/ProbabilityOfImprovement.stderr> for stderr output of this job.

Sender: LSF System <lsfadmin@lt10>
Subject: Job 15331044: <active-semi-no-background> in cluster <lila> Done

Job <active-semi-no-background> was submitted from host <lilac> by user <nguyenm5> in cluster <lila> at Mon Jul 13 23:49:40 2020
Job was executed on host(s) <12*lt10>, in queue <gpuqueue>, as user <nguyenm5> in cluster <lila> at Mon Jul 13 23:49:41 2020
</home/nguyenm5> was used as the home directory.
</home/nguyenm5/coding/pinot> was used as the working directory.
Started at Mon Jul 13 23:49:41 2020
Terminated at Tue Jul 14 01:06:49 2020
Results reported at Tue Jul 14 01:06:49 2020

Your job looked like:

------------------------------------------------------------
# LSBATCH: User input
/home/nguyenm5/anaconda3/envs/pinot/bin/python scripts/active/plotting_active.py --net semi --num_rounds 4 --num_trials 1 --num_epoch 750 --data moonshot --q 96 --acquisition ProbabilityOfImprovement --output_folder /home/nguyenm5/coding/pinot/jul-14/active-semi-no-background --index 3
------------------------------------------------------------

Successfully completed.

Resource usage summary:

    CPU time :                                   46019.28 sec.
    Max Memory :                                 2 GB
    Average Memory :                             2.00 GB
    Total Requested Memory :                     192.00 GB
    Delta Memory :                               190.00 GB
    Max Swap :                                   -
    Max Processes :                              3
    Max Threads :                                20
    Run time :                                   4630 sec.
    Turnaround time :                            4629 sec.

The output (if any) follows:

0
scores from acquisition: probability_of_improvement
tensor([0.4353, 0.4353, 0.4353, 0.4353, 0.4353, 0.4353, 0.4353, 0.4353, 0.4353,
        0.4353, 0.4353, 0.4353, 0.4353, 0.4353, 0.4353, 0.4353, 0.4353, 0.4353,
        0.4353, 0.4353, 0.4353, 0.4359, 0.4353, 0.4353, 0.4353, 0.4353, 0.4353,
        0.4353, 0.4353, 0.4353, 0.4353, 0.4353, 0.4353, 0.4353, 0.4353, 0.4353,
        0.4353, 0.4353, 0.4353, 0.4353, 0.4353, 0.4353, 0.4353, 0.4353, 0.4353,
        0.4353, 0.4353, 0.4358, 0.4353, 0.4353, 0.4353, 0.4353, 0.4353, 0.4353,
        0.4354, 0.4353, 0.4353, 0.4353, 0.4353, 0.4353, 0.4353, 0.4353, 0.4353,
        0.4353, 0.4353, 0.4353, 0.4353, 0.4353, 0.4353, 0.4353, 0.4353, 0.4353,
        0.4353, 0.4353, 0.4353, 0.4353, 0.4353, 0.4354, 0.4353, 0.4353, 0.4353,
        0.4353, 0.4353, 0.4353, 0.4353, 0.4353, 0.4353, 0.4353, 0.4353, 0.4353,
        0.4353, 0.4353, 0.4353, 0.4353, 0.4353, 0.4353, 0.4353, 0.4353, 0.4353,
        0.4353, 0.4353, 0.4402, 0.4353, 0.4353, 0.4353, 0.4353, 0.4353, 0.4353,
        0.4353, 0.4353, 0.4353, 0.4353, 0.4353, 0.4353, 0.4353, 0.4353, 0.4353,
        0.4353, 0.4353, 0.4353, 0.4353, 0.4353, 0.4373, 0.4353, 0.4353, 0.4353,
        0.4353, 0.4353, 0.4353, 0.4353, 0.4354, 0.4353, 0.4353, 0.4354, 0.4353,
        0.4353, 0.4353, 0.4353, 0.4353, 0.4353, 0.4353, 0.4353, 0.4353, 0.4353,
        0.4353, 0.4353, 0.4354, 0.4353, 0.4353, 0.4353, 0.4353, 0.4355, 0.4353,
        0.4353, 0.4353, 0.4353, 0.4353, 0.4353, 0.4353, 0.4353, 0.4353, 0.4355,
        0.4353, 0.4353, 0.4353, 0.4355, 0.4353, 0.4353, 0.4353, 0.4353, 0.4353,
        0.4353, 0.4353, 0.4353, 0.4353, 0.4353, 0.4353, 0.4353, 0.4353, 0.4353,
        0.4353, 0.4361, 0.4353, 0.4353, 0.4353, 0.4353, 0.4353, 0.4353, 0.4353,
        0.4353, 0.4353, 0.4353, 0.4353, 0.4353, 0.4353, 0.4353, 0.4353, 0.4353,
        0.4353, 0.4353, 0.4353, 0.4353, 0.4353, 0.4353, 0.4353, 0.4353, 0.4353,
        0.4353, 0.4353, 0.4353, 0.4353, 0.4353, 0.4353, 0.4353, 0.4353, 0.4353,
        0.4353, 0.4353, 0.4353, 0.4353, 0.4353, 0.4353, 0.4353, 0.4353, 0.4353,
        0.4353, 0.4353, 0.4353, 0.4353, 0.4353, 0.4353, 0.4353, 0.4353, 0.4353,
        0.4353, 0.4353, 0.4353, 0.4353, 0.4353, 0.4353, 0.4353, 0.4353, 0.4353,
        0.4353, 0.4353, 0.4353, 0.4353, 0.4353, 0.4353, 0.4353, 0.4353, 0.4353,
        0.4353, 0.4353, 0.4353, 0.4353, 0.4353, 0.4353, 0.4353, 0.4353, 0.4353,
        0.4353, 0.4353, 0.4353, 0.4353, 0.4353, 0.4353, 0.4353, 0.4353, 0.4353,
        0.4353, 0.4353, 0.4353, 0.4353, 0.4353, 0.4353, 0.4353, 0.4353, 0.4353,
        0.4353, 0.4353, 0.4353, 0.4353, 0.4353, 0.4353, 0.4353, 0.4353, 0.4353,
        0.4353, 0.4353, 0.4353, 0.4353, 0.4353, 0.4353, 0.4353, 0.4353, 0.4353,
        0.4353, 0.4353, 0.4353, 0.4353, 0.4353, 0.4353, 0.4353, 0.4353, 0.4353,
        0.4353, 0.4353, 0.4353, 0.4353, 0.4353, 0.4353, 0.4353, 0.4353, 0.4353,
        0.4353, 0.4353, 0.4353, 0.4353, 0.4353, 0.4353, 0.4353, 0.4353, 0.4353,
        0.4353, 0.4353, 0.4353, 0.4353, 0.4353, 0.4353, 0.4353, 0.4353, 0.4353,
        0.4353, 0.4353, 0.4353, 0.4353, 0.4353, 0.4353, 0.4353, 0.4363, 0.4353,
        0.4353, 0.4353, 0.4353, 0.4353, 0.4353, 0.4353, 0.4353, 0.4353, 0.4353,
        0.4353, 0.4353, 0.4353, 0.4353, 0.4353, 0.4353, 0.4353, 0.4353, 0.4353,
        0.4353, 0.4353, 0.4353, 0.4353, 0.4353, 0.4353, 0.4353, 0.4353, 0.4353,
        0.4353, 0.4353, 0.4353, 0.4353], device='cuda:0',
       grad_fn=<RsubBackward1>)
That took 4621.947933912277 seconds


PS:

Read file </home/nguyenm5/coding/pinot/jul-14/active-semi-no-background/ProbabilityOfImprovement.stderr> for stderr output of this job.

Sender: LSF System <lsfadmin@lt20>
Subject: Job 15331045: <active-semi-no-background> in cluster <lila> Exited

Job <active-semi-no-background> was submitted from host <lilac> by user <nguyenm5> in cluster <lila> at Mon Jul 13 23:49:40 2020
Job was executed on host(s) <12*lt20>, in queue <gpuqueue>, as user <nguyenm5> in cluster <lila> at Mon Jul 13 23:49:41 2020
</home/nguyenm5> was used as the home directory.
</home/nguyenm5/coding/pinot> was used as the working directory.
Started at Mon Jul 13 23:49:41 2020
Terminated at Tue Jul 14 04:08:24 2020
Results reported at Tue Jul 14 04:08:24 2020

Your job looked like:

------------------------------------------------------------
# LSBATCH: User input
/home/nguyenm5/anaconda3/envs/pinot/bin/python scripts/active/plotting_active.py --net semi --num_rounds 4 --num_trials 1 --num_epoch 750 --data moonshot --q 96 --acquisition ProbabilityOfImprovement --output_folder /home/nguyenm5/coding/pinot/jul-14/active-semi-no-background --index 4
------------------------------------------------------------

Exited with exit code 1.

Resource usage summary:

    CPU time :                                   148630.50 sec.
    Max Memory :                                 2 GB
    Average Memory :                             2.00 GB
    Total Requested Memory :                     192.00 GB
    Delta Memory :                               190.00 GB
    Max Swap :                                   -
    Max Processes :                              3
    Max Threads :                                20
    Run time :                                   15524 sec.
    Turnaround time :                            15524 sec.

The output (if any) follows:

0
scores from acquisition: probability_of_improvement
tensor([0.4849, 0.4855, 0.4849, 0.4850, 0.4849, 0.4849, 0.4850, 0.4849, 0.4849,
        0.4849, 0.4850, 0.4849, 0.4849, 0.4849, 0.4849, 0.4849, 0.4851, 0.4849,
        0.4849, 0.4849, 0.4849, 0.4849, 0.4849, 0.4849, 0.4849, 0.4849, 0.4849,
        0.4849, 0.4849, 0.4849, 0.4849, 0.4849, 0.4849, 0.4849, 0.4849, 0.4849,
        0.4849, 0.4849, 0.4849, 0.4849, 0.4849, 0.4849, 0.4849, 0.4849, 0.4849,
        0.4849, 0.4849, 0.4849, 0.4849, 0.4849, 0.4849, 0.4849, 0.4849, 0.4849,
        0.4849, 0.4849, 0.4849, 0.4849, 0.4849, 0.4849, 0.4858, 0.4849, 0.4875,
        0.4849, 0.4849, 0.4849, 0.4849, 0.4849, 0.4849, 0.4850, 0.4849, 0.4855,
        0.4849, 0.4849, 0.4849, 0.4849, 0.4849, 0.4849, 0.4849, 0.4849, 0.4849,
        0.4849, 0.4849, 0.4850, 0.4849, 0.4850, 0.4849, 0.4849, 0.4849, 0.4849,
        0.4849, 0.4849, 0.4849, 0.4849, 0.4850, 0.4849, 0.4849, 0.4849, 0.4849,
        0.4849, 0.4849, 0.4849, 0.4849, 0.4849, 0.4849, 0.4849, 0.4849, 0.4849,
        0.4849, 0.4851, 0.4849, 0.4854, 0.4849, 0.4849, 0.4849, 0.4876, 0.4849,
        0.4849, 0.4849, 0.4849, 0.4859, 0.4849, 0.4849, 0.4850, 0.4849, 0.4849,
        0.4849, 0.4849, 0.4849, 0.4849, 0.4863, 0.4849, 0.4849, 0.4849, 0.4849,
        0.4856, 0.4849, 0.4849, 0.4849, 0.4849, 0.4849, 0.4849, 0.4849, 0.4850,
        0.4849, 0.4849, 0.4849, 0.4849, 0.4852, 0.4849, 0.4849, 0.4849, 0.4850,
        0.4849, 0.4849, 0.4849, 0.4849, 0.4849, 0.4849, 0.4849, 0.4849, 0.4849,
        0.4849, 0.4850, 0.4849, 0.4849, 0.4849, 0.4849, 0.4849, 0.4849, 0.4858,
        0.4849, 0.4849, 0.4851, 0.4849, 0.4849, 0.4859, 0.4849, 0.4849, 0.4851,
        0.4849, 0.4849, 0.4849, 0.4855, 0.4849, 0.4849, 0.4849, 0.4851, 0.4849,
        0.4849, 0.4849, 0.4849, 0.4849, 0.4849, 0.4850, 0.4849, 0.4849, 0.4849,
        0.4849, 0.4849, 0.4849, 0.4849, 0.4849, 0.4849, 0.4850, 0.4849, 0.4849,
        0.4850, 0.4849, 0.4850, 0.4849, 0.4849, 0.4849, 0.4852, 0.4849, 0.4849,
        0.4849, 0.4849, 0.4849, 0.4849, 0.4849, 0.4849, 0.4849, 0.4849, 0.4857,
        0.4849, 0.4853, 0.4849, 0.4849, 0.4849, 0.4849, 0.4854, 0.4849, 0.4849,
        0.4849, 0.4849, 0.4849, 0.4849, 0.4850, 0.4849, 0.4849, 0.4849, 0.4849,
        0.4850, 0.4849, 0.4849, 0.4850, 0.4849, 0.4849, 0.4849, 0.4863, 0.4849,
        0.4849, 0.4849, 0.4849, 0.4849, 0.4855, 0.4849, 0.4879, 0.4849, 0.4849,
        0.4849, 0.4849, 0.4849, 0.4849, 0.4849, 0.4851, 0.4859, 0.4849, 0.4849,
        0.4849, 0.4850, 0.4849, 0.4849, 0.4849, 0.4849, 0.4849, 0.4849, 0.4854,
        0.4849, 0.4849, 0.4849, 0.4849, 0.4849, 0.4849, 0.4849, 0.4849, 0.4849,
        0.4849, 0.4850, 0.4849, 0.4849, 0.4849, 0.4850, 0.4863, 0.4849, 0.4849,
        0.4849, 0.4849, 0.4849, 0.4849, 0.4849, 0.4849, 0.4849, 0.4849, 0.4849,
        0.4849, 0.4849, 0.4849, 0.4855, 0.4849, 0.4849, 0.4849, 0.4849, 0.4849,
        0.4851, 0.4863, 0.4849, 0.4860, 0.4849, 0.4849, 0.4852, 0.4849, 0.4849,
        0.4849, 0.4852, 0.4849, 0.4849, 0.4849, 0.4849, 0.4850, 0.4849, 0.4850,
        0.4849, 0.4849, 0.4849, 0.4849, 0.4849, 0.4849, 0.4885, 0.4849, 0.4849,
        0.4849, 0.4849, 0.4849, 0.4849, 0.4850, 0.4849, 0.4849, 0.4849, 0.4849,
        0.4849, 0.4850, 0.4849, 0.4849, 0.4849, 0.4849, 0.4849, 0.4850, 0.4849,
        0.4849, 0.4849, 0.4849, 0.4863, 0.4849, 0.4849, 0.4849, 0.4849, 0.4849,
        0.4849, 0.4850, 0.4849, 0.4849], device='cuda:0',
       grad_fn=<RsubBackward1>)
scores from acquisition: probability_of_improvement
tensor([0.1386, 0.1386, 0.1386, 0.1385, 0.1141, 0.1396, 0.1386, 0.1385, 0.1398,
        0.1386, 0.1385, 0.1387, 0.1284, 0.1386, 0.1434, 0.1382, 0.1386, 0.1386,
        0.1376, 0.1385, 0.1342, 0.1388, 0.1386, 0.1386, 0.1385, 0.1386, 0.0009,
        0.1385, 0.1385, 0.1386, 0.1386, 0.1382, 0.1385, 0.1386, 0.1385, 0.1315,
        0.1386, 0.1384, 0.1386, 0.1393, 0.1433, 0.1385, 0.1386, 0.1333, 0.1384,
        0.1386, 0.0637, 0.1199, 0.1385, 0.1389, 0.1386, 0.1397, 0.1385, 0.1386,
        0.1363, 0.1434, 0.1386, 0.1252, 0.1384, 0.1411, 0.1372, 0.1372, 0.1051,
        0.1376, 0.1386, 0.1386, 0.1213, 0.1375, 0.1386, 0.1385, 0.1386, 0.1412,
        0.1385, 0.1385, 0.1385, 0.1386, 0.1386, 0.1386, 0.1386, 0.1415, 0.1369,
        0.1385, 0.1292, 0.1385, 0.1386, 0.1387, 0.1386, 0.1388, 0.1385, 0.1356,
        0.1331, 0.1385, 0.1387, 0.1386, 0.1386, 0.1355, 0.1385, 0.1385, 0.1385,
        0.1386, 0.1385, 0.1386, 0.1387, 0.1331, 0.1381, 0.1386, 0.1386, 0.1327,
        0.1385, 0.1386, 0.0084, 0.1386, 0.1386, 0.0751, 0.1386, 0.1339, 0.1386,
        0.1221, 0.1383, 0.1386, 0.1373, 0.1386, 0.0520, 0.1386, 0.1189, 0.1389,
        0.1405, 0.1379, 0.1386, 0.1386, 0.1381, 0.1386, 0.1386, 0.1345, 0.1386,
        0.1090, 0.1367, 0.1393, 0.1377, 0.1374, 0.1568, 0.1385, 0.1386, 0.1386,
        0.1385, 0.0729, 0.0727, 0.1385, 0.1386, 0.1385, 0.1174, 0.1391, 0.1386,
        0.0232, 0.1386, 0.1156, 0.1385, 0.1403, 0.1385, 0.1385, 0.1385, 0.1387,
        0.1386, 0.1360, 0.1386, 0.1385, 0.1385, 0.1319, 0.1386, 0.1386, 0.1386,
        0.1386, 0.1386, 0.1386, 0.1371, 0.1386, 0.1385, 0.1329, 0.1385, 0.1452,
        0.1247, 0.1385, 0.1385, 0.1384, 0.1386, 0.1385, 0.1386, 0.1385, 0.1386,
        0.1388, 0.1364, 0.1387, 0.1385, 0.1385, 0.1386, 0.1408, 0.1385, 0.1386,
        0.1013, 0.1386, 0.1388, 0.1357, 0.1294, 0.1386, 0.1406, 0.1382, 0.1386,
        0.1385, 0.1388, 0.1386, 0.1385, 0.0646, 0.1396, 0.1386, 0.1386, 0.1386,
        0.1386, 0.1298, 0.1428, 0.1311, 0.1386, 0.1432, 0.1387, 0.1386, 0.1386,
        0.1229, 0.1385, 0.1386, 0.1385, 0.0993, 0.1386, 0.1386, 0.1292, 0.1385,
        0.1385, 0.1386, 0.1425, 0.1385, 0.1385, 0.0664, 0.1230, 0.1386, 0.1388,
        0.1385, 0.1398, 0.1461, 0.1386, 0.1385, 0.1386, 0.1400, 0.1184, 0.1388,
        0.0978, 0.1386, 0.1384, 0.1385, 0.1355, 0.1387, 0.0844, 0.1386, 0.1386,
        0.1386, 0.1393, 0.1385, 0.1386, 0.1386, 0.1386, 0.1373, 0.1385, 0.1388,
        0.1397, 0.1386, 0.1396, 0.1374, 0.1386, 0.1386, 0.1382],
       device='cuda:0', grad_fn=<RsubBackward1>)
scores from acquisition: probability_of_improvement
tensor([1.6413e-01, 1.5733e-01, 2.3384e-01, 9.4236e-02, 8.2220e-02, 2.2582e-01,
        1.0207e-02, 1.5417e-01, 1.7998e-03, 5.4417e-03, 4.2862e-03, 2.4529e-01,
        7.5233e-02, 2.3097e-01, 7.1279e-02, 1.9642e-01, 2.0149e-03, 1.4647e-01,
        6.4311e-03, 2.3842e-07, 2.2308e-01, 1.3642e-02, 4.7624e-04, 9.0599e-04,
        3.2890e-02, 2.1312e-01, 4.1166e-03, 2.2820e-03, 1.1259e-02, 1.8859e-01,
        1.6872e-03, 1.6551e-01, 4.6470e-03, 1.5199e-05, 1.7422e-03, 7.7158e-04,
        2.0820e-01, 2.0875e-03, 1.1389e-02, 2.4302e-03, 4.9621e-04, 6.9743e-04,
        7.5042e-05, 5.3800e-02, 3.2176e-02, 4.8798e-04, 6.0067e-02, 1.4169e-01,
        1.2077e-02, 2.1338e-01, 6.7223e-03, 3.8468e-03, 1.5542e-01, 5.0939e-03,
        1.3635e-02, 2.3459e-01, 8.4714e-03, 7.0783e-02, 7.3987e-02, 1.2046e-01,
        1.4198e-01, 8.7464e-04, 1.4127e-01, 1.0868e-01, 1.0552e-01, 2.0959e-01,
        1.8837e-03, 1.7926e-01, 4.7995e-02, 2.1770e-01, 2.4061e-02, 2.0880e-02,
        1.9169e-01, 1.7447e-01, 2.5447e-02, 7.4358e-02, 4.1466e-03, 2.8348e-04,
        1.2251e-03, 1.1762e-03, 1.4509e-03, 1.7810e-02, 2.4140e-04, 5.5675e-02,
        2.3278e-01, 2.8877e-02, 5.1583e-02, 2.9987e-02, 2.8300e-04, 7.1181e-03,
        2.9659e-02, 1.3226e-03, 1.1701e-01, 2.7826e-03, 6.0589e-03, 1.1702e-01,
        8.1789e-04, 6.3943e-02, 6.8354e-02, 1.3609e-01, 7.6038e-02, 7.1073e-04,
        1.3131e-01, 2.3317e-04, 6.3289e-03, 1.6833e-01, 4.1370e-02, 1.7098e-02,
        9.8825e-05, 3.7229e-04, 1.5462e-01, 2.0359e-01, 1.5152e-01, 1.3888e-01,
        3.8099e-02, 1.4368e-01, 1.3277e-01, 5.4042e-02, 2.7721e-03, 2.4565e-01,
        1.8257e-01, 1.1408e-01, 1.4607e-01, 7.2271e-02, 1.4906e-01, 5.6727e-02,
        3.4297e-04, 2.2370e-01, 2.2414e-02, 1.7765e-01, 2.0453e-01, 2.3199e-02,
        1.9033e-01, 2.2248e-01, 1.6936e-01, 3.1888e-02, 2.3059e-01, 1.0163e-01,
        4.6292e-03, 1.3280e-04, 1.3284e-02, 1.4384e-01, 1.0507e-02, 2.4265e-01,
        4.6134e-05, 4.3231e-03, 2.2121e-01, 2.7518e-02, 3.2084e-01, 2.7430e-04,
        1.6965e-01, 1.5500e-01, 7.7846e-02, 1.0996e-02, 1.6830e-03, 4.6226e-03,
        2.2666e-01, 2.0524e-01, 1.8617e-01, 1.1835e-02, 2.6083e-04, 5.9891e-03,
        3.1818e-03, 2.1168e-03, 2.6880e-03, 1.8511e-01, 5.1433e-02, 1.6924e-01,
        3.3383e-02, 7.3412e-02, 2.0656e-03, 2.2840e-01, 1.7839e-01, 2.3559e-01,
        2.1160e-01, 4.3139e-02, 1.9803e-01, 9.6442e-02, 1.6408e-01, 1.7368e-02,
        5.6502e-02], device='cuda:0', grad_fn=<RsubBackward1>)
scores from acquisition: probability_of_improvement
tensor([2.1489e-03, 1.3137e-04, 3.2696e-03, 1.6398e-03, 7.4282e-03, 4.2892e-04,
        0.0000e+00, 6.2692e-04, 1.3590e-04, 1.1063e-04, 4.0971e-03, 3.9566e-03,
        4.6849e-04, 4.3335e-03, 9.5063e-04, 1.1910e-03, 2.0266e-06, 1.1187e-03,
        3.2067e-05, 6.5536e-03, 1.4007e-05, 2.1625e-04, 1.3888e-05, 3.6907e-04,
        1.0729e-06, 1.3801e-02, 7.4619e-04, 1.0203e-03, 1.1015e-03, 3.0228e-03,
        5.7626e-04, 9.0426e-04, 4.1020e-04, 4.0293e-05, 2.3603e-05, 2.2000e-04,
        2.0913e-03, 4.9375e-03, 1.1994e-03, 1.5426e-04, 5.3346e-05, 1.4484e-04,
        4.6301e-04, 9.5487e-05, 7.6056e-05, 4.0901e-04, 1.7641e-03, 3.7384e-04,
        1.2517e-04, 9.1076e-05, 4.5425e-04, 1.5370e-03, 3.3838e-03, 3.1888e-05,
        3.5167e-06, 8.9252e-04, 4.5043e-04, 4.4686e-04, 9.4414e-05, 2.2042e-04,
        1.2267e-03, 2.0266e-05, 1.1043e-03, 3.4714e-03, 1.0675e-04, 2.7847e-04,
        7.0333e-06, 9.4694e-04, 1.7941e-04, 3.0160e-05, 8.1170e-04, 1.1408e-04,
        1.5271e-04, 3.6284e-03, 8.4400e-05, 9.1672e-05, 1.3713e-03, 3.0541e-04,
        4.2140e-04, 2.5172e-03, 2.6488e-04, 2.7255e-03, 0.0000e+00, 1.0076e-03,
        5.6257e-03], device='cuda:0', grad_fn=<RsubBackward1>)


PS:

Read file </home/nguyenm5/coding/pinot/jul-14/active-semi-no-background/ProbabilityOfImprovement.stderr> for stderr output of this job.

Sender: LSF System <lsfadmin@lt18>
Subject: Job 15331042: <active-semi-no-background> in cluster <lila> Exited

Job <active-semi-no-background> was submitted from host <lilac> by user <nguyenm5> in cluster <lila> at Mon Jul 13 23:49:40 2020
Job was executed on host(s) <12*lt18>, in queue <gpuqueue>, as user <nguyenm5> in cluster <lila> at Mon Jul 13 23:49:41 2020
</home/nguyenm5> was used as the home directory.
</home/nguyenm5/coding/pinot> was used as the working directory.
Started at Mon Jul 13 23:49:41 2020
Terminated at Tue Jul 14 04:28:36 2020
Results reported at Tue Jul 14 04:28:36 2020

Your job looked like:

------------------------------------------------------------
# LSBATCH: User input
/home/nguyenm5/anaconda3/envs/pinot/bin/python scripts/active/plotting_active.py --net semi --num_rounds 4 --num_trials 1 --num_epoch 750 --data moonshot --q 96 --acquisition ProbabilityOfImprovement --output_folder /home/nguyenm5/coding/pinot/jul-14/active-semi-no-background --index 1
------------------------------------------------------------

Exited with exit code 1.

Resource usage summary:

    CPU time :                                   167379.19 sec.
    Max Memory :                                 2 GB
    Average Memory :                             2.00 GB
    Total Requested Memory :                     192.00 GB
    Delta Memory :                               190.00 GB
    Max Swap :                                   -
    Max Processes :                              3
    Max Threads :                                20
    Run time :                                   16737 sec.
    Turnaround time :                            16736 sec.

The output (if any) follows:

0
scores from acquisition: probability_of_improvement
tensor([0.4319, 0.4319, 0.4422, 0.4319, 0.4319, 0.4319, 0.4319, 0.4319, 0.4319,
        0.4319, 0.4319, 0.4319, 0.4319, 0.4319, 0.4355, 0.4319, 0.4319, 0.4319,
        0.4319, 0.4320, 0.4319, 0.4319, 0.4319, 0.4319, 0.4319, 0.4319, 0.4319,
        0.4319, 0.4402, 0.4319, 0.4490, 0.4320, 0.4319, 0.4323, 0.4319, 0.4319,
        0.4319, 0.4319, 0.4319, 0.4319, 0.4319, 0.4319, 0.4322, 0.4319, 0.4320,
        0.4319, 0.4319, 0.4319, 0.4319, 0.4319, 0.4319, 0.4319, 0.4319, 0.4319,
        0.4319, 0.4319, 0.4319, 0.4319, 0.4319, 0.4319, 0.4319, 0.4319, 0.4319,
        0.4319, 0.4319, 0.4320, 0.4319, 0.4319, 0.4319, 0.4319, 0.4319, 0.4319,
        0.4319, 0.4319, 0.4319, 0.4319, 0.4319, 0.4319, 0.4319, 0.4319, 0.4319,
        0.4319, 0.4319, 0.4319, 0.4319, 0.4319, 0.4319, 0.4320, 0.4323, 0.4319,
        0.4319, 0.4319, 0.4319, 0.4319, 0.4319, 0.4319, 0.4319, 0.4319, 0.4319,
        0.4319, 0.4319, 0.4319, 0.4319, 0.4321, 0.4319, 0.4319, 0.4319, 0.4397,
        0.4319, 0.4319, 0.4319, 0.4319, 0.4319, 0.4319, 0.4319, 0.4319, 0.4320,
        0.4319, 0.4319, 0.4320, 0.4319, 0.4319, 0.4320, 0.4319, 0.4321, 0.4559,
        0.4319, 0.4319, 0.4319, 0.4319, 0.4319, 0.4319, 0.4319, 0.4319, 0.4319,
        0.4319, 0.4319, 0.4319, 0.4319, 0.4319, 0.4319, 0.4319, 0.4319, 0.4319,
        0.4319, 0.4319, 0.4319, 0.4319, 0.4319, 0.4319, 0.4319, 0.4319, 0.4319,
        0.4319, 0.4319, 0.4319, 0.4319, 0.4319, 0.4319, 0.4319, 0.4319, 0.4319,
        0.4319, 0.4319, 0.4319, 0.4319, 0.4319, 0.4319, 0.4319, 0.4319, 0.4319,
        0.4319, 0.4319, 0.4319, 0.4319, 0.4319, 0.4319, 0.4319, 0.4319, 0.4319,
        0.4319, 0.4319, 0.4322, 0.4319, 0.4319, 0.4319, 0.4319, 0.4319, 0.4323,
        0.4319, 0.4319, 0.4319, 0.4319, 0.4319, 0.4319, 0.4319, 0.4319, 0.4319,
        0.4319, 0.4319, 0.4356, 0.4319, 0.4319, 0.4319, 0.4319, 0.4364, 0.4348,
        0.4319, 0.4319, 0.4319, 0.4319, 0.4319, 0.4319, 0.4319, 0.4319, 0.4320,
        0.4319, 0.4319, 0.4319, 0.4319, 0.4319, 0.4319, 0.4319, 0.4319, 0.4319,
        0.4319, 0.4319, 0.4319, 0.4319, 0.4378, 0.4319, 0.4319, 0.4428, 0.4319,
        0.4319, 0.4319, 0.4319, 0.4319, 0.4319, 0.4319, 0.4319, 0.4319, 0.4321,
        0.4319, 0.4319, 0.4321, 0.4319, 0.4319, 0.4319, 0.4319, 0.4319, 0.4319,
        0.4319, 0.4319, 0.4321, 0.4377, 0.4319, 0.4319, 0.4319, 0.4319, 0.4319,
        0.4330, 0.4319, 0.4319, 0.4319, 0.4319, 0.4319, 0.4319, 0.4319, 0.4319,
        0.4319, 0.4319, 0.4319, 0.4319, 0.4319, 0.4319, 0.4329, 0.4319, 0.4319,
        0.4321, 0.4326, 0.4319, 0.4319, 0.4319, 0.4319, 0.4319, 0.4319, 0.4319,
        0.4319, 0.4319, 0.4319, 0.4319, 0.4319, 0.4319, 0.4319, 0.4319, 0.4319,
        0.4319, 0.4319, 0.4319, 0.4319, 0.4319, 0.4319, 0.4319, 0.4542, 0.4319,
        0.4319, 0.4319, 0.4319, 0.4319, 0.4319, 0.4320, 0.4319, 0.4319, 0.4325,
        0.4319, 0.4319, 0.4323, 0.4319, 0.4319, 0.4319, 0.4319, 0.4319, 0.4319,
        0.4319, 0.4319, 0.4319, 0.4319, 0.4319, 0.4319, 0.4319, 0.4319, 0.4319,
        0.4319, 0.4319, 0.4319, 0.4319, 0.4319, 0.4319, 0.4319, 0.4319, 0.4319,
        0.4464, 0.4319, 0.4319, 0.4319, 0.4319, 0.4319, 0.4319, 0.4321, 0.4319,
        0.4319, 0.4319, 0.4319, 0.4431, 0.4319, 0.4319, 0.4319, 0.4319, 0.4319,
        0.4319, 0.4320, 0.4319, 0.4319, 0.4319, 0.4319, 0.4319, 0.4319, 0.4319,
        0.4319, 0.4319, 0.4319, 0.4319], device='cuda:0',
       grad_fn=<RsubBackward1>)
scores from acquisition: probability_of_improvement
tensor([0.2185, 0.1781, 0.2221, 0.2186, 0.2184, 0.2191, 0.2184, 0.2230, 0.1338,
        0.2054, 0.2013, 0.2187, 0.2121, 0.2182, 0.2162, 0.2146, 0.1526, 0.2184,
        0.2185, 0.2199, 0.2185, 0.1891, 0.2105, 0.2193, 0.2164, 0.2194, 0.2248,
        0.1589, 0.2183, 0.1223, 0.2186, 0.2185, 0.2209, 0.2243, 0.2184, 0.2180,
        0.2242, 0.2184, 0.2186, 0.2185, 0.2216, 0.1328, 0.2221, 0.2180, 0.2185,
        0.2195, 0.2210, 0.2168, 0.2185, 0.0660, 0.2034, 0.2187, 0.2185, 0.2194,
        0.2195, 0.2018, 0.2198, 0.2184, 0.2239, 0.2215, 0.2184, 0.2185, 0.2027,
        0.2182, 0.2181, 0.2174, 0.2182, 0.2193, 0.1967, 0.2182, 0.2234, 0.2185,
        0.2201, 0.2242, 0.0734, 0.2184, 0.2186, 0.2183, 0.2112, 0.2186, 0.2192,
        0.1834, 0.2204, 0.2185, 0.2184, 0.2182, 0.2235, 0.2186, 0.2185, 0.2154,
        0.2184, 0.2184, 0.2179, 0.2186, 0.2243, 0.2185, 0.2185, 0.0946, 0.2185,
        0.2125, 0.2174, 0.2184, 0.2107, 0.2184, 0.2207, 0.1747, 0.1368, 0.2206,
        0.2188, 0.2185, 0.2182, 0.2233, 0.2085, 0.2127, 0.2184, 0.2186, 0.2189,
        0.2244, 0.0904, 0.1579, 0.2184, 0.2192, 0.1511, 0.2192, 0.2184, 0.2123,
        0.2183, 0.2183, 0.2185, 0.2185, 0.2185, 0.2190, 0.2104, 0.2231, 0.2121,
        0.2187, 0.2185, 0.0981, 0.1679, 0.1328, 0.2185, 0.2005, 0.2182, 0.2184,
        0.2187, 0.2190, 0.1712, 0.1200, 0.1996, 0.2185, 0.1970, 0.1130, 0.2186,
        0.1931, 0.2185, 0.2520, 0.2184, 0.2182, 0.2186, 0.2212, 0.2169, 0.2009,
        0.2182, 0.2182, 0.2184, 0.1444, 0.1792, 0.2184, 0.2063, 0.2216, 0.2180,
        0.2236, 0.2184, 0.1871, 0.2186, 0.1043, 0.2177, 0.2223, 0.2185, 0.2193,
        0.2164, 0.2182, 0.2183, 0.2192, 0.1868, 0.1110, 0.2184, 0.2185, 0.2184,
        0.0411, 0.2185, 0.0441, 0.2083, 0.1407, 0.2184, 0.2185, 0.0681, 0.2173,
        0.2191, 0.2185, 0.2188, 0.2195, 0.1361, 0.2185, 0.2198, 0.2179, 0.0340,
        0.2243, 0.2191, 0.2186, 0.2185, 0.2182, 0.2185, 0.2185, 0.2133, 0.2185,
        0.2213, 0.1220, 0.2183, 0.2035, 0.2043, 0.2230, 0.2191, 0.2172, 0.2184,
        0.2184, 0.0381, 0.2184, 0.2059, 0.2185, 0.2184, 0.2189, 0.2092, 0.2137,
        0.2065, 0.2198, 0.1582, 0.2199, 0.2185, 0.2247, 0.2195, 0.2168, 0.2191,
        0.2178, 0.2212, 0.2184, 0.2184, 0.1212, 0.2182, 0.2185, 0.2185, 0.2183,
        0.2175, 0.2185, 0.2181, 0.2184, 0.2209, 0.1910, 0.0943, 0.2175, 0.2194,
        0.2192, 0.0944, 0.2174, 0.2190, 0.2187, 0.1669, 0.2185, 0.2185, 0.2183,
        0.2185, 0.1929, 0.2185, 0.0581, 0.1999, 0.2210, 0.2188],
       device='cuda:0', grad_fn=<RsubBackward1>)
scores from acquisition: probability_of_improvement
tensor([1.8276e-01, 3.4324e-02, 1.4546e-01, 9.9105e-02, 1.8334e-04, 8.5507e-02,
        5.5889e-02, 8.5505e-02, 1.3029e-01, 9.2800e-02, 4.1921e-02, 6.2084e-03,
        1.6945e-01, 2.8038e-04, 7.6490e-02, 8.5285e-02, 4.6717e-02, 3.3827e-02,
        5.9886e-02, 4.3690e-04, 1.4509e-01, 2.2724e-02, 1.3587e-01, 2.1950e-03,
        4.4597e-02, 2.1911e-04, 2.8385e-02, 8.6558e-02, 3.8815e-04, 3.2204e-03,
        7.8318e-02, 3.7789e-03, 8.0589e-02, 1.5166e-01, 9.5739e-02, 2.7157e-02,
        6.0534e-02, 1.3005e-01, 6.3559e-02, 9.0431e-02, 1.3010e-01, 8.1552e-03,
        1.0341e-02, 2.5412e-02, 6.7174e-04, 1.0573e-01, 1.4826e-02, 2.4135e-02,
        8.7952e-02, 1.6570e-04, 3.9599e-02, 3.8165e-02, 8.8820e-02, 1.2799e-01,
        1.4019e-01, 5.6398e-02, 8.0078e-02, 8.3443e-03, 9.1429e-02, 7.5105e-02,
        1.2376e-01, 9.1808e-02, 5.1011e-02, 2.2206e-02, 9.3515e-02, 5.1305e-02,
        7.8364e-02, 9.3132e-02, 1.4703e-01, 1.2687e-03, 7.5683e-02, 4.3177e-02,
        6.8899e-03, 1.1395e-01, 8.3690e-02, 1.1244e-01, 1.2308e-01, 1.4265e-01,
        2.0884e-02, 9.1796e-02, 9.3595e-02, 1.5088e-02, 4.9663e-04, 8.2763e-02,
        1.4894e-02, 3.8612e-04, 4.1069e-03, 1.2949e-01, 7.6082e-02, 5.2795e-02,
        5.4570e-02, 9.0886e-03, 7.3440e-02, 3.7075e-02, 9.4070e-02, 1.4552e-02,
        1.6034e-04, 1.3026e-01, 8.5919e-02, 6.9414e-02, 1.2989e-01, 1.3030e-01,
        3.4462e-02, 5.5514e-02, 5.2231e-02, 1.2766e-02, 9.2558e-02, 8.6457e-02,
        1.3713e-01, 6.9714e-02, 1.1711e-02, 6.3774e-02, 9.0313e-02, 1.3025e-01,
        1.2070e-01, 7.1973e-02, 2.9606e-02, 6.3101e-03, 1.0014e-02, 1.1496e-01,
        1.0871e-03, 1.4245e-01, 1.1337e-03, 9.1734e-02, 4.3649e-02, 7.8992e-02,
        1.8593e-02, 6.9452e-02, 1.1599e-02, 4.6206e-02, 8.1709e-02, 9.0976e-02,
        3.7938e-04, 9.3510e-02, 1.3024e-01, 4.8426e-02, 9.0748e-02, 6.4808e-02,
        3.7041e-03, 1.2051e-01, 9.2842e-02, 6.7731e-02, 8.1388e-02, 3.8264e-02,
        1.5584e-01, 6.8307e-05, 1.0278e-01, 9.0993e-02, 1.8278e-03, 7.9018e-04,
        9.0869e-02, 9.3417e-02, 9.0251e-03, 8.0897e-02, 8.7634e-02, 5.8119e-02,
        1.5081e-01, 5.2695e-02, 2.9723e-02, 1.2931e-01, 7.9346e-04, 2.6955e-02,
        9.3259e-03, 8.7067e-02, 8.8524e-03, 6.4517e-02, 1.4789e-01, 9.2350e-02,
        1.0421e-02, 6.5667e-02, 5.3252e-03, 7.9211e-02, 8.6130e-03, 1.2124e-04,
        1.3777e-02, 1.2322e-01, 3.3075e-02, 2.2138e-02, 6.6429e-02, 7.1232e-03,
        8.8728e-02], device='cuda:0', grad_fn=<RsubBackward1>)
scores from acquisition: probability_of_improvement
tensor([4.0842e-03, 1.1897e-04, 5.5637e-02, 5.6625e-03, 5.1719e-04, 1.9491e-05,
        3.9934e-03, 1.2853e-03, 2.1547e-04, 1.5020e-05, 6.5285e-04, 4.2903e-03,
        2.9742e-03, 1.6385e-03, 2.3741e-04, 6.0403e-04, 7.1828e-03, 1.4706e-03,
        6.6662e-04, 1.2064e-03, 8.0643e-02, 1.5829e-03, 7.6890e-05, 3.6339e-03,
        7.9358e-04, 1.1587e-04, 4.1425e-04, 2.4484e-03, 3.1602e-04, 5.5432e-06,
        7.1025e-04, 4.0231e-03, 5.7853e-03, 4.0889e-05, 3.6323e-04, 1.0060e-02,
        2.0200e-03, 3.5882e-05, 8.8930e-05, 1.6218e-02, 1.0383e-04, 4.1425e-03,
        1.9924e-02, 6.5207e-05, 2.3788e-03, 6.8773e-03, 2.6226e-06, 4.7028e-05,
        2.7299e-05, 1.6585e-03, 1.8581e-02, 4.3718e-03, 9.1344e-03, 2.8310e-03,
        1.0394e-03, 6.9046e-04, 3.7551e-06, 1.0194e-03, 1.8833e-03, 4.1165e-03,
        5.7876e-05, 5.5677e-04, 1.6735e-03, 1.8533e-03, 7.9595e-03, 2.2686e-04,
        1.0729e-06, 1.9598e-04, 6.8665e-05, 6.7744e-03, 1.3328e-03, 4.7684e-07,
        2.9892e-03, 1.0831e-02, 4.5300e-04, 3.6418e-05, 3.8743e-06, 1.4808e-03,
        3.5727e-04, 3.4072e-03, 3.8862e-05, 9.0539e-04, 2.1458e-06, 1.0310e-01,
        4.5168e-04], device='cuda:0', grad_fn=<RsubBackward1>)


PS:

Read file </home/nguyenm5/coding/pinot/jul-14/active-semi-no-background/ProbabilityOfImprovement.stderr> for stderr output of this job.

Sender: LSF System <lsfadmin@lt10>
Subject: Job 15331043: <active-semi-no-background> in cluster <lila> Exited

Job <active-semi-no-background> was submitted from host <lilac> by user <nguyenm5> in cluster <lila> at Mon Jul 13 23:49:40 2020
Job was executed on host(s) <12*lt10>, in queue <gpuqueue>, as user <nguyenm5> in cluster <lila> at Mon Jul 13 23:49:41 2020
</home/nguyenm5> was used as the home directory.
</home/nguyenm5/coding/pinot> was used as the working directory.
Started at Mon Jul 13 23:49:41 2020
Terminated at Tue Jul 14 05:01:10 2020
Results reported at Tue Jul 14 05:01:10 2020

Your job looked like:

------------------------------------------------------------
# LSBATCH: User input
/home/nguyenm5/anaconda3/envs/pinot/bin/python scripts/active/plotting_active.py --net semi --num_rounds 4 --num_trials 1 --num_epoch 750 --data moonshot --q 96 --acquisition ProbabilityOfImprovement --output_folder /home/nguyenm5/coding/pinot/jul-14/active-semi-no-background --index 2
------------------------------------------------------------

Exited with exit code 1.

Resource usage summary:

    CPU time :                                   181093.61 sec.
    Max Memory :                                 2 GB
    Average Memory :                             2.00 GB
    Total Requested Memory :                     192.00 GB
    Delta Memory :                               190.00 GB
    Max Swap :                                   -
    Max Processes :                              3
    Max Threads :                                20
    Run time :                                   18691 sec.
    Turnaround time :                            18690 sec.

The output (if any) follows:

0
scores from acquisition: probability_of_improvement
tensor([0.4480, 0.4480, 0.4480, 0.4480, 0.4480, 0.4480, 0.4480, 0.4480, 0.4480,
        0.4480, 0.4480, 0.4480, 0.4549, 0.4480, 0.4480, 0.4480, 0.4492, 0.4480,
        0.4480, 0.4480, 0.4480, 0.4480, 0.4480, 0.4481, 0.4480, 0.4481, 0.4480,
        0.4480, 0.4480, 0.4480, 0.4480, 0.4480, 0.4480, 0.4480, 0.4480, 0.4480,
        0.4480, 0.4480, 0.4480, 0.4482, 0.4480, 0.4480, 0.4480, 0.4480, 0.4480,
        0.4480, 0.4481, 0.4480, 0.4480, 0.4480, 0.4491, 0.4480, 0.4481, 0.4481,
        0.4481, 0.4480, 0.4480, 0.4480, 0.4488, 0.4480, 0.4480, 0.4483, 0.4480,
        0.4480, 0.4480, 0.4480, 0.4481, 0.4480, 0.4480, 0.4480, 0.4482, 0.4480,
        0.4481, 0.4480, 0.4524, 0.4480, 0.4480, 0.4481, 0.4480, 0.4480, 0.4501,
        0.4522, 0.4480, 0.4480, 0.4480, 0.4480, 0.4480, 0.4480, 0.4481, 0.4480,
        0.4481, 0.4480, 0.4480, 0.4481, 0.4480, 0.4480, 0.4480, 0.4481, 0.4480,
        0.4482, 0.4480, 0.4480, 0.4480, 0.4480, 0.4481, 0.4485, 0.4480, 0.4480,
        0.4480, 0.4480, 0.4480, 0.4480, 0.4480, 0.4480, 0.4481, 0.4480, 0.4481,
        0.4480, 0.4481, 0.4480, 0.4480, 0.4480, 0.4480, 0.4480, 0.4480, 0.4480,
        0.4481, 0.4480, 0.4480, 0.4481, 0.4480, 0.4480, 0.4481, 0.4480, 0.4480,
        0.4480, 0.4480, 0.4494, 0.4482, 0.4480, 0.4480, 0.4480, 0.4529, 0.4480,
        0.4480, 0.4481, 0.4481, 0.4480, 0.4480, 0.4480, 0.4481, 0.4480, 0.4480,
        0.4480, 0.4488, 0.4480, 0.4482, 0.4480, 0.4480, 0.4480, 0.4480, 0.4480,
        0.4480, 0.4480, 0.4481, 0.4480, 0.4480, 0.4481, 0.4481, 0.4480, 0.4480,
        0.4480, 0.4480, 0.4480, 0.4480, 0.4481, 0.4480, 0.4480, 0.4480, 0.4480,
        0.4480, 0.4481, 0.4480, 0.4480, 0.4480, 0.4480, 0.4480, 0.4480, 0.4480,
        0.4482, 0.4480, 0.4480, 0.4480, 0.4480, 0.4480, 0.4482, 0.4480, 0.4499,
        0.4480, 0.4480, 0.4480, 0.4480, 0.4480, 0.4480, 0.4480, 0.4480, 0.4480,
        0.4480, 0.4483, 0.4480, 0.4480, 0.4481, 0.4487, 0.4480, 0.4489, 0.4480,
        0.4480, 0.4480, 0.4480, 0.4481, 0.4480, 0.4486, 0.4480, 0.4480, 0.4480,
        0.4484, 0.4480, 0.4480, 0.4480, 0.4480, 0.4480, 0.4480, 0.4480, 0.4480,
        0.4480, 0.4480, 0.4484, 0.4480, 0.4480, 0.4494, 0.4480, 0.4480, 0.4480,
        0.4480, 0.4480, 0.4480, 0.4480, 0.4483, 0.4480, 0.4481, 0.4480, 0.4480,
        0.4480, 0.4481, 0.4480, 0.4480, 0.4480, 0.4480, 0.4480, 0.4480, 0.4480,
        0.4480, 0.4480, 0.4480, 0.4480, 0.4480, 0.4480, 0.4480, 0.4481, 0.4480,
        0.4482, 0.4480, 0.4480, 0.4483, 0.4480, 0.4480, 0.4480, 0.4481, 0.4480,
        0.4480, 0.4480, 0.4480, 0.4480, 0.4480, 0.4480, 0.4480, 0.4481, 0.4481,
        0.4481, 0.4480, 0.4480, 0.4480, 0.4483, 0.4480, 0.4480, 0.4482, 0.4480,
        0.4480, 0.4480, 0.4480, 0.4480, 0.4480, 0.4480, 0.4482, 0.4480, 0.4480,
        0.4481, 0.4481, 0.4480, 0.4480, 0.4519, 0.4480, 0.4480, 0.4480, 0.4480,
        0.4480, 0.4480, 0.4480, 0.4480, 0.4480, 0.4480, 0.4480, 0.4484, 0.4480,
        0.4542, 0.4480, 0.4480, 0.4480, 0.4498, 0.4481, 0.4480, 0.4510, 0.4480,
        0.4480, 0.4481, 0.4480, 0.4480, 0.4480, 0.4480, 0.4480, 0.4480, 0.4480,
        0.4480, 0.4480, 0.4481, 0.4480, 0.4480, 0.4500, 0.4480, 0.4480, 0.4485,
        0.4480, 0.4480, 0.4480, 0.4480, 0.4498, 0.4480, 0.4480, 0.4480, 0.4480,
        0.4480, 0.4480, 0.4480, 0.4480, 0.4480, 0.4480, 0.4480, 0.4480, 0.4483,
        0.4480, 0.4480, 0.4481, 0.4486], device='cuda:0',
       grad_fn=<RsubBackward1>)
scores from acquisition: probability_of_improvement
tensor([0.1329, 0.1380, 0.1370, 0.1497, 0.2006, 0.1520, 0.1602, 0.1452, 0.1239,
        0.1397, 0.1278, 0.1405, 0.1370, 0.1457, 0.1370, 0.0500, 0.1310, 0.1371,
        0.0601, 0.2072, 0.0942, 0.1374, 0.1407, 0.1376, 0.1374, 0.1370, 0.1109,
        0.1459, 0.1375, 0.1720, 0.1380, 0.1357, 0.1580, 0.1108, 0.1369, 0.1373,
        0.1377, 0.2196, 0.1305, 0.1068, 0.1411, 0.0999, 0.1458, 0.1391, 0.0742,
        0.2377, 0.2465, 0.1253, 0.1464, 0.1378, 0.1396, 0.1468, 0.1378, 0.1393,
        0.1369, 0.1401, 0.1411, 0.1499, 0.1420, 0.1364, 0.1522, 0.1714, 0.1370,
        0.1369, 0.1385, 0.1378, 0.1378, 0.1378, 0.1370, 0.1469, 0.1345, 0.1399,
        0.1407, 0.1490, 0.1369, 0.1307, 0.1402, 0.1369, 0.1369, 0.1434, 0.1526,
        0.1410, 0.1436, 0.1372, 0.1374, 0.0852, 0.1376, 0.1413, 0.1296, 0.1490,
        0.1401, 0.1344, 0.1372, 0.1391, 0.1376, 0.1254, 0.0615, 0.2210, 0.1375,
        0.1434, 0.1458, 0.1397, 0.1776, 0.1585, 0.1166, 0.1481, 0.0858, 0.1714,
        0.1378, 0.1356, 0.1434, 0.0510, 0.1355, 0.1080, 0.0823, 0.1159, 0.1380,
        0.1386, 0.1435, 0.2182, 0.1369, 0.1157, 0.1507, 0.1380, 0.1430, 0.1388,
        0.1369, 0.1375, 0.1427, 0.1176, 0.1189, 0.1419, 0.1369, 0.1329, 0.1766,
        0.1436, 0.1371, 0.1437, 0.1421, 0.1406, 0.1422, 0.1937, 0.1375, 0.1122,
        0.1370, 0.1425, 0.1445, 0.1366, 0.1378, 0.1369, 0.1369, 0.1372, 0.1523,
        0.1572, 0.1376, 0.1368, 0.1369, 0.1536, 0.1369, 0.1396, 0.1268, 0.0998,
        0.1384, 0.1435, 0.1369, 0.1369, 0.1369, 0.1543, 0.1416, 0.1370, 0.1387,
        0.0693, 0.1427, 0.1377, 0.1383, 0.1549, 0.1372, 0.1373, 0.1457, 0.0410,
        0.1376, 0.1438, 0.1957, 0.1375, 0.1369, 0.1370, 0.1373, 0.1374, 0.1390,
        0.1405, 0.1380, 0.1371, 0.1369, 0.1371, 0.0743, 0.2486, 0.1375, 0.1399,
        0.1426, 0.1389, 0.1438, 0.1425, 0.1096, 0.1437, 0.1369, 0.1413, 0.1303,
        0.1377, 0.1457, 0.1516, 0.0354, 0.0501, 0.1370, 0.1523, 0.2542, 0.1372,
        0.1370, 0.1379, 0.1393, 0.1449, 0.1369, 0.0750, 0.0447, 0.1369, 0.1308,
        0.1372, 0.1448, 0.1362, 0.1407, 0.1363, 0.0783, 0.1372, 0.1373, 0.1399,
        0.1396, 0.1375, 0.1376, 0.1506, 0.1436, 0.1413, 0.1377, 0.1569, 0.1374,
        0.1652, 0.1415, 0.1438, 0.1369, 0.1093, 0.1371, 0.1290, 0.1381, 0.1199,
        0.1611, 0.1371, 0.1369, 0.1369, 0.1605, 0.1448, 0.1266, 0.1194, 0.1401,
        0.1434, 0.1373, 0.1195, 0.1445, 0.1570, 0.1502, 0.1434, 0.1362, 0.1431,
        0.1393, 0.1422, 0.1369, 0.1671, 0.1376, 0.1381, 0.1523],
       device='cuda:0', grad_fn=<RsubBackward1>)
scores from acquisition: probability_of_improvement
tensor([0.0724, 0.0216, 0.1109, 0.0102, 0.0006, 0.0010, 0.0014, 0.1138, 0.1193,
        0.0007, 0.0092, 0.1282, 0.0026, 0.0137, 0.0370, 0.0461, 0.0356, 0.1193,
        0.0019, 0.0360, 0.0017, 0.0282, 0.0187, 0.1172, 0.0402, 0.0457, 0.0003,
        0.0017, 0.0269, 0.0010, 0.0123, 0.0030, 0.0190, 0.0080, 0.0375, 0.0013,
        0.1208, 0.0007, 0.0010, 0.1261, 0.1289, 0.0956, 0.0551, 0.0361, 0.1002,
        0.1183, 0.0280, 0.0004, 0.0123, 0.1060, 0.0213, 0.0004, 0.1245, 0.1285,
        0.0296, 0.0074, 0.0164, 0.0105, 0.0005, 0.0714, 0.0013, 0.0791, 0.0006,
        0.0012, 0.0506, 0.0008, 0.0011, 0.0018, 0.0318, 0.0026, 0.1097, 0.0112,
        0.0012, 0.0789, 0.0002, 0.0215, 0.0414, 0.0004, 0.0025, 0.1238, 0.0014,
        0.0958, 0.0219, 0.1287, 0.1229, 0.0039, 0.0006, 0.1280, 0.0021, 0.0937,
        0.0004, 0.0961, 0.0044, 0.1121, 0.0100, 0.1024, 0.1221, 0.1265, 0.1246,
        0.0519, 0.1231, 0.1279, 0.1284, 0.0002, 0.0211, 0.0304, 0.0002, 0.1286,
        0.1285, 0.1225, 0.1168, 0.0891, 0.0036, 0.0345, 0.1044, 0.0104, 0.0526,
        0.0022, 0.0096, 0.0899, 0.1272, 0.1090, 0.0211, 0.0386, 0.0910, 0.0275,
        0.0006, 0.1261, 0.1285, 0.1080, 0.0425, 0.0250, 0.0066, 0.0058, 0.0073,
        0.1199, 0.0320, 0.0072, 0.0376, 0.0029, 0.1065, 0.1272, 0.1217, 0.0776,
        0.0005, 0.1283, 0.0042, 0.0003, 0.0842, 0.0854, 0.0912, 0.0029, 0.0305,
        0.0227, 0.1218, 0.0335, 0.0007, 0.0006, 0.0533, 0.0138, 0.0404, 0.1148,
        0.1214, 0.0141, 0.1281, 0.0593, 0.0466, 0.0065, 0.1007, 0.1204, 0.1223,
        0.0008, 0.0335, 0.0002, 0.0498, 0.0177, 0.0476, 0.0003, 0.1283, 0.0524,
        0.1065], device='cuda:0', grad_fn=<RsubBackward1>)
scores from acquisition: probability_of_improvement
tensor([4.2033e-04, 5.3439e-03, 5.9605e-05, 8.0466e-05, 4.4423e-04, 3.4332e-04,
        1.4734e-03, 2.1133e-03, 9.3794e-04, 2.1470e-04, 6.8665e-05, 9.1639e-03,
        6.0558e-05, 2.5749e-05, 1.0355e-03, 4.5896e-04, 1.6928e-05, 1.0610e-05,
        4.7331e-03, 2.9099e-04, 1.7799e-03, 3.0994e-06, 5.8413e-06, 2.9093e-04,
        6.5351e-04, 2.7406e-04, 5.8997e-04, 2.5916e-04, 4.9353e-05, 3.0327e-03,
        1.1500e-03, 4.5955e-04, 3.3994e-03, 3.2187e-06, 3.0077e-04, 3.0565e-04,
        4.9472e-05, 8.9526e-05, 1.2934e-05, 3.0077e-04, 1.8221e-04, 4.0021e-03,
        9.4581e-04, 3.2902e-05, 7.0584e-04, 8.7321e-05, 4.2713e-04, 3.6597e-05,
        1.8695e-02, 7.5722e-04, 8.6427e-05, 5.8073e-04, 6.1393e-05, 1.4901e-03,
        6.0993e-03, 2.4676e-05, 1.4060e-02, 3.2067e-05, 6.6245e-04, 8.1432e-04,
        1.5583e-03, 7.2055e-03, 6.8319e-04, 7.1383e-04, 8.7279e-04, 1.1771e-03,
        7.5084e-03, 3.8505e-05, 1.1444e-05, 1.1092e-02, 9.6953e-04, 1.7560e-04,
        1.1802e-05, 3.1489e-04, 1.2577e-04, 3.3820e-04, 2.6667e-04, 3.8004e-04,
        2.3671e-03, 3.0257e-03, 6.2472e-04, 5.9366e-05, 3.9184e-04, 5.7876e-04,
        6.5506e-05], device='cuda:0', grad_fn=<RsubBackward1>)


PS:

Read file </home/nguyenm5/coding/pinot/jul-14/active-semi-no-background/ProbabilityOfImprovement.stderr> for stderr output of this job.

