Sender: LSF System <lsfadmin@ls02>
Subject: Job 14787473: <_adam_GINConv_1e-4> in cluster <lila> Done

Job <_adam_GINConv_1e-4> was submitted from host <lt21> by user <wangy1> in cluster <lila> at Tue Jun  2 00:27:55 2020
Job was executed on host(s) <12*ls02>, in queue <gpuqueue>, as user <wangy1> in cluster <lila> at Tue Jun  2 00:27:56 2020
</home/wangy1> was used as the home directory.
</data/chodera/wangyq/pinot/scripts/comparison> was used as the working directory.
Started at Tue Jun  2 00:27:56 2020
Terminated at Tue Jun  2 00:33:06 2020
Results reported at Tue Jun  2 00:33:06 2020

Your job looked like:

------------------------------------------------------------
# LSBATCH: User input
python ../../pinot/app/supervised_train.py --layer GINConv --optimizer adam --lr 1e-4 --out _adam_GINConv_1e-4 --n_epochs 1000
------------------------------------------------------------

Successfully completed.

Resource usage summary:

    CPU time :                                   306.60 sec.
    Max Memory :                                 2 GB
    Average Memory :                             1.19 GB
    Total Requested Memory :                     48.00 GB
    Delta Memory :                               46.00 GB
    Max Swap :                                   -
    Max Processes :                              3
    Max Threads :                                9
    Run time :                                   310 sec.
    Turnaround time :                            311 sec.

The output (if any) follows:



PS:

Read file <14787473.stderr> for stderr output of this job.

