Sender: LSF System <lsfadmin@lt17>
Subject: Job 14836077: <_gp_52> in cluster <lila> Done

Job <_gp_52> was submitted from host <ls14> by user <wangy1> in cluster <lila> at Thu Jun 11 19:30:07 2020
Job was executed on host(s) <12*lt17>, in queue <gpuqueue>, as user <wangy1> in cluster <lila> at Thu Jun 11 19:30:07 2020
</home/wangy1> was used as the home directory.
</data/chodera/wangyq/pinot/scripts/gp_split> was used as the working directory.
Started at Thu Jun 11 19:30:07 2020
Terminated at Thu Jun 11 19:32:52 2020
Results reported at Thu Jun 11 19:32:52 2020

Your job looked like:

------------------------------------------------------------
# LSBATCH: User input
python ../../pinot/app/gp_train.py --layer GraphConv --out _gp_52 --n_epochs 500 --lr 1e-3 --config 32 tanh 32 tanh 32 tanh --lr 1e-3 --partition 52:48
------------------------------------------------------------

Successfully completed.

Resource usage summary:

    CPU time :                                   521.50 sec.
    Max Memory :                                 2 GB
    Average Memory :                             1.87 GB
    Total Requested Memory :                     48.00 GB
    Delta Memory :                               46.00 GB
    Max Swap :                                   -
    Max Processes :                              3
    Max Threads :                                20
    Run time :                                   165 sec.
    Turnaround time :                            165 sec.

The output (if any) follows:

Parameter containing:
tensor(-3., device='cuda:0', requires_grad=True)
Parameter containing:
tensor(-2.9990, device='cuda:0', requires_grad=True)
Parameter containing:
tensor(-2.9980, device='cuda:0', requires_grad=True)
Parameter containing:
tensor(-2.9971, device='cuda:0', requires_grad=True)
Parameter containing:
tensor(-2.9961, device='cuda:0', requires_grad=True)
Parameter containing:
tensor(-2.9952, device='cuda:0', requires_grad=True)
Parameter containing:
tensor(-2.9943, device='cuda:0', requires_grad=True)
Parameter containing:
tensor(-2.9934, device='cuda:0', requires_grad=True)
Parameter containing:
tensor(-2.9925, device='cuda:0', requires_grad=True)
Parameter containing:
tensor(-2.9917, device='cuda:0', requires_grad=True)
Parameter containing:
tensor(-2.9908, device='cuda:0', requires_grad=True)
Parameter containing:
tensor(-2.9899, device='cuda:0', requires_grad=True)
Parameter containing:
tensor(-2.9891, device='cuda:0', requires_grad=True)
Parameter containing:
tensor(-2.9882, device='cuda:0', requires_grad=True)
Parameter containing:
tensor(-2.9874, device='cuda:0', requires_grad=True)
Parameter containing:
tensor(-2.9865, device='cuda:0', requires_grad=True)
Parameter containing:
tensor(-2.9856, device='cuda:0', requires_grad=True)
Parameter containing:
tensor(-2.9848, device='cuda:0', requires_grad=True)
Parameter containing:
tensor(-2.9839, device='cuda:0', requires_grad=True)
Parameter containing:
tensor(-2.9831, device='cuda:0', requires_grad=True)
Parameter containing:
tensor(-2.9822, device='cuda:0', requires_grad=True)
Parameter containing:
tensor(-2.9814, device='cuda:0', requires_grad=True)
Parameter containing:
tensor(-2.9805, device='cuda:0', requires_grad=True)
Parameter containing:
tensor(-2.9797, device='cuda:0', requires_grad=True)
Parameter containing:
tensor(-2.9788, device='cuda:0', requires_grad=True)
Parameter containing:
tensor(-2.9780, device='cuda:0', requires_grad=True)
Parameter containing:
tensor(-2.9771, device='cuda:0', requires_grad=True)
Parameter containing:
tensor(-2.9762, device='cuda:0', requires_grad=True)
Parameter containing:
tensor(-2.9754, device='cuda:0', requires_grad=True)
Parameter containing:
tensor(-2.9745, device='cuda:0', requires_grad=True)
Parameter containing:
tensor(-2.9736, device='cuda:0', requires_grad=True)
Parameter containing:
tensor(-2.9728, device='cuda:0', requires_grad=True)
Parameter containing:
tensor(-2.9719, device='cuda:0', requires_grad=True)
Parameter containing:
tensor(-2.9710, device='cuda:0', requires_grad=True)
Parameter containing:
tensor(-2.9701, device='cuda:0', requires_grad=True)
Parameter containing:
tensor(-2.9693, device='cuda:0', requires_grad=True)
Parameter containing:
tensor(-2.9684, device='cuda:0', requires_grad=True)
Parameter containing:
tensor(-2.9675, device='cuda:0', requires_grad=True)
Parameter containing:
tensor(-2.9666, device='cuda:0', requires_grad=True)
Parameter containing:
tensor(-2.9658, device='cuda:0', requires_grad=True)
Parameter containing:
tensor(-2.9649, device='cuda:0', requires_grad=True)
Parameter containing:
tensor(-2.9640, device='cuda:0', requires_grad=True)
Parameter containing:
tensor(-2.9631, device='cuda:0', requires_grad=True)
Parameter containing:
tensor(-2.9622, device='cuda:0', requires_grad=True)
Parameter containing:
tensor(-2.9614, device='cuda:0', requires_grad=True)
Parameter containing:
tensor(-2.9605, device='cuda:0', requires_grad=True)
Parameter containing:
tensor(-2.9596, device='cuda:0', requires_grad=True)
Parameter containing:
tensor(-2.9587, device='cuda:0', requires_grad=True)
Parameter containing:
tensor(-2.9579, device='cuda:0', requires_grad=True)
Parameter containing:
tensor(-2.9570, device='cuda:0', requires_grad=True)
Parameter containing:
tensor(-2.9561, device='cuda:0', requires_grad=True)
Parameter containing:
tensor(-2.9552, device='cuda:0', requires_grad=True)
Parameter containing:
tensor(-2.9544, device='cuda:0', requires_grad=True)
Parameter containing:
tensor(-2.9535, device='cuda:0', requires_grad=True)
Parameter containing:
tensor(-2.9526, device='cuda:0', requires_grad=True)
Parameter containing:
tensor(-2.9518, device='cuda:0', requires_grad=True)
Parameter containing:
tensor(-2.9509, device='cuda:0', requires_grad=True)
Parameter containing:
tensor(-2.9501, device='cuda:0', requires_grad=True)
Parameter containing:
tensor(-2.9492, device='cuda:0', requires_grad=True)
Parameter containing:
tensor(-2.9484, device='cuda:0', requires_grad=True)
Parameter containing:
tensor(-2.9475, device='cuda:0', requires_grad=True)
Parameter containing:
tensor(-2.9467, device='cuda:0', requires_grad=True)
Parameter containing:
tensor(-2.9458, device='cuda:0', requires_grad=True)
Parameter containing:
tensor(-2.9450, device='cuda:0', requires_grad=True)
Parameter containing:
tensor(-2.9441, device='cuda:0', requires_grad=True)
Parameter containing:
tensor(-2.9433, device='cuda:0', requires_grad=True)
Parameter containing:
tensor(-2.9424, device='cuda:0', requires_grad=True)
Parameter containing:
tensor(-2.9416, device='cuda:0', requires_grad=True)
Parameter containing:
tensor(-2.9407, device='cuda:0', requires_grad=True)
Parameter containing:
tensor(-2.9399, device='cuda:0', requires_grad=True)
Parameter containing:
tensor(-2.9391, device='cuda:0', requires_grad=True)
Parameter containing:
tensor(-2.9382, device='cuda:0', requires_grad=True)
Parameter containing:
tensor(-2.9374, device='cuda:0', requires_grad=True)
Parameter containing:
tensor(-2.9365, device='cuda:0', requires_grad=True)
Parameter containing:
tensor(-2.9357, device='cuda:0', requires_grad=True)
Parameter containing:
tensor(-2.9349, device='cuda:0', requires_grad=True)
Parameter containing:
tensor(-2.9341, device='cuda:0', requires_grad=True)
Parameter containing:
tensor(-2.9332, device='cuda:0', requires_grad=True)
Parameter containing:
tensor(-2.9324, device='cuda:0', requires_grad=True)
Parameter containing:
tensor(-2.9316, device='cuda:0', requires_grad=True)
Parameter containing:
tensor(-2.9307, device='cuda:0', requires_grad=True)
Parameter containing:
tensor(-2.9299, device='cuda:0', requires_grad=True)
Parameter containing:
tensor(-2.9291, device='cuda:0', requires_grad=True)
Parameter containing:
tensor(-2.9283, device='cuda:0', requires_grad=True)
Parameter containing:
tensor(-2.9274, device='cuda:0', requires_grad=True)
Parameter containing:
tensor(-2.9266, device='cuda:0', requires_grad=True)
Parameter containing:
tensor(-2.9258, device='cuda:0', requires_grad=True)
Parameter containing:
tensor(-2.9249, device='cuda:0', requires_grad=True)
Parameter containing:
tensor(-2.9241, device='cuda:0', requires_grad=True)
Parameter containing:
tensor(-2.9233, device='cuda:0', requires_grad=True)
Parameter containing:
tensor(-2.9225, device='cuda:0', requires_grad=True)
Parameter containing:
tensor(-2.9217, device='cuda:0', requires_grad=True)
Parameter containing:
tensor(-2.9209, device='cuda:0', requires_grad=True)
Parameter containing:
tensor(-2.9200, device='cuda:0', requires_grad=True)
Parameter containing:
tensor(-2.9192, device='cuda:0', requires_grad=True)
Parameter containing:
tensor(-2.9184, device='cuda:0', requires_grad=True)
Parameter containing:
tensor(-2.9176, device='cuda:0', requires_grad=True)
Parameter containing:
tensor(-2.9168, device='cuda:0', requires_grad=True)
Parameter containing:
tensor(-2.9160, device='cuda:0', requires_grad=True)
Parameter containing:
tensor(-2.9152, device='cuda:0', requires_grad=True)
Parameter containing:
tensor(-2.9144, device='cuda:0', requires_grad=True)
Parameter containing:
tensor(-2.9136, device='cuda:0', requires_grad=True)
Parameter containing:
tensor(-2.9128, device='cuda:0', requires_grad=True)
Parameter containing:
tensor(-2.9120, device='cuda:0', requires_grad=True)
Parameter containing:
tensor(-2.9112, device='cuda:0', requires_grad=True)
Parameter containing:
tensor(-2.9104, device='cuda:0', requires_grad=True)
Parameter containing:
tensor(-2.9097, device='cuda:0', requires_grad=True)
Parameter containing:
tensor(-2.9089, device='cuda:0', requires_grad=True)
Parameter containing:
tensor(-2.9081, device='cuda:0', requires_grad=True)
Parameter containing:
tensor(-2.9073, device='cuda:0', requires_grad=True)
Parameter containing:
tensor(-2.9065, device='cuda:0', requires_grad=True)
Parameter containing:
tensor(-2.9057, device='cuda:0', requires_grad=True)
Parameter containing:
tensor(-2.9049, device='cuda:0', requires_grad=True)
Parameter containing:
tensor(-2.9042, device='cuda:0', requires_grad=True)
Parameter containing:
tensor(-2.9034, device='cuda:0', requires_grad=True)
Parameter containing:
tensor(-2.9026, device='cuda:0', requires_grad=True)
Parameter containing:
tensor(-2.9018, device='cuda:0', requires_grad=True)
Parameter containing:
tensor(-2.9010, device='cuda:0', requires_grad=True)
Parameter containing:
tensor(-2.9002, device='cuda:0', requires_grad=True)
Parameter containing:
tensor(-2.8995, device='cuda:0', requires_grad=True)
Parameter containing:
tensor(-2.8987, device='cuda:0', requires_grad=True)
Parameter containing:
tensor(-2.8979, device='cuda:0', requires_grad=True)
Parameter containing:
tensor(-2.8971, device='cuda:0', requires_grad=True)
Parameter containing:
tensor(-2.8963, device='cuda:0', requires_grad=True)
Parameter containing:
tensor(-2.8956, device='cuda:0', requires_grad=True)
Parameter containing:
tensor(-2.8948, device='cuda:0', requires_grad=True)
Parameter containing:
tensor(-2.8940, device='cuda:0', requires_grad=True)
Parameter containing:
tensor(-2.8932, device='cuda:0', requires_grad=True)
Parameter containing:
tensor(-2.8925, device='cuda:0', requires_grad=True)
Parameter containing:
tensor(-2.8917, device='cuda:0', requires_grad=True)
Parameter containing:
tensor(-2.8909, device='cuda:0', requires_grad=True)
Parameter containing:
tensor(-2.8901, device='cuda:0', requires_grad=True)
Parameter containing:
tensor(-2.8893, device='cuda:0', requires_grad=True)
Parameter containing:
tensor(-2.8886, device='cuda:0', requires_grad=True)
Parameter containing:
tensor(-2.8878, device='cuda:0', requires_grad=True)
Parameter containing:
tensor(-2.8870, device='cuda:0', requires_grad=True)
Parameter containing:
tensor(-2.8863, device='cuda:0', requires_grad=True)
Parameter containing:
tensor(-2.8855, device='cuda:0', requires_grad=True)
Parameter containing:
tensor(-2.8847, device='cuda:0', requires_grad=True)
Parameter containing:
tensor(-2.8840, device='cuda:0', requires_grad=True)
Parameter containing:
tensor(-2.8832, device='cuda:0', requires_grad=True)
Parameter containing:
tensor(-2.8824, device='cuda:0', requires_grad=True)
Parameter containing:
tensor(-2.8817, device='cuda:0', requires_grad=True)
Parameter containing:
tensor(-2.8809, device='cuda:0', requires_grad=True)
Parameter containing:
tensor(-2.8801, device='cuda:0', requires_grad=True)
Parameter containing:
tensor(-2.8793, device='cuda:0', requires_grad=True)
Parameter containing:
tensor(-2.8786, device='cuda:0', requires_grad=True)
Parameter containing:
tensor(-2.8778, device='cuda:0', requires_grad=True)
Parameter containing:
tensor(-2.8771, device='cuda:0', requires_grad=True)
Parameter containing:
tensor(-2.8763, device='cuda:0', requires_grad=True)
Parameter containing:
tensor(-2.8756, device='cuda:0', requires_grad=True)
Parameter containing:
tensor(-2.8748, device='cuda:0', requires_grad=True)
Parameter containing:
tensor(-2.8741, device='cuda:0', requires_grad=True)
Parameter containing:
tensor(-2.8733, device='cuda:0', requires_grad=True)
Parameter containing:
tensor(-2.8725, device='cuda:0', requires_grad=True)
Parameter containing:
tensor(-2.8718, device='cuda:0', requires_grad=True)
Parameter containing:
tensor(-2.8710, device='cuda:0', requires_grad=True)
Parameter containing:
tensor(-2.8703, device='cuda:0', requires_grad=True)
Parameter containing:
tensor(-2.8695, device='cuda:0', requires_grad=True)
Parameter containing:
tensor(-2.8687, device='cuda:0', requires_grad=True)
Parameter containing:
tensor(-2.8680, device='cuda:0', requires_grad=True)
Parameter containing:
tensor(-2.8672, device='cuda:0', requires_grad=True)
Parameter containing:
tensor(-2.8665, device='cuda:0', requires_grad=True)
Parameter containing:
tensor(-2.8657, device='cuda:0', requires_grad=True)
Parameter containing:
tensor(-2.8649, device='cuda:0', requires_grad=True)
Parameter containing:
tensor(-2.8642, device='cuda:0', requires_grad=True)
Parameter containing:
tensor(-2.8634, device='cuda:0', requires_grad=True)
Parameter containing:
tensor(-2.8627, device='cuda:0', requires_grad=True)
Parameter containing:
tensor(-2.8619, device='cuda:0', requires_grad=True)
Parameter containing:
tensor(-2.8612, device='cuda:0', requires_grad=True)
Parameter containing:
tensor(-2.8604, device='cuda:0', requires_grad=True)
Parameter containing:
tensor(-2.8596, device='cuda:0', requires_grad=True)
Parameter containing:
tensor(-2.8589, device='cuda:0', requires_grad=True)
Parameter containing:
tensor(-2.8581, device='cuda:0', requires_grad=True)
Parameter containing:
tensor(-2.8573, device='cuda:0', requires_grad=True)
Parameter containing:
tensor(-2.8566, device='cuda:0', requires_grad=True)
Parameter containing:
tensor(-2.8558, device='cuda:0', requires_grad=True)
Parameter containing:
tensor(-2.8551, device='cuda:0', requires_grad=True)
Parameter containing:
tensor(-2.8543, device='cuda:0', requires_grad=True)
Parameter containing:
tensor(-2.8536, device='cuda:0', requires_grad=True)
Parameter containing:
tensor(-2.8528, device='cuda:0', requires_grad=True)
Parameter containing:
tensor(-2.8521, device='cuda:0', requires_grad=True)
Parameter containing:
tensor(-2.8513, device='cuda:0', requires_grad=True)
Parameter containing:
tensor(-2.8506, device='cuda:0', requires_grad=True)
Parameter containing:
tensor(-2.8499, device='cuda:0', requires_grad=True)
Parameter containing:
tensor(-2.8491, device='cuda:0', requires_grad=True)
Parameter containing:
tensor(-2.8484, device='cuda:0', requires_grad=True)
Parameter containing:
tensor(-2.8477, device='cuda:0', requires_grad=True)
Parameter containing:
tensor(-2.8469, device='cuda:0', requires_grad=True)
Parameter containing:
tensor(-2.8462, device='cuda:0', requires_grad=True)
Parameter containing:
tensor(-2.8455, device='cuda:0', requires_grad=True)
Parameter containing:
tensor(-2.8448, device='cuda:0', requires_grad=True)
Parameter containing:
tensor(-2.8441, device='cuda:0', requires_grad=True)
Parameter containing:
tensor(-2.8433, device='cuda:0', requires_grad=True)
Parameter containing:
tensor(-2.8426, device='cuda:0', requires_grad=True)
Parameter containing:
tensor(-2.8419, device='cuda:0', requires_grad=True)
Parameter containing:
tensor(-2.8411, device='cuda:0', requires_grad=True)
Parameter containing:
tensor(-2.8404, device='cuda:0', requires_grad=True)
Parameter containing:
tensor(-2.8397, device='cuda:0', requires_grad=True)
Parameter containing:
tensor(-2.8390, device='cuda:0', requires_grad=True)
Parameter containing:
tensor(-2.8382, device='cuda:0', requires_grad=True)
Parameter containing:
tensor(-2.8375, device='cuda:0', requires_grad=True)
Parameter containing:
tensor(-2.8368, device='cuda:0', requires_grad=True)
Parameter containing:
tensor(-2.8360, device='cuda:0', requires_grad=True)
Parameter containing:
tensor(-2.8353, device='cuda:0', requires_grad=True)
Parameter containing:
tensor(-2.8346, device='cuda:0', requires_grad=True)
Parameter containing:
tensor(-2.8338, device='cuda:0', requires_grad=True)
Parameter containing:
tensor(-2.8331, device='cuda:0', requires_grad=True)
Parameter containing:
tensor(-2.8324, device='cuda:0', requires_grad=True)
Parameter containing:
tensor(-2.8317, device='cuda:0', requires_grad=True)
Parameter containing:
tensor(-2.8309, device='cuda:0', requires_grad=True)
Parameter containing:
tensor(-2.8302, device='cuda:0', requires_grad=True)
Parameter containing:
tensor(-2.8295, device='cuda:0', requires_grad=True)
Parameter containing:
tensor(-2.8288, device='cuda:0', requires_grad=True)
Parameter containing:
tensor(-2.8281, device='cuda:0', requires_grad=True)
Parameter containing:
tensor(-2.8274, device='cuda:0', requires_grad=True)
Parameter containing:
tensor(-2.8266, device='cuda:0', requires_grad=True)
Parameter containing:
tensor(-2.8259, device='cuda:0', requires_grad=True)
Parameter containing:
tensor(-2.8252, device='cuda:0', requires_grad=True)
Parameter containing:
tensor(-2.8245, device='cuda:0', requires_grad=True)
Parameter containing:
tensor(-2.8238, device='cuda:0', requires_grad=True)
Parameter containing:
tensor(-2.8231, device='cuda:0', requires_grad=True)
Parameter containing:
tensor(-2.8224, device='cuda:0', requires_grad=True)
Parameter containing:
tensor(-2.8217, device='cuda:0', requires_grad=True)
Parameter containing:
tensor(-2.8210, device='cuda:0', requires_grad=True)
Parameter containing:
tensor(-2.8202, device='cuda:0', requires_grad=True)
Parameter containing:
tensor(-2.8195, device='cuda:0', requires_grad=True)
Parameter containing:
tensor(-2.8188, device='cuda:0', requires_grad=True)
Parameter containing:
tensor(-2.8181, device='cuda:0', requires_grad=True)
Parameter containing:
tensor(-2.8174, device='cuda:0', requires_grad=True)
Parameter containing:
tensor(-2.8167, device='cuda:0', requires_grad=True)
Parameter containing:
tensor(-2.8160, device='cuda:0', requires_grad=True)
Parameter containing:
tensor(-2.8153, device='cuda:0', requires_grad=True)
Parameter containing:
tensor(-2.8146, device='cuda:0', requires_grad=True)
Parameter containing:
tensor(-2.8139, device='cuda:0', requires_grad=True)
Parameter containing:
tensor(-2.8132, device='cuda:0', requires_grad=True)
Parameter containing:
tensor(-2.8124, device='cuda:0', requires_grad=True)
Parameter containing:
tensor(-2.8117, device='cuda:0', requires_grad=True)
Parameter containing:
tensor(-2.8110, device='cuda:0', requires_grad=True)
Parameter containing:
tensor(-2.8103, device='cuda:0', requires_grad=True)
Parameter containing:
tensor(-2.8097, device='cuda:0', requires_grad=True)
Parameter containing:
tensor(-2.8090, device='cuda:0', requires_grad=True)
Parameter containing:
tensor(-2.8083, device='cuda:0', requires_grad=True)
Parameter containing:
tensor(-2.8076, device='cuda:0', requires_grad=True)
Parameter containing:
tensor(-2.8069, device='cuda:0', requires_grad=True)
Parameter containing:
tensor(-2.8062, device='cuda:0', requires_grad=True)
Parameter containing:
tensor(-2.8055, device='cuda:0', requires_grad=True)
Parameter containing:
tensor(-2.8048, device='cuda:0', requires_grad=True)
Parameter containing:
tensor(-2.8041, device='cuda:0', requires_grad=True)
Parameter containing:
tensor(-2.8035, device='cuda:0', requires_grad=True)
Parameter containing:
tensor(-2.8028, device='cuda:0', requires_grad=True)
Parameter containing:
tensor(-2.8021, device='cuda:0', requires_grad=True)
Parameter containing:
tensor(-2.8014, device='cuda:0', requires_grad=True)
Parameter containing:
tensor(-2.8007, device='cuda:0', requires_grad=True)
Parameter containing:
tensor(-2.8001, device='cuda:0', requires_grad=True)
Parameter containing:
tensor(-2.7994, device='cuda:0', requires_grad=True)
Parameter containing:
tensor(-2.7987, device='cuda:0', requires_grad=True)
Parameter containing:
tensor(-2.7980, device='cuda:0', requires_grad=True)
Parameter containing:
tensor(-2.7973, device='cuda:0', requires_grad=True)
Parameter containing:
tensor(-2.7966, device='cuda:0', requires_grad=True)
Parameter containing:
tensor(-2.7959, device='cuda:0', requires_grad=True)
Parameter containing:
tensor(-2.7952, device='cuda:0', requires_grad=True)
Parameter containing:
tensor(-2.7945, device='cuda:0', requires_grad=True)
Parameter containing:
tensor(-2.7938, device='cuda:0', requires_grad=True)
Parameter containing:
tensor(-2.7932, device='cuda:0', requires_grad=True)
Parameter containing:
tensor(-2.7925, device='cuda:0', requires_grad=True)
Parameter containing:
tensor(-2.7918, device='cuda:0', requires_grad=True)
Parameter containing:
tensor(-2.7911, device='cuda:0', requires_grad=True)
Parameter containing:
tensor(-2.7905, device='cuda:0', requires_grad=True)
Parameter containing:
tensor(-2.7898, device='cuda:0', requires_grad=True)
Parameter containing:
tensor(-2.7891, device='cuda:0', requires_grad=True)
Parameter containing:
tensor(-2.7885, device='cuda:0', requires_grad=True)
Parameter containing:
tensor(-2.7878, device='cuda:0', requires_grad=True)
Parameter containing:
tensor(-2.7871, device='cuda:0', requires_grad=True)
Parameter containing:
tensor(-2.7864, device='cuda:0', requires_grad=True)
Parameter containing:
tensor(-2.7857, device='cuda:0', requires_grad=True)
Parameter containing:
tensor(-2.7850, device='cuda:0', requires_grad=True)
Parameter containing:
tensor(-2.7844, device='cuda:0', requires_grad=True)
Parameter containing:
tensor(-2.7837, device='cuda:0', requires_grad=True)
Parameter containing:
tensor(-2.7830, device='cuda:0', requires_grad=True)
Parameter containing:
tensor(-2.7824, device='cuda:0', requires_grad=True)
Parameter containing:
tensor(-2.7817, device='cuda:0', requires_grad=True)
Parameter containing:
tensor(-2.7811, device='cuda:0', requires_grad=True)
Parameter containing:
tensor(-2.7804, device='cuda:0', requires_grad=True)
Parameter containing:
tensor(-2.7798, device='cuda:0', requires_grad=True)
Parameter containing:
tensor(-2.7791, device='cuda:0', requires_grad=True)
Parameter containing:
tensor(-2.7785, device='cuda:0', requires_grad=True)
Parameter containing:
tensor(-2.7778, device='cuda:0', requires_grad=True)
Parameter containing:
tensor(-2.7772, device='cuda:0', requires_grad=True)
Parameter containing:
tensor(-2.7766, device='cuda:0', requires_grad=True)
Parameter containing:
tensor(-2.7759, device='cuda:0', requires_grad=True)
Parameter containing:
tensor(-2.7753, device='cuda:0', requires_grad=True)
Parameter containing:
tensor(-2.7746, device='cuda:0', requires_grad=True)
Parameter containing:
tensor(-2.7740, device='cuda:0', requires_grad=True)
Parameter containing:
tensor(-2.7734, device='cuda:0', requires_grad=True)
Parameter containing:
tensor(-2.7727, device='cuda:0', requires_grad=True)
Parameter containing:
tensor(-2.7721, device='cuda:0', requires_grad=True)
Parameter containing:
tensor(-2.7715, device='cuda:0', requires_grad=True)
Parameter containing:
tensor(-2.7708, device='cuda:0', requires_grad=True)
Parameter containing:
tensor(-2.7702, device='cuda:0', requires_grad=True)
Parameter containing:
tensor(-2.7695, device='cuda:0', requires_grad=True)
Parameter containing:
tensor(-2.7689, device='cuda:0', requires_grad=True)
Parameter containing:
tensor(-2.7682, device='cuda:0', requires_grad=True)
Parameter containing:
tensor(-2.7676, device='cuda:0', requires_grad=True)
Parameter containing:
tensor(-2.7669, device='cuda:0', requires_grad=True)
Parameter containing:
tensor(-2.7663, device='cuda:0', requires_grad=True)
Parameter containing:
tensor(-2.7657, device='cuda:0', requires_grad=True)
Parameter containing:
tensor(-2.7650, device='cuda:0', requires_grad=True)
Parameter containing:
tensor(-2.7644, device='cuda:0', requires_grad=True)
Parameter containing:
tensor(-2.7638, device='cuda:0', requires_grad=True)
Parameter containing:
tensor(-2.7631, device='cuda:0', requires_grad=True)
Parameter containing:
tensor(-2.7625, device='cuda:0', requires_grad=True)
Parameter containing:
tensor(-2.7618, device='cuda:0', requires_grad=True)
Parameter containing:
tensor(-2.7612, device='cuda:0', requires_grad=True)
Parameter containing:
tensor(-2.7605, device='cuda:0', requires_grad=True)
Parameter containing:
tensor(-2.7599, device='cuda:0', requires_grad=True)
Parameter containing:
tensor(-2.7592, device='cuda:0', requires_grad=True)
Parameter containing:
tensor(-2.7586, device='cuda:0', requires_grad=True)
Parameter containing:
tensor(-2.7579, device='cuda:0', requires_grad=True)
Parameter containing:
tensor(-2.7573, device='cuda:0', requires_grad=True)
Parameter containing:
tensor(-2.7566, device='cuda:0', requires_grad=True)
Parameter containing:
tensor(-2.7560, device='cuda:0', requires_grad=True)
Parameter containing:
tensor(-2.7553, device='cuda:0', requires_grad=True)
Parameter containing:
tensor(-2.7547, device='cuda:0', requires_grad=True)
Parameter containing:
tensor(-2.7541, device='cuda:0', requires_grad=True)
Parameter containing:
tensor(-2.7534, device='cuda:0', requires_grad=True)
Parameter containing:
tensor(-2.7528, device='cuda:0', requires_grad=True)
Parameter containing:
tensor(-2.7521, device='cuda:0', requires_grad=True)
Parameter containing:
tensor(-2.7515, device='cuda:0', requires_grad=True)
Parameter containing:
tensor(-2.7509, device='cuda:0', requires_grad=True)
Parameter containing:
tensor(-2.7503, device='cuda:0', requires_grad=True)
Parameter containing:
tensor(-2.7497, device='cuda:0', requires_grad=True)
Parameter containing:
tensor(-2.7491, device='cuda:0', requires_grad=True)
Parameter containing:
tensor(-2.7484, device='cuda:0', requires_grad=True)
Parameter containing:
tensor(-2.7478, device='cuda:0', requires_grad=True)
Parameter containing:
tensor(-2.7472, device='cuda:0', requires_grad=True)
Parameter containing:
tensor(-2.7466, device='cuda:0', requires_grad=True)
Parameter containing:
tensor(-2.7460, device='cuda:0', requires_grad=True)
Parameter containing:
tensor(-2.7453, device='cuda:0', requires_grad=True)
Parameter containing:
tensor(-2.7447, device='cuda:0', requires_grad=True)
Parameter containing:
tensor(-2.7441, device='cuda:0', requires_grad=True)
Parameter containing:
tensor(-2.7435, device='cuda:0', requires_grad=True)
Parameter containing:
tensor(-2.7428, device='cuda:0', requires_grad=True)
Parameter containing:
tensor(-2.7422, device='cuda:0', requires_grad=True)
Parameter containing:
tensor(-2.7416, device='cuda:0', requires_grad=True)
Parameter containing:
tensor(-2.7410, device='cuda:0', requires_grad=True)
Parameter containing:
tensor(-2.7404, device='cuda:0', requires_grad=True)
Parameter containing:
tensor(-2.7398, device='cuda:0', requires_grad=True)
Parameter containing:
tensor(-2.7391, device='cuda:0', requires_grad=True)
Parameter containing:
tensor(-2.7385, device='cuda:0', requires_grad=True)
Parameter containing:
tensor(-2.7379, device='cuda:0', requires_grad=True)
Parameter containing:
tensor(-2.7373, device='cuda:0', requires_grad=True)
Parameter containing:
tensor(-2.7367, device='cuda:0', requires_grad=True)
Parameter containing:
tensor(-2.7361, device='cuda:0', requires_grad=True)
Parameter containing:
tensor(-2.7354, device='cuda:0', requires_grad=True)
Parameter containing:
tensor(-2.7348, device='cuda:0', requires_grad=True)
Parameter containing:
tensor(-2.7342, device='cuda:0', requires_grad=True)
Parameter containing:
tensor(-2.7336, device='cuda:0', requires_grad=True)
Parameter containing:
tensor(-2.7330, device='cuda:0', requires_grad=True)
Parameter containing:
tensor(-2.7323, device='cuda:0', requires_grad=True)
Parameter containing:
tensor(-2.7317, device='cuda:0', requires_grad=True)
Parameter containing:
tensor(-2.7311, device='cuda:0', requires_grad=True)
Parameter containing:
tensor(-2.7305, device='cuda:0', requires_grad=True)
Parameter containing:
tensor(-2.7298, device='cuda:0', requires_grad=True)
Parameter containing:
tensor(-2.7292, device='cuda:0', requires_grad=True)
Parameter containing:
tensor(-2.7286, device='cuda:0', requires_grad=True)
Parameter containing:
tensor(-2.7280, device='cuda:0', requires_grad=True)
Parameter containing:
tensor(-2.7273, device='cuda:0', requires_grad=True)
Parameter containing:
tensor(-2.7267, device='cuda:0', requires_grad=True)
Parameter containing:
tensor(-2.7261, device='cuda:0', requires_grad=True)
Parameter containing:
tensor(-2.7255, device='cuda:0', requires_grad=True)
Parameter containing:
tensor(-2.7249, device='cuda:0', requires_grad=True)
Parameter containing:
tensor(-2.7243, device='cuda:0', requires_grad=True)
Parameter containing:
tensor(-2.7237, device='cuda:0', requires_grad=True)
Parameter containing:
tensor(-2.7231, device='cuda:0', requires_grad=True)
Parameter containing:
tensor(-2.7226, device='cuda:0', requires_grad=True)
Parameter containing:
tensor(-2.7220, device='cuda:0', requires_grad=True)
Parameter containing:
tensor(-2.7214, device='cuda:0', requires_grad=True)
Parameter containing:
tensor(-2.7208, device='cuda:0', requires_grad=True)
Parameter containing:
tensor(-2.7202, device='cuda:0', requires_grad=True)
Parameter containing:
tensor(-2.7196, device='cuda:0', requires_grad=True)
Parameter containing:
tensor(-2.7190, device='cuda:0', requires_grad=True)
Parameter containing:
tensor(-2.7184, device='cuda:0', requires_grad=True)
Parameter containing:
tensor(-2.7178, device='cuda:0', requires_grad=True)
Parameter containing:
tensor(-2.7172, device='cuda:0', requires_grad=True)
Parameter containing:
tensor(-2.7166, device='cuda:0', requires_grad=True)
Parameter containing:
tensor(-2.7160, device='cuda:0', requires_grad=True)
Parameter containing:
tensor(-2.7154, device='cuda:0', requires_grad=True)
Parameter containing:
tensor(-2.7148, device='cuda:0', requires_grad=True)
Parameter containing:
tensor(-2.7142, device='cuda:0', requires_grad=True)
Parameter containing:
tensor(-2.7136, device='cuda:0', requires_grad=True)
Parameter containing:
tensor(-2.7130, device='cuda:0', requires_grad=True)
Parameter containing:
tensor(-2.7124, device='cuda:0', requires_grad=True)
Parameter containing:
tensor(-2.7118, device='cuda:0', requires_grad=True)
Parameter containing:
tensor(-2.7112, device='cuda:0', requires_grad=True)
Parameter containing:
tensor(-2.7106, device='cuda:0', requires_grad=True)
Parameter containing:
tensor(-2.7100, device='cuda:0', requires_grad=True)
Parameter containing:
tensor(-2.7095, device='cuda:0', requires_grad=True)
Parameter containing:
tensor(-2.7089, device='cuda:0', requires_grad=True)
Parameter containing:
tensor(-2.7083, device='cuda:0', requires_grad=True)
Parameter containing:
tensor(-2.7078, device='cuda:0', requires_grad=True)
Parameter containing:
tensor(-2.7072, device='cuda:0', requires_grad=True)
Parameter containing:
tensor(-2.7067, device='cuda:0', requires_grad=True)
Parameter containing:
tensor(-2.7061, device='cuda:0', requires_grad=True)
Parameter containing:
tensor(-2.7055, device='cuda:0', requires_grad=True)
Parameter containing:
tensor(-2.7050, device='cuda:0', requires_grad=True)
Parameter containing:
tensor(-2.7044, device='cuda:0', requires_grad=True)
Parameter containing:
tensor(-2.7038, device='cuda:0', requires_grad=True)
Parameter containing:
tensor(-2.7033, device='cuda:0', requires_grad=True)
Parameter containing:
tensor(-2.7027, device='cuda:0', requires_grad=True)
Parameter containing:
tensor(-2.7022, device='cuda:0', requires_grad=True)
Parameter containing:
tensor(-2.7016, device='cuda:0', requires_grad=True)
Parameter containing:
tensor(-2.7010, device='cuda:0', requires_grad=True)
Parameter containing:
tensor(-2.7004, device='cuda:0', requires_grad=True)
Parameter containing:
tensor(-2.6998, device='cuda:0', requires_grad=True)
Parameter containing:
tensor(-2.6993, device='cuda:0', requires_grad=True)
Parameter containing:
tensor(-2.6987, device='cuda:0', requires_grad=True)
Parameter containing:
tensor(-2.6981, device='cuda:0', requires_grad=True)
Parameter containing:
tensor(-2.6976, device='cuda:0', requires_grad=True)
Parameter containing:
tensor(-2.6970, device='cuda:0', requires_grad=True)
Parameter containing:
tensor(-2.6965, device='cuda:0', requires_grad=True)
Parameter containing:
tensor(-2.6959, device='cuda:0', requires_grad=True)
Parameter containing:
tensor(-2.6954, device='cuda:0', requires_grad=True)
Parameter containing:
tensor(-2.6948, device='cuda:0', requires_grad=True)
Parameter containing:
tensor(-2.6943, device='cuda:0', requires_grad=True)
Parameter containing:
tensor(-2.6937, device='cuda:0', requires_grad=True)
Parameter containing:
tensor(-2.6931, device='cuda:0', requires_grad=True)
Parameter containing:
tensor(-2.6925, device='cuda:0', requires_grad=True)
Parameter containing:
tensor(-2.6919, device='cuda:0', requires_grad=True)
Parameter containing:
tensor(-2.6913, device='cuda:0', requires_grad=True)
Parameter containing:
tensor(-2.6907, device='cuda:0', requires_grad=True)
Parameter containing:
tensor(-2.6901, device='cuda:0', requires_grad=True)
Parameter containing:
tensor(-2.6896, device='cuda:0', requires_grad=True)
Parameter containing:
tensor(-2.6890, device='cuda:0', requires_grad=True)
Parameter containing:
tensor(-2.6884, device='cuda:0', requires_grad=True)
Parameter containing:
tensor(-2.6879, device='cuda:0', requires_grad=True)
Parameter containing:
tensor(-2.6874, device='cuda:0', requires_grad=True)
Parameter containing:
tensor(-2.6868, device='cuda:0', requires_grad=True)
Parameter containing:
tensor(-2.6863, device='cuda:0', requires_grad=True)
Parameter containing:
tensor(-2.6858, device='cuda:0', requires_grad=True)
Parameter containing:
tensor(-2.6852, device='cuda:0', requires_grad=True)
Parameter containing:
tensor(-2.6847, device='cuda:0', requires_grad=True)
Parameter containing:
tensor(-2.6842, device='cuda:0', requires_grad=True)
Parameter containing:
tensor(-2.6837, device='cuda:0', requires_grad=True)
Parameter containing:
tensor(-2.6832, device='cuda:0', requires_grad=True)
Parameter containing:
tensor(-2.6827, device='cuda:0', requires_grad=True)
Parameter containing:
tensor(-2.6822, device='cuda:0', requires_grad=True)
Parameter containing:
tensor(-2.6817, device='cuda:0', requires_grad=True)
Parameter containing:
tensor(-2.6812, device='cuda:0', requires_grad=True)
Parameter containing:
tensor(-2.6807, device='cuda:0', requires_grad=True)
Parameter containing:
tensor(-2.6802, device='cuda:0', requires_grad=True)
Parameter containing:
tensor(-2.6797, device='cuda:0', requires_grad=True)
Parameter containing:
tensor(-2.6792, device='cuda:0', requires_grad=True)
Parameter containing:
tensor(-2.6787, device='cuda:0', requires_grad=True)
Parameter containing:
tensor(-2.6782, device='cuda:0', requires_grad=True)
Parameter containing:
tensor(-2.6777, device='cuda:0', requires_grad=True)
Parameter containing:
tensor(-2.6772, device='cuda:0', requires_grad=True)
Parameter containing:
tensor(-2.6767, device='cuda:0', requires_grad=True)
Parameter containing:
tensor(-2.6762, device='cuda:0', requires_grad=True)
Parameter containing:
tensor(-2.6757, device='cuda:0', requires_grad=True)
Parameter containing:
tensor(-2.6753, device='cuda:0', requires_grad=True)
Parameter containing:
tensor(-2.6748, device='cuda:0', requires_grad=True)
Parameter containing:
tensor(-2.6743, device='cuda:0', requires_grad=True)
Parameter containing:
tensor(-2.6738, device='cuda:0', requires_grad=True)
Parameter containing:
tensor(-2.6733, device='cuda:0', requires_grad=True)
Parameter containing:
tensor(-2.6728, device='cuda:0', requires_grad=True)
Parameter containing:
tensor(-2.6723, device='cuda:0', requires_grad=True)
Parameter containing:
tensor(-2.6718, device='cuda:0', requires_grad=True)
Parameter containing:
tensor(-2.6713, device='cuda:0', requires_grad=True)
Parameter containing:
tensor(-2.6708, device='cuda:0', requires_grad=True)
Parameter containing:
tensor(-2.6703, device='cuda:0', requires_grad=True)
Parameter containing:
tensor(-2.6698, device='cuda:0', requires_grad=True)
Parameter containing:
tensor(-2.6693, device='cuda:0', requires_grad=True)
Parameter containing:
tensor(-2.6688, device='cuda:0', requires_grad=True)
Parameter containing:
tensor(-2.6683, device='cuda:0', requires_grad=True)
Parameter containing:
tensor(-2.6678, device='cuda:0', requires_grad=True)
Parameter containing:
tensor(-2.6673, device='cuda:0', requires_grad=True)
Parameter containing:
tensor(-2.6668, device='cuda:0', requires_grad=True)
Parameter containing:
tensor(-2.6663, device='cuda:0', requires_grad=True)
Parameter containing:
tensor(-2.6658, device='cuda:0', requires_grad=True)
Parameter containing:
tensor(-2.6653, device='cuda:0', requires_grad=True)
Parameter containing:
tensor(-2.6649, device='cuda:0', requires_grad=True)
Parameter containing:
tensor(-2.6644, device='cuda:0', requires_grad=True)
Parameter containing:
tensor(-2.6639, device='cuda:0', requires_grad=True)
Parameter containing:
tensor(-2.6634, device='cuda:0', requires_grad=True)
Parameter containing:
tensor(-2.6629, device='cuda:0', requires_grad=True)
Parameter containing:
tensor(-2.6625, device='cuda:0', requires_grad=True)
Parameter containing:
tensor(-2.6620, device='cuda:0', requires_grad=True)
Parameter containing:
tensor(-2.6615, device='cuda:0', requires_grad=True)
Parameter containing:
tensor(-2.6611, device='cuda:0', requires_grad=True)
Parameter containing:
tensor(-2.6606, device='cuda:0', requires_grad=True)
Parameter containing:
tensor(-2.6601, device='cuda:0', requires_grad=True)
Parameter containing:
tensor(-2.6596, device='cuda:0', requires_grad=True)
Parameter containing:
tensor(-2.6591, device='cuda:0', requires_grad=True)
Parameter containing:
tensor(-2.6586, device='cuda:0', requires_grad=True)
Parameter containing:
tensor(-2.6582, device='cuda:0', requires_grad=True)
Parameter containing:
tensor(-2.6577, device='cuda:0', requires_grad=True)
Parameter containing:
tensor(-2.6572, device='cuda:0', requires_grad=True)
Parameter containing:
tensor(-2.6568, device='cuda:0', requires_grad=True)
Parameter containing:
tensor(-2.6563, device='cuda:0', requires_grad=True)


PS:

Read file <14836077.stderr> for stderr output of this job.

