Sender: LSF System <lsfadmin@lt18>
Subject: Job 14804291: <_gp_SGD_SAGEConv_1e-3> in cluster <lila> Done

Job <_gp_SGD_SAGEConv_1e-3> was submitted from host <lx09> by user <wangy1> in cluster <lila> at Mon Jun  8 11:09:10 2020
Job was executed on host(s) <12*lt18>, in queue <gpuqueue>, as user <wangy1> in cluster <lila> at Mon Jun  8 11:09:11 2020
</home/wangy1> was used as the home directory.
</data/chodera/wangyq/pinot/scripts/gp_comparison> was used as the working directory.
Started at Mon Jun  8 11:09:11 2020
Terminated at Mon Jun  8 11:10:01 2020
Results reported at Mon Jun  8 11:10:01 2020

Your job looked like:

------------------------------------------------------------
# LSBATCH: User input
python ../../pinot/app/gp_train.py --layer SAGEConv --optimizer SGD --lr 1e-3 --out _gp_SGD_SAGEConv_1e-3 --n_epochs 100
------------------------------------------------------------

Successfully completed.

Resource usage summary:

    CPU time :                                   142.24 sec.
    Max Memory :                                 2 GB
    Average Memory :                             1.56 GB
    Total Requested Memory :                     48.00 GB
    Delta Memory :                               46.00 GB
    Max Swap :                                   -
    Max Processes :                              3
    Max Threads :                                20
    Run time :                                   52 sec.
    Turnaround time :                            51 sec.

The output (if any) follows:

Parameter containing:
tensor(1., device='cuda:0', requires_grad=True)
Parameter containing:
tensor(0.8476, device='cuda:0', requires_grad=True)
Parameter containing:
tensor(0.5630, device='cuda:0', requires_grad=True)
Parameter containing:
tensor(0.4498, device='cuda:0', requires_grad=True)
Parameter containing:
tensor(0.5013, device='cuda:0', requires_grad=True)
Parameter containing:
tensor(0.4435, device='cuda:0', requires_grad=True)
Parameter containing:
tensor(0.5203, device='cuda:0', requires_grad=True)
Parameter containing:
tensor(0.4279, device='cuda:0', requires_grad=True)
Parameter containing:
tensor(0.5911, device='cuda:0', requires_grad=True)
Parameter containing:
tensor(0.4514, device='cuda:0', requires_grad=True)
Parameter containing:
tensor(0.5546, device='cuda:0', requires_grad=True)
Parameter containing:
tensor(0.5978, device='cuda:0', requires_grad=True)
Parameter containing:
tensor(0.4189, device='cuda:0', requires_grad=True)
Parameter containing:
tensor(0.5269, device='cuda:0', requires_grad=True)
Parameter containing:
tensor(0.6251, device='cuda:0', requires_grad=True)
Parameter containing:
tensor(0.6260, device='cuda:0', requires_grad=True)
Parameter containing:
tensor(0.5947, device='cuda:0', requires_grad=True)
Parameter containing:
tensor(0.6244, device='cuda:0', requires_grad=True)
Parameter containing:
tensor(0.5220, device='cuda:0', requires_grad=True)
Parameter containing:
tensor(0.6266, device='cuda:0', requires_grad=True)
Parameter containing:
tensor(0.6305, device='cuda:0', requires_grad=True)
Parameter containing:
tensor(0.6268, device='cuda:0', requires_grad=True)
Parameter containing:
tensor(0.6188, device='cuda:0', requires_grad=True)
Parameter containing:
tensor(0.5493, device='cuda:0', requires_grad=True)
Parameter containing:
tensor(0.5930, device='cuda:0', requires_grad=True)
Parameter containing:
tensor(0.5342, device='cuda:0', requires_grad=True)
Parameter containing:
tensor(0.4658, device='cuda:0', requires_grad=True)
Parameter containing:
tensor(0.6219, device='cuda:0', requires_grad=True)
Parameter containing:
tensor(0.6195, device='cuda:0', requires_grad=True)
Parameter containing:
tensor(0.4892, device='cuda:0', requires_grad=True)
Parameter containing:
tensor(0.6233, device='cuda:0', requires_grad=True)
Parameter containing:
tensor(0.6297, device='cuda:0', requires_grad=True)
Parameter containing:
tensor(0.6312, device='cuda:0', requires_grad=True)
Parameter containing:
tensor(0.6304, device='cuda:0', requires_grad=True)
Parameter containing:
tensor(0.6307, device='cuda:0', requires_grad=True)
Parameter containing:
tensor(0.6298, device='cuda:0', requires_grad=True)
Parameter containing:
tensor(0.6303, device='cuda:0', requires_grad=True)
Parameter containing:
tensor(0.6293, device='cuda:0', requires_grad=True)
Parameter containing:
tensor(0.6292, device='cuda:0', requires_grad=True)
Parameter containing:
tensor(0.6293, device='cuda:0', requires_grad=True)
Parameter containing:
tensor(0.6288, device='cuda:0', requires_grad=True)
Parameter containing:
tensor(0.6288, device='cuda:0', requires_grad=True)
Parameter containing:
tensor(0.6284, device='cuda:0', requires_grad=True)
Parameter containing:
tensor(0.6284, device='cuda:0', requires_grad=True)
Parameter containing:
tensor(0.6280, device='cuda:0', requires_grad=True)
Parameter containing:
tensor(0.6278, device='cuda:0', requires_grad=True)
Parameter containing:
tensor(0.6272, device='cuda:0', requires_grad=True)
Parameter containing:
tensor(0.6266, device='cuda:0', requires_grad=True)
Parameter containing:
tensor(0.6237, device='cuda:0', requires_grad=True)
Parameter containing:
tensor(0.6053, device='cuda:0', requires_grad=True)
Parameter containing:
tensor(0.6129, device='cuda:0', requires_grad=True)
Parameter containing:
tensor(0.5763, device='cuda:0', requires_grad=True)
Parameter containing:
tensor(0.6228, device='cuda:0', requires_grad=True)
Parameter containing:
tensor(0.6221, device='cuda:0', requires_grad=True)
Parameter containing:
tensor(0.5749, device='cuda:0', requires_grad=True)
Parameter containing:
tensor(0.6234, device='cuda:0', requires_grad=True)
Parameter containing:
tensor(0.6250, device='cuda:0', requires_grad=True)
Parameter containing:
tensor(0.6183, device='cuda:0', requires_grad=True)
Parameter containing:
tensor(0.4872, device='cuda:0', requires_grad=True)
Parameter containing:
tensor(0.5512, device='cuda:0', requires_grad=True)
Parameter containing:
tensor(0.4311, device='cuda:0', requires_grad=True)
Parameter containing:
tensor(0.4695, device='cuda:0', requires_grad=True)
Parameter containing:
tensor(0.6159, device='cuda:0', requires_grad=True)
Parameter containing:
tensor(0.6200, device='cuda:0', requires_grad=True)
Parameter containing:
tensor(0.6026, device='cuda:0', requires_grad=True)
Parameter containing:
tensor(0.4617, device='cuda:0', requires_grad=True)
Parameter containing:
tensor(0.4940, device='cuda:0', requires_grad=True)
Parameter containing:
tensor(0.6225, device='cuda:0', requires_grad=True)
Parameter containing:
tensor(0.6247, device='cuda:0', requires_grad=True)
Parameter containing:
tensor(0.6234, device='cuda:0', requires_grad=True)
Parameter containing:
tensor(0.6036, device='cuda:0', requires_grad=True)
Parameter containing:
tensor(0.5416, device='cuda:0', requires_grad=True)
Parameter containing:
tensor(0.5536, device='cuda:0', requires_grad=True)
Parameter containing:
tensor(0.6239, device='cuda:0', requires_grad=True)
Parameter containing:
tensor(0.6215, device='cuda:0', requires_grad=True)
Parameter containing:
tensor(0.6149, device='cuda:0', requires_grad=True)
Parameter containing:
tensor(0.4544, device='cuda:0', requires_grad=True)
Parameter containing:
tensor(0.6197, device='cuda:0', requires_grad=True)
Parameter containing:
tensor(0.6243, device='cuda:0', requires_grad=True)
Parameter containing:
tensor(0.6251, device='cuda:0', requires_grad=True)
Parameter containing:
tensor(0.6244, device='cuda:0', requires_grad=True)
Parameter containing:
tensor(0.6218, device='cuda:0', requires_grad=True)
Parameter containing:
tensor(0.6019, device='cuda:0', requires_grad=True)
Parameter containing:
tensor(0.5890, device='cuda:0', requires_grad=True)
Parameter containing:
tensor(0.6243, device='cuda:0', requires_grad=True)
Parameter containing:
tensor(0.6249, device='cuda:0', requires_grad=True)
Parameter containing:
tensor(0.6240, device='cuda:0', requires_grad=True)
Parameter containing:
tensor(0.6209, device='cuda:0', requires_grad=True)
Parameter containing:
tensor(0.5712, device='cuda:0', requires_grad=True)
Parameter containing:
tensor(0.4677, device='cuda:0', requires_grad=True)
Parameter containing:
tensor(0.6217, device='cuda:0', requires_grad=True)
Parameter containing:
tensor(0.6266, device='cuda:0', requires_grad=True)
Parameter containing:
tensor(0.6306, device='cuda:0', requires_grad=True)
Parameter containing:
tensor(0.6269, device='cuda:0', requires_grad=True)
Parameter containing:
tensor(0.6264, device='cuda:0', requires_grad=True)
Parameter containing:
tensor(0.6269, device='cuda:0', requires_grad=True)
Parameter containing:
tensor(0.6263, device='cuda:0', requires_grad=True)
Parameter containing:
tensor(0.6269, device='cuda:0', requires_grad=True)
Parameter containing:
tensor(0.6262, device='cuda:0', requires_grad=True)
Parameter containing:
tensor(0.6268, device='cuda:0', requires_grad=True)


PS:

Read file <14804291.stderr> for stderr output of this job.

