Using backend: pytorch
/home/nguyenm5/coding/pinot/pinot/regressors/gaussian_process_regressor.py:325: UserWarning: torch.range is deprecated in favor of torch.arange and will be removed in 0.5. Note that arange generates values in [start; end), not [start; end].
  torch.range(0, self.y_tr_sigma_diag.shape[0] - 1)[:, None],
/home/nguyenm5/coding/pinot/pinot/regressors/gaussian_process_regressor.py:326: UserWarning: torch.range is deprecated in favor of torch.arange and will be removed in 0.5. Note that arange generates values in [start; end), not [start; end].
  torch.range(0, self.y_tr_sigma_diag.shape[0] - 1)[None, :],
/home/nguyenm5/coding/pinot/pinot/metrics.py:45: UserWarning: Using a target size (torch.Size([299, 1])) that is different to the input size (torch.Size([299])). This will likely lead to incorrect results due to broadcasting. Please ensure they have the same size.
  return torch.nn.functional.mse_loss(y, y_hat).pow(0.5)
/home/nguyenm5/coding/pinot/pinot/metrics.py:45: UserWarning: Using a target size (torch.Size([74, 1])) that is different to the input size (torch.Size([74])). This will likely lead to incorrect results due to broadcasting. Please ensure they have the same size.
  return torch.nn.functional.mse_loss(y, y_hat).pow(0.5)
Using backend: pytorch
/home/nguyenm5/coding/pinot/pinot/regressors/gaussian_process_regressor.py:325: UserWarning: torch.range is deprecated in favor of torch.arange and will be removed in 0.5. Note that arange generates values in [start; end), not [start; end].
  torch.range(0, self.y_tr_sigma_diag.shape[0] - 1)[:, None],
/home/nguyenm5/coding/pinot/pinot/regressors/gaussian_process_regressor.py:326: UserWarning: torch.range is deprecated in favor of torch.arange and will be removed in 0.5. Note that arange generates values in [start; end), not [start; end].
  torch.range(0, self.y_tr_sigma_diag.shape[0] - 1)[None, :],
/home/nguyenm5/coding/pinot/pinot/metrics.py:45: UserWarning: Using a target size (torch.Size([299, 1])) that is different to the input size (torch.Size([299])). This will likely lead to incorrect results due to broadcasting. Please ensure they have the same size.
  return torch.nn.functional.mse_loss(y, y_hat).pow(0.5)
/home/nguyenm5/coding/pinot/pinot/metrics.py:45: UserWarning: Using a target size (torch.Size([74, 1])) that is different to the input size (torch.Size([74])). This will likely lead to incorrect results due to broadcasting. Please ensure they have the same size.
  return torch.nn.functional.mse_loss(y, y_hat).pow(0.5)
Using backend: pytorch
/home/nguyenm5/coding/pinot/pinot/regressors/gaussian_process_regressor.py:325: UserWarning: torch.range is deprecated in favor of torch.arange and will be removed in 0.5. Note that arange generates values in [start; end), not [start; end].
  torch.range(0, self.y_tr_sigma_diag.shape[0] - 1)[:, None],
/home/nguyenm5/coding/pinot/pinot/regressors/gaussian_process_regressor.py:326: UserWarning: torch.range is deprecated in favor of torch.arange and will be removed in 0.5. Note that arange generates values in [start; end), not [start; end].
  torch.range(0, self.y_tr_sigma_diag.shape[0] - 1)[None, :],
/home/nguyenm5/coding/pinot/pinot/metrics.py:45: UserWarning: Using a target size (torch.Size([299, 1])) that is different to the input size (torch.Size([299])). This will likely lead to incorrect results due to broadcasting. Please ensure they have the same size.
  return torch.nn.functional.mse_loss(y, y_hat).pow(0.5)
/home/nguyenm5/coding/pinot/pinot/metrics.py:45: UserWarning: Using a target size (torch.Size([74, 1])) that is different to the input size (torch.Size([74])). This will likely lead to incorrect results due to broadcasting. Please ensure they have the same size.
  return torch.nn.functional.mse_loss(y, y_hat).pow(0.5)
