Sender: LSF System <lsfadmin@lt07>
Subject: Job 14804819: <_gp_Adam_GINConv_1e-5> in cluster <lila> Exited

Job <_gp_Adam_GINConv_1e-5> was submitted from host <lx12> by user <wangy1> in cluster <lila> at Mon Jun  8 12:41:50 2020
Job was executed on host(s) <12*lt07>, in queue <gpuqueue>, as user <wangy1> in cluster <lila> at Mon Jun  8 12:41:50 2020
</home/wangy1> was used as the home directory.
</data/chodera/wangyq/pinot/scripts/gp_comparison> was used as the working directory.
Started at Mon Jun  8 12:41:50 2020
Terminated at Mon Jun  8 12:42:49 2020
Results reported at Mon Jun  8 12:42:49 2020

Your job looked like:

------------------------------------------------------------
# LSBATCH: User input
python ../../pinot/app/gp_train.py --layer GINConv --optimizer Adam --lr 1e-5 --out _gp_Adam_GINConv_1e-5 --n_epochs 100
------------------------------------------------------------

Exited with exit code 1.

Resource usage summary:

    CPU time :                                   139.04 sec.
    Max Memory :                                 2 GB
    Average Memory :                             1.45 GB
    Total Requested Memory :                     48.00 GB
    Delta Memory :                               46.00 GB
    Max Swap :                                   -
    Max Processes :                              3
    Max Threads :                                20
    Run time :                                   59 sec.
    Turnaround time :                            59 sec.

The output (if any) follows:

Parameter containing:
tensor(1., device='cuda:0', requires_grad=True)
Parameter containing:
tensor(1.0000, device='cuda:0', requires_grad=True)
Parameter containing:
tensor(1.0000, device='cuda:0', requires_grad=True)
Parameter containing:
tensor(1.0000, device='cuda:0', requires_grad=True)
Parameter containing:
tensor(1.0000, device='cuda:0', requires_grad=True)
Parameter containing:
tensor(0.9999, device='cuda:0', requires_grad=True)
Parameter containing:
tensor(0.9999, device='cuda:0', requires_grad=True)
Parameter containing:
tensor(0.9999, device='cuda:0', requires_grad=True)
Parameter containing:
tensor(0.9999, device='cuda:0', requires_grad=True)
Parameter containing:
tensor(0.9999, device='cuda:0', requires_grad=True)
Parameter containing:
tensor(0.9999, device='cuda:0', requires_grad=True)
Parameter containing:
tensor(0.9999, device='cuda:0', requires_grad=True)
Parameter containing:
tensor(0.9999, device='cuda:0', requires_grad=True)
Parameter containing:
tensor(0.9999, device='cuda:0', requires_grad=True)
Parameter containing:
tensor(0.9999, device='cuda:0', requires_grad=True)
Parameter containing:
tensor(0.9998, device='cuda:0', requires_grad=True)
Parameter containing:
tensor(0.9998, device='cuda:0', requires_grad=True)
Parameter containing:
tensor(0.9998, device='cuda:0', requires_grad=True)
Parameter containing:
tensor(0.9998, device='cuda:0', requires_grad=True)
Parameter containing:
tensor(0.9998, device='cuda:0', requires_grad=True)
Parameter containing:
tensor(0.9998, device='cuda:0', requires_grad=True)
Parameter containing:
tensor(0.9998, device='cuda:0', requires_grad=True)
Parameter containing:
tensor(0.9998, device='cuda:0', requires_grad=True)
Parameter containing:
tensor(0.9998, device='cuda:0', requires_grad=True)
Parameter containing:
tensor(0.9998, device='cuda:0', requires_grad=True)
Parameter containing:
tensor(0.9997, device='cuda:0', requires_grad=True)
Parameter containing:
tensor(0.9997, device='cuda:0', requires_grad=True)
Parameter containing:
tensor(0.9997, device='cuda:0', requires_grad=True)
Parameter containing:
tensor(0.9997, device='cuda:0', requires_grad=True)
Parameter containing:
tensor(0.9997, device='cuda:0', requires_grad=True)
Parameter containing:
tensor(0.9997, device='cuda:0', requires_grad=True)
Parameter containing:
tensor(0.9997, device='cuda:0', requires_grad=True)
Parameter containing:
tensor(0.9997, device='cuda:0', requires_grad=True)
Parameter containing:
tensor(0.9997, device='cuda:0', requires_grad=True)
Parameter containing:
tensor(0.9997, device='cuda:0', requires_grad=True)
Parameter containing:
tensor(0.9996, device='cuda:0', requires_grad=True)
Parameter containing:
tensor(0.9996, device='cuda:0', requires_grad=True)
Parameter containing:
tensor(0.9996, device='cuda:0', requires_grad=True)
Parameter containing:
tensor(0.9996, device='cuda:0', requires_grad=True)
Parameter containing:
tensor(0.9996, device='cuda:0', requires_grad=True)
Parameter containing:
tensor(0.9996, device='cuda:0', requires_grad=True)
Parameter containing:
tensor(0.9996, device='cuda:0', requires_grad=True)
Parameter containing:
tensor(0.9996, device='cuda:0', requires_grad=True)
Parameter containing:
tensor(0.9996, device='cuda:0', requires_grad=True)
Parameter containing:
tensor(0.9995, device='cuda:0', requires_grad=True)
Parameter containing:
tensor(0.9995, device='cuda:0', requires_grad=True)
Parameter containing:
tensor(0.9995, device='cuda:0', requires_grad=True)
Parameter containing:
tensor(0.9995, device='cuda:0', requires_grad=True)
Parameter containing:
tensor(0.9995, device='cuda:0', requires_grad=True)
Parameter containing:
tensor(0.9995, device='cuda:0', requires_grad=True)
Parameter containing:
tensor(0.9995, device='cuda:0', requires_grad=True)
Parameter containing:
tensor(0.9995, device='cuda:0', requires_grad=True)
Parameter containing:
tensor(0.9995, device='cuda:0', requires_grad=True)
Parameter containing:
tensor(0.9994, device='cuda:0', requires_grad=True)
Parameter containing:
tensor(0.9994, device='cuda:0', requires_grad=True)
Parameter containing:
tensor(0.9994, device='cuda:0', requires_grad=True)
Parameter containing:
tensor(0.9994, device='cuda:0', requires_grad=True)
Parameter containing:
tensor(0.9994, device='cuda:0', requires_grad=True)
Parameter containing:
tensor(0.9994, device='cuda:0', requires_grad=True)
Parameter containing:
tensor(0.9994, device='cuda:0', requires_grad=True)
Parameter containing:
tensor(0.9994, device='cuda:0', requires_grad=True)
Parameter containing:
tensor(0.9994, device='cuda:0', requires_grad=True)
Parameter containing:
tensor(0.9993, device='cuda:0', requires_grad=True)
Parameter containing:
tensor(0.9993, device='cuda:0', requires_grad=True)
Parameter containing:
tensor(0.9993, device='cuda:0', requires_grad=True)
Parameter containing:
tensor(0.9993, device='cuda:0', requires_grad=True)
Parameter containing:
tensor(0.9993, device='cuda:0', requires_grad=True)
Parameter containing:
tensor(0.9993, device='cuda:0', requires_grad=True)
Parameter containing:
tensor(0.9993, device='cuda:0', requires_grad=True)
Parameter containing:
tensor(0.9993, device='cuda:0', requires_grad=True)
Parameter containing:
tensor(0.9993, device='cuda:0', requires_grad=True)
Parameter containing:
tensor(0.9992, device='cuda:0', requires_grad=True)
Parameter containing:
tensor(0.9992, device='cuda:0', requires_grad=True)
Parameter containing:
tensor(0.9992, device='cuda:0', requires_grad=True)
Parameter containing:
tensor(0.9992, device='cuda:0', requires_grad=True)
Parameter containing:
tensor(0.9992, device='cuda:0', requires_grad=True)
Parameter containing:
tensor(0.9992, device='cuda:0', requires_grad=True)
Parameter containing:
tensor(0.9992, device='cuda:0', requires_grad=True)
Parameter containing:
tensor(0.9992, device='cuda:0', requires_grad=True)
Parameter containing:
tensor(0.9992, device='cuda:0', requires_grad=True)
Parameter containing:
tensor(0.9991, device='cuda:0', requires_grad=True)
Parameter containing:
tensor(0.9991, device='cuda:0', requires_grad=True)
Parameter containing:
tensor(0.9991, device='cuda:0', requires_grad=True)
Parameter containing:
tensor(0.9991, device='cuda:0', requires_grad=True)
Parameter containing:
tensor(0.9991, device='cuda:0', requires_grad=True)
Parameter containing:
tensor(0.9991, device='cuda:0', requires_grad=True)
Parameter containing:
tensor(0.9991, device='cuda:0', requires_grad=True)
Parameter containing:
tensor(0.9991, device='cuda:0', requires_grad=True)
Parameter containing:
tensor(0.9990, device='cuda:0', requires_grad=True)
Parameter containing:
tensor(0.9990, device='cuda:0', requires_grad=True)
Parameter containing:
tensor(0.9990, device='cuda:0', requires_grad=True)
Parameter containing:
tensor(0.9990, device='cuda:0', requires_grad=True)
Parameter containing:
tensor(0.9990, device='cuda:0', requires_grad=True)
Parameter containing:
tensor(0.9990, device='cuda:0', requires_grad=True)
Parameter containing:
tensor(0.9990, device='cuda:0', requires_grad=True)
Parameter containing:
tensor(0.9990, device='cuda:0', requires_grad=True)
Parameter containing:
tensor(0.9990, device='cuda:0', requires_grad=True)
Parameter containing:
tensor(0.9989, device='cuda:0', requires_grad=True)
Parameter containing:
tensor(0.9989, device='cuda:0', requires_grad=True)
Parameter containing:
tensor(0.9989, device='cuda:0', requires_grad=True)


PS:

Read file <14804819.stderr> for stderr output of this job.

