Sender: LSF System <lsfadmin@lt19>
Subject: Job 15333042: <supervised> in cluster <lila> Done

Job <supervised> was submitted from host <lilac> by user <nguyenm5> in cluster <lila> at Tue Jul 14 11:29:01 2020
Job was executed on host(s) <12*lt19>, in queue <gpuqueue>, as user <nguyenm5> in cluster <lila> at Tue Jul 14 11:29:01 2020
</home/nguyenm5> was used as the home directory.
</home/nguyenm5/coding/pinot> was used as the working directory.
Started at Tue Jul 14 11:29:01 2020
Terminated at Tue Jul 14 15:44:26 2020
Results reported at Tue Jul 14 15:44:26 2020

Your job looked like:

------------------------------------------------------------
# LSBATCH: User input
/home/nguyenm5/anaconda3/envs/pinot/bin/python scripts/active/plotting_active.py --net semi --num_rounds 4 --num_trials 1 --num_epoch 750 --data moonshot --q 96 --acquisition ExpectedImprovement --output_folder /home/nguyenm5/coding/pinot/jul-14-final/active-semi-with-background --index 2 --unlabeled_data moonshot_unlabeled_small
------------------------------------------------------------

Successfully completed.

Resource usage summary:

    CPU time :                                   147230.70 sec.
    Max Memory :                                 2 GB
    Average Memory :                             2.00 GB
    Total Requested Memory :                     192.00 GB
    Delta Memory :                               190.00 GB
    Max Swap :                                   -
    Max Processes :                              3
    Max Threads :                                20
    Run time :                                   15325 sec.
    Turnaround time :                            15325 sec.

The output (if any) follows:

0
Probability of improvement:
tensor([0.5163, 0.5163, 0.5163, 0.5163, 0.5163, 0.5163, 0.5163, 0.5163, 0.5163,
        0.5163, 0.5163, 0.5163, 0.5163, 0.5163, 0.5163, 0.5163, 0.5156, 0.5163,
        0.5163, 0.5163, 0.5163, 0.5163, 0.5163, 0.5163, 0.5163, 0.5163, 0.5163,
        0.5163, 0.5163, 0.5163, 0.5163, 0.5163, 0.5163, 0.5163, 0.5163, 0.5162,
        0.5163, 0.5163, 0.5163, 0.5137, 0.5163, 0.5163, 0.5163, 0.5163, 0.5163,
        0.5163, 0.5163, 0.5163, 0.5163, 0.5163, 0.5163, 0.5163, 0.5163, 0.5163,
        0.5163, 0.5163, 0.5163, 0.5163, 0.5163, 0.5163, 0.5163, 0.5163, 0.5163,
        0.5163, 0.5163, 0.5163, 0.5163, 0.5163, 0.5163, 0.5163, 0.5162, 0.5163,
        0.5163, 0.5163, 0.5163, 0.5163, 0.5163, 0.5163, 0.5163, 0.5163, 0.5163,
        0.5163, 0.5163, 0.5163, 0.5155, 0.5162, 0.5163, 0.5163, 0.5163, 0.5163,
        0.5163, 0.5163, 0.5163, 0.5163, 0.5163, 0.5163, 0.5163, 0.5163, 0.5163,
        0.5163, 0.5163, 0.5163, 0.5163, 0.5163, 0.5163, 0.5163, 0.5163, 0.5163,
        0.5163, 0.5163, 0.5163, 0.5163, 0.5163, 0.5163, 0.5163, 0.5163, 0.5159,
        0.5163, 0.5163, 0.5163, 0.5163, 0.5163, 0.5163, 0.5163, 0.5163, 0.5163,
        0.5163, 0.5163, 0.5163, 0.5163, 0.5163, 0.5157, 0.5163, 0.5163, 0.5163,
        0.5163, 0.5161, 0.5163, 0.5163, 0.5163, 0.5163, 0.5162, 0.5163, 0.5163,
        0.5163, 0.5163, 0.5163, 0.5163, 0.5163, 0.5163, 0.5163, 0.5163, 0.5163,
        0.5163, 0.5163, 0.5163, 0.5163, 0.5163, 0.5163, 0.5163, 0.5163, 0.5163,
        0.5163, 0.5163, 0.5158, 0.5163, 0.5163, 0.5163, 0.5163, 0.5163, 0.5163,
        0.5038, 0.5163, 0.5163, 0.5163, 0.5163, 0.5163, 0.5163, 0.5163, 0.5163,
        0.5163, 0.5163, 0.5163, 0.5163, 0.5163, 0.5163, 0.5163, 0.5163, 0.5163,
        0.5163, 0.5163, 0.5163, 0.5163, 0.5163, 0.5163, 0.5163, 0.5163, 0.5163,
        0.5163, 0.5163, 0.5163, 0.5163, 0.5163, 0.5163, 0.5163, 0.5163, 0.5163,
        0.5163, 0.5163, 0.5163, 0.5163, 0.5163, 0.5163, 0.5163, 0.5163, 0.5163,
        0.5163, 0.5163, 0.5163, 0.5162, 0.5163, 0.5162, 0.5163, 0.5163, 0.5163,
        0.5162, 0.5163, 0.5163, 0.5160, 0.5162, 0.5163, 0.5163, 0.5163, 0.5163,
        0.5163, 0.5163, 0.5163, 0.5163, 0.5163, 0.5163, 0.5163, 0.5163, 0.5163,
        0.5163, 0.5163, 0.5163, 0.5163, 0.5163, 0.5163, 0.5163, 0.5163, 0.5163,
        0.5127, 0.5160, 0.5163, 0.5163, 0.5163, 0.5163, 0.5163, 0.5162, 0.5163,
        0.5163, 0.5163, 0.5163, 0.5163, 0.5163, 0.5163, 0.5163, 0.5163, 0.5163,
        0.5163, 0.5163, 0.5163, 0.5163, 0.5163, 0.5163, 0.5163, 0.5163, 0.5163,
        0.5163, 0.5163, 0.5163, 0.5163, 0.5163, 0.5163, 0.5163, 0.5153, 0.5163,
        0.5163, 0.5163, 0.5163, 0.5163, 0.5163, 0.5163, 0.5159, 0.5163, 0.5163,
        0.5163, 0.5163, 0.5163, 0.5163, 0.5163, 0.5157, 0.5163, 0.5163, 0.5163,
        0.5163, 0.5163, 0.5163, 0.5163, 0.5162, 0.5163, 0.5163, 0.5163, 0.5163,
        0.5163, 0.5163, 0.5162, 0.5163, 0.5147, 0.5163, 0.5163, 0.5163, 0.5163,
        0.5163, 0.5163, 0.5151, 0.5163, 0.5163, 0.5163, 0.5163, 0.5163, 0.5163,
        0.5163, 0.5163, 0.5163, 0.5163, 0.5163, 0.5163, 0.5163, 0.5161, 0.5163,
        0.5163, 0.5163, 0.5154, 0.5163, 0.5163, 0.5163, 0.5163, 0.5163, 0.5163,
        0.5163, 0.5163, 0.5163, 0.5163, 0.5163, 0.5163, 0.5163, 0.5163, 0.5163,
        0.5163, 0.5163, 0.5163, 0.5163, 0.5162, 0.5163, 0.5163, 0.5163, 0.5163,
        0.5163, 0.5163, 0.5163, 0.5163, 0.5163], device='cuda:0',
       grad_fn=<RsubBackward1>)
Max probability of improvement:
tensor(0.5163, device='cuda:0')
That took 15305.22261762619 seconds


PS:

Read file </home/nguyenm5/coding/pinot/jul-14-final/active-semi-with-background/ExpectedImprovement.stderr> for stderr output of this job.

Sender: LSF System <lsfadmin@lt15>
Subject: Job 15333041: <supervised> in cluster <lila> Done

Job <supervised> was submitted from host <lilac> by user <nguyenm5> in cluster <lila> at Tue Jul 14 11:29:01 2020
Job was executed on host(s) <12*lt15>, in queue <gpuqueue>, as user <nguyenm5> in cluster <lila> at Tue Jul 14 11:29:01 2020
</home/nguyenm5> was used as the home directory.
</home/nguyenm5/coding/pinot> was used as the working directory.
Started at Tue Jul 14 11:29:01 2020
Terminated at Tue Jul 14 16:01:07 2020
Results reported at Tue Jul 14 16:01:07 2020

Your job looked like:

------------------------------------------------------------
# LSBATCH: User input
/home/nguyenm5/anaconda3/envs/pinot/bin/python scripts/active/plotting_active.py --net semi --num_rounds 4 --num_trials 1 --num_epoch 750 --data moonshot --q 96 --acquisition ExpectedImprovement --output_folder /home/nguyenm5/coding/pinot/jul-14-final/active-semi-with-background --index 1 --unlabeled_data moonshot_unlabeled_small
------------------------------------------------------------

Successfully completed.

Resource usage summary:

    CPU time :                                   158041.23 sec.
    Max Memory :                                 2 GB
    Average Memory :                             2.00 GB
    Total Requested Memory :                     192.00 GB
    Delta Memory :                               190.00 GB
    Max Swap :                                   -
    Max Processes :                              3
    Max Threads :                                20
    Run time :                                   16326 sec.
    Turnaround time :                            16326 sec.

The output (if any) follows:

0
Probability of improvement:
tensor([0.2127, 0.2132, 0.2127, 0.2127, 0.2127, 0.2127, 0.2161, 0.2127, 0.2127,
        0.2127, 0.2127, 0.2127, 0.2127, 0.2127, 0.2127, 0.2156, 0.2164, 0.2127,
        0.2128, 0.2127, 0.2127, 0.2127, 0.2127, 0.2127, 0.2127, 0.2127, 0.2127,
        0.2127, 0.2127, 0.2127, 0.2127, 0.2127, 0.2127, 0.2127, 0.2182, 0.2163,
        0.2127, 0.2127, 0.2127, 0.2130, 0.2127, 0.2127, 0.2127, 0.2127, 0.2127,
        0.2127, 0.2127, 0.2127, 0.2127, 0.2127, 0.2127, 0.2127, 0.2127, 0.2127,
        0.2127, 0.2127, 0.2127, 0.2131, 0.2128, 0.2127, 0.2127, 0.2206, 0.2127,
        0.2147, 0.2127, 0.2127, 0.2127, 0.2127, 0.2127, 0.2127, 0.2127, 0.2127,
        0.2342, 0.2127, 0.2127, 0.2127, 0.2127, 0.2127, 0.2127, 0.2127, 0.2127,
        0.2127, 0.2127, 0.2136, 0.2152, 0.2127, 0.2232, 0.2127, 0.2127, 0.2127,
        0.2127, 0.2127, 0.2127, 0.2127, 0.2127, 0.2133, 0.2127, 0.2127, 0.2127,
        0.2127, 0.2127, 0.2127, 0.2127, 0.2127, 0.2127, 0.2127, 0.2127, 0.2127,
        0.2127, 0.2129, 0.2129, 0.2128, 0.2232, 0.2127, 0.2127, 0.2127, 0.2138,
        0.2127, 0.2127, 0.2127, 0.2127, 0.2133, 0.2127, 0.2127, 0.2240, 0.2127,
        0.2127, 0.2127, 0.2127, 0.2127, 0.2127, 0.2136, 0.2127, 0.2127, 0.2127,
        0.2129, 0.2142, 0.2127, 0.2127, 0.2127, 0.2128, 0.2127, 0.2127, 0.2127,
        0.2135, 0.2129, 0.2127, 0.2127, 0.2127, 0.2143, 0.2129, 0.2127, 0.2127,
        0.4262, 0.2127, 0.2127, 0.2127, 0.2127, 0.2139, 0.2127, 0.2128, 0.2127,
        0.2127, 0.2127, 0.2127, 0.2127, 0.2127, 0.2127, 0.2127, 0.2127, 0.2127,
        0.2129, 0.2135, 0.2127, 0.2682, 0.2127, 0.2127, 0.2178, 0.2127, 0.2128,
        0.2128, 0.2127, 0.2127, 0.2127, 0.2132, 0.2127, 0.2135, 0.2127, 0.2190,
        0.2127, 0.2127, 0.2127, 0.2127, 0.2129, 0.2127, 0.2165, 0.2127, 0.2127,
        0.2127, 0.2129, 0.2128, 0.2127, 0.2127, 0.2127, 0.2127, 0.3974, 0.2127,
        0.2127, 0.3089, 0.2127, 0.2127, 0.2184, 0.2127, 0.2127, 0.2227, 0.2127,
        0.2127, 0.2127, 0.2127, 0.2127, 0.2127, 0.2127, 0.2127, 0.2127, 0.2127,
        0.2129, 0.2127, 0.2230, 0.2127, 0.2127, 0.2127, 0.2127, 0.2155, 0.2127,
        0.2131, 0.2127, 0.2339, 0.2127, 0.2127, 0.2708, 0.2127, 0.2127, 0.2127,
        0.2127, 0.2127, 0.2127, 0.2127, 0.2130, 0.2127, 0.2135, 0.2127, 0.2176,
        0.2128, 0.2128, 0.2127, 0.2127, 0.2127, 0.2588, 0.2127, 0.2131, 0.2150,
        0.2127, 0.2127, 0.2127, 0.2127, 0.2127, 0.2127, 0.2164, 0.2229, 0.2127,
        0.2127, 0.2127, 0.2130, 0.2127, 0.2127, 0.2127, 0.2127, 0.2127, 0.2127,
        0.2410, 0.2127, 0.2127, 0.2127, 0.2127, 0.2127, 0.2127, 0.2136, 0.2127,
        0.2127, 0.2127, 0.2129, 0.2130, 0.2127, 0.2127, 0.2130, 0.2196, 0.2127,
        0.2127, 0.2127, 0.2127, 0.2127, 0.2130, 0.2127, 0.2127, 0.2127, 0.2127,
        0.2127, 0.2127, 0.2127, 0.2142, 0.2127, 0.2127, 0.2127, 0.2127, 0.2127,
        0.2127, 0.2129, 0.2131, 0.2127, 0.2134, 0.2127, 0.2128, 0.2701, 0.2127,
        0.2127, 0.2127, 0.2142, 0.2127, 0.2127, 0.2127, 0.2127, 0.2217, 0.2127,
        0.2128, 0.2127, 0.2127, 0.2127, 0.2127, 0.2133, 0.2127, 0.2129, 0.2127,
        0.2128, 0.2127, 0.2128, 0.2127, 0.2127, 0.2127, 0.2127, 0.2137, 0.2127,
        0.2127, 0.2127, 0.2128, 0.2127, 0.2127, 0.2127, 0.2127, 0.2127, 0.2129,
        0.2127, 0.2127, 0.2127, 0.2127, 0.2133, 0.2127, 0.2127, 0.2127, 0.2127,
        0.2127, 0.2127, 0.2131, 0.2127, 0.2127], device='cuda:0',
       grad_fn=<RsubBackward1>)
Max probability of improvement:
tensor(0.4262, device='cuda:0')
That took 16302.731444835663 seconds


PS:

Read file </home/nguyenm5/coding/pinot/jul-14-final/active-semi-with-background/ExpectedImprovement.stderr> for stderr output of this job.

Sender: LSF System <lsfadmin@lt19>
Subject: Job 15333043: <supervised> in cluster <lila> Done

Job <supervised> was submitted from host <lilac> by user <nguyenm5> in cluster <lila> at Tue Jul 14 11:29:01 2020
Job was executed on host(s) <12*lt19>, in queue <gpuqueue>, as user <nguyenm5> in cluster <lila> at Tue Jul 14 11:29:01 2020
</home/nguyenm5> was used as the home directory.
</home/nguyenm5/coding/pinot> was used as the working directory.
Started at Tue Jul 14 11:29:01 2020
Terminated at Tue Jul 14 16:29:21 2020
Results reported at Tue Jul 14 16:29:21 2020

Your job looked like:

------------------------------------------------------------
# LSBATCH: User input
/home/nguyenm5/anaconda3/envs/pinot/bin/python scripts/active/plotting_active.py --net semi --num_rounds 4 --num_trials 1 --num_epoch 750 --data moonshot --q 96 --acquisition ExpectedImprovement --output_folder /home/nguyenm5/coding/pinot/jul-14-final/active-semi-with-background --index 3 --unlabeled_data moonshot_unlabeled_small
------------------------------------------------------------

Successfully completed.

Resource usage summary:

    CPU time :                                   178004.66 sec.
    Max Memory :                                 2 GB
    Average Memory :                             2.00 GB
    Total Requested Memory :                     192.00 GB
    Delta Memory :                               190.00 GB
    Max Swap :                                   -
    Max Processes :                              3
    Max Threads :                                20
    Run time :                                   18020 sec.
    Turnaround time :                            18020 sec.

The output (if any) follows:

0
Probability of improvement:
tensor([0.4862, 0.4862, 0.4862, 0.4862, 0.4862, 0.4862, 0.4862, 0.4862, 0.4862,
        0.4862, 0.4862, 0.4862, 0.4862, 0.4862, 0.4862, 0.4862, 0.4862, 0.4862,
        0.4862, 0.4862, 0.4862, 0.4879, 0.4862, 0.4862, 0.4862, 0.4862, 0.4862,
        0.4862, 0.4862, 0.4862, 0.4862, 0.4862, 0.4862, 0.4862, 0.4862, 0.4862,
        0.4862, 0.4862, 0.4862, 0.4862, 0.4862, 0.4873, 0.4862, 0.4862, 0.4862,
        0.4865, 0.4862, 0.4862, 0.4862, 0.4862, 0.4862, 0.4862, 0.4862, 0.4862,
        0.4867, 0.4862, 0.4862, 0.4862, 0.4862, 0.4862, 0.4862, 0.4862, 0.4862,
        0.4862, 0.4862, 0.4862, 0.4862, 0.4862, 0.4862, 0.4862, 0.4862, 0.4862,
        0.4862, 0.4862, 0.4862, 0.4862, 0.4862, 0.4865, 0.4862, 0.4862, 0.4862,
        0.4862, 0.4862, 0.4862, 0.4862, 0.4862, 0.4862, 0.4862, 0.4862, 0.4862,
        0.4862, 0.4862, 0.4862, 0.4862, 0.4862, 0.4862, 0.4862, 0.4862, 0.4862,
        0.4862, 0.4862, 0.4862, 0.4862, 0.4862, 0.4862, 0.4862, 0.4862, 0.4862,
        0.4862, 0.4862, 0.4862, 0.4862, 0.4862, 0.4862, 0.4862, 0.4862, 0.4862,
        0.4862, 0.4862, 0.4862, 0.4862, 0.4862, 0.4863, 0.4862, 0.4862, 0.4862,
        0.4862, 0.4862, 0.4862, 0.4865, 0.4894, 0.4862, 0.4862, 0.4862, 0.4864,
        0.4862, 0.4862, 0.4862, 0.4862, 0.4862, 0.4862, 0.4862, 0.4862, 0.4862,
        0.4862, 0.4862, 0.4862, 0.4862, 0.4862, 0.4862, 0.4862, 0.4864, 0.4862,
        0.4862, 0.4862, 0.4862, 0.4862, 0.4862, 0.4862, 0.4862, 0.4862, 0.4968,
        0.4862, 0.4862, 0.4862, 0.4862, 0.4862, 0.4862, 0.4862, 0.4862, 0.4862,
        0.4862, 0.4862, 0.4862, 0.4862, 0.4862, 0.4862, 0.4862, 0.4862, 0.4862,
        0.4862, 0.4875, 0.4862, 0.4862, 0.4862, 0.4862, 0.4862, 0.4862, 0.4862,
        0.4862, 0.4862, 0.4862, 0.4862, 0.4862, 0.4862, 0.4862, 0.4862, 0.4862,
        0.4862, 0.4862, 0.4862, 0.4862, 0.4862, 0.4862, 0.4862, 0.4862, 0.4862,
        0.4862, 0.4862, 0.4862, 0.4862, 0.4862, 0.4862, 0.4862, 0.4862, 0.4862,
        0.4862, 0.4862, 0.4862, 0.4862, 0.4862, 0.4862, 0.4862, 0.4862, 0.4862,
        0.4862, 0.4862, 0.4862, 0.4862, 0.4862, 0.4862, 0.4862, 0.4862, 0.4862,
        0.4862, 0.4862, 0.4862, 0.4862, 0.4862, 0.4862, 0.4862, 0.4862, 0.4862,
        0.4862, 0.4862, 0.4862, 0.4862, 0.4862, 0.4862, 0.4862, 0.4862, 0.4862,
        0.4862, 0.4862, 0.4862, 0.4862, 0.4862, 0.4862, 0.4862, 0.4862, 0.4862,
        0.4862, 0.4862, 0.4862, 0.4862, 0.4862, 0.4862, 0.4862, 0.4862, 0.4862,
        0.4863, 0.4862, 0.4862, 0.4862, 0.4862, 0.4862, 0.4862, 0.4862, 0.4862,
        0.4862, 0.4862, 0.4862, 0.4862, 0.4862, 0.4862, 0.4862, 0.4862, 0.4862,
        0.4862, 0.4862, 0.4862, 0.4862, 0.4862, 0.4862, 0.4862, 0.4862, 0.4862,
        0.4862, 0.4862, 0.4862, 0.4862, 0.4862, 0.4862, 0.4862, 0.4862, 0.4862,
        0.4862, 0.4862, 0.4862, 0.4862, 0.4862, 0.4862, 0.4862, 0.4862, 0.4862,
        0.4862, 0.4862, 0.4862, 0.4862, 0.4862, 0.4862, 0.4862, 0.4862, 0.4862,
        0.4862, 0.4862, 0.4862, 0.4862, 0.4862, 0.4862, 0.4862, 0.4862, 0.4862,
        0.4862, 0.4862, 0.4862, 0.4862, 0.4862, 0.4862, 0.4862, 0.4862, 0.4870,
        0.4862, 0.4862, 0.4862, 0.4862, 0.4862, 0.4862, 0.4862, 0.4862, 0.4862,
        0.4862, 0.4862, 0.4862, 0.4862, 0.4862, 0.4862, 0.4862, 0.4862, 0.4862,
        0.4862, 0.4862, 0.4862, 0.4862, 0.4862, 0.4862, 0.4862, 0.4862, 0.4862,
        0.4862, 0.4862, 0.4862, 0.4862, 0.4862], device='cuda:0',
       grad_fn=<RsubBackward1>)
Max probability of improvement:
tensor(0.4968, device='cuda:0')
That took 17999.88281559944 seconds


PS:

Read file </home/nguyenm5/coding/pinot/jul-14-final/active-semi-with-background/ExpectedImprovement.stderr> for stderr output of this job.

