Sender: LSF System <lsfadmin@ls11>
Subject: Job 14787102: <_bbb_GraphConv_1e-2> in cluster <lila> Done

Job <_bbb_GraphConv_1e-2> was submitted from host <lt18> by user <wangy1> in cluster <lila> at Mon Jun  1 18:13:49 2020
Job was executed on host(s) <12*ls11>, in queue <gpuqueue>, as user <wangy1> in cluster <lila> at Mon Jun  1 18:13:50 2020
</home/wangy1> was used as the home directory.
</data/chodera/wangyq/pinot/scripts/comparison> was used as the working directory.
Started at Mon Jun  1 18:13:50 2020
Terminated at Mon Jun  1 18:16:28 2020
Results reported at Mon Jun  1 18:16:28 2020

Your job looked like:

------------------------------------------------------------
# LSBATCH: User input
python ../../pinot/app/supervised_train.py --layer GraphConv --optimizer bbb --lr 1e-2 --out _bbb_GraphConv_1e-2 --n_epochs 100
------------------------------------------------------------

Successfully completed.

Resource usage summary:

    CPU time :                                   159.40 sec.
    Max Memory :                                 1 GB
    Average Memory :                             0.96 GB
    Total Requested Memory :                     48.00 GB
    Delta Memory :                               47.00 GB
    Max Swap :                                   -
    Max Processes :                              3
    Max Threads :                                15
    Run time :                                   160 sec.
    Turnaround time :                            159 sec.

The output (if any) follows:



PS:

Read file <14787102.stderr> for stderr output of this job.

