Sender: LSF System <lsfadmin@ls16>
Subject: Job 14836050: <_gp_25> in cluster <lila> Done

Job <_gp_25> was submitted from host <ls14> by user <wangy1> in cluster <lila> at Thu Jun 11 19:30:06 2020
Job was executed on host(s) <12*ls16>, in queue <gpuqueue>, as user <wangy1> in cluster <lila> at Thu Jun 11 19:30:07 2020
</home/wangy1> was used as the home directory.
</data/chodera/wangyq/pinot/scripts/gp_split> was used as the working directory.
Started at Thu Jun 11 19:30:07 2020
Terminated at Thu Jun 11 19:32:50 2020
Results reported at Thu Jun 11 19:32:50 2020

Your job looked like:

------------------------------------------------------------
# LSBATCH: User input
python ../../pinot/app/gp_train.py --layer GraphConv --out _gp_25 --n_epochs 500 --lr 1e-3 --config 32 tanh 32 tanh 32 tanh --lr 1e-3 --partition 25:75
------------------------------------------------------------

Successfully completed.

Resource usage summary:

    CPU time :                                   479.85 sec.
    Max Memory :                                 2 GB
    Average Memory :                             1.88 GB
    Total Requested Memory :                     48.00 GB
    Delta Memory :                               46.00 GB
    Max Swap :                                   -
    Max Processes :                              3
    Max Threads :                                20
    Run time :                                   164 sec.
    Turnaround time :                            164 sec.

The output (if any) follows:

Parameter containing:
tensor(-3., device='cuda:0', requires_grad=True)
Parameter containing:
tensor(-2.9990, device='cuda:0', requires_grad=True)
Parameter containing:
tensor(-2.9980, device='cuda:0', requires_grad=True)
Parameter containing:
tensor(-2.9971, device='cuda:0', requires_grad=True)
Parameter containing:
tensor(-2.9962, device='cuda:0', requires_grad=True)
Parameter containing:
tensor(-2.9953, device='cuda:0', requires_grad=True)
Parameter containing:
tensor(-2.9944, device='cuda:0', requires_grad=True)
Parameter containing:
tensor(-2.9936, device='cuda:0', requires_grad=True)
Parameter containing:
tensor(-2.9928, device='cuda:0', requires_grad=True)
Parameter containing:
tensor(-2.9920, device='cuda:0', requires_grad=True)
Parameter containing:
tensor(-2.9912, device='cuda:0', requires_grad=True)
Parameter containing:
tensor(-2.9905, device='cuda:0', requires_grad=True)
Parameter containing:
tensor(-2.9898, device='cuda:0', requires_grad=True)
Parameter containing:
tensor(-2.9891, device='cuda:0', requires_grad=True)
Parameter containing:
tensor(-2.9884, device='cuda:0', requires_grad=True)
Parameter containing:
tensor(-2.9877, device='cuda:0', requires_grad=True)
Parameter containing:
tensor(-2.9871, device='cuda:0', requires_grad=True)
Parameter containing:
tensor(-2.9864, device='cuda:0', requires_grad=True)
Parameter containing:
tensor(-2.9858, device='cuda:0', requires_grad=True)
Parameter containing:
tensor(-2.9851, device='cuda:0', requires_grad=True)
Parameter containing:
tensor(-2.9845, device='cuda:0', requires_grad=True)
Parameter containing:
tensor(-2.9839, device='cuda:0', requires_grad=True)
Parameter containing:
tensor(-2.9833, device='cuda:0', requires_grad=True)
Parameter containing:
tensor(-2.9827, device='cuda:0', requires_grad=True)
Parameter containing:
tensor(-2.9821, device='cuda:0', requires_grad=True)
Parameter containing:
tensor(-2.9815, device='cuda:0', requires_grad=True)
Parameter containing:
tensor(-2.9810, device='cuda:0', requires_grad=True)
Parameter containing:
tensor(-2.9804, device='cuda:0', requires_grad=True)
Parameter containing:
tensor(-2.9798, device='cuda:0', requires_grad=True)
Parameter containing:
tensor(-2.9792, device='cuda:0', requires_grad=True)
Parameter containing:
tensor(-2.9786, device='cuda:0', requires_grad=True)
Parameter containing:
tensor(-2.9781, device='cuda:0', requires_grad=True)
Parameter containing:
tensor(-2.9775, device='cuda:0', requires_grad=True)
Parameter containing:
tensor(-2.9769, device='cuda:0', requires_grad=True)
Parameter containing:
tensor(-2.9763, device='cuda:0', requires_grad=True)
Parameter containing:
tensor(-2.9758, device='cuda:0', requires_grad=True)
Parameter containing:
tensor(-2.9752, device='cuda:0', requires_grad=True)
Parameter containing:
tensor(-2.9746, device='cuda:0', requires_grad=True)
Parameter containing:
tensor(-2.9740, device='cuda:0', requires_grad=True)
Parameter containing:
tensor(-2.9735, device='cuda:0', requires_grad=True)
Parameter containing:
tensor(-2.9729, device='cuda:0', requires_grad=True)
Parameter containing:
tensor(-2.9723, device='cuda:0', requires_grad=True)
Parameter containing:
tensor(-2.9718, device='cuda:0', requires_grad=True)
Parameter containing:
tensor(-2.9712, device='cuda:0', requires_grad=True)
Parameter containing:
tensor(-2.9706, device='cuda:0', requires_grad=True)
Parameter containing:
tensor(-2.9700, device='cuda:0', requires_grad=True)
Parameter containing:
tensor(-2.9694, device='cuda:0', requires_grad=True)
Parameter containing:
tensor(-2.9688, device='cuda:0', requires_grad=True)
Parameter containing:
tensor(-2.9683, device='cuda:0', requires_grad=True)
Parameter containing:
tensor(-2.9677, device='cuda:0', requires_grad=True)
Parameter containing:
tensor(-2.9671, device='cuda:0', requires_grad=True)
Parameter containing:
tensor(-2.9665, device='cuda:0', requires_grad=True)
Parameter containing:
tensor(-2.9659, device='cuda:0', requires_grad=True)
Parameter containing:
tensor(-2.9654, device='cuda:0', requires_grad=True)
Parameter containing:
tensor(-2.9648, device='cuda:0', requires_grad=True)
Parameter containing:
tensor(-2.9642, device='cuda:0', requires_grad=True)
Parameter containing:
tensor(-2.9636, device='cuda:0', requires_grad=True)
Parameter containing:
tensor(-2.9630, device='cuda:0', requires_grad=True)
Parameter containing:
tensor(-2.9625, device='cuda:0', requires_grad=True)
Parameter containing:
tensor(-2.9619, device='cuda:0', requires_grad=True)
Parameter containing:
tensor(-2.9613, device='cuda:0', requires_grad=True)
Parameter containing:
tensor(-2.9608, device='cuda:0', requires_grad=True)
Parameter containing:
tensor(-2.9602, device='cuda:0', requires_grad=True)
Parameter containing:
tensor(-2.9596, device='cuda:0', requires_grad=True)
Parameter containing:
tensor(-2.9591, device='cuda:0', requires_grad=True)
Parameter containing:
tensor(-2.9585, device='cuda:0', requires_grad=True)
Parameter containing:
tensor(-2.9579, device='cuda:0', requires_grad=True)
Parameter containing:
tensor(-2.9574, device='cuda:0', requires_grad=True)
Parameter containing:
tensor(-2.9568, device='cuda:0', requires_grad=True)
Parameter containing:
tensor(-2.9562, device='cuda:0', requires_grad=True)
Parameter containing:
tensor(-2.9557, device='cuda:0', requires_grad=True)
Parameter containing:
tensor(-2.9551, device='cuda:0', requires_grad=True)
Parameter containing:
tensor(-2.9546, device='cuda:0', requires_grad=True)
Parameter containing:
tensor(-2.9540, device='cuda:0', requires_grad=True)
Parameter containing:
tensor(-2.9535, device='cuda:0', requires_grad=True)
Parameter containing:
tensor(-2.9529, device='cuda:0', requires_grad=True)
Parameter containing:
tensor(-2.9524, device='cuda:0', requires_grad=True)
Parameter containing:
tensor(-2.9518, device='cuda:0', requires_grad=True)
Parameter containing:
tensor(-2.9512, device='cuda:0', requires_grad=True)
Parameter containing:
tensor(-2.9507, device='cuda:0', requires_grad=True)
Parameter containing:
tensor(-2.9501, device='cuda:0', requires_grad=True)
Parameter containing:
tensor(-2.9496, device='cuda:0', requires_grad=True)
Parameter containing:
tensor(-2.9490, device='cuda:0', requires_grad=True)
Parameter containing:
tensor(-2.9485, device='cuda:0', requires_grad=True)
Parameter containing:
tensor(-2.9479, device='cuda:0', requires_grad=True)
Parameter containing:
tensor(-2.9474, device='cuda:0', requires_grad=True)
Parameter containing:
tensor(-2.9468, device='cuda:0', requires_grad=True)
Parameter containing:
tensor(-2.9462, device='cuda:0', requires_grad=True)
Parameter containing:
tensor(-2.9457, device='cuda:0', requires_grad=True)
Parameter containing:
tensor(-2.9451, device='cuda:0', requires_grad=True)
Parameter containing:
tensor(-2.9446, device='cuda:0', requires_grad=True)
Parameter containing:
tensor(-2.9440, device='cuda:0', requires_grad=True)
Parameter containing:
tensor(-2.9435, device='cuda:0', requires_grad=True)
Parameter containing:
tensor(-2.9430, device='cuda:0', requires_grad=True)
Parameter containing:
tensor(-2.9424, device='cuda:0', requires_grad=True)
Parameter containing:
tensor(-2.9419, device='cuda:0', requires_grad=True)
Parameter containing:
tensor(-2.9414, device='cuda:0', requires_grad=True)
Parameter containing:
tensor(-2.9409, device='cuda:0', requires_grad=True)
Parameter containing:
tensor(-2.9404, device='cuda:0', requires_grad=True)
Parameter containing:
tensor(-2.9399, device='cuda:0', requires_grad=True)
Parameter containing:
tensor(-2.9394, device='cuda:0', requires_grad=True)
Parameter containing:
tensor(-2.9389, device='cuda:0', requires_grad=True)
Parameter containing:
tensor(-2.9384, device='cuda:0', requires_grad=True)
Parameter containing:
tensor(-2.9379, device='cuda:0', requires_grad=True)
Parameter containing:
tensor(-2.9374, device='cuda:0', requires_grad=True)
Parameter containing:
tensor(-2.9369, device='cuda:0', requires_grad=True)
Parameter containing:
tensor(-2.9364, device='cuda:0', requires_grad=True)
Parameter containing:
tensor(-2.9359, device='cuda:0', requires_grad=True)
Parameter containing:
tensor(-2.9354, device='cuda:0', requires_grad=True)
Parameter containing:
tensor(-2.9349, device='cuda:0', requires_grad=True)
Parameter containing:
tensor(-2.9343, device='cuda:0', requires_grad=True)
Parameter containing:
tensor(-2.9338, device='cuda:0', requires_grad=True)
Parameter containing:
tensor(-2.9334, device='cuda:0', requires_grad=True)
Parameter containing:
tensor(-2.9329, device='cuda:0', requires_grad=True)
Parameter containing:
tensor(-2.9324, device='cuda:0', requires_grad=True)
Parameter containing:
tensor(-2.9319, device='cuda:0', requires_grad=True)
Parameter containing:
tensor(-2.9314, device='cuda:0', requires_grad=True)
Parameter containing:
tensor(-2.9309, device='cuda:0', requires_grad=True)
Parameter containing:
tensor(-2.9304, device='cuda:0', requires_grad=True)
Parameter containing:
tensor(-2.9299, device='cuda:0', requires_grad=True)
Parameter containing:
tensor(-2.9294, device='cuda:0', requires_grad=True)
Parameter containing:
tensor(-2.9289, device='cuda:0', requires_grad=True)
Parameter containing:
tensor(-2.9284, device='cuda:0', requires_grad=True)
Parameter containing:
tensor(-2.9279, device='cuda:0', requires_grad=True)
Parameter containing:
tensor(-2.9274, device='cuda:0', requires_grad=True)
Parameter containing:
tensor(-2.9269, device='cuda:0', requires_grad=True)
Parameter containing:
tensor(-2.9264, device='cuda:0', requires_grad=True)
Parameter containing:
tensor(-2.9259, device='cuda:0', requires_grad=True)
Parameter containing:
tensor(-2.9255, device='cuda:0', requires_grad=True)
Parameter containing:
tensor(-2.9250, device='cuda:0', requires_grad=True)
Parameter containing:
tensor(-2.9245, device='cuda:0', requires_grad=True)
Parameter containing:
tensor(-2.9240, device='cuda:0', requires_grad=True)
Parameter containing:
tensor(-2.9235, device='cuda:0', requires_grad=True)
Parameter containing:
tensor(-2.9230, device='cuda:0', requires_grad=True)
Parameter containing:
tensor(-2.9225, device='cuda:0', requires_grad=True)
Parameter containing:
tensor(-2.9220, device='cuda:0', requires_grad=True)
Parameter containing:
tensor(-2.9215, device='cuda:0', requires_grad=True)
Parameter containing:
tensor(-2.9210, device='cuda:0', requires_grad=True)
Parameter containing:
tensor(-2.9205, device='cuda:0', requires_grad=True)
Parameter containing:
tensor(-2.9201, device='cuda:0', requires_grad=True)
Parameter containing:
tensor(-2.9196, device='cuda:0', requires_grad=True)
Parameter containing:
tensor(-2.9191, device='cuda:0', requires_grad=True)
Parameter containing:
tensor(-2.9186, device='cuda:0', requires_grad=True)
Parameter containing:
tensor(-2.9181, device='cuda:0', requires_grad=True)
Parameter containing:
tensor(-2.9176, device='cuda:0', requires_grad=True)
Parameter containing:
tensor(-2.9171, device='cuda:0', requires_grad=True)
Parameter containing:
tensor(-2.9166, device='cuda:0', requires_grad=True)
Parameter containing:
tensor(-2.9162, device='cuda:0', requires_grad=True)
Parameter containing:
tensor(-2.9157, device='cuda:0', requires_grad=True)
Parameter containing:
tensor(-2.9152, device='cuda:0', requires_grad=True)
Parameter containing:
tensor(-2.9147, device='cuda:0', requires_grad=True)
Parameter containing:
tensor(-2.9142, device='cuda:0', requires_grad=True)
Parameter containing:
tensor(-2.9138, device='cuda:0', requires_grad=True)
Parameter containing:
tensor(-2.9133, device='cuda:0', requires_grad=True)
Parameter containing:
tensor(-2.9128, device='cuda:0', requires_grad=True)
Parameter containing:
tensor(-2.9124, device='cuda:0', requires_grad=True)
Parameter containing:
tensor(-2.9119, device='cuda:0', requires_grad=True)
Parameter containing:
tensor(-2.9114, device='cuda:0', requires_grad=True)
Parameter containing:
tensor(-2.9109, device='cuda:0', requires_grad=True)
Parameter containing:
tensor(-2.9105, device='cuda:0', requires_grad=True)
Parameter containing:
tensor(-2.9100, device='cuda:0', requires_grad=True)
Parameter containing:
tensor(-2.9095, device='cuda:0', requires_grad=True)
Parameter containing:
tensor(-2.9091, device='cuda:0', requires_grad=True)
Parameter containing:
tensor(-2.9086, device='cuda:0', requires_grad=True)
Parameter containing:
tensor(-2.9081, device='cuda:0', requires_grad=True)
Parameter containing:
tensor(-2.9077, device='cuda:0', requires_grad=True)
Parameter containing:
tensor(-2.9072, device='cuda:0', requires_grad=True)
Parameter containing:
tensor(-2.9067, device='cuda:0', requires_grad=True)
Parameter containing:
tensor(-2.9063, device='cuda:0', requires_grad=True)
Parameter containing:
tensor(-2.9058, device='cuda:0', requires_grad=True)
Parameter containing:
tensor(-2.9053, device='cuda:0', requires_grad=True)
Parameter containing:
tensor(-2.9049, device='cuda:0', requires_grad=True)
Parameter containing:
tensor(-2.9044, device='cuda:0', requires_grad=True)
Parameter containing:
tensor(-2.9040, device='cuda:0', requires_grad=True)
Parameter containing:
tensor(-2.9035, device='cuda:0', requires_grad=True)
Parameter containing:
tensor(-2.9031, device='cuda:0', requires_grad=True)
Parameter containing:
tensor(-2.9026, device='cuda:0', requires_grad=True)
Parameter containing:
tensor(-2.9022, device='cuda:0', requires_grad=True)
Parameter containing:
tensor(-2.9018, device='cuda:0', requires_grad=True)
Parameter containing:
tensor(-2.9013, device='cuda:0', requires_grad=True)
Parameter containing:
tensor(-2.9009, device='cuda:0', requires_grad=True)
Parameter containing:
tensor(-2.9005, device='cuda:0', requires_grad=True)
Parameter containing:
tensor(-2.9000, device='cuda:0', requires_grad=True)
Parameter containing:
tensor(-2.8996, device='cuda:0', requires_grad=True)
Parameter containing:
tensor(-2.8992, device='cuda:0', requires_grad=True)
Parameter containing:
tensor(-2.8988, device='cuda:0', requires_grad=True)
Parameter containing:
tensor(-2.8983, device='cuda:0', requires_grad=True)
Parameter containing:
tensor(-2.8979, device='cuda:0', requires_grad=True)
Parameter containing:
tensor(-2.8975, device='cuda:0', requires_grad=True)
Parameter containing:
tensor(-2.8971, device='cuda:0', requires_grad=True)
Parameter containing:
tensor(-2.8967, device='cuda:0', requires_grad=True)
Parameter containing:
tensor(-2.8963, device='cuda:0', requires_grad=True)
Parameter containing:
tensor(-2.8959, device='cuda:0', requires_grad=True)
Parameter containing:
tensor(-2.8955, device='cuda:0', requires_grad=True)
Parameter containing:
tensor(-2.8951, device='cuda:0', requires_grad=True)
Parameter containing:
tensor(-2.8946, device='cuda:0', requires_grad=True)
Parameter containing:
tensor(-2.8942, device='cuda:0', requires_grad=True)
Parameter containing:
tensor(-2.8938, device='cuda:0', requires_grad=True)
Parameter containing:
tensor(-2.8935, device='cuda:0', requires_grad=True)
Parameter containing:
tensor(-2.8931, device='cuda:0', requires_grad=True)
Parameter containing:
tensor(-2.8927, device='cuda:0', requires_grad=True)
Parameter containing:
tensor(-2.8923, device='cuda:0', requires_grad=True)
Parameter containing:
tensor(-2.8919, device='cuda:0', requires_grad=True)
Parameter containing:
tensor(-2.8915, device='cuda:0', requires_grad=True)
Parameter containing:
tensor(-2.8911, device='cuda:0', requires_grad=True)
Parameter containing:
tensor(-2.8907, device='cuda:0', requires_grad=True)
Parameter containing:
tensor(-2.8903, device='cuda:0', requires_grad=True)
Parameter containing:
tensor(-2.8899, device='cuda:0', requires_grad=True)
Parameter containing:
tensor(-2.8895, device='cuda:0', requires_grad=True)
Parameter containing:
tensor(-2.8891, device='cuda:0', requires_grad=True)
Parameter containing:
tensor(-2.8887, device='cuda:0', requires_grad=True)
Parameter containing:
tensor(-2.8883, device='cuda:0', requires_grad=True)
Parameter containing:
tensor(-2.8879, device='cuda:0', requires_grad=True)
Parameter containing:
tensor(-2.8875, device='cuda:0', requires_grad=True)
Parameter containing:
tensor(-2.8871, device='cuda:0', requires_grad=True)
Parameter containing:
tensor(-2.8867, device='cuda:0', requires_grad=True)
Parameter containing:
tensor(-2.8863, device='cuda:0', requires_grad=True)
Parameter containing:
tensor(-2.8859, device='cuda:0', requires_grad=True)
Parameter containing:
tensor(-2.8855, device='cuda:0', requires_grad=True)
Parameter containing:
tensor(-2.8851, device='cuda:0', requires_grad=True)
Parameter containing:
tensor(-2.8847, device='cuda:0', requires_grad=True)
Parameter containing:
tensor(-2.8843, device='cuda:0', requires_grad=True)
Parameter containing:
tensor(-2.8839, device='cuda:0', requires_grad=True)
Parameter containing:
tensor(-2.8835, device='cuda:0', requires_grad=True)
Parameter containing:
tensor(-2.8832, device='cuda:0', requires_grad=True)
Parameter containing:
tensor(-2.8828, device='cuda:0', requires_grad=True)
Parameter containing:
tensor(-2.8824, device='cuda:0', requires_grad=True)
Parameter containing:
tensor(-2.8820, device='cuda:0', requires_grad=True)
Parameter containing:
tensor(-2.8816, device='cuda:0', requires_grad=True)
Parameter containing:
tensor(-2.8812, device='cuda:0', requires_grad=True)
Parameter containing:
tensor(-2.8808, device='cuda:0', requires_grad=True)
Parameter containing:
tensor(-2.8804, device='cuda:0', requires_grad=True)
Parameter containing:
tensor(-2.8801, device='cuda:0', requires_grad=True)
Parameter containing:
tensor(-2.8797, device='cuda:0', requires_grad=True)
Parameter containing:
tensor(-2.8793, device='cuda:0', requires_grad=True)
Parameter containing:
tensor(-2.8789, device='cuda:0', requires_grad=True)
Parameter containing:
tensor(-2.8785, device='cuda:0', requires_grad=True)
Parameter containing:
tensor(-2.8780, device='cuda:0', requires_grad=True)
Parameter containing:
tensor(-2.8776, device='cuda:0', requires_grad=True)
Parameter containing:
tensor(-2.8771, device='cuda:0', requires_grad=True)
Parameter containing:
tensor(-2.8767, device='cuda:0', requires_grad=True)
Parameter containing:
tensor(-2.8763, device='cuda:0', requires_grad=True)
Parameter containing:
tensor(-2.8758, device='cuda:0', requires_grad=True)
Parameter containing:
tensor(-2.8754, device='cuda:0', requires_grad=True)
Parameter containing:
tensor(-2.8750, device='cuda:0', requires_grad=True)
Parameter containing:
tensor(-2.8746, device='cuda:0', requires_grad=True)
Parameter containing:
tensor(-2.8742, device='cuda:0', requires_grad=True)
Parameter containing:
tensor(-2.8738, device='cuda:0', requires_grad=True)
Parameter containing:
tensor(-2.8734, device='cuda:0', requires_grad=True)
Parameter containing:
tensor(-2.8730, device='cuda:0', requires_grad=True)
Parameter containing:
tensor(-2.8727, device='cuda:0', requires_grad=True)
Parameter containing:
tensor(-2.8723, device='cuda:0', requires_grad=True)
Parameter containing:
tensor(-2.8720, device='cuda:0', requires_grad=True)
Parameter containing:
tensor(-2.8716, device='cuda:0', requires_grad=True)
Parameter containing:
tensor(-2.8713, device='cuda:0', requires_grad=True)
Parameter containing:
tensor(-2.8710, device='cuda:0', requires_grad=True)
Parameter containing:
tensor(-2.8706, device='cuda:0', requires_grad=True)
Parameter containing:
tensor(-2.8703, device='cuda:0', requires_grad=True)
Parameter containing:
tensor(-2.8700, device='cuda:0', requires_grad=True)
Parameter containing:
tensor(-2.8697, device='cuda:0', requires_grad=True)
Parameter containing:
tensor(-2.8694, device='cuda:0', requires_grad=True)
Parameter containing:
tensor(-2.8691, device='cuda:0', requires_grad=True)
Parameter containing:
tensor(-2.8687, device='cuda:0', requires_grad=True)
Parameter containing:
tensor(-2.8684, device='cuda:0', requires_grad=True)
Parameter containing:
tensor(-2.8681, device='cuda:0', requires_grad=True)
Parameter containing:
tensor(-2.8678, device='cuda:0', requires_grad=True)
Parameter containing:
tensor(-2.8675, device='cuda:0', requires_grad=True)
Parameter containing:
tensor(-2.8672, device='cuda:0', requires_grad=True)
Parameter containing:
tensor(-2.8669, device='cuda:0', requires_grad=True)
Parameter containing:
tensor(-2.8666, device='cuda:0', requires_grad=True)
Parameter containing:
tensor(-2.8663, device='cuda:0', requires_grad=True)
Parameter containing:
tensor(-2.8660, device='cuda:0', requires_grad=True)
Parameter containing:
tensor(-2.8657, device='cuda:0', requires_grad=True)
Parameter containing:
tensor(-2.8653, device='cuda:0', requires_grad=True)
Parameter containing:
tensor(-2.8650, device='cuda:0', requires_grad=True)
Parameter containing:
tensor(-2.8646, device='cuda:0', requires_grad=True)
Parameter containing:
tensor(-2.8643, device='cuda:0', requires_grad=True)
Parameter containing:
tensor(-2.8639, device='cuda:0', requires_grad=True)
Parameter containing:
tensor(-2.8636, device='cuda:0', requires_grad=True)
Parameter containing:
tensor(-2.8632, device='cuda:0', requires_grad=True)
Parameter containing:
tensor(-2.8629, device='cuda:0', requires_grad=True)
Parameter containing:
tensor(-2.8625, device='cuda:0', requires_grad=True)
Parameter containing:
tensor(-2.8622, device='cuda:0', requires_grad=True)
Parameter containing:
tensor(-2.8619, device='cuda:0', requires_grad=True)
Parameter containing:
tensor(-2.8615, device='cuda:0', requires_grad=True)
Parameter containing:
tensor(-2.8612, device='cuda:0', requires_grad=True)
Parameter containing:
tensor(-2.8609, device='cuda:0', requires_grad=True)
Parameter containing:
tensor(-2.8606, device='cuda:0', requires_grad=True)
Parameter containing:
tensor(-2.8602, device='cuda:0', requires_grad=True)
Parameter containing:
tensor(-2.8599, device='cuda:0', requires_grad=True)
Parameter containing:
tensor(-2.8596, device='cuda:0', requires_grad=True)
Parameter containing:
tensor(-2.8593, device='cuda:0', requires_grad=True)
Parameter containing:
tensor(-2.8590, device='cuda:0', requires_grad=True)
Parameter containing:
tensor(-2.8587, device='cuda:0', requires_grad=True)
Parameter containing:
tensor(-2.8584, device='cuda:0', requires_grad=True)
Parameter containing:
tensor(-2.8582, device='cuda:0', requires_grad=True)
Parameter containing:
tensor(-2.8579, device='cuda:0', requires_grad=True)
Parameter containing:
tensor(-2.8576, device='cuda:0', requires_grad=True)
Parameter containing:
tensor(-2.8574, device='cuda:0', requires_grad=True)
Parameter containing:
tensor(-2.8571, device='cuda:0', requires_grad=True)
Parameter containing:
tensor(-2.8569, device='cuda:0', requires_grad=True)
Parameter containing:
tensor(-2.8566, device='cuda:0', requires_grad=True)
Parameter containing:
tensor(-2.8564, device='cuda:0', requires_grad=True)
Parameter containing:
tensor(-2.8561, device='cuda:0', requires_grad=True)
Parameter containing:
tensor(-2.8559, device='cuda:0', requires_grad=True)
Parameter containing:
tensor(-2.8556, device='cuda:0', requires_grad=True)
Parameter containing:
tensor(-2.8553, device='cuda:0', requires_grad=True)
Parameter containing:
tensor(-2.8551, device='cuda:0', requires_grad=True)
Parameter containing:
tensor(-2.8548, device='cuda:0', requires_grad=True)
Parameter containing:
tensor(-2.8545, device='cuda:0', requires_grad=True)
Parameter containing:
tensor(-2.8543, device='cuda:0', requires_grad=True)
Parameter containing:
tensor(-2.8540, device='cuda:0', requires_grad=True)
Parameter containing:
tensor(-2.8537, device='cuda:0', requires_grad=True)
Parameter containing:
tensor(-2.8534, device='cuda:0', requires_grad=True)
Parameter containing:
tensor(-2.8531, device='cuda:0', requires_grad=True)
Parameter containing:
tensor(-2.8528, device='cuda:0', requires_grad=True)
Parameter containing:
tensor(-2.8525, device='cuda:0', requires_grad=True)
Parameter containing:
tensor(-2.8522, device='cuda:0', requires_grad=True)
Parameter containing:
tensor(-2.8519, device='cuda:0', requires_grad=True)
Parameter containing:
tensor(-2.8516, device='cuda:0', requires_grad=True)
Parameter containing:
tensor(-2.8513, device='cuda:0', requires_grad=True)
Parameter containing:
tensor(-2.8510, device='cuda:0', requires_grad=True)
Parameter containing:
tensor(-2.8508, device='cuda:0', requires_grad=True)
Parameter containing:
tensor(-2.8505, device='cuda:0', requires_grad=True)
Parameter containing:
tensor(-2.8502, device='cuda:0', requires_grad=True)
Parameter containing:
tensor(-2.8499, device='cuda:0', requires_grad=True)
Parameter containing:
tensor(-2.8497, device='cuda:0', requires_grad=True)
Parameter containing:
tensor(-2.8494, device='cuda:0', requires_grad=True)
Parameter containing:
tensor(-2.8491, device='cuda:0', requires_grad=True)
Parameter containing:
tensor(-2.8488, device='cuda:0', requires_grad=True)
Parameter containing:
tensor(-2.8486, device='cuda:0', requires_grad=True)
Parameter containing:
tensor(-2.8483, device='cuda:0', requires_grad=True)
Parameter containing:
tensor(-2.8481, device='cuda:0', requires_grad=True)
Parameter containing:
tensor(-2.8478, device='cuda:0', requires_grad=True)
Parameter containing:
tensor(-2.8475, device='cuda:0', requires_grad=True)
Parameter containing:
tensor(-2.8473, device='cuda:0', requires_grad=True)
Parameter containing:
tensor(-2.8470, device='cuda:0', requires_grad=True)
Parameter containing:
tensor(-2.8468, device='cuda:0', requires_grad=True)
Parameter containing:
tensor(-2.8465, device='cuda:0', requires_grad=True)
Parameter containing:
tensor(-2.8462, device='cuda:0', requires_grad=True)
Parameter containing:
tensor(-2.8459, device='cuda:0', requires_grad=True)
Parameter containing:
tensor(-2.8457, device='cuda:0', requires_grad=True)
Parameter containing:
tensor(-2.8454, device='cuda:0', requires_grad=True)
Parameter containing:
tensor(-2.8451, device='cuda:0', requires_grad=True)
Parameter containing:
tensor(-2.8448, device='cuda:0', requires_grad=True)
Parameter containing:
tensor(-2.8446, device='cuda:0', requires_grad=True)
Parameter containing:
tensor(-2.8443, device='cuda:0', requires_grad=True)
Parameter containing:
tensor(-2.8440, device='cuda:0', requires_grad=True)
Parameter containing:
tensor(-2.8437, device='cuda:0', requires_grad=True)
Parameter containing:
tensor(-2.8435, device='cuda:0', requires_grad=True)
Parameter containing:
tensor(-2.8432, device='cuda:0', requires_grad=True)
Parameter containing:
tensor(-2.8430, device='cuda:0', requires_grad=True)
Parameter containing:
tensor(-2.8427, device='cuda:0', requires_grad=True)
Parameter containing:
tensor(-2.8425, device='cuda:0', requires_grad=True)
Parameter containing:
tensor(-2.8422, device='cuda:0', requires_grad=True)
Parameter containing:
tensor(-2.8419, device='cuda:0', requires_grad=True)
Parameter containing:
tensor(-2.8417, device='cuda:0', requires_grad=True)
Parameter containing:
tensor(-2.8414, device='cuda:0', requires_grad=True)
Parameter containing:
tensor(-2.8412, device='cuda:0', requires_grad=True)
Parameter containing:
tensor(-2.8409, device='cuda:0', requires_grad=True)
Parameter containing:
tensor(-2.8407, device='cuda:0', requires_grad=True)
Parameter containing:
tensor(-2.8404, device='cuda:0', requires_grad=True)
Parameter containing:
tensor(-2.8401, device='cuda:0', requires_grad=True)
Parameter containing:
tensor(-2.8399, device='cuda:0', requires_grad=True)
Parameter containing:
tensor(-2.8396, device='cuda:0', requires_grad=True)
Parameter containing:
tensor(-2.8394, device='cuda:0', requires_grad=True)
Parameter containing:
tensor(-2.8392, device='cuda:0', requires_grad=True)
Parameter containing:
tensor(-2.8389, device='cuda:0', requires_grad=True)
Parameter containing:
tensor(-2.8387, device='cuda:0', requires_grad=True)
Parameter containing:
tensor(-2.8385, device='cuda:0', requires_grad=True)
Parameter containing:
tensor(-2.8383, device='cuda:0', requires_grad=True)
Parameter containing:
tensor(-2.8380, device='cuda:0', requires_grad=True)
Parameter containing:
tensor(-2.8378, device='cuda:0', requires_grad=True)
Parameter containing:
tensor(-2.8376, device='cuda:0', requires_grad=True)
Parameter containing:
tensor(-2.8374, device='cuda:0', requires_grad=True)
Parameter containing:
tensor(-2.8372, device='cuda:0', requires_grad=True)
Parameter containing:
tensor(-2.8370, device='cuda:0', requires_grad=True)
Parameter containing:
tensor(-2.8368, device='cuda:0', requires_grad=True)
Parameter containing:
tensor(-2.8365, device='cuda:0', requires_grad=True)
Parameter containing:
tensor(-2.8363, device='cuda:0', requires_grad=True)
Parameter containing:
tensor(-2.8361, device='cuda:0', requires_grad=True)
Parameter containing:
tensor(-2.8359, device='cuda:0', requires_grad=True)
Parameter containing:
tensor(-2.8357, device='cuda:0', requires_grad=True)
Parameter containing:
tensor(-2.8355, device='cuda:0', requires_grad=True)
Parameter containing:
tensor(-2.8353, device='cuda:0', requires_grad=True)
Parameter containing:
tensor(-2.8351, device='cuda:0', requires_grad=True)
Parameter containing:
tensor(-2.8349, device='cuda:0', requires_grad=True)
Parameter containing:
tensor(-2.8347, device='cuda:0', requires_grad=True)
Parameter containing:
tensor(-2.8345, device='cuda:0', requires_grad=True)
Parameter containing:
tensor(-2.8343, device='cuda:0', requires_grad=True)
Parameter containing:
tensor(-2.8341, device='cuda:0', requires_grad=True)
Parameter containing:
tensor(-2.8339, device='cuda:0', requires_grad=True)
Parameter containing:
tensor(-2.8337, device='cuda:0', requires_grad=True)
Parameter containing:
tensor(-2.8335, device='cuda:0', requires_grad=True)
Parameter containing:
tensor(-2.8332, device='cuda:0', requires_grad=True)
Parameter containing:
tensor(-2.8330, device='cuda:0', requires_grad=True)
Parameter containing:
tensor(-2.8328, device='cuda:0', requires_grad=True)
Parameter containing:
tensor(-2.8326, device='cuda:0', requires_grad=True)
Parameter containing:
tensor(-2.8323, device='cuda:0', requires_grad=True)
Parameter containing:
tensor(-2.8321, device='cuda:0', requires_grad=True)
Parameter containing:
tensor(-2.8318, device='cuda:0', requires_grad=True)
Parameter containing:
tensor(-2.8316, device='cuda:0', requires_grad=True)
Parameter containing:
tensor(-2.8313, device='cuda:0', requires_grad=True)
Parameter containing:
tensor(-2.8311, device='cuda:0', requires_grad=True)
Parameter containing:
tensor(-2.8309, device='cuda:0', requires_grad=True)
Parameter containing:
tensor(-2.8307, device='cuda:0', requires_grad=True)
Parameter containing:
tensor(-2.8305, device='cuda:0', requires_grad=True)
Parameter containing:
tensor(-2.8303, device='cuda:0', requires_grad=True)
Parameter containing:
tensor(-2.8300, device='cuda:0', requires_grad=True)
Parameter containing:
tensor(-2.8298, device='cuda:0', requires_grad=True)
Parameter containing:
tensor(-2.8296, device='cuda:0', requires_grad=True)
Parameter containing:
tensor(-2.8294, device='cuda:0', requires_grad=True)
Parameter containing:
tensor(-2.8292, device='cuda:0', requires_grad=True)
Parameter containing:
tensor(-2.8289, device='cuda:0', requires_grad=True)
Parameter containing:
tensor(-2.8287, device='cuda:0', requires_grad=True)
Parameter containing:
tensor(-2.8285, device='cuda:0', requires_grad=True)
Parameter containing:
tensor(-2.8283, device='cuda:0', requires_grad=True)
Parameter containing:
tensor(-2.8281, device='cuda:0', requires_grad=True)
Parameter containing:
tensor(-2.8279, device='cuda:0', requires_grad=True)
Parameter containing:
tensor(-2.8277, device='cuda:0', requires_grad=True)
Parameter containing:
tensor(-2.8275, device='cuda:0', requires_grad=True)
Parameter containing:
tensor(-2.8273, device='cuda:0', requires_grad=True)
Parameter containing:
tensor(-2.8271, device='cuda:0', requires_grad=True)
Parameter containing:
tensor(-2.8269, device='cuda:0', requires_grad=True)
Parameter containing:
tensor(-2.8267, device='cuda:0', requires_grad=True)
Parameter containing:
tensor(-2.8266, device='cuda:0', requires_grad=True)
Parameter containing:
tensor(-2.8264, device='cuda:0', requires_grad=True)
Parameter containing:
tensor(-2.8262, device='cuda:0', requires_grad=True)
Parameter containing:
tensor(-2.8260, device='cuda:0', requires_grad=True)
Parameter containing:
tensor(-2.8259, device='cuda:0', requires_grad=True)
Parameter containing:
tensor(-2.8257, device='cuda:0', requires_grad=True)
Parameter containing:
tensor(-2.8256, device='cuda:0', requires_grad=True)
Parameter containing:
tensor(-2.8254, device='cuda:0', requires_grad=True)
Parameter containing:
tensor(-2.8253, device='cuda:0', requires_grad=True)
Parameter containing:
tensor(-2.8252, device='cuda:0', requires_grad=True)
Parameter containing:
tensor(-2.8251, device='cuda:0', requires_grad=True)
Parameter containing:
tensor(-2.8249, device='cuda:0', requires_grad=True)
Parameter containing:
tensor(-2.8248, device='cuda:0', requires_grad=True)
Parameter containing:
tensor(-2.8247, device='cuda:0', requires_grad=True)
Parameter containing:
tensor(-2.8246, device='cuda:0', requires_grad=True)
Parameter containing:
tensor(-2.8244, device='cuda:0', requires_grad=True)
Parameter containing:
tensor(-2.8243, device='cuda:0', requires_grad=True)
Parameter containing:
tensor(-2.8241, device='cuda:0', requires_grad=True)
Parameter containing:
tensor(-2.8240, device='cuda:0', requires_grad=True)
Parameter containing:
tensor(-2.8239, device='cuda:0', requires_grad=True)
Parameter containing:
tensor(-2.8238, device='cuda:0', requires_grad=True)
Parameter containing:
tensor(-2.8237, device='cuda:0', requires_grad=True)
Parameter containing:
tensor(-2.8235, device='cuda:0', requires_grad=True)
Parameter containing:
tensor(-2.8234, device='cuda:0', requires_grad=True)
Parameter containing:
tensor(-2.8233, device='cuda:0', requires_grad=True)
Parameter containing:
tensor(-2.8232, device='cuda:0', requires_grad=True)
Parameter containing:
tensor(-2.8231, device='cuda:0', requires_grad=True)
Parameter containing:
tensor(-2.8229, device='cuda:0', requires_grad=True)
Parameter containing:
tensor(-2.8228, device='cuda:0', requires_grad=True)
Parameter containing:
tensor(-2.8227, device='cuda:0', requires_grad=True)
Parameter containing:
tensor(-2.8225, device='cuda:0', requires_grad=True)
Parameter containing:
tensor(-2.8224, device='cuda:0', requires_grad=True)
Parameter containing:
tensor(-2.8222, device='cuda:0', requires_grad=True)
Parameter containing:
tensor(-2.8220, device='cuda:0', requires_grad=True)
Parameter containing:
tensor(-2.8218, device='cuda:0', requires_grad=True)
Parameter containing:
tensor(-2.8217, device='cuda:0', requires_grad=True)
Parameter containing:
tensor(-2.8215, device='cuda:0', requires_grad=True)
Parameter containing:
tensor(-2.8213, device='cuda:0', requires_grad=True)
Parameter containing:
tensor(-2.8211, device='cuda:0', requires_grad=True)
Parameter containing:
tensor(-2.8209, device='cuda:0', requires_grad=True)
Parameter containing:
tensor(-2.8207, device='cuda:0', requires_grad=True)
Parameter containing:
tensor(-2.8205, device='cuda:0', requires_grad=True)
Parameter containing:
tensor(-2.8204, device='cuda:0', requires_grad=True)
Parameter containing:
tensor(-2.8202, device='cuda:0', requires_grad=True)
Parameter containing:
tensor(-2.8200, device='cuda:0', requires_grad=True)
Parameter containing:
tensor(-2.8199, device='cuda:0', requires_grad=True)
Parameter containing:
tensor(-2.8197, device='cuda:0', requires_grad=True)
Parameter containing:
tensor(-2.8195, device='cuda:0', requires_grad=True)
Parameter containing:
tensor(-2.8194, device='cuda:0', requires_grad=True)
Parameter containing:
tensor(-2.8192, device='cuda:0', requires_grad=True)
Parameter containing:
tensor(-2.8191, device='cuda:0', requires_grad=True)
Parameter containing:
tensor(-2.8190, device='cuda:0', requires_grad=True)
Parameter containing:
tensor(-2.8188, device='cuda:0', requires_grad=True)
Parameter containing:
tensor(-2.8187, device='cuda:0', requires_grad=True)
Parameter containing:
tensor(-2.8186, device='cuda:0', requires_grad=True)
Parameter containing:
tensor(-2.8185, device='cuda:0', requires_grad=True)
Parameter containing:
tensor(-2.8185, device='cuda:0', requires_grad=True)
Parameter containing:
tensor(-2.8184, device='cuda:0', requires_grad=True)
Parameter containing:
tensor(-2.8183, device='cuda:0', requires_grad=True)
Parameter containing:
tensor(-2.8182, device='cuda:0', requires_grad=True)
Parameter containing:
tensor(-2.8181, device='cuda:0', requires_grad=True)
Parameter containing:
tensor(-2.8181, device='cuda:0', requires_grad=True)
Parameter containing:
tensor(-2.8180, device='cuda:0', requires_grad=True)
Parameter containing:
tensor(-2.8180, device='cuda:0', requires_grad=True)
Parameter containing:
tensor(-2.8179, device='cuda:0', requires_grad=True)
Parameter containing:
tensor(-2.8179, device='cuda:0', requires_grad=True)
Parameter containing:
tensor(-2.8178, device='cuda:0', requires_grad=True)
Parameter containing:
tensor(-2.8177, device='cuda:0', requires_grad=True)
Parameter containing:
tensor(-2.8176, device='cuda:0', requires_grad=True)
Parameter containing:
tensor(-2.8176, device='cuda:0', requires_grad=True)
Parameter containing:
tensor(-2.8175, device='cuda:0', requires_grad=True)
Parameter containing:
tensor(-2.8174, device='cuda:0', requires_grad=True)
Parameter containing:
tensor(-2.8173, device='cuda:0', requires_grad=True)
Parameter containing:
tensor(-2.8173, device='cuda:0', requires_grad=True)
Parameter containing:
tensor(-2.8172, device='cuda:0', requires_grad=True)


PS:

Read file <14836050.stderr> for stderr output of this job.

