Sender: LSF System <lsfadmin@lg02>
Subject: Job 14836124: <_gp_99> in cluster <lila> Done

Job <_gp_99> was submitted from host <ls14> by user <wangy1> in cluster <lila> at Thu Jun 11 19:30:09 2020
Job was executed on host(s) <12*lg02>, in queue <gpuqueue>, as user <wangy1> in cluster <lila> at Thu Jun 11 19:30:09 2020
</home/wangy1> was used as the home directory.
</data/chodera/wangyq/pinot/scripts/gp_split> was used as the working directory.
Started at Thu Jun 11 19:30:09 2020
Terminated at Thu Jun 11 19:33:49 2020
Results reported at Thu Jun 11 19:33:49 2020

Your job looked like:

------------------------------------------------------------
# LSBATCH: User input
python ../../pinot/app/gp_train.py --layer GraphConv --out _gp_99 --n_epochs 500 --lr 1e-3 --config 32 tanh 32 tanh 32 tanh --lr 1e-3 --partition 99:1
------------------------------------------------------------

Successfully completed.

Resource usage summary:

    CPU time :                                   952.14 sec.
    Max Memory :                                 2 GB
    Average Memory :                             1.88 GB
    Total Requested Memory :                     48.00 GB
    Delta Memory :                               46.00 GB
    Max Swap :                                   -
    Max Processes :                              3
    Max Threads :                                20
    Run time :                                   220 sec.
    Turnaround time :                            220 sec.

The output (if any) follows:

Parameter containing:
tensor(-3., device='cuda:0', requires_grad=True)
Parameter containing:
tensor(-2.9990, device='cuda:0', requires_grad=True)
Parameter containing:
tensor(-2.9980, device='cuda:0', requires_grad=True)
Parameter containing:
tensor(-2.9971, device='cuda:0', requires_grad=True)
Parameter containing:
tensor(-2.9962, device='cuda:0', requires_grad=True)
Parameter containing:
tensor(-2.9953, device='cuda:0', requires_grad=True)
Parameter containing:
tensor(-2.9944, device='cuda:0', requires_grad=True)
Parameter containing:
tensor(-2.9935, device='cuda:0', requires_grad=True)
Parameter containing:
tensor(-2.9927, device='cuda:0', requires_grad=True)
Parameter containing:
tensor(-2.9918, device='cuda:0', requires_grad=True)
Parameter containing:
tensor(-2.9910, device='cuda:0', requires_grad=True)
Parameter containing:
tensor(-2.9901, device='cuda:0', requires_grad=True)
Parameter containing:
tensor(-2.9893, device='cuda:0', requires_grad=True)
Parameter containing:
tensor(-2.9885, device='cuda:0', requires_grad=True)
Parameter containing:
tensor(-2.9876, device='cuda:0', requires_grad=True)
Parameter containing:
tensor(-2.9868, device='cuda:0', requires_grad=True)
Parameter containing:
tensor(-2.9860, device='cuda:0', requires_grad=True)
Parameter containing:
tensor(-2.9851, device='cuda:0', requires_grad=True)
Parameter containing:
tensor(-2.9843, device='cuda:0', requires_grad=True)
Parameter containing:
tensor(-2.9835, device='cuda:0', requires_grad=True)
Parameter containing:
tensor(-2.9826, device='cuda:0', requires_grad=True)
Parameter containing:
tensor(-2.9818, device='cuda:0', requires_grad=True)
Parameter containing:
tensor(-2.9809, device='cuda:0', requires_grad=True)
Parameter containing:
tensor(-2.9801, device='cuda:0', requires_grad=True)
Parameter containing:
tensor(-2.9792, device='cuda:0', requires_grad=True)
Parameter containing:
tensor(-2.9784, device='cuda:0', requires_grad=True)
Parameter containing:
tensor(-2.9775, device='cuda:0', requires_grad=True)
Parameter containing:
tensor(-2.9767, device='cuda:0', requires_grad=True)
Parameter containing:
tensor(-2.9759, device='cuda:0', requires_grad=True)
Parameter containing:
tensor(-2.9750, device='cuda:0', requires_grad=True)
Parameter containing:
tensor(-2.9741, device='cuda:0', requires_grad=True)
Parameter containing:
tensor(-2.9733, device='cuda:0', requires_grad=True)
Parameter containing:
tensor(-2.9724, device='cuda:0', requires_grad=True)
Parameter containing:
tensor(-2.9716, device='cuda:0', requires_grad=True)
Parameter containing:
tensor(-2.9707, device='cuda:0', requires_grad=True)
Parameter containing:
tensor(-2.9699, device='cuda:0', requires_grad=True)
Parameter containing:
tensor(-2.9690, device='cuda:0', requires_grad=True)
Parameter containing:
tensor(-2.9682, device='cuda:0', requires_grad=True)
Parameter containing:
tensor(-2.9673, device='cuda:0', requires_grad=True)
Parameter containing:
tensor(-2.9664, device='cuda:0', requires_grad=True)
Parameter containing:
tensor(-2.9656, device='cuda:0', requires_grad=True)
Parameter containing:
tensor(-2.9647, device='cuda:0', requires_grad=True)
Parameter containing:
tensor(-2.9639, device='cuda:0', requires_grad=True)
Parameter containing:
tensor(-2.9630, device='cuda:0', requires_grad=True)
Parameter containing:
tensor(-2.9622, device='cuda:0', requires_grad=True)
Parameter containing:
tensor(-2.9613, device='cuda:0', requires_grad=True)
Parameter containing:
tensor(-2.9605, device='cuda:0', requires_grad=True)
Parameter containing:
tensor(-2.9596, device='cuda:0', requires_grad=True)
Parameter containing:
tensor(-2.9588, device='cuda:0', requires_grad=True)
Parameter containing:
tensor(-2.9579, device='cuda:0', requires_grad=True)
Parameter containing:
tensor(-2.9571, device='cuda:0', requires_grad=True)
Parameter containing:
tensor(-2.9563, device='cuda:0', requires_grad=True)
Parameter containing:
tensor(-2.9554, device='cuda:0', requires_grad=True)
Parameter containing:
tensor(-2.9546, device='cuda:0', requires_grad=True)
Parameter containing:
tensor(-2.9537, device='cuda:0', requires_grad=True)
Parameter containing:
tensor(-2.9529, device='cuda:0', requires_grad=True)
Parameter containing:
tensor(-2.9521, device='cuda:0', requires_grad=True)
Parameter containing:
tensor(-2.9512, device='cuda:0', requires_grad=True)
Parameter containing:
tensor(-2.9504, device='cuda:0', requires_grad=True)
Parameter containing:
tensor(-2.9496, device='cuda:0', requires_grad=True)
Parameter containing:
tensor(-2.9488, device='cuda:0', requires_grad=True)
Parameter containing:
tensor(-2.9479, device='cuda:0', requires_grad=True)
Parameter containing:
tensor(-2.9471, device='cuda:0', requires_grad=True)
Parameter containing:
tensor(-2.9463, device='cuda:0', requires_grad=True)
Parameter containing:
tensor(-2.9454, device='cuda:0', requires_grad=True)
Parameter containing:
tensor(-2.9446, device='cuda:0', requires_grad=True)
Parameter containing:
tensor(-2.9438, device='cuda:0', requires_grad=True)
Parameter containing:
tensor(-2.9430, device='cuda:0', requires_grad=True)
Parameter containing:
tensor(-2.9421, device='cuda:0', requires_grad=True)
Parameter containing:
tensor(-2.9413, device='cuda:0', requires_grad=True)
Parameter containing:
tensor(-2.9405, device='cuda:0', requires_grad=True)
Parameter containing:
tensor(-2.9397, device='cuda:0', requires_grad=True)
Parameter containing:
tensor(-2.9388, device='cuda:0', requires_grad=True)
Parameter containing:
tensor(-2.9380, device='cuda:0', requires_grad=True)
Parameter containing:
tensor(-2.9372, device='cuda:0', requires_grad=True)
Parameter containing:
tensor(-2.9364, device='cuda:0', requires_grad=True)
Parameter containing:
tensor(-2.9355, device='cuda:0', requires_grad=True)
Parameter containing:
tensor(-2.9347, device='cuda:0', requires_grad=True)
Parameter containing:
tensor(-2.9339, device='cuda:0', requires_grad=True)
Parameter containing:
tensor(-2.9331, device='cuda:0', requires_grad=True)
Parameter containing:
tensor(-2.9323, device='cuda:0', requires_grad=True)
Parameter containing:
tensor(-2.9314, device='cuda:0', requires_grad=True)
Parameter containing:
tensor(-2.9306, device='cuda:0', requires_grad=True)
Parameter containing:
tensor(-2.9298, device='cuda:0', requires_grad=True)
Parameter containing:
tensor(-2.9290, device='cuda:0', requires_grad=True)
Parameter containing:
tensor(-2.9282, device='cuda:0', requires_grad=True)
Parameter containing:
tensor(-2.9274, device='cuda:0', requires_grad=True)
Parameter containing:
tensor(-2.9265, device='cuda:0', requires_grad=True)
Parameter containing:
tensor(-2.9257, device='cuda:0', requires_grad=True)
Parameter containing:
tensor(-2.9249, device='cuda:0', requires_grad=True)
Parameter containing:
tensor(-2.9241, device='cuda:0', requires_grad=True)
Parameter containing:
tensor(-2.9233, device='cuda:0', requires_grad=True)
Parameter containing:
tensor(-2.9225, device='cuda:0', requires_grad=True)
Parameter containing:
tensor(-2.9216, device='cuda:0', requires_grad=True)
Parameter containing:
tensor(-2.9208, device='cuda:0', requires_grad=True)
Parameter containing:
tensor(-2.9200, device='cuda:0', requires_grad=True)
Parameter containing:
tensor(-2.9192, device='cuda:0', requires_grad=True)
Parameter containing:
tensor(-2.9184, device='cuda:0', requires_grad=True)
Parameter containing:
tensor(-2.9176, device='cuda:0', requires_grad=True)
Parameter containing:
tensor(-2.9168, device='cuda:0', requires_grad=True)
Parameter containing:
tensor(-2.9159, device='cuda:0', requires_grad=True)
Parameter containing:
tensor(-2.9151, device='cuda:0', requires_grad=True)
Parameter containing:
tensor(-2.9143, device='cuda:0', requires_grad=True)
Parameter containing:
tensor(-2.9135, device='cuda:0', requires_grad=True)
Parameter containing:
tensor(-2.9127, device='cuda:0', requires_grad=True)
Parameter containing:
tensor(-2.9119, device='cuda:0', requires_grad=True)
Parameter containing:
tensor(-2.9110, device='cuda:0', requires_grad=True)
Parameter containing:
tensor(-2.9102, device='cuda:0', requires_grad=True)
Parameter containing:
tensor(-2.9094, device='cuda:0', requires_grad=True)
Parameter containing:
tensor(-2.9086, device='cuda:0', requires_grad=True)
Parameter containing:
tensor(-2.9078, device='cuda:0', requires_grad=True)
Parameter containing:
tensor(-2.9070, device='cuda:0', requires_grad=True)
Parameter containing:
tensor(-2.9062, device='cuda:0', requires_grad=True)
Parameter containing:
tensor(-2.9053, device='cuda:0', requires_grad=True)
Parameter containing:
tensor(-2.9045, device='cuda:0', requires_grad=True)
Parameter containing:
tensor(-2.9037, device='cuda:0', requires_grad=True)
Parameter containing:
tensor(-2.9029, device='cuda:0', requires_grad=True)
Parameter containing:
tensor(-2.9021, device='cuda:0', requires_grad=True)
Parameter containing:
tensor(-2.9013, device='cuda:0', requires_grad=True)
Parameter containing:
tensor(-2.9005, device='cuda:0', requires_grad=True)
Parameter containing:
tensor(-2.8996, device='cuda:0', requires_grad=True)
Parameter containing:
tensor(-2.8988, device='cuda:0', requires_grad=True)
Parameter containing:
tensor(-2.8980, device='cuda:0', requires_grad=True)
Parameter containing:
tensor(-2.8972, device='cuda:0', requires_grad=True)
Parameter containing:
tensor(-2.8964, device='cuda:0', requires_grad=True)
Parameter containing:
tensor(-2.8956, device='cuda:0', requires_grad=True)
Parameter containing:
tensor(-2.8948, device='cuda:0', requires_grad=True)
Parameter containing:
tensor(-2.8940, device='cuda:0', requires_grad=True)
Parameter containing:
tensor(-2.8932, device='cuda:0', requires_grad=True)
Parameter containing:
tensor(-2.8924, device='cuda:0', requires_grad=True)
Parameter containing:
tensor(-2.8916, device='cuda:0', requires_grad=True)
Parameter containing:
tensor(-2.8907, device='cuda:0', requires_grad=True)
Parameter containing:
tensor(-2.8899, device='cuda:0', requires_grad=True)
Parameter containing:
tensor(-2.8891, device='cuda:0', requires_grad=True)
Parameter containing:
tensor(-2.8883, device='cuda:0', requires_grad=True)
Parameter containing:
tensor(-2.8875, device='cuda:0', requires_grad=True)
Parameter containing:
tensor(-2.8867, device='cuda:0', requires_grad=True)
Parameter containing:
tensor(-2.8859, device='cuda:0', requires_grad=True)
Parameter containing:
tensor(-2.8851, device='cuda:0', requires_grad=True)
Parameter containing:
tensor(-2.8843, device='cuda:0', requires_grad=True)
Parameter containing:
tensor(-2.8835, device='cuda:0', requires_grad=True)
Parameter containing:
tensor(-2.8827, device='cuda:0', requires_grad=True)
Parameter containing:
tensor(-2.8819, device='cuda:0', requires_grad=True)
Parameter containing:
tensor(-2.8812, device='cuda:0', requires_grad=True)
Parameter containing:
tensor(-2.8804, device='cuda:0', requires_grad=True)
Parameter containing:
tensor(-2.8796, device='cuda:0', requires_grad=True)
Parameter containing:
tensor(-2.8788, device='cuda:0', requires_grad=True)
Parameter containing:
tensor(-2.8780, device='cuda:0', requires_grad=True)
Parameter containing:
tensor(-2.8772, device='cuda:0', requires_grad=True)
Parameter containing:
tensor(-2.8765, device='cuda:0', requires_grad=True)
Parameter containing:
tensor(-2.8757, device='cuda:0', requires_grad=True)
Parameter containing:
tensor(-2.8749, device='cuda:0', requires_grad=True)
Parameter containing:
tensor(-2.8741, device='cuda:0', requires_grad=True)
Parameter containing:
tensor(-2.8733, device='cuda:0', requires_grad=True)
Parameter containing:
tensor(-2.8726, device='cuda:0', requires_grad=True)
Parameter containing:
tensor(-2.8718, device='cuda:0', requires_grad=True)
Parameter containing:
tensor(-2.8710, device='cuda:0', requires_grad=True)
Parameter containing:
tensor(-2.8702, device='cuda:0', requires_grad=True)
Parameter containing:
tensor(-2.8695, device='cuda:0', requires_grad=True)
Parameter containing:
tensor(-2.8687, device='cuda:0', requires_grad=True)
Parameter containing:
tensor(-2.8679, device='cuda:0', requires_grad=True)
Parameter containing:
tensor(-2.8671, device='cuda:0', requires_grad=True)
Parameter containing:
tensor(-2.8664, device='cuda:0', requires_grad=True)
Parameter containing:
tensor(-2.8656, device='cuda:0', requires_grad=True)
Parameter containing:
tensor(-2.8648, device='cuda:0', requires_grad=True)
Parameter containing:
tensor(-2.8641, device='cuda:0', requires_grad=True)
Parameter containing:
tensor(-2.8633, device='cuda:0', requires_grad=True)
Parameter containing:
tensor(-2.8625, device='cuda:0', requires_grad=True)
Parameter containing:
tensor(-2.8617, device='cuda:0', requires_grad=True)
Parameter containing:
tensor(-2.8610, device='cuda:0', requires_grad=True)
Parameter containing:
tensor(-2.8602, device='cuda:0', requires_grad=True)
Parameter containing:
tensor(-2.8594, device='cuda:0', requires_grad=True)
Parameter containing:
tensor(-2.8586, device='cuda:0', requires_grad=True)
Parameter containing:
tensor(-2.8579, device='cuda:0', requires_grad=True)
Parameter containing:
tensor(-2.8571, device='cuda:0', requires_grad=True)
Parameter containing:
tensor(-2.8563, device='cuda:0', requires_grad=True)
Parameter containing:
tensor(-2.8555, device='cuda:0', requires_grad=True)
Parameter containing:
tensor(-2.8548, device='cuda:0', requires_grad=True)
Parameter containing:
tensor(-2.8540, device='cuda:0', requires_grad=True)
Parameter containing:
tensor(-2.8532, device='cuda:0', requires_grad=True)
Parameter containing:
tensor(-2.8524, device='cuda:0', requires_grad=True)
Parameter containing:
tensor(-2.8517, device='cuda:0', requires_grad=True)
Parameter containing:
tensor(-2.8509, device='cuda:0', requires_grad=True)
Parameter containing:
tensor(-2.8501, device='cuda:0', requires_grad=True)
Parameter containing:
tensor(-2.8493, device='cuda:0', requires_grad=True)
Parameter containing:
tensor(-2.8486, device='cuda:0', requires_grad=True)
Parameter containing:
tensor(-2.8478, device='cuda:0', requires_grad=True)
Parameter containing:
tensor(-2.8471, device='cuda:0', requires_grad=True)
Parameter containing:
tensor(-2.8463, device='cuda:0', requires_grad=True)
Parameter containing:
tensor(-2.8455, device='cuda:0', requires_grad=True)
Parameter containing:
tensor(-2.8448, device='cuda:0', requires_grad=True)
Parameter containing:
tensor(-2.8440, device='cuda:0', requires_grad=True)
Parameter containing:
tensor(-2.8432, device='cuda:0', requires_grad=True)
Parameter containing:
tensor(-2.8425, device='cuda:0', requires_grad=True)
Parameter containing:
tensor(-2.8417, device='cuda:0', requires_grad=True)
Parameter containing:
tensor(-2.8409, device='cuda:0', requires_grad=True)
Parameter containing:
tensor(-2.8402, device='cuda:0', requires_grad=True)
Parameter containing:
tensor(-2.8394, device='cuda:0', requires_grad=True)
Parameter containing:
tensor(-2.8387, device='cuda:0', requires_grad=True)
Parameter containing:
tensor(-2.8379, device='cuda:0', requires_grad=True)
Parameter containing:
tensor(-2.8372, device='cuda:0', requires_grad=True)
Parameter containing:
tensor(-2.8364, device='cuda:0', requires_grad=True)
Parameter containing:
tensor(-2.8356, device='cuda:0', requires_grad=True)
Parameter containing:
tensor(-2.8349, device='cuda:0', requires_grad=True)
Parameter containing:
tensor(-2.8341, device='cuda:0', requires_grad=True)
Parameter containing:
tensor(-2.8334, device='cuda:0', requires_grad=True)
Parameter containing:
tensor(-2.8327, device='cuda:0', requires_grad=True)
Parameter containing:
tensor(-2.8319, device='cuda:0', requires_grad=True)
Parameter containing:
tensor(-2.8312, device='cuda:0', requires_grad=True)
Parameter containing:
tensor(-2.8304, device='cuda:0', requires_grad=True)
Parameter containing:
tensor(-2.8297, device='cuda:0', requires_grad=True)
Parameter containing:
tensor(-2.8289, device='cuda:0', requires_grad=True)
Parameter containing:
tensor(-2.8281, device='cuda:0', requires_grad=True)
Parameter containing:
tensor(-2.8274, device='cuda:0', requires_grad=True)
Parameter containing:
tensor(-2.8267, device='cuda:0', requires_grad=True)
Parameter containing:
tensor(-2.8259, device='cuda:0', requires_grad=True)
Parameter containing:
tensor(-2.8252, device='cuda:0', requires_grad=True)
Parameter containing:
tensor(-2.8245, device='cuda:0', requires_grad=True)
Parameter containing:
tensor(-2.8237, device='cuda:0', requires_grad=True)
Parameter containing:
tensor(-2.8230, device='cuda:0', requires_grad=True)
Parameter containing:
tensor(-2.8223, device='cuda:0', requires_grad=True)
Parameter containing:
tensor(-2.8216, device='cuda:0', requires_grad=True)
Parameter containing:
tensor(-2.8208, device='cuda:0', requires_grad=True)
Parameter containing:
tensor(-2.8201, device='cuda:0', requires_grad=True)
Parameter containing:
tensor(-2.8194, device='cuda:0', requires_grad=True)
Parameter containing:
tensor(-2.8186, device='cuda:0', requires_grad=True)
Parameter containing:
tensor(-2.8179, device='cuda:0', requires_grad=True)
Parameter containing:
tensor(-2.8172, device='cuda:0', requires_grad=True)
Parameter containing:
tensor(-2.8164, device='cuda:0', requires_grad=True)
Parameter containing:
tensor(-2.8157, device='cuda:0', requires_grad=True)
Parameter containing:
tensor(-2.8150, device='cuda:0', requires_grad=True)
Parameter containing:
tensor(-2.8142, device='cuda:0', requires_grad=True)
Parameter containing:
tensor(-2.8135, device='cuda:0', requires_grad=True)
Parameter containing:
tensor(-2.8128, device='cuda:0', requires_grad=True)
Parameter containing:
tensor(-2.8120, device='cuda:0', requires_grad=True)
Parameter containing:
tensor(-2.8113, device='cuda:0', requires_grad=True)
Parameter containing:
tensor(-2.8106, device='cuda:0', requires_grad=True)
Parameter containing:
tensor(-2.8098, device='cuda:0', requires_grad=True)
Parameter containing:
tensor(-2.8091, device='cuda:0', requires_grad=True)
Parameter containing:
tensor(-2.8084, device='cuda:0', requires_grad=True)
Parameter containing:
tensor(-2.8077, device='cuda:0', requires_grad=True)
Parameter containing:
tensor(-2.8069, device='cuda:0', requires_grad=True)
Parameter containing:
tensor(-2.8062, device='cuda:0', requires_grad=True)
Parameter containing:
tensor(-2.8055, device='cuda:0', requires_grad=True)
Parameter containing:
tensor(-2.8048, device='cuda:0', requires_grad=True)
Parameter containing:
tensor(-2.8040, device='cuda:0', requires_grad=True)
Parameter containing:
tensor(-2.8033, device='cuda:0', requires_grad=True)
Parameter containing:
tensor(-2.8026, device='cuda:0', requires_grad=True)
Parameter containing:
tensor(-2.8019, device='cuda:0', requires_grad=True)
Parameter containing:
tensor(-2.8011, device='cuda:0', requires_grad=True)
Parameter containing:
tensor(-2.8004, device='cuda:0', requires_grad=True)
Parameter containing:
tensor(-2.7997, device='cuda:0', requires_grad=True)
Parameter containing:
tensor(-2.7990, device='cuda:0', requires_grad=True)
Parameter containing:
tensor(-2.7982, device='cuda:0', requires_grad=True)
Parameter containing:
tensor(-2.7975, device='cuda:0', requires_grad=True)
Parameter containing:
tensor(-2.7968, device='cuda:0', requires_grad=True)
Parameter containing:
tensor(-2.7961, device='cuda:0', requires_grad=True)
Parameter containing:
tensor(-2.7953, device='cuda:0', requires_grad=True)
Parameter containing:
tensor(-2.7946, device='cuda:0', requires_grad=True)
Parameter containing:
tensor(-2.7939, device='cuda:0', requires_grad=True)
Parameter containing:
tensor(-2.7932, device='cuda:0', requires_grad=True)
Parameter containing:
tensor(-2.7925, device='cuda:0', requires_grad=True)
Parameter containing:
tensor(-2.7918, device='cuda:0', requires_grad=True)
Parameter containing:
tensor(-2.7911, device='cuda:0', requires_grad=True)
Parameter containing:
tensor(-2.7904, device='cuda:0', requires_grad=True)
Parameter containing:
tensor(-2.7897, device='cuda:0', requires_grad=True)
Parameter containing:
tensor(-2.7890, device='cuda:0', requires_grad=True)
Parameter containing:
tensor(-2.7883, device='cuda:0', requires_grad=True)
Parameter containing:
tensor(-2.7876, device='cuda:0', requires_grad=True)
Parameter containing:
tensor(-2.7869, device='cuda:0', requires_grad=True)
Parameter containing:
tensor(-2.7863, device='cuda:0', requires_grad=True)
Parameter containing:
tensor(-2.7856, device='cuda:0', requires_grad=True)
Parameter containing:
tensor(-2.7849, device='cuda:0', requires_grad=True)
Parameter containing:
tensor(-2.7842, device='cuda:0', requires_grad=True)
Parameter containing:
tensor(-2.7835, device='cuda:0', requires_grad=True)
Parameter containing:
tensor(-2.7828, device='cuda:0', requires_grad=True)
Parameter containing:
tensor(-2.7821, device='cuda:0', requires_grad=True)
Parameter containing:
tensor(-2.7814, device='cuda:0', requires_grad=True)
Parameter containing:
tensor(-2.7807, device='cuda:0', requires_grad=True)
Parameter containing:
tensor(-2.7800, device='cuda:0', requires_grad=True)
Parameter containing:
tensor(-2.7793, device='cuda:0', requires_grad=True)
Parameter containing:
tensor(-2.7786, device='cuda:0', requires_grad=True)
Parameter containing:
tensor(-2.7779, device='cuda:0', requires_grad=True)
Parameter containing:
tensor(-2.7772, device='cuda:0', requires_grad=True)
Parameter containing:
tensor(-2.7765, device='cuda:0', requires_grad=True)
Parameter containing:
tensor(-2.7758, device='cuda:0', requires_grad=True)
Parameter containing:
tensor(-2.7751, device='cuda:0', requires_grad=True)
Parameter containing:
tensor(-2.7744, device='cuda:0', requires_grad=True)
Parameter containing:
tensor(-2.7737, device='cuda:0', requires_grad=True)
Parameter containing:
tensor(-2.7730, device='cuda:0', requires_grad=True)
Parameter containing:
tensor(-2.7723, device='cuda:0', requires_grad=True)
Parameter containing:
tensor(-2.7716, device='cuda:0', requires_grad=True)
Parameter containing:
tensor(-2.7709, device='cuda:0', requires_grad=True)
Parameter containing:
tensor(-2.7702, device='cuda:0', requires_grad=True)
Parameter containing:
tensor(-2.7695, device='cuda:0', requires_grad=True)
Parameter containing:
tensor(-2.7688, device='cuda:0', requires_grad=True)
Parameter containing:
tensor(-2.7681, device='cuda:0', requires_grad=True)
Parameter containing:
tensor(-2.7674, device='cuda:0', requires_grad=True)
Parameter containing:
tensor(-2.7667, device='cuda:0', requires_grad=True)
Parameter containing:
tensor(-2.7660, device='cuda:0', requires_grad=True)
Parameter containing:
tensor(-2.7653, device='cuda:0', requires_grad=True)
Parameter containing:
tensor(-2.7646, device='cuda:0', requires_grad=True)
Parameter containing:
tensor(-2.7639, device='cuda:0', requires_grad=True)
Parameter containing:
tensor(-2.7632, device='cuda:0', requires_grad=True)
Parameter containing:
tensor(-2.7625, device='cuda:0', requires_grad=True)
Parameter containing:
tensor(-2.7618, device='cuda:0', requires_grad=True)
Parameter containing:
tensor(-2.7611, device='cuda:0', requires_grad=True)
Parameter containing:
tensor(-2.7604, device='cuda:0', requires_grad=True)
Parameter containing:
tensor(-2.7597, device='cuda:0', requires_grad=True)
Parameter containing:
tensor(-2.7590, device='cuda:0', requires_grad=True)
Parameter containing:
tensor(-2.7583, device='cuda:0', requires_grad=True)
Parameter containing:
tensor(-2.7576, device='cuda:0', requires_grad=True)
Parameter containing:
tensor(-2.7569, device='cuda:0', requires_grad=True)
Parameter containing:
tensor(-2.7563, device='cuda:0', requires_grad=True)
Parameter containing:
tensor(-2.7556, device='cuda:0', requires_grad=True)
Parameter containing:
tensor(-2.7549, device='cuda:0', requires_grad=True)
Parameter containing:
tensor(-2.7542, device='cuda:0', requires_grad=True)
Parameter containing:
tensor(-2.7535, device='cuda:0', requires_grad=True)
Parameter containing:
tensor(-2.7529, device='cuda:0', requires_grad=True)
Parameter containing:
tensor(-2.7522, device='cuda:0', requires_grad=True)
Parameter containing:
tensor(-2.7515, device='cuda:0', requires_grad=True)
Parameter containing:
tensor(-2.7508, device='cuda:0', requires_grad=True)
Parameter containing:
tensor(-2.7501, device='cuda:0', requires_grad=True)
Parameter containing:
tensor(-2.7495, device='cuda:0', requires_grad=True)
Parameter containing:
tensor(-2.7488, device='cuda:0', requires_grad=True)
Parameter containing:
tensor(-2.7481, device='cuda:0', requires_grad=True)
Parameter containing:
tensor(-2.7474, device='cuda:0', requires_grad=True)
Parameter containing:
tensor(-2.7468, device='cuda:0', requires_grad=True)
Parameter containing:
tensor(-2.7461, device='cuda:0', requires_grad=True)
Parameter containing:
tensor(-2.7454, device='cuda:0', requires_grad=True)
Parameter containing:
tensor(-2.7447, device='cuda:0', requires_grad=True)
Parameter containing:
tensor(-2.7440, device='cuda:0', requires_grad=True)
Parameter containing:
tensor(-2.7434, device='cuda:0', requires_grad=True)
Parameter containing:
tensor(-2.7427, device='cuda:0', requires_grad=True)
Parameter containing:
tensor(-2.7420, device='cuda:0', requires_grad=True)
Parameter containing:
tensor(-2.7413, device='cuda:0', requires_grad=True)
Parameter containing:
tensor(-2.7407, device='cuda:0', requires_grad=True)
Parameter containing:
tensor(-2.7400, device='cuda:0', requires_grad=True)
Parameter containing:
tensor(-2.7393, device='cuda:0', requires_grad=True)
Parameter containing:
tensor(-2.7386, device='cuda:0', requires_grad=True)
Parameter containing:
tensor(-2.7380, device='cuda:0', requires_grad=True)
Parameter containing:
tensor(-2.7373, device='cuda:0', requires_grad=True)
Parameter containing:
tensor(-2.7366, device='cuda:0', requires_grad=True)
Parameter containing:
tensor(-2.7359, device='cuda:0', requires_grad=True)
Parameter containing:
tensor(-2.7353, device='cuda:0', requires_grad=True)
Parameter containing:
tensor(-2.7346, device='cuda:0', requires_grad=True)
Parameter containing:
tensor(-2.7339, device='cuda:0', requires_grad=True)
Parameter containing:
tensor(-2.7333, device='cuda:0', requires_grad=True)
Parameter containing:
tensor(-2.7326, device='cuda:0', requires_grad=True)
Parameter containing:
tensor(-2.7319, device='cuda:0', requires_grad=True)
Parameter containing:
tensor(-2.7312, device='cuda:0', requires_grad=True)
Parameter containing:
tensor(-2.7306, device='cuda:0', requires_grad=True)
Parameter containing:
tensor(-2.7299, device='cuda:0', requires_grad=True)
Parameter containing:
tensor(-2.7293, device='cuda:0', requires_grad=True)
Parameter containing:
tensor(-2.7286, device='cuda:0', requires_grad=True)
Parameter containing:
tensor(-2.7280, device='cuda:0', requires_grad=True)
Parameter containing:
tensor(-2.7273, device='cuda:0', requires_grad=True)
Parameter containing:
tensor(-2.7266, device='cuda:0', requires_grad=True)
Parameter containing:
tensor(-2.7260, device='cuda:0', requires_grad=True)
Parameter containing:
tensor(-2.7253, device='cuda:0', requires_grad=True)
Parameter containing:
tensor(-2.7247, device='cuda:0', requires_grad=True)
Parameter containing:
tensor(-2.7240, device='cuda:0', requires_grad=True)
Parameter containing:
tensor(-2.7234, device='cuda:0', requires_grad=True)
Parameter containing:
tensor(-2.7228, device='cuda:0', requires_grad=True)
Parameter containing:
tensor(-2.7221, device='cuda:0', requires_grad=True)
Parameter containing:
tensor(-2.7215, device='cuda:0', requires_grad=True)
Parameter containing:
tensor(-2.7208, device='cuda:0', requires_grad=True)
Parameter containing:
tensor(-2.7202, device='cuda:0', requires_grad=True)
Parameter containing:
tensor(-2.7195, device='cuda:0', requires_grad=True)
Parameter containing:
tensor(-2.7189, device='cuda:0', requires_grad=True)
Parameter containing:
tensor(-2.7183, device='cuda:0', requires_grad=True)
Parameter containing:
tensor(-2.7176, device='cuda:0', requires_grad=True)
Parameter containing:
tensor(-2.7170, device='cuda:0', requires_grad=True)
Parameter containing:
tensor(-2.7163, device='cuda:0', requires_grad=True)
Parameter containing:
tensor(-2.7157, device='cuda:0', requires_grad=True)
Parameter containing:
tensor(-2.7151, device='cuda:0', requires_grad=True)
Parameter containing:
tensor(-2.7144, device='cuda:0', requires_grad=True)
Parameter containing:
tensor(-2.7138, device='cuda:0', requires_grad=True)
Parameter containing:
tensor(-2.7131, device='cuda:0', requires_grad=True)
Parameter containing:
tensor(-2.7125, device='cuda:0', requires_grad=True)
Parameter containing:
tensor(-2.7119, device='cuda:0', requires_grad=True)
Parameter containing:
tensor(-2.7112, device='cuda:0', requires_grad=True)
Parameter containing:
tensor(-2.7106, device='cuda:0', requires_grad=True)
Parameter containing:
tensor(-2.7100, device='cuda:0', requires_grad=True)
Parameter containing:
tensor(-2.7093, device='cuda:0', requires_grad=True)
Parameter containing:
tensor(-2.7087, device='cuda:0', requires_grad=True)
Parameter containing:
tensor(-2.7081, device='cuda:0', requires_grad=True)
Parameter containing:
tensor(-2.7074, device='cuda:0', requires_grad=True)
Parameter containing:
tensor(-2.7068, device='cuda:0', requires_grad=True)
Parameter containing:
tensor(-2.7062, device='cuda:0', requires_grad=True)
Parameter containing:
tensor(-2.7055, device='cuda:0', requires_grad=True)
Parameter containing:
tensor(-2.7049, device='cuda:0', requires_grad=True)
Parameter containing:
tensor(-2.7043, device='cuda:0', requires_grad=True)
Parameter containing:
tensor(-2.7037, device='cuda:0', requires_grad=True)
Parameter containing:
tensor(-2.7030, device='cuda:0', requires_grad=True)
Parameter containing:
tensor(-2.7024, device='cuda:0', requires_grad=True)
Parameter containing:
tensor(-2.7018, device='cuda:0', requires_grad=True)
Parameter containing:
tensor(-2.7012, device='cuda:0', requires_grad=True)
Parameter containing:
tensor(-2.7005, device='cuda:0', requires_grad=True)
Parameter containing:
tensor(-2.6999, device='cuda:0', requires_grad=True)
Parameter containing:
tensor(-2.6993, device='cuda:0', requires_grad=True)
Parameter containing:
tensor(-2.6986, device='cuda:0', requires_grad=True)
Parameter containing:
tensor(-2.6980, device='cuda:0', requires_grad=True)
Parameter containing:
tensor(-2.6974, device='cuda:0', requires_grad=True)
Parameter containing:
tensor(-2.6968, device='cuda:0', requires_grad=True)
Parameter containing:
tensor(-2.6962, device='cuda:0', requires_grad=True)
Parameter containing:
tensor(-2.6956, device='cuda:0', requires_grad=True)
Parameter containing:
tensor(-2.6950, device='cuda:0', requires_grad=True)
Parameter containing:
tensor(-2.6944, device='cuda:0', requires_grad=True)
Parameter containing:
tensor(-2.6938, device='cuda:0', requires_grad=True)
Parameter containing:
tensor(-2.6931, device='cuda:0', requires_grad=True)
Parameter containing:
tensor(-2.6925, device='cuda:0', requires_grad=True)
Parameter containing:
tensor(-2.6919, device='cuda:0', requires_grad=True)
Parameter containing:
tensor(-2.6913, device='cuda:0', requires_grad=True)
Parameter containing:
tensor(-2.6907, device='cuda:0', requires_grad=True)
Parameter containing:
tensor(-2.6901, device='cuda:0', requires_grad=True)
Parameter containing:
tensor(-2.6895, device='cuda:0', requires_grad=True)
Parameter containing:
tensor(-2.6889, device='cuda:0', requires_grad=True)
Parameter containing:
tensor(-2.6883, device='cuda:0', requires_grad=True)
Parameter containing:
tensor(-2.6876, device='cuda:0', requires_grad=True)
Parameter containing:
tensor(-2.6870, device='cuda:0', requires_grad=True)
Parameter containing:
tensor(-2.6864, device='cuda:0', requires_grad=True)
Parameter containing:
tensor(-2.6858, device='cuda:0', requires_grad=True)
Parameter containing:
tensor(-2.6852, device='cuda:0', requires_grad=True)
Parameter containing:
tensor(-2.6846, device='cuda:0', requires_grad=True)
Parameter containing:
tensor(-2.6840, device='cuda:0', requires_grad=True)
Parameter containing:
tensor(-2.6834, device='cuda:0', requires_grad=True)
Parameter containing:
tensor(-2.6828, device='cuda:0', requires_grad=True)
Parameter containing:
tensor(-2.6822, device='cuda:0', requires_grad=True)
Parameter containing:
tensor(-2.6816, device='cuda:0', requires_grad=True)
Parameter containing:
tensor(-2.6810, device='cuda:0', requires_grad=True)
Parameter containing:
tensor(-2.6804, device='cuda:0', requires_grad=True)
Parameter containing:
tensor(-2.6798, device='cuda:0', requires_grad=True)
Parameter containing:
tensor(-2.6792, device='cuda:0', requires_grad=True)
Parameter containing:
tensor(-2.6786, device='cuda:0', requires_grad=True)
Parameter containing:
tensor(-2.6780, device='cuda:0', requires_grad=True)
Parameter containing:
tensor(-2.6774, device='cuda:0', requires_grad=True)
Parameter containing:
tensor(-2.6768, device='cuda:0', requires_grad=True)
Parameter containing:
tensor(-2.6762, device='cuda:0', requires_grad=True)
Parameter containing:
tensor(-2.6756, device='cuda:0', requires_grad=True)
Parameter containing:
tensor(-2.6750, device='cuda:0', requires_grad=True)
Parameter containing:
tensor(-2.6745, device='cuda:0', requires_grad=True)
Parameter containing:
tensor(-2.6739, device='cuda:0', requires_grad=True)
Parameter containing:
tensor(-2.6733, device='cuda:0', requires_grad=True)
Parameter containing:
tensor(-2.6727, device='cuda:0', requires_grad=True)
Parameter containing:
tensor(-2.6721, device='cuda:0', requires_grad=True)
Parameter containing:
tensor(-2.6715, device='cuda:0', requires_grad=True)
Parameter containing:
tensor(-2.6709, device='cuda:0', requires_grad=True)
Parameter containing:
tensor(-2.6704, device='cuda:0', requires_grad=True)
Parameter containing:
tensor(-2.6698, device='cuda:0', requires_grad=True)
Parameter containing:
tensor(-2.6692, device='cuda:0', requires_grad=True)
Parameter containing:
tensor(-2.6686, device='cuda:0', requires_grad=True)
Parameter containing:
tensor(-2.6680, device='cuda:0', requires_grad=True)
Parameter containing:
tensor(-2.6674, device='cuda:0', requires_grad=True)
Parameter containing:
tensor(-2.6668, device='cuda:0', requires_grad=True)
Parameter containing:
tensor(-2.6663, device='cuda:0', requires_grad=True)
Parameter containing:
tensor(-2.6657, device='cuda:0', requires_grad=True)
Parameter containing:
tensor(-2.6651, device='cuda:0', requires_grad=True)
Parameter containing:
tensor(-2.6646, device='cuda:0', requires_grad=True)
Parameter containing:
tensor(-2.6640, device='cuda:0', requires_grad=True)
Parameter containing:
tensor(-2.6635, device='cuda:0', requires_grad=True)
Parameter containing:
tensor(-2.6629, device='cuda:0', requires_grad=True)
Parameter containing:
tensor(-2.6624, device='cuda:0', requires_grad=True)
Parameter containing:
tensor(-2.6618, device='cuda:0', requires_grad=True)
Parameter containing:
tensor(-2.6613, device='cuda:0', requires_grad=True)
Parameter containing:
tensor(-2.6607, device='cuda:0', requires_grad=True)
Parameter containing:
tensor(-2.6601, device='cuda:0', requires_grad=True)
Parameter containing:
tensor(-2.6596, device='cuda:0', requires_grad=True)
Parameter containing:
tensor(-2.6590, device='cuda:0', requires_grad=True)
Parameter containing:
tensor(-2.6584, device='cuda:0', requires_grad=True)
Parameter containing:
tensor(-2.6579, device='cuda:0', requires_grad=True)
Parameter containing:
tensor(-2.6573, device='cuda:0', requires_grad=True)
Parameter containing:
tensor(-2.6568, device='cuda:0', requires_grad=True)
Parameter containing:
tensor(-2.6563, device='cuda:0', requires_grad=True)
Parameter containing:
tensor(-2.6558, device='cuda:0', requires_grad=True)
Parameter containing:
tensor(-2.6552, device='cuda:0', requires_grad=True)
Parameter containing:
tensor(-2.6547, device='cuda:0', requires_grad=True)
Parameter containing:
tensor(-2.6542, device='cuda:0', requires_grad=True)
Parameter containing:
tensor(-2.6537, device='cuda:0', requires_grad=True)
Parameter containing:
tensor(-2.6533, device='cuda:0', requires_grad=True)
Parameter containing:
tensor(-2.6528, device='cuda:0', requires_grad=True)
Parameter containing:
tensor(-2.6523, device='cuda:0', requires_grad=True)
Parameter containing:
tensor(-2.6518, device='cuda:0', requires_grad=True)
Parameter containing:
tensor(-2.6513, device='cuda:0', requires_grad=True)
Parameter containing:
tensor(-2.6508, device='cuda:0', requires_grad=True)
Parameter containing:
tensor(-2.6503, device='cuda:0', requires_grad=True)
Parameter containing:
tensor(-2.6498, device='cuda:0', requires_grad=True)
Parameter containing:
tensor(-2.6493, device='cuda:0', requires_grad=True)
Parameter containing:
tensor(-2.6488, device='cuda:0', requires_grad=True)
Parameter containing:
tensor(-2.6483, device='cuda:0', requires_grad=True)
Parameter containing:
tensor(-2.6478, device='cuda:0', requires_grad=True)
Parameter containing:
tensor(-2.6473, device='cuda:0', requires_grad=True)
Parameter containing:
tensor(-2.6468, device='cuda:0', requires_grad=True)
Parameter containing:
tensor(-2.6463, device='cuda:0', requires_grad=True)
Parameter containing:
tensor(-2.6458, device='cuda:0', requires_grad=True)
Parameter containing:
tensor(-2.6453, device='cuda:0', requires_grad=True)
Parameter containing:
tensor(-2.6448, device='cuda:0', requires_grad=True)
Parameter containing:
tensor(-2.6443, device='cuda:0', requires_grad=True)
Parameter containing:
tensor(-2.6438, device='cuda:0', requires_grad=True)
Parameter containing:
tensor(-2.6432, device='cuda:0', requires_grad=True)


PS:

Read file <14836124.stderr> for stderr output of this job.

