Sender: LSF System <lsfadmin@ls10>
Subject: Job 14805067: <_gp_SGD_EdgeConv_1e-3> in cluster <lila> Exited

Job <_gp_SGD_EdgeConv_1e-3> was submitted from host <lx12> by user <wangy1> in cluster <lila> at Mon Jun  8 14:37:09 2020
Job was executed on host(s) <12*ls10>, in queue <gpuqueue>, as user <wangy1> in cluster <lila> at Mon Jun  8 14:37:10 2020
</home/wangy1> was used as the home directory.
</data/chodera/wangyq/pinot/scripts/gp_comparison> was used as the working directory.
Started at Mon Jun  8 14:37:10 2020
Terminated at Mon Jun  8 15:08:46 2020
Results reported at Mon Jun  8 15:08:46 2020

Your job looked like:

------------------------------------------------------------
# LSBATCH: User input
python ../../pinot/app/gp_train.py --layer EdgeConv --optimizer SGD --lr 1e-3 --out _gp_SGD_EdgeConv_1e-3 --n_epochs 100
------------------------------------------------------------

TERM_RUNLIMIT: job killed after reaching LSF run time limit.
Exited with exit code 140.

Resource usage summary:

    CPU time :                                   10.75 sec.
    Max Memory :                                 1 GB
    Average Memory :                             0.64 GB
    Total Requested Memory :                     48.00 GB
    Delta Memory :                               47.00 GB
    Max Swap :                                   -
    Max Processes :                              3
    Max Threads :                                15
    Run time :                                   1878 sec.
    Turnaround time :                            1897 sec.

The output (if any) follows:



PS:

Read file <14805067.stderr> for stderr output of this job.

