Sender: LSF System <lsfadmin@lu02>
Subject: Job 14799455: <_bbb_GINConv_1e-4> in cluster <lila> Done

Job <_bbb_GINConv_1e-4> was submitted from host <lx12> by user <wangy1> in cluster <lila> at Fri Jun  5 13:41:27 2020
Job was executed on host(s) <12*lu02>, in queue <gpuqueue>, as user <wangy1> in cluster <lila> at Fri Jun  5 13:46:22 2020
</home/wangy1> was used as the home directory.
</data/chodera/wangyq/pinot/scripts/comparison> was used as the working directory.
Started at Fri Jun  5 13:46:22 2020
Terminated at Fri Jun  5 14:33:31 2020
Results reported at Fri Jun  5 14:33:31 2020

Your job looked like:

------------------------------------------------------------
# LSBATCH: User input
python ../../pinot/app/supervised_train.py --layer GINConv --optimizer bbb --lr 1e-4 --out _bbb_GINConv_1e-4 --n_epochs 1000
------------------------------------------------------------

Successfully completed.

Resource usage summary:

    CPU time :                                   3546.28 sec.
    Max Memory :                                 2 GB
    Average Memory :                             2.00 GB
    Total Requested Memory :                     48.00 GB
    Delta Memory :                               46.00 GB
    Max Swap :                                   -
    Max Processes :                              3
    Max Threads :                                20
    Run time :                                   2829 sec.
    Turnaround time :                            3124 sec.

The output (if any) follows:



PS:

Read file <14799455.stderr> for stderr output of this job.

