Sender: LSF System <lsfadmin@lt13>
Subject: Job 14804834: <_gp_SGD_SAGEConv_1e-5> in cluster <lila> Done

Job <_gp_SGD_SAGEConv_1e-5> was submitted from host <lx12> by user <wangy1> in cluster <lila> at Mon Jun  8 12:41:51 2020
Job was executed on host(s) <12*lt13>, in queue <gpuqueue>, as user <wangy1> in cluster <lila> at Mon Jun  8 12:41:51 2020
</home/wangy1> was used as the home directory.
</data/chodera/wangyq/pinot/scripts/gp_comparison> was used as the working directory.
Started at Mon Jun  8 12:41:51 2020
Terminated at Mon Jun  8 12:42:40 2020
Results reported at Mon Jun  8 12:42:40 2020

Your job looked like:

------------------------------------------------------------
# LSBATCH: User input
python ../../pinot/app/gp_train.py --layer SAGEConv --optimizer SGD --lr 1e-5 --out _gp_SGD_SAGEConv_1e-5 --n_epochs 100
------------------------------------------------------------

Successfully completed.

Resource usage summary:

    CPU time :                                   142.54 sec.
    Max Memory :                                 2 GB
    Average Memory :                             1.56 GB
    Total Requested Memory :                     48.00 GB
    Delta Memory :                               46.00 GB
    Max Swap :                                   -
    Max Processes :                              3
    Max Threads :                                20
    Run time :                                   50 sec.
    Turnaround time :                            49 sec.

The output (if any) follows:

Parameter containing:
tensor(1., device='cuda:0', requires_grad=True)
Parameter containing:
tensor(0.9989, device='cuda:0', requires_grad=True)
Parameter containing:
tensor(0.9959, device='cuda:0', requires_grad=True)
Parameter containing:
tensor(0.9923, device='cuda:0', requires_grad=True)
Parameter containing:
tensor(0.9883, device='cuda:0', requires_grad=True)
Parameter containing:
tensor(0.9844, device='cuda:0', requires_grad=True)
Parameter containing:
tensor(0.9804, device='cuda:0', requires_grad=True)
Parameter containing:
tensor(0.9763, device='cuda:0', requires_grad=True)
Parameter containing:
tensor(0.9722, device='cuda:0', requires_grad=True)
Parameter containing:
tensor(0.9679, device='cuda:0', requires_grad=True)
Parameter containing:
tensor(0.9636, device='cuda:0', requires_grad=True)
Parameter containing:
tensor(0.9593, device='cuda:0', requires_grad=True)
Parameter containing:
tensor(0.9550, device='cuda:0', requires_grad=True)
Parameter containing:
tensor(0.9507, device='cuda:0', requires_grad=True)
Parameter containing:
tensor(0.9464, device='cuda:0', requires_grad=True)
Parameter containing:
tensor(0.9421, device='cuda:0', requires_grad=True)
Parameter containing:
tensor(0.9378, device='cuda:0', requires_grad=True)
Parameter containing:
tensor(0.9335, device='cuda:0', requires_grad=True)
Parameter containing:
tensor(0.9292, device='cuda:0', requires_grad=True)
Parameter containing:
tensor(0.9249, device='cuda:0', requires_grad=True)
Parameter containing:
tensor(0.9207, device='cuda:0', requires_grad=True)
Parameter containing:
tensor(0.9164, device='cuda:0', requires_grad=True)
Parameter containing:
tensor(0.9121, device='cuda:0', requires_grad=True)
Parameter containing:
tensor(0.9078, device='cuda:0', requires_grad=True)
Parameter containing:
tensor(0.9036, device='cuda:0', requires_grad=True)
Parameter containing:
tensor(0.8994, device='cuda:0', requires_grad=True)
Parameter containing:
tensor(0.8951, device='cuda:0', requires_grad=True)
Parameter containing:
tensor(0.8909, device='cuda:0', requires_grad=True)
Parameter containing:
tensor(0.8867, device='cuda:0', requires_grad=True)
Parameter containing:
tensor(0.8825, device='cuda:0', requires_grad=True)
Parameter containing:
tensor(0.8783, device='cuda:0', requires_grad=True)
Parameter containing:
tensor(0.8742, device='cuda:0', requires_grad=True)
Parameter containing:
tensor(0.8700, device='cuda:0', requires_grad=True)
Parameter containing:
tensor(0.8659, device='cuda:0', requires_grad=True)
Parameter containing:
tensor(0.8617, device='cuda:0', requires_grad=True)
Parameter containing:
tensor(0.8576, device='cuda:0', requires_grad=True)
Parameter containing:
tensor(0.8535, device='cuda:0', requires_grad=True)
Parameter containing:
tensor(0.8494, device='cuda:0', requires_grad=True)
Parameter containing:
tensor(0.8454, device='cuda:0', requires_grad=True)
Parameter containing:
tensor(0.8413, device='cuda:0', requires_grad=True)
Parameter containing:
tensor(0.8373, device='cuda:0', requires_grad=True)
Parameter containing:
tensor(0.8333, device='cuda:0', requires_grad=True)
Parameter containing:
tensor(0.8293, device='cuda:0', requires_grad=True)
Parameter containing:
tensor(0.8253, device='cuda:0', requires_grad=True)
Parameter containing:
tensor(0.8213, device='cuda:0', requires_grad=True)
Parameter containing:
tensor(0.8173, device='cuda:0', requires_grad=True)
Parameter containing:
tensor(0.8134, device='cuda:0', requires_grad=True)
Parameter containing:
tensor(0.8094, device='cuda:0', requires_grad=True)
Parameter containing:
tensor(0.8055, device='cuda:0', requires_grad=True)
Parameter containing:
tensor(0.8016, device='cuda:0', requires_grad=True)
Parameter containing:
tensor(0.7977, device='cuda:0', requires_grad=True)
Parameter containing:
tensor(0.7938, device='cuda:0', requires_grad=True)
Parameter containing:
tensor(0.7899, device='cuda:0', requires_grad=True)
Parameter containing:
tensor(0.7860, device='cuda:0', requires_grad=True)
Parameter containing:
tensor(0.7822, device='cuda:0', requires_grad=True)
Parameter containing:
tensor(0.7783, device='cuda:0', requires_grad=True)
Parameter containing:
tensor(0.7745, device='cuda:0', requires_grad=True)
Parameter containing:
tensor(0.7707, device='cuda:0', requires_grad=True)
Parameter containing:
tensor(0.7669, device='cuda:0', requires_grad=True)
Parameter containing:
tensor(0.7631, device='cuda:0', requires_grad=True)
Parameter containing:
tensor(0.7594, device='cuda:0', requires_grad=True)
Parameter containing:
tensor(0.7556, device='cuda:0', requires_grad=True)
Parameter containing:
tensor(0.7519, device='cuda:0', requires_grad=True)
Parameter containing:
tensor(0.7481, device='cuda:0', requires_grad=True)
Parameter containing:
tensor(0.7444, device='cuda:0', requires_grad=True)
Parameter containing:
tensor(0.7407, device='cuda:0', requires_grad=True)
Parameter containing:
tensor(0.7370, device='cuda:0', requires_grad=True)
Parameter containing:
tensor(0.7334, device='cuda:0', requires_grad=True)
Parameter containing:
tensor(0.7297, device='cuda:0', requires_grad=True)
Parameter containing:
tensor(0.7260, device='cuda:0', requires_grad=True)
Parameter containing:
tensor(0.7224, device='cuda:0', requires_grad=True)
Parameter containing:
tensor(0.7188, device='cuda:0', requires_grad=True)
Parameter containing:
tensor(0.7152, device='cuda:0', requires_grad=True)
Parameter containing:
tensor(0.7116, device='cuda:0', requires_grad=True)
Parameter containing:
tensor(0.7080, device='cuda:0', requires_grad=True)
Parameter containing:
tensor(0.7044, device='cuda:0', requires_grad=True)
Parameter containing:
tensor(0.7008, device='cuda:0', requires_grad=True)
Parameter containing:
tensor(0.6973, device='cuda:0', requires_grad=True)
Parameter containing:
tensor(0.6938, device='cuda:0', requires_grad=True)
Parameter containing:
tensor(0.6902, device='cuda:0', requires_grad=True)
Parameter containing:
tensor(0.6867, device='cuda:0', requires_grad=True)
Parameter containing:
tensor(0.6832, device='cuda:0', requires_grad=True)
Parameter containing:
tensor(0.6797, device='cuda:0', requires_grad=True)
Parameter containing:
tensor(0.6763, device='cuda:0', requires_grad=True)
Parameter containing:
tensor(0.6728, device='cuda:0', requires_grad=True)
Parameter containing:
tensor(0.6693, device='cuda:0', requires_grad=True)
Parameter containing:
tensor(0.6659, device='cuda:0', requires_grad=True)
Parameter containing:
tensor(0.6625, device='cuda:0', requires_grad=True)
Parameter containing:
tensor(0.6590, device='cuda:0', requires_grad=True)
Parameter containing:
tensor(0.6556, device='cuda:0', requires_grad=True)
Parameter containing:
tensor(0.6523, device='cuda:0', requires_grad=True)
Parameter containing:
tensor(0.6489, device='cuda:0', requires_grad=True)
Parameter containing:
tensor(0.6455, device='cuda:0', requires_grad=True)
Parameter containing:
tensor(0.6421, device='cuda:0', requires_grad=True)
Parameter containing:
tensor(0.6388, device='cuda:0', requires_grad=True)
Parameter containing:
tensor(0.6355, device='cuda:0', requires_grad=True)
Parameter containing:
tensor(0.6321, device='cuda:0', requires_grad=True)
Parameter containing:
tensor(0.6288, device='cuda:0', requires_grad=True)
Parameter containing:
tensor(0.6255, device='cuda:0', requires_grad=True)
Parameter containing:
tensor(0.6222, device='cuda:0', requires_grad=True)


PS:

Read file <14804834.stderr> for stderr output of this job.

