Sender: LSF System <lsfadmin@lt10>
Subject: Job 14745316: <python run_grid.py> in cluster <lila> Done

Job <python run_grid.py> was submitted from host <lilac> by user <wangy1> in cluster <lila> at Sat May 23 21:57:10 2020
Job was executed on host(s) <4*lt10>, in queue <gpuqueue>, as user <wangy1> in cluster <lila> at Sat May 23 21:57:10 2020
</home/wangy1> was used as the home directory.
</data/chodera/wangyq/pinot/scripts/samplers> was used as the working directory.
Started at Sat May 23 21:57:10 2020
Terminated at Sat May 23 22:02:41 2020
Results reported at Sat May 23 22:02:41 2020

Your job looked like:

------------------------------------------------------------
# LSBATCH: User input
python run_grid.py
------------------------------------------------------------

Successfully completed.

Resource usage summary:

    CPU time :                                   667.20 sec.
    Max Memory :                                 -
    Average Memory :                             -
    Total Requested Memory :                     32.00 GB
    Delta Memory :                               -
    Max Swap :                                   -
    Max Processes :                              3
    Max Threads :                                19
    Run time :                                   331 sec.
    Turnaround time :                            331 sec.

The output (if any) follows:

/home/wangy1/miniconda3/envs/pinot/lib/python3.7/site-packages/torch/nn/functional.py:1340: UserWarning: nn.functional.tanh is deprecated. Use torch.tanh instead.
  warnings.warn("nn.functional.tanh is deprecated. Use torch.tanh instead.")
/data/chodera/wangyq/pinot/pinot/app/report.py:137: UserWarning: Tight layout not applied. tight_layout cannot make axes height small enough to accommodate all axes decorations
  plt.tight_layout()
