Sender: LSF System <lsfadmin@ls15>
Subject: Job 15339243: <active-sup> in cluster <lila> Done

Job <active-sup> was submitted from host <lilac> by user <nguyenm5> in cluster <lila> at Wed Jul 15 00:54:19 2020
Job was executed on host(s) <12*ls15>, in queue <gpuqueue>, as user <nguyenm5> in cluster <lila> at Wed Jul 15 00:54:20 2020
</home/nguyenm5> was used as the home directory.
</home/nguyenm5/coding/pinot> was used as the working directory.
Started at Wed Jul 15 00:54:20 2020
Terminated at Wed Jul 15 00:54:46 2020
Results reported at Wed Jul 15 00:54:46 2020

Your job looked like:

------------------------------------------------------------
# LSBATCH: User input
/home/nguyenm5/anaconda3/envs/pinot/bin/python scripts/active/plotting_active.py --net ExactGaussianProcessRegressor --num_rounds 4 --num_trials 1 --num_epochs 50 --data moonshot --q 96 --acquisition ProbabilityOfImprovement --output_folder /home/nguyenm5/coding/pinot/jul-15/active-supervised --index 4
------------------------------------------------------------

Successfully completed.

Resource usage summary:

    CPU time :                                   24.53 sec.
    Max Memory :                                 2 GB
    Average Memory :                             0.53 GB
    Total Requested Memory :                     192.00 GB
    Delta Memory :                               190.00 GB
    Max Swap :                                   -
    Max Processes :                              3
    Max Threads :                                20
    Run time :                                   26 sec.
    Turnaround time :                            27 sec.

The output (if any) follows:

0
Max probability of improvement:
[array(0.47115916, dtype=float32), array(0.49366188, dtype=float32), array(0.47154325, dtype=float32), array(0.4721992, dtype=float32)]
Max UCB:
[array(1.955082, dtype=float32), array(1.9497408, dtype=float32), array(1.942665, dtype=float32), array(1.9358492, dtype=float32)]
Max UCB - ybest
[1.882906, 1.8775647, 1.8704889, 1.8636731]


PS:

Read file </home/nguyenm5/coding/pinot/jul-15/active-supervised/ProbabilityOfImprovement.stderr> for stderr output of this job.

Sender: LSF System <lsfadmin@ls05>
Subject: Job 15339241: <active-sup> in cluster <lila> Done

Job <active-sup> was submitted from host <lilac> by user <nguyenm5> in cluster <lila> at Wed Jul 15 00:54:19 2020
Job was executed on host(s) <12*ls05>, in queue <gpuqueue>, as user <nguyenm5> in cluster <lila> at Wed Jul 15 00:54:20 2020
</home/nguyenm5> was used as the home directory.
</home/nguyenm5/coding/pinot> was used as the working directory.
Started at Wed Jul 15 00:54:20 2020
Terminated at Wed Jul 15 00:54:47 2020
Results reported at Wed Jul 15 00:54:47 2020

Your job looked like:

------------------------------------------------------------
# LSBATCH: User input
/home/nguyenm5/anaconda3/envs/pinot/bin/python scripts/active/plotting_active.py --net ExactGaussianProcessRegressor --num_rounds 4 --num_trials 1 --num_epochs 50 --data moonshot --q 96 --acquisition ProbabilityOfImprovement --output_folder /home/nguyenm5/coding/pinot/jul-15/active-supervised --index 2
------------------------------------------------------------

Successfully completed.

Resource usage summary:

    CPU time :                                   25.46 sec.
    Max Memory :                                 2 GB
    Average Memory :                             0.44 GB
    Total Requested Memory :                     192.00 GB
    Delta Memory :                               190.00 GB
    Max Swap :                                   -
    Max Processes :                              3
    Max Threads :                                20
    Run time :                                   28 sec.
    Turnaround time :                            28 sec.

The output (if any) follows:

0
Max probability of improvement:
[array(0.4989878, dtype=float32), array(0.49543893, dtype=float32), array(0.4709835, dtype=float32), array(0.4936366, dtype=float32)]
Max UCB:
[array(1.9551148, dtype=float32), array(1.9494231, dtype=float32), array(1.9432254, dtype=float32), array(1.9372805, dtype=float32)]
Max UCB - ybest
[1.9435478, 1.9378561, 1.8710493, 1.8651044]


PS:

Read file </home/nguyenm5/coding/pinot/jul-15/active-supervised/ProbabilityOfImprovement.stderr> for stderr output of this job.

Sender: LSF System <lsfadmin@ls15>
Subject: Job 15339242: <active-sup> in cluster <lila> Done

Job <active-sup> was submitted from host <lilac> by user <nguyenm5> in cluster <lila> at Wed Jul 15 00:54:19 2020
Job was executed on host(s) <12*ls15>, in queue <gpuqueue>, as user <nguyenm5> in cluster <lila> at Wed Jul 15 00:54:20 2020
</home/nguyenm5> was used as the home directory.
</home/nguyenm5/coding/pinot> was used as the working directory.
Started at Wed Jul 15 00:54:20 2020
Terminated at Wed Jul 15 00:54:47 2020
Results reported at Wed Jul 15 00:54:47 2020

Your job looked like:

------------------------------------------------------------
# LSBATCH: User input
/home/nguyenm5/anaconda3/envs/pinot/bin/python scripts/active/plotting_active.py --net ExactGaussianProcessRegressor --num_rounds 4 --num_trials 1 --num_epochs 50 --data moonshot --q 96 --acquisition ProbabilityOfImprovement --output_folder /home/nguyenm5/coding/pinot/jul-15/active-supervised --index 3
------------------------------------------------------------

Successfully completed.

Resource usage summary:

    CPU time :                                   26.19 sec.
    Max Memory :                                 2 GB
    Average Memory :                             0.62 GB
    Total Requested Memory :                     192.00 GB
    Delta Memory :                               190.00 GB
    Max Swap :                                   -
    Max Processes :                              3
    Max Threads :                                20
    Run time :                                   27 sec.
    Turnaround time :                            28 sec.

The output (if any) follows:

0
Max probability of improvement:
[array(0.2627856, dtype=float32), array(0.31199682, dtype=float32), array(0.27647644, dtype=float32), array(0.24343383, dtype=float32)]
Max UCB:
[array(2.0999312, dtype=float32), array(2.1442623, dtype=float32), array(2.126902, dtype=float32), array(2.0169346, dtype=float32)]
Max UCB - ybest
[1.1069742, 1.1513053, 1.1339451, 1.0239776]


PS:

Read file </home/nguyenm5/coding/pinot/jul-15/active-supervised/ProbabilityOfImprovement.stderr> for stderr output of this job.

Sender: LSF System <lsfadmin@ls02>
Subject: Job 15339244: <active-sup> in cluster <lila> Done

Job <active-sup> was submitted from host <lilac> by user <nguyenm5> in cluster <lila> at Wed Jul 15 00:54:19 2020
Job was executed on host(s) <12*ls02>, in queue <gpuqueue>, as user <nguyenm5> in cluster <lila> at Wed Jul 15 00:54:20 2020
</home/nguyenm5> was used as the home directory.
</home/nguyenm5/coding/pinot> was used as the working directory.
Started at Wed Jul 15 00:54:20 2020
Terminated at Wed Jul 15 00:54:47 2020
Results reported at Wed Jul 15 00:54:47 2020

Your job looked like:

------------------------------------------------------------
# LSBATCH: User input
/home/nguyenm5/anaconda3/envs/pinot/bin/python scripts/active/plotting_active.py --net ExactGaussianProcessRegressor --num_rounds 4 --num_trials 1 --num_epochs 50 --data moonshot --q 96 --acquisition ProbabilityOfImprovement --output_folder /home/nguyenm5/coding/pinot/jul-15/active-supervised --index 5
------------------------------------------------------------

Successfully completed.

Resource usage summary:

    CPU time :                                   23.53 sec.
    Max Memory :                                 2 GB
    Average Memory :                             0.25 GB
    Total Requested Memory :                     192.00 GB
    Delta Memory :                               190.00 GB
    Max Swap :                                   -
    Max Processes :                              3
    Max Threads :                                20
    Run time :                                   28 sec.
    Turnaround time :                            28 sec.

The output (if any) follows:

0
Max probability of improvement:
[array(0.47189283, dtype=float32), array(0.3926831, dtype=float32), array(0.402085, dtype=float32), array(0.40290093, dtype=float32)]
Max UCB:
[array(1.9800769, dtype=float32), array(1.9561207, dtype=float32), array(1.9517007, dtype=float32), array(1.9478173, dtype=float32)]
Max UCB - ybest
[1.6586273, 1.634671, 1.6302509, 1.6263676]


PS:

Read file </home/nguyenm5/coding/pinot/jul-15/active-supervised/ProbabilityOfImprovement.stderr> for stderr output of this job.

Sender: LSF System <lsfadmin@ls05>
Subject: Job 15339240: <active-sup> in cluster <lila> Done

Job <active-sup> was submitted from host <lilac> by user <nguyenm5> in cluster <lila> at Wed Jul 15 00:54:19 2020
Job was executed on host(s) <12*ls05>, in queue <gpuqueue>, as user <nguyenm5> in cluster <lila> at Wed Jul 15 00:54:19 2020
</home/nguyenm5> was used as the home directory.
</home/nguyenm5/coding/pinot> was used as the working directory.
Started at Wed Jul 15 00:54:19 2020
Terminated at Wed Jul 15 00:54:49 2020
Results reported at Wed Jul 15 00:54:49 2020

Your job looked like:

------------------------------------------------------------
# LSBATCH: User input
/home/nguyenm5/anaconda3/envs/pinot/bin/python scripts/active/plotting_active.py --net ExactGaussianProcessRegressor --num_rounds 4 --num_trials 1 --num_epochs 50 --data moonshot --q 96 --acquisition ProbabilityOfImprovement --output_folder /home/nguyenm5/coding/pinot/jul-15/active-supervised --index 1
------------------------------------------------------------

Successfully completed.

Resource usage summary:

    CPU time :                                   25.22 sec.
    Max Memory :                                 2 GB
    Average Memory :                             0.38 GB
    Total Requested Memory :                     192.00 GB
    Delta Memory :                               190.00 GB
    Max Swap :                                   -
    Max Processes :                              3
    Max Threads :                                20
    Run time :                                   28 sec.
    Turnaround time :                            30 sec.

The output (if any) follows:

0
Max probability of improvement:
[array(0.33186924, dtype=float32), array(0.32895637, dtype=float32), array(0.31591833, dtype=float32), array(0.36107665, dtype=float32)]
Max UCB:
[array(1.9551007, dtype=float32), array(1.9660271, dtype=float32), array(1.9696981, dtype=float32), array(1.9889256, dtype=float32)]
Max UCB - ybest
[1.5213441, 1.4591331, 1.4000216, 1.419249]


PS:

Read file </home/nguyenm5/coding/pinot/jul-15/active-supervised/ProbabilityOfImprovement.stderr> for stderr output of this job.

