Sender: LSF System <lsfadmin@ls08>
Subject: Job 15339238: <active-sup> in cluster <lila> Done

Job <active-sup> was submitted from host <lilac> by user <nguyenm5> in cluster <lila> at Wed Jul 15 00:54:19 2020
Job was executed on host(s) <12*ls08>, in queue <gpuqueue>, as user <nguyenm5> in cluster <lila> at Wed Jul 15 00:54:19 2020
</home/nguyenm5> was used as the home directory.
</home/nguyenm5/coding/pinot> was used as the working directory.
Started at Wed Jul 15 00:54:19 2020
Terminated at Wed Jul 15 00:54:29 2020
Results reported at Wed Jul 15 00:54:29 2020

Your job looked like:

------------------------------------------------------------
# LSBATCH: User input
/home/nguyenm5/anaconda3/envs/pinot/bin/python scripts/active/plotting_active.py --net ExactGaussianProcessRegressor --num_rounds 4 --num_trials 1 --num_epochs 50 --data moonshot --q 96 --acquisition UpperConfidenceBound --output_folder /home/nguyenm5/coding/pinot/jul-15/active-supervised --index 4
------------------------------------------------------------

Successfully completed.

Resource usage summary:

    CPU time :                                   23.36 sec.
    Max Memory :                                 2 GB
    Average Memory :                             1.29 GB
    Total Requested Memory :                     192.00 GB
    Delta Memory :                               190.00 GB
    Max Swap :                                   -
    Max Processes :                              3
    Max Threads :                                20
    Run time :                                   10 sec.
    Turnaround time :                            10 sec.

The output (if any) follows:

0
Max probability of improvement:
[array(0.48975295, dtype=float32), array(0.48152226, dtype=float32), array(0.45955753, dtype=float32), array(0.45763165, dtype=float32)]
Max UCB:
[array(1.9584161, dtype=float32), array(1.9503925, dtype=float32), array(1.9424008, dtype=float32), array(1.9333736, dtype=float32)]
Max UCB - ybest
[1.8413085, 1.8332849, 1.8252932, 1.816266]


PS:

Read file </home/nguyenm5/coding/pinot/jul-15/active-supervised/UpperConfidenceBound.stderr> for stderr output of this job.

Sender: LSF System <lsfadmin@ls14>
Subject: Job 15339237: <active-sup> in cluster <lila> Done

Job <active-sup> was submitted from host <lilac> by user <nguyenm5> in cluster <lila> at Wed Jul 15 00:54:19 2020
Job was executed on host(s) <12*ls14>, in queue <gpuqueue>, as user <nguyenm5> in cluster <lila> at Wed Jul 15 00:54:20 2020
</home/nguyenm5> was used as the home directory.
</home/nguyenm5/coding/pinot> was used as the working directory.
Started at Wed Jul 15 00:54:20 2020
Terminated at Wed Jul 15 00:54:29 2020
Results reported at Wed Jul 15 00:54:29 2020

Your job looked like:

------------------------------------------------------------
# LSBATCH: User input
/home/nguyenm5/anaconda3/envs/pinot/bin/python scripts/active/plotting_active.py --net ExactGaussianProcessRegressor --num_rounds 4 --num_trials 1 --num_epochs 50 --data moonshot --q 96 --acquisition UpperConfidenceBound --output_folder /home/nguyenm5/coding/pinot/jul-15/active-supervised --index 3
------------------------------------------------------------

Successfully completed.

Resource usage summary:

    CPU time :                                   23.27 sec.
    Max Memory :                                 2 GB
    Average Memory :                             1.29 GB
    Total Requested Memory :                     192.00 GB
    Delta Memory :                               190.00 GB
    Max Swap :                                   -
    Max Processes :                              3
    Max Threads :                                20
    Run time :                                   11 sec.
    Turnaround time :                            10 sec.

The output (if any) follows:

0
Max probability of improvement:
[array(0.4988898, dtype=float32), array(0.48079538, dtype=float32), array(0.49543792, dtype=float32), array(0.49553806, dtype=float32)]
Max UCB:
[array(1.9551212, dtype=float32), array(1.9487461, dtype=float32), array(1.938856, dtype=float32), array(1.9310461, dtype=float32)]
Max UCB - ybest
[1.942435, 1.8996116, 1.8897215, 1.8819116]


PS:

Read file </home/nguyenm5/coding/pinot/jul-15/active-supervised/UpperConfidenceBound.stderr> for stderr output of this job.

Sender: LSF System <lsfadmin@ls03>
Subject: Job 15339235: <active-sup> in cluster <lila> Done

Job <active-sup> was submitted from host <lilac> by user <nguyenm5> in cluster <lila> at Wed Jul 15 00:54:19 2020
Job was executed on host(s) <12*ls03>, in queue <gpuqueue>, as user <nguyenm5> in cluster <lila> at Wed Jul 15 00:54:19 2020
</home/nguyenm5> was used as the home directory.
</home/nguyenm5/coding/pinot> was used as the working directory.
Started at Wed Jul 15 00:54:19 2020
Terminated at Wed Jul 15 00:54:31 2020
Results reported at Wed Jul 15 00:54:31 2020

Your job looked like:

------------------------------------------------------------
# LSBATCH: User input
/home/nguyenm5/anaconda3/envs/pinot/bin/python scripts/active/plotting_active.py --net ExactGaussianProcessRegressor --num_rounds 4 --num_trials 1 --num_epochs 50 --data moonshot --q 96 --acquisition UpperConfidenceBound --output_folder /home/nguyenm5/coding/pinot/jul-15/active-supervised --index 1
------------------------------------------------------------

Successfully completed.

Resource usage summary:

    CPU time :                                   24.21 sec.
    Max Memory :                                 2 GB
    Average Memory :                             1.12 GB
    Total Requested Memory :                     192.00 GB
    Delta Memory :                               190.00 GB
    Max Swap :                                   -
    Max Processes :                              3
    Max Threads :                                20
    Run time :                                   12 sec.
    Turnaround time :                            12 sec.

The output (if any) follows:

0
Max probability of improvement:
[array(0.4952141, dtype=float32), array(0.48698974, dtype=float32), array(0.47874653, dtype=float32), array(0.4819715, dtype=float32)]
Max UCB:
[array(1.9558092, dtype=float32), array(1.9487643, dtype=float32), array(1.9424616, dtype=float32), array(1.932784, dtype=float32)]
Max UCB - ybest
[1.9011189, 1.894074, 1.8877712, 1.8780936]


PS:

Read file </home/nguyenm5/coding/pinot/jul-15/active-supervised/UpperConfidenceBound.stderr> for stderr output of this job.

Sender: LSF System <lsfadmin@ls08>
Subject: Job 15339239: <active-sup> in cluster <lila> Done

Job <active-sup> was submitted from host <lilac> by user <nguyenm5> in cluster <lila> at Wed Jul 15 00:54:19 2020
Job was executed on host(s) <12*ls08>, in queue <gpuqueue>, as user <nguyenm5> in cluster <lila> at Wed Jul 15 00:54:20 2020
</home/nguyenm5> was used as the home directory.
</home/nguyenm5/coding/pinot> was used as the working directory.
Started at Wed Jul 15 00:54:20 2020
Terminated at Wed Jul 15 00:54:31 2020
Results reported at Wed Jul 15 00:54:31 2020

Your job looked like:

------------------------------------------------------------
# LSBATCH: User input
/home/nguyenm5/anaconda3/envs/pinot/bin/python scripts/active/plotting_active.py --net ExactGaussianProcessRegressor --num_rounds 4 --num_trials 1 --num_epochs 50 --data moonshot --q 96 --acquisition UpperConfidenceBound --output_folder /home/nguyenm5/coding/pinot/jul-15/active-supervised --index 5
------------------------------------------------------------

Successfully completed.

Resource usage summary:

    CPU time :                                   23.70 sec.
    Max Memory :                                 2 GB
    Average Memory :                             0.71 GB
    Total Requested Memory :                     192.00 GB
    Delta Memory :                               190.00 GB
    Max Swap :                                   -
    Max Processes :                              3
    Max Threads :                                20
    Run time :                                   11 sec.
    Turnaround time :                            12 sec.

The output (if any) follows:

0
Max probability of improvement:
[array(0.4639758, dtype=float32), array(0.37555403, dtype=float32), array(0.42473364, dtype=float32), array(0.40284115, dtype=float32)]
Max UCB:
[array(1.9960254, dtype=float32), array(1.9614174, dtype=float32), array(1.972044, dtype=float32), array(1.9423127, dtype=float32)]
Max UCB - ybest
[1.5838122, 1.5492042, 1.5598308, 1.5300995]


PS:

Read file </home/nguyenm5/coding/pinot/jul-15/active-supervised/UpperConfidenceBound.stderr> for stderr output of this job.

Sender: LSF System <lsfadmin@ls14>
Subject: Job 15339236: <active-sup> in cluster <lila> Done

Job <active-sup> was submitted from host <lilac> by user <nguyenm5> in cluster <lila> at Wed Jul 15 00:54:19 2020
Job was executed on host(s) <12*ls14>, in queue <gpuqueue>, as user <nguyenm5> in cluster <lila> at Wed Jul 15 00:54:19 2020
</home/nguyenm5> was used as the home directory.
</home/nguyenm5/coding/pinot> was used as the working directory.
Started at Wed Jul 15 00:54:19 2020
Terminated at Wed Jul 15 00:54:31 2020
Results reported at Wed Jul 15 00:54:31 2020

Your job looked like:

------------------------------------------------------------
# LSBATCH: User input
/home/nguyenm5/anaconda3/envs/pinot/bin/python scripts/active/plotting_active.py --net ExactGaussianProcessRegressor --num_rounds 4 --num_trials 1 --num_epochs 50 --data moonshot --q 96 --acquisition UpperConfidenceBound --output_folder /home/nguyenm5/coding/pinot/jul-15/active-supervised --index 2
------------------------------------------------------------

Successfully completed.

Resource usage summary:

    CPU time :                                   22.86 sec.
    Max Memory :                                 2 GB
    Average Memory :                             0.71 GB
    Total Requested Memory :                     192.00 GB
    Delta Memory :                               190.00 GB
    Max Swap :                                   -
    Max Processes :                              3
    Max Threads :                                20
    Run time :                                   11 sec.
    Turnaround time :                            12 sec.

The output (if any) follows:

0
Max probability of improvement:
[array(0.49358267, dtype=float32), array(0.49271244, dtype=float32), array(0.49198836, dtype=float32), array(0.49205923, dtype=float32)]
Max UCB:
[array(1.9563909, dtype=float32), array(1.9496946, dtype=float32), array(1.943141, dtype=float32), array(1.9357696, dtype=float32)]
Max UCB - ybest
[1.8830559, 1.8763597, 1.869806, 1.8624346]


PS:

Read file </home/nguyenm5/coding/pinot/jul-15/active-supervised/UpperConfidenceBound.stderr> for stderr output of this job.

