Sender: LSF System <lsfadmin@ls01>
Subject: Job 14807190: <_gp_Adam_SGConv_1e-3_-1> in cluster <lila> Done

Job <_gp_Adam_SGConv_1e-3_-1> was submitted from host <lx12> by user <wangy1> in cluster <lila> at Mon Jun  8 22:41:39 2020
Job was executed on host(s) <12*ls01>, in queue <gpuqueue>, as user <wangy1> in cluster <lila> at Mon Jun  8 22:41:39 2020
</home/wangy1> was used as the home directory.
</data/chodera/wangyq/pinot/scripts/gp_comparison> was used as the working directory.
Started at Mon Jun  8 22:41:39 2020
Terminated at Mon Jun  8 22:47:41 2020
Results reported at Mon Jun  8 22:47:41 2020

Your job looked like:

------------------------------------------------------------
# LSBATCH: User input
python ../../pinot/app/gp_train.py --layer SGConv --optimizer Adam --lr 1e-3 --out _gp_Adam_SGConv_1e-3_-1 --log_sigma -1 --n_epochs 1000
------------------------------------------------------------

Successfully completed.

Resource usage summary:

    CPU time :                                   1053.66 sec.
    Max Memory :                                 2 GB
    Average Memory :                             1.90 GB
    Total Requested Memory :                     48.00 GB
    Delta Memory :                               46.00 GB
    Max Swap :                                   -
    Max Processes :                              3
    Max Threads :                                20
    Run time :                                   362 sec.
    Turnaround time :                            362 sec.

The output (if any) follows:

Parameter containing:
tensor(-1., device='cuda:0', requires_grad=True)
Parameter containing:
tensor(-0.9990, device='cuda:0', requires_grad=True)
Parameter containing:
tensor(-0.9980, device='cuda:0', requires_grad=True)
Parameter containing:
tensor(-0.9971, device='cuda:0', requires_grad=True)
Parameter containing:
tensor(-0.9962, device='cuda:0', requires_grad=True)
Parameter containing:
tensor(-0.9955, device='cuda:0', requires_grad=True)
Parameter containing:
tensor(-0.9947, device='cuda:0', requires_grad=True)
Parameter containing:
tensor(-0.9941, device='cuda:0', requires_grad=True)
Parameter containing:
tensor(-0.9936, device='cuda:0', requires_grad=True)
Parameter containing:
tensor(-0.9931, device='cuda:0', requires_grad=True)
Parameter containing:
tensor(-0.9927, device='cuda:0', requires_grad=True)
Parameter containing:
tensor(-0.9924, device='cuda:0', requires_grad=True)
Parameter containing:
tensor(-0.9921, device='cuda:0', requires_grad=True)
Parameter containing:
tensor(-0.9919, device='cuda:0', requires_grad=True)
Parameter containing:
tensor(-0.9918, device='cuda:0', requires_grad=True)
Parameter containing:
tensor(-0.9917, device='cuda:0', requires_grad=True)
Parameter containing:
tensor(-0.9918, device='cuda:0', requires_grad=True)
Parameter containing:
tensor(-0.9919, device='cuda:0', requires_grad=True)
Parameter containing:
tensor(-0.9920, device='cuda:0', requires_grad=True)
Parameter containing:
tensor(-0.9922, device='cuda:0', requires_grad=True)
Parameter containing:
tensor(-0.9925, device='cuda:0', requires_grad=True)
Parameter containing:
tensor(-0.9928, device='cuda:0', requires_grad=True)
Parameter containing:
tensor(-0.9932, device='cuda:0', requires_grad=True)
Parameter containing:
tensor(-0.9936, device='cuda:0', requires_grad=True)
Parameter containing:
tensor(-0.9940, device='cuda:0', requires_grad=True)
Parameter containing:
tensor(-0.9945, device='cuda:0', requires_grad=True)
Parameter containing:
tensor(-0.9950, device='cuda:0', requires_grad=True)
Parameter containing:
tensor(-0.9955, device='cuda:0', requires_grad=True)
Parameter containing:
tensor(-0.9961, device='cuda:0', requires_grad=True)
Parameter containing:
tensor(-0.9967, device='cuda:0', requires_grad=True)
Parameter containing:
tensor(-0.9973, device='cuda:0', requires_grad=True)
Parameter containing:
tensor(-0.9979, device='cuda:0', requires_grad=True)
Parameter containing:
tensor(-0.9986, device='cuda:0', requires_grad=True)
Parameter containing:
tensor(-0.9992, device='cuda:0', requires_grad=True)
Parameter containing:
tensor(-0.9999, device='cuda:0', requires_grad=True)
Parameter containing:
tensor(-1.0006, device='cuda:0', requires_grad=True)
Parameter containing:
tensor(-1.0013, device='cuda:0', requires_grad=True)
Parameter containing:
tensor(-1.0021, device='cuda:0', requires_grad=True)
Parameter containing:
tensor(-1.0028, device='cuda:0', requires_grad=True)
Parameter containing:
tensor(-1.0035, device='cuda:0', requires_grad=True)
Parameter containing:
tensor(-1.0043, device='cuda:0', requires_grad=True)
Parameter containing:
tensor(-1.0050, device='cuda:0', requires_grad=True)
Parameter containing:
tensor(-1.0057, device='cuda:0', requires_grad=True)
Parameter containing:
tensor(-1.0065, device='cuda:0', requires_grad=True)
Parameter containing:
tensor(-1.0073, device='cuda:0', requires_grad=True)
Parameter containing:
tensor(-1.0080, device='cuda:0', requires_grad=True)
Parameter containing:
tensor(-1.0088, device='cuda:0', requires_grad=True)
Parameter containing:
tensor(-1.0096, device='cuda:0', requires_grad=True)
Parameter containing:
tensor(-1.0104, device='cuda:0', requires_grad=True)
Parameter containing:
tensor(-1.0112, device='cuda:0', requires_grad=True)
Parameter containing:
tensor(-1.0120, device='cuda:0', requires_grad=True)
Parameter containing:
tensor(-1.0128, device='cuda:0', requires_grad=True)
Parameter containing:
tensor(-1.0136, device='cuda:0', requires_grad=True)
Parameter containing:
tensor(-1.0144, device='cuda:0', requires_grad=True)
Parameter containing:
tensor(-1.0152, device='cuda:0', requires_grad=True)
Parameter containing:
tensor(-1.0160, device='cuda:0', requires_grad=True)
Parameter containing:
tensor(-1.0169, device='cuda:0', requires_grad=True)
Parameter containing:
tensor(-1.0177, device='cuda:0', requires_grad=True)
Parameter containing:
tensor(-1.0185, device='cuda:0', requires_grad=True)
Parameter containing:
tensor(-1.0194, device='cuda:0', requires_grad=True)
Parameter containing:
tensor(-1.0202, device='cuda:0', requires_grad=True)
Parameter containing:
tensor(-1.0211, device='cuda:0', requires_grad=True)
Parameter containing:
tensor(-1.0220, device='cuda:0', requires_grad=True)
Parameter containing:
tensor(-1.0229, device='cuda:0', requires_grad=True)
Parameter containing:
tensor(-1.0237, device='cuda:0', requires_grad=True)
Parameter containing:
tensor(-1.0246, device='cuda:0', requires_grad=True)
Parameter containing:
tensor(-1.0255, device='cuda:0', requires_grad=True)
Parameter containing:
tensor(-1.0264, device='cuda:0', requires_grad=True)
Parameter containing:
tensor(-1.0273, device='cuda:0', requires_grad=True)
Parameter containing:
tensor(-1.0282, device='cuda:0', requires_grad=True)
Parameter containing:
tensor(-1.0291, device='cuda:0', requires_grad=True)
Parameter containing:
tensor(-1.0300, device='cuda:0', requires_grad=True)
Parameter containing:
tensor(-1.0309, device='cuda:0', requires_grad=True)
Parameter containing:
tensor(-1.0318, device='cuda:0', requires_grad=True)
Parameter containing:
tensor(-1.0327, device='cuda:0', requires_grad=True)
Parameter containing:
tensor(-1.0336, device='cuda:0', requires_grad=True)
Parameter containing:
tensor(-1.0345, device='cuda:0', requires_grad=True)
Parameter containing:
tensor(-1.0354, device='cuda:0', requires_grad=True)
Parameter containing:
tensor(-1.0364, device='cuda:0', requires_grad=True)
Parameter containing:
tensor(-1.0373, device='cuda:0', requires_grad=True)
Parameter containing:
tensor(-1.0382, device='cuda:0', requires_grad=True)
Parameter containing:
tensor(-1.0392, device='cuda:0', requires_grad=True)
Parameter containing:
tensor(-1.0401, device='cuda:0', requires_grad=True)
Parameter containing:
tensor(-1.0411, device='cuda:0', requires_grad=True)
Parameter containing:
tensor(-1.0420, device='cuda:0', requires_grad=True)
Parameter containing:
tensor(-1.0430, device='cuda:0', requires_grad=True)
Parameter containing:
tensor(-1.0439, device='cuda:0', requires_grad=True)
Parameter containing:
tensor(-1.0449, device='cuda:0', requires_grad=True)
Parameter containing:
tensor(-1.0459, device='cuda:0', requires_grad=True)
Parameter containing:
tensor(-1.0469, device='cuda:0', requires_grad=True)
Parameter containing:
tensor(-1.0478, device='cuda:0', requires_grad=True)
Parameter containing:
tensor(-1.0488, device='cuda:0', requires_grad=True)
Parameter containing:
tensor(-1.0498, device='cuda:0', requires_grad=True)
Parameter containing:
tensor(-1.0508, device='cuda:0', requires_grad=True)
Parameter containing:
tensor(-1.0518, device='cuda:0', requires_grad=True)
Parameter containing:
tensor(-1.0528, device='cuda:0', requires_grad=True)
Parameter containing:
tensor(-1.0537, device='cuda:0', requires_grad=True)
Parameter containing:
tensor(-1.0547, device='cuda:0', requires_grad=True)
Parameter containing:
tensor(-1.0556, device='cuda:0', requires_grad=True)
Parameter containing:
tensor(-1.0565, device='cuda:0', requires_grad=True)
Parameter containing:
tensor(-1.0573, device='cuda:0', requires_grad=True)
Parameter containing:
tensor(-1.0581, device='cuda:0', requires_grad=True)
Parameter containing:
tensor(-1.0589, device='cuda:0', requires_grad=True)
Parameter containing:
tensor(-1.0597, device='cuda:0', requires_grad=True)
Parameter containing:
tensor(-1.0604, device='cuda:0', requires_grad=True)
Parameter containing:
tensor(-1.0612, device='cuda:0', requires_grad=True)
Parameter containing:
tensor(-1.0620, device='cuda:0', requires_grad=True)
Parameter containing:
tensor(-1.0627, device='cuda:0', requires_grad=True)
Parameter containing:
tensor(-1.0635, device='cuda:0', requires_grad=True)
Parameter containing:
tensor(-1.0643, device='cuda:0', requires_grad=True)
Parameter containing:
tensor(-1.0651, device='cuda:0', requires_grad=True)
Parameter containing:
tensor(-1.0659, device='cuda:0', requires_grad=True)
Parameter containing:
tensor(-1.0668, device='cuda:0', requires_grad=True)
Parameter containing:
tensor(-1.0677, device='cuda:0', requires_grad=True)
Parameter containing:
tensor(-1.0686, device='cuda:0', requires_grad=True)
Parameter containing:
tensor(-1.0695, device='cuda:0', requires_grad=True)
Parameter containing:
tensor(-1.0705, device='cuda:0', requires_grad=True)
Parameter containing:
tensor(-1.0715, device='cuda:0', requires_grad=True)
Parameter containing:
tensor(-1.0725, device='cuda:0', requires_grad=True)
Parameter containing:
tensor(-1.0735, device='cuda:0', requires_grad=True)
Parameter containing:
tensor(-1.0746, device='cuda:0', requires_grad=True)
Parameter containing:
tensor(-1.0756, device='cuda:0', requires_grad=True)
Parameter containing:
tensor(-1.0767, device='cuda:0', requires_grad=True)
Parameter containing:
tensor(-1.0777, device='cuda:0', requires_grad=True)
Parameter containing:
tensor(-1.0788, device='cuda:0', requires_grad=True)
Parameter containing:
tensor(-1.0798, device='cuda:0', requires_grad=True)
Parameter containing:
tensor(-1.0809, device='cuda:0', requires_grad=True)
Parameter containing:
tensor(-1.0820, device='cuda:0', requires_grad=True)
Parameter containing:
tensor(-1.0830, device='cuda:0', requires_grad=True)
Parameter containing:
tensor(-1.0841, device='cuda:0', requires_grad=True)
Parameter containing:
tensor(-1.0852, device='cuda:0', requires_grad=True)
Parameter containing:
tensor(-1.0862, device='cuda:0', requires_grad=True)
Parameter containing:
tensor(-1.0873, device='cuda:0', requires_grad=True)
Parameter containing:
tensor(-1.0884, device='cuda:0', requires_grad=True)
Parameter containing:
tensor(-1.0894, device='cuda:0', requires_grad=True)
Parameter containing:
tensor(-1.0905, device='cuda:0', requires_grad=True)
Parameter containing:
tensor(-1.0915, device='cuda:0', requires_grad=True)
Parameter containing:
tensor(-1.0926, device='cuda:0', requires_grad=True)
Parameter containing:
tensor(-1.0936, device='cuda:0', requires_grad=True)
Parameter containing:
tensor(-1.0947, device='cuda:0', requires_grad=True)
Parameter containing:
tensor(-1.0957, device='cuda:0', requires_grad=True)
Parameter containing:
tensor(-1.0967, device='cuda:0', requires_grad=True)
Parameter containing:
tensor(-1.0977, device='cuda:0', requires_grad=True)
Parameter containing:
tensor(-1.0987, device='cuda:0', requires_grad=True)
Parameter containing:
tensor(-1.0998, device='cuda:0', requires_grad=True)
Parameter containing:
tensor(-1.1008, device='cuda:0', requires_grad=True)
Parameter containing:
tensor(-1.1018, device='cuda:0', requires_grad=True)
Parameter containing:
tensor(-1.1028, device='cuda:0', requires_grad=True)
Parameter containing:
tensor(-1.1038, device='cuda:0', requires_grad=True)
Parameter containing:
tensor(-1.1048, device='cuda:0', requires_grad=True)
Parameter containing:
tensor(-1.1058, device='cuda:0', requires_grad=True)
Parameter containing:
tensor(-1.1067, device='cuda:0', requires_grad=True)
Parameter containing:
tensor(-1.1077, device='cuda:0', requires_grad=True)
Parameter containing:
tensor(-1.1087, device='cuda:0', requires_grad=True)
Parameter containing:
tensor(-1.1097, device='cuda:0', requires_grad=True)
Parameter containing:
tensor(-1.1107, device='cuda:0', requires_grad=True)
Parameter containing:
tensor(-1.1117, device='cuda:0', requires_grad=True)
Parameter containing:
tensor(-1.1126, device='cuda:0', requires_grad=True)
Parameter containing:
tensor(-1.1136, device='cuda:0', requires_grad=True)
Parameter containing:
tensor(-1.1146, device='cuda:0', requires_grad=True)
Parameter containing:
tensor(-1.1156, device='cuda:0', requires_grad=True)
Parameter containing:
tensor(-1.1166, device='cuda:0', requires_grad=True)
Parameter containing:
tensor(-1.1175, device='cuda:0', requires_grad=True)
Parameter containing:
tensor(-1.1185, device='cuda:0', requires_grad=True)
Parameter containing:
tensor(-1.1195, device='cuda:0', requires_grad=True)
Parameter containing:
tensor(-1.1205, device='cuda:0', requires_grad=True)
Parameter containing:
tensor(-1.1215, device='cuda:0', requires_grad=True)
Parameter containing:
tensor(-1.1224, device='cuda:0', requires_grad=True)
Parameter containing:
tensor(-1.1234, device='cuda:0', requires_grad=True)
Parameter containing:
tensor(-1.1244, device='cuda:0', requires_grad=True)
Parameter containing:
tensor(-1.1253, device='cuda:0', requires_grad=True)
Parameter containing:
tensor(-1.1263, device='cuda:0', requires_grad=True)
Parameter containing:
tensor(-1.1273, device='cuda:0', requires_grad=True)
Parameter containing:
tensor(-1.1283, device='cuda:0', requires_grad=True)
Parameter containing:
tensor(-1.1292, device='cuda:0', requires_grad=True)
Parameter containing:
tensor(-1.1302, device='cuda:0', requires_grad=True)
Parameter containing:
tensor(-1.1312, device='cuda:0', requires_grad=True)
Parameter containing:
tensor(-1.1321, device='cuda:0', requires_grad=True)
Parameter containing:
tensor(-1.1330, device='cuda:0', requires_grad=True)
Parameter containing:
tensor(-1.1338, device='cuda:0', requires_grad=True)
Parameter containing:
tensor(-1.1346, device='cuda:0', requires_grad=True)
Parameter containing:
tensor(-1.1353, device='cuda:0', requires_grad=True)
Parameter containing:
tensor(-1.1359, device='cuda:0', requires_grad=True)
Parameter containing:
tensor(-1.1364, device='cuda:0', requires_grad=True)
Parameter containing:
tensor(-1.1369, device='cuda:0', requires_grad=True)
Parameter containing:
tensor(-1.1374, device='cuda:0', requires_grad=True)
Parameter containing:
tensor(-1.1379, device='cuda:0', requires_grad=True)
Parameter containing:
tensor(-1.1384, device='cuda:0', requires_grad=True)
Parameter containing:
tensor(-1.1389, device='cuda:0', requires_grad=True)
Parameter containing:
tensor(-1.1394, device='cuda:0', requires_grad=True)
Parameter containing:
tensor(-1.1399, device='cuda:0', requires_grad=True)
Parameter containing:
tensor(-1.1404, device='cuda:0', requires_grad=True)
Parameter containing:
tensor(-1.1410, device='cuda:0', requires_grad=True)
Parameter containing:
tensor(-1.1416, device='cuda:0', requires_grad=True)
Parameter containing:
tensor(-1.1422, device='cuda:0', requires_grad=True)
Parameter containing:
tensor(-1.1429, device='cuda:0', requires_grad=True)
Parameter containing:
tensor(-1.1437, device='cuda:0', requires_grad=True)
Parameter containing:
tensor(-1.1444, device='cuda:0', requires_grad=True)
Parameter containing:
tensor(-1.1452, device='cuda:0', requires_grad=True)
Parameter containing:
tensor(-1.1460, device='cuda:0', requires_grad=True)
Parameter containing:
tensor(-1.1468, device='cuda:0', requires_grad=True)
Parameter containing:
tensor(-1.1477, device='cuda:0', requires_grad=True)
Parameter containing:
tensor(-1.1485, device='cuda:0', requires_grad=True)
Parameter containing:
tensor(-1.1494, device='cuda:0', requires_grad=True)
Parameter containing:
tensor(-1.1503, device='cuda:0', requires_grad=True)
Parameter containing:
tensor(-1.1513, device='cuda:0', requires_grad=True)
Parameter containing:
tensor(-1.1522, device='cuda:0', requires_grad=True)
Parameter containing:
tensor(-1.1532, device='cuda:0', requires_grad=True)
Parameter containing:
tensor(-1.1542, device='cuda:0', requires_grad=True)
Parameter containing:
tensor(-1.1552, device='cuda:0', requires_grad=True)
Parameter containing:
tensor(-1.1562, device='cuda:0', requires_grad=True)
Parameter containing:
tensor(-1.1572, device='cuda:0', requires_grad=True)
Parameter containing:
tensor(-1.1582, device='cuda:0', requires_grad=True)
Parameter containing:
tensor(-1.1592, device='cuda:0', requires_grad=True)
Parameter containing:
tensor(-1.1603, device='cuda:0', requires_grad=True)
Parameter containing:
tensor(-1.1613, device='cuda:0', requires_grad=True)
Parameter containing:
tensor(-1.1624, device='cuda:0', requires_grad=True)
Parameter containing:
tensor(-1.1634, device='cuda:0', requires_grad=True)
Parameter containing:
tensor(-1.1645, device='cuda:0', requires_grad=True)
Parameter containing:
tensor(-1.1655, device='cuda:0', requires_grad=True)
Parameter containing:
tensor(-1.1665, device='cuda:0', requires_grad=True)
Parameter containing:
tensor(-1.1676, device='cuda:0', requires_grad=True)
Parameter containing:
tensor(-1.1686, device='cuda:0', requires_grad=True)
Parameter containing:
tensor(-1.1696, device='cuda:0', requires_grad=True)
Parameter containing:
tensor(-1.1707, device='cuda:0', requires_grad=True)
Parameter containing:
tensor(-1.1717, device='cuda:0', requires_grad=True)
Parameter containing:
tensor(-1.1727, device='cuda:0', requires_grad=True)
Parameter containing:
tensor(-1.1737, device='cuda:0', requires_grad=True)
Parameter containing:
tensor(-1.1747, device='cuda:0', requires_grad=True)
Parameter containing:
tensor(-1.1757, device='cuda:0', requires_grad=True)
Parameter containing:
tensor(-1.1767, device='cuda:0', requires_grad=True)
Parameter containing:
tensor(-1.1777, device='cuda:0', requires_grad=True)
Parameter containing:
tensor(-1.1787, device='cuda:0', requires_grad=True)
Parameter containing:
tensor(-1.1797, device='cuda:0', requires_grad=True)
Parameter containing:
tensor(-1.1807, device='cuda:0', requires_grad=True)
Parameter containing:
tensor(-1.1816, device='cuda:0', requires_grad=True)
Parameter containing:
tensor(-1.1826, device='cuda:0', requires_grad=True)
Parameter containing:
tensor(-1.1836, device='cuda:0', requires_grad=True)
Parameter containing:
tensor(-1.1845, device='cuda:0', requires_grad=True)
Parameter containing:
tensor(-1.1855, device='cuda:0', requires_grad=True)
Parameter containing:
tensor(-1.1865, device='cuda:0', requires_grad=True)
Parameter containing:
tensor(-1.1874, device='cuda:0', requires_grad=True)
Parameter containing:
tensor(-1.1883, device='cuda:0', requires_grad=True)
Parameter containing:
tensor(-1.1893, device='cuda:0', requires_grad=True)
Parameter containing:
tensor(-1.1902, device='cuda:0', requires_grad=True)
Parameter containing:
tensor(-1.1912, device='cuda:0', requires_grad=True)
Parameter containing:
tensor(-1.1921, device='cuda:0', requires_grad=True)
Parameter containing:
tensor(-1.1931, device='cuda:0', requires_grad=True)
Parameter containing:
tensor(-1.1940, device='cuda:0', requires_grad=True)
Parameter containing:
tensor(-1.1950, device='cuda:0', requires_grad=True)
Parameter containing:
tensor(-1.1959, device='cuda:0', requires_grad=True)
Parameter containing:
tensor(-1.1968, device='cuda:0', requires_grad=True)
Parameter containing:
tensor(-1.1978, device='cuda:0', requires_grad=True)
Parameter containing:
tensor(-1.1987, device='cuda:0', requires_grad=True)
Parameter containing:
tensor(-1.1997, device='cuda:0', requires_grad=True)
Parameter containing:
tensor(-1.2006, device='cuda:0', requires_grad=True)
Parameter containing:
tensor(-1.2015, device='cuda:0', requires_grad=True)
Parameter containing:
tensor(-1.2024, device='cuda:0', requires_grad=True)
Parameter containing:
tensor(-1.2034, device='cuda:0', requires_grad=True)
Parameter containing:
tensor(-1.2043, device='cuda:0', requires_grad=True)
Parameter containing:
tensor(-1.2053, device='cuda:0', requires_grad=True)
Parameter containing:
tensor(-1.2062, device='cuda:0', requires_grad=True)
Parameter containing:
tensor(-1.2071, device='cuda:0', requires_grad=True)
Parameter containing:
tensor(-1.2080, device='cuda:0', requires_grad=True)
Parameter containing:
tensor(-1.2090, device='cuda:0', requires_grad=True)
Parameter containing:
tensor(-1.2099, device='cuda:0', requires_grad=True)
Parameter containing:
tensor(-1.2108, device='cuda:0', requires_grad=True)
Parameter containing:
tensor(-1.2117, device='cuda:0', requires_grad=True)
Parameter containing:
tensor(-1.2126, device='cuda:0', requires_grad=True)
Parameter containing:
tensor(-1.2135, device='cuda:0', requires_grad=True)
Parameter containing:
tensor(-1.2144, device='cuda:0', requires_grad=True)
Parameter containing:
tensor(-1.2153, device='cuda:0', requires_grad=True)
Parameter containing:
tensor(-1.2162, device='cuda:0', requires_grad=True)
Parameter containing:
tensor(-1.2171, device='cuda:0', requires_grad=True)
Parameter containing:
tensor(-1.2180, device='cuda:0', requires_grad=True)
Parameter containing:
tensor(-1.2189, device='cuda:0', requires_grad=True)
Parameter containing:
tensor(-1.2198, device='cuda:0', requires_grad=True)
Parameter containing:
tensor(-1.2207, device='cuda:0', requires_grad=True)
Parameter containing:
tensor(-1.2215, device='cuda:0', requires_grad=True)
Parameter containing:
tensor(-1.2224, device='cuda:0', requires_grad=True)
Parameter containing:
tensor(-1.2233, device='cuda:0', requires_grad=True)
Parameter containing:
tensor(-1.2242, device='cuda:0', requires_grad=True)
Parameter containing:
tensor(-1.2251, device='cuda:0', requires_grad=True)
Parameter containing:
tensor(-1.2259, device='cuda:0', requires_grad=True)
Parameter containing:
tensor(-1.2268, device='cuda:0', requires_grad=True)
Parameter containing:
tensor(-1.2277, device='cuda:0', requires_grad=True)
Parameter containing:
tensor(-1.2285, device='cuda:0', requires_grad=True)
Parameter containing:
tensor(-1.2294, device='cuda:0', requires_grad=True)
Parameter containing:
tensor(-1.2302, device='cuda:0', requires_grad=True)
Parameter containing:
tensor(-1.2311, device='cuda:0', requires_grad=True)
Parameter containing:
tensor(-1.2319, device='cuda:0', requires_grad=True)
Parameter containing:
tensor(-1.2328, device='cuda:0', requires_grad=True)
Parameter containing:
tensor(-1.2336, device='cuda:0', requires_grad=True)
Parameter containing:
tensor(-1.2345, device='cuda:0', requires_grad=True)
Parameter containing:
tensor(-1.2353, device='cuda:0', requires_grad=True)
Parameter containing:
tensor(-1.2362, device='cuda:0', requires_grad=True)
Parameter containing:
tensor(-1.2370, device='cuda:0', requires_grad=True)
Parameter containing:
tensor(-1.2379, device='cuda:0', requires_grad=True)
Parameter containing:
tensor(-1.2387, device='cuda:0', requires_grad=True)
Parameter containing:
tensor(-1.2395, device='cuda:0', requires_grad=True)
Parameter containing:
tensor(-1.2403, device='cuda:0', requires_grad=True)
Parameter containing:
tensor(-1.2412, device='cuda:0', requires_grad=True)
Parameter containing:
tensor(-1.2420, device='cuda:0', requires_grad=True)
Parameter containing:
tensor(-1.2429, device='cuda:0', requires_grad=True)
Parameter containing:
tensor(-1.2437, device='cuda:0', requires_grad=True)
Parameter containing:
tensor(-1.2445, device='cuda:0', requires_grad=True)
Parameter containing:
tensor(-1.2454, device='cuda:0', requires_grad=True)
Parameter containing:
tensor(-1.2462, device='cuda:0', requires_grad=True)
Parameter containing:
tensor(-1.2471, device='cuda:0', requires_grad=True)
Parameter containing:
tensor(-1.2479, device='cuda:0', requires_grad=True)
Parameter containing:
tensor(-1.2487, device='cuda:0', requires_grad=True)
Parameter containing:
tensor(-1.2496, device='cuda:0', requires_grad=True)
Parameter containing:
tensor(-1.2504, device='cuda:0', requires_grad=True)
Parameter containing:
tensor(-1.2513, device='cuda:0', requires_grad=True)
Parameter containing:
tensor(-1.2521, device='cuda:0', requires_grad=True)
Parameter containing:
tensor(-1.2530, device='cuda:0', requires_grad=True)
Parameter containing:
tensor(-1.2538, device='cuda:0', requires_grad=True)
Parameter containing:
tensor(-1.2546, device='cuda:0', requires_grad=True)
Parameter containing:
tensor(-1.2555, device='cuda:0', requires_grad=True)
Parameter containing:
tensor(-1.2563, device='cuda:0', requires_grad=True)
Parameter containing:
tensor(-1.2571, device='cuda:0', requires_grad=True)
Parameter containing:
tensor(-1.2579, device='cuda:0', requires_grad=True)
Parameter containing:
tensor(-1.2588, device='cuda:0', requires_grad=True)
Parameter containing:
tensor(-1.2596, device='cuda:0', requires_grad=True)
Parameter containing:
tensor(-1.2604, device='cuda:0', requires_grad=True)
Parameter containing:
tensor(-1.2613, device='cuda:0', requires_grad=True)
Parameter containing:
tensor(-1.2621, device='cuda:0', requires_grad=True)
Parameter containing:
tensor(-1.2629, device='cuda:0', requires_grad=True)
Parameter containing:
tensor(-1.2637, device='cuda:0', requires_grad=True)
Parameter containing:
tensor(-1.2645, device='cuda:0', requires_grad=True)
Parameter containing:
tensor(-1.2653, device='cuda:0', requires_grad=True)
Parameter containing:
tensor(-1.2661, device='cuda:0', requires_grad=True)
Parameter containing:
tensor(-1.2669, device='cuda:0', requires_grad=True)
Parameter containing:
tensor(-1.2677, device='cuda:0', requires_grad=True)
Parameter containing:
tensor(-1.2685, device='cuda:0', requires_grad=True)
Parameter containing:
tensor(-1.2693, device='cuda:0', requires_grad=True)
Parameter containing:
tensor(-1.2701, device='cuda:0', requires_grad=True)
Parameter containing:
tensor(-1.2709, device='cuda:0', requires_grad=True)
Parameter containing:
tensor(-1.2717, device='cuda:0', requires_grad=True)
Parameter containing:
tensor(-1.2725, device='cuda:0', requires_grad=True)
Parameter containing:
tensor(-1.2733, device='cuda:0', requires_grad=True)
Parameter containing:
tensor(-1.2741, device='cuda:0', requires_grad=True)
Parameter containing:
tensor(-1.2749, device='cuda:0', requires_grad=True)
Parameter containing:
tensor(-1.2757, device='cuda:0', requires_grad=True)
Parameter containing:
tensor(-1.2765, device='cuda:0', requires_grad=True)
Parameter containing:
tensor(-1.2773, device='cuda:0', requires_grad=True)
Parameter containing:
tensor(-1.2780, device='cuda:0', requires_grad=True)
Parameter containing:
tensor(-1.2788, device='cuda:0', requires_grad=True)
Parameter containing:
tensor(-1.2796, device='cuda:0', requires_grad=True)
Parameter containing:
tensor(-1.2804, device='cuda:0', requires_grad=True)
Parameter containing:
tensor(-1.2812, device='cuda:0', requires_grad=True)
Parameter containing:
tensor(-1.2820, device='cuda:0', requires_grad=True)
Parameter containing:
tensor(-1.2828, device='cuda:0', requires_grad=True)
Parameter containing:
tensor(-1.2836, device='cuda:0', requires_grad=True)
Parameter containing:
tensor(-1.2844, device='cuda:0', requires_grad=True)
Parameter containing:
tensor(-1.2853, device='cuda:0', requires_grad=True)
Parameter containing:
tensor(-1.2861, device='cuda:0', requires_grad=True)
Parameter containing:
tensor(-1.2869, device='cuda:0', requires_grad=True)
Parameter containing:
tensor(-1.2878, device='cuda:0', requires_grad=True)
Parameter containing:
tensor(-1.2886, device='cuda:0', requires_grad=True)
Parameter containing:
tensor(-1.2895, device='cuda:0', requires_grad=True)
Parameter containing:
tensor(-1.2903, device='cuda:0', requires_grad=True)
Parameter containing:
tensor(-1.2912, device='cuda:0', requires_grad=True)
Parameter containing:
tensor(-1.2920, device='cuda:0', requires_grad=True)
Parameter containing:
tensor(-1.2928, device='cuda:0', requires_grad=True)
Parameter containing:
tensor(-1.2937, device='cuda:0', requires_grad=True)
Parameter containing:
tensor(-1.2945, device='cuda:0', requires_grad=True)
Parameter containing:
tensor(-1.2953, device='cuda:0', requires_grad=True)
Parameter containing:
tensor(-1.2961, device='cuda:0', requires_grad=True)
Parameter containing:
tensor(-1.2969, device='cuda:0', requires_grad=True)
Parameter containing:
tensor(-1.2977, device='cuda:0', requires_grad=True)
Parameter containing:
tensor(-1.2985, device='cuda:0', requires_grad=True)
Parameter containing:
tensor(-1.2993, device='cuda:0', requires_grad=True)
Parameter containing:
tensor(-1.3001, device='cuda:0', requires_grad=True)
Parameter containing:
tensor(-1.3009, device='cuda:0', requires_grad=True)
Parameter containing:
tensor(-1.3017, device='cuda:0', requires_grad=True)
Parameter containing:
tensor(-1.3024, device='cuda:0', requires_grad=True)
Parameter containing:
tensor(-1.3032, device='cuda:0', requires_grad=True)
Parameter containing:
tensor(-1.3039, device='cuda:0', requires_grad=True)
Parameter containing:
tensor(-1.3046, device='cuda:0', requires_grad=True)
Parameter containing:
tensor(-1.3054, device='cuda:0', requires_grad=True)
Parameter containing:
tensor(-1.3061, device='cuda:0', requires_grad=True)
Parameter containing:
tensor(-1.3069, device='cuda:0', requires_grad=True)
Parameter containing:
tensor(-1.3076, device='cuda:0', requires_grad=True)
Parameter containing:
tensor(-1.3084, device='cuda:0', requires_grad=True)
Parameter containing:
tensor(-1.3092, device='cuda:0', requires_grad=True)
Parameter containing:
tensor(-1.3100, device='cuda:0', requires_grad=True)
Parameter containing:
tensor(-1.3108, device='cuda:0', requires_grad=True)
Parameter containing:
tensor(-1.3115, device='cuda:0', requires_grad=True)
Parameter containing:
tensor(-1.3123, device='cuda:0', requires_grad=True)
Parameter containing:
tensor(-1.3131, device='cuda:0', requires_grad=True)
Parameter containing:
tensor(-1.3139, device='cuda:0', requires_grad=True)
Parameter containing:
tensor(-1.3146, device='cuda:0', requires_grad=True)
Parameter containing:
tensor(-1.3154, device='cuda:0', requires_grad=True)
Parameter containing:
tensor(-1.3162, device='cuda:0', requires_grad=True)
Parameter containing:
tensor(-1.3169, device='cuda:0', requires_grad=True)
Parameter containing:
tensor(-1.3177, device='cuda:0', requires_grad=True)
Parameter containing:
tensor(-1.3185, device='cuda:0', requires_grad=True)
Parameter containing:
tensor(-1.3192, device='cuda:0', requires_grad=True)
Parameter containing:
tensor(-1.3200, device='cuda:0', requires_grad=True)
Parameter containing:
tensor(-1.3207, device='cuda:0', requires_grad=True)
Parameter containing:
tensor(-1.3215, device='cuda:0', requires_grad=True)
Parameter containing:
tensor(-1.3223, device='cuda:0', requires_grad=True)
Parameter containing:
tensor(-1.3230, device='cuda:0', requires_grad=True)
Parameter containing:
tensor(-1.3238, device='cuda:0', requires_grad=True)
Parameter containing:
tensor(-1.3245, device='cuda:0', requires_grad=True)
Parameter containing:
tensor(-1.3253, device='cuda:0', requires_grad=True)
Parameter containing:
tensor(-1.3260, device='cuda:0', requires_grad=True)
Parameter containing:
tensor(-1.3268, device='cuda:0', requires_grad=True)
Parameter containing:
tensor(-1.3275, device='cuda:0', requires_grad=True)
Parameter containing:
tensor(-1.3283, device='cuda:0', requires_grad=True)
Parameter containing:
tensor(-1.3290, device='cuda:0', requires_grad=True)
Parameter containing:
tensor(-1.3298, device='cuda:0', requires_grad=True)
Parameter containing:
tensor(-1.3305, device='cuda:0', requires_grad=True)
Parameter containing:
tensor(-1.3312, device='cuda:0', requires_grad=True)
Parameter containing:
tensor(-1.3319, device='cuda:0', requires_grad=True)
Parameter containing:
tensor(-1.3326, device='cuda:0', requires_grad=True)
Parameter containing:
tensor(-1.3333, device='cuda:0', requires_grad=True)
Parameter containing:
tensor(-1.3340, device='cuda:0', requires_grad=True)
Parameter containing:
tensor(-1.3347, device='cuda:0', requires_grad=True)
Parameter containing:
tensor(-1.3354, device='cuda:0', requires_grad=True)
Parameter containing:
tensor(-1.3361, device='cuda:0', requires_grad=True)
Parameter containing:
tensor(-1.3368, device='cuda:0', requires_grad=True)
Parameter containing:
tensor(-1.3375, device='cuda:0', requires_grad=True)
Parameter containing:
tensor(-1.3381, device='cuda:0', requires_grad=True)
Parameter containing:
tensor(-1.3388, device='cuda:0', requires_grad=True)
Parameter containing:
tensor(-1.3395, device='cuda:0', requires_grad=True)
Parameter containing:
tensor(-1.3402, device='cuda:0', requires_grad=True)
Parameter containing:
tensor(-1.3408, device='cuda:0', requires_grad=True)
Parameter containing:
tensor(-1.3415, device='cuda:0', requires_grad=True)
Parameter containing:
tensor(-1.3422, device='cuda:0', requires_grad=True)
Parameter containing:
tensor(-1.3428, device='cuda:0', requires_grad=True)
Parameter containing:
tensor(-1.3435, device='cuda:0', requires_grad=True)
Parameter containing:
tensor(-1.3442, device='cuda:0', requires_grad=True)
Parameter containing:
tensor(-1.3449, device='cuda:0', requires_grad=True)
Parameter containing:
tensor(-1.3456, device='cuda:0', requires_grad=True)
Parameter containing:
tensor(-1.3463, device='cuda:0', requires_grad=True)
Parameter containing:
tensor(-1.3470, device='cuda:0', requires_grad=True)
Parameter containing:
tensor(-1.3477, device='cuda:0', requires_grad=True)
Parameter containing:
tensor(-1.3484, device='cuda:0', requires_grad=True)
Parameter containing:
tensor(-1.3491, device='cuda:0', requires_grad=True)
Parameter containing:
tensor(-1.3498, device='cuda:0', requires_grad=True)
Parameter containing:
tensor(-1.3504, device='cuda:0', requires_grad=True)
Parameter containing:
tensor(-1.3511, device='cuda:0', requires_grad=True)
Parameter containing:
tensor(-1.3518, device='cuda:0', requires_grad=True)
Parameter containing:
tensor(-1.3525, device='cuda:0', requires_grad=True)
Parameter containing:
tensor(-1.3531, device='cuda:0', requires_grad=True)
Parameter containing:
tensor(-1.3537, device='cuda:0', requires_grad=True)
Parameter containing:
tensor(-1.3543, device='cuda:0', requires_grad=True)
Parameter containing:
tensor(-1.3549, device='cuda:0', requires_grad=True)
Parameter containing:
tensor(-1.3554, device='cuda:0', requires_grad=True)
Parameter containing:
tensor(-1.3560, device='cuda:0', requires_grad=True)
Parameter containing:
tensor(-1.3566, device='cuda:0', requires_grad=True)
Parameter containing:
tensor(-1.3572, device='cuda:0', requires_grad=True)
Parameter containing:
tensor(-1.3578, device='cuda:0', requires_grad=True)
Parameter containing:
tensor(-1.3584, device='cuda:0', requires_grad=True)
Parameter containing:
tensor(-1.3590, device='cuda:0', requires_grad=True)
Parameter containing:
tensor(-1.3597, device='cuda:0', requires_grad=True)
Parameter containing:
tensor(-1.3603, device='cuda:0', requires_grad=True)
Parameter containing:
tensor(-1.3610, device='cuda:0', requires_grad=True)
Parameter containing:
tensor(-1.3617, device='cuda:0', requires_grad=True)
Parameter containing:
tensor(-1.3624, device='cuda:0', requires_grad=True)
Parameter containing:
tensor(-1.3631, device='cuda:0', requires_grad=True)
Parameter containing:
tensor(-1.3638, device='cuda:0', requires_grad=True)
Parameter containing:
tensor(-1.3645, device='cuda:0', requires_grad=True)
Parameter containing:
tensor(-1.3653, device='cuda:0', requires_grad=True)
Parameter containing:
tensor(-1.3660, device='cuda:0', requires_grad=True)
Parameter containing:
tensor(-1.3667, device='cuda:0', requires_grad=True)
Parameter containing:
tensor(-1.3675, device='cuda:0', requires_grad=True)
Parameter containing:
tensor(-1.3682, device='cuda:0', requires_grad=True)
Parameter containing:
tensor(-1.3689, device='cuda:0', requires_grad=True)
Parameter containing:
tensor(-1.3697, device='cuda:0', requires_grad=True)
Parameter containing:
tensor(-1.3704, device='cuda:0', requires_grad=True)
Parameter containing:
tensor(-1.3711, device='cuda:0', requires_grad=True)
Parameter containing:
tensor(-1.3718, device='cuda:0', requires_grad=True)
Parameter containing:
tensor(-1.3724, device='cuda:0', requires_grad=True)
Parameter containing:
tensor(-1.3731, device='cuda:0', requires_grad=True)
Parameter containing:
tensor(-1.3738, device='cuda:0', requires_grad=True)
Parameter containing:
tensor(-1.3745, device='cuda:0', requires_grad=True)
Parameter containing:
tensor(-1.3751, device='cuda:0', requires_grad=True)
Parameter containing:
tensor(-1.3758, device='cuda:0', requires_grad=True)
Parameter containing:
tensor(-1.3765, device='cuda:0', requires_grad=True)
Parameter containing:
tensor(-1.3772, device='cuda:0', requires_grad=True)
Parameter containing:
tensor(-1.3778, device='cuda:0', requires_grad=True)
Parameter containing:
tensor(-1.3785, device='cuda:0', requires_grad=True)
Parameter containing:
tensor(-1.3791, device='cuda:0', requires_grad=True)
Parameter containing:
tensor(-1.3798, device='cuda:0', requires_grad=True)
Parameter containing:
tensor(-1.3804, device='cuda:0', requires_grad=True)
Parameter containing:
tensor(-1.3811, device='cuda:0', requires_grad=True)
Parameter containing:
tensor(-1.3817, device='cuda:0', requires_grad=True)
Parameter containing:
tensor(-1.3824, device='cuda:0', requires_grad=True)
Parameter containing:
tensor(-1.3830, device='cuda:0', requires_grad=True)
Parameter containing:
tensor(-1.3837, device='cuda:0', requires_grad=True)
Parameter containing:
tensor(-1.3843, device='cuda:0', requires_grad=True)
Parameter containing:
tensor(-1.3850, device='cuda:0', requires_grad=True)
Parameter containing:
tensor(-1.3856, device='cuda:0', requires_grad=True)
Parameter containing:
tensor(-1.3863, device='cuda:0', requires_grad=True)
Parameter containing:
tensor(-1.3869, device='cuda:0', requires_grad=True)
Parameter containing:
tensor(-1.3875, device='cuda:0', requires_grad=True)
Parameter containing:
tensor(-1.3882, device='cuda:0', requires_grad=True)
Parameter containing:
tensor(-1.3888, device='cuda:0', requires_grad=True)
Parameter containing:
tensor(-1.3895, device='cuda:0', requires_grad=True)
Parameter containing:
tensor(-1.3901, device='cuda:0', requires_grad=True)
Parameter containing:
tensor(-1.3908, device='cuda:0', requires_grad=True)
Parameter containing:
tensor(-1.3914, device='cuda:0', requires_grad=True)
Parameter containing:
tensor(-1.3921, device='cuda:0', requires_grad=True)
Parameter containing:
tensor(-1.3927, device='cuda:0', requires_grad=True)
Parameter containing:
tensor(-1.3934, device='cuda:0', requires_grad=True)
Parameter containing:
tensor(-1.3940, device='cuda:0', requires_grad=True)
Parameter containing:
tensor(-1.3947, device='cuda:0', requires_grad=True)
Parameter containing:
tensor(-1.3953, device='cuda:0', requires_grad=True)
Parameter containing:
tensor(-1.3960, device='cuda:0', requires_grad=True)
Parameter containing:
tensor(-1.3966, device='cuda:0', requires_grad=True)
Parameter containing:
tensor(-1.3972, device='cuda:0', requires_grad=True)
Parameter containing:
tensor(-1.3977, device='cuda:0', requires_grad=True)
Parameter containing:
tensor(-1.3982, device='cuda:0', requires_grad=True)
Parameter containing:
tensor(-1.3988, device='cuda:0', requires_grad=True)
Parameter containing:
tensor(-1.3993, device='cuda:0', requires_grad=True)
Parameter containing:
tensor(-1.3998, device='cuda:0', requires_grad=True)
Parameter containing:
tensor(-1.4004, device='cuda:0', requires_grad=True)
Parameter containing:
tensor(-1.4009, device='cuda:0', requires_grad=True)
Parameter containing:
tensor(-1.4015, device='cuda:0', requires_grad=True)
Parameter containing:
tensor(-1.4020, device='cuda:0', requires_grad=True)
Parameter containing:
tensor(-1.4026, device='cuda:0', requires_grad=True)
Parameter containing:
tensor(-1.4032, device='cuda:0', requires_grad=True)
Parameter containing:
tensor(-1.4038, device='cuda:0', requires_grad=True)
Parameter containing:
tensor(-1.4044, device='cuda:0', requires_grad=True)
Parameter containing:
tensor(-1.4050, device='cuda:0', requires_grad=True)
Parameter containing:
tensor(-1.4057, device='cuda:0', requires_grad=True)
Parameter containing:
tensor(-1.4063, device='cuda:0', requires_grad=True)
Parameter containing:
tensor(-1.4069, device='cuda:0', requires_grad=True)
Parameter containing:
tensor(-1.4076, device='cuda:0', requires_grad=True)
Parameter containing:
tensor(-1.4082, device='cuda:0', requires_grad=True)
Parameter containing:
tensor(-1.4089, device='cuda:0', requires_grad=True)
Parameter containing:
tensor(-1.4095, device='cuda:0', requires_grad=True)
Parameter containing:
tensor(-1.4102, device='cuda:0', requires_grad=True)
Parameter containing:
tensor(-1.4108, device='cuda:0', requires_grad=True)
Parameter containing:
tensor(-1.4115, device='cuda:0', requires_grad=True)
Parameter containing:
tensor(-1.4121, device='cuda:0', requires_grad=True)
Parameter containing:
tensor(-1.4128, device='cuda:0', requires_grad=True)
Parameter containing:
tensor(-1.4134, device='cuda:0', requires_grad=True)
Parameter containing:
tensor(-1.4140, device='cuda:0', requires_grad=True)
Parameter containing:
tensor(-1.4147, device='cuda:0', requires_grad=True)
Parameter containing:
tensor(-1.4153, device='cuda:0', requires_grad=True)
Parameter containing:
tensor(-1.4159, device='cuda:0', requires_grad=True)
Parameter containing:
tensor(-1.4165, device='cuda:0', requires_grad=True)
Parameter containing:
tensor(-1.4170, device='cuda:0', requires_grad=True)
Parameter containing:
tensor(-1.4177, device='cuda:0', requires_grad=True)
Parameter containing:
tensor(-1.4183, device='cuda:0', requires_grad=True)
Parameter containing:
tensor(-1.4189, device='cuda:0', requires_grad=True)
Parameter containing:
tensor(-1.4195, device='cuda:0', requires_grad=True)
Parameter containing:
tensor(-1.4201, device='cuda:0', requires_grad=True)
Parameter containing:
tensor(-1.4207, device='cuda:0', requires_grad=True)
Parameter containing:
tensor(-1.4213, device='cuda:0', requires_grad=True)
Parameter containing:
tensor(-1.4220, device='cuda:0', requires_grad=True)
Parameter containing:
tensor(-1.4226, device='cuda:0', requires_grad=True)
Parameter containing:
tensor(-1.4233, device='cuda:0', requires_grad=True)
Parameter containing:
tensor(-1.4239, device='cuda:0', requires_grad=True)
Parameter containing:
tensor(-1.4246, device='cuda:0', requires_grad=True)
Parameter containing:
tensor(-1.4253, device='cuda:0', requires_grad=True)
Parameter containing:
tensor(-1.4259, device='cuda:0', requires_grad=True)
Parameter containing:
tensor(-1.4266, device='cuda:0', requires_grad=True)
Parameter containing:
tensor(-1.4273, device='cuda:0', requires_grad=True)
Parameter containing:
tensor(-1.4279, device='cuda:0', requires_grad=True)
Parameter containing:
tensor(-1.4286, device='cuda:0', requires_grad=True)
Parameter containing:
tensor(-1.4292, device='cuda:0', requires_grad=True)
Parameter containing:
tensor(-1.4299, device='cuda:0', requires_grad=True)
Parameter containing:
tensor(-1.4305, device='cuda:0', requires_grad=True)
Parameter containing:
tensor(-1.4311, device='cuda:0', requires_grad=True)
Parameter containing:
tensor(-1.4317, device='cuda:0', requires_grad=True)
Parameter containing:
tensor(-1.4323, device='cuda:0', requires_grad=True)
Parameter containing:
tensor(-1.4328, device='cuda:0', requires_grad=True)
Parameter containing:
tensor(-1.4334, device='cuda:0', requires_grad=True)
Parameter containing:
tensor(-1.4340, device='cuda:0', requires_grad=True)
Parameter containing:
tensor(-1.4346, device='cuda:0', requires_grad=True)
Parameter containing:
tensor(-1.4351, device='cuda:0', requires_grad=True)
Parameter containing:
tensor(-1.4357, device='cuda:0', requires_grad=True)
Parameter containing:
tensor(-1.4363, device='cuda:0', requires_grad=True)
Parameter containing:
tensor(-1.4368, device='cuda:0', requires_grad=True)
Parameter containing:
tensor(-1.4374, device='cuda:0', requires_grad=True)
Parameter containing:
tensor(-1.4380, device='cuda:0', requires_grad=True)
Parameter containing:
tensor(-1.4385, device='cuda:0', requires_grad=True)
Parameter containing:
tensor(-1.4391, device='cuda:0', requires_grad=True)
Parameter containing:
tensor(-1.4396, device='cuda:0', requires_grad=True)
Parameter containing:
tensor(-1.4402, device='cuda:0', requires_grad=True)
Parameter containing:
tensor(-1.4408, device='cuda:0', requires_grad=True)
Parameter containing:
tensor(-1.4413, device='cuda:0', requires_grad=True)
Parameter containing:
tensor(-1.4419, device='cuda:0', requires_grad=True)
Parameter containing:
tensor(-1.4425, device='cuda:0', requires_grad=True)
Parameter containing:
tensor(-1.4431, device='cuda:0', requires_grad=True)
Parameter containing:
tensor(-1.4437, device='cuda:0', requires_grad=True)
Parameter containing:
tensor(-1.4443, device='cuda:0', requires_grad=True)
Parameter containing:
tensor(-1.4448, device='cuda:0', requires_grad=True)
Parameter containing:
tensor(-1.4454, device='cuda:0', requires_grad=True)
Parameter containing:
tensor(-1.4460, device='cuda:0', requires_grad=True)
Parameter containing:
tensor(-1.4466, device='cuda:0', requires_grad=True)
Parameter containing:
tensor(-1.4472, device='cuda:0', requires_grad=True)
Parameter containing:
tensor(-1.4478, device='cuda:0', requires_grad=True)
Parameter containing:
tensor(-1.4483, device='cuda:0', requires_grad=True)
Parameter containing:
tensor(-1.4489, device='cuda:0', requires_grad=True)
Parameter containing:
tensor(-1.4495, device='cuda:0', requires_grad=True)
Parameter containing:
tensor(-1.4501, device='cuda:0', requires_grad=True)
Parameter containing:
tensor(-1.4506, device='cuda:0', requires_grad=True)
Parameter containing:
tensor(-1.4512, device='cuda:0', requires_grad=True)
Parameter containing:
tensor(-1.4518, device='cuda:0', requires_grad=True)
Parameter containing:
tensor(-1.4524, device='cuda:0', requires_grad=True)
Parameter containing:
tensor(-1.4529, device='cuda:0', requires_grad=True)
Parameter containing:
tensor(-1.4535, device='cuda:0', requires_grad=True)
Parameter containing:
tensor(-1.4540, device='cuda:0', requires_grad=True)
Parameter containing:
tensor(-1.4546, device='cuda:0', requires_grad=True)
Parameter containing:
tensor(-1.4551, device='cuda:0', requires_grad=True)
Parameter containing:
tensor(-1.4557, device='cuda:0', requires_grad=True)
Parameter containing:
tensor(-1.4562, device='cuda:0', requires_grad=True)
Parameter containing:
tensor(-1.4567, device='cuda:0', requires_grad=True)
Parameter containing:
tensor(-1.4573, device='cuda:0', requires_grad=True)
Parameter containing:
tensor(-1.4578, device='cuda:0', requires_grad=True)
Parameter containing:
tensor(-1.4583, device='cuda:0', requires_grad=True)
Parameter containing:
tensor(-1.4589, device='cuda:0', requires_grad=True)
Parameter containing:
tensor(-1.4593, device='cuda:0', requires_grad=True)
Parameter containing:
tensor(-1.4598, device='cuda:0', requires_grad=True)
Parameter containing:
tensor(-1.4603, device='cuda:0', requires_grad=True)
Parameter containing:
tensor(-1.4608, device='cuda:0', requires_grad=True)
Parameter containing:
tensor(-1.4613, device='cuda:0', requires_grad=True)
Parameter containing:
tensor(-1.4618, device='cuda:0', requires_grad=True)
Parameter containing:
tensor(-1.4624, device='cuda:0', requires_grad=True)
Parameter containing:
tensor(-1.4629, device='cuda:0', requires_grad=True)
Parameter containing:
tensor(-1.4634, device='cuda:0', requires_grad=True)
Parameter containing:
tensor(-1.4640, device='cuda:0', requires_grad=True)
Parameter containing:
tensor(-1.4646, device='cuda:0', requires_grad=True)
Parameter containing:
tensor(-1.4652, device='cuda:0', requires_grad=True)
Parameter containing:
tensor(-1.4658, device='cuda:0', requires_grad=True)
Parameter containing:
tensor(-1.4664, device='cuda:0', requires_grad=True)
Parameter containing:
tensor(-1.4670, device='cuda:0', requires_grad=True)
Parameter containing:
tensor(-1.4676, device='cuda:0', requires_grad=True)
Parameter containing:
tensor(-1.4682, device='cuda:0', requires_grad=True)
Parameter containing:
tensor(-1.4688, device='cuda:0', requires_grad=True)
Parameter containing:
tensor(-1.4694, device='cuda:0', requires_grad=True)
Parameter containing:
tensor(-1.4700, device='cuda:0', requires_grad=True)
Parameter containing:
tensor(-1.4706, device='cuda:0', requires_grad=True)
Parameter containing:
tensor(-1.4712, device='cuda:0', requires_grad=True)
Parameter containing:
tensor(-1.4718, device='cuda:0', requires_grad=True)
Parameter containing:
tensor(-1.4723, device='cuda:0', requires_grad=True)
Parameter containing:
tensor(-1.4729, device='cuda:0', requires_grad=True)
Parameter containing:
tensor(-1.4735, device='cuda:0', requires_grad=True)
Parameter containing:
tensor(-1.4741, device='cuda:0', requires_grad=True)
Parameter containing:
tensor(-1.4747, device='cuda:0', requires_grad=True)
Parameter containing:
tensor(-1.4752, device='cuda:0', requires_grad=True)
Parameter containing:
tensor(-1.4758, device='cuda:0', requires_grad=True)
Parameter containing:
tensor(-1.4763, device='cuda:0', requires_grad=True)
Parameter containing:
tensor(-1.4769, device='cuda:0', requires_grad=True)
Parameter containing:
tensor(-1.4774, device='cuda:0', requires_grad=True)
Parameter containing:
tensor(-1.4779, device='cuda:0', requires_grad=True)
Parameter containing:
tensor(-1.4784, device='cuda:0', requires_grad=True)
Parameter containing:
tensor(-1.4789, device='cuda:0', requires_grad=True)
Parameter containing:
tensor(-1.4795, device='cuda:0', requires_grad=True)
Parameter containing:
tensor(-1.4800, device='cuda:0', requires_grad=True)
Parameter containing:
tensor(-1.4805, device='cuda:0', requires_grad=True)
Parameter containing:
tensor(-1.4810, device='cuda:0', requires_grad=True)
Parameter containing:
tensor(-1.4816, device='cuda:0', requires_grad=True)
Parameter containing:
tensor(-1.4821, device='cuda:0', requires_grad=True)
Parameter containing:
tensor(-1.4826, device='cuda:0', requires_grad=True)
Parameter containing:
tensor(-1.4831, device='cuda:0', requires_grad=True)
Parameter containing:
tensor(-1.4836, device='cuda:0', requires_grad=True)
Parameter containing:
tensor(-1.4841, device='cuda:0', requires_grad=True)
Parameter containing:
tensor(-1.4846, device='cuda:0', requires_grad=True)
Parameter containing:
tensor(-1.4851, device='cuda:0', requires_grad=True)
Parameter containing:
tensor(-1.4856, device='cuda:0', requires_grad=True)
Parameter containing:
tensor(-1.4861, device='cuda:0', requires_grad=True)
Parameter containing:
tensor(-1.4866, device='cuda:0', requires_grad=True)
Parameter containing:
tensor(-1.4870, device='cuda:0', requires_grad=True)
Parameter containing:
tensor(-1.4874, device='cuda:0', requires_grad=True)
Parameter containing:
tensor(-1.4878, device='cuda:0', requires_grad=True)
Parameter containing:
tensor(-1.4882, device='cuda:0', requires_grad=True)
Parameter containing:
tensor(-1.4886, device='cuda:0', requires_grad=True)
Parameter containing:
tensor(-1.4890, device='cuda:0', requires_grad=True)
Parameter containing:
tensor(-1.4895, device='cuda:0', requires_grad=True)
Parameter containing:
tensor(-1.4899, device='cuda:0', requires_grad=True)
Parameter containing:
tensor(-1.4902, device='cuda:0', requires_grad=True)
Parameter containing:
tensor(-1.4907, device='cuda:0', requires_grad=True)
Parameter containing:
tensor(-1.4911, device='cuda:0', requires_grad=True)
Parameter containing:
tensor(-1.4915, device='cuda:0', requires_grad=True)
Parameter containing:
tensor(-1.4920, device='cuda:0', requires_grad=True)
Parameter containing:
tensor(-1.4924, device='cuda:0', requires_grad=True)
Parameter containing:
tensor(-1.4928, device='cuda:0', requires_grad=True)
Parameter containing:
tensor(-1.4933, device='cuda:0', requires_grad=True)
Parameter containing:
tensor(-1.4937, device='cuda:0', requires_grad=True)
Parameter containing:
tensor(-1.4942, device='cuda:0', requires_grad=True)
Parameter containing:
tensor(-1.4947, device='cuda:0', requires_grad=True)
Parameter containing:
tensor(-1.4951, device='cuda:0', requires_grad=True)
Parameter containing:
tensor(-1.4956, device='cuda:0', requires_grad=True)
Parameter containing:
tensor(-1.4961, device='cuda:0', requires_grad=True)
Parameter containing:
tensor(-1.4966, device='cuda:0', requires_grad=True)
Parameter containing:
tensor(-1.4970, device='cuda:0', requires_grad=True)
Parameter containing:
tensor(-1.4975, device='cuda:0', requires_grad=True)
Parameter containing:
tensor(-1.4980, device='cuda:0', requires_grad=True)
Parameter containing:
tensor(-1.4985, device='cuda:0', requires_grad=True)
Parameter containing:
tensor(-1.4990, device='cuda:0', requires_grad=True)
Parameter containing:
tensor(-1.4995, device='cuda:0', requires_grad=True)
Parameter containing:
tensor(-1.5000, device='cuda:0', requires_grad=True)
Parameter containing:
tensor(-1.5005, device='cuda:0', requires_grad=True)
Parameter containing:
tensor(-1.5011, device='cuda:0', requires_grad=True)
Parameter containing:
tensor(-1.5015, device='cuda:0', requires_grad=True)
Parameter containing:
tensor(-1.5020, device='cuda:0', requires_grad=True)
Parameter containing:
tensor(-1.5025, device='cuda:0', requires_grad=True)
Parameter containing:
tensor(-1.5029, device='cuda:0', requires_grad=True)
Parameter containing:
tensor(-1.5034, device='cuda:0', requires_grad=True)
Parameter containing:
tensor(-1.5039, device='cuda:0', requires_grad=True)
Parameter containing:
tensor(-1.5043, device='cuda:0', requires_grad=True)
Parameter containing:
tensor(-1.5048, device='cuda:0', requires_grad=True)
Parameter containing:
tensor(-1.5052, device='cuda:0', requires_grad=True)
Parameter containing:
tensor(-1.5057, device='cuda:0', requires_grad=True)
Parameter containing:
tensor(-1.5062, device='cuda:0', requires_grad=True)
Parameter containing:
tensor(-1.5067, device='cuda:0', requires_grad=True)
Parameter containing:
tensor(-1.5071, device='cuda:0', requires_grad=True)
Parameter containing:
tensor(-1.5076, device='cuda:0', requires_grad=True)
Parameter containing:
tensor(-1.5080, device='cuda:0', requires_grad=True)
Parameter containing:
tensor(-1.5085, device='cuda:0', requires_grad=True)
Parameter containing:
tensor(-1.5090, device='cuda:0', requires_grad=True)
Parameter containing:
tensor(-1.5094, device='cuda:0', requires_grad=True)
Parameter containing:
tensor(-1.5099, device='cuda:0', requires_grad=True)
Parameter containing:
tensor(-1.5103, device='cuda:0', requires_grad=True)
Parameter containing:
tensor(-1.5108, device='cuda:0', requires_grad=True)
Parameter containing:
tensor(-1.5113, device='cuda:0', requires_grad=True)
Parameter containing:
tensor(-1.5117, device='cuda:0', requires_grad=True)
Parameter containing:
tensor(-1.5122, device='cuda:0', requires_grad=True)
Parameter containing:
tensor(-1.5127, device='cuda:0', requires_grad=True)
Parameter containing:
tensor(-1.5132, device='cuda:0', requires_grad=True)
Parameter containing:
tensor(-1.5136, device='cuda:0', requires_grad=True)
Parameter containing:
tensor(-1.5141, device='cuda:0', requires_grad=True)
Parameter containing:
tensor(-1.5146, device='cuda:0', requires_grad=True)
Parameter containing:
tensor(-1.5151, device='cuda:0', requires_grad=True)
Parameter containing:
tensor(-1.5156, device='cuda:0', requires_grad=True)
Parameter containing:
tensor(-1.5160, device='cuda:0', requires_grad=True)
Parameter containing:
tensor(-1.5164, device='cuda:0', requires_grad=True)
Parameter containing:
tensor(-1.5168, device='cuda:0', requires_grad=True)
Parameter containing:
tensor(-1.5171, device='cuda:0', requires_grad=True)
Parameter containing:
tensor(-1.5175, device='cuda:0', requires_grad=True)
Parameter containing:
tensor(-1.5179, device='cuda:0', requires_grad=True)
Parameter containing:
tensor(-1.5183, device='cuda:0', requires_grad=True)
Parameter containing:
tensor(-1.5187, device='cuda:0', requires_grad=True)
Parameter containing:
tensor(-1.5191, device='cuda:0', requires_grad=True)
Parameter containing:
tensor(-1.5195, device='cuda:0', requires_grad=True)
Parameter containing:
tensor(-1.5199, device='cuda:0', requires_grad=True)
Parameter containing:
tensor(-1.5204, device='cuda:0', requires_grad=True)
Parameter containing:
tensor(-1.5208, device='cuda:0', requires_grad=True)
Parameter containing:
tensor(-1.5213, device='cuda:0', requires_grad=True)
Parameter containing:
tensor(-1.5217, device='cuda:0', requires_grad=True)
Parameter containing:
tensor(-1.5222, device='cuda:0', requires_grad=True)
Parameter containing:
tensor(-1.5227, device='cuda:0', requires_grad=True)
Parameter containing:
tensor(-1.5232, device='cuda:0', requires_grad=True)
Parameter containing:
tensor(-1.5236, device='cuda:0', requires_grad=True)
Parameter containing:
tensor(-1.5241, device='cuda:0', requires_grad=True)
Parameter containing:
tensor(-1.5246, device='cuda:0', requires_grad=True)
Parameter containing:
tensor(-1.5251, device='cuda:0', requires_grad=True)
Parameter containing:
tensor(-1.5256, device='cuda:0', requires_grad=True)
Parameter containing:
tensor(-1.5260, device='cuda:0', requires_grad=True)
Parameter containing:
tensor(-1.5264, device='cuda:0', requires_grad=True)
Parameter containing:
tensor(-1.5268, device='cuda:0', requires_grad=True)
Parameter containing:
tensor(-1.5272, device='cuda:0', requires_grad=True)
Parameter containing:
tensor(-1.5276, device='cuda:0', requires_grad=True)
Parameter containing:
tensor(-1.5281, device='cuda:0', requires_grad=True)
Parameter containing:
tensor(-1.5285, device='cuda:0', requires_grad=True)
Parameter containing:
tensor(-1.5290, device='cuda:0', requires_grad=True)
Parameter containing:
tensor(-1.5294, device='cuda:0', requires_grad=True)
Parameter containing:
tensor(-1.5299, device='cuda:0', requires_grad=True)
Parameter containing:
tensor(-1.5304, device='cuda:0', requires_grad=True)
Parameter containing:
tensor(-1.5308, device='cuda:0', requires_grad=True)
Parameter containing:
tensor(-1.5313, device='cuda:0', requires_grad=True)
Parameter containing:
tensor(-1.5318, device='cuda:0', requires_grad=True)
Parameter containing:
tensor(-1.5323, device='cuda:0', requires_grad=True)
Parameter containing:
tensor(-1.5327, device='cuda:0', requires_grad=True)
Parameter containing:
tensor(-1.5332, device='cuda:0', requires_grad=True)
Parameter containing:
tensor(-1.5337, device='cuda:0', requires_grad=True)
Parameter containing:
tensor(-1.5341, device='cuda:0', requires_grad=True)
Parameter containing:
tensor(-1.5346, device='cuda:0', requires_grad=True)
Parameter containing:
tensor(-1.5350, device='cuda:0', requires_grad=True)
Parameter containing:
tensor(-1.5355, device='cuda:0', requires_grad=True)
Parameter containing:
tensor(-1.5359, device='cuda:0', requires_grad=True)
Parameter containing:
tensor(-1.5364, device='cuda:0', requires_grad=True)
Parameter containing:
tensor(-1.5368, device='cuda:0', requires_grad=True)
Parameter containing:
tensor(-1.5373, device='cuda:0', requires_grad=True)
Parameter containing:
tensor(-1.5377, device='cuda:0', requires_grad=True)
Parameter containing:
tensor(-1.5381, device='cuda:0', requires_grad=True)
Parameter containing:
tensor(-1.5385, device='cuda:0', requires_grad=True)
Parameter containing:
tensor(-1.5390, device='cuda:0', requires_grad=True)
Parameter containing:
tensor(-1.5393, device='cuda:0', requires_grad=True)
Parameter containing:
tensor(-1.5395, device='cuda:0', requires_grad=True)
Parameter containing:
tensor(-1.5396, device='cuda:0', requires_grad=True)
Parameter containing:
tensor(-1.5397, device='cuda:0', requires_grad=True)
Parameter containing:
tensor(-1.5397, device='cuda:0', requires_grad=True)
Parameter containing:
tensor(-1.5398, device='cuda:0', requires_grad=True)
Parameter containing:
tensor(-1.5398, device='cuda:0', requires_grad=True)
Parameter containing:
tensor(-1.5398, device='cuda:0', requires_grad=True)
Parameter containing:
tensor(-1.5399, device='cuda:0', requires_grad=True)
Parameter containing:
tensor(-1.5399, device='cuda:0', requires_grad=True)
Parameter containing:
tensor(-1.5400, device='cuda:0', requires_grad=True)
Parameter containing:
tensor(-1.5402, device='cuda:0', requires_grad=True)
Parameter containing:
tensor(-1.5403, device='cuda:0', requires_grad=True)
Parameter containing:
tensor(-1.5405, device='cuda:0', requires_grad=True)
Parameter containing:
tensor(-1.5407, device='cuda:0', requires_grad=True)
Parameter containing:
tensor(-1.5410, device='cuda:0', requires_grad=True)
Parameter containing:
tensor(-1.5412, device='cuda:0', requires_grad=True)
Parameter containing:
tensor(-1.5416, device='cuda:0', requires_grad=True)
Parameter containing:
tensor(-1.5419, device='cuda:0', requires_grad=True)
Parameter containing:
tensor(-1.5422, device='cuda:0', requires_grad=True)
Parameter containing:
tensor(-1.5426, device='cuda:0', requires_grad=True)
Parameter containing:
tensor(-1.5430, device='cuda:0', requires_grad=True)
Parameter containing:
tensor(-1.5434, device='cuda:0', requires_grad=True)
Parameter containing:
tensor(-1.5438, device='cuda:0', requires_grad=True)
Parameter containing:
tensor(-1.5442, device='cuda:0', requires_grad=True)
Parameter containing:
tensor(-1.5446, device='cuda:0', requires_grad=True)
Parameter containing:
tensor(-1.5450, device='cuda:0', requires_grad=True)
Parameter containing:
tensor(-1.5454, device='cuda:0', requires_grad=True)
Parameter containing:
tensor(-1.5458, device='cuda:0', requires_grad=True)
Parameter containing:
tensor(-1.5463, device='cuda:0', requires_grad=True)
Parameter containing:
tensor(-1.5467, device='cuda:0', requires_grad=True)
Parameter containing:
tensor(-1.5471, device='cuda:0', requires_grad=True)
Parameter containing:
tensor(-1.5475, device='cuda:0', requires_grad=True)
Parameter containing:
tensor(-1.5480, device='cuda:0', requires_grad=True)
Parameter containing:
tensor(-1.5484, device='cuda:0', requires_grad=True)
Parameter containing:
tensor(-1.5489, device='cuda:0', requires_grad=True)
Parameter containing:
tensor(-1.5493, device='cuda:0', requires_grad=True)
Parameter containing:
tensor(-1.5497, device='cuda:0', requires_grad=True)
Parameter containing:
tensor(-1.5502, device='cuda:0', requires_grad=True)
Parameter containing:
tensor(-1.5506, device='cuda:0', requires_grad=True)
Parameter containing:
tensor(-1.5511, device='cuda:0', requires_grad=True)
Parameter containing:
tensor(-1.5515, device='cuda:0', requires_grad=True)
Parameter containing:
tensor(-1.5519, device='cuda:0', requires_grad=True)
Parameter containing:
tensor(-1.5524, device='cuda:0', requires_grad=True)
Parameter containing:
tensor(-1.5528, device='cuda:0', requires_grad=True)
Parameter containing:
tensor(-1.5532, device='cuda:0', requires_grad=True)
Parameter containing:
tensor(-1.5535, device='cuda:0', requires_grad=True)
Parameter containing:
tensor(-1.5539, device='cuda:0', requires_grad=True)
Parameter containing:
tensor(-1.5542, device='cuda:0', requires_grad=True)
Parameter containing:
tensor(-1.5546, device='cuda:0', requires_grad=True)
Parameter containing:
tensor(-1.5549, device='cuda:0', requires_grad=True)
Parameter containing:
tensor(-1.5553, device='cuda:0', requires_grad=True)
Parameter containing:
tensor(-1.5557, device='cuda:0', requires_grad=True)
Parameter containing:
tensor(-1.5561, device='cuda:0', requires_grad=True)
Parameter containing:
tensor(-1.5565, device='cuda:0', requires_grad=True)
Parameter containing:
tensor(-1.5570, device='cuda:0', requires_grad=True)
Parameter containing:
tensor(-1.5574, device='cuda:0', requires_grad=True)
Parameter containing:
tensor(-1.5579, device='cuda:0', requires_grad=True)
Parameter containing:
tensor(-1.5583, device='cuda:0', requires_grad=True)
Parameter containing:
tensor(-1.5588, device='cuda:0', requires_grad=True)
Parameter containing:
tensor(-1.5593, device='cuda:0', requires_grad=True)
Parameter containing:
tensor(-1.5598, device='cuda:0', requires_grad=True)
Parameter containing:
tensor(-1.5603, device='cuda:0', requires_grad=True)
Parameter containing:
tensor(-1.5608, device='cuda:0', requires_grad=True)
Parameter containing:
tensor(-1.5613, device='cuda:0', requires_grad=True)
Parameter containing:
tensor(-1.5618, device='cuda:0', requires_grad=True)
Parameter containing:
tensor(-1.5623, device='cuda:0', requires_grad=True)
Parameter containing:
tensor(-1.5627, device='cuda:0', requires_grad=True)
Parameter containing:
tensor(-1.5632, device='cuda:0', requires_grad=True)
Parameter containing:
tensor(-1.5636, device='cuda:0', requires_grad=True)
Parameter containing:
tensor(-1.5641, device='cuda:0', requires_grad=True)
Parameter containing:
tensor(-1.5645, device='cuda:0', requires_grad=True)
Parameter containing:
tensor(-1.5650, device='cuda:0', requires_grad=True)
Parameter containing:
tensor(-1.5654, device='cuda:0', requires_grad=True)
Parameter containing:
tensor(-1.5658, device='cuda:0', requires_grad=True)
Parameter containing:
tensor(-1.5662, device='cuda:0', requires_grad=True)
Parameter containing:
tensor(-1.5666, device='cuda:0', requires_grad=True)
Parameter containing:
tensor(-1.5669, device='cuda:0', requires_grad=True)
Parameter containing:
tensor(-1.5672, device='cuda:0', requires_grad=True)
Parameter containing:
tensor(-1.5675, device='cuda:0', requires_grad=True)
Parameter containing:
tensor(-1.5678, device='cuda:0', requires_grad=True)
Parameter containing:
tensor(-1.5682, device='cuda:0', requires_grad=True)
Parameter containing:
tensor(-1.5685, device='cuda:0', requires_grad=True)
Parameter containing:
tensor(-1.5688, device='cuda:0', requires_grad=True)
Parameter containing:
tensor(-1.5692, device='cuda:0', requires_grad=True)
Parameter containing:
tensor(-1.5696, device='cuda:0', requires_grad=True)
Parameter containing:
tensor(-1.5700, device='cuda:0', requires_grad=True)
Parameter containing:
tensor(-1.5704, device='cuda:0', requires_grad=True)
Parameter containing:
tensor(-1.5708, device='cuda:0', requires_grad=True)
Parameter containing:
tensor(-1.5712, device='cuda:0', requires_grad=True)
Parameter containing:
tensor(-1.5716, device='cuda:0', requires_grad=True)
Parameter containing:
tensor(-1.5720, device='cuda:0', requires_grad=True)
Parameter containing:
tensor(-1.5725, device='cuda:0', requires_grad=True)
Parameter containing:
tensor(-1.5729, device='cuda:0', requires_grad=True)
Parameter containing:
tensor(-1.5733, device='cuda:0', requires_grad=True)
Parameter containing:
tensor(-1.5737, device='cuda:0', requires_grad=True)
Parameter containing:
tensor(-1.5742, device='cuda:0', requires_grad=True)
Parameter containing:
tensor(-1.5746, device='cuda:0', requires_grad=True)
Parameter containing:
tensor(-1.5750, device='cuda:0', requires_grad=True)
Parameter containing:
tensor(-1.5754, device='cuda:0', requires_grad=True)
Parameter containing:
tensor(-1.5759, device='cuda:0', requires_grad=True)
Parameter containing:
tensor(-1.5763, device='cuda:0', requires_grad=True)
Parameter containing:
tensor(-1.5767, device='cuda:0', requires_grad=True)
Parameter containing:
tensor(-1.5771, device='cuda:0', requires_grad=True)
Parameter containing:
tensor(-1.5775, device='cuda:0', requires_grad=True)
Parameter containing:
tensor(-1.5779, device='cuda:0', requires_grad=True)
Parameter containing:
tensor(-1.5782, device='cuda:0', requires_grad=True)
Parameter containing:
tensor(-1.5785, device='cuda:0', requires_grad=True)
Parameter containing:
tensor(-1.5787, device='cuda:0', requires_grad=True)
Parameter containing:
tensor(-1.5789, device='cuda:0', requires_grad=True)
Parameter containing:
tensor(-1.5792, device='cuda:0', requires_grad=True)
Parameter containing:
tensor(-1.5794, device='cuda:0', requires_grad=True)
Parameter containing:
tensor(-1.5797, device='cuda:0', requires_grad=True)
Parameter containing:
tensor(-1.5799, device='cuda:0', requires_grad=True)
Parameter containing:
tensor(-1.5802, device='cuda:0', requires_grad=True)
Parameter containing:
tensor(-1.5805, device='cuda:0', requires_grad=True)
Parameter containing:
tensor(-1.5808, device='cuda:0', requires_grad=True)
Parameter containing:
tensor(-1.5811, device='cuda:0', requires_grad=True)
Parameter containing:
tensor(-1.5815, device='cuda:0', requires_grad=True)
Parameter containing:
tensor(-1.5818, device='cuda:0', requires_grad=True)
Parameter containing:
tensor(-1.5822, device='cuda:0', requires_grad=True)
Parameter containing:
tensor(-1.5825, device='cuda:0', requires_grad=True)
Parameter containing:
tensor(-1.5829, device='cuda:0', requires_grad=True)
Parameter containing:
tensor(-1.5832, device='cuda:0', requires_grad=True)
Parameter containing:
tensor(-1.5836, device='cuda:0', requires_grad=True)
Parameter containing:
tensor(-1.5839, device='cuda:0', requires_grad=True)
Parameter containing:
tensor(-1.5843, device='cuda:0', requires_grad=True)
Parameter containing:
tensor(-1.5847, device='cuda:0', requires_grad=True)
Parameter containing:
tensor(-1.5850, device='cuda:0', requires_grad=True)
Parameter containing:
tensor(-1.5854, device='cuda:0', requires_grad=True)
Parameter containing:
tensor(-1.5858, device='cuda:0', requires_grad=True)
Parameter containing:
tensor(-1.5862, device='cuda:0', requires_grad=True)
Parameter containing:
tensor(-1.5866, device='cuda:0', requires_grad=True)
Parameter containing:
tensor(-1.5869, device='cuda:0', requires_grad=True)
Parameter containing:
tensor(-1.5873, device='cuda:0', requires_grad=True)
Parameter containing:
tensor(-1.5877, device='cuda:0', requires_grad=True)
Parameter containing:
tensor(-1.5880, device='cuda:0', requires_grad=True)
Parameter containing:
tensor(-1.5884, device='cuda:0', requires_grad=True)
Parameter containing:
tensor(-1.5888, device='cuda:0', requires_grad=True)
Parameter containing:
tensor(-1.5891, device='cuda:0', requires_grad=True)
Parameter containing:
tensor(-1.5895, device='cuda:0', requires_grad=True)
Parameter containing:
tensor(-1.5899, device='cuda:0', requires_grad=True)
Parameter containing:
tensor(-1.5902, device='cuda:0', requires_grad=True)
Parameter containing:
tensor(-1.5905, device='cuda:0', requires_grad=True)
Parameter containing:
tensor(-1.5908, device='cuda:0', requires_grad=True)
Parameter containing:
tensor(-1.5912, device='cuda:0', requires_grad=True)
Parameter containing:
tensor(-1.5915, device='cuda:0', requires_grad=True)
Parameter containing:
tensor(-1.5918, device='cuda:0', requires_grad=True)
Parameter containing:
tensor(-1.5921, device='cuda:0', requires_grad=True)
Parameter containing:
tensor(-1.5925, device='cuda:0', requires_grad=True)
Parameter containing:
tensor(-1.5928, device='cuda:0', requires_grad=True)
Parameter containing:
tensor(-1.5931, device='cuda:0', requires_grad=True)
Parameter containing:
tensor(-1.5934, device='cuda:0', requires_grad=True)
Parameter containing:
tensor(-1.5937, device='cuda:0', requires_grad=True)
Parameter containing:
tensor(-1.5939, device='cuda:0', requires_grad=True)
Parameter containing:
tensor(-1.5942, device='cuda:0', requires_grad=True)
Parameter containing:
tensor(-1.5944, device='cuda:0', requires_grad=True)
Parameter containing:
tensor(-1.5947, device='cuda:0', requires_grad=True)
Parameter containing:
tensor(-1.5950, device='cuda:0', requires_grad=True)
Parameter containing:
tensor(-1.5953, device='cuda:0', requires_grad=True)
Parameter containing:
tensor(-1.5955, device='cuda:0', requires_grad=True)
Parameter containing:
tensor(-1.5958, device='cuda:0', requires_grad=True)
Parameter containing:
tensor(-1.5961, device='cuda:0', requires_grad=True)
Parameter containing:
tensor(-1.5965, device='cuda:0', requires_grad=True)
Parameter containing:
tensor(-1.5968, device='cuda:0', requires_grad=True)
Parameter containing:
tensor(-1.5971, device='cuda:0', requires_grad=True)
Parameter containing:
tensor(-1.5974, device='cuda:0', requires_grad=True)
Parameter containing:
tensor(-1.5977, device='cuda:0', requires_grad=True)
Parameter containing:
tensor(-1.5979, device='cuda:0', requires_grad=True)
Parameter containing:
tensor(-1.5982, device='cuda:0', requires_grad=True)
Parameter containing:
tensor(-1.5985, device='cuda:0', requires_grad=True)
Parameter containing:
tensor(-1.5988, device='cuda:0', requires_grad=True)
Parameter containing:
tensor(-1.5991, device='cuda:0', requires_grad=True)
Parameter containing:
tensor(-1.5994, device='cuda:0', requires_grad=True)
Parameter containing:
tensor(-1.5997, device='cuda:0', requires_grad=True)
Parameter containing:
tensor(-1.5999, device='cuda:0', requires_grad=True)
Parameter containing:
tensor(-1.6002, device='cuda:0', requires_grad=True)
Parameter containing:
tensor(-1.6005, device='cuda:0', requires_grad=True)
Parameter containing:
tensor(-1.6008, device='cuda:0', requires_grad=True)
Parameter containing:
tensor(-1.6011, device='cuda:0', requires_grad=True)
Parameter containing:
tensor(-1.6014, device='cuda:0', requires_grad=True)
Parameter containing:
tensor(-1.6017, device='cuda:0', requires_grad=True)
Parameter containing:
tensor(-1.6019, device='cuda:0', requires_grad=True)
Parameter containing:
tensor(-1.6022, device='cuda:0', requires_grad=True)
Parameter containing:
tensor(-1.6024, device='cuda:0', requires_grad=True)
Parameter containing:
tensor(-1.6025, device='cuda:0', requires_grad=True)
Parameter containing:
tensor(-1.6027, device='cuda:0', requires_grad=True)
Parameter containing:
tensor(-1.6028, device='cuda:0', requires_grad=True)
Parameter containing:
tensor(-1.6030, device='cuda:0', requires_grad=True)
Parameter containing:
tensor(-1.6032, device='cuda:0', requires_grad=True)
Parameter containing:
tensor(-1.6034, device='cuda:0', requires_grad=True)
Parameter containing:
tensor(-1.6036, device='cuda:0', requires_grad=True)
Parameter containing:
tensor(-1.6039, device='cuda:0', requires_grad=True)
Parameter containing:
tensor(-1.6042, device='cuda:0', requires_grad=True)
Parameter containing:
tensor(-1.6044, device='cuda:0', requires_grad=True)
Parameter containing:
tensor(-1.6047, device='cuda:0', requires_grad=True)
Parameter containing:
tensor(-1.6050, device='cuda:0', requires_grad=True)
Parameter containing:
tensor(-1.6054, device='cuda:0', requires_grad=True)
Parameter containing:
tensor(-1.6057, device='cuda:0', requires_grad=True)
Parameter containing:
tensor(-1.6060, device='cuda:0', requires_grad=True)
Parameter containing:
tensor(-1.6063, device='cuda:0', requires_grad=True)
Parameter containing:
tensor(-1.6067, device='cuda:0', requires_grad=True)
Parameter containing:
tensor(-1.6070, device='cuda:0', requires_grad=True)
Parameter containing:
tensor(-1.6073, device='cuda:0', requires_grad=True)
Parameter containing:
tensor(-1.6076, device='cuda:0', requires_grad=True)
Parameter containing:
tensor(-1.6079, device='cuda:0', requires_grad=True)
Parameter containing:
tensor(-1.6082, device='cuda:0', requires_grad=True)
Parameter containing:
tensor(-1.6085, device='cuda:0', requires_grad=True)
Parameter containing:
tensor(-1.6087, device='cuda:0', requires_grad=True)
Parameter containing:
tensor(-1.6090, device='cuda:0', requires_grad=True)
Parameter containing:
tensor(-1.6093, device='cuda:0', requires_grad=True)
Parameter containing:
tensor(-1.6096, device='cuda:0', requires_grad=True)
Parameter containing:
tensor(-1.6098, device='cuda:0', requires_grad=True)
Parameter containing:
tensor(-1.6101, device='cuda:0', requires_grad=True)
Parameter containing:
tensor(-1.6104, device='cuda:0', requires_grad=True)


PS:

Read file <14807190.stderr> for stderr output of this job.

