Sender: LSF System <lsfadmin@ls07>
Subject: Job 14836042: <_gp_17> in cluster <lila> Done

Job <_gp_17> was submitted from host <ls14> by user <wangy1> in cluster <lila> at Thu Jun 11 19:30:06 2020
Job was executed on host(s) <12*ls07>, in queue <gpuqueue>, as user <wangy1> in cluster <lila> at Thu Jun 11 19:30:06 2020
</home/wangy1> was used as the home directory.
</data/chodera/wangyq/pinot/scripts/gp_split> was used as the working directory.
Started at Thu Jun 11 19:30:06 2020
Terminated at Thu Jun 11 19:32:49 2020
Results reported at Thu Jun 11 19:32:49 2020

Your job looked like:

------------------------------------------------------------
# LSBATCH: User input
python ../../pinot/app/gp_train.py --layer GraphConv --out _gp_17 --n_epochs 500 --lr 1e-3 --config 32 tanh 32 tanh 32 tanh --lr 1e-3 --partition 17:83
------------------------------------------------------------

Successfully completed.

Resource usage summary:

    CPU time :                                   483.26 sec.
    Max Memory :                                 2 GB
    Average Memory :                             1.80 GB
    Total Requested Memory :                     48.00 GB
    Delta Memory :                               46.00 GB
    Max Swap :                                   -
    Max Processes :                              3
    Max Threads :                                20
    Run time :                                   163 sec.
    Turnaround time :                            163 sec.

The output (if any) follows:

Parameter containing:
tensor(-3., device='cuda:0', requires_grad=True)
Parameter containing:
tensor(-2.9990, device='cuda:0', requires_grad=True)
Parameter containing:
tensor(-2.9980, device='cuda:0', requires_grad=True)
Parameter containing:
tensor(-2.9970, device='cuda:0', requires_grad=True)
Parameter containing:
tensor(-2.9961, device='cuda:0', requires_grad=True)
Parameter containing:
tensor(-2.9951, device='cuda:0', requires_grad=True)
Parameter containing:
tensor(-2.9941, device='cuda:0', requires_grad=True)
Parameter containing:
tensor(-2.9932, device='cuda:0', requires_grad=True)
Parameter containing:
tensor(-2.9923, device='cuda:0', requires_grad=True)
Parameter containing:
tensor(-2.9914, device='cuda:0', requires_grad=True)
Parameter containing:
tensor(-2.9905, device='cuda:0', requires_grad=True)
Parameter containing:
tensor(-2.9896, device='cuda:0', requires_grad=True)
Parameter containing:
tensor(-2.9887, device='cuda:0', requires_grad=True)
Parameter containing:
tensor(-2.9879, device='cuda:0', requires_grad=True)
Parameter containing:
tensor(-2.9870, device='cuda:0', requires_grad=True)
Parameter containing:
tensor(-2.9862, device='cuda:0', requires_grad=True)
Parameter containing:
tensor(-2.9853, device='cuda:0', requires_grad=True)
Parameter containing:
tensor(-2.9845, device='cuda:0', requires_grad=True)
Parameter containing:
tensor(-2.9838, device='cuda:0', requires_grad=True)
Parameter containing:
tensor(-2.9830, device='cuda:0', requires_grad=True)
Parameter containing:
tensor(-2.9822, device='cuda:0', requires_grad=True)
Parameter containing:
tensor(-2.9814, device='cuda:0', requires_grad=True)
Parameter containing:
tensor(-2.9807, device='cuda:0', requires_grad=True)
Parameter containing:
tensor(-2.9799, device='cuda:0', requires_grad=True)
Parameter containing:
tensor(-2.9792, device='cuda:0', requires_grad=True)
Parameter containing:
tensor(-2.9785, device='cuda:0', requires_grad=True)
Parameter containing:
tensor(-2.9777, device='cuda:0', requires_grad=True)
Parameter containing:
tensor(-2.9770, device='cuda:0', requires_grad=True)
Parameter containing:
tensor(-2.9763, device='cuda:0', requires_grad=True)
Parameter containing:
tensor(-2.9756, device='cuda:0', requires_grad=True)
Parameter containing:
tensor(-2.9749, device='cuda:0', requires_grad=True)
Parameter containing:
tensor(-2.9742, device='cuda:0', requires_grad=True)
Parameter containing:
tensor(-2.9735, device='cuda:0', requires_grad=True)
Parameter containing:
tensor(-2.9729, device='cuda:0', requires_grad=True)
Parameter containing:
tensor(-2.9722, device='cuda:0', requires_grad=True)
Parameter containing:
tensor(-2.9715, device='cuda:0', requires_grad=True)
Parameter containing:
tensor(-2.9709, device='cuda:0', requires_grad=True)
Parameter containing:
tensor(-2.9702, device='cuda:0', requires_grad=True)
Parameter containing:
tensor(-2.9696, device='cuda:0', requires_grad=True)
Parameter containing:
tensor(-2.9690, device='cuda:0', requires_grad=True)
Parameter containing:
tensor(-2.9684, device='cuda:0', requires_grad=True)
Parameter containing:
tensor(-2.9677, device='cuda:0', requires_grad=True)
Parameter containing:
tensor(-2.9671, device='cuda:0', requires_grad=True)
Parameter containing:
tensor(-2.9665, device='cuda:0', requires_grad=True)
Parameter containing:
tensor(-2.9659, device='cuda:0', requires_grad=True)
Parameter containing:
tensor(-2.9653, device='cuda:0', requires_grad=True)
Parameter containing:
tensor(-2.9647, device='cuda:0', requires_grad=True)
Parameter containing:
tensor(-2.9641, device='cuda:0', requires_grad=True)
Parameter containing:
tensor(-2.9636, device='cuda:0', requires_grad=True)
Parameter containing:
tensor(-2.9630, device='cuda:0', requires_grad=True)
Parameter containing:
tensor(-2.9624, device='cuda:0', requires_grad=True)
Parameter containing:
tensor(-2.9618, device='cuda:0', requires_grad=True)
Parameter containing:
tensor(-2.9612, device='cuda:0', requires_grad=True)
Parameter containing:
tensor(-2.9606, device='cuda:0', requires_grad=True)
Parameter containing:
tensor(-2.9601, device='cuda:0', requires_grad=True)
Parameter containing:
tensor(-2.9595, device='cuda:0', requires_grad=True)
Parameter containing:
tensor(-2.9589, device='cuda:0', requires_grad=True)
Parameter containing:
tensor(-2.9583, device='cuda:0', requires_grad=True)
Parameter containing:
tensor(-2.9578, device='cuda:0', requires_grad=True)
Parameter containing:
tensor(-2.9572, device='cuda:0', requires_grad=True)
Parameter containing:
tensor(-2.9566, device='cuda:0', requires_grad=True)
Parameter containing:
tensor(-2.9560, device='cuda:0', requires_grad=True)
Parameter containing:
tensor(-2.9555, device='cuda:0', requires_grad=True)
Parameter containing:
tensor(-2.9549, device='cuda:0', requires_grad=True)
Parameter containing:
tensor(-2.9543, device='cuda:0', requires_grad=True)
Parameter containing:
tensor(-2.9538, device='cuda:0', requires_grad=True)
Parameter containing:
tensor(-2.9532, device='cuda:0', requires_grad=True)
Parameter containing:
tensor(-2.9527, device='cuda:0', requires_grad=True)
Parameter containing:
tensor(-2.9521, device='cuda:0', requires_grad=True)
Parameter containing:
tensor(-2.9515, device='cuda:0', requires_grad=True)
Parameter containing:
tensor(-2.9510, device='cuda:0', requires_grad=True)
Parameter containing:
tensor(-2.9504, device='cuda:0', requires_grad=True)
Parameter containing:
tensor(-2.9499, device='cuda:0', requires_grad=True)
Parameter containing:
tensor(-2.9493, device='cuda:0', requires_grad=True)
Parameter containing:
tensor(-2.9487, device='cuda:0', requires_grad=True)
Parameter containing:
tensor(-2.9482, device='cuda:0', requires_grad=True)
Parameter containing:
tensor(-2.9476, device='cuda:0', requires_grad=True)
Parameter containing:
tensor(-2.9471, device='cuda:0', requires_grad=True)
Parameter containing:
tensor(-2.9465, device='cuda:0', requires_grad=True)
Parameter containing:
tensor(-2.9460, device='cuda:0', requires_grad=True)
Parameter containing:
tensor(-2.9454, device='cuda:0', requires_grad=True)
Parameter containing:
tensor(-2.9448, device='cuda:0', requires_grad=True)
Parameter containing:
tensor(-2.9443, device='cuda:0', requires_grad=True)
Parameter containing:
tensor(-2.9437, device='cuda:0', requires_grad=True)
Parameter containing:
tensor(-2.9431, device='cuda:0', requires_grad=True)
Parameter containing:
tensor(-2.9426, device='cuda:0', requires_grad=True)
Parameter containing:
tensor(-2.9420, device='cuda:0', requires_grad=True)
Parameter containing:
tensor(-2.9414, device='cuda:0', requires_grad=True)
Parameter containing:
tensor(-2.9408, device='cuda:0', requires_grad=True)
Parameter containing:
tensor(-2.9402, device='cuda:0', requires_grad=True)
Parameter containing:
tensor(-2.9397, device='cuda:0', requires_grad=True)
Parameter containing:
tensor(-2.9391, device='cuda:0', requires_grad=True)
Parameter containing:
tensor(-2.9385, device='cuda:0', requires_grad=True)
Parameter containing:
tensor(-2.9379, device='cuda:0', requires_grad=True)
Parameter containing:
tensor(-2.9374, device='cuda:0', requires_grad=True)
Parameter containing:
tensor(-2.9368, device='cuda:0', requires_grad=True)
Parameter containing:
tensor(-2.9362, device='cuda:0', requires_grad=True)
Parameter containing:
tensor(-2.9357, device='cuda:0', requires_grad=True)
Parameter containing:
tensor(-2.9351, device='cuda:0', requires_grad=True)
Parameter containing:
tensor(-2.9346, device='cuda:0', requires_grad=True)
Parameter containing:
tensor(-2.9340, device='cuda:0', requires_grad=True)
Parameter containing:
tensor(-2.9334, device='cuda:0', requires_grad=True)
Parameter containing:
tensor(-2.9329, device='cuda:0', requires_grad=True)
Parameter containing:
tensor(-2.9323, device='cuda:0', requires_grad=True)
Parameter containing:
tensor(-2.9318, device='cuda:0', requires_grad=True)
Parameter containing:
tensor(-2.9313, device='cuda:0', requires_grad=True)
Parameter containing:
tensor(-2.9307, device='cuda:0', requires_grad=True)
Parameter containing:
tensor(-2.9302, device='cuda:0', requires_grad=True)
Parameter containing:
tensor(-2.9296, device='cuda:0', requires_grad=True)
Parameter containing:
tensor(-2.9291, device='cuda:0', requires_grad=True)
Parameter containing:
tensor(-2.9286, device='cuda:0', requires_grad=True)
Parameter containing:
tensor(-2.9280, device='cuda:0', requires_grad=True)
Parameter containing:
tensor(-2.9275, device='cuda:0', requires_grad=True)
Parameter containing:
tensor(-2.9270, device='cuda:0', requires_grad=True)
Parameter containing:
tensor(-2.9265, device='cuda:0', requires_grad=True)
Parameter containing:
tensor(-2.9260, device='cuda:0', requires_grad=True)
Parameter containing:
tensor(-2.9254, device='cuda:0', requires_grad=True)
Parameter containing:
tensor(-2.9249, device='cuda:0', requires_grad=True)
Parameter containing:
tensor(-2.9244, device='cuda:0', requires_grad=True)
Parameter containing:
tensor(-2.9239, device='cuda:0', requires_grad=True)
Parameter containing:
tensor(-2.9234, device='cuda:0', requires_grad=True)
Parameter containing:
tensor(-2.9229, device='cuda:0', requires_grad=True)
Parameter containing:
tensor(-2.9224, device='cuda:0', requires_grad=True)
Parameter containing:
tensor(-2.9219, device='cuda:0', requires_grad=True)
Parameter containing:
tensor(-2.9214, device='cuda:0', requires_grad=True)
Parameter containing:
tensor(-2.9209, device='cuda:0', requires_grad=True)
Parameter containing:
tensor(-2.9204, device='cuda:0', requires_grad=True)
Parameter containing:
tensor(-2.9200, device='cuda:0', requires_grad=True)
Parameter containing:
tensor(-2.9195, device='cuda:0', requires_grad=True)
Parameter containing:
tensor(-2.9190, device='cuda:0', requires_grad=True)
Parameter containing:
tensor(-2.9185, device='cuda:0', requires_grad=True)
Parameter containing:
tensor(-2.9180, device='cuda:0', requires_grad=True)
Parameter containing:
tensor(-2.9176, device='cuda:0', requires_grad=True)
Parameter containing:
tensor(-2.9171, device='cuda:0', requires_grad=True)
Parameter containing:
tensor(-2.9166, device='cuda:0', requires_grad=True)
Parameter containing:
tensor(-2.9161, device='cuda:0', requires_grad=True)
Parameter containing:
tensor(-2.9157, device='cuda:0', requires_grad=True)
Parameter containing:
tensor(-2.9152, device='cuda:0', requires_grad=True)
Parameter containing:
tensor(-2.9147, device='cuda:0', requires_grad=True)
Parameter containing:
tensor(-2.9142, device='cuda:0', requires_grad=True)
Parameter containing:
tensor(-2.9138, device='cuda:0', requires_grad=True)
Parameter containing:
tensor(-2.9133, device='cuda:0', requires_grad=True)
Parameter containing:
tensor(-2.9128, device='cuda:0', requires_grad=True)
Parameter containing:
tensor(-2.9123, device='cuda:0', requires_grad=True)
Parameter containing:
tensor(-2.9119, device='cuda:0', requires_grad=True)
Parameter containing:
tensor(-2.9114, device='cuda:0', requires_grad=True)
Parameter containing:
tensor(-2.9109, device='cuda:0', requires_grad=True)
Parameter containing:
tensor(-2.9105, device='cuda:0', requires_grad=True)
Parameter containing:
tensor(-2.9100, device='cuda:0', requires_grad=True)
Parameter containing:
tensor(-2.9095, device='cuda:0', requires_grad=True)
Parameter containing:
tensor(-2.9091, device='cuda:0', requires_grad=True)
Parameter containing:
tensor(-2.9086, device='cuda:0', requires_grad=True)
Parameter containing:
tensor(-2.9081, device='cuda:0', requires_grad=True)
Parameter containing:
tensor(-2.9077, device='cuda:0', requires_grad=True)
Parameter containing:
tensor(-2.9072, device='cuda:0', requires_grad=True)
Parameter containing:
tensor(-2.9068, device='cuda:0', requires_grad=True)
Parameter containing:
tensor(-2.9063, device='cuda:0', requires_grad=True)
Parameter containing:
tensor(-2.9059, device='cuda:0', requires_grad=True)
Parameter containing:
tensor(-2.9054, device='cuda:0', requires_grad=True)
Parameter containing:
tensor(-2.9050, device='cuda:0', requires_grad=True)
Parameter containing:
tensor(-2.9046, device='cuda:0', requires_grad=True)
Parameter containing:
tensor(-2.9041, device='cuda:0', requires_grad=True)
Parameter containing:
tensor(-2.9037, device='cuda:0', requires_grad=True)
Parameter containing:
tensor(-2.9032, device='cuda:0', requires_grad=True)
Parameter containing:
tensor(-2.9028, device='cuda:0', requires_grad=True)
Parameter containing:
tensor(-2.9024, device='cuda:0', requires_grad=True)
Parameter containing:
tensor(-2.9019, device='cuda:0', requires_grad=True)
Parameter containing:
tensor(-2.9015, device='cuda:0', requires_grad=True)
Parameter containing:
tensor(-2.9011, device='cuda:0', requires_grad=True)
Parameter containing:
tensor(-2.9007, device='cuda:0', requires_grad=True)
Parameter containing:
tensor(-2.9003, device='cuda:0', requires_grad=True)
Parameter containing:
tensor(-2.8999, device='cuda:0', requires_grad=True)
Parameter containing:
tensor(-2.8994, device='cuda:0', requires_grad=True)
Parameter containing:
tensor(-2.8990, device='cuda:0', requires_grad=True)
Parameter containing:
tensor(-2.8986, device='cuda:0', requires_grad=True)
Parameter containing:
tensor(-2.8982, device='cuda:0', requires_grad=True)
Parameter containing:
tensor(-2.8978, device='cuda:0', requires_grad=True)
Parameter containing:
tensor(-2.8974, device='cuda:0', requires_grad=True)
Parameter containing:
tensor(-2.8970, device='cuda:0', requires_grad=True)
Parameter containing:
tensor(-2.8966, device='cuda:0', requires_grad=True)
Parameter containing:
tensor(-2.8962, device='cuda:0', requires_grad=True)
Parameter containing:
tensor(-2.8958, device='cuda:0', requires_grad=True)
Parameter containing:
tensor(-2.8954, device='cuda:0', requires_grad=True)
Parameter containing:
tensor(-2.8950, device='cuda:0', requires_grad=True)
Parameter containing:
tensor(-2.8946, device='cuda:0', requires_grad=True)
Parameter containing:
tensor(-2.8942, device='cuda:0', requires_grad=True)
Parameter containing:
tensor(-2.8938, device='cuda:0', requires_grad=True)
Parameter containing:
tensor(-2.8934, device='cuda:0', requires_grad=True)
Parameter containing:
tensor(-2.8930, device='cuda:0', requires_grad=True)
Parameter containing:
tensor(-2.8926, device='cuda:0', requires_grad=True)
Parameter containing:
tensor(-2.8922, device='cuda:0', requires_grad=True)
Parameter containing:
tensor(-2.8918, device='cuda:0', requires_grad=True)
Parameter containing:
tensor(-2.8914, device='cuda:0', requires_grad=True)
Parameter containing:
tensor(-2.8910, device='cuda:0', requires_grad=True)
Parameter containing:
tensor(-2.8907, device='cuda:0', requires_grad=True)
Parameter containing:
tensor(-2.8903, device='cuda:0', requires_grad=True)
Parameter containing:
tensor(-2.8899, device='cuda:0', requires_grad=True)
Parameter containing:
tensor(-2.8895, device='cuda:0', requires_grad=True)
Parameter containing:
tensor(-2.8891, device='cuda:0', requires_grad=True)
Parameter containing:
tensor(-2.8887, device='cuda:0', requires_grad=True)
Parameter containing:
tensor(-2.8883, device='cuda:0', requires_grad=True)
Parameter containing:
tensor(-2.8880, device='cuda:0', requires_grad=True)
Parameter containing:
tensor(-2.8876, device='cuda:0', requires_grad=True)
Parameter containing:
tensor(-2.8873, device='cuda:0', requires_grad=True)
Parameter containing:
tensor(-2.8869, device='cuda:0', requires_grad=True)
Parameter containing:
tensor(-2.8866, device='cuda:0', requires_grad=True)
Parameter containing:
tensor(-2.8862, device='cuda:0', requires_grad=True)
Parameter containing:
tensor(-2.8859, device='cuda:0', requires_grad=True)
Parameter containing:
tensor(-2.8855, device='cuda:0', requires_grad=True)
Parameter containing:
tensor(-2.8852, device='cuda:0', requires_grad=True)
Parameter containing:
tensor(-2.8848, device='cuda:0', requires_grad=True)
Parameter containing:
tensor(-2.8844, device='cuda:0', requires_grad=True)
Parameter containing:
tensor(-2.8841, device='cuda:0', requires_grad=True)
Parameter containing:
tensor(-2.8837, device='cuda:0', requires_grad=True)
Parameter containing:
tensor(-2.8834, device='cuda:0', requires_grad=True)
Parameter containing:
tensor(-2.8830, device='cuda:0', requires_grad=True)
Parameter containing:
tensor(-2.8827, device='cuda:0', requires_grad=True)
Parameter containing:
tensor(-2.8823, device='cuda:0', requires_grad=True)
Parameter containing:
tensor(-2.8820, device='cuda:0', requires_grad=True)
Parameter containing:
tensor(-2.8816, device='cuda:0', requires_grad=True)
Parameter containing:
tensor(-2.8813, device='cuda:0', requires_grad=True)
Parameter containing:
tensor(-2.8809, device='cuda:0', requires_grad=True)
Parameter containing:
tensor(-2.8806, device='cuda:0', requires_grad=True)
Parameter containing:
tensor(-2.8802, device='cuda:0', requires_grad=True)
Parameter containing:
tensor(-2.8799, device='cuda:0', requires_grad=True)
Parameter containing:
tensor(-2.8796, device='cuda:0', requires_grad=True)
Parameter containing:
tensor(-2.8792, device='cuda:0', requires_grad=True)
Parameter containing:
tensor(-2.8789, device='cuda:0', requires_grad=True)
Parameter containing:
tensor(-2.8786, device='cuda:0', requires_grad=True)
Parameter containing:
tensor(-2.8782, device='cuda:0', requires_grad=True)
Parameter containing:
tensor(-2.8779, device='cuda:0', requires_grad=True)
Parameter containing:
tensor(-2.8775, device='cuda:0', requires_grad=True)
Parameter containing:
tensor(-2.8772, device='cuda:0', requires_grad=True)
Parameter containing:
tensor(-2.8769, device='cuda:0', requires_grad=True)
Parameter containing:
tensor(-2.8766, device='cuda:0', requires_grad=True)
Parameter containing:
tensor(-2.8763, device='cuda:0', requires_grad=True)
Parameter containing:
tensor(-2.8759, device='cuda:0', requires_grad=True)
Parameter containing:
tensor(-2.8756, device='cuda:0', requires_grad=True)
Parameter containing:
tensor(-2.8753, device='cuda:0', requires_grad=True)
Parameter containing:
tensor(-2.8750, device='cuda:0', requires_grad=True)
Parameter containing:
tensor(-2.8747, device='cuda:0', requires_grad=True)
Parameter containing:
tensor(-2.8744, device='cuda:0', requires_grad=True)
Parameter containing:
tensor(-2.8741, device='cuda:0', requires_grad=True)
Parameter containing:
tensor(-2.8738, device='cuda:0', requires_grad=True)
Parameter containing:
tensor(-2.8735, device='cuda:0', requires_grad=True)
Parameter containing:
tensor(-2.8732, device='cuda:0', requires_grad=True)
Parameter containing:
tensor(-2.8730, device='cuda:0', requires_grad=True)
Parameter containing:
tensor(-2.8727, device='cuda:0', requires_grad=True)
Parameter containing:
tensor(-2.8724, device='cuda:0', requires_grad=True)
Parameter containing:
tensor(-2.8721, device='cuda:0', requires_grad=True)
Parameter containing:
tensor(-2.8718, device='cuda:0', requires_grad=True)
Parameter containing:
tensor(-2.8715, device='cuda:0', requires_grad=True)
Parameter containing:
tensor(-2.8713, device='cuda:0', requires_grad=True)
Parameter containing:
tensor(-2.8710, device='cuda:0', requires_grad=True)
Parameter containing:
tensor(-2.8707, device='cuda:0', requires_grad=True)
Parameter containing:
tensor(-2.8704, device='cuda:0', requires_grad=True)
Parameter containing:
tensor(-2.8701, device='cuda:0', requires_grad=True)
Parameter containing:
tensor(-2.8699, device='cuda:0', requires_grad=True)
Parameter containing:
tensor(-2.8696, device='cuda:0', requires_grad=True)
Parameter containing:
tensor(-2.8693, device='cuda:0', requires_grad=True)
Parameter containing:
tensor(-2.8690, device='cuda:0', requires_grad=True)
Parameter containing:
tensor(-2.8687, device='cuda:0', requires_grad=True)
Parameter containing:
tensor(-2.8685, device='cuda:0', requires_grad=True)
Parameter containing:
tensor(-2.8682, device='cuda:0', requires_grad=True)
Parameter containing:
tensor(-2.8679, device='cuda:0', requires_grad=True)
Parameter containing:
tensor(-2.8677, device='cuda:0', requires_grad=True)
Parameter containing:
tensor(-2.8674, device='cuda:0', requires_grad=True)
Parameter containing:
tensor(-2.8672, device='cuda:0', requires_grad=True)
Parameter containing:
tensor(-2.8669, device='cuda:0', requires_grad=True)
Parameter containing:
tensor(-2.8667, device='cuda:0', requires_grad=True)
Parameter containing:
tensor(-2.8665, device='cuda:0', requires_grad=True)
Parameter containing:
tensor(-2.8662, device='cuda:0', requires_grad=True)
Parameter containing:
tensor(-2.8659, device='cuda:0', requires_grad=True)
Parameter containing:
tensor(-2.8657, device='cuda:0', requires_grad=True)
Parameter containing:
tensor(-2.8654, device='cuda:0', requires_grad=True)
Parameter containing:
tensor(-2.8651, device='cuda:0', requires_grad=True)
Parameter containing:
tensor(-2.8648, device='cuda:0', requires_grad=True)
Parameter containing:
tensor(-2.8646, device='cuda:0', requires_grad=True)
Parameter containing:
tensor(-2.8643, device='cuda:0', requires_grad=True)
Parameter containing:
tensor(-2.8640, device='cuda:0', requires_grad=True)
Parameter containing:
tensor(-2.8638, device='cuda:0', requires_grad=True)
Parameter containing:
tensor(-2.8635, device='cuda:0', requires_grad=True)
Parameter containing:
tensor(-2.8633, device='cuda:0', requires_grad=True)
Parameter containing:
tensor(-2.8631, device='cuda:0', requires_grad=True)
Parameter containing:
tensor(-2.8628, device='cuda:0', requires_grad=True)
Parameter containing:
tensor(-2.8626, device='cuda:0', requires_grad=True)
Parameter containing:
tensor(-2.8624, device='cuda:0', requires_grad=True)
Parameter containing:
tensor(-2.8621, device='cuda:0', requires_grad=True)
Parameter containing:
tensor(-2.8619, device='cuda:0', requires_grad=True)
Parameter containing:
tensor(-2.8617, device='cuda:0', requires_grad=True)
Parameter containing:
tensor(-2.8615, device='cuda:0', requires_grad=True)
Parameter containing:
tensor(-2.8613, device='cuda:0', requires_grad=True)
Parameter containing:
tensor(-2.8611, device='cuda:0', requires_grad=True)
Parameter containing:
tensor(-2.8608, device='cuda:0', requires_grad=True)
Parameter containing:
tensor(-2.8606, device='cuda:0', requires_grad=True)
Parameter containing:
tensor(-2.8604, device='cuda:0', requires_grad=True)
Parameter containing:
tensor(-2.8602, device='cuda:0', requires_grad=True)
Parameter containing:
tensor(-2.8600, device='cuda:0', requires_grad=True)
Parameter containing:
tensor(-2.8598, device='cuda:0', requires_grad=True)
Parameter containing:
tensor(-2.8596, device='cuda:0', requires_grad=True)
Parameter containing:
tensor(-2.8594, device='cuda:0', requires_grad=True)
Parameter containing:
tensor(-2.8592, device='cuda:0', requires_grad=True)
Parameter containing:
tensor(-2.8589, device='cuda:0', requires_grad=True)
Parameter containing:
tensor(-2.8587, device='cuda:0', requires_grad=True)
Parameter containing:
tensor(-2.8585, device='cuda:0', requires_grad=True)
Parameter containing:
tensor(-2.8583, device='cuda:0', requires_grad=True)
Parameter containing:
tensor(-2.8580, device='cuda:0', requires_grad=True)
Parameter containing:
tensor(-2.8578, device='cuda:0', requires_grad=True)
Parameter containing:
tensor(-2.8576, device='cuda:0', requires_grad=True)
Parameter containing:
tensor(-2.8574, device='cuda:0', requires_grad=True)
Parameter containing:
tensor(-2.8572, device='cuda:0', requires_grad=True)
Parameter containing:
tensor(-2.8570, device='cuda:0', requires_grad=True)
Parameter containing:
tensor(-2.8568, device='cuda:0', requires_grad=True)
Parameter containing:
tensor(-2.8567, device='cuda:0', requires_grad=True)
Parameter containing:
tensor(-2.8565, device='cuda:0', requires_grad=True)
Parameter containing:
tensor(-2.8563, device='cuda:0', requires_grad=True)
Parameter containing:
tensor(-2.8561, device='cuda:0', requires_grad=True)
Parameter containing:
tensor(-2.8560, device='cuda:0', requires_grad=True)
Parameter containing:
tensor(-2.8558, device='cuda:0', requires_grad=True)
Parameter containing:
tensor(-2.8557, device='cuda:0', requires_grad=True)
Parameter containing:
tensor(-2.8555, device='cuda:0', requires_grad=True)
Parameter containing:
tensor(-2.8554, device='cuda:0', requires_grad=True)
Parameter containing:
tensor(-2.8552, device='cuda:0', requires_grad=True)
Parameter containing:
tensor(-2.8551, device='cuda:0', requires_grad=True)
Parameter containing:
tensor(-2.8549, device='cuda:0', requires_grad=True)
Parameter containing:
tensor(-2.8547, device='cuda:0', requires_grad=True)
Parameter containing:
tensor(-2.8546, device='cuda:0', requires_grad=True)
Parameter containing:
tensor(-2.8544, device='cuda:0', requires_grad=True)
Parameter containing:
tensor(-2.8542, device='cuda:0', requires_grad=True)
Parameter containing:
tensor(-2.8541, device='cuda:0', requires_grad=True)
Parameter containing:
tensor(-2.8540, device='cuda:0', requires_grad=True)
Parameter containing:
tensor(-2.8538, device='cuda:0', requires_grad=True)
Parameter containing:
tensor(-2.8537, device='cuda:0', requires_grad=True)
Parameter containing:
tensor(-2.8535, device='cuda:0', requires_grad=True)
Parameter containing:
tensor(-2.8534, device='cuda:0', requires_grad=True)
Parameter containing:
tensor(-2.8533, device='cuda:0', requires_grad=True)
Parameter containing:
tensor(-2.8532, device='cuda:0', requires_grad=True)
Parameter containing:
tensor(-2.8530, device='cuda:0', requires_grad=True)
Parameter containing:
tensor(-2.8529, device='cuda:0', requires_grad=True)
Parameter containing:
tensor(-2.8528, device='cuda:0', requires_grad=True)
Parameter containing:
tensor(-2.8527, device='cuda:0', requires_grad=True)
Parameter containing:
tensor(-2.8525, device='cuda:0', requires_grad=True)
Parameter containing:
tensor(-2.8524, device='cuda:0', requires_grad=True)
Parameter containing:
tensor(-2.8523, device='cuda:0', requires_grad=True)
Parameter containing:
tensor(-2.8522, device='cuda:0', requires_grad=True)
Parameter containing:
tensor(-2.8521, device='cuda:0', requires_grad=True)
Parameter containing:
tensor(-2.8519, device='cuda:0', requires_grad=True)
Parameter containing:
tensor(-2.8518, device='cuda:0', requires_grad=True)
Parameter containing:
tensor(-2.8516, device='cuda:0', requires_grad=True)
Parameter containing:
tensor(-2.8514, device='cuda:0', requires_grad=True)
Parameter containing:
tensor(-2.8513, device='cuda:0', requires_grad=True)
Parameter containing:
tensor(-2.8511, device='cuda:0', requires_grad=True)
Parameter containing:
tensor(-2.8510, device='cuda:0', requires_grad=True)
Parameter containing:
tensor(-2.8508, device='cuda:0', requires_grad=True)
Parameter containing:
tensor(-2.8507, device='cuda:0', requires_grad=True)
Parameter containing:
tensor(-2.8505, device='cuda:0', requires_grad=True)
Parameter containing:
tensor(-2.8504, device='cuda:0', requires_grad=True)
Parameter containing:
tensor(-2.8503, device='cuda:0', requires_grad=True)
Parameter containing:
tensor(-2.8502, device='cuda:0', requires_grad=True)
Parameter containing:
tensor(-2.8501, device='cuda:0', requires_grad=True)
Parameter containing:
tensor(-2.8500, device='cuda:0', requires_grad=True)
Parameter containing:
tensor(-2.8499, device='cuda:0', requires_grad=True)
Parameter containing:
tensor(-2.8498, device='cuda:0', requires_grad=True)
Parameter containing:
tensor(-2.8497, device='cuda:0', requires_grad=True)
Parameter containing:
tensor(-2.8496, device='cuda:0', requires_grad=True)
Parameter containing:
tensor(-2.8496, device='cuda:0', requires_grad=True)
Parameter containing:
tensor(-2.8495, device='cuda:0', requires_grad=True)
Parameter containing:
tensor(-2.8495, device='cuda:0', requires_grad=True)
Parameter containing:
tensor(-2.8494, device='cuda:0', requires_grad=True)
Parameter containing:
tensor(-2.8494, device='cuda:0', requires_grad=True)
Parameter containing:
tensor(-2.8494, device='cuda:0', requires_grad=True)
Parameter containing:
tensor(-2.8494, device='cuda:0', requires_grad=True)
Parameter containing:
tensor(-2.8493, device='cuda:0', requires_grad=True)
Parameter containing:
tensor(-2.8493, device='cuda:0', requires_grad=True)
Parameter containing:
tensor(-2.8493, device='cuda:0', requires_grad=True)
Parameter containing:
tensor(-2.8493, device='cuda:0', requires_grad=True)
Parameter containing:
tensor(-2.8493, device='cuda:0', requires_grad=True)
Parameter containing:
tensor(-2.8493, device='cuda:0', requires_grad=True)
Parameter containing:
tensor(-2.8492, device='cuda:0', requires_grad=True)
Parameter containing:
tensor(-2.8492, device='cuda:0', requires_grad=True)
Parameter containing:
tensor(-2.8492, device='cuda:0', requires_grad=True)
Parameter containing:
tensor(-2.8492, device='cuda:0', requires_grad=True)
Parameter containing:
tensor(-2.8492, device='cuda:0', requires_grad=True)
Parameter containing:
tensor(-2.8491, device='cuda:0', requires_grad=True)
Parameter containing:
tensor(-2.8491, device='cuda:0', requires_grad=True)
Parameter containing:
tensor(-2.8491, device='cuda:0', requires_grad=True)
Parameter containing:
tensor(-2.8491, device='cuda:0', requires_grad=True)
Parameter containing:
tensor(-2.8491, device='cuda:0', requires_grad=True)
Parameter containing:
tensor(-2.8492, device='cuda:0', requires_grad=True)
Parameter containing:
tensor(-2.8492, device='cuda:0', requires_grad=True)
Parameter containing:
tensor(-2.8492, device='cuda:0', requires_grad=True)
Parameter containing:
tensor(-2.8492, device='cuda:0', requires_grad=True)
Parameter containing:
tensor(-2.8491, device='cuda:0', requires_grad=True)
Parameter containing:
tensor(-2.8491, device='cuda:0', requires_grad=True)
Parameter containing:
tensor(-2.8491, device='cuda:0', requires_grad=True)
Parameter containing:
tensor(-2.8491, device='cuda:0', requires_grad=True)
Parameter containing:
tensor(-2.8491, device='cuda:0', requires_grad=True)
Parameter containing:
tensor(-2.8491, device='cuda:0', requires_grad=True)
Parameter containing:
tensor(-2.8492, device='cuda:0', requires_grad=True)
Parameter containing:
tensor(-2.8492, device='cuda:0', requires_grad=True)
Parameter containing:
tensor(-2.8492, device='cuda:0', requires_grad=True)
Parameter containing:
tensor(-2.8492, device='cuda:0', requires_grad=True)
Parameter containing:
tensor(-2.8492, device='cuda:0', requires_grad=True)
Parameter containing:
tensor(-2.8492, device='cuda:0', requires_grad=True)
Parameter containing:
tensor(-2.8492, device='cuda:0', requires_grad=True)
Parameter containing:
tensor(-2.8491, device='cuda:0', requires_grad=True)
Parameter containing:
tensor(-2.8491, device='cuda:0', requires_grad=True)
Parameter containing:
tensor(-2.8491, device='cuda:0', requires_grad=True)
Parameter containing:
tensor(-2.8491, device='cuda:0', requires_grad=True)
Parameter containing:
tensor(-2.8491, device='cuda:0', requires_grad=True)
Parameter containing:
tensor(-2.8492, device='cuda:0', requires_grad=True)
Parameter containing:
tensor(-2.8492, device='cuda:0', requires_grad=True)
Parameter containing:
tensor(-2.8492, device='cuda:0', requires_grad=True)
Parameter containing:
tensor(-2.8492, device='cuda:0', requires_grad=True)
Parameter containing:
tensor(-2.8492, device='cuda:0', requires_grad=True)
Parameter containing:
tensor(-2.8493, device='cuda:0', requires_grad=True)
Parameter containing:
tensor(-2.8493, device='cuda:0', requires_grad=True)
Parameter containing:
tensor(-2.8493, device='cuda:0', requires_grad=True)
Parameter containing:
tensor(-2.8494, device='cuda:0', requires_grad=True)
Parameter containing:
tensor(-2.8494, device='cuda:0', requires_grad=True)
Parameter containing:
tensor(-2.8494, device='cuda:0', requires_grad=True)
Parameter containing:
tensor(-2.8495, device='cuda:0', requires_grad=True)
Parameter containing:
tensor(-2.8495, device='cuda:0', requires_grad=True)
Parameter containing:
tensor(-2.8495, device='cuda:0', requires_grad=True)
Parameter containing:
tensor(-2.8496, device='cuda:0', requires_grad=True)
Parameter containing:
tensor(-2.8496, device='cuda:0', requires_grad=True)
Parameter containing:
tensor(-2.8496, device='cuda:0', requires_grad=True)
Parameter containing:
tensor(-2.8497, device='cuda:0', requires_grad=True)
Parameter containing:
tensor(-2.8497, device='cuda:0', requires_grad=True)
Parameter containing:
tensor(-2.8496, device='cuda:0', requires_grad=True)
Parameter containing:
tensor(-2.8496, device='cuda:0', requires_grad=True)
Parameter containing:
tensor(-2.8496, device='cuda:0', requires_grad=True)
Parameter containing:
tensor(-2.8496, device='cuda:0', requires_grad=True)
Parameter containing:
tensor(-2.8497, device='cuda:0', requires_grad=True)
Parameter containing:
tensor(-2.8497, device='cuda:0', requires_grad=True)
Parameter containing:
tensor(-2.8497, device='cuda:0', requires_grad=True)
Parameter containing:
tensor(-2.8497, device='cuda:0', requires_grad=True)
Parameter containing:
tensor(-2.8498, device='cuda:0', requires_grad=True)
Parameter containing:
tensor(-2.8498, device='cuda:0', requires_grad=True)
Parameter containing:
tensor(-2.8498, device='cuda:0', requires_grad=True)
Parameter containing:
tensor(-2.8498, device='cuda:0', requires_grad=True)
Parameter containing:
tensor(-2.8499, device='cuda:0', requires_grad=True)
Parameter containing:
tensor(-2.8499, device='cuda:0', requires_grad=True)
Parameter containing:
tensor(-2.8499, device='cuda:0', requires_grad=True)
Parameter containing:
tensor(-2.8500, device='cuda:0', requires_grad=True)
Parameter containing:
tensor(-2.8500, device='cuda:0', requires_grad=True)
Parameter containing:
tensor(-2.8501, device='cuda:0', requires_grad=True)
Parameter containing:
tensor(-2.8501, device='cuda:0', requires_grad=True)
Parameter containing:
tensor(-2.8502, device='cuda:0', requires_grad=True)
Parameter containing:
tensor(-2.8503, device='cuda:0', requires_grad=True)
Parameter containing:
tensor(-2.8503, device='cuda:0', requires_grad=True)
Parameter containing:
tensor(-2.8504, device='cuda:0', requires_grad=True)
Parameter containing:
tensor(-2.8505, device='cuda:0', requires_grad=True)
Parameter containing:
tensor(-2.8506, device='cuda:0', requires_grad=True)
Parameter containing:
tensor(-2.8507, device='cuda:0', requires_grad=True)
Parameter containing:
tensor(-2.8508, device='cuda:0', requires_grad=True)
Parameter containing:
tensor(-2.8509, device='cuda:0', requires_grad=True)
Parameter containing:
tensor(-2.8510, device='cuda:0', requires_grad=True)
Parameter containing:
tensor(-2.8511, device='cuda:0', requires_grad=True)
Parameter containing:
tensor(-2.8512, device='cuda:0', requires_grad=True)
Parameter containing:
tensor(-2.8513, device='cuda:0', requires_grad=True)
Parameter containing:
tensor(-2.8514, device='cuda:0', requires_grad=True)
Parameter containing:
tensor(-2.8515, device='cuda:0', requires_grad=True)
Parameter containing:
tensor(-2.8516, device='cuda:0', requires_grad=True)
Parameter containing:
tensor(-2.8517, device='cuda:0', requires_grad=True)
Parameter containing:
tensor(-2.8518, device='cuda:0', requires_grad=True)
Parameter containing:
tensor(-2.8519, device='cuda:0', requires_grad=True)
Parameter containing:
tensor(-2.8520, device='cuda:0', requires_grad=True)
Parameter containing:
tensor(-2.8521, device='cuda:0', requires_grad=True)
Parameter containing:
tensor(-2.8522, device='cuda:0', requires_grad=True)
Parameter containing:
tensor(-2.8523, device='cuda:0', requires_grad=True)
Parameter containing:
tensor(-2.8524, device='cuda:0', requires_grad=True)
Parameter containing:
tensor(-2.8525, device='cuda:0', requires_grad=True)
Parameter containing:
tensor(-2.8526, device='cuda:0', requires_grad=True)
Parameter containing:
tensor(-2.8527, device='cuda:0', requires_grad=True)
Parameter containing:
tensor(-2.8527, device='cuda:0', requires_grad=True)
Parameter containing:
tensor(-2.8528, device='cuda:0', requires_grad=True)
Parameter containing:
tensor(-2.8529, device='cuda:0', requires_grad=True)
Parameter containing:
tensor(-2.8530, device='cuda:0', requires_grad=True)
Parameter containing:
tensor(-2.8531, device='cuda:0', requires_grad=True)
Parameter containing:
tensor(-2.8532, device='cuda:0', requires_grad=True)
Parameter containing:
tensor(-2.8534, device='cuda:0', requires_grad=True)
Parameter containing:
tensor(-2.8535, device='cuda:0', requires_grad=True)
Parameter containing:
tensor(-2.8536, device='cuda:0', requires_grad=True)
Parameter containing:
tensor(-2.8537, device='cuda:0', requires_grad=True)
Parameter containing:
tensor(-2.8539, device='cuda:0', requires_grad=True)
Parameter containing:
tensor(-2.8540, device='cuda:0', requires_grad=True)
Parameter containing:
tensor(-2.8542, device='cuda:0', requires_grad=True)
Parameter containing:
tensor(-2.8543, device='cuda:0', requires_grad=True)
Parameter containing:
tensor(-2.8544, device='cuda:0', requires_grad=True)
Parameter containing:
tensor(-2.8546, device='cuda:0', requires_grad=True)
Parameter containing:
tensor(-2.8547, device='cuda:0', requires_grad=True)
Parameter containing:
tensor(-2.8549, device='cuda:0', requires_grad=True)
Parameter containing:
tensor(-2.8551, device='cuda:0', requires_grad=True)
Parameter containing:
tensor(-2.8552, device='cuda:0', requires_grad=True)
Parameter containing:
tensor(-2.8554, device='cuda:0', requires_grad=True)
Parameter containing:
tensor(-2.8555, device='cuda:0', requires_grad=True)
Parameter containing:
tensor(-2.8557, device='cuda:0', requires_grad=True)
Parameter containing:
tensor(-2.8559, device='cuda:0', requires_grad=True)
Parameter containing:
tensor(-2.8561, device='cuda:0', requires_grad=True)


PS:

Read file <14836042.stderr> for stderr output of this job.

