Sender: LSF System <lsfadmin@ls12>
Subject: Job 14789285: <_gp_sgld_GraphConv_1e-5> in cluster <lila> Done

Job <_gp_sgld_GraphConv_1e-5> was submitted from host <lx13> by user <wangy1> in cluster <lila> at Tue Jun  2 22:37:35 2020
Job was executed on host(s) <12*ls12>, in queue <gpuqueue>, as user <wangy1> in cluster <lila> at Tue Jun  2 23:02:33 2020
</home/wangy1> was used as the home directory.
</data/chodera/wangyq/pinot/scripts/gp_comparison> was used as the working directory.
Started at Tue Jun  2 23:02:33 2020
Terminated at Tue Jun  2 23:12:40 2020
Results reported at Tue Jun  2 23:12:40 2020

Your job looked like:

------------------------------------------------------------
# LSBATCH: User input
python ../../pinot/app/gp_train.py --layer GraphConv --optimizer sgld --lr 1e-5 --out _gp_sgld_GraphConv_1e-5 --n_epochs 1000
------------------------------------------------------------

Successfully completed.

Resource usage summary:

    CPU time :                                   1145.06 sec.
    Max Memory :                                 2 GB
    Average Memory :                             1.96 GB
    Total Requested Memory :                     48.00 GB
    Delta Memory :                               46.00 GB
    Max Swap :                                   -
    Max Processes :                              3
    Max Threads :                                20
    Run time :                                   606 sec.
    Turnaround time :                            2105 sec.

The output (if any) follows:



PS:

Read file <14789285.stderr> for stderr output of this job.

