Sender: LSF System <lsfadmin@lt01>
Subject: Job 14788494: <_gp_bbb_SAGEConv_1e-5> in cluster <lila> Done

Job <_gp_bbb_SAGEConv_1e-5> was submitted from host <lx08> by user <wangy1> in cluster <lila> at Tue Jun  2 13:08:24 2020
Job was executed on host(s) <12*lt01>, in queue <gpuqueue>, as user <wangy1> in cluster <lila> at Tue Jun  2 13:08:25 2020
</home/wangy1> was used as the home directory.
</data/chodera/wangyq/pinot/scripts/gp_comparison> was used as the working directory.
Started at Tue Jun  2 13:08:25 2020
Terminated at Tue Jun  2 13:42:10 2020
Results reported at Tue Jun  2 13:42:10 2020

Your job looked like:

------------------------------------------------------------
# LSBATCH: User input
python ../../pinot/app/gp_train.py --layer SAGEConv --optimizer bbb --lr 1e-5 --out _gp_bbb_SAGEConv_1e-5 --n_epochs 1000
------------------------------------------------------------

Successfully completed.

Resource usage summary:

    CPU time :                                   2580.44 sec.
    Max Memory :                                 2 GB
    Average Memory :                             1.99 GB
    Total Requested Memory :                     48.00 GB
    Delta Memory :                               46.00 GB
    Max Swap :                                   -
    Max Processes :                              3
    Max Threads :                                20
    Run time :                                   2026 sec.
    Turnaround time :                            2026 sec.

The output (if any) follows:



PS:

Read file <14788494.stderr> for stderr output of this job.

