Sender: LSF System <lsfadmin@lt13>
Subject: Job 14807186: <_gp_Adam_GINConv_1e-3_-2> in cluster <lila> Done

Job <_gp_Adam_GINConv_1e-3_-2> was submitted from host <lx12> by user <wangy1> in cluster <lila> at Mon Jun  8 22:41:39 2020
Job was executed on host(s) <12*lt13>, in queue <gpuqueue>, as user <wangy1> in cluster <lila> at Mon Jun  8 22:41:39 2020
</home/wangy1> was used as the home directory.
</data/chodera/wangyq/pinot/scripts/gp_comparison> was used as the working directory.
Started at Mon Jun  8 22:41:39 2020
Terminated at Mon Jun  8 22:46:55 2020
Results reported at Mon Jun  8 22:46:55 2020

Your job looked like:

------------------------------------------------------------
# LSBATCH: User input
python ../../pinot/app/gp_train.py --layer GINConv --optimizer Adam --lr 1e-3 --out _gp_Adam_GINConv_1e-3_-2 --log_sigma -2 --n_epochs 1000
------------------------------------------------------------

Successfully completed.

Resource usage summary:

    CPU time :                                   948.29 sec.
    Max Memory :                                 2 GB
    Average Memory :                             1.91 GB
    Total Requested Memory :                     48.00 GB
    Delta Memory :                               46.00 GB
    Max Swap :                                   -
    Max Processes :                              3
    Max Threads :                                20
    Run time :                                   316 sec.
    Turnaround time :                            316 sec.

The output (if any) follows:

Parameter containing:
tensor(-2., device='cuda:0', requires_grad=True)
Parameter containing:
tensor(-1.9990, device='cuda:0', requires_grad=True)
Parameter containing:
tensor(-1.9980, device='cuda:0', requires_grad=True)
Parameter containing:
tensor(-1.9970, device='cuda:0', requires_grad=True)
Parameter containing:
tensor(-1.9960, device='cuda:0', requires_grad=True)
Parameter containing:
tensor(-1.9951, device='cuda:0', requires_grad=True)
Parameter containing:
tensor(-1.9941, device='cuda:0', requires_grad=True)
Parameter containing:
tensor(-1.9931, device='cuda:0', requires_grad=True)
Parameter containing:
tensor(-1.9922, device='cuda:0', requires_grad=True)
Parameter containing:
tensor(-1.9912, device='cuda:0', requires_grad=True)
Parameter containing:
tensor(-1.9903, device='cuda:0', requires_grad=True)
Parameter containing:
tensor(-1.9894, device='cuda:0', requires_grad=True)
Parameter containing:
tensor(-1.9884, device='cuda:0', requires_grad=True)
Parameter containing:
tensor(-1.9875, device='cuda:0', requires_grad=True)
Parameter containing:
tensor(-1.9866, device='cuda:0', requires_grad=True)
Parameter containing:
tensor(-1.9857, device='cuda:0', requires_grad=True)
Parameter containing:
tensor(-1.9848, device='cuda:0', requires_grad=True)
Parameter containing:
tensor(-1.9839, device='cuda:0', requires_grad=True)
Parameter containing:
tensor(-1.9831, device='cuda:0', requires_grad=True)
Parameter containing:
tensor(-1.9822, device='cuda:0', requires_grad=True)
Parameter containing:
tensor(-1.9813, device='cuda:0', requires_grad=True)
Parameter containing:
tensor(-1.9804, device='cuda:0', requires_grad=True)
Parameter containing:
tensor(-1.9796, device='cuda:0', requires_grad=True)
Parameter containing:
tensor(-1.9787, device='cuda:0', requires_grad=True)
Parameter containing:
tensor(-1.9779, device='cuda:0', requires_grad=True)
Parameter containing:
tensor(-1.9770, device='cuda:0', requires_grad=True)
Parameter containing:
tensor(-1.9762, device='cuda:0', requires_grad=True)
Parameter containing:
tensor(-1.9754, device='cuda:0', requires_grad=True)
Parameter containing:
tensor(-1.9746, device='cuda:0', requires_grad=True)
Parameter containing:
tensor(-1.9738, device='cuda:0', requires_grad=True)
Parameter containing:
tensor(-1.9731, device='cuda:0', requires_grad=True)
Parameter containing:
tensor(-1.9723, device='cuda:0', requires_grad=True)
Parameter containing:
tensor(-1.9716, device='cuda:0', requires_grad=True)
Parameter containing:
tensor(-1.9708, device='cuda:0', requires_grad=True)
Parameter containing:
tensor(-1.9701, device='cuda:0', requires_grad=True)
Parameter containing:
tensor(-1.9693, device='cuda:0', requires_grad=True)
Parameter containing:
tensor(-1.9686, device='cuda:0', requires_grad=True)
Parameter containing:
tensor(-1.9679, device='cuda:0', requires_grad=True)
Parameter containing:
tensor(-1.9672, device='cuda:0', requires_grad=True)
Parameter containing:
tensor(-1.9665, device='cuda:0', requires_grad=True)
Parameter containing:
tensor(-1.9658, device='cuda:0', requires_grad=True)
Parameter containing:
tensor(-1.9651, device='cuda:0', requires_grad=True)
Parameter containing:
tensor(-1.9644, device='cuda:0', requires_grad=True)
Parameter containing:
tensor(-1.9638, device='cuda:0', requires_grad=True)
Parameter containing:
tensor(-1.9631, device='cuda:0', requires_grad=True)
Parameter containing:
tensor(-1.9625, device='cuda:0', requires_grad=True)
Parameter containing:
tensor(-1.9618, device='cuda:0', requires_grad=True)
Parameter containing:
tensor(-1.9612, device='cuda:0', requires_grad=True)
Parameter containing:
tensor(-1.9606, device='cuda:0', requires_grad=True)
Parameter containing:
tensor(-1.9600, device='cuda:0', requires_grad=True)
Parameter containing:
tensor(-1.9594, device='cuda:0', requires_grad=True)
Parameter containing:
tensor(-1.9588, device='cuda:0', requires_grad=True)
Parameter containing:
tensor(-1.9582, device='cuda:0', requires_grad=True)
Parameter containing:
tensor(-1.9576, device='cuda:0', requires_grad=True)
Parameter containing:
tensor(-1.9570, device='cuda:0', requires_grad=True)
Parameter containing:
tensor(-1.9563, device='cuda:0', requires_grad=True)
Parameter containing:
tensor(-1.9557, device='cuda:0', requires_grad=True)
Parameter containing:
tensor(-1.9551, device='cuda:0', requires_grad=True)
Parameter containing:
tensor(-1.9545, device='cuda:0', requires_grad=True)
Parameter containing:
tensor(-1.9538, device='cuda:0', requires_grad=True)
Parameter containing:
tensor(-1.9532, device='cuda:0', requires_grad=True)
Parameter containing:
tensor(-1.9526, device='cuda:0', requires_grad=True)
Parameter containing:
tensor(-1.9519, device='cuda:0', requires_grad=True)
Parameter containing:
tensor(-1.9513, device='cuda:0', requires_grad=True)
Parameter containing:
tensor(-1.9506, device='cuda:0', requires_grad=True)
Parameter containing:
tensor(-1.9499, device='cuda:0', requires_grad=True)
Parameter containing:
tensor(-1.9493, device='cuda:0', requires_grad=True)
Parameter containing:
tensor(-1.9486, device='cuda:0', requires_grad=True)
Parameter containing:
tensor(-1.9479, device='cuda:0', requires_grad=True)
Parameter containing:
tensor(-1.9472, device='cuda:0', requires_grad=True)
Parameter containing:
tensor(-1.9466, device='cuda:0', requires_grad=True)
Parameter containing:
tensor(-1.9459, device='cuda:0', requires_grad=True)
Parameter containing:
tensor(-1.9453, device='cuda:0', requires_grad=True)
Parameter containing:
tensor(-1.9447, device='cuda:0', requires_grad=True)
Parameter containing:
tensor(-1.9440, device='cuda:0', requires_grad=True)
Parameter containing:
tensor(-1.9434, device='cuda:0', requires_grad=True)
Parameter containing:
tensor(-1.9428, device='cuda:0', requires_grad=True)
Parameter containing:
tensor(-1.9422, device='cuda:0', requires_grad=True)
Parameter containing:
tensor(-1.9416, device='cuda:0', requires_grad=True)
Parameter containing:
tensor(-1.9410, device='cuda:0', requires_grad=True)
Parameter containing:
tensor(-1.9404, device='cuda:0', requires_grad=True)
Parameter containing:
tensor(-1.9398, device='cuda:0', requires_grad=True)
Parameter containing:
tensor(-1.9392, device='cuda:0', requires_grad=True)
Parameter containing:
tensor(-1.9386, device='cuda:0', requires_grad=True)
Parameter containing:
tensor(-1.9380, device='cuda:0', requires_grad=True)
Parameter containing:
tensor(-1.9375, device='cuda:0', requires_grad=True)
Parameter containing:
tensor(-1.9369, device='cuda:0', requires_grad=True)
Parameter containing:
tensor(-1.9363, device='cuda:0', requires_grad=True)
Parameter containing:
tensor(-1.9357, device='cuda:0', requires_grad=True)
Parameter containing:
tensor(-1.9351, device='cuda:0', requires_grad=True)
Parameter containing:
tensor(-1.9345, device='cuda:0', requires_grad=True)
Parameter containing:
tensor(-1.9339, device='cuda:0', requires_grad=True)
Parameter containing:
tensor(-1.9333, device='cuda:0', requires_grad=True)
Parameter containing:
tensor(-1.9327, device='cuda:0', requires_grad=True)
Parameter containing:
tensor(-1.9320, device='cuda:0', requires_grad=True)
Parameter containing:
tensor(-1.9314, device='cuda:0', requires_grad=True)
Parameter containing:
tensor(-1.9308, device='cuda:0', requires_grad=True)
Parameter containing:
tensor(-1.9302, device='cuda:0', requires_grad=True)
Parameter containing:
tensor(-1.9296, device='cuda:0', requires_grad=True)
Parameter containing:
tensor(-1.9290, device='cuda:0', requires_grad=True)
Parameter containing:
tensor(-1.9284, device='cuda:0', requires_grad=True)
Parameter containing:
tensor(-1.9278, device='cuda:0', requires_grad=True)
Parameter containing:
tensor(-1.9271, device='cuda:0', requires_grad=True)
Parameter containing:
tensor(-1.9265, device='cuda:0', requires_grad=True)
Parameter containing:
tensor(-1.9259, device='cuda:0', requires_grad=True)
Parameter containing:
tensor(-1.9253, device='cuda:0', requires_grad=True)
Parameter containing:
tensor(-1.9247, device='cuda:0', requires_grad=True)
Parameter containing:
tensor(-1.9241, device='cuda:0', requires_grad=True)
Parameter containing:
tensor(-1.9235, device='cuda:0', requires_grad=True)
Parameter containing:
tensor(-1.9229, device='cuda:0', requires_grad=True)
Parameter containing:
tensor(-1.9222, device='cuda:0', requires_grad=True)
Parameter containing:
tensor(-1.9216, device='cuda:0', requires_grad=True)
Parameter containing:
tensor(-1.9210, device='cuda:0', requires_grad=True)
Parameter containing:
tensor(-1.9204, device='cuda:0', requires_grad=True)
Parameter containing:
tensor(-1.9199, device='cuda:0', requires_grad=True)
Parameter containing:
tensor(-1.9193, device='cuda:0', requires_grad=True)
Parameter containing:
tensor(-1.9187, device='cuda:0', requires_grad=True)
Parameter containing:
tensor(-1.9181, device='cuda:0', requires_grad=True)
Parameter containing:
tensor(-1.9175, device='cuda:0', requires_grad=True)
Parameter containing:
tensor(-1.9170, device='cuda:0', requires_grad=True)
Parameter containing:
tensor(-1.9164, device='cuda:0', requires_grad=True)
Parameter containing:
tensor(-1.9158, device='cuda:0', requires_grad=True)
Parameter containing:
tensor(-1.9152, device='cuda:0', requires_grad=True)
Parameter containing:
tensor(-1.9147, device='cuda:0', requires_grad=True)
Parameter containing:
tensor(-1.9141, device='cuda:0', requires_grad=True)
Parameter containing:
tensor(-1.9135, device='cuda:0', requires_grad=True)
Parameter containing:
tensor(-1.9130, device='cuda:0', requires_grad=True)
Parameter containing:
tensor(-1.9124, device='cuda:0', requires_grad=True)
Parameter containing:
tensor(-1.9118, device='cuda:0', requires_grad=True)
Parameter containing:
tensor(-1.9113, device='cuda:0', requires_grad=True)
Parameter containing:
tensor(-1.9107, device='cuda:0', requires_grad=True)
Parameter containing:
tensor(-1.9101, device='cuda:0', requires_grad=True)
Parameter containing:
tensor(-1.9096, device='cuda:0', requires_grad=True)
Parameter containing:
tensor(-1.9090, device='cuda:0', requires_grad=True)
Parameter containing:
tensor(-1.9084, device='cuda:0', requires_grad=True)
Parameter containing:
tensor(-1.9079, device='cuda:0', requires_grad=True)
Parameter containing:
tensor(-1.9073, device='cuda:0', requires_grad=True)
Parameter containing:
tensor(-1.9068, device='cuda:0', requires_grad=True)
Parameter containing:
tensor(-1.9062, device='cuda:0', requires_grad=True)
Parameter containing:
tensor(-1.9057, device='cuda:0', requires_grad=True)
Parameter containing:
tensor(-1.9052, device='cuda:0', requires_grad=True)
Parameter containing:
tensor(-1.9046, device='cuda:0', requires_grad=True)
Parameter containing:
tensor(-1.9041, device='cuda:0', requires_grad=True)
Parameter containing:
tensor(-1.9035, device='cuda:0', requires_grad=True)
Parameter containing:
tensor(-1.9030, device='cuda:0', requires_grad=True)
Parameter containing:
tensor(-1.9025, device='cuda:0', requires_grad=True)
Parameter containing:
tensor(-1.9020, device='cuda:0', requires_grad=True)
Parameter containing:
tensor(-1.9015, device='cuda:0', requires_grad=True)
Parameter containing:
tensor(-1.9010, device='cuda:0', requires_grad=True)
Parameter containing:
tensor(-1.9004, device='cuda:0', requires_grad=True)
Parameter containing:
tensor(-1.8999, device='cuda:0', requires_grad=True)
Parameter containing:
tensor(-1.8994, device='cuda:0', requires_grad=True)
Parameter containing:
tensor(-1.8988, device='cuda:0', requires_grad=True)
Parameter containing:
tensor(-1.8983, device='cuda:0', requires_grad=True)
Parameter containing:
tensor(-1.8978, device='cuda:0', requires_grad=True)
Parameter containing:
tensor(-1.8973, device='cuda:0', requires_grad=True)
Parameter containing:
tensor(-1.8967, device='cuda:0', requires_grad=True)
Parameter containing:
tensor(-1.8962, device='cuda:0', requires_grad=True)
Parameter containing:
tensor(-1.8958, device='cuda:0', requires_grad=True)
Parameter containing:
tensor(-1.8953, device='cuda:0', requires_grad=True)
Parameter containing:
tensor(-1.8948, device='cuda:0', requires_grad=True)
Parameter containing:
tensor(-1.8943, device='cuda:0', requires_grad=True)
Parameter containing:
tensor(-1.8938, device='cuda:0', requires_grad=True)
Parameter containing:
tensor(-1.8934, device='cuda:0', requires_grad=True)
Parameter containing:
tensor(-1.8929, device='cuda:0', requires_grad=True)
Parameter containing:
tensor(-1.8924, device='cuda:0', requires_grad=True)
Parameter containing:
tensor(-1.8920, device='cuda:0', requires_grad=True)
Parameter containing:
tensor(-1.8915, device='cuda:0', requires_grad=True)
Parameter containing:
tensor(-1.8910, device='cuda:0', requires_grad=True)
Parameter containing:
tensor(-1.8906, device='cuda:0', requires_grad=True)
Parameter containing:
tensor(-1.8901, device='cuda:0', requires_grad=True)
Parameter containing:
tensor(-1.8896, device='cuda:0', requires_grad=True)
Parameter containing:
tensor(-1.8891, device='cuda:0', requires_grad=True)
Parameter containing:
tensor(-1.8887, device='cuda:0', requires_grad=True)
Parameter containing:
tensor(-1.8882, device='cuda:0', requires_grad=True)
Parameter containing:
tensor(-1.8877, device='cuda:0', requires_grad=True)
Parameter containing:
tensor(-1.8872, device='cuda:0', requires_grad=True)
Parameter containing:
tensor(-1.8868, device='cuda:0', requires_grad=True)
Parameter containing:
tensor(-1.8863, device='cuda:0', requires_grad=True)
Parameter containing:
tensor(-1.8858, device='cuda:0', requires_grad=True)
Parameter containing:
tensor(-1.8853, device='cuda:0', requires_grad=True)
Parameter containing:
tensor(-1.8849, device='cuda:0', requires_grad=True)
Parameter containing:
tensor(-1.8844, device='cuda:0', requires_grad=True)
Parameter containing:
tensor(-1.8839, device='cuda:0', requires_grad=True)
Parameter containing:
tensor(-1.8835, device='cuda:0', requires_grad=True)
Parameter containing:
tensor(-1.8831, device='cuda:0', requires_grad=True)
Parameter containing:
tensor(-1.8826, device='cuda:0', requires_grad=True)
Parameter containing:
tensor(-1.8822, device='cuda:0', requires_grad=True)
Parameter containing:
tensor(-1.8818, device='cuda:0', requires_grad=True)
Parameter containing:
tensor(-1.8814, device='cuda:0', requires_grad=True)
Parameter containing:
tensor(-1.8811, device='cuda:0', requires_grad=True)
Parameter containing:
tensor(-1.8807, device='cuda:0', requires_grad=True)
Parameter containing:
tensor(-1.8803, device='cuda:0', requires_grad=True)
Parameter containing:
tensor(-1.8799, device='cuda:0', requires_grad=True)
Parameter containing:
tensor(-1.8796, device='cuda:0', requires_grad=True)
Parameter containing:
tensor(-1.8792, device='cuda:0', requires_grad=True)
Parameter containing:
tensor(-1.8789, device='cuda:0', requires_grad=True)
Parameter containing:
tensor(-1.8785, device='cuda:0', requires_grad=True)
Parameter containing:
tensor(-1.8782, device='cuda:0', requires_grad=True)
Parameter containing:
tensor(-1.8779, device='cuda:0', requires_grad=True)
Parameter containing:
tensor(-1.8775, device='cuda:0', requires_grad=True)
Parameter containing:
tensor(-1.8772, device='cuda:0', requires_grad=True)
Parameter containing:
tensor(-1.8768, device='cuda:0', requires_grad=True)
Parameter containing:
tensor(-1.8765, device='cuda:0', requires_grad=True)
Parameter containing:
tensor(-1.8761, device='cuda:0', requires_grad=True)
Parameter containing:
tensor(-1.8758, device='cuda:0', requires_grad=True)
Parameter containing:
tensor(-1.8754, device='cuda:0', requires_grad=True)
Parameter containing:
tensor(-1.8750, device='cuda:0', requires_grad=True)
Parameter containing:
tensor(-1.8747, device='cuda:0', requires_grad=True)
Parameter containing:
tensor(-1.8743, device='cuda:0', requires_grad=True)
Parameter containing:
tensor(-1.8739, device='cuda:0', requires_grad=True)
Parameter containing:
tensor(-1.8735, device='cuda:0', requires_grad=True)
Parameter containing:
tensor(-1.8731, device='cuda:0', requires_grad=True)
Parameter containing:
tensor(-1.8727, device='cuda:0', requires_grad=True)
Parameter containing:
tensor(-1.8723, device='cuda:0', requires_grad=True)
Parameter containing:
tensor(-1.8719, device='cuda:0', requires_grad=True)
Parameter containing:
tensor(-1.8715, device='cuda:0', requires_grad=True)
Parameter containing:
tensor(-1.8711, device='cuda:0', requires_grad=True)
Parameter containing:
tensor(-1.8707, device='cuda:0', requires_grad=True)
Parameter containing:
tensor(-1.8702, device='cuda:0', requires_grad=True)
Parameter containing:
tensor(-1.8698, device='cuda:0', requires_grad=True)
Parameter containing:
tensor(-1.8695, device='cuda:0', requires_grad=True)
Parameter containing:
tensor(-1.8691, device='cuda:0', requires_grad=True)
Parameter containing:
tensor(-1.8687, device='cuda:0', requires_grad=True)
Parameter containing:
tensor(-1.8683, device='cuda:0', requires_grad=True)
Parameter containing:
tensor(-1.8680, device='cuda:0', requires_grad=True)
Parameter containing:
tensor(-1.8676, device='cuda:0', requires_grad=True)
Parameter containing:
tensor(-1.8672, device='cuda:0', requires_grad=True)
Parameter containing:
tensor(-1.8669, device='cuda:0', requires_grad=True)
Parameter containing:
tensor(-1.8665, device='cuda:0', requires_grad=True)
Parameter containing:
tensor(-1.8662, device='cuda:0', requires_grad=True)
Parameter containing:
tensor(-1.8659, device='cuda:0', requires_grad=True)
Parameter containing:
tensor(-1.8656, device='cuda:0', requires_grad=True)
Parameter containing:
tensor(-1.8653, device='cuda:0', requires_grad=True)
Parameter containing:
tensor(-1.8650, device='cuda:0', requires_grad=True)
Parameter containing:
tensor(-1.8647, device='cuda:0', requires_grad=True)
Parameter containing:
tensor(-1.8645, device='cuda:0', requires_grad=True)
Parameter containing:
tensor(-1.8642, device='cuda:0', requires_grad=True)
Parameter containing:
tensor(-1.8640, device='cuda:0', requires_grad=True)
Parameter containing:
tensor(-1.8637, device='cuda:0', requires_grad=True)
Parameter containing:
tensor(-1.8635, device='cuda:0', requires_grad=True)
Parameter containing:
tensor(-1.8633, device='cuda:0', requires_grad=True)
Parameter containing:
tensor(-1.8630, device='cuda:0', requires_grad=True)
Parameter containing:
tensor(-1.8628, device='cuda:0', requires_grad=True)
Parameter containing:
tensor(-1.8625, device='cuda:0', requires_grad=True)
Parameter containing:
tensor(-1.8623, device='cuda:0', requires_grad=True)
Parameter containing:
tensor(-1.8620, device='cuda:0', requires_grad=True)
Parameter containing:
tensor(-1.8617, device='cuda:0', requires_grad=True)
Parameter containing:
tensor(-1.8615, device='cuda:0', requires_grad=True)
Parameter containing:
tensor(-1.8612, device='cuda:0', requires_grad=True)
Parameter containing:
tensor(-1.8608, device='cuda:0', requires_grad=True)
Parameter containing:
tensor(-1.8605, device='cuda:0', requires_grad=True)
Parameter containing:
tensor(-1.8602, device='cuda:0', requires_grad=True)
Parameter containing:
tensor(-1.8599, device='cuda:0', requires_grad=True)
Parameter containing:
tensor(-1.8596, device='cuda:0', requires_grad=True)
Parameter containing:
tensor(-1.8593, device='cuda:0', requires_grad=True)
Parameter containing:
tensor(-1.8590, device='cuda:0', requires_grad=True)
Parameter containing:
tensor(-1.8587, device='cuda:0', requires_grad=True)
Parameter containing:
tensor(-1.8583, device='cuda:0', requires_grad=True)
Parameter containing:
tensor(-1.8580, device='cuda:0', requires_grad=True)
Parameter containing:
tensor(-1.8577, device='cuda:0', requires_grad=True)
Parameter containing:
tensor(-1.8574, device='cuda:0', requires_grad=True)
Parameter containing:
tensor(-1.8570, device='cuda:0', requires_grad=True)
Parameter containing:
tensor(-1.8567, device='cuda:0', requires_grad=True)
Parameter containing:
tensor(-1.8563, device='cuda:0', requires_grad=True)
Parameter containing:
tensor(-1.8560, device='cuda:0', requires_grad=True)
Parameter containing:
tensor(-1.8556, device='cuda:0', requires_grad=True)
Parameter containing:
tensor(-1.8553, device='cuda:0', requires_grad=True)
Parameter containing:
tensor(-1.8550, device='cuda:0', requires_grad=True)
Parameter containing:
tensor(-1.8547, device='cuda:0', requires_grad=True)
Parameter containing:
tensor(-1.8544, device='cuda:0', requires_grad=True)
Parameter containing:
tensor(-1.8541, device='cuda:0', requires_grad=True)
Parameter containing:
tensor(-1.8538, device='cuda:0', requires_grad=True)
Parameter containing:
tensor(-1.8535, device='cuda:0', requires_grad=True)
Parameter containing:
tensor(-1.8532, device='cuda:0', requires_grad=True)
Parameter containing:
tensor(-1.8530, device='cuda:0', requires_grad=True)
Parameter containing:
tensor(-1.8528, device='cuda:0', requires_grad=True)
Parameter containing:
tensor(-1.8525, device='cuda:0', requires_grad=True)
Parameter containing:
tensor(-1.8523, device='cuda:0', requires_grad=True)
Parameter containing:
tensor(-1.8521, device='cuda:0', requires_grad=True)
Parameter containing:
tensor(-1.8519, device='cuda:0', requires_grad=True)
Parameter containing:
tensor(-1.8516, device='cuda:0', requires_grad=True)
Parameter containing:
tensor(-1.8514, device='cuda:0', requires_grad=True)
Parameter containing:
tensor(-1.8512, device='cuda:0', requires_grad=True)
Parameter containing:
tensor(-1.8510, device='cuda:0', requires_grad=True)
Parameter containing:
tensor(-1.8508, device='cuda:0', requires_grad=True)
Parameter containing:
tensor(-1.8505, device='cuda:0', requires_grad=True)
Parameter containing:
tensor(-1.8503, device='cuda:0', requires_grad=True)
Parameter containing:
tensor(-1.8500, device='cuda:0', requires_grad=True)
Parameter containing:
tensor(-1.8498, device='cuda:0', requires_grad=True)
Parameter containing:
tensor(-1.8495, device='cuda:0', requires_grad=True)
Parameter containing:
tensor(-1.8493, device='cuda:0', requires_grad=True)
Parameter containing:
tensor(-1.8490, device='cuda:0', requires_grad=True)
Parameter containing:
tensor(-1.8487, device='cuda:0', requires_grad=True)
Parameter containing:
tensor(-1.8485, device='cuda:0', requires_grad=True)
Parameter containing:
tensor(-1.8482, device='cuda:0', requires_grad=True)
Parameter containing:
tensor(-1.8479, device='cuda:0', requires_grad=True)
Parameter containing:
tensor(-1.8476, device='cuda:0', requires_grad=True)
Parameter containing:
tensor(-1.8473, device='cuda:0', requires_grad=True)
Parameter containing:
tensor(-1.8470, device='cuda:0', requires_grad=True)
Parameter containing:
tensor(-1.8467, device='cuda:0', requires_grad=True)
Parameter containing:
tensor(-1.8464, device='cuda:0', requires_grad=True)
Parameter containing:
tensor(-1.8461, device='cuda:0', requires_grad=True)
Parameter containing:
tensor(-1.8458, device='cuda:0', requires_grad=True)
Parameter containing:
tensor(-1.8455, device='cuda:0', requires_grad=True)
Parameter containing:
tensor(-1.8452, device='cuda:0', requires_grad=True)
Parameter containing:
tensor(-1.8450, device='cuda:0', requires_grad=True)
Parameter containing:
tensor(-1.8447, device='cuda:0', requires_grad=True)
Parameter containing:
tensor(-1.8445, device='cuda:0', requires_grad=True)
Parameter containing:
tensor(-1.8443, device='cuda:0', requires_grad=True)
Parameter containing:
tensor(-1.8441, device='cuda:0', requires_grad=True)
Parameter containing:
tensor(-1.8439, device='cuda:0', requires_grad=True)
Parameter containing:
tensor(-1.8437, device='cuda:0', requires_grad=True)
Parameter containing:
tensor(-1.8435, device='cuda:0', requires_grad=True)
Parameter containing:
tensor(-1.8433, device='cuda:0', requires_grad=True)
Parameter containing:
tensor(-1.8432, device='cuda:0', requires_grad=True)
Parameter containing:
tensor(-1.8430, device='cuda:0', requires_grad=True)
Parameter containing:
tensor(-1.8429, device='cuda:0', requires_grad=True)
Parameter containing:
tensor(-1.8428, device='cuda:0', requires_grad=True)
Parameter containing:
tensor(-1.8427, device='cuda:0', requires_grad=True)
Parameter containing:
tensor(-1.8425, device='cuda:0', requires_grad=True)
Parameter containing:
tensor(-1.8424, device='cuda:0', requires_grad=True)
Parameter containing:
tensor(-1.8423, device='cuda:0', requires_grad=True)
Parameter containing:
tensor(-1.8422, device='cuda:0', requires_grad=True)
Parameter containing:
tensor(-1.8420, device='cuda:0', requires_grad=True)
Parameter containing:
tensor(-1.8419, device='cuda:0', requires_grad=True)
Parameter containing:
tensor(-1.8418, device='cuda:0', requires_grad=True)
Parameter containing:
tensor(-1.8416, device='cuda:0', requires_grad=True)
Parameter containing:
tensor(-1.8415, device='cuda:0', requires_grad=True)
Parameter containing:
tensor(-1.8413, device='cuda:0', requires_grad=True)
Parameter containing:
tensor(-1.8411, device='cuda:0', requires_grad=True)
Parameter containing:
tensor(-1.8410, device='cuda:0', requires_grad=True)
Parameter containing:
tensor(-1.8408, device='cuda:0', requires_grad=True)
Parameter containing:
tensor(-1.8406, device='cuda:0', requires_grad=True)
Parameter containing:
tensor(-1.8404, device='cuda:0', requires_grad=True)
Parameter containing:
tensor(-1.8402, device='cuda:0', requires_grad=True)
Parameter containing:
tensor(-1.8400, device='cuda:0', requires_grad=True)
Parameter containing:
tensor(-1.8398, device='cuda:0', requires_grad=True)
Parameter containing:
tensor(-1.8396, device='cuda:0', requires_grad=True)
Parameter containing:
tensor(-1.8394, device='cuda:0', requires_grad=True)
Parameter containing:
tensor(-1.8391, device='cuda:0', requires_grad=True)
Parameter containing:
tensor(-1.8389, device='cuda:0', requires_grad=True)
Parameter containing:
tensor(-1.8387, device='cuda:0', requires_grad=True)
Parameter containing:
tensor(-1.8385, device='cuda:0', requires_grad=True)
Parameter containing:
tensor(-1.8383, device='cuda:0', requires_grad=True)
Parameter containing:
tensor(-1.8381, device='cuda:0', requires_grad=True)
Parameter containing:
tensor(-1.8379, device='cuda:0', requires_grad=True)
Parameter containing:
tensor(-1.8377, device='cuda:0', requires_grad=True)
Parameter containing:
tensor(-1.8375, device='cuda:0', requires_grad=True)
Parameter containing:
tensor(-1.8373, device='cuda:0', requires_grad=True)
Parameter containing:
tensor(-1.8371, device='cuda:0', requires_grad=True)
Parameter containing:
tensor(-1.8370, device='cuda:0', requires_grad=True)
Parameter containing:
tensor(-1.8368, device='cuda:0', requires_grad=True)
Parameter containing:
tensor(-1.8366, device='cuda:0', requires_grad=True)
Parameter containing:
tensor(-1.8364, device='cuda:0', requires_grad=True)
Parameter containing:
tensor(-1.8362, device='cuda:0', requires_grad=True)
Parameter containing:
tensor(-1.8360, device='cuda:0', requires_grad=True)
Parameter containing:
tensor(-1.8358, device='cuda:0', requires_grad=True)
Parameter containing:
tensor(-1.8356, device='cuda:0', requires_grad=True)
Parameter containing:
tensor(-1.8355, device='cuda:0', requires_grad=True)
Parameter containing:
tensor(-1.8353, device='cuda:0', requires_grad=True)
Parameter containing:
tensor(-1.8351, device='cuda:0', requires_grad=True)
Parameter containing:
tensor(-1.8349, device='cuda:0', requires_grad=True)
Parameter containing:
tensor(-1.8347, device='cuda:0', requires_grad=True)
Parameter containing:
tensor(-1.8345, device='cuda:0', requires_grad=True)
Parameter containing:
tensor(-1.8343, device='cuda:0', requires_grad=True)
Parameter containing:
tensor(-1.8341, device='cuda:0', requires_grad=True)
Parameter containing:
tensor(-1.8339, device='cuda:0', requires_grad=True)
Parameter containing:
tensor(-1.8337, device='cuda:0', requires_grad=True)
Parameter containing:
tensor(-1.8335, device='cuda:0', requires_grad=True)
Parameter containing:
tensor(-1.8333, device='cuda:0', requires_grad=True)
Parameter containing:
tensor(-1.8330, device='cuda:0', requires_grad=True)
Parameter containing:
tensor(-1.8327, device='cuda:0', requires_grad=True)
Parameter containing:
tensor(-1.8323, device='cuda:0', requires_grad=True)
Parameter containing:
tensor(-1.8318, device='cuda:0', requires_grad=True)
Parameter containing:
tensor(-1.8313, device='cuda:0', requires_grad=True)
Parameter containing:
tensor(-1.8307, device='cuda:0', requires_grad=True)
Parameter containing:
tensor(-1.8301, device='cuda:0', requires_grad=True)
Parameter containing:
tensor(-1.8293, device='cuda:0', requires_grad=True)
Parameter containing:
tensor(-1.8286, device='cuda:0', requires_grad=True)
Parameter containing:
tensor(-1.8278, device='cuda:0', requires_grad=True)
Parameter containing:
tensor(-1.8269, device='cuda:0', requires_grad=True)
Parameter containing:
tensor(-1.8260, device='cuda:0', requires_grad=True)
Parameter containing:
tensor(-1.8251, device='cuda:0', requires_grad=True)
Parameter containing:
tensor(-1.8242, device='cuda:0', requires_grad=True)
Parameter containing:
tensor(-1.8233, device='cuda:0', requires_grad=True)
Parameter containing:
tensor(-1.8224, device='cuda:0', requires_grad=True)
Parameter containing:
tensor(-1.8214, device='cuda:0', requires_grad=True)
Parameter containing:
tensor(-1.8205, device='cuda:0', requires_grad=True)
Parameter containing:
tensor(-1.8195, device='cuda:0', requires_grad=True)
Parameter containing:
tensor(-1.8186, device='cuda:0', requires_grad=True)
Parameter containing:
tensor(-1.8176, device='cuda:0', requires_grad=True)
Parameter containing:
tensor(-1.8167, device='cuda:0', requires_grad=True)
Parameter containing:
tensor(-1.8158, device='cuda:0', requires_grad=True)
Parameter containing:
tensor(-1.8149, device='cuda:0', requires_grad=True)
Parameter containing:
tensor(-1.8140, device='cuda:0', requires_grad=True)
Parameter containing:
tensor(-1.8132, device='cuda:0', requires_grad=True)
Parameter containing:
tensor(-1.8124, device='cuda:0', requires_grad=True)
Parameter containing:
tensor(-1.8116, device='cuda:0', requires_grad=True)
Parameter containing:
tensor(-1.8109, device='cuda:0', requires_grad=True)
Parameter containing:
tensor(-1.8101, device='cuda:0', requires_grad=True)
Parameter containing:
tensor(-1.8094, device='cuda:0', requires_grad=True)
Parameter containing:
tensor(-1.8088, device='cuda:0', requires_grad=True)
Parameter containing:
tensor(-1.8082, device='cuda:0', requires_grad=True)
Parameter containing:
tensor(-1.8076, device='cuda:0', requires_grad=True)
Parameter containing:
tensor(-1.8071, device='cuda:0', requires_grad=True)
Parameter containing:
tensor(-1.8066, device='cuda:0', requires_grad=True)
Parameter containing:
tensor(-1.8061, device='cuda:0', requires_grad=True)
Parameter containing:
tensor(-1.8057, device='cuda:0', requires_grad=True)
Parameter containing:
tensor(-1.8053, device='cuda:0', requires_grad=True)
Parameter containing:
tensor(-1.8050, device='cuda:0', requires_grad=True)
Parameter containing:
tensor(-1.8047, device='cuda:0', requires_grad=True)
Parameter containing:
tensor(-1.8045, device='cuda:0', requires_grad=True)
Parameter containing:
tensor(-1.8043, device='cuda:0', requires_grad=True)
Parameter containing:
tensor(-1.8042, device='cuda:0', requires_grad=True)
Parameter containing:
tensor(-1.8041, device='cuda:0', requires_grad=True)
Parameter containing:
tensor(-1.8040, device='cuda:0', requires_grad=True)
Parameter containing:
tensor(-1.8039, device='cuda:0', requires_grad=True)
Parameter containing:
tensor(-1.8039, device='cuda:0', requires_grad=True)
Parameter containing:
tensor(-1.8039, device='cuda:0', requires_grad=True)
Parameter containing:
tensor(-1.8039, device='cuda:0', requires_grad=True)
Parameter containing:
tensor(-1.8039, device='cuda:0', requires_grad=True)
Parameter containing:
tensor(-1.8039, device='cuda:0', requires_grad=True)
Parameter containing:
tensor(-1.8040, device='cuda:0', requires_grad=True)
Parameter containing:
tensor(-1.8040, device='cuda:0', requires_grad=True)
Parameter containing:
tensor(-1.8041, device='cuda:0', requires_grad=True)
Parameter containing:
tensor(-1.8041, device='cuda:0', requires_grad=True)
Parameter containing:
tensor(-1.8041, device='cuda:0', requires_grad=True)
Parameter containing:
tensor(-1.8041, device='cuda:0', requires_grad=True)
Parameter containing:
tensor(-1.8041, device='cuda:0', requires_grad=True)
Parameter containing:
tensor(-1.8041, device='cuda:0', requires_grad=True)
Parameter containing:
tensor(-1.8041, device='cuda:0', requires_grad=True)
Parameter containing:
tensor(-1.8040, device='cuda:0', requires_grad=True)
Parameter containing:
tensor(-1.8040, device='cuda:0', requires_grad=True)
Parameter containing:
tensor(-1.8039, device='cuda:0', requires_grad=True)
Parameter containing:
tensor(-1.8039, device='cuda:0', requires_grad=True)
Parameter containing:
tensor(-1.8038, device='cuda:0', requires_grad=True)
Parameter containing:
tensor(-1.8037, device='cuda:0', requires_grad=True)
Parameter containing:
tensor(-1.8037, device='cuda:0', requires_grad=True)
Parameter containing:
tensor(-1.8036, device='cuda:0', requires_grad=True)
Parameter containing:
tensor(-1.8035, device='cuda:0', requires_grad=True)
Parameter containing:
tensor(-1.8034, device='cuda:0', requires_grad=True)
Parameter containing:
tensor(-1.8032, device='cuda:0', requires_grad=True)
Parameter containing:
tensor(-1.8031, device='cuda:0', requires_grad=True)
Parameter containing:
tensor(-1.8030, device='cuda:0', requires_grad=True)
Parameter containing:
tensor(-1.8029, device='cuda:0', requires_grad=True)
Parameter containing:
tensor(-1.8027, device='cuda:0', requires_grad=True)
Parameter containing:
tensor(-1.8026, device='cuda:0', requires_grad=True)
Parameter containing:
tensor(-1.8024, device='cuda:0', requires_grad=True)
Parameter containing:
tensor(-1.8022, device='cuda:0', requires_grad=True)
Parameter containing:
tensor(-1.8021, device='cuda:0', requires_grad=True)
Parameter containing:
tensor(-1.8019, device='cuda:0', requires_grad=True)
Parameter containing:
tensor(-1.8018, device='cuda:0', requires_grad=True)
Parameter containing:
tensor(-1.8016, device='cuda:0', requires_grad=True)
Parameter containing:
tensor(-1.8014, device='cuda:0', requires_grad=True)
Parameter containing:
tensor(-1.8013, device='cuda:0', requires_grad=True)
Parameter containing:
tensor(-1.8011, device='cuda:0', requires_grad=True)
Parameter containing:
tensor(-1.8010, device='cuda:0', requires_grad=True)
Parameter containing:
tensor(-1.8009, device='cuda:0', requires_grad=True)
Parameter containing:
tensor(-1.8008, device='cuda:0', requires_grad=True)
Parameter containing:
tensor(-1.8007, device='cuda:0', requires_grad=True)
Parameter containing:
tensor(-1.8006, device='cuda:0', requires_grad=True)
Parameter containing:
tensor(-1.8004, device='cuda:0', requires_grad=True)
Parameter containing:
tensor(-1.8003, device='cuda:0', requires_grad=True)
Parameter containing:
tensor(-1.8002, device='cuda:0', requires_grad=True)
Parameter containing:
tensor(-1.8002, device='cuda:0', requires_grad=True)
Parameter containing:
tensor(-1.8001, device='cuda:0', requires_grad=True)
Parameter containing:
tensor(-1.8001, device='cuda:0', requires_grad=True)
Parameter containing:
tensor(-1.8001, device='cuda:0', requires_grad=True)
Parameter containing:
tensor(-1.8001, device='cuda:0', requires_grad=True)
Parameter containing:
tensor(-1.8000, device='cuda:0', requires_grad=True)
Parameter containing:
tensor(-1.8000, device='cuda:0', requires_grad=True)
Parameter containing:
tensor(-1.8001, device='cuda:0', requires_grad=True)
Parameter containing:
tensor(-1.8001, device='cuda:0', requires_grad=True)
Parameter containing:
tensor(-1.8001, device='cuda:0', requires_grad=True)
Parameter containing:
tensor(-1.8001, device='cuda:0', requires_grad=True)
Parameter containing:
tensor(-1.8001, device='cuda:0', requires_grad=True)
Parameter containing:
tensor(-1.8002, device='cuda:0', requires_grad=True)
Parameter containing:
tensor(-1.8002, device='cuda:0', requires_grad=True)
Parameter containing:
tensor(-1.8002, device='cuda:0', requires_grad=True)
Parameter containing:
tensor(-1.8003, device='cuda:0', requires_grad=True)
Parameter containing:
tensor(-1.8003, device='cuda:0', requires_grad=True)
Parameter containing:
tensor(-1.8003, device='cuda:0', requires_grad=True)
Parameter containing:
tensor(-1.8003, device='cuda:0', requires_grad=True)
Parameter containing:
tensor(-1.8003, device='cuda:0', requires_grad=True)
Parameter containing:
tensor(-1.8003, device='cuda:0', requires_grad=True)
Parameter containing:
tensor(-1.8003, device='cuda:0', requires_grad=True)
Parameter containing:
tensor(-1.8003, device='cuda:0', requires_grad=True)
Parameter containing:
tensor(-1.8002, device='cuda:0', requires_grad=True)
Parameter containing:
tensor(-1.8002, device='cuda:0', requires_grad=True)
Parameter containing:
tensor(-1.8002, device='cuda:0', requires_grad=True)
Parameter containing:
tensor(-1.8001, device='cuda:0', requires_grad=True)
Parameter containing:
tensor(-1.8001, device='cuda:0', requires_grad=True)
Parameter containing:
tensor(-1.8000, device='cuda:0', requires_grad=True)
Parameter containing:
tensor(-1.8000, device='cuda:0', requires_grad=True)
Parameter containing:
tensor(-1.7999, device='cuda:0', requires_grad=True)
Parameter containing:
tensor(-1.7999, device='cuda:0', requires_grad=True)
Parameter containing:
tensor(-1.7998, device='cuda:0', requires_grad=True)
Parameter containing:
tensor(-1.7998, device='cuda:0', requires_grad=True)
Parameter containing:
tensor(-1.7998, device='cuda:0', requires_grad=True)
Parameter containing:
tensor(-1.7997, device='cuda:0', requires_grad=True)
Parameter containing:
tensor(-1.7996, device='cuda:0', requires_grad=True)
Parameter containing:
tensor(-1.7995, device='cuda:0', requires_grad=True)
Parameter containing:
tensor(-1.7994, device='cuda:0', requires_grad=True)
Parameter containing:
tensor(-1.7993, device='cuda:0', requires_grad=True)
Parameter containing:
tensor(-1.7991, device='cuda:0', requires_grad=True)
Parameter containing:
tensor(-1.7990, device='cuda:0', requires_grad=True)
Parameter containing:
tensor(-1.7989, device='cuda:0', requires_grad=True)
Parameter containing:
tensor(-1.7989, device='cuda:0', requires_grad=True)
Parameter containing:
tensor(-1.7988, device='cuda:0', requires_grad=True)
Parameter containing:
tensor(-1.7987, device='cuda:0', requires_grad=True)
Parameter containing:
tensor(-1.7987, device='cuda:0', requires_grad=True)
Parameter containing:
tensor(-1.7987, device='cuda:0', requires_grad=True)
Parameter containing:
tensor(-1.7986, device='cuda:0', requires_grad=True)
Parameter containing:
tensor(-1.7986, device='cuda:0', requires_grad=True)
Parameter containing:
tensor(-1.7986, device='cuda:0', requires_grad=True)
Parameter containing:
tensor(-1.7986, device='cuda:0', requires_grad=True)
Parameter containing:
tensor(-1.7985, device='cuda:0', requires_grad=True)
Parameter containing:
tensor(-1.7985, device='cuda:0', requires_grad=True)
Parameter containing:
tensor(-1.7984, device='cuda:0', requires_grad=True)
Parameter containing:
tensor(-1.7984, device='cuda:0', requires_grad=True)
Parameter containing:
tensor(-1.7983, device='cuda:0', requires_grad=True)
Parameter containing:
tensor(-1.7983, device='cuda:0', requires_grad=True)
Parameter containing:
tensor(-1.7982, device='cuda:0', requires_grad=True)
Parameter containing:
tensor(-1.7981, device='cuda:0', requires_grad=True)
Parameter containing:
tensor(-1.7980, device='cuda:0', requires_grad=True)
Parameter containing:
tensor(-1.7979, device='cuda:0', requires_grad=True)
Parameter containing:
tensor(-1.7979, device='cuda:0', requires_grad=True)
Parameter containing:
tensor(-1.7978, device='cuda:0', requires_grad=True)
Parameter containing:
tensor(-1.7978, device='cuda:0', requires_grad=True)
Parameter containing:
tensor(-1.7978, device='cuda:0', requires_grad=True)
Parameter containing:
tensor(-1.7978, device='cuda:0', requires_grad=True)
Parameter containing:
tensor(-1.7978, device='cuda:0', requires_grad=True)
Parameter containing:
tensor(-1.7978, device='cuda:0', requires_grad=True)
Parameter containing:
tensor(-1.7978, device='cuda:0', requires_grad=True)
Parameter containing:
tensor(-1.7979, device='cuda:0', requires_grad=True)
Parameter containing:
tensor(-1.7979, device='cuda:0', requires_grad=True)
Parameter containing:
tensor(-1.7980, device='cuda:0', requires_grad=True)
Parameter containing:
tensor(-1.7980, device='cuda:0', requires_grad=True)
Parameter containing:
tensor(-1.7980, device='cuda:0', requires_grad=True)
Parameter containing:
tensor(-1.7981, device='cuda:0', requires_grad=True)
Parameter containing:
tensor(-1.7982, device='cuda:0', requires_grad=True)
Parameter containing:
tensor(-1.7982, device='cuda:0', requires_grad=True)
Parameter containing:
tensor(-1.7983, device='cuda:0', requires_grad=True)
Parameter containing:
tensor(-1.7984, device='cuda:0', requires_grad=True)
Parameter containing:
tensor(-1.7985, device='cuda:0', requires_grad=True)
Parameter containing:
tensor(-1.7986, device='cuda:0', requires_grad=True)
Parameter containing:
tensor(-1.7986, device='cuda:0', requires_grad=True)
Parameter containing:
tensor(-1.7987, device='cuda:0', requires_grad=True)
Parameter containing:
tensor(-1.7987, device='cuda:0', requires_grad=True)
Parameter containing:
tensor(-1.7988, device='cuda:0', requires_grad=True)
Parameter containing:
tensor(-1.7988, device='cuda:0', requires_grad=True)
Parameter containing:
tensor(-1.7989, device='cuda:0', requires_grad=True)
Parameter containing:
tensor(-1.7989, device='cuda:0', requires_grad=True)
Parameter containing:
tensor(-1.7989, device='cuda:0', requires_grad=True)
Parameter containing:
tensor(-1.7990, device='cuda:0', requires_grad=True)
Parameter containing:
tensor(-1.7990, device='cuda:0', requires_grad=True)
Parameter containing:
tensor(-1.7990, device='cuda:0', requires_grad=True)
Parameter containing:
tensor(-1.7991, device='cuda:0', requires_grad=True)
Parameter containing:
tensor(-1.7991, device='cuda:0', requires_grad=True)
Parameter containing:
tensor(-1.7991, device='cuda:0', requires_grad=True)
Parameter containing:
tensor(-1.7990, device='cuda:0', requires_grad=True)
Parameter containing:
tensor(-1.7990, device='cuda:0', requires_grad=True)
Parameter containing:
tensor(-1.7990, device='cuda:0', requires_grad=True)
Parameter containing:
tensor(-1.7990, device='cuda:0', requires_grad=True)
Parameter containing:
tensor(-1.7990, device='cuda:0', requires_grad=True)
Parameter containing:
tensor(-1.7990, device='cuda:0', requires_grad=True)
Parameter containing:
tensor(-1.7991, device='cuda:0', requires_grad=True)
Parameter containing:
tensor(-1.7992, device='cuda:0', requires_grad=True)
Parameter containing:
tensor(-1.7993, device='cuda:0', requires_grad=True)
Parameter containing:
tensor(-1.7994, device='cuda:0', requires_grad=True)
Parameter containing:
tensor(-1.7996, device='cuda:0', requires_grad=True)
Parameter containing:
tensor(-1.7997, device='cuda:0', requires_grad=True)
Parameter containing:
tensor(-1.7999, device='cuda:0', requires_grad=True)
Parameter containing:
tensor(-1.8001, device='cuda:0', requires_grad=True)
Parameter containing:
tensor(-1.8003, device='cuda:0', requires_grad=True)
Parameter containing:
tensor(-1.8005, device='cuda:0', requires_grad=True)
Parameter containing:
tensor(-1.8007, device='cuda:0', requires_grad=True)
Parameter containing:
tensor(-1.8009, device='cuda:0', requires_grad=True)
Parameter containing:
tensor(-1.8011, device='cuda:0', requires_grad=True)
Parameter containing:
tensor(-1.8013, device='cuda:0', requires_grad=True)
Parameter containing:
tensor(-1.8015, device='cuda:0', requires_grad=True)
Parameter containing:
tensor(-1.8017, device='cuda:0', requires_grad=True)
Parameter containing:
tensor(-1.8019, device='cuda:0', requires_grad=True)
Parameter containing:
tensor(-1.8021, device='cuda:0', requires_grad=True)
Parameter containing:
tensor(-1.8023, device='cuda:0', requires_grad=True)
Parameter containing:
tensor(-1.8025, device='cuda:0', requires_grad=True)
Parameter containing:
tensor(-1.8026, device='cuda:0', requires_grad=True)
Parameter containing:
tensor(-1.8028, device='cuda:0', requires_grad=True)
Parameter containing:
tensor(-1.8030, device='cuda:0', requires_grad=True)
Parameter containing:
tensor(-1.8031, device='cuda:0', requires_grad=True)
Parameter containing:
tensor(-1.8032, device='cuda:0', requires_grad=True)
Parameter containing:
tensor(-1.8033, device='cuda:0', requires_grad=True)
Parameter containing:
tensor(-1.8034, device='cuda:0', requires_grad=True)
Parameter containing:
tensor(-1.8036, device='cuda:0', requires_grad=True)
Parameter containing:
tensor(-1.8037, device='cuda:0', requires_grad=True)
Parameter containing:
tensor(-1.8038, device='cuda:0', requires_grad=True)
Parameter containing:
tensor(-1.8038, device='cuda:0', requires_grad=True)
Parameter containing:
tensor(-1.8039, device='cuda:0', requires_grad=True)
Parameter containing:
tensor(-1.8040, device='cuda:0', requires_grad=True)
Parameter containing:
tensor(-1.8040, device='cuda:0', requires_grad=True)
Parameter containing:
tensor(-1.8041, device='cuda:0', requires_grad=True)
Parameter containing:
tensor(-1.8042, device='cuda:0', requires_grad=True)
Parameter containing:
tensor(-1.8043, device='cuda:0', requires_grad=True)
Parameter containing:
tensor(-1.8043, device='cuda:0', requires_grad=True)
Parameter containing:
tensor(-1.8043, device='cuda:0', requires_grad=True)
Parameter containing:
tensor(-1.8043, device='cuda:0', requires_grad=True)
Parameter containing:
tensor(-1.8042, device='cuda:0', requires_grad=True)
Parameter containing:
tensor(-1.8042, device='cuda:0', requires_grad=True)
Parameter containing:
tensor(-1.8041, device='cuda:0', requires_grad=True)
Parameter containing:
tensor(-1.8040, device='cuda:0', requires_grad=True)
Parameter containing:
tensor(-1.8039, device='cuda:0', requires_grad=True)
Parameter containing:
tensor(-1.8038, device='cuda:0', requires_grad=True)
Parameter containing:
tensor(-1.8038, device='cuda:0', requires_grad=True)
Parameter containing:
tensor(-1.8037, device='cuda:0', requires_grad=True)
Parameter containing:
tensor(-1.8037, device='cuda:0', requires_grad=True)
Parameter containing:
tensor(-1.8037, device='cuda:0', requires_grad=True)
Parameter containing:
tensor(-1.8038, device='cuda:0', requires_grad=True)
Parameter containing:
tensor(-1.8039, device='cuda:0', requires_grad=True)
Parameter containing:
tensor(-1.8040, device='cuda:0', requires_grad=True)
Parameter containing:
tensor(-1.8042, device='cuda:0', requires_grad=True)
Parameter containing:
tensor(-1.8044, device='cuda:0', requires_grad=True)
Parameter containing:
tensor(-1.8046, device='cuda:0', requires_grad=True)
Parameter containing:
tensor(-1.8048, device='cuda:0', requires_grad=True)
Parameter containing:
tensor(-1.8050, device='cuda:0', requires_grad=True)
Parameter containing:
tensor(-1.8053, device='cuda:0', requires_grad=True)
Parameter containing:
tensor(-1.8056, device='cuda:0', requires_grad=True)
Parameter containing:
tensor(-1.8059, device='cuda:0', requires_grad=True)
Parameter containing:
tensor(-1.8062, device='cuda:0', requires_grad=True)
Parameter containing:
tensor(-1.8065, device='cuda:0', requires_grad=True)
Parameter containing:
tensor(-1.8069, device='cuda:0', requires_grad=True)
Parameter containing:
tensor(-1.8072, device='cuda:0', requires_grad=True)
Parameter containing:
tensor(-1.8075, device='cuda:0', requires_grad=True)
Parameter containing:
tensor(-1.8079, device='cuda:0', requires_grad=True)
Parameter containing:
tensor(-1.8082, device='cuda:0', requires_grad=True)
Parameter containing:
tensor(-1.8085, device='cuda:0', requires_grad=True)
Parameter containing:
tensor(-1.8088, device='cuda:0', requires_grad=True)
Parameter containing:
tensor(-1.8091, device='cuda:0', requires_grad=True)
Parameter containing:
tensor(-1.8094, device='cuda:0', requires_grad=True)
Parameter containing:
tensor(-1.8097, device='cuda:0', requires_grad=True)
Parameter containing:
tensor(-1.8099, device='cuda:0', requires_grad=True)
Parameter containing:
tensor(-1.8102, device='cuda:0', requires_grad=True)
Parameter containing:
tensor(-1.8105, device='cuda:0', requires_grad=True)
Parameter containing:
tensor(-1.8107, device='cuda:0', requires_grad=True)
Parameter containing:
tensor(-1.8109, device='cuda:0', requires_grad=True)
Parameter containing:
tensor(-1.8112, device='cuda:0', requires_grad=True)
Parameter containing:
tensor(-1.8113, device='cuda:0', requires_grad=True)
Parameter containing:
tensor(-1.8115, device='cuda:0', requires_grad=True)
Parameter containing:
tensor(-1.8117, device='cuda:0', requires_grad=True)
Parameter containing:
tensor(-1.8119, device='cuda:0', requires_grad=True)
Parameter containing:
tensor(-1.8120, device='cuda:0', requires_grad=True)
Parameter containing:
tensor(-1.8122, device='cuda:0', requires_grad=True)
Parameter containing:
tensor(-1.8124, device='cuda:0', requires_grad=True)
Parameter containing:
tensor(-1.8125, device='cuda:0', requires_grad=True)
Parameter containing:
tensor(-1.8126, device='cuda:0', requires_grad=True)
Parameter containing:
tensor(-1.8128, device='cuda:0', requires_grad=True)
Parameter containing:
tensor(-1.8129, device='cuda:0', requires_grad=True)
Parameter containing:
tensor(-1.8130, device='cuda:0', requires_grad=True)
Parameter containing:
tensor(-1.8131, device='cuda:0', requires_grad=True)
Parameter containing:
tensor(-1.8133, device='cuda:0', requires_grad=True)
Parameter containing:
tensor(-1.8134, device='cuda:0', requires_grad=True)
Parameter containing:
tensor(-1.8135, device='cuda:0', requires_grad=True)
Parameter containing:
tensor(-1.8137, device='cuda:0', requires_grad=True)
Parameter containing:
tensor(-1.8138, device='cuda:0', requires_grad=True)
Parameter containing:
tensor(-1.8138, device='cuda:0', requires_grad=True)
Parameter containing:
tensor(-1.8139, device='cuda:0', requires_grad=True)
Parameter containing:
tensor(-1.8140, device='cuda:0', requires_grad=True)
Parameter containing:
tensor(-1.8142, device='cuda:0', requires_grad=True)
Parameter containing:
tensor(-1.8143, device='cuda:0', requires_grad=True)
Parameter containing:
tensor(-1.8145, device='cuda:0', requires_grad=True)
Parameter containing:
tensor(-1.8146, device='cuda:0', requires_grad=True)
Parameter containing:
tensor(-1.8148, device='cuda:0', requires_grad=True)
Parameter containing:
tensor(-1.8149, device='cuda:0', requires_grad=True)
Parameter containing:
tensor(-1.8151, device='cuda:0', requires_grad=True)
Parameter containing:
tensor(-1.8153, device='cuda:0', requires_grad=True)
Parameter containing:
tensor(-1.8154, device='cuda:0', requires_grad=True)
Parameter containing:
tensor(-1.8156, device='cuda:0', requires_grad=True)
Parameter containing:
tensor(-1.8158, device='cuda:0', requires_grad=True)
Parameter containing:
tensor(-1.8159, device='cuda:0', requires_grad=True)
Parameter containing:
tensor(-1.8160, device='cuda:0', requires_grad=True)
Parameter containing:
tensor(-1.8161, device='cuda:0', requires_grad=True)
Parameter containing:
tensor(-1.8162, device='cuda:0', requires_grad=True)
Parameter containing:
tensor(-1.8163, device='cuda:0', requires_grad=True)
Parameter containing:
tensor(-1.8165, device='cuda:0', requires_grad=True)
Parameter containing:
tensor(-1.8167, device='cuda:0', requires_grad=True)
Parameter containing:
tensor(-1.8169, device='cuda:0', requires_grad=True)
Parameter containing:
tensor(-1.8171, device='cuda:0', requires_grad=True)
Parameter containing:
tensor(-1.8174, device='cuda:0', requires_grad=True)
Parameter containing:
tensor(-1.8177, device='cuda:0', requires_grad=True)
Parameter containing:
tensor(-1.8179, device='cuda:0', requires_grad=True)
Parameter containing:
tensor(-1.8182, device='cuda:0', requires_grad=True)
Parameter containing:
tensor(-1.8184, device='cuda:0', requires_grad=True)
Parameter containing:
tensor(-1.8187, device='cuda:0', requires_grad=True)
Parameter containing:
tensor(-1.8190, device='cuda:0', requires_grad=True)
Parameter containing:
tensor(-1.8193, device='cuda:0', requires_grad=True)
Parameter containing:
tensor(-1.8197, device='cuda:0', requires_grad=True)
Parameter containing:
tensor(-1.8200, device='cuda:0', requires_grad=True)
Parameter containing:
tensor(-1.8203, device='cuda:0', requires_grad=True)
Parameter containing:
tensor(-1.8206, device='cuda:0', requires_grad=True)
Parameter containing:
tensor(-1.8210, device='cuda:0', requires_grad=True)
Parameter containing:
tensor(-1.8213, device='cuda:0', requires_grad=True)
Parameter containing:
tensor(-1.8216, device='cuda:0', requires_grad=True)
Parameter containing:
tensor(-1.8219, device='cuda:0', requires_grad=True)
Parameter containing:
tensor(-1.8222, device='cuda:0', requires_grad=True)
Parameter containing:
tensor(-1.8225, device='cuda:0', requires_grad=True)
Parameter containing:
tensor(-1.8227, device='cuda:0', requires_grad=True)
Parameter containing:
tensor(-1.8230, device='cuda:0', requires_grad=True)
Parameter containing:
tensor(-1.8233, device='cuda:0', requires_grad=True)
Parameter containing:
tensor(-1.8235, device='cuda:0', requires_grad=True)
Parameter containing:
tensor(-1.8238, device='cuda:0', requires_grad=True)
Parameter containing:
tensor(-1.8241, device='cuda:0', requires_grad=True)
Parameter containing:
tensor(-1.8243, device='cuda:0', requires_grad=True)
Parameter containing:
tensor(-1.8245, device='cuda:0', requires_grad=True)
Parameter containing:
tensor(-1.8247, device='cuda:0', requires_grad=True)
Parameter containing:
tensor(-1.8249, device='cuda:0', requires_grad=True)
Parameter containing:
tensor(-1.8251, device='cuda:0', requires_grad=True)
Parameter containing:
tensor(-1.8253, device='cuda:0', requires_grad=True)
Parameter containing:
tensor(-1.8255, device='cuda:0', requires_grad=True)
Parameter containing:
tensor(-1.8257, device='cuda:0', requires_grad=True)
Parameter containing:
tensor(-1.8258, device='cuda:0', requires_grad=True)
Parameter containing:
tensor(-1.8259, device='cuda:0', requires_grad=True)
Parameter containing:
tensor(-1.8260, device='cuda:0', requires_grad=True)
Parameter containing:
tensor(-1.8261, device='cuda:0', requires_grad=True)
Parameter containing:
tensor(-1.8263, device='cuda:0', requires_grad=True)
Parameter containing:
tensor(-1.8264, device='cuda:0', requires_grad=True)
Parameter containing:
tensor(-1.8265, device='cuda:0', requires_grad=True)
Parameter containing:
tensor(-1.8267, device='cuda:0', requires_grad=True)
Parameter containing:
tensor(-1.8268, device='cuda:0', requires_grad=True)
Parameter containing:
tensor(-1.8268, device='cuda:0', requires_grad=True)
Parameter containing:
tensor(-1.8269, device='cuda:0', requires_grad=True)
Parameter containing:
tensor(-1.8271, device='cuda:0', requires_grad=True)
Parameter containing:
tensor(-1.8272, device='cuda:0', requires_grad=True)
Parameter containing:
tensor(-1.8273, device='cuda:0', requires_grad=True)
Parameter containing:
tensor(-1.8275, device='cuda:0', requires_grad=True)
Parameter containing:
tensor(-1.8276, device='cuda:0', requires_grad=True)
Parameter containing:
tensor(-1.8278, device='cuda:0', requires_grad=True)
Parameter containing:
tensor(-1.8279, device='cuda:0', requires_grad=True)
Parameter containing:
tensor(-1.8281, device='cuda:0', requires_grad=True)
Parameter containing:
tensor(-1.8283, device='cuda:0', requires_grad=True)
Parameter containing:
tensor(-1.8285, device='cuda:0', requires_grad=True)
Parameter containing:
tensor(-1.8287, device='cuda:0', requires_grad=True)
Parameter containing:
tensor(-1.8289, device='cuda:0', requires_grad=True)
Parameter containing:
tensor(-1.8291, device='cuda:0', requires_grad=True)
Parameter containing:
tensor(-1.8293, device='cuda:0', requires_grad=True)
Parameter containing:
tensor(-1.8295, device='cuda:0', requires_grad=True)
Parameter containing:
tensor(-1.8297, device='cuda:0', requires_grad=True)
Parameter containing:
tensor(-1.8299, device='cuda:0', requires_grad=True)
Parameter containing:
tensor(-1.8301, device='cuda:0', requires_grad=True)
Parameter containing:
tensor(-1.8303, device='cuda:0', requires_grad=True)
Parameter containing:
tensor(-1.8305, device='cuda:0', requires_grad=True)
Parameter containing:
tensor(-1.8306, device='cuda:0', requires_grad=True)
Parameter containing:
tensor(-1.8308, device='cuda:0', requires_grad=True)
Parameter containing:
tensor(-1.8310, device='cuda:0', requires_grad=True)
Parameter containing:
tensor(-1.8312, device='cuda:0', requires_grad=True)
Parameter containing:
tensor(-1.8314, device='cuda:0', requires_grad=True)
Parameter containing:
tensor(-1.8315, device='cuda:0', requires_grad=True)
Parameter containing:
tensor(-1.8317, device='cuda:0', requires_grad=True)
Parameter containing:
tensor(-1.8319, device='cuda:0', requires_grad=True)
Parameter containing:
tensor(-1.8320, device='cuda:0', requires_grad=True)
Parameter containing:
tensor(-1.8321, device='cuda:0', requires_grad=True)
Parameter containing:
tensor(-1.8322, device='cuda:0', requires_grad=True)
Parameter containing:
tensor(-1.8323, device='cuda:0', requires_grad=True)
Parameter containing:
tensor(-1.8323, device='cuda:0', requires_grad=True)
Parameter containing:
tensor(-1.8323, device='cuda:0', requires_grad=True)
Parameter containing:
tensor(-1.8324, device='cuda:0', requires_grad=True)
Parameter containing:
tensor(-1.8324, device='cuda:0', requires_grad=True)
Parameter containing:
tensor(-1.8325, device='cuda:0', requires_grad=True)
Parameter containing:
tensor(-1.8326, device='cuda:0', requires_grad=True)
Parameter containing:
tensor(-1.8326, device='cuda:0', requires_grad=True)
Parameter containing:
tensor(-1.8327, device='cuda:0', requires_grad=True)
Parameter containing:
tensor(-1.8329, device='cuda:0', requires_grad=True)
Parameter containing:
tensor(-1.8331, device='cuda:0', requires_grad=True)
Parameter containing:
tensor(-1.8333, device='cuda:0', requires_grad=True)
Parameter containing:
tensor(-1.8335, device='cuda:0', requires_grad=True)
Parameter containing:
tensor(-1.8338, device='cuda:0', requires_grad=True)
Parameter containing:
tensor(-1.8341, device='cuda:0', requires_grad=True)
Parameter containing:
tensor(-1.8344, device='cuda:0', requires_grad=True)
Parameter containing:
tensor(-1.8348, device='cuda:0', requires_grad=True)
Parameter containing:
tensor(-1.8351, device='cuda:0', requires_grad=True)
Parameter containing:
tensor(-1.8355, device='cuda:0', requires_grad=True)
Parameter containing:
tensor(-1.8359, device='cuda:0', requires_grad=True)
Parameter containing:
tensor(-1.8363, device='cuda:0', requires_grad=True)
Parameter containing:
tensor(-1.8367, device='cuda:0', requires_grad=True)
Parameter containing:
tensor(-1.8371, device='cuda:0', requires_grad=True)
Parameter containing:
tensor(-1.8375, device='cuda:0', requires_grad=True)
Parameter containing:
tensor(-1.8380, device='cuda:0', requires_grad=True)
Parameter containing:
tensor(-1.8384, device='cuda:0', requires_grad=True)
Parameter containing:
tensor(-1.8388, device='cuda:0', requires_grad=True)
Parameter containing:
tensor(-1.8392, device='cuda:0', requires_grad=True)
Parameter containing:
tensor(-1.8396, device='cuda:0', requires_grad=True)
Parameter containing:
tensor(-1.8400, device='cuda:0', requires_grad=True)
Parameter containing:
tensor(-1.8403, device='cuda:0', requires_grad=True)
Parameter containing:
tensor(-1.8407, device='cuda:0', requires_grad=True)
Parameter containing:
tensor(-1.8411, device='cuda:0', requires_grad=True)
Parameter containing:
tensor(-1.8414, device='cuda:0', requires_grad=True)
Parameter containing:
tensor(-1.8417, device='cuda:0', requires_grad=True)
Parameter containing:
tensor(-1.8421, device='cuda:0', requires_grad=True)
Parameter containing:
tensor(-1.8424, device='cuda:0', requires_grad=True)
Parameter containing:
tensor(-1.8427, device='cuda:0', requires_grad=True)
Parameter containing:
tensor(-1.8430, device='cuda:0', requires_grad=True)
Parameter containing:
tensor(-1.8433, device='cuda:0', requires_grad=True)
Parameter containing:
tensor(-1.8436, device='cuda:0', requires_grad=True)
Parameter containing:
tensor(-1.8438, device='cuda:0', requires_grad=True)
Parameter containing:
tensor(-1.8440, device='cuda:0', requires_grad=True)
Parameter containing:
tensor(-1.8442, device='cuda:0', requires_grad=True)
Parameter containing:
tensor(-1.8445, device='cuda:0', requires_grad=True)
Parameter containing:
tensor(-1.8447, device='cuda:0', requires_grad=True)
Parameter containing:
tensor(-1.8449, device='cuda:0', requires_grad=True)
Parameter containing:
tensor(-1.8451, device='cuda:0', requires_grad=True)
Parameter containing:
tensor(-1.8453, device='cuda:0', requires_grad=True)
Parameter containing:
tensor(-1.8455, device='cuda:0', requires_grad=True)
Parameter containing:
tensor(-1.8457, device='cuda:0', requires_grad=True)
Parameter containing:
tensor(-1.8458, device='cuda:0', requires_grad=True)
Parameter containing:
tensor(-1.8460, device='cuda:0', requires_grad=True)
Parameter containing:
tensor(-1.8461, device='cuda:0', requires_grad=True)
Parameter containing:
tensor(-1.8462, device='cuda:0', requires_grad=True)
Parameter containing:
tensor(-1.8463, device='cuda:0', requires_grad=True)
Parameter containing:
tensor(-1.8464, device='cuda:0', requires_grad=True)
Parameter containing:
tensor(-1.8465, device='cuda:0', requires_grad=True)
Parameter containing:
tensor(-1.8467, device='cuda:0', requires_grad=True)
Parameter containing:
tensor(-1.8469, device='cuda:0', requires_grad=True)
Parameter containing:
tensor(-1.8471, device='cuda:0', requires_grad=True)
Parameter containing:
tensor(-1.8474, device='cuda:0', requires_grad=True)
Parameter containing:
tensor(-1.8476, device='cuda:0', requires_grad=True)
Parameter containing:
tensor(-1.8479, device='cuda:0', requires_grad=True)
Parameter containing:
tensor(-1.8481, device='cuda:0', requires_grad=True)
Parameter containing:
tensor(-1.8484, device='cuda:0', requires_grad=True)
Parameter containing:
tensor(-1.8486, device='cuda:0', requires_grad=True)
Parameter containing:
tensor(-1.8488, device='cuda:0', requires_grad=True)
Parameter containing:
tensor(-1.8490, device='cuda:0', requires_grad=True)
Parameter containing:
tensor(-1.8492, device='cuda:0', requires_grad=True)
Parameter containing:
tensor(-1.8494, device='cuda:0', requires_grad=True)
Parameter containing:
tensor(-1.8497, device='cuda:0', requires_grad=True)
Parameter containing:
tensor(-1.8499, device='cuda:0', requires_grad=True)
Parameter containing:
tensor(-1.8502, device='cuda:0', requires_grad=True)
Parameter containing:
tensor(-1.8504, device='cuda:0', requires_grad=True)
Parameter containing:
tensor(-1.8506, device='cuda:0', requires_grad=True)
Parameter containing:
tensor(-1.8508, device='cuda:0', requires_grad=True)
Parameter containing:
tensor(-1.8511, device='cuda:0', requires_grad=True)
Parameter containing:
tensor(-1.8513, device='cuda:0', requires_grad=True)
Parameter containing:
tensor(-1.8515, device='cuda:0', requires_grad=True)
Parameter containing:
tensor(-1.8517, device='cuda:0', requires_grad=True)
Parameter containing:
tensor(-1.8520, device='cuda:0', requires_grad=True)
Parameter containing:
tensor(-1.8522, device='cuda:0', requires_grad=True)
Parameter containing:
tensor(-1.8523, device='cuda:0', requires_grad=True)
Parameter containing:
tensor(-1.8525, device='cuda:0', requires_grad=True)
Parameter containing:
tensor(-1.8527, device='cuda:0', requires_grad=True)
Parameter containing:
tensor(-1.8529, device='cuda:0', requires_grad=True)
Parameter containing:
tensor(-1.8531, device='cuda:0', requires_grad=True)
Parameter containing:
tensor(-1.8533, device='cuda:0', requires_grad=True)
Parameter containing:
tensor(-1.8535, device='cuda:0', requires_grad=True)
Parameter containing:
tensor(-1.8536, device='cuda:0', requires_grad=True)
Parameter containing:
tensor(-1.8537, device='cuda:0', requires_grad=True)
Parameter containing:
tensor(-1.8537, device='cuda:0', requires_grad=True)
Parameter containing:
tensor(-1.8538, device='cuda:0', requires_grad=True)
Parameter containing:
tensor(-1.8539, device='cuda:0', requires_grad=True)
Parameter containing:
tensor(-1.8540, device='cuda:0', requires_grad=True)
Parameter containing:
tensor(-1.8541, device='cuda:0', requires_grad=True)
Parameter containing:
tensor(-1.8542, device='cuda:0', requires_grad=True)
Parameter containing:
tensor(-1.8543, device='cuda:0', requires_grad=True)
Parameter containing:
tensor(-1.8545, device='cuda:0', requires_grad=True)
Parameter containing:
tensor(-1.8548, device='cuda:0', requires_grad=True)
Parameter containing:
tensor(-1.8551, device='cuda:0', requires_grad=True)
Parameter containing:
tensor(-1.8554, device='cuda:0', requires_grad=True)
Parameter containing:
tensor(-1.8557, device='cuda:0', requires_grad=True)
Parameter containing:
tensor(-1.8560, device='cuda:0', requires_grad=True)
Parameter containing:
tensor(-1.8563, device='cuda:0', requires_grad=True)
Parameter containing:
tensor(-1.8566, device='cuda:0', requires_grad=True)
Parameter containing:
tensor(-1.8569, device='cuda:0', requires_grad=True)
Parameter containing:
tensor(-1.8573, device='cuda:0', requires_grad=True)
Parameter containing:
tensor(-1.8577, device='cuda:0', requires_grad=True)
Parameter containing:
tensor(-1.8581, device='cuda:0', requires_grad=True)
Parameter containing:
tensor(-1.8585, device='cuda:0', requires_grad=True)
Parameter containing:
tensor(-1.8589, device='cuda:0', requires_grad=True)
Parameter containing:
tensor(-1.8593, device='cuda:0', requires_grad=True)
Parameter containing:
tensor(-1.8597, device='cuda:0', requires_grad=True)
Parameter containing:
tensor(-1.8601, device='cuda:0', requires_grad=True)
Parameter containing:
tensor(-1.8605, device='cuda:0', requires_grad=True)
Parameter containing:
tensor(-1.8609, device='cuda:0', requires_grad=True)
Parameter containing:
tensor(-1.8613, device='cuda:0', requires_grad=True)
Parameter containing:
tensor(-1.8617, device='cuda:0', requires_grad=True)
Parameter containing:
tensor(-1.8621, device='cuda:0', requires_grad=True)
Parameter containing:
tensor(-1.8624, device='cuda:0', requires_grad=True)
Parameter containing:
tensor(-1.8628, device='cuda:0', requires_grad=True)
Parameter containing:
tensor(-1.8631, device='cuda:0', requires_grad=True)
Parameter containing:
tensor(-1.8634, device='cuda:0', requires_grad=True)
Parameter containing:
tensor(-1.8637, device='cuda:0', requires_grad=True)
Parameter containing:
tensor(-1.8640, device='cuda:0', requires_grad=True)
Parameter containing:
tensor(-1.8643, device='cuda:0', requires_grad=True)
Parameter containing:
tensor(-1.8646, device='cuda:0', requires_grad=True)
Parameter containing:
tensor(-1.8649, device='cuda:0', requires_grad=True)
Parameter containing:
tensor(-1.8652, device='cuda:0', requires_grad=True)
Parameter containing:
tensor(-1.8655, device='cuda:0', requires_grad=True)
Parameter containing:
tensor(-1.8658, device='cuda:0', requires_grad=True)
Parameter containing:
tensor(-1.8660, device='cuda:0', requires_grad=True)
Parameter containing:
tensor(-1.8662, device='cuda:0', requires_grad=True)
Parameter containing:
tensor(-1.8664, device='cuda:0', requires_grad=True)
Parameter containing:
tensor(-1.8666, device='cuda:0', requires_grad=True)
Parameter containing:
tensor(-1.8667, device='cuda:0', requires_grad=True)
Parameter containing:
tensor(-1.8668, device='cuda:0', requires_grad=True)
Parameter containing:
tensor(-1.8670, device='cuda:0', requires_grad=True)
Parameter containing:
tensor(-1.8671, device='cuda:0', requires_grad=True)
Parameter containing:
tensor(-1.8673, device='cuda:0', requires_grad=True)
Parameter containing:
tensor(-1.8674, device='cuda:0', requires_grad=True)
Parameter containing:
tensor(-1.8676, device='cuda:0', requires_grad=True)
Parameter containing:
tensor(-1.8677, device='cuda:0', requires_grad=True)
Parameter containing:
tensor(-1.8679, device='cuda:0', requires_grad=True)
Parameter containing:
tensor(-1.8680, device='cuda:0', requires_grad=True)
Parameter containing:
tensor(-1.8682, device='cuda:0', requires_grad=True)
Parameter containing:
tensor(-1.8683, device='cuda:0', requires_grad=True)
Parameter containing:
tensor(-1.8685, device='cuda:0', requires_grad=True)
Parameter containing:
tensor(-1.8688, device='cuda:0', requires_grad=True)
Parameter containing:
tensor(-1.8690, device='cuda:0', requires_grad=True)
Parameter containing:
tensor(-1.8691, device='cuda:0', requires_grad=True)
Parameter containing:
tensor(-1.8693, device='cuda:0', requires_grad=True)
Parameter containing:
tensor(-1.8695, device='cuda:0', requires_grad=True)
Parameter containing:
tensor(-1.8697, device='cuda:0', requires_grad=True)
Parameter containing:
tensor(-1.8700, device='cuda:0', requires_grad=True)
Parameter containing:
tensor(-1.8702, device='cuda:0', requires_grad=True)
Parameter containing:
tensor(-1.8704, device='cuda:0', requires_grad=True)
Parameter containing:
tensor(-1.8705, device='cuda:0', requires_grad=True)
Parameter containing:
tensor(-1.8705, device='cuda:0', requires_grad=True)
Parameter containing:
tensor(-1.8704, device='cuda:0', requires_grad=True)
Parameter containing:
tensor(-1.8703, device='cuda:0', requires_grad=True)
Parameter containing:
tensor(-1.8702, device='cuda:0', requires_grad=True)
Parameter containing:
tensor(-1.8701, device='cuda:0', requires_grad=True)
Parameter containing:
tensor(-1.8700, device='cuda:0', requires_grad=True)
Parameter containing:
tensor(-1.8699, device='cuda:0', requires_grad=True)
Parameter containing:
tensor(-1.8698, device='cuda:0', requires_grad=True)
Parameter containing:
tensor(-1.8698, device='cuda:0', requires_grad=True)
Parameter containing:
tensor(-1.8697, device='cuda:0', requires_grad=True)
Parameter containing:
tensor(-1.8698, device='cuda:0', requires_grad=True)
Parameter containing:
tensor(-1.8698, device='cuda:0', requires_grad=True)
Parameter containing:
tensor(-1.8700, device='cuda:0', requires_grad=True)
Parameter containing:
tensor(-1.8701, device='cuda:0', requires_grad=True)
Parameter containing:
tensor(-1.8703, device='cuda:0', requires_grad=True)
Parameter containing:
tensor(-1.8705, device='cuda:0', requires_grad=True)
Parameter containing:
tensor(-1.8708, device='cuda:0', requires_grad=True)
Parameter containing:
tensor(-1.8710, device='cuda:0', requires_grad=True)
Parameter containing:
tensor(-1.8712, device='cuda:0', requires_grad=True)
Parameter containing:
tensor(-1.8715, device='cuda:0', requires_grad=True)
Parameter containing:
tensor(-1.8718, device='cuda:0', requires_grad=True)
Parameter containing:
tensor(-1.8721, device='cuda:0', requires_grad=True)
Parameter containing:
tensor(-1.8725, device='cuda:0', requires_grad=True)
Parameter containing:
tensor(-1.8729, device='cuda:0', requires_grad=True)
Parameter containing:
tensor(-1.8733, device='cuda:0', requires_grad=True)
Parameter containing:
tensor(-1.8737, device='cuda:0', requires_grad=True)
Parameter containing:
tensor(-1.8741, device='cuda:0', requires_grad=True)
Parameter containing:
tensor(-1.8744, device='cuda:0', requires_grad=True)
Parameter containing:
tensor(-1.8748, device='cuda:0', requires_grad=True)
Parameter containing:
tensor(-1.8752, device='cuda:0', requires_grad=True)
Parameter containing:
tensor(-1.8756, device='cuda:0', requires_grad=True)
Parameter containing:
tensor(-1.8760, device='cuda:0', requires_grad=True)
Parameter containing:
tensor(-1.8764, device='cuda:0', requires_grad=True)
Parameter containing:
tensor(-1.8768, device='cuda:0', requires_grad=True)
Parameter containing:
tensor(-1.8771, device='cuda:0', requires_grad=True)
Parameter containing:
tensor(-1.8775, device='cuda:0', requires_grad=True)
Parameter containing:
tensor(-1.8778, device='cuda:0', requires_grad=True)
Parameter containing:
tensor(-1.8782, device='cuda:0', requires_grad=True)
Parameter containing:
tensor(-1.8785, device='cuda:0', requires_grad=True)
Parameter containing:
tensor(-1.8788, device='cuda:0', requires_grad=True)
Parameter containing:
tensor(-1.8791, device='cuda:0', requires_grad=True)
Parameter containing:
tensor(-1.8794, device='cuda:0', requires_grad=True)
Parameter containing:
tensor(-1.8797, device='cuda:0', requires_grad=True)
Parameter containing:
tensor(-1.8800, device='cuda:0', requires_grad=True)
Parameter containing:
tensor(-1.8802, device='cuda:0', requires_grad=True)
Parameter containing:
tensor(-1.8805, device='cuda:0', requires_grad=True)
Parameter containing:
tensor(-1.8807, device='cuda:0', requires_grad=True)
Parameter containing:
tensor(-1.8809, device='cuda:0', requires_grad=True)
Parameter containing:
tensor(-1.8811, device='cuda:0', requires_grad=True)
Parameter containing:
tensor(-1.8813, device='cuda:0', requires_grad=True)
Parameter containing:
tensor(-1.8814, device='cuda:0', requires_grad=True)
Parameter containing:
tensor(-1.8816, device='cuda:0', requires_grad=True)
Parameter containing:
tensor(-1.8818, device='cuda:0', requires_grad=True)
Parameter containing:
tensor(-1.8819, device='cuda:0', requires_grad=True)
Parameter containing:
tensor(-1.8819, device='cuda:0', requires_grad=True)
Parameter containing:
tensor(-1.8819, device='cuda:0', requires_grad=True)
Parameter containing:
tensor(-1.8819, device='cuda:0', requires_grad=True)
Parameter containing:
tensor(-1.8820, device='cuda:0', requires_grad=True)
Parameter containing:
tensor(-1.8820, device='cuda:0', requires_grad=True)
Parameter containing:
tensor(-1.8821, device='cuda:0', requires_grad=True)
Parameter containing:
tensor(-1.8822, device='cuda:0', requires_grad=True)
Parameter containing:
tensor(-1.8823, device='cuda:0', requires_grad=True)
Parameter containing:
tensor(-1.8824, device='cuda:0', requires_grad=True)
Parameter containing:
tensor(-1.8825, device='cuda:0', requires_grad=True)
Parameter containing:
tensor(-1.8826, device='cuda:0', requires_grad=True)
Parameter containing:
tensor(-1.8828, device='cuda:0', requires_grad=True)
Parameter containing:
tensor(-1.8829, device='cuda:0', requires_grad=True)
Parameter containing:
tensor(-1.8831, device='cuda:0', requires_grad=True)
Parameter containing:
tensor(-1.8832, device='cuda:0', requires_grad=True)
Parameter containing:
tensor(-1.8834, device='cuda:0', requires_grad=True)
Parameter containing:
tensor(-1.8836, device='cuda:0', requires_grad=True)
Parameter containing:
tensor(-1.8837, device='cuda:0', requires_grad=True)
Parameter containing:
tensor(-1.8839, device='cuda:0', requires_grad=True)
Parameter containing:
tensor(-1.8841, device='cuda:0', requires_grad=True)
Parameter containing:
tensor(-1.8843, device='cuda:0', requires_grad=True)
Parameter containing:
tensor(-1.8845, device='cuda:0', requires_grad=True)
Parameter containing:
tensor(-1.8847, device='cuda:0', requires_grad=True)
Parameter containing:
tensor(-1.8850, device='cuda:0', requires_grad=True)
Parameter containing:
tensor(-1.8852, device='cuda:0', requires_grad=True)


PS:

Read file <14807186.stderr> for stderr output of this job.

