Sender: LSF System <lsfadmin@lu10>
Subject: Job 14836121: <_gp_96> in cluster <lila> Done

Job <_gp_96> was submitted from host <ls14> by user <wangy1> in cluster <lila> at Thu Jun 11 19:30:08 2020
Job was executed on host(s) <12*lu10>, in queue <gpuqueue>, as user <wangy1> in cluster <lila> at Thu Jun 11 19:30:09 2020
</home/wangy1> was used as the home directory.
</data/chodera/wangyq/pinot/scripts/gp_split> was used as the working directory.
Started at Thu Jun 11 19:30:09 2020
Terminated at Thu Jun 11 19:33:19 2020
Results reported at Thu Jun 11 19:33:19 2020

Your job looked like:

------------------------------------------------------------
# LSBATCH: User input
python ../../pinot/app/gp_train.py --layer GraphConv --out _gp_96 --n_epochs 500 --lr 1e-3 --config 32 tanh 32 tanh 32 tanh --lr 1e-3 --partition 96:4
------------------------------------------------------------

Successfully completed.

Resource usage summary:

    CPU time :                                   901.50 sec.
    Max Memory :                                 2 GB
    Average Memory :                             1.89 GB
    Total Requested Memory :                     48.00 GB
    Delta Memory :                               46.00 GB
    Max Swap :                                   -
    Max Processes :                              3
    Max Threads :                                20
    Run time :                                   190 sec.
    Turnaround time :                            191 sec.

The output (if any) follows:

Parameter containing:
tensor(-3., device='cuda:0', requires_grad=True)
Parameter containing:
tensor(-2.9990, device='cuda:0', requires_grad=True)
Parameter containing:
tensor(-2.9980, device='cuda:0', requires_grad=True)
Parameter containing:
tensor(-2.9970, device='cuda:0', requires_grad=True)
Parameter containing:
tensor(-2.9961, device='cuda:0', requires_grad=True)
Parameter containing:
tensor(-2.9951, device='cuda:0', requires_grad=True)
Parameter containing:
tensor(-2.9941, device='cuda:0', requires_grad=True)
Parameter containing:
tensor(-2.9932, device='cuda:0', requires_grad=True)
Parameter containing:
tensor(-2.9922, device='cuda:0', requires_grad=True)
Parameter containing:
tensor(-2.9913, device='cuda:0', requires_grad=True)
Parameter containing:
tensor(-2.9903, device='cuda:0', requires_grad=True)
Parameter containing:
tensor(-2.9894, device='cuda:0', requires_grad=True)
Parameter containing:
tensor(-2.9884, device='cuda:0', requires_grad=True)
Parameter containing:
tensor(-2.9874, device='cuda:0', requires_grad=True)
Parameter containing:
tensor(-2.9864, device='cuda:0', requires_grad=True)
Parameter containing:
tensor(-2.9855, device='cuda:0', requires_grad=True)
Parameter containing:
tensor(-2.9845, device='cuda:0', requires_grad=True)
Parameter containing:
tensor(-2.9835, device='cuda:0', requires_grad=True)
Parameter containing:
tensor(-2.9825, device='cuda:0', requires_grad=True)
Parameter containing:
tensor(-2.9815, device='cuda:0', requires_grad=True)
Parameter containing:
tensor(-2.9806, device='cuda:0', requires_grad=True)
Parameter containing:
tensor(-2.9796, device='cuda:0', requires_grad=True)
Parameter containing:
tensor(-2.9786, device='cuda:0', requires_grad=True)
Parameter containing:
tensor(-2.9776, device='cuda:0', requires_grad=True)
Parameter containing:
tensor(-2.9766, device='cuda:0', requires_grad=True)
Parameter containing:
tensor(-2.9757, device='cuda:0', requires_grad=True)
Parameter containing:
tensor(-2.9747, device='cuda:0', requires_grad=True)
Parameter containing:
tensor(-2.9737, device='cuda:0', requires_grad=True)
Parameter containing:
tensor(-2.9728, device='cuda:0', requires_grad=True)
Parameter containing:
tensor(-2.9718, device='cuda:0', requires_grad=True)
Parameter containing:
tensor(-2.9708, device='cuda:0', requires_grad=True)
Parameter containing:
tensor(-2.9699, device='cuda:0', requires_grad=True)
Parameter containing:
tensor(-2.9689, device='cuda:0', requires_grad=True)
Parameter containing:
tensor(-2.9680, device='cuda:0', requires_grad=True)
Parameter containing:
tensor(-2.9670, device='cuda:0', requires_grad=True)
Parameter containing:
tensor(-2.9661, device='cuda:0', requires_grad=True)
Parameter containing:
tensor(-2.9651, device='cuda:0', requires_grad=True)
Parameter containing:
tensor(-2.9642, device='cuda:0', requires_grad=True)
Parameter containing:
tensor(-2.9633, device='cuda:0', requires_grad=True)
Parameter containing:
tensor(-2.9624, device='cuda:0', requires_grad=True)
Parameter containing:
tensor(-2.9615, device='cuda:0', requires_grad=True)
Parameter containing:
tensor(-2.9605, device='cuda:0', requires_grad=True)
Parameter containing:
tensor(-2.9596, device='cuda:0', requires_grad=True)
Parameter containing:
tensor(-2.9588, device='cuda:0', requires_grad=True)
Parameter containing:
tensor(-2.9579, device='cuda:0', requires_grad=True)
Parameter containing:
tensor(-2.9570, device='cuda:0', requires_grad=True)
Parameter containing:
tensor(-2.9561, device='cuda:0', requires_grad=True)
Parameter containing:
tensor(-2.9552, device='cuda:0', requires_grad=True)
Parameter containing:
tensor(-2.9543, device='cuda:0', requires_grad=True)
Parameter containing:
tensor(-2.9535, device='cuda:0', requires_grad=True)
Parameter containing:
tensor(-2.9526, device='cuda:0', requires_grad=True)
Parameter containing:
tensor(-2.9517, device='cuda:0', requires_grad=True)
Parameter containing:
tensor(-2.9509, device='cuda:0', requires_grad=True)
Parameter containing:
tensor(-2.9500, device='cuda:0', requires_grad=True)
Parameter containing:
tensor(-2.9492, device='cuda:0', requires_grad=True)
Parameter containing:
tensor(-2.9483, device='cuda:0', requires_grad=True)
Parameter containing:
tensor(-2.9475, device='cuda:0', requires_grad=True)
Parameter containing:
tensor(-2.9466, device='cuda:0', requires_grad=True)
Parameter containing:
tensor(-2.9458, device='cuda:0', requires_grad=True)
Parameter containing:
tensor(-2.9449, device='cuda:0', requires_grad=True)
Parameter containing:
tensor(-2.9441, device='cuda:0', requires_grad=True)
Parameter containing:
tensor(-2.9432, device='cuda:0', requires_grad=True)
Parameter containing:
tensor(-2.9424, device='cuda:0', requires_grad=True)
Parameter containing:
tensor(-2.9415, device='cuda:0', requires_grad=True)
Parameter containing:
tensor(-2.9407, device='cuda:0', requires_grad=True)
Parameter containing:
tensor(-2.9398, device='cuda:0', requires_grad=True)
Parameter containing:
tensor(-2.9390, device='cuda:0', requires_grad=True)
Parameter containing:
tensor(-2.9382, device='cuda:0', requires_grad=True)
Parameter containing:
tensor(-2.9373, device='cuda:0', requires_grad=True)
Parameter containing:
tensor(-2.9365, device='cuda:0', requires_grad=True)
Parameter containing:
tensor(-2.9357, device='cuda:0', requires_grad=True)
Parameter containing:
tensor(-2.9348, device='cuda:0', requires_grad=True)
Parameter containing:
tensor(-2.9340, device='cuda:0', requires_grad=True)
Parameter containing:
tensor(-2.9331, device='cuda:0', requires_grad=True)
Parameter containing:
tensor(-2.9323, device='cuda:0', requires_grad=True)
Parameter containing:
tensor(-2.9315, device='cuda:0', requires_grad=True)
Parameter containing:
tensor(-2.9306, device='cuda:0', requires_grad=True)
Parameter containing:
tensor(-2.9298, device='cuda:0', requires_grad=True)
Parameter containing:
tensor(-2.9290, device='cuda:0', requires_grad=True)
Parameter containing:
tensor(-2.9281, device='cuda:0', requires_grad=True)
Parameter containing:
tensor(-2.9273, device='cuda:0', requires_grad=True)
Parameter containing:
tensor(-2.9264, device='cuda:0', requires_grad=True)
Parameter containing:
tensor(-2.9256, device='cuda:0', requires_grad=True)
Parameter containing:
tensor(-2.9248, device='cuda:0', requires_grad=True)
Parameter containing:
tensor(-2.9239, device='cuda:0', requires_grad=True)
Parameter containing:
tensor(-2.9231, device='cuda:0', requires_grad=True)
Parameter containing:
tensor(-2.9223, device='cuda:0', requires_grad=True)
Parameter containing:
tensor(-2.9215, device='cuda:0', requires_grad=True)
Parameter containing:
tensor(-2.9206, device='cuda:0', requires_grad=True)
Parameter containing:
tensor(-2.9198, device='cuda:0', requires_grad=True)
Parameter containing:
tensor(-2.9190, device='cuda:0', requires_grad=True)
Parameter containing:
tensor(-2.9182, device='cuda:0', requires_grad=True)
Parameter containing:
tensor(-2.9173, device='cuda:0', requires_grad=True)
Parameter containing:
tensor(-2.9165, device='cuda:0', requires_grad=True)
Parameter containing:
tensor(-2.9157, device='cuda:0', requires_grad=True)
Parameter containing:
tensor(-2.9149, device='cuda:0', requires_grad=True)
Parameter containing:
tensor(-2.9140, device='cuda:0', requires_grad=True)
Parameter containing:
tensor(-2.9132, device='cuda:0', requires_grad=True)
Parameter containing:
tensor(-2.9124, device='cuda:0', requires_grad=True)
Parameter containing:
tensor(-2.9116, device='cuda:0', requires_grad=True)
Parameter containing:
tensor(-2.9108, device='cuda:0', requires_grad=True)
Parameter containing:
tensor(-2.9100, device='cuda:0', requires_grad=True)
Parameter containing:
tensor(-2.9091, device='cuda:0', requires_grad=True)
Parameter containing:
tensor(-2.9083, device='cuda:0', requires_grad=True)
Parameter containing:
tensor(-2.9075, device='cuda:0', requires_grad=True)
Parameter containing:
tensor(-2.9067, device='cuda:0', requires_grad=True)
Parameter containing:
tensor(-2.9059, device='cuda:0', requires_grad=True)
Parameter containing:
tensor(-2.9051, device='cuda:0', requires_grad=True)
Parameter containing:
tensor(-2.9043, device='cuda:0', requires_grad=True)
Parameter containing:
tensor(-2.9035, device='cuda:0', requires_grad=True)
Parameter containing:
tensor(-2.9026, device='cuda:0', requires_grad=True)
Parameter containing:
tensor(-2.9018, device='cuda:0', requires_grad=True)
Parameter containing:
tensor(-2.9010, device='cuda:0', requires_grad=True)
Parameter containing:
tensor(-2.9002, device='cuda:0', requires_grad=True)
Parameter containing:
tensor(-2.8994, device='cuda:0', requires_grad=True)
Parameter containing:
tensor(-2.8986, device='cuda:0', requires_grad=True)
Parameter containing:
tensor(-2.8978, device='cuda:0', requires_grad=True)
Parameter containing:
tensor(-2.8970, device='cuda:0', requires_grad=True)
Parameter containing:
tensor(-2.8962, device='cuda:0', requires_grad=True)
Parameter containing:
tensor(-2.8954, device='cuda:0', requires_grad=True)
Parameter containing:
tensor(-2.8946, device='cuda:0', requires_grad=True)
Parameter containing:
tensor(-2.8938, device='cuda:0', requires_grad=True)
Parameter containing:
tensor(-2.8930, device='cuda:0', requires_grad=True)
Parameter containing:
tensor(-2.8922, device='cuda:0', requires_grad=True)
Parameter containing:
tensor(-2.8914, device='cuda:0', requires_grad=True)
Parameter containing:
tensor(-2.8906, device='cuda:0', requires_grad=True)
Parameter containing:
tensor(-2.8898, device='cuda:0', requires_grad=True)
Parameter containing:
tensor(-2.8890, device='cuda:0', requires_grad=True)
Parameter containing:
tensor(-2.8882, device='cuda:0', requires_grad=True)
Parameter containing:
tensor(-2.8874, device='cuda:0', requires_grad=True)
Parameter containing:
tensor(-2.8866, device='cuda:0', requires_grad=True)
Parameter containing:
tensor(-2.8859, device='cuda:0', requires_grad=True)
Parameter containing:
tensor(-2.8851, device='cuda:0', requires_grad=True)
Parameter containing:
tensor(-2.8843, device='cuda:0', requires_grad=True)
Parameter containing:
tensor(-2.8835, device='cuda:0', requires_grad=True)
Parameter containing:
tensor(-2.8827, device='cuda:0', requires_grad=True)
Parameter containing:
tensor(-2.8819, device='cuda:0', requires_grad=True)
Parameter containing:
tensor(-2.8812, device='cuda:0', requires_grad=True)
Parameter containing:
tensor(-2.8804, device='cuda:0', requires_grad=True)
Parameter containing:
tensor(-2.8796, device='cuda:0', requires_grad=True)
Parameter containing:
tensor(-2.8788, device='cuda:0', requires_grad=True)
Parameter containing:
tensor(-2.8780, device='cuda:0', requires_grad=True)
Parameter containing:
tensor(-2.8773, device='cuda:0', requires_grad=True)
Parameter containing:
tensor(-2.8765, device='cuda:0', requires_grad=True)
Parameter containing:
tensor(-2.8757, device='cuda:0', requires_grad=True)
Parameter containing:
tensor(-2.8749, device='cuda:0', requires_grad=True)
Parameter containing:
tensor(-2.8741, device='cuda:0', requires_grad=True)
Parameter containing:
tensor(-2.8734, device='cuda:0', requires_grad=True)
Parameter containing:
tensor(-2.8726, device='cuda:0', requires_grad=True)
Parameter containing:
tensor(-2.8718, device='cuda:0', requires_grad=True)
Parameter containing:
tensor(-2.8710, device='cuda:0', requires_grad=True)
Parameter containing:
tensor(-2.8703, device='cuda:0', requires_grad=True)
Parameter containing:
tensor(-2.8695, device='cuda:0', requires_grad=True)
Parameter containing:
tensor(-2.8687, device='cuda:0', requires_grad=True)
Parameter containing:
tensor(-2.8679, device='cuda:0', requires_grad=True)
Parameter containing:
tensor(-2.8672, device='cuda:0', requires_grad=True)
Parameter containing:
tensor(-2.8664, device='cuda:0', requires_grad=True)
Parameter containing:
tensor(-2.8656, device='cuda:0', requires_grad=True)
Parameter containing:
tensor(-2.8649, device='cuda:0', requires_grad=True)
Parameter containing:
tensor(-2.8641, device='cuda:0', requires_grad=True)
Parameter containing:
tensor(-2.8633, device='cuda:0', requires_grad=True)
Parameter containing:
tensor(-2.8626, device='cuda:0', requires_grad=True)
Parameter containing:
tensor(-2.8618, device='cuda:0', requires_grad=True)
Parameter containing:
tensor(-2.8611, device='cuda:0', requires_grad=True)
Parameter containing:
tensor(-2.8603, device='cuda:0', requires_grad=True)
Parameter containing:
tensor(-2.8596, device='cuda:0', requires_grad=True)
Parameter containing:
tensor(-2.8588, device='cuda:0', requires_grad=True)
Parameter containing:
tensor(-2.8581, device='cuda:0', requires_grad=True)
Parameter containing:
tensor(-2.8573, device='cuda:0', requires_grad=True)
Parameter containing:
tensor(-2.8565, device='cuda:0', requires_grad=True)
Parameter containing:
tensor(-2.8558, device='cuda:0', requires_grad=True)
Parameter containing:
tensor(-2.8550, device='cuda:0', requires_grad=True)
Parameter containing:
tensor(-2.8543, device='cuda:0', requires_grad=True)
Parameter containing:
tensor(-2.8535, device='cuda:0', requires_grad=True)
Parameter containing:
tensor(-2.8528, device='cuda:0', requires_grad=True)
Parameter containing:
tensor(-2.8520, device='cuda:0', requires_grad=True)
Parameter containing:
tensor(-2.8513, device='cuda:0', requires_grad=True)
Parameter containing:
tensor(-2.8506, device='cuda:0', requires_grad=True)
Parameter containing:
tensor(-2.8498, device='cuda:0', requires_grad=True)
Parameter containing:
tensor(-2.8491, device='cuda:0', requires_grad=True)
Parameter containing:
tensor(-2.8483, device='cuda:0', requires_grad=True)
Parameter containing:
tensor(-2.8476, device='cuda:0', requires_grad=True)
Parameter containing:
tensor(-2.8468, device='cuda:0', requires_grad=True)
Parameter containing:
tensor(-2.8461, device='cuda:0', requires_grad=True)
Parameter containing:
tensor(-2.8454, device='cuda:0', requires_grad=True)
Parameter containing:
tensor(-2.8446, device='cuda:0', requires_grad=True)
Parameter containing:
tensor(-2.8439, device='cuda:0', requires_grad=True)
Parameter containing:
tensor(-2.8432, device='cuda:0', requires_grad=True)
Parameter containing:
tensor(-2.8424, device='cuda:0', requires_grad=True)
Parameter containing:
tensor(-2.8417, device='cuda:0', requires_grad=True)
Parameter containing:
tensor(-2.8410, device='cuda:0', requires_grad=True)
Parameter containing:
tensor(-2.8402, device='cuda:0', requires_grad=True)
Parameter containing:
tensor(-2.8395, device='cuda:0', requires_grad=True)
Parameter containing:
tensor(-2.8388, device='cuda:0', requires_grad=True)
Parameter containing:
tensor(-2.8381, device='cuda:0', requires_grad=True)
Parameter containing:
tensor(-2.8374, device='cuda:0', requires_grad=True)
Parameter containing:
tensor(-2.8366, device='cuda:0', requires_grad=True)
Parameter containing:
tensor(-2.8359, device='cuda:0', requires_grad=True)
Parameter containing:
tensor(-2.8352, device='cuda:0', requires_grad=True)
Parameter containing:
tensor(-2.8345, device='cuda:0', requires_grad=True)
Parameter containing:
tensor(-2.8337, device='cuda:0', requires_grad=True)
Parameter containing:
tensor(-2.8330, device='cuda:0', requires_grad=True)
Parameter containing:
tensor(-2.8323, device='cuda:0', requires_grad=True)
Parameter containing:
tensor(-2.8316, device='cuda:0', requires_grad=True)
Parameter containing:
tensor(-2.8308, device='cuda:0', requires_grad=True)
Parameter containing:
tensor(-2.8301, device='cuda:0', requires_grad=True)
Parameter containing:
tensor(-2.8294, device='cuda:0', requires_grad=True)
Parameter containing:
tensor(-2.8287, device='cuda:0', requires_grad=True)
Parameter containing:
tensor(-2.8280, device='cuda:0', requires_grad=True)
Parameter containing:
tensor(-2.8272, device='cuda:0', requires_grad=True)
Parameter containing:
tensor(-2.8265, device='cuda:0', requires_grad=True)
Parameter containing:
tensor(-2.8258, device='cuda:0', requires_grad=True)
Parameter containing:
tensor(-2.8251, device='cuda:0', requires_grad=True)
Parameter containing:
tensor(-2.8244, device='cuda:0', requires_grad=True)
Parameter containing:
tensor(-2.8236, device='cuda:0', requires_grad=True)
Parameter containing:
tensor(-2.8229, device='cuda:0', requires_grad=True)
Parameter containing:
tensor(-2.8222, device='cuda:0', requires_grad=True)
Parameter containing:
tensor(-2.8215, device='cuda:0', requires_grad=True)
Parameter containing:
tensor(-2.8208, device='cuda:0', requires_grad=True)
Parameter containing:
tensor(-2.8201, device='cuda:0', requires_grad=True)
Parameter containing:
tensor(-2.8194, device='cuda:0', requires_grad=True)
Parameter containing:
tensor(-2.8187, device='cuda:0', requires_grad=True)
Parameter containing:
tensor(-2.8180, device='cuda:0', requires_grad=True)
Parameter containing:
tensor(-2.8173, device='cuda:0', requires_grad=True)
Parameter containing:
tensor(-2.8166, device='cuda:0', requires_grad=True)
Parameter containing:
tensor(-2.8159, device='cuda:0', requires_grad=True)
Parameter containing:
tensor(-2.8152, device='cuda:0', requires_grad=True)
Parameter containing:
tensor(-2.8145, device='cuda:0', requires_grad=True)
Parameter containing:
tensor(-2.8138, device='cuda:0', requires_grad=True)
Parameter containing:
tensor(-2.8131, device='cuda:0', requires_grad=True)
Parameter containing:
tensor(-2.8124, device='cuda:0', requires_grad=True)
Parameter containing:
tensor(-2.8117, device='cuda:0', requires_grad=True)
Parameter containing:
tensor(-2.8110, device='cuda:0', requires_grad=True)
Parameter containing:
tensor(-2.8102, device='cuda:0', requires_grad=True)
Parameter containing:
tensor(-2.8095, device='cuda:0', requires_grad=True)
Parameter containing:
tensor(-2.8088, device='cuda:0', requires_grad=True)
Parameter containing:
tensor(-2.8081, device='cuda:0', requires_grad=True)
Parameter containing:
tensor(-2.8074, device='cuda:0', requires_grad=True)
Parameter containing:
tensor(-2.8067, device='cuda:0', requires_grad=True)
Parameter containing:
tensor(-2.8060, device='cuda:0', requires_grad=True)
Parameter containing:
tensor(-2.8053, device='cuda:0', requires_grad=True)
Parameter containing:
tensor(-2.8046, device='cuda:0', requires_grad=True)
Parameter containing:
tensor(-2.8039, device='cuda:0', requires_grad=True)
Parameter containing:
tensor(-2.8033, device='cuda:0', requires_grad=True)
Parameter containing:
tensor(-2.8026, device='cuda:0', requires_grad=True)
Parameter containing:
tensor(-2.8019, device='cuda:0', requires_grad=True)
Parameter containing:
tensor(-2.8012, device='cuda:0', requires_grad=True)
Parameter containing:
tensor(-2.8005, device='cuda:0', requires_grad=True)
Parameter containing:
tensor(-2.7998, device='cuda:0', requires_grad=True)
Parameter containing:
tensor(-2.7991, device='cuda:0', requires_grad=True)
Parameter containing:
tensor(-2.7985, device='cuda:0', requires_grad=True)
Parameter containing:
tensor(-2.7978, device='cuda:0', requires_grad=True)
Parameter containing:
tensor(-2.7971, device='cuda:0', requires_grad=True)
Parameter containing:
tensor(-2.7964, device='cuda:0', requires_grad=True)
Parameter containing:
tensor(-2.7957, device='cuda:0', requires_grad=True)
Parameter containing:
tensor(-2.7951, device='cuda:0', requires_grad=True)
Parameter containing:
tensor(-2.7944, device='cuda:0', requires_grad=True)
Parameter containing:
tensor(-2.7937, device='cuda:0', requires_grad=True)
Parameter containing:
tensor(-2.7930, device='cuda:0', requires_grad=True)
Parameter containing:
tensor(-2.7923, device='cuda:0', requires_grad=True)
Parameter containing:
tensor(-2.7916, device='cuda:0', requires_grad=True)
Parameter containing:
tensor(-2.7909, device='cuda:0', requires_grad=True)
Parameter containing:
tensor(-2.7903, device='cuda:0', requires_grad=True)
Parameter containing:
tensor(-2.7896, device='cuda:0', requires_grad=True)
Parameter containing:
tensor(-2.7889, device='cuda:0', requires_grad=True)
Parameter containing:
tensor(-2.7882, device='cuda:0', requires_grad=True)
Parameter containing:
tensor(-2.7876, device='cuda:0', requires_grad=True)
Parameter containing:
tensor(-2.7869, device='cuda:0', requires_grad=True)
Parameter containing:
tensor(-2.7862, device='cuda:0', requires_grad=True)
Parameter containing:
tensor(-2.7856, device='cuda:0', requires_grad=True)
Parameter containing:
tensor(-2.7849, device='cuda:0', requires_grad=True)
Parameter containing:
tensor(-2.7842, device='cuda:0', requires_grad=True)
Parameter containing:
tensor(-2.7836, device='cuda:0', requires_grad=True)
Parameter containing:
tensor(-2.7829, device='cuda:0', requires_grad=True)
Parameter containing:
tensor(-2.7822, device='cuda:0', requires_grad=True)
Parameter containing:
tensor(-2.7816, device='cuda:0', requires_grad=True)
Parameter containing:
tensor(-2.7809, device='cuda:0', requires_grad=True)
Parameter containing:
tensor(-2.7803, device='cuda:0', requires_grad=True)
Parameter containing:
tensor(-2.7796, device='cuda:0', requires_grad=True)
Parameter containing:
tensor(-2.7789, device='cuda:0', requires_grad=True)
Parameter containing:
tensor(-2.7783, device='cuda:0', requires_grad=True)
Parameter containing:
tensor(-2.7776, device='cuda:0', requires_grad=True)
Parameter containing:
tensor(-2.7770, device='cuda:0', requires_grad=True)
Parameter containing:
tensor(-2.7763, device='cuda:0', requires_grad=True)
Parameter containing:
tensor(-2.7756, device='cuda:0', requires_grad=True)
Parameter containing:
tensor(-2.7750, device='cuda:0', requires_grad=True)
Parameter containing:
tensor(-2.7743, device='cuda:0', requires_grad=True)
Parameter containing:
tensor(-2.7736, device='cuda:0', requires_grad=True)
Parameter containing:
tensor(-2.7730, device='cuda:0', requires_grad=True)
Parameter containing:
tensor(-2.7723, device='cuda:0', requires_grad=True)
Parameter containing:
tensor(-2.7717, device='cuda:0', requires_grad=True)
Parameter containing:
tensor(-2.7710, device='cuda:0', requires_grad=True)
Parameter containing:
tensor(-2.7703, device='cuda:0', requires_grad=True)
Parameter containing:
tensor(-2.7697, device='cuda:0', requires_grad=True)
Parameter containing:
tensor(-2.7690, device='cuda:0', requires_grad=True)
Parameter containing:
tensor(-2.7684, device='cuda:0', requires_grad=True)
Parameter containing:
tensor(-2.7677, device='cuda:0', requires_grad=True)
Parameter containing:
tensor(-2.7671, device='cuda:0', requires_grad=True)
Parameter containing:
tensor(-2.7664, device='cuda:0', requires_grad=True)
Parameter containing:
tensor(-2.7658, device='cuda:0', requires_grad=True)
Parameter containing:
tensor(-2.7651, device='cuda:0', requires_grad=True)
Parameter containing:
tensor(-2.7645, device='cuda:0', requires_grad=True)
Parameter containing:
tensor(-2.7638, device='cuda:0', requires_grad=True)
Parameter containing:
tensor(-2.7632, device='cuda:0', requires_grad=True)
Parameter containing:
tensor(-2.7625, device='cuda:0', requires_grad=True)
Parameter containing:
tensor(-2.7619, device='cuda:0', requires_grad=True)
Parameter containing:
tensor(-2.7613, device='cuda:0', requires_grad=True)
Parameter containing:
tensor(-2.7606, device='cuda:0', requires_grad=True)
Parameter containing:
tensor(-2.7600, device='cuda:0', requires_grad=True)
Parameter containing:
tensor(-2.7593, device='cuda:0', requires_grad=True)
Parameter containing:
tensor(-2.7587, device='cuda:0', requires_grad=True)
Parameter containing:
tensor(-2.7581, device='cuda:0', requires_grad=True)
Parameter containing:
tensor(-2.7574, device='cuda:0', requires_grad=True)
Parameter containing:
tensor(-2.7568, device='cuda:0', requires_grad=True)
Parameter containing:
tensor(-2.7562, device='cuda:0', requires_grad=True)
Parameter containing:
tensor(-2.7555, device='cuda:0', requires_grad=True)
Parameter containing:
tensor(-2.7549, device='cuda:0', requires_grad=True)
Parameter containing:
tensor(-2.7543, device='cuda:0', requires_grad=True)
Parameter containing:
tensor(-2.7536, device='cuda:0', requires_grad=True)
Parameter containing:
tensor(-2.7530, device='cuda:0', requires_grad=True)
Parameter containing:
tensor(-2.7524, device='cuda:0', requires_grad=True)
Parameter containing:
tensor(-2.7518, device='cuda:0', requires_grad=True)
Parameter containing:
tensor(-2.7511, device='cuda:0', requires_grad=True)
Parameter containing:
tensor(-2.7505, device='cuda:0', requires_grad=True)
Parameter containing:
tensor(-2.7499, device='cuda:0', requires_grad=True)
Parameter containing:
tensor(-2.7493, device='cuda:0', requires_grad=True)
Parameter containing:
tensor(-2.7486, device='cuda:0', requires_grad=True)
Parameter containing:
tensor(-2.7480, device='cuda:0', requires_grad=True)
Parameter containing:
tensor(-2.7474, device='cuda:0', requires_grad=True)
Parameter containing:
tensor(-2.7468, device='cuda:0', requires_grad=True)
Parameter containing:
tensor(-2.7462, device='cuda:0', requires_grad=True)
Parameter containing:
tensor(-2.7456, device='cuda:0', requires_grad=True)
Parameter containing:
tensor(-2.7450, device='cuda:0', requires_grad=True)
Parameter containing:
tensor(-2.7444, device='cuda:0', requires_grad=True)
Parameter containing:
tensor(-2.7438, device='cuda:0', requires_grad=True)
Parameter containing:
tensor(-2.7431, device='cuda:0', requires_grad=True)
Parameter containing:
tensor(-2.7425, device='cuda:0', requires_grad=True)
Parameter containing:
tensor(-2.7419, device='cuda:0', requires_grad=True)
Parameter containing:
tensor(-2.7413, device='cuda:0', requires_grad=True)
Parameter containing:
tensor(-2.7407, device='cuda:0', requires_grad=True)
Parameter containing:
tensor(-2.7401, device='cuda:0', requires_grad=True)
Parameter containing:
tensor(-2.7395, device='cuda:0', requires_grad=True)
Parameter containing:
tensor(-2.7389, device='cuda:0', requires_grad=True)
Parameter containing:
tensor(-2.7383, device='cuda:0', requires_grad=True)
Parameter containing:
tensor(-2.7377, device='cuda:0', requires_grad=True)
Parameter containing:
tensor(-2.7371, device='cuda:0', requires_grad=True)
Parameter containing:
tensor(-2.7365, device='cuda:0', requires_grad=True)
Parameter containing:
tensor(-2.7359, device='cuda:0', requires_grad=True)
Parameter containing:
tensor(-2.7353, device='cuda:0', requires_grad=True)
Parameter containing:
tensor(-2.7347, device='cuda:0', requires_grad=True)
Parameter containing:
tensor(-2.7341, device='cuda:0', requires_grad=True)
Parameter containing:
tensor(-2.7335, device='cuda:0', requires_grad=True)
Parameter containing:
tensor(-2.7330, device='cuda:0', requires_grad=True)
Parameter containing:
tensor(-2.7324, device='cuda:0', requires_grad=True)
Parameter containing:
tensor(-2.7318, device='cuda:0', requires_grad=True)
Parameter containing:
tensor(-2.7312, device='cuda:0', requires_grad=True)
Parameter containing:
tensor(-2.7306, device='cuda:0', requires_grad=True)
Parameter containing:
tensor(-2.7300, device='cuda:0', requires_grad=True)
Parameter containing:
tensor(-2.7295, device='cuda:0', requires_grad=True)
Parameter containing:
tensor(-2.7289, device='cuda:0', requires_grad=True)
Parameter containing:
tensor(-2.7283, device='cuda:0', requires_grad=True)
Parameter containing:
tensor(-2.7278, device='cuda:0', requires_grad=True)
Parameter containing:
tensor(-2.7272, device='cuda:0', requires_grad=True)
Parameter containing:
tensor(-2.7266, device='cuda:0', requires_grad=True)
Parameter containing:
tensor(-2.7261, device='cuda:0', requires_grad=True)
Parameter containing:
tensor(-2.7255, device='cuda:0', requires_grad=True)
Parameter containing:
tensor(-2.7249, device='cuda:0', requires_grad=True)
Parameter containing:
tensor(-2.7244, device='cuda:0', requires_grad=True)
Parameter containing:
tensor(-2.7238, device='cuda:0', requires_grad=True)
Parameter containing:
tensor(-2.7233, device='cuda:0', requires_grad=True)
Parameter containing:
tensor(-2.7227, device='cuda:0', requires_grad=True)
Parameter containing:
tensor(-2.7221, device='cuda:0', requires_grad=True)
Parameter containing:
tensor(-2.7216, device='cuda:0', requires_grad=True)
Parameter containing:
tensor(-2.7210, device='cuda:0', requires_grad=True)
Parameter containing:
tensor(-2.7204, device='cuda:0', requires_grad=True)
Parameter containing:
tensor(-2.7199, device='cuda:0', requires_grad=True)
Parameter containing:
tensor(-2.7193, device='cuda:0', requires_grad=True)
Parameter containing:
tensor(-2.7187, device='cuda:0', requires_grad=True)
Parameter containing:
tensor(-2.7181, device='cuda:0', requires_grad=True)
Parameter containing:
tensor(-2.7176, device='cuda:0', requires_grad=True)
Parameter containing:
tensor(-2.7170, device='cuda:0', requires_grad=True)
Parameter containing:
tensor(-2.7164, device='cuda:0', requires_grad=True)
Parameter containing:
tensor(-2.7159, device='cuda:0', requires_grad=True)
Parameter containing:
tensor(-2.7153, device='cuda:0', requires_grad=True)
Parameter containing:
tensor(-2.7148, device='cuda:0', requires_grad=True)
Parameter containing:
tensor(-2.7142, device='cuda:0', requires_grad=True)
Parameter containing:
tensor(-2.7137, device='cuda:0', requires_grad=True)
Parameter containing:
tensor(-2.7131, device='cuda:0', requires_grad=True)
Parameter containing:
tensor(-2.7126, device='cuda:0', requires_grad=True)
Parameter containing:
tensor(-2.7120, device='cuda:0', requires_grad=True)
Parameter containing:
tensor(-2.7115, device='cuda:0', requires_grad=True)
Parameter containing:
tensor(-2.7109, device='cuda:0', requires_grad=True)
Parameter containing:
tensor(-2.7104, device='cuda:0', requires_grad=True)
Parameter containing:
tensor(-2.7099, device='cuda:0', requires_grad=True)
Parameter containing:
tensor(-2.7093, device='cuda:0', requires_grad=True)
Parameter containing:
tensor(-2.7088, device='cuda:0', requires_grad=True)
Parameter containing:
tensor(-2.7082, device='cuda:0', requires_grad=True)
Parameter containing:
tensor(-2.7077, device='cuda:0', requires_grad=True)
Parameter containing:
tensor(-2.7071, device='cuda:0', requires_grad=True)
Parameter containing:
tensor(-2.7066, device='cuda:0', requires_grad=True)
Parameter containing:
tensor(-2.7061, device='cuda:0', requires_grad=True)
Parameter containing:
tensor(-2.7055, device='cuda:0', requires_grad=True)
Parameter containing:
tensor(-2.7050, device='cuda:0', requires_grad=True)
Parameter containing:
tensor(-2.7044, device='cuda:0', requires_grad=True)
Parameter containing:
tensor(-2.7039, device='cuda:0', requires_grad=True)
Parameter containing:
tensor(-2.7033, device='cuda:0', requires_grad=True)
Parameter containing:
tensor(-2.7028, device='cuda:0', requires_grad=True)
Parameter containing:
tensor(-2.7022, device='cuda:0', requires_grad=True)
Parameter containing:
tensor(-2.7017, device='cuda:0', requires_grad=True)
Parameter containing:
tensor(-2.7011, device='cuda:0', requires_grad=True)
Parameter containing:
tensor(-2.7006, device='cuda:0', requires_grad=True)
Parameter containing:
tensor(-2.7001, device='cuda:0', requires_grad=True)
Parameter containing:
tensor(-2.6996, device='cuda:0', requires_grad=True)
Parameter containing:
tensor(-2.6991, device='cuda:0', requires_grad=True)
Parameter containing:
tensor(-2.6986, device='cuda:0', requires_grad=True)
Parameter containing:
tensor(-2.6981, device='cuda:0', requires_grad=True)
Parameter containing:
tensor(-2.6976, device='cuda:0', requires_grad=True)
Parameter containing:
tensor(-2.6971, device='cuda:0', requires_grad=True)
Parameter containing:
tensor(-2.6966, device='cuda:0', requires_grad=True)
Parameter containing:
tensor(-2.6962, device='cuda:0', requires_grad=True)
Parameter containing:
tensor(-2.6957, device='cuda:0', requires_grad=True)
Parameter containing:
tensor(-2.6952, device='cuda:0', requires_grad=True)
Parameter containing:
tensor(-2.6947, device='cuda:0', requires_grad=True)
Parameter containing:
tensor(-2.6943, device='cuda:0', requires_grad=True)
Parameter containing:
tensor(-2.6938, device='cuda:0', requires_grad=True)
Parameter containing:
tensor(-2.6933, device='cuda:0', requires_grad=True)
Parameter containing:
tensor(-2.6928, device='cuda:0', requires_grad=True)
Parameter containing:
tensor(-2.6924, device='cuda:0', requires_grad=True)
Parameter containing:
tensor(-2.6919, device='cuda:0', requires_grad=True)
Parameter containing:
tensor(-2.6914, device='cuda:0', requires_grad=True)
Parameter containing:
tensor(-2.6909, device='cuda:0', requires_grad=True)
Parameter containing:
tensor(-2.6904, device='cuda:0', requires_grad=True)
Parameter containing:
tensor(-2.6899, device='cuda:0', requires_grad=True)
Parameter containing:
tensor(-2.6895, device='cuda:0', requires_grad=True)
Parameter containing:
tensor(-2.6890, device='cuda:0', requires_grad=True)
Parameter containing:
tensor(-2.6885, device='cuda:0', requires_grad=True)
Parameter containing:
tensor(-2.6880, device='cuda:0', requires_grad=True)
Parameter containing:
tensor(-2.6875, device='cuda:0', requires_grad=True)
Parameter containing:
tensor(-2.6870, device='cuda:0', requires_grad=True)
Parameter containing:
tensor(-2.6865, device='cuda:0', requires_grad=True)
Parameter containing:
tensor(-2.6860, device='cuda:0', requires_grad=True)
Parameter containing:
tensor(-2.6855, device='cuda:0', requires_grad=True)
Parameter containing:
tensor(-2.6850, device='cuda:0', requires_grad=True)
Parameter containing:
tensor(-2.6845, device='cuda:0', requires_grad=True)
Parameter containing:
tensor(-2.6840, device='cuda:0', requires_grad=True)
Parameter containing:
tensor(-2.6835, device='cuda:0', requires_grad=True)
Parameter containing:
tensor(-2.6829, device='cuda:0', requires_grad=True)
Parameter containing:
tensor(-2.6824, device='cuda:0', requires_grad=True)
Parameter containing:
tensor(-2.6819, device='cuda:0', requires_grad=True)
Parameter containing:
tensor(-2.6814, device='cuda:0', requires_grad=True)
Parameter containing:
tensor(-2.6809, device='cuda:0', requires_grad=True)
Parameter containing:
tensor(-2.6804, device='cuda:0', requires_grad=True)
Parameter containing:
tensor(-2.6799, device='cuda:0', requires_grad=True)
Parameter containing:
tensor(-2.6794, device='cuda:0', requires_grad=True)
Parameter containing:
tensor(-2.6789, device='cuda:0', requires_grad=True)
Parameter containing:
tensor(-2.6784, device='cuda:0', requires_grad=True)
Parameter containing:
tensor(-2.6779, device='cuda:0', requires_grad=True)
Parameter containing:
tensor(-2.6774, device='cuda:0', requires_grad=True)
Parameter containing:
tensor(-2.6769, device='cuda:0', requires_grad=True)
Parameter containing:
tensor(-2.6764, device='cuda:0', requires_grad=True)
Parameter containing:
tensor(-2.6759, device='cuda:0', requires_grad=True)
Parameter containing:
tensor(-2.6754, device='cuda:0', requires_grad=True)
Parameter containing:
tensor(-2.6749, device='cuda:0', requires_grad=True)
Parameter containing:
tensor(-2.6744, device='cuda:0', requires_grad=True)
Parameter containing:
tensor(-2.6739, device='cuda:0', requires_grad=True)
Parameter containing:
tensor(-2.6734, device='cuda:0', requires_grad=True)
Parameter containing:
tensor(-2.6729, device='cuda:0', requires_grad=True)
Parameter containing:
tensor(-2.6725, device='cuda:0', requires_grad=True)
Parameter containing:
tensor(-2.6720, device='cuda:0', requires_grad=True)
Parameter containing:
tensor(-2.6715, device='cuda:0', requires_grad=True)
Parameter containing:
tensor(-2.6710, device='cuda:0', requires_grad=True)
Parameter containing:
tensor(-2.6705, device='cuda:0', requires_grad=True)
Parameter containing:
tensor(-2.6700, device='cuda:0', requires_grad=True)
Parameter containing:
tensor(-2.6695, device='cuda:0', requires_grad=True)
Parameter containing:
tensor(-2.6690, device='cuda:0', requires_grad=True)
Parameter containing:
tensor(-2.6685, device='cuda:0', requires_grad=True)
Parameter containing:
tensor(-2.6680, device='cuda:0', requires_grad=True)
Parameter containing:
tensor(-2.6676, device='cuda:0', requires_grad=True)
Parameter containing:
tensor(-2.6671, device='cuda:0', requires_grad=True)
Parameter containing:
tensor(-2.6666, device='cuda:0', requires_grad=True)
Parameter containing:
tensor(-2.6661, device='cuda:0', requires_grad=True)
Parameter containing:
tensor(-2.6657, device='cuda:0', requires_grad=True)
Parameter containing:
tensor(-2.6652, device='cuda:0', requires_grad=True)
Parameter containing:
tensor(-2.6647, device='cuda:0', requires_grad=True)
Parameter containing:
tensor(-2.6643, device='cuda:0', requires_grad=True)
Parameter containing:
tensor(-2.6638, device='cuda:0', requires_grad=True)
Parameter containing:
tensor(-2.6634, device='cuda:0', requires_grad=True)
Parameter containing:
tensor(-2.6629, device='cuda:0', requires_grad=True)
Parameter containing:
tensor(-2.6624, device='cuda:0', requires_grad=True)
Parameter containing:
tensor(-2.6620, device='cuda:0', requires_grad=True)
Parameter containing:
tensor(-2.6615, device='cuda:0', requires_grad=True)
Parameter containing:
tensor(-2.6611, device='cuda:0', requires_grad=True)
Parameter containing:
tensor(-2.6606, device='cuda:0', requires_grad=True)
Parameter containing:
tensor(-2.6602, device='cuda:0', requires_grad=True)
Parameter containing:
tensor(-2.6597, device='cuda:0', requires_grad=True)
Parameter containing:
tensor(-2.6593, device='cuda:0', requires_grad=True)
Parameter containing:
tensor(-2.6588, device='cuda:0', requires_grad=True)
Parameter containing:
tensor(-2.6583, device='cuda:0', requires_grad=True)
Parameter containing:
tensor(-2.6579, device='cuda:0', requires_grad=True)
Parameter containing:
tensor(-2.6574, device='cuda:0', requires_grad=True)


PS:

Read file <14836121.stderr> for stderr output of this job.

