Sender: LSF System <lsfadmin@lt04>
Subject: Job 16135920: <semi-active> in cluster <lila> Exited

Job <semi-active> was submitted from host <lilac> by user <nguyenm5> in cluster <lila> at Fri Jul 24 13:29:03 2020
Job was executed on host(s) <12*lt04>, in queue <gpuqueue>, as user <nguyenm5> in cluster <lila> at Fri Jul 24 16:55:34 2020
</home/nguyenm5> was used as the home directory.
</home/nguyenm5/coding/pinot> was used as the working directory.
Started at Fri Jul 24 16:55:34 2020
Terminated at Fri Jul 24 16:55:56 2020
Results reported at Fri Jul 24 16:55:56 2020

Your job looked like:

------------------------------------------------------------
# LSBATCH: User input
/home/nguyenm5/anaconda3/envs/pinot/bin/python scripts/active/active_plot.py --net semi_gp --num_rounds 6 --num_trials 1 --num_epochs 1 --data moonshot_sorted --q 96 --acquisition UpperConfidenceBound --output_folder /home/nguyenm5/coding/pinot/jul-24/active-semi-with-background --index 1 --unlabeled_data moonshot_unlabeled_small --device cuda:0 --seed 2666 --unlabeled_volume 0.0
------------------------------------------------------------

Exited with exit code 1.

Resource usage summary:

    CPU time :                                   3.30 sec.
    Max Memory :                                 -
    Average Memory :                             -
    Total Requested Memory :                     192.00 GB
    Delta Memory :                               -
    Max Swap :                                   -
    Max Processes :                              4
    Max Threads :                                6
    Run time :                                   23 sec.
    Turnaround time :                            12413 sec.

The output (if any) follows:



PS:

Read file </home/nguyenm5/coding/pinot/jul-24/active-semi-with-background/UpperConfidenceBound_1.stderr> for stderr output of this job.

Sender: LSF System <lsfadmin@lt20>
Subject: Job 16136408: <semi-active> in cluster <lila> Done

Job <semi-active> was submitted from host <lilac> by user <nguyenm5> in cluster <lila> at Fri Jul 24 20:26:29 2020
Job was executed on host(s) <12*lt20>, in queue <gpuqueue>, as user <nguyenm5> in cluster <lila> at Fri Jul 24 20:26:43 2020
</home/nguyenm5> was used as the home directory.
</home/nguyenm5/coding/pinot> was used as the working directory.
Started at Fri Jul 24 20:26:43 2020
Terminated at Fri Jul 24 20:28:15 2020
Results reported at Fri Jul 24 20:28:15 2020

Your job looked like:

------------------------------------------------------------
# LSBATCH: User input
/home/nguyenm5/anaconda3/envs/pinot/bin/python scripts/active/active_plot.py --net semi_gp --num_rounds 6 --num_trials 1 --num_epochs 1 --data moonshot_sorted --q 96 --acquisition UpperConfidenceBound --output_folder /home/nguyenm5/coding/pinot/jul-24/active-semi-with-background --index 1 --unlabeled_data moonshot_unlabeled_small --device cuda:0 --seed 2666 --unlabeled_volume 0.0
------------------------------------------------------------

Successfully completed.

Resource usage summary:

    CPU time :                                   236.00 sec.
    Max Memory :                                 2 GB
    Average Memory :                             0.66 GB
    Total Requested Memory :                     192.00 GB
    Delta Memory :                               190.00 GB
    Max Swap :                                   -
    Max Processes :                              4
    Max Threads :                                21
    Run time :                                   92 sec.
    Turnaround time :                            106 sec.

The output (if any) follows:

MPI, UCB, UCB-ybest, Expected Improv
[array(524), array(520)]
[array(524), array(512)]
[array(524.27105209), array(511.07123393)]
[array(524), array(520)]
[array(523), array(425)]
[array(523), array(420)]
[array(523.27105209), array(419.07123393)]
[array(523), array(425)]


PS:

Read file </home/nguyenm5/coding/pinot/jul-24/active-semi-with-background/UpperConfidenceBound_1.stderr> for stderr output of this job.

Sender: LSF System <lsfadmin@lt09>
Subject: Job 16136410: <semi-active> in cluster <lila> Exited

Job <semi-active> was submitted from host <lilac> by user <nguyenm5> in cluster <lila> at Fri Jul 24 20:29:59 2020
Job was executed on host(s) <12*lt09>, in queue <gpuqueue>, as user <nguyenm5> in cluster <lila> at Fri Jul 24 20:30:11 2020
</home/nguyenm5> was used as the home directory.
</home/nguyenm5/coding/pinot> was used as the working directory.
Started at Fri Jul 24 20:30:11 2020
Terminated at Fri Jul 24 20:30:31 2020
Results reported at Fri Jul 24 20:30:31 2020

Your job looked like:

------------------------------------------------------------
# LSBATCH: User input
/home/nguyenm5/anaconda3/envs/pinot/bin/python scripts/active/active_plot.py --net semi_gp --num_rounds 6 --num_trials 1 --num_epochs 1 --data moonshot_sorted --q 96 --acquisition UpperConfidenceBound --output_folder /home/nguyenm5/coding/pinot/jul-24/active-semi-with-background --index 1 --unlabeled_data moonshot_unlabeled_small --device cuda:0 --seed 2666 --unlabeled_volume 0.0
------------------------------------------------------------

TERM_OWNER: job killed by owner.
Exited with exit code 130.

Resource usage summary:

    CPU time :                                   1.08 sec.
    Max Memory :                                 -
    Average Memory :                             -
    Total Requested Memory :                     192.00 GB
    Delta Memory :                               -
    Max Swap :                                   -
    Max Processes :                              4
    Max Threads :                                6
    Run time :                                   21 sec.
    Turnaround time :                            32 sec.

The output (if any) follows:



PS:

Read file </home/nguyenm5/coding/pinot/jul-24/active-semi-with-background/UpperConfidenceBound_1.stderr> for stderr output of this job.

