Sender: LSF System <lsfadmin@ls16>
Subject: Job 14834389: <_Adam_EdgeConv> in cluster <lila> Done

Job <_Adam_EdgeConv> was submitted from host <ls02> by user <wangy1> in cluster <lila> at Thu Jun 11 17:02:42 2020
Job was executed on host(s) <12*ls16>, in queue <gpuqueue>, as user <wangy1> in cluster <lila> at Thu Jun 11 17:02:42 2020
</home/wangy1> was used as the home directory.
</data/chodera/wangyq/pinot/scripts/comparison> was used as the working directory.
Started at Thu Jun 11 17:02:42 2020
Terminated at Thu Jun 11 17:05:37 2020
Results reported at Thu Jun 11 17:05:37 2020

Your job looked like:

------------------------------------------------------------
# LSBATCH: User input
python ../../pinot/app/train_old.py --layer EdgeConv --optimizer Adam --lr 1e-3 --out _Adam_EdgeConv --n_epochs 500 --config 32 tanh 32 tanh 32 tanh
------------------------------------------------------------

Successfully completed.

Resource usage summary:

    CPU time :                                   169.03 sec.
    Max Memory :                                 1 GB
    Average Memory :                             0.93 GB
    Total Requested Memory :                     48.00 GB
    Delta Memory :                               47.00 GB
    Max Swap :                                   -
    Max Processes :                              3
    Max Threads :                                9
    Run time :                                   174 sec.
    Turnaround time :                            175 sec.

The output (if any) follows:



PS:

Read file <14834389.stderr> for stderr output of this job.

