Sender: LSF System <lsfadmin@lt06>
Subject: Job 14836031: <_gp_6> in cluster <lila> Done

Job <_gp_6> was submitted from host <ls14> by user <wangy1> in cluster <lila> at Thu Jun 11 19:30:05 2020
Job was executed on host(s) <12*lt06>, in queue <gpuqueue>, as user <wangy1> in cluster <lila> at Thu Jun 11 19:30:06 2020
</home/wangy1> was used as the home directory.
</data/chodera/wangyq/pinot/scripts/gp_split> was used as the working directory.
Started at Thu Jun 11 19:30:06 2020
Terminated at Thu Jun 11 19:33:19 2020
Results reported at Thu Jun 11 19:33:19 2020

Your job looked like:

------------------------------------------------------------
# LSBATCH: User input
python ../../pinot/app/gp_train.py --layer GraphConv --out _gp_6 --n_epochs 500 --lr 1e-3 --config 32 tanh 32 tanh 32 tanh --lr 1e-3 --partition 6:94
------------------------------------------------------------

Successfully completed.

Resource usage summary:

    CPU time :                                   487.82 sec.
    Max Memory :                                 2 GB
    Average Memory :                             1.81 GB
    Total Requested Memory :                     48.00 GB
    Delta Memory :                               46.00 GB
    Max Swap :                                   -
    Max Processes :                              3
    Max Threads :                                20
    Run time :                                   194 sec.
    Turnaround time :                            194 sec.

The output (if any) follows:

Parameter containing:
tensor(-3., device='cuda:0', requires_grad=True)
Parameter containing:
tensor(-2.9990, device='cuda:0', requires_grad=True)
Parameter containing:
tensor(-2.9980, device='cuda:0', requires_grad=True)
Parameter containing:
tensor(-2.9970, device='cuda:0', requires_grad=True)
Parameter containing:
tensor(-2.9960, device='cuda:0', requires_grad=True)
Parameter containing:
tensor(-2.9950, device='cuda:0', requires_grad=True)
Parameter containing:
tensor(-2.9941, device='cuda:0', requires_grad=True)
Parameter containing:
tensor(-2.9931, device='cuda:0', requires_grad=True)
Parameter containing:
tensor(-2.9921, device='cuda:0', requires_grad=True)
Parameter containing:
tensor(-2.9912, device='cuda:0', requires_grad=True)
Parameter containing:
tensor(-2.9903, device='cuda:0', requires_grad=True)
Parameter containing:
tensor(-2.9894, device='cuda:0', requires_grad=True)
Parameter containing:
tensor(-2.9884, device='cuda:0', requires_grad=True)
Parameter containing:
tensor(-2.9875, device='cuda:0', requires_grad=True)
Parameter containing:
tensor(-2.9867, device='cuda:0', requires_grad=True)
Parameter containing:
tensor(-2.9858, device='cuda:0', requires_grad=True)
Parameter containing:
tensor(-2.9849, device='cuda:0', requires_grad=True)
Parameter containing:
tensor(-2.9841, device='cuda:0', requires_grad=True)
Parameter containing:
tensor(-2.9833, device='cuda:0', requires_grad=True)
Parameter containing:
tensor(-2.9824, device='cuda:0', requires_grad=True)
Parameter containing:
tensor(-2.9816, device='cuda:0', requires_grad=True)
Parameter containing:
tensor(-2.9809, device='cuda:0', requires_grad=True)
Parameter containing:
tensor(-2.9801, device='cuda:0', requires_grad=True)
Parameter containing:
tensor(-2.9793, device='cuda:0', requires_grad=True)
Parameter containing:
tensor(-2.9786, device='cuda:0', requires_grad=True)
Parameter containing:
tensor(-2.9778, device='cuda:0', requires_grad=True)
Parameter containing:
tensor(-2.9771, device='cuda:0', requires_grad=True)
Parameter containing:
tensor(-2.9764, device='cuda:0', requires_grad=True)
Parameter containing:
tensor(-2.9757, device='cuda:0', requires_grad=True)
Parameter containing:
tensor(-2.9750, device='cuda:0', requires_grad=True)
Parameter containing:
tensor(-2.9744, device='cuda:0', requires_grad=True)
Parameter containing:
tensor(-2.9737, device='cuda:0', requires_grad=True)
Parameter containing:
tensor(-2.9731, device='cuda:0', requires_grad=True)
Parameter containing:
tensor(-2.9724, device='cuda:0', requires_grad=True)
Parameter containing:
tensor(-2.9718, device='cuda:0', requires_grad=True)
Parameter containing:
tensor(-2.9712, device='cuda:0', requires_grad=True)
Parameter containing:
tensor(-2.9706, device='cuda:0', requires_grad=True)
Parameter containing:
tensor(-2.9700, device='cuda:0', requires_grad=True)
Parameter containing:
tensor(-2.9694, device='cuda:0', requires_grad=True)
Parameter containing:
tensor(-2.9689, device='cuda:0', requires_grad=True)
Parameter containing:
tensor(-2.9684, device='cuda:0', requires_grad=True)
Parameter containing:
tensor(-2.9678, device='cuda:0', requires_grad=True)
Parameter containing:
tensor(-2.9673, device='cuda:0', requires_grad=True)
Parameter containing:
tensor(-2.9668, device='cuda:0', requires_grad=True)
Parameter containing:
tensor(-2.9663, device='cuda:0', requires_grad=True)
Parameter containing:
tensor(-2.9658, device='cuda:0', requires_grad=True)
Parameter containing:
tensor(-2.9653, device='cuda:0', requires_grad=True)
Parameter containing:
tensor(-2.9648, device='cuda:0', requires_grad=True)
Parameter containing:
tensor(-2.9643, device='cuda:0', requires_grad=True)
Parameter containing:
tensor(-2.9639, device='cuda:0', requires_grad=True)
Parameter containing:
tensor(-2.9634, device='cuda:0', requires_grad=True)
Parameter containing:
tensor(-2.9630, device='cuda:0', requires_grad=True)
Parameter containing:
tensor(-2.9626, device='cuda:0', requires_grad=True)
Parameter containing:
tensor(-2.9622, device='cuda:0', requires_grad=True)
Parameter containing:
tensor(-2.9618, device='cuda:0', requires_grad=True)
Parameter containing:
tensor(-2.9614, device='cuda:0', requires_grad=True)
Parameter containing:
tensor(-2.9610, device='cuda:0', requires_grad=True)
Parameter containing:
tensor(-2.9606, device='cuda:0', requires_grad=True)
Parameter containing:
tensor(-2.9602, device='cuda:0', requires_grad=True)
Parameter containing:
tensor(-2.9599, device='cuda:0', requires_grad=True)
Parameter containing:
tensor(-2.9595, device='cuda:0', requires_grad=True)
Parameter containing:
tensor(-2.9592, device='cuda:0', requires_grad=True)
Parameter containing:
tensor(-2.9589, device='cuda:0', requires_grad=True)
Parameter containing:
tensor(-2.9586, device='cuda:0', requires_grad=True)
Parameter containing:
tensor(-2.9583, device='cuda:0', requires_grad=True)
Parameter containing:
tensor(-2.9580, device='cuda:0', requires_grad=True)
Parameter containing:
tensor(-2.9577, device='cuda:0', requires_grad=True)
Parameter containing:
tensor(-2.9574, device='cuda:0', requires_grad=True)
Parameter containing:
tensor(-2.9572, device='cuda:0', requires_grad=True)
Parameter containing:
tensor(-2.9569, device='cuda:0', requires_grad=True)
Parameter containing:
tensor(-2.9566, device='cuda:0', requires_grad=True)
Parameter containing:
tensor(-2.9563, device='cuda:0', requires_grad=True)
Parameter containing:
tensor(-2.9560, device='cuda:0', requires_grad=True)
Parameter containing:
tensor(-2.9557, device='cuda:0', requires_grad=True)
Parameter containing:
tensor(-2.9554, device='cuda:0', requires_grad=True)
Parameter containing:
tensor(-2.9551, device='cuda:0', requires_grad=True)
Parameter containing:
tensor(-2.9548, device='cuda:0', requires_grad=True)
Parameter containing:
tensor(-2.9545, device='cuda:0', requires_grad=True)
Parameter containing:
tensor(-2.9542, device='cuda:0', requires_grad=True)
Parameter containing:
tensor(-2.9539, device='cuda:0', requires_grad=True)
Parameter containing:
tensor(-2.9536, device='cuda:0', requires_grad=True)
Parameter containing:
tensor(-2.9533, device='cuda:0', requires_grad=True)
Parameter containing:
tensor(-2.9530, device='cuda:0', requires_grad=True)
Parameter containing:
tensor(-2.9527, device='cuda:0', requires_grad=True)
Parameter containing:
tensor(-2.9525, device='cuda:0', requires_grad=True)
Parameter containing:
tensor(-2.9522, device='cuda:0', requires_grad=True)
Parameter containing:
tensor(-2.9519, device='cuda:0', requires_grad=True)
Parameter containing:
tensor(-2.9517, device='cuda:0', requires_grad=True)
Parameter containing:
tensor(-2.9514, device='cuda:0', requires_grad=True)
Parameter containing:
tensor(-2.9512, device='cuda:0', requires_grad=True)
Parameter containing:
tensor(-2.9510, device='cuda:0', requires_grad=True)
Parameter containing:
tensor(-2.9507, device='cuda:0', requires_grad=True)
Parameter containing:
tensor(-2.9505, device='cuda:0', requires_grad=True)
Parameter containing:
tensor(-2.9503, device='cuda:0', requires_grad=True)
Parameter containing:
tensor(-2.9500, device='cuda:0', requires_grad=True)
Parameter containing:
tensor(-2.9498, device='cuda:0', requires_grad=True)
Parameter containing:
tensor(-2.9495, device='cuda:0', requires_grad=True)
Parameter containing:
tensor(-2.9492, device='cuda:0', requires_grad=True)
Parameter containing:
tensor(-2.9489, device='cuda:0', requires_grad=True)
Parameter containing:
tensor(-2.9486, device='cuda:0', requires_grad=True)
Parameter containing:
tensor(-2.9483, device='cuda:0', requires_grad=True)
Parameter containing:
tensor(-2.9480, device='cuda:0', requires_grad=True)
Parameter containing:
tensor(-2.9477, device='cuda:0', requires_grad=True)
Parameter containing:
tensor(-2.9474, device='cuda:0', requires_grad=True)
Parameter containing:
tensor(-2.9471, device='cuda:0', requires_grad=True)
Parameter containing:
tensor(-2.9468, device='cuda:0', requires_grad=True)
Parameter containing:
tensor(-2.9466, device='cuda:0', requires_grad=True)
Parameter containing:
tensor(-2.9463, device='cuda:0', requires_grad=True)
Parameter containing:
tensor(-2.9460, device='cuda:0', requires_grad=True)
Parameter containing:
tensor(-2.9457, device='cuda:0', requires_grad=True)
Parameter containing:
tensor(-2.9455, device='cuda:0', requires_grad=True)
Parameter containing:
tensor(-2.9452, device='cuda:0', requires_grad=True)
Parameter containing:
tensor(-2.9449, device='cuda:0', requires_grad=True)
Parameter containing:
tensor(-2.9446, device='cuda:0', requires_grad=True)
Parameter containing:
tensor(-2.9444, device='cuda:0', requires_grad=True)
Parameter containing:
tensor(-2.9441, device='cuda:0', requires_grad=True)
Parameter containing:
tensor(-2.9438, device='cuda:0', requires_grad=True)
Parameter containing:
tensor(-2.9436, device='cuda:0', requires_grad=True)
Parameter containing:
tensor(-2.9433, device='cuda:0', requires_grad=True)
Parameter containing:
tensor(-2.9431, device='cuda:0', requires_grad=True)
Parameter containing:
tensor(-2.9428, device='cuda:0', requires_grad=True)
Parameter containing:
tensor(-2.9426, device='cuda:0', requires_grad=True)
Parameter containing:
tensor(-2.9423, device='cuda:0', requires_grad=True)
Parameter containing:
tensor(-2.9421, device='cuda:0', requires_grad=True)
Parameter containing:
tensor(-2.9418, device='cuda:0', requires_grad=True)
Parameter containing:
tensor(-2.9415, device='cuda:0', requires_grad=True)
Parameter containing:
tensor(-2.9413, device='cuda:0', requires_grad=True)
Parameter containing:
tensor(-2.9410, device='cuda:0', requires_grad=True)
Parameter containing:
tensor(-2.9408, device='cuda:0', requires_grad=True)
Parameter containing:
tensor(-2.9406, device='cuda:0', requires_grad=True)
Parameter containing:
tensor(-2.9403, device='cuda:0', requires_grad=True)
Parameter containing:
tensor(-2.9401, device='cuda:0', requires_grad=True)
Parameter containing:
tensor(-2.9398, device='cuda:0', requires_grad=True)
Parameter containing:
tensor(-2.9396, device='cuda:0', requires_grad=True)
Parameter containing:
tensor(-2.9393, device='cuda:0', requires_grad=True)
Parameter containing:
tensor(-2.9391, device='cuda:0', requires_grad=True)
Parameter containing:
tensor(-2.9389, device='cuda:0', requires_grad=True)
Parameter containing:
tensor(-2.9386, device='cuda:0', requires_grad=True)
Parameter containing:
tensor(-2.9384, device='cuda:0', requires_grad=True)
Parameter containing:
tensor(-2.9382, device='cuda:0', requires_grad=True)
Parameter containing:
tensor(-2.9380, device='cuda:0', requires_grad=True)
Parameter containing:
tensor(-2.9378, device='cuda:0', requires_grad=True)
Parameter containing:
tensor(-2.9376, device='cuda:0', requires_grad=True)
Parameter containing:
tensor(-2.9375, device='cuda:0', requires_grad=True)
Parameter containing:
tensor(-2.9373, device='cuda:0', requires_grad=True)
Parameter containing:
tensor(-2.9371, device='cuda:0', requires_grad=True)
Parameter containing:
tensor(-2.9370, device='cuda:0', requires_grad=True)
Parameter containing:
tensor(-2.9368, device='cuda:0', requires_grad=True)
Parameter containing:
tensor(-2.9366, device='cuda:0', requires_grad=True)
Parameter containing:
tensor(-2.9365, device='cuda:0', requires_grad=True)
Parameter containing:
tensor(-2.9363, device='cuda:0', requires_grad=True)
Parameter containing:
tensor(-2.9361, device='cuda:0', requires_grad=True)
Parameter containing:
tensor(-2.9359, device='cuda:0', requires_grad=True)
Parameter containing:
tensor(-2.9358, device='cuda:0', requires_grad=True)
Parameter containing:
tensor(-2.9356, device='cuda:0', requires_grad=True)
Parameter containing:
tensor(-2.9353, device='cuda:0', requires_grad=True)
Parameter containing:
tensor(-2.9351, device='cuda:0', requires_grad=True)
Parameter containing:
tensor(-2.9349, device='cuda:0', requires_grad=True)
Parameter containing:
tensor(-2.9347, device='cuda:0', requires_grad=True)
Parameter containing:
tensor(-2.9345, device='cuda:0', requires_grad=True)
Parameter containing:
tensor(-2.9343, device='cuda:0', requires_grad=True)
Parameter containing:
tensor(-2.9341, device='cuda:0', requires_grad=True)
Parameter containing:
tensor(-2.9339, device='cuda:0', requires_grad=True)
Parameter containing:
tensor(-2.9338, device='cuda:0', requires_grad=True)
Parameter containing:
tensor(-2.9336, device='cuda:0', requires_grad=True)
Parameter containing:
tensor(-2.9334, device='cuda:0', requires_grad=True)
Parameter containing:
tensor(-2.9333, device='cuda:0', requires_grad=True)
Parameter containing:
tensor(-2.9332, device='cuda:0', requires_grad=True)
Parameter containing:
tensor(-2.9330, device='cuda:0', requires_grad=True)
Parameter containing:
tensor(-2.9329, device='cuda:0', requires_grad=True)
Parameter containing:
tensor(-2.9327, device='cuda:0', requires_grad=True)
Parameter containing:
tensor(-2.9326, device='cuda:0', requires_grad=True)
Parameter containing:
tensor(-2.9324, device='cuda:0', requires_grad=True)
Parameter containing:
tensor(-2.9323, device='cuda:0', requires_grad=True)
Parameter containing:
tensor(-2.9321, device='cuda:0', requires_grad=True)
Parameter containing:
tensor(-2.9320, device='cuda:0', requires_grad=True)
Parameter containing:
tensor(-2.9318, device='cuda:0', requires_grad=True)
Parameter containing:
tensor(-2.9316, device='cuda:0', requires_grad=True)
Parameter containing:
tensor(-2.9315, device='cuda:0', requires_grad=True)
Parameter containing:
tensor(-2.9313, device='cuda:0', requires_grad=True)
Parameter containing:
tensor(-2.9312, device='cuda:0', requires_grad=True)
Parameter containing:
tensor(-2.9311, device='cuda:0', requires_grad=True)
Parameter containing:
tensor(-2.9310, device='cuda:0', requires_grad=True)
Parameter containing:
tensor(-2.9308, device='cuda:0', requires_grad=True)
Parameter containing:
tensor(-2.9307, device='cuda:0', requires_grad=True)
Parameter containing:
tensor(-2.9306, device='cuda:0', requires_grad=True)
Parameter containing:
tensor(-2.9305, device='cuda:0', requires_grad=True)
Parameter containing:
tensor(-2.9303, device='cuda:0', requires_grad=True)
Parameter containing:
tensor(-2.9302, device='cuda:0', requires_grad=True)
Parameter containing:
tensor(-2.9300, device='cuda:0', requires_grad=True)
Parameter containing:
tensor(-2.9299, device='cuda:0', requires_grad=True)
Parameter containing:
tensor(-2.9297, device='cuda:0', requires_grad=True)
Parameter containing:
tensor(-2.9296, device='cuda:0', requires_grad=True)
Parameter containing:
tensor(-2.9295, device='cuda:0', requires_grad=True)
Parameter containing:
tensor(-2.9294, device='cuda:0', requires_grad=True)
Parameter containing:
tensor(-2.9293, device='cuda:0', requires_grad=True)
Parameter containing:
tensor(-2.9292, device='cuda:0', requires_grad=True)
Parameter containing:
tensor(-2.9292, device='cuda:0', requires_grad=True)
Parameter containing:
tensor(-2.9291, device='cuda:0', requires_grad=True)
Parameter containing:
tensor(-2.9290, device='cuda:0', requires_grad=True)
Parameter containing:
tensor(-2.9290, device='cuda:0', requires_grad=True)
Parameter containing:
tensor(-2.9289, device='cuda:0', requires_grad=True)
Parameter containing:
tensor(-2.9289, device='cuda:0', requires_grad=True)
Parameter containing:
tensor(-2.9288, device='cuda:0', requires_grad=True)
Parameter containing:
tensor(-2.9288, device='cuda:0', requires_grad=True)
Parameter containing:
tensor(-2.9288, device='cuda:0', requires_grad=True)
Parameter containing:
tensor(-2.9287, device='cuda:0', requires_grad=True)
Parameter containing:
tensor(-2.9287, device='cuda:0', requires_grad=True)
Parameter containing:
tensor(-2.9286, device='cuda:0', requires_grad=True)
Parameter containing:
tensor(-2.9286, device='cuda:0', requires_grad=True)
Parameter containing:
tensor(-2.9286, device='cuda:0', requires_grad=True)
Parameter containing:
tensor(-2.9286, device='cuda:0', requires_grad=True)
Parameter containing:
tensor(-2.9285, device='cuda:0', requires_grad=True)
Parameter containing:
tensor(-2.9285, device='cuda:0', requires_grad=True)
Parameter containing:
tensor(-2.9285, device='cuda:0', requires_grad=True)
Parameter containing:
tensor(-2.9285, device='cuda:0', requires_grad=True)
Parameter containing:
tensor(-2.9285, device='cuda:0', requires_grad=True)
Parameter containing:
tensor(-2.9285, device='cuda:0', requires_grad=True)
Parameter containing:
tensor(-2.9285, device='cuda:0', requires_grad=True)
Parameter containing:
tensor(-2.9286, device='cuda:0', requires_grad=True)
Parameter containing:
tensor(-2.9285, device='cuda:0', requires_grad=True)
Parameter containing:
tensor(-2.9285, device='cuda:0', requires_grad=True)
Parameter containing:
tensor(-2.9285, device='cuda:0', requires_grad=True)
Parameter containing:
tensor(-2.9284, device='cuda:0', requires_grad=True)
Parameter containing:
tensor(-2.9284, device='cuda:0', requires_grad=True)
Parameter containing:
tensor(-2.9283, device='cuda:0', requires_grad=True)
Parameter containing:
tensor(-2.9283, device='cuda:0', requires_grad=True)
Parameter containing:
tensor(-2.9282, device='cuda:0', requires_grad=True)
Parameter containing:
tensor(-2.9282, device='cuda:0', requires_grad=True)
Parameter containing:
tensor(-2.9281, device='cuda:0', requires_grad=True)
Parameter containing:
tensor(-2.9280, device='cuda:0', requires_grad=True)
Parameter containing:
tensor(-2.9279, device='cuda:0', requires_grad=True)
Parameter containing:
tensor(-2.9279, device='cuda:0', requires_grad=True)
Parameter containing:
tensor(-2.9278, device='cuda:0', requires_grad=True)
Parameter containing:
tensor(-2.9277, device='cuda:0', requires_grad=True)
Parameter containing:
tensor(-2.9276, device='cuda:0', requires_grad=True)
Parameter containing:
tensor(-2.9276, device='cuda:0', requires_grad=True)
Parameter containing:
tensor(-2.9275, device='cuda:0', requires_grad=True)
Parameter containing:
tensor(-2.9275, device='cuda:0', requires_grad=True)
Parameter containing:
tensor(-2.9275, device='cuda:0', requires_grad=True)
Parameter containing:
tensor(-2.9274, device='cuda:0', requires_grad=True)
Parameter containing:
tensor(-2.9274, device='cuda:0', requires_grad=True)
Parameter containing:
tensor(-2.9274, device='cuda:0', requires_grad=True)
Parameter containing:
tensor(-2.9274, device='cuda:0', requires_grad=True)
Parameter containing:
tensor(-2.9275, device='cuda:0', requires_grad=True)
Parameter containing:
tensor(-2.9275, device='cuda:0', requires_grad=True)
Parameter containing:
tensor(-2.9276, device='cuda:0', requires_grad=True)
Parameter containing:
tensor(-2.9276, device='cuda:0', requires_grad=True)
Parameter containing:
tensor(-2.9277, device='cuda:0', requires_grad=True)
Parameter containing:
tensor(-2.9277, device='cuda:0', requires_grad=True)
Parameter containing:
tensor(-2.9277, device='cuda:0', requires_grad=True)
Parameter containing:
tensor(-2.9278, device='cuda:0', requires_grad=True)
Parameter containing:
tensor(-2.9279, device='cuda:0', requires_grad=True)
Parameter containing:
tensor(-2.9279, device='cuda:0', requires_grad=True)
Parameter containing:
tensor(-2.9279, device='cuda:0', requires_grad=True)
Parameter containing:
tensor(-2.9280, device='cuda:0', requires_grad=True)
Parameter containing:
tensor(-2.9281, device='cuda:0', requires_grad=True)
Parameter containing:
tensor(-2.9281, device='cuda:0', requires_grad=True)
Parameter containing:
tensor(-2.9281, device='cuda:0', requires_grad=True)
Parameter containing:
tensor(-2.9281, device='cuda:0', requires_grad=True)
Parameter containing:
tensor(-2.9281, device='cuda:0', requires_grad=True)
Parameter containing:
tensor(-2.9281, device='cuda:0', requires_grad=True)
Parameter containing:
tensor(-2.9282, device='cuda:0', requires_grad=True)
Parameter containing:
tensor(-2.9281, device='cuda:0', requires_grad=True)
Parameter containing:
tensor(-2.9281, device='cuda:0', requires_grad=True)
Parameter containing:
tensor(-2.9280, device='cuda:0', requires_grad=True)
Parameter containing:
tensor(-2.9280, device='cuda:0', requires_grad=True)
Parameter containing:
tensor(-2.9280, device='cuda:0', requires_grad=True)
Parameter containing:
tensor(-2.9279, device='cuda:0', requires_grad=True)
Parameter containing:
tensor(-2.9279, device='cuda:0', requires_grad=True)
Parameter containing:
tensor(-2.9278, device='cuda:0', requires_grad=True)
Parameter containing:
tensor(-2.9278, device='cuda:0', requires_grad=True)
Parameter containing:
tensor(-2.9278, device='cuda:0', requires_grad=True)
Parameter containing:
tensor(-2.9278, device='cuda:0', requires_grad=True)
Parameter containing:
tensor(-2.9278, device='cuda:0', requires_grad=True)
Parameter containing:
tensor(-2.9278, device='cuda:0', requires_grad=True)
Parameter containing:
tensor(-2.9278, device='cuda:0', requires_grad=True)
Parameter containing:
tensor(-2.9278, device='cuda:0', requires_grad=True)
Parameter containing:
tensor(-2.9278, device='cuda:0', requires_grad=True)
Parameter containing:
tensor(-2.9278, device='cuda:0', requires_grad=True)
Parameter containing:
tensor(-2.9279, device='cuda:0', requires_grad=True)
Parameter containing:
tensor(-2.9279, device='cuda:0', requires_grad=True)
Parameter containing:
tensor(-2.9280, device='cuda:0', requires_grad=True)
Parameter containing:
tensor(-2.9281, device='cuda:0', requires_grad=True)
Parameter containing:
tensor(-2.9282, device='cuda:0', requires_grad=True)
Parameter containing:
tensor(-2.9283, device='cuda:0', requires_grad=True)
Parameter containing:
tensor(-2.9283, device='cuda:0', requires_grad=True)
Parameter containing:
tensor(-2.9285, device='cuda:0', requires_grad=True)
Parameter containing:
tensor(-2.9285, device='cuda:0', requires_grad=True)
Parameter containing:
tensor(-2.9287, device='cuda:0', requires_grad=True)
Parameter containing:
tensor(-2.9288, device='cuda:0', requires_grad=True)
Parameter containing:
tensor(-2.9289, device='cuda:0', requires_grad=True)
Parameter containing:
tensor(-2.9290, device='cuda:0', requires_grad=True)
Parameter containing:
tensor(-2.9291, device='cuda:0', requires_grad=True)
Parameter containing:
tensor(-2.9292, device='cuda:0', requires_grad=True)
Parameter containing:
tensor(-2.9294, device='cuda:0', requires_grad=True)
Parameter containing:
tensor(-2.9295, device='cuda:0', requires_grad=True)
Parameter containing:
tensor(-2.9296, device='cuda:0', requires_grad=True)
Parameter containing:
tensor(-2.9296, device='cuda:0', requires_grad=True)
Parameter containing:
tensor(-2.9295, device='cuda:0', requires_grad=True)
Parameter containing:
tensor(-2.9295, device='cuda:0', requires_grad=True)
Parameter containing:
tensor(-2.9295, device='cuda:0', requires_grad=True)
Parameter containing:
tensor(-2.9294, device='cuda:0', requires_grad=True)
Parameter containing:
tensor(-2.9294, device='cuda:0', requires_grad=True)
Parameter containing:
tensor(-2.9293, device='cuda:0', requires_grad=True)
Parameter containing:
tensor(-2.9292, device='cuda:0', requires_grad=True)
Parameter containing:
tensor(-2.9291, device='cuda:0', requires_grad=True)
Parameter containing:
tensor(-2.9291, device='cuda:0', requires_grad=True)
Parameter containing:
tensor(-2.9291, device='cuda:0', requires_grad=True)
Parameter containing:
tensor(-2.9290, device='cuda:0', requires_grad=True)
Parameter containing:
tensor(-2.9291, device='cuda:0', requires_grad=True)
Parameter containing:
tensor(-2.9291, device='cuda:0', requires_grad=True)
Parameter containing:
tensor(-2.9291, device='cuda:0', requires_grad=True)
Parameter containing:
tensor(-2.9292, device='cuda:0', requires_grad=True)
Parameter containing:
tensor(-2.9293, device='cuda:0', requires_grad=True)
Parameter containing:
tensor(-2.9294, device='cuda:0', requires_grad=True)
Parameter containing:
tensor(-2.9295, device='cuda:0', requires_grad=True)
Parameter containing:
tensor(-2.9296, device='cuda:0', requires_grad=True)
Parameter containing:
tensor(-2.9297, device='cuda:0', requires_grad=True)
Parameter containing:
tensor(-2.9298, device='cuda:0', requires_grad=True)
Parameter containing:
tensor(-2.9299, device='cuda:0', requires_grad=True)
Parameter containing:
tensor(-2.9300, device='cuda:0', requires_grad=True)
Parameter containing:
tensor(-2.9301, device='cuda:0', requires_grad=True)
Parameter containing:
tensor(-2.9302, device='cuda:0', requires_grad=True)
Parameter containing:
tensor(-2.9303, device='cuda:0', requires_grad=True)
Parameter containing:
tensor(-2.9304, device='cuda:0', requires_grad=True)
Parameter containing:
tensor(-2.9305, device='cuda:0', requires_grad=True)
Parameter containing:
tensor(-2.9307, device='cuda:0', requires_grad=True)
Parameter containing:
tensor(-2.9308, device='cuda:0', requires_grad=True)
Parameter containing:
tensor(-2.9309, device='cuda:0', requires_grad=True)
Parameter containing:
tensor(-2.9310, device='cuda:0', requires_grad=True)
Parameter containing:
tensor(-2.9311, device='cuda:0', requires_grad=True)
Parameter containing:
tensor(-2.9312, device='cuda:0', requires_grad=True)
Parameter containing:
tensor(-2.9313, device='cuda:0', requires_grad=True)
Parameter containing:
tensor(-2.9314, device='cuda:0', requires_grad=True)
Parameter containing:
tensor(-2.9315, device='cuda:0', requires_grad=True)
Parameter containing:
tensor(-2.9316, device='cuda:0', requires_grad=True)
Parameter containing:
tensor(-2.9318, device='cuda:0', requires_grad=True)
Parameter containing:
tensor(-2.9319, device='cuda:0', requires_grad=True)
Parameter containing:
tensor(-2.9320, device='cuda:0', requires_grad=True)
Parameter containing:
tensor(-2.9321, device='cuda:0', requires_grad=True)
Parameter containing:
tensor(-2.9322, device='cuda:0', requires_grad=True)
Parameter containing:
tensor(-2.9324, device='cuda:0', requires_grad=True)
Parameter containing:
tensor(-2.9325, device='cuda:0', requires_grad=True)
Parameter containing:
tensor(-2.9327, device='cuda:0', requires_grad=True)
Parameter containing:
tensor(-2.9329, device='cuda:0', requires_grad=True)
Parameter containing:
tensor(-2.9330, device='cuda:0', requires_grad=True)
Parameter containing:
tensor(-2.9332, device='cuda:0', requires_grad=True)
Parameter containing:
tensor(-2.9334, device='cuda:0', requires_grad=True)
Parameter containing:
tensor(-2.9336, device='cuda:0', requires_grad=True)
Parameter containing:
tensor(-2.9338, device='cuda:0', requires_grad=True)
Parameter containing:
tensor(-2.9340, device='cuda:0', requires_grad=True)
Parameter containing:
tensor(-2.9342, device='cuda:0', requires_grad=True)
Parameter containing:
tensor(-2.9345, device='cuda:0', requires_grad=True)
Parameter containing:
tensor(-2.9347, device='cuda:0', requires_grad=True)
Parameter containing:
tensor(-2.9350, device='cuda:0', requires_grad=True)
Parameter containing:
tensor(-2.9353, device='cuda:0', requires_grad=True)
Parameter containing:
tensor(-2.9356, device='cuda:0', requires_grad=True)
Parameter containing:
tensor(-2.9359, device='cuda:0', requires_grad=True)
Parameter containing:
tensor(-2.9362, device='cuda:0', requires_grad=True)
Parameter containing:
tensor(-2.9365, device='cuda:0', requires_grad=True)
Parameter containing:
tensor(-2.9367, device='cuda:0', requires_grad=True)
Parameter containing:
tensor(-2.9370, device='cuda:0', requires_grad=True)
Parameter containing:
tensor(-2.9372, device='cuda:0', requires_grad=True)
Parameter containing:
tensor(-2.9374, device='cuda:0', requires_grad=True)
Parameter containing:
tensor(-2.9376, device='cuda:0', requires_grad=True)
Parameter containing:
tensor(-2.9378, device='cuda:0', requires_grad=True)
Parameter containing:
tensor(-2.9380, device='cuda:0', requires_grad=True)
Parameter containing:
tensor(-2.9382, device='cuda:0', requires_grad=True)
Parameter containing:
tensor(-2.9384, device='cuda:0', requires_grad=True)
Parameter containing:
tensor(-2.9386, device='cuda:0', requires_grad=True)
Parameter containing:
tensor(-2.9388, device='cuda:0', requires_grad=True)
Parameter containing:
tensor(-2.9389, device='cuda:0', requires_grad=True)
Parameter containing:
tensor(-2.9391, device='cuda:0', requires_grad=True)
Parameter containing:
tensor(-2.9393, device='cuda:0', requires_grad=True)
Parameter containing:
tensor(-2.9395, device='cuda:0', requires_grad=True)
Parameter containing:
tensor(-2.9397, device='cuda:0', requires_grad=True)
Parameter containing:
tensor(-2.9399, device='cuda:0', requires_grad=True)
Parameter containing:
tensor(-2.9401, device='cuda:0', requires_grad=True)
Parameter containing:
tensor(-2.9403, device='cuda:0', requires_grad=True)
Parameter containing:
tensor(-2.9406, device='cuda:0', requires_grad=True)
Parameter containing:
tensor(-2.9408, device='cuda:0', requires_grad=True)
Parameter containing:
tensor(-2.9411, device='cuda:0', requires_grad=True)
Parameter containing:
tensor(-2.9413, device='cuda:0', requires_grad=True)
Parameter containing:
tensor(-2.9416, device='cuda:0', requires_grad=True)
Parameter containing:
tensor(-2.9419, device='cuda:0', requires_grad=True)
Parameter containing:
tensor(-2.9421, device='cuda:0', requires_grad=True)
Parameter containing:
tensor(-2.9423, device='cuda:0', requires_grad=True)
Parameter containing:
tensor(-2.9426, device='cuda:0', requires_grad=True)
Parameter containing:
tensor(-2.9428, device='cuda:0', requires_grad=True)
Parameter containing:
tensor(-2.9430, device='cuda:0', requires_grad=True)
Parameter containing:
tensor(-2.9433, device='cuda:0', requires_grad=True)
Parameter containing:
tensor(-2.9435, device='cuda:0', requires_grad=True)
Parameter containing:
tensor(-2.9438, device='cuda:0', requires_grad=True)
Parameter containing:
tensor(-2.9440, device='cuda:0', requires_grad=True)
Parameter containing:
tensor(-2.9442, device='cuda:0', requires_grad=True)
Parameter containing:
tensor(-2.9445, device='cuda:0', requires_grad=True)
Parameter containing:
tensor(-2.9447, device='cuda:0', requires_grad=True)
Parameter containing:
tensor(-2.9450, device='cuda:0', requires_grad=True)
Parameter containing:
tensor(-2.9452, device='cuda:0', requires_grad=True)
Parameter containing:
tensor(-2.9453, device='cuda:0', requires_grad=True)
Parameter containing:
tensor(-2.9455, device='cuda:0', requires_grad=True)
Parameter containing:
tensor(-2.9456, device='cuda:0', requires_grad=True)
Parameter containing:
tensor(-2.9458, device='cuda:0', requires_grad=True)
Parameter containing:
tensor(-2.9460, device='cuda:0', requires_grad=True)
Parameter containing:
tensor(-2.9461, device='cuda:0', requires_grad=True)
Parameter containing:
tensor(-2.9463, device='cuda:0', requires_grad=True)
Parameter containing:
tensor(-2.9465, device='cuda:0', requires_grad=True)
Parameter containing:
tensor(-2.9467, device='cuda:0', requires_grad=True)
Parameter containing:
tensor(-2.9469, device='cuda:0', requires_grad=True)
Parameter containing:
tensor(-2.9471, device='cuda:0', requires_grad=True)
Parameter containing:
tensor(-2.9474, device='cuda:0', requires_grad=True)
Parameter containing:
tensor(-2.9477, device='cuda:0', requires_grad=True)
Parameter containing:
tensor(-2.9480, device='cuda:0', requires_grad=True)
Parameter containing:
tensor(-2.9482, device='cuda:0', requires_grad=True)
Parameter containing:
tensor(-2.9484, device='cuda:0', requires_grad=True)
Parameter containing:
tensor(-2.9487, device='cuda:0', requires_grad=True)
Parameter containing:
tensor(-2.9489, device='cuda:0', requires_grad=True)
Parameter containing:
tensor(-2.9492, device='cuda:0', requires_grad=True)
Parameter containing:
tensor(-2.9494, device='cuda:0', requires_grad=True)
Parameter containing:
tensor(-2.9497, device='cuda:0', requires_grad=True)
Parameter containing:
tensor(-2.9499, device='cuda:0', requires_grad=True)
Parameter containing:
tensor(-2.9502, device='cuda:0', requires_grad=True)
Parameter containing:
tensor(-2.9505, device='cuda:0', requires_grad=True)
Parameter containing:
tensor(-2.9507, device='cuda:0', requires_grad=True)
Parameter containing:
tensor(-2.9510, device='cuda:0', requires_grad=True)
Parameter containing:
tensor(-2.9513, device='cuda:0', requires_grad=True)
Parameter containing:
tensor(-2.9516, device='cuda:0', requires_grad=True)
Parameter containing:
tensor(-2.9519, device='cuda:0', requires_grad=True)
Parameter containing:
tensor(-2.9521, device='cuda:0', requires_grad=True)
Parameter containing:
tensor(-2.9524, device='cuda:0', requires_grad=True)
Parameter containing:
tensor(-2.9527, device='cuda:0', requires_grad=True)
Parameter containing:
tensor(-2.9530, device='cuda:0', requires_grad=True)
Parameter containing:
tensor(-2.9532, device='cuda:0', requires_grad=True)
Parameter containing:
tensor(-2.9535, device='cuda:0', requires_grad=True)
Parameter containing:
tensor(-2.9537, device='cuda:0', requires_grad=True)
Parameter containing:
tensor(-2.9540, device='cuda:0', requires_grad=True)
Parameter containing:
tensor(-2.9543, device='cuda:0', requires_grad=True)
Parameter containing:
tensor(-2.9546, device='cuda:0', requires_grad=True)
Parameter containing:
tensor(-2.9549, device='cuda:0', requires_grad=True)
Parameter containing:
tensor(-2.9552, device='cuda:0', requires_grad=True)
Parameter containing:
tensor(-2.9555, device='cuda:0', requires_grad=True)
Parameter containing:
tensor(-2.9558, device='cuda:0', requires_grad=True)
Parameter containing:
tensor(-2.9562, device='cuda:0', requires_grad=True)
Parameter containing:
tensor(-2.9566, device='cuda:0', requires_grad=True)
Parameter containing:
tensor(-2.9569, device='cuda:0', requires_grad=True)
Parameter containing:
tensor(-2.9573, device='cuda:0', requires_grad=True)
Parameter containing:
tensor(-2.9577, device='cuda:0', requires_grad=True)
Parameter containing:
tensor(-2.9581, device='cuda:0', requires_grad=True)
Parameter containing:
tensor(-2.9585, device='cuda:0', requires_grad=True)
Parameter containing:
tensor(-2.9589, device='cuda:0', requires_grad=True)
Parameter containing:
tensor(-2.9593, device='cuda:0', requires_grad=True)
Parameter containing:
tensor(-2.9597, device='cuda:0', requires_grad=True)
Parameter containing:
tensor(-2.9602, device='cuda:0', requires_grad=True)
Parameter containing:
tensor(-2.9606, device='cuda:0', requires_grad=True)
Parameter containing:
tensor(-2.9611, device='cuda:0', requires_grad=True)
Parameter containing:
tensor(-2.9615, device='cuda:0', requires_grad=True)
Parameter containing:
tensor(-2.9620, device='cuda:0', requires_grad=True)
Parameter containing:
tensor(-2.9625, device='cuda:0', requires_grad=True)
Parameter containing:
tensor(-2.9630, device='cuda:0', requires_grad=True)
Parameter containing:
tensor(-2.9635, device='cuda:0', requires_grad=True)
Parameter containing:
tensor(-2.9640, device='cuda:0', requires_grad=True)
Parameter containing:
tensor(-2.9645, device='cuda:0', requires_grad=True)
Parameter containing:
tensor(-2.9650, device='cuda:0', requires_grad=True)
Parameter containing:
tensor(-2.9655, device='cuda:0', requires_grad=True)
Parameter containing:
tensor(-2.9660, device='cuda:0', requires_grad=True)
Parameter containing:
tensor(-2.9665, device='cuda:0', requires_grad=True)
Parameter containing:
tensor(-2.9670, device='cuda:0', requires_grad=True)
Parameter containing:
tensor(-2.9675, device='cuda:0', requires_grad=True)
Parameter containing:
tensor(-2.9680, device='cuda:0', requires_grad=True)
Parameter containing:
tensor(-2.9685, device='cuda:0', requires_grad=True)
Parameter containing:
tensor(-2.9689, device='cuda:0', requires_grad=True)
Parameter containing:
tensor(-2.9694, device='cuda:0', requires_grad=True)
Parameter containing:
tensor(-2.9698, device='cuda:0', requires_grad=True)
Parameter containing:
tensor(-2.9703, device='cuda:0', requires_grad=True)
Parameter containing:
tensor(-2.9707, device='cuda:0', requires_grad=True)
Parameter containing:
tensor(-2.9711, device='cuda:0', requires_grad=True)
Parameter containing:
tensor(-2.9715, device='cuda:0', requires_grad=True)
Parameter containing:
tensor(-2.9719, device='cuda:0', requires_grad=True)
Parameter containing:
tensor(-2.9723, device='cuda:0', requires_grad=True)
Parameter containing:
tensor(-2.9727, device='cuda:0', requires_grad=True)
Parameter containing:
tensor(-2.9731, device='cuda:0', requires_grad=True)
Parameter containing:
tensor(-2.9735, device='cuda:0', requires_grad=True)
Parameter containing:
tensor(-2.9739, device='cuda:0', requires_grad=True)
Parameter containing:
tensor(-2.9744, device='cuda:0', requires_grad=True)
Parameter containing:
tensor(-2.9748, device='cuda:0', requires_grad=True)
Parameter containing:
tensor(-2.9752, device='cuda:0', requires_grad=True)
Parameter containing:
tensor(-2.9757, device='cuda:0', requires_grad=True)
Parameter containing:
tensor(-2.9761, device='cuda:0', requires_grad=True)
Parameter containing:
tensor(-2.9766, device='cuda:0', requires_grad=True)
Parameter containing:
tensor(-2.9771, device='cuda:0', requires_grad=True)
Parameter containing:
tensor(-2.9776, device='cuda:0', requires_grad=True)
Parameter containing:
tensor(-2.9781, device='cuda:0', requires_grad=True)
Parameter containing:
tensor(-2.9787, device='cuda:0', requires_grad=True)
Parameter containing:
tensor(-2.9792, device='cuda:0', requires_grad=True)
Parameter containing:
tensor(-2.9798, device='cuda:0', requires_grad=True)
Parameter containing:
tensor(-2.9804, device='cuda:0', requires_grad=True)
Parameter containing:
tensor(-2.9810, device='cuda:0', requires_grad=True)
Parameter containing:
tensor(-2.9816, device='cuda:0', requires_grad=True)
Parameter containing:
tensor(-2.9822, device='cuda:0', requires_grad=True)


PS:

Read file <14836031.stderr> for stderr output of this job.

