Sender: LSF System <lsfadmin@lu01>
Subject: Job 15330024: <active-semi> in cluster <lila> Done

Job <active-semi> was submitted from host <lilac> by user <nguyenm5> in cluster <lila> at Mon Jul 13 17:21:40 2020
Job was executed on host(s) <12*lu01>, in queue <gpuqueue>, as user <nguyenm5> in cluster <lila> at Mon Jul 13 17:46:29 2020
</home/nguyenm5> was used as the home directory.
</home/nguyenm5/coding/pinot> was used as the working directory.
Started at Mon Jul 13 17:46:29 2020
Terminated at Mon Jul 13 20:05:53 2020
Results reported at Mon Jul 13 20:05:53 2020

Your job looked like:

------------------------------------------------------------
# LSBATCH: User input
/home/nguyenm5/anaconda3/envs/pinot/bin/python scripts/active/plotting_active.py --net semi --num_rounds 4 --num_trials 1 --num_epoch 750 --data moonshot --q 96 --acquisition UpperConfidenceBound --output_folder /home/nguyenm5/coding/pinot/jul-13/active-background --index 2 --unlabeled_data moonshot_unlabeled_small
------------------------------------------------------------

Successfully completed.

Resource usage summary:

    CPU time :                                   79392.54 sec.
    Max Memory :                                 2 GB
    Average Memory :                             2.00 GB
    Total Requested Memory :                     192.00 GB
    Delta Memory :                               190.00 GB
    Max Swap :                                   -
    Max Processes :                              3
    Max Threads :                                20
    Run time :                                   8364 sec.
    Turnaround time :                            9853 sec.

The output (if any) follows:

0
That took 8328.955388307571 seconds


PS:

Read file </home/nguyenm5/coding/pinot/jul-13/active-background/UpperConfidenceBound.stderr> for stderr output of this job.

