Sender: LSF System <lsfadmin@ls04>
Subject: Job 14799222: <_adam_GraphConv_1e-4> in cluster <lila> Done

Job <_adam_GraphConv_1e-4> was submitted from host <lx04> by user <wangy1> in cluster <lila> at Fri Jun  5 10:53:52 2020
Job was executed on host(s) <12*ls04>, in queue <gpuqueue>, as user <wangy1> in cluster <lila> at Fri Jun  5 10:59:49 2020
</home/wangy1> was used as the home directory.
</data/chodera/wangyq/pinot/scripts/comparison> was used as the working directory.
Started at Fri Jun  5 10:59:49 2020
Terminated at Fri Jun  5 11:04:37 2020
Results reported at Fri Jun  5 11:04:37 2020

Your job looked like:

------------------------------------------------------------
# LSBATCH: User input
python ../../pinot/app/supervised_train.py --layer GraphConv --optimizer adam --lr 1e-4 --out _adam_GraphConv_1e-4 --n_epochs 1000
------------------------------------------------------------

Successfully completed.

Resource usage summary:

    CPU time :                                   283.19 sec.
    Max Memory :                                 1 GB
    Average Memory :                             0.95 GB
    Total Requested Memory :                     48.00 GB
    Delta Memory :                               47.00 GB
    Max Swap :                                   -
    Max Processes :                              3
    Max Threads :                                9
    Run time :                                   288 sec.
    Turnaround time :                            645 sec.

The output (if any) follows:



PS:

Read file <14799222.stderr> for stderr output of this job.

