Sender: LSF System <lsfadmin@ls15>
Subject: Job 14787432: <_sgld_SAGEConv_1e-6> in cluster <lila> Done

Job <_sgld_SAGEConv_1e-6> was submitted from host <lt21> by user <wangy1> in cluster <lila> at Mon Jun  1 23:09:58 2020
Job was executed on host(s) <12*ls15>, in queue <gpuqueue>, as user <wangy1> in cluster <lila> at Mon Jun  1 23:09:59 2020
</home/wangy1> was used as the home directory.
</data/chodera/wangyq/pinot/scripts/comparison> was used as the working directory.
Started at Mon Jun  1 23:09:59 2020
Terminated at Mon Jun  1 23:21:41 2020
Results reported at Mon Jun  1 23:21:41 2020

Your job looked like:

------------------------------------------------------------
# LSBATCH: User input
python ../../pinot/app/supervised_train.py --layer SAGEConv --optimizer sgld --lr 1e-6 --out _sgld_SAGEConv_1e-6 --n_epochs 1000
------------------------------------------------------------

Successfully completed.

Resource usage summary:

    CPU time :                                   2604.75 sec.
    Max Memory :                                 1 GB
    Average Memory :                             0.19 GB
    Total Requested Memory :                     48.00 GB
    Delta Memory :                               47.00 GB
    Max Swap :                                   -
    Max Processes :                              3
    Max Threads :                                36
    Run time :                                   700 sec.
    Turnaround time :                            703 sec.

The output (if any) follows:



PS:

Read file <14787432.stderr> for stderr output of this job.

