Sender: LSF System <lsfadmin@ls15>
Subject: Job 14787435: <_sgld_GraphConv_1e-6> in cluster <lila> Done

Job <_sgld_GraphConv_1e-6> was submitted from host <lt21> by user <wangy1> in cluster <lila> at Mon Jun  1 23:09:59 2020
Job was executed on host(s) <12*ls15>, in queue <gpuqueue>, as user <wangy1> in cluster <lila> at Mon Jun  1 23:10:05 2020
</home/wangy1> was used as the home directory.
</data/chodera/wangyq/pinot/scripts/comparison> was used as the working directory.
Started at Mon Jun  1 23:10:05 2020
Terminated at Mon Jun  1 23:18:57 2020
Results reported at Mon Jun  1 23:18:57 2020

Your job looked like:

------------------------------------------------------------
# LSBATCH: User input
python ../../pinot/app/supervised_train.py --layer GraphConv --optimizer sgld --lr 1e-6 --out _sgld_GraphConv_1e-6 --n_epochs 1000
------------------------------------------------------------

Successfully completed.

Resource usage summary:

    CPU time :                                   1435.48 sec.
    Max Memory :                                 -
    Average Memory :                             -
    Total Requested Memory :                     48.00 GB
    Delta Memory :                               -
    Max Swap :                                   -
    Max Processes :                              3
    Max Threads :                                36
    Run time :                                   537 sec.
    Turnaround time :                            538 sec.

The output (if any) follows:



PS:

Read file <14787435.stderr> for stderr output of this job.

