Sender: LSF System <lsfadmin@lt18>
Subject: Job 14799228: <_adam_SGConv_1e-4> in cluster <lila> Done

Job <_adam_SGConv_1e-4> was submitted from host <lx04> by user <wangy1> in cluster <lila> at Fri Jun  5 10:53:53 2020
Job was executed on host(s) <12*lt18>, in queue <gpuqueue>, as user <wangy1> in cluster <lila> at Fri Jun  5 11:04:20 2020
</home/wangy1> was used as the home directory.
</data/chodera/wangyq/pinot/scripts/comparison> was used as the working directory.
Started at Fri Jun  5 11:04:20 2020
Terminated at Fri Jun  5 11:09:22 2020
Results reported at Fri Jun  5 11:09:22 2020

Your job looked like:

------------------------------------------------------------
# LSBATCH: User input
python ../../pinot/app/supervised_train.py --layer SGConv --optimizer adam --lr 1e-4 --out _adam_SGConv_1e-4 --n_epochs 1000
------------------------------------------------------------

Successfully completed.

Resource usage summary:

    CPU time :                                   301.69 sec.
    Max Memory :                                 1 GB
    Average Memory :                             0.98 GB
    Total Requested Memory :                     48.00 GB
    Delta Memory :                               47.00 GB
    Max Swap :                                   -
    Max Processes :                              3
    Max Threads :                                9
    Run time :                                   303 sec.
    Turnaround time :                            929 sec.

The output (if any) follows:



PS:

Read file <14799228.stderr> for stderr output of this job.

