Sender: LSF System <lsfadmin@ls09>
Subject: Job 14837546: <_bbb_SGConv> in cluster <lila> Done

Job <_bbb_SGConv> was submitted from host <lt20> by user <wangy1> in cluster <lila> at Fri Jun 12 14:49:57 2020
Job was executed on host(s) <12*ls09>, in queue <gpuqueue>, as user <wangy1> in cluster <lila> at Fri Jun 12 14:49:58 2020
</home/wangy1> was used as the home directory.
</data/chodera/wangyq/pinot/scripts/comparison> was used as the working directory.
Started at Fri Jun 12 14:49:58 2020
Terminated at Fri Jun 12 15:25:49 2020
Results reported at Fri Jun 12 15:25:49 2020

Your job looked like:

------------------------------------------------------------
# LSBATCH: User input
python ../../pinot/app/train_old.py --layer SGConv --optimizer bbb --lr 1e-3 --out _bbb_SGConv --n_epochs 500 --config 32 tanh 32 tanh 32 tanh
------------------------------------------------------------

Successfully completed.

Resource usage summary:

    CPU time :                                   2376.16 sec.
    Max Memory :                                 2 GB
    Average Memory :                             1.38 GB
    Total Requested Memory :                     48.00 GB
    Delta Memory :                               46.00 GB
    Max Swap :                                   -
    Max Processes :                              3
    Max Threads :                                20
    Run time :                                   2153 sec.
    Turnaround time :                            2152 sec.

The output (if any) follows:



PS:

Read file <14837546.stderr> for stderr output of this job.

