Sender: LSF System <lsfadmin@ls11>
Subject: Job 14834384: <_bbb_SGConv> in cluster <lila> Done

Job <_bbb_SGConv> was submitted from host <ls02> by user <wangy1> in cluster <lila> at Thu Jun 11 17:02:41 2020
Job was executed on host(s) <12*ls11>, in queue <gpuqueue>, as user <wangy1> in cluster <lila> at Thu Jun 11 17:02:42 2020
</home/wangy1> was used as the home directory.
</data/chodera/wangyq/pinot/scripts/comparison> was used as the working directory.
Started at Thu Jun 11 17:02:42 2020
Terminated at Thu Jun 11 17:35:53 2020
Results reported at Thu Jun 11 17:35:53 2020

Your job looked like:

------------------------------------------------------------
# LSBATCH: User input
python ../../pinot/app/train_old.py --layer SGConv --optimizer bbb --lr 1e-3 --out _bbb_SGConv --n_epochs 500 --config 32 tanh 32 tanh 32 tanh
------------------------------------------------------------

Successfully completed.

Resource usage summary:

    CPU time :                                   2135.01 sec.
    Max Memory :                                 2 GB
    Average Memory :                             1.30 GB
    Total Requested Memory :                     48.00 GB
    Delta Memory :                               46.00 GB
    Max Swap :                                   -
    Max Processes :                              3
    Max Threads :                                21
    Run time :                                   1991 sec.
    Turnaround time :                            1992 sec.

The output (if any) follows:



PS:

Read file <14834384.stderr> for stderr output of this job.

