Sender: LSF System <lsfadmin@lt07>
Subject: Job 14837553: <_Adam_GINConv> in cluster <lila> Done

Job <_Adam_GINConv> was submitted from host <lt20> by user <wangy1> in cluster <lila> at Fri Jun 12 14:49:58 2020
Job was executed on host(s) <12*lt07>, in queue <gpuqueue>, as user <wangy1> in cluster <lila> at Fri Jun 12 14:49:58 2020
</home/wangy1> was used as the home directory.
</data/chodera/wangyq/pinot/scripts/comparison> was used as the working directory.
Started at Fri Jun 12 14:49:58 2020
Terminated at Fri Jun 12 14:52:51 2020
Results reported at Fri Jun 12 14:52:51 2020

Your job looked like:

------------------------------------------------------------
# LSBATCH: User input
python ../../pinot/app/train_old.py --layer GINConv --optimizer Adam --lr 1e-3 --out _Adam_GINConv --n_epochs 500 --config 32 tanh 32 tanh 32 tanh
------------------------------------------------------------

Successfully completed.

Resource usage summary:

    CPU time :                                   169.83 sec.
    Max Memory :                                 1 GB
    Average Memory :                             0.95 GB
    Total Requested Memory :                     48.00 GB
    Delta Memory :                               47.00 GB
    Max Swap :                                   -
    Max Processes :                              3
    Max Threads :                                9
    Run time :                                   172 sec.
    Turnaround time :                            173 sec.

The output (if any) follows:



PS:

Read file <14837553.stderr> for stderr output of this job.

