Sender: LSF System <lsfadmin@lg01>
Subject: Job 14799526: <_gp_adam_GraphConv_1e-4> in cluster <lila> Done

Job <_gp_adam_GraphConv_1e-4> was submitted from host <lx12> by user <wangy1> in cluster <lila> at Fri Jun  5 14:58:05 2020
Job was executed on host(s) <12*lg01>, in queue <gpuqueue>, as user <wangy1> in cluster <lila> at Fri Jun  5 14:59:42 2020
</home/wangy1> was used as the home directory.
</data/chodera/wangyq/pinot/scripts/gp_comparison> was used as the working directory.
Started at Fri Jun  5 14:59:42 2020
Terminated at Fri Jun  5 15:12:46 2020
Results reported at Fri Jun  5 15:12:46 2020

Your job looked like:

------------------------------------------------------------
# LSBATCH: User input
python ../../pinot/app/gp_train.py --layer GraphConv --optimizer adam --lr 1e-4 --out _gp_adam_GraphConv_1e-4 --n_epochs 1000
------------------------------------------------------------

Successfully completed.

Resource usage summary:

    CPU time :                                   1382.37 sec.
    Max Memory :                                 2 GB
    Average Memory :                             1.97 GB
    Total Requested Memory :                     48.00 GB
    Delta Memory :                               46.00 GB
    Max Swap :                                   -
    Max Processes :                              3
    Max Threads :                                20
    Run time :                                   784 sec.
    Turnaround time :                            881 sec.

The output (if any) follows:



PS:

Read file <14799526.stderr> for stderr output of this job.

