Sender: LSF System <lsfadmin@ls06>
Subject: Job 14807176: <_gp_Adam_EdgeConv_1e-3_-2> in cluster <lila> Done

Job <_gp_Adam_EdgeConv_1e-3_-2> was submitted from host <lx12> by user <wangy1> in cluster <lila> at Mon Jun  8 22:41:39 2020
Job was executed on host(s) <12*ls06>, in queue <gpuqueue>, as user <wangy1> in cluster <lila> at Mon Jun  8 22:41:39 2020
</home/wangy1> was used as the home directory.
</data/chodera/wangyq/pinot/scripts/gp_comparison> was used as the working directory.
Started at Mon Jun  8 22:41:39 2020
Terminated at Mon Jun  8 22:47:37 2020
Results reported at Mon Jun  8 22:47:37 2020

Your job looked like:

------------------------------------------------------------
# LSBATCH: User input
python ../../pinot/app/gp_train.py --layer EdgeConv --optimizer Adam --lr 1e-3 --out _gp_Adam_EdgeConv_1e-3_-2 --log_sigma -2 --n_epochs 1000
------------------------------------------------------------

Successfully completed.

Resource usage summary:

    CPU time :                                   962.47 sec.
    Max Memory :                                 1 GB
    Average Memory :                             0.94 GB
    Total Requested Memory :                     48.00 GB
    Delta Memory :                               47.00 GB
    Max Swap :                                   -
    Max Processes :                              3
    Max Threads :                                20
    Run time :                                   358 sec.
    Turnaround time :                            358 sec.

The output (if any) follows:

Parameter containing:
tensor(-2., device='cuda:0', requires_grad=True)
Parameter containing:
tensor(-1.9990, device='cuda:0', requires_grad=True)
Parameter containing:
tensor(-1.9980, device='cuda:0', requires_grad=True)
Parameter containing:
tensor(-1.9970, device='cuda:0', requires_grad=True)
Parameter containing:
tensor(-1.9961, device='cuda:0', requires_grad=True)
Parameter containing:
tensor(-1.9951, device='cuda:0', requires_grad=True)
Parameter containing:
tensor(-1.9942, device='cuda:0', requires_grad=True)
Parameter containing:
tensor(-1.9933, device='cuda:0', requires_grad=True)
Parameter containing:
tensor(-1.9923, device='cuda:0', requires_grad=True)
Parameter containing:
tensor(-1.9914, device='cuda:0', requires_grad=True)
Parameter containing:
tensor(-1.9905, device='cuda:0', requires_grad=True)
Parameter containing:
tensor(-1.9897, device='cuda:0', requires_grad=True)
Parameter containing:
tensor(-1.9888, device='cuda:0', requires_grad=True)
Parameter containing:
tensor(-1.9879, device='cuda:0', requires_grad=True)
Parameter containing:
tensor(-1.9870, device='cuda:0', requires_grad=True)
Parameter containing:
tensor(-1.9862, device='cuda:0', requires_grad=True)
Parameter containing:
tensor(-1.9853, device='cuda:0', requires_grad=True)
Parameter containing:
tensor(-1.9845, device='cuda:0', requires_grad=True)
Parameter containing:
tensor(-1.9836, device='cuda:0', requires_grad=True)
Parameter containing:
tensor(-1.9828, device='cuda:0', requires_grad=True)
Parameter containing:
tensor(-1.9820, device='cuda:0', requires_grad=True)
Parameter containing:
tensor(-1.9812, device='cuda:0', requires_grad=True)
Parameter containing:
tensor(-1.9804, device='cuda:0', requires_grad=True)
Parameter containing:
tensor(-1.9796, device='cuda:0', requires_grad=True)
Parameter containing:
tensor(-1.9788, device='cuda:0', requires_grad=True)
Parameter containing:
tensor(-1.9780, device='cuda:0', requires_grad=True)
Parameter containing:
tensor(-1.9771, device='cuda:0', requires_grad=True)
Parameter containing:
tensor(-1.9763, device='cuda:0', requires_grad=True)
Parameter containing:
tensor(-1.9754, device='cuda:0', requires_grad=True)
Parameter containing:
tensor(-1.9746, device='cuda:0', requires_grad=True)
Parameter containing:
tensor(-1.9737, device='cuda:0', requires_grad=True)
Parameter containing:
tensor(-1.9728, device='cuda:0', requires_grad=True)
Parameter containing:
tensor(-1.9719, device='cuda:0', requires_grad=True)
Parameter containing:
tensor(-1.9710, device='cuda:0', requires_grad=True)
Parameter containing:
tensor(-1.9701, device='cuda:0', requires_grad=True)
Parameter containing:
tensor(-1.9691, device='cuda:0', requires_grad=True)
Parameter containing:
tensor(-1.9682, device='cuda:0', requires_grad=True)
Parameter containing:
tensor(-1.9673, device='cuda:0', requires_grad=True)
Parameter containing:
tensor(-1.9664, device='cuda:0', requires_grad=True)
Parameter containing:
tensor(-1.9655, device='cuda:0', requires_grad=True)
Parameter containing:
tensor(-1.9646, device='cuda:0', requires_grad=True)
Parameter containing:
tensor(-1.9637, device='cuda:0', requires_grad=True)
Parameter containing:
tensor(-1.9628, device='cuda:0', requires_grad=True)
Parameter containing:
tensor(-1.9619, device='cuda:0', requires_grad=True)
Parameter containing:
tensor(-1.9611, device='cuda:0', requires_grad=True)
Parameter containing:
tensor(-1.9602, device='cuda:0', requires_grad=True)
Parameter containing:
tensor(-1.9593, device='cuda:0', requires_grad=True)
Parameter containing:
tensor(-1.9585, device='cuda:0', requires_grad=True)
Parameter containing:
tensor(-1.9576, device='cuda:0', requires_grad=True)
Parameter containing:
tensor(-1.9568, device='cuda:0', requires_grad=True)
Parameter containing:
tensor(-1.9559, device='cuda:0', requires_grad=True)
Parameter containing:
tensor(-1.9550, device='cuda:0', requires_grad=True)
Parameter containing:
tensor(-1.9541, device='cuda:0', requires_grad=True)
Parameter containing:
tensor(-1.9532, device='cuda:0', requires_grad=True)
Parameter containing:
tensor(-1.9523, device='cuda:0', requires_grad=True)
Parameter containing:
tensor(-1.9514, device='cuda:0', requires_grad=True)
Parameter containing:
tensor(-1.9505, device='cuda:0', requires_grad=True)
Parameter containing:
tensor(-1.9496, device='cuda:0', requires_grad=True)
Parameter containing:
tensor(-1.9487, device='cuda:0', requires_grad=True)
Parameter containing:
tensor(-1.9478, device='cuda:0', requires_grad=True)
Parameter containing:
tensor(-1.9470, device='cuda:0', requires_grad=True)
Parameter containing:
tensor(-1.9461, device='cuda:0', requires_grad=True)
Parameter containing:
tensor(-1.9453, device='cuda:0', requires_grad=True)
Parameter containing:
tensor(-1.9445, device='cuda:0', requires_grad=True)
Parameter containing:
tensor(-1.9437, device='cuda:0', requires_grad=True)
Parameter containing:
tensor(-1.9429, device='cuda:0', requires_grad=True)
Parameter containing:
tensor(-1.9421, device='cuda:0', requires_grad=True)
Parameter containing:
tensor(-1.9414, device='cuda:0', requires_grad=True)
Parameter containing:
tensor(-1.9407, device='cuda:0', requires_grad=True)
Parameter containing:
tensor(-1.9399, device='cuda:0', requires_grad=True)
Parameter containing:
tensor(-1.9392, device='cuda:0', requires_grad=True)
Parameter containing:
tensor(-1.9385, device='cuda:0', requires_grad=True)
Parameter containing:
tensor(-1.9377, device='cuda:0', requires_grad=True)
Parameter containing:
tensor(-1.9370, device='cuda:0', requires_grad=True)
Parameter containing:
tensor(-1.9363, device='cuda:0', requires_grad=True)
Parameter containing:
tensor(-1.9355, device='cuda:0', requires_grad=True)
Parameter containing:
tensor(-1.9348, device='cuda:0', requires_grad=True)
Parameter containing:
tensor(-1.9341, device='cuda:0', requires_grad=True)
Parameter containing:
tensor(-1.9333, device='cuda:0', requires_grad=True)
Parameter containing:
tensor(-1.9326, device='cuda:0', requires_grad=True)
Parameter containing:
tensor(-1.9319, device='cuda:0', requires_grad=True)
Parameter containing:
tensor(-1.9312, device='cuda:0', requires_grad=True)
Parameter containing:
tensor(-1.9305, device='cuda:0', requires_grad=True)
Parameter containing:
tensor(-1.9298, device='cuda:0', requires_grad=True)
Parameter containing:
tensor(-1.9290, device='cuda:0', requires_grad=True)
Parameter containing:
tensor(-1.9283, device='cuda:0', requires_grad=True)
Parameter containing:
tensor(-1.9276, device='cuda:0', requires_grad=True)
Parameter containing:
tensor(-1.9269, device='cuda:0', requires_grad=True)
Parameter containing:
tensor(-1.9262, device='cuda:0', requires_grad=True)
Parameter containing:
tensor(-1.9255, device='cuda:0', requires_grad=True)
Parameter containing:
tensor(-1.9248, device='cuda:0', requires_grad=True)
Parameter containing:
tensor(-1.9241, device='cuda:0', requires_grad=True)
Parameter containing:
tensor(-1.9234, device='cuda:0', requires_grad=True)
Parameter containing:
tensor(-1.9228, device='cuda:0', requires_grad=True)
Parameter containing:
tensor(-1.9221, device='cuda:0', requires_grad=True)
Parameter containing:
tensor(-1.9215, device='cuda:0', requires_grad=True)
Parameter containing:
tensor(-1.9208, device='cuda:0', requires_grad=True)
Parameter containing:
tensor(-1.9202, device='cuda:0', requires_grad=True)
Parameter containing:
tensor(-1.9196, device='cuda:0', requires_grad=True)
Parameter containing:
tensor(-1.9191, device='cuda:0', requires_grad=True)
Parameter containing:
tensor(-1.9185, device='cuda:0', requires_grad=True)
Parameter containing:
tensor(-1.9180, device='cuda:0', requires_grad=True)
Parameter containing:
tensor(-1.9175, device='cuda:0', requires_grad=True)
Parameter containing:
tensor(-1.9170, device='cuda:0', requires_grad=True)
Parameter containing:
tensor(-1.9165, device='cuda:0', requires_grad=True)
Parameter containing:
tensor(-1.9160, device='cuda:0', requires_grad=True)
Parameter containing:
tensor(-1.9155, device='cuda:0', requires_grad=True)
Parameter containing:
tensor(-1.9150, device='cuda:0', requires_grad=True)
Parameter containing:
tensor(-1.9145, device='cuda:0', requires_grad=True)
Parameter containing:
tensor(-1.9140, device='cuda:0', requires_grad=True)
Parameter containing:
tensor(-1.9135, device='cuda:0', requires_grad=True)
Parameter containing:
tensor(-1.9129, device='cuda:0', requires_grad=True)
Parameter containing:
tensor(-1.9123, device='cuda:0', requires_grad=True)
Parameter containing:
tensor(-1.9117, device='cuda:0', requires_grad=True)
Parameter containing:
tensor(-1.9110, device='cuda:0', requires_grad=True)
Parameter containing:
tensor(-1.9103, device='cuda:0', requires_grad=True)
Parameter containing:
tensor(-1.9095, device='cuda:0', requires_grad=True)
Parameter containing:
tensor(-1.9087, device='cuda:0', requires_grad=True)
Parameter containing:
tensor(-1.9079, device='cuda:0', requires_grad=True)
Parameter containing:
tensor(-1.9071, device='cuda:0', requires_grad=True)
Parameter containing:
tensor(-1.9062, device='cuda:0', requires_grad=True)
Parameter containing:
tensor(-1.9053, device='cuda:0', requires_grad=True)
Parameter containing:
tensor(-1.9044, device='cuda:0', requires_grad=True)
Parameter containing:
tensor(-1.9034, device='cuda:0', requires_grad=True)
Parameter containing:
tensor(-1.9025, device='cuda:0', requires_grad=True)
Parameter containing:
tensor(-1.9015, device='cuda:0', requires_grad=True)
Parameter containing:
tensor(-1.9005, device='cuda:0', requires_grad=True)
Parameter containing:
tensor(-1.8995, device='cuda:0', requires_grad=True)
Parameter containing:
tensor(-1.8985, device='cuda:0', requires_grad=True)
Parameter containing:
tensor(-1.8975, device='cuda:0', requires_grad=True)
Parameter containing:
tensor(-1.8965, device='cuda:0', requires_grad=True)
Parameter containing:
tensor(-1.8955, device='cuda:0', requires_grad=True)
Parameter containing:
tensor(-1.8946, device='cuda:0', requires_grad=True)
Parameter containing:
tensor(-1.8937, device='cuda:0', requires_grad=True)
Parameter containing:
tensor(-1.8928, device='cuda:0', requires_grad=True)
Parameter containing:
tensor(-1.8920, device='cuda:0', requires_grad=True)
Parameter containing:
tensor(-1.8911, device='cuda:0', requires_grad=True)
Parameter containing:
tensor(-1.8904, device='cuda:0', requires_grad=True)
Parameter containing:
tensor(-1.8896, device='cuda:0', requires_grad=True)
Parameter containing:
tensor(-1.8889, device='cuda:0', requires_grad=True)
Parameter containing:
tensor(-1.8883, device='cuda:0', requires_grad=True)
Parameter containing:
tensor(-1.8877, device='cuda:0', requires_grad=True)
Parameter containing:
tensor(-1.8871, device='cuda:0', requires_grad=True)
Parameter containing:
tensor(-1.8866, device='cuda:0', requires_grad=True)
Parameter containing:
tensor(-1.8860, device='cuda:0', requires_grad=True)
Parameter containing:
tensor(-1.8856, device='cuda:0', requires_grad=True)
Parameter containing:
tensor(-1.8851, device='cuda:0', requires_grad=True)
Parameter containing:
tensor(-1.8846, device='cuda:0', requires_grad=True)
Parameter containing:
tensor(-1.8841, device='cuda:0', requires_grad=True)
Parameter containing:
tensor(-1.8836, device='cuda:0', requires_grad=True)
Parameter containing:
tensor(-1.8831, device='cuda:0', requires_grad=True)
Parameter containing:
tensor(-1.8825, device='cuda:0', requires_grad=True)
Parameter containing:
tensor(-1.8819, device='cuda:0', requires_grad=True)
Parameter containing:
tensor(-1.8812, device='cuda:0', requires_grad=True)
Parameter containing:
tensor(-1.8805, device='cuda:0', requires_grad=True)
Parameter containing:
tensor(-1.8798, device='cuda:0', requires_grad=True)
Parameter containing:
tensor(-1.8791, device='cuda:0', requires_grad=True)
Parameter containing:
tensor(-1.8783, device='cuda:0', requires_grad=True)
Parameter containing:
tensor(-1.8775, device='cuda:0', requires_grad=True)
Parameter containing:
tensor(-1.8767, device='cuda:0', requires_grad=True)
Parameter containing:
tensor(-1.8759, device='cuda:0', requires_grad=True)
Parameter containing:
tensor(-1.8751, device='cuda:0', requires_grad=True)
Parameter containing:
tensor(-1.8743, device='cuda:0', requires_grad=True)
Parameter containing:
tensor(-1.8735, device='cuda:0', requires_grad=True)
Parameter containing:
tensor(-1.8727, device='cuda:0', requires_grad=True)
Parameter containing:
tensor(-1.8720, device='cuda:0', requires_grad=True)
Parameter containing:
tensor(-1.8712, device='cuda:0', requires_grad=True)
Parameter containing:
tensor(-1.8704, device='cuda:0', requires_grad=True)
Parameter containing:
tensor(-1.8697, device='cuda:0', requires_grad=True)
Parameter containing:
tensor(-1.8690, device='cuda:0', requires_grad=True)
Parameter containing:
tensor(-1.8683, device='cuda:0', requires_grad=True)
Parameter containing:
tensor(-1.8676, device='cuda:0', requires_grad=True)
Parameter containing:
tensor(-1.8670, device='cuda:0', requires_grad=True)
Parameter containing:
tensor(-1.8664, device='cuda:0', requires_grad=True)
Parameter containing:
tensor(-1.8658, device='cuda:0', requires_grad=True)
Parameter containing:
tensor(-1.8653, device='cuda:0', requires_grad=True)
Parameter containing:
tensor(-1.8649, device='cuda:0', requires_grad=True)
Parameter containing:
tensor(-1.8644, device='cuda:0', requires_grad=True)
Parameter containing:
tensor(-1.8640, device='cuda:0', requires_grad=True)
Parameter containing:
tensor(-1.8637, device='cuda:0', requires_grad=True)
Parameter containing:
tensor(-1.8633, device='cuda:0', requires_grad=True)
Parameter containing:
tensor(-1.8630, device='cuda:0', requires_grad=True)
Parameter containing:
tensor(-1.8626, device='cuda:0', requires_grad=True)
Parameter containing:
tensor(-1.8623, device='cuda:0', requires_grad=True)
Parameter containing:
tensor(-1.8620, device='cuda:0', requires_grad=True)
Parameter containing:
tensor(-1.8618, device='cuda:0', requires_grad=True)
Parameter containing:
tensor(-1.8615, device='cuda:0', requires_grad=True)
Parameter containing:
tensor(-1.8613, device='cuda:0', requires_grad=True)
Parameter containing:
tensor(-1.8611, device='cuda:0', requires_grad=True)
Parameter containing:
tensor(-1.8609, device='cuda:0', requires_grad=True)
Parameter containing:
tensor(-1.8608, device='cuda:0', requires_grad=True)
Parameter containing:
tensor(-1.8606, device='cuda:0', requires_grad=True)
Parameter containing:
tensor(-1.8605, device='cuda:0', requires_grad=True)
Parameter containing:
tensor(-1.8604, device='cuda:0', requires_grad=True)
Parameter containing:
tensor(-1.8603, device='cuda:0', requires_grad=True)
Parameter containing:
tensor(-1.8602, device='cuda:0', requires_grad=True)
Parameter containing:
tensor(-1.8601, device='cuda:0', requires_grad=True)
Parameter containing:
tensor(-1.8600, device='cuda:0', requires_grad=True)
Parameter containing:
tensor(-1.8599, device='cuda:0', requires_grad=True)
Parameter containing:
tensor(-1.8599, device='cuda:0', requires_grad=True)
Parameter containing:
tensor(-1.8598, device='cuda:0', requires_grad=True)
Parameter containing:
tensor(-1.8597, device='cuda:0', requires_grad=True)
Parameter containing:
tensor(-1.8596, device='cuda:0', requires_grad=True)
Parameter containing:
tensor(-1.8595, device='cuda:0', requires_grad=True)
Parameter containing:
tensor(-1.8593, device='cuda:0', requires_grad=True)
Parameter containing:
tensor(-1.8592, device='cuda:0', requires_grad=True)
Parameter containing:
tensor(-1.8591, device='cuda:0', requires_grad=True)
Parameter containing:
tensor(-1.8589, device='cuda:0', requires_grad=True)
Parameter containing:
tensor(-1.8588, device='cuda:0', requires_grad=True)
Parameter containing:
tensor(-1.8586, device='cuda:0', requires_grad=True)
Parameter containing:
tensor(-1.8585, device='cuda:0', requires_grad=True)
Parameter containing:
tensor(-1.8584, device='cuda:0', requires_grad=True)
Parameter containing:
tensor(-1.8582, device='cuda:0', requires_grad=True)
Parameter containing:
tensor(-1.8581, device='cuda:0', requires_grad=True)
Parameter containing:
tensor(-1.8580, device='cuda:0', requires_grad=True)
Parameter containing:
tensor(-1.8579, device='cuda:0', requires_grad=True)
Parameter containing:
tensor(-1.8579, device='cuda:0', requires_grad=True)
Parameter containing:
tensor(-1.8578, device='cuda:0', requires_grad=True)
Parameter containing:
tensor(-1.8578, device='cuda:0', requires_grad=True)
Parameter containing:
tensor(-1.8578, device='cuda:0', requires_grad=True)
Parameter containing:
tensor(-1.8578, device='cuda:0', requires_grad=True)
Parameter containing:
tensor(-1.8578, device='cuda:0', requires_grad=True)
Parameter containing:
tensor(-1.8578, device='cuda:0', requires_grad=True)
Parameter containing:
tensor(-1.8578, device='cuda:0', requires_grad=True)
Parameter containing:
tensor(-1.8579, device='cuda:0', requires_grad=True)
Parameter containing:
tensor(-1.8579, device='cuda:0', requires_grad=True)
Parameter containing:
tensor(-1.8580, device='cuda:0', requires_grad=True)
Parameter containing:
tensor(-1.8581, device='cuda:0', requires_grad=True)
Parameter containing:
tensor(-1.8582, device='cuda:0', requires_grad=True)
Parameter containing:
tensor(-1.8583, device='cuda:0', requires_grad=True)
Parameter containing:
tensor(-1.8584, device='cuda:0', requires_grad=True)
Parameter containing:
tensor(-1.8586, device='cuda:0', requires_grad=True)
Parameter containing:
tensor(-1.8587, device='cuda:0', requires_grad=True)
Parameter containing:
tensor(-1.8589, device='cuda:0', requires_grad=True)
Parameter containing:
tensor(-1.8590, device='cuda:0', requires_grad=True)
Parameter containing:
tensor(-1.8592, device='cuda:0', requires_grad=True)
Parameter containing:
tensor(-1.8594, device='cuda:0', requires_grad=True)
Parameter containing:
tensor(-1.8596, device='cuda:0', requires_grad=True)
Parameter containing:
tensor(-1.8598, device='cuda:0', requires_grad=True)
Parameter containing:
tensor(-1.8600, device='cuda:0', requires_grad=True)
Parameter containing:
tensor(-1.8602, device='cuda:0', requires_grad=True)
Parameter containing:
tensor(-1.8604, device='cuda:0', requires_grad=True)
Parameter containing:
tensor(-1.8606, device='cuda:0', requires_grad=True)
Parameter containing:
tensor(-1.8609, device='cuda:0', requires_grad=True)
Parameter containing:
tensor(-1.8612, device='cuda:0', requires_grad=True)
Parameter containing:
tensor(-1.8614, device='cuda:0', requires_grad=True)
Parameter containing:
tensor(-1.8617, device='cuda:0', requires_grad=True)
Parameter containing:
tensor(-1.8620, device='cuda:0', requires_grad=True)
Parameter containing:
tensor(-1.8623, device='cuda:0', requires_grad=True)
Parameter containing:
tensor(-1.8627, device='cuda:0', requires_grad=True)
Parameter containing:
tensor(-1.8630, device='cuda:0', requires_grad=True)
Parameter containing:
tensor(-1.8634, device='cuda:0', requires_grad=True)
Parameter containing:
tensor(-1.8638, device='cuda:0', requires_grad=True)
Parameter containing:
tensor(-1.8642, device='cuda:0', requires_grad=True)
Parameter containing:
tensor(-1.8647, device='cuda:0', requires_grad=True)
Parameter containing:
tensor(-1.8651, device='cuda:0', requires_grad=True)
Parameter containing:
tensor(-1.8656, device='cuda:0', requires_grad=True)
Parameter containing:
tensor(-1.8661, device='cuda:0', requires_grad=True)
Parameter containing:
tensor(-1.8666, device='cuda:0', requires_grad=True)
Parameter containing:
tensor(-1.8672, device='cuda:0', requires_grad=True)
Parameter containing:
tensor(-1.8677, device='cuda:0', requires_grad=True)
Parameter containing:
tensor(-1.8683, device='cuda:0', requires_grad=True)
Parameter containing:
tensor(-1.8689, device='cuda:0', requires_grad=True)
Parameter containing:
tensor(-1.8695, device='cuda:0', requires_grad=True)
Parameter containing:
tensor(-1.8701, device='cuda:0', requires_grad=True)
Parameter containing:
tensor(-1.8707, device='cuda:0', requires_grad=True)
Parameter containing:
tensor(-1.8714, device='cuda:0', requires_grad=True)
Parameter containing:
tensor(-1.8720, device='cuda:0', requires_grad=True)
Parameter containing:
tensor(-1.8727, device='cuda:0', requires_grad=True)
Parameter containing:
tensor(-1.8733, device='cuda:0', requires_grad=True)
Parameter containing:
tensor(-1.8740, device='cuda:0', requires_grad=True)
Parameter containing:
tensor(-1.8747, device='cuda:0', requires_grad=True)
Parameter containing:
tensor(-1.8753, device='cuda:0', requires_grad=True)
Parameter containing:
tensor(-1.8760, device='cuda:0', requires_grad=True)
Parameter containing:
tensor(-1.8766, device='cuda:0', requires_grad=True)
Parameter containing:
tensor(-1.8772, device='cuda:0', requires_grad=True)
Parameter containing:
tensor(-1.8778, device='cuda:0', requires_grad=True)
Parameter containing:
tensor(-1.8784, device='cuda:0', requires_grad=True)
Parameter containing:
tensor(-1.8790, device='cuda:0', requires_grad=True)
Parameter containing:
tensor(-1.8796, device='cuda:0', requires_grad=True)
Parameter containing:
tensor(-1.8801, device='cuda:0', requires_grad=True)
Parameter containing:
tensor(-1.8807, device='cuda:0', requires_grad=True)
Parameter containing:
tensor(-1.8813, device='cuda:0', requires_grad=True)
Parameter containing:
tensor(-1.8819, device='cuda:0', requires_grad=True)
Parameter containing:
tensor(-1.8825, device='cuda:0', requires_grad=True)
Parameter containing:
tensor(-1.8831, device='cuda:0', requires_grad=True)
Parameter containing:
tensor(-1.8837, device='cuda:0', requires_grad=True)
Parameter containing:
tensor(-1.8844, device='cuda:0', requires_grad=True)
Parameter containing:
tensor(-1.8850, device='cuda:0', requires_grad=True)
Parameter containing:
tensor(-1.8856, device='cuda:0', requires_grad=True)
Parameter containing:
tensor(-1.8863, device='cuda:0', requires_grad=True)
Parameter containing:
tensor(-1.8869, device='cuda:0', requires_grad=True)
Parameter containing:
tensor(-1.8875, device='cuda:0', requires_grad=True)
Parameter containing:
tensor(-1.8881, device='cuda:0', requires_grad=True)
Parameter containing:
tensor(-1.8887, device='cuda:0', requires_grad=True)
Parameter containing:
tensor(-1.8893, device='cuda:0', requires_grad=True)
Parameter containing:
tensor(-1.8899, device='cuda:0', requires_grad=True)
Parameter containing:
tensor(-1.8904, device='cuda:0', requires_grad=True)
Parameter containing:
tensor(-1.8910, device='cuda:0', requires_grad=True)
Parameter containing:
tensor(-1.8916, device='cuda:0', requires_grad=True)
Parameter containing:
tensor(-1.8922, device='cuda:0', requires_grad=True)
Parameter containing:
tensor(-1.8927, device='cuda:0', requires_grad=True)
Parameter containing:
tensor(-1.8933, device='cuda:0', requires_grad=True)
Parameter containing:
tensor(-1.8940, device='cuda:0', requires_grad=True)
Parameter containing:
tensor(-1.8946, device='cuda:0', requires_grad=True)
Parameter containing:
tensor(-1.8953, device='cuda:0', requires_grad=True)
Parameter containing:
tensor(-1.8960, device='cuda:0', requires_grad=True)
Parameter containing:
tensor(-1.8967, device='cuda:0', requires_grad=True)
Parameter containing:
tensor(-1.8974, device='cuda:0', requires_grad=True)
Parameter containing:
tensor(-1.8981, device='cuda:0', requires_grad=True)
Parameter containing:
tensor(-1.8988, device='cuda:0', requires_grad=True)
Parameter containing:
tensor(-1.8996, device='cuda:0', requires_grad=True)
Parameter containing:
tensor(-1.9004, device='cuda:0', requires_grad=True)
Parameter containing:
tensor(-1.9011, device='cuda:0', requires_grad=True)
Parameter containing:
tensor(-1.9019, device='cuda:0', requires_grad=True)
Parameter containing:
tensor(-1.9027, device='cuda:0', requires_grad=True)
Parameter containing:
tensor(-1.9035, device='cuda:0', requires_grad=True)
Parameter containing:
tensor(-1.9043, device='cuda:0', requires_grad=True)
Parameter containing:
tensor(-1.9051, device='cuda:0', requires_grad=True)
Parameter containing:
tensor(-1.9059, device='cuda:0', requires_grad=True)
Parameter containing:
tensor(-1.9067, device='cuda:0', requires_grad=True)
Parameter containing:
tensor(-1.9075, device='cuda:0', requires_grad=True)
Parameter containing:
tensor(-1.9083, device='cuda:0', requires_grad=True)
Parameter containing:
tensor(-1.9092, device='cuda:0', requires_grad=True)
Parameter containing:
tensor(-1.9100, device='cuda:0', requires_grad=True)
Parameter containing:
tensor(-1.9109, device='cuda:0', requires_grad=True)
Parameter containing:
tensor(-1.9117, device='cuda:0', requires_grad=True)
Parameter containing:
tensor(-1.9126, device='cuda:0', requires_grad=True)
Parameter containing:
tensor(-1.9135, device='cuda:0', requires_grad=True)
Parameter containing:
tensor(-1.9143, device='cuda:0', requires_grad=True)
Parameter containing:
tensor(-1.9152, device='cuda:0', requires_grad=True)
Parameter containing:
tensor(-1.9161, device='cuda:0', requires_grad=True)
Parameter containing:
tensor(-1.9170, device='cuda:0', requires_grad=True)
Parameter containing:
tensor(-1.9180, device='cuda:0', requires_grad=True)
Parameter containing:
tensor(-1.9189, device='cuda:0', requires_grad=True)
Parameter containing:
tensor(-1.9198, device='cuda:0', requires_grad=True)
Parameter containing:
tensor(-1.9208, device='cuda:0', requires_grad=True)
Parameter containing:
tensor(-1.9217, device='cuda:0', requires_grad=True)
Parameter containing:
tensor(-1.9227, device='cuda:0', requires_grad=True)
Parameter containing:
tensor(-1.9237, device='cuda:0', requires_grad=True)
Parameter containing:
tensor(-1.9247, device='cuda:0', requires_grad=True)
Parameter containing:
tensor(-1.9257, device='cuda:0', requires_grad=True)
Parameter containing:
tensor(-1.9267, device='cuda:0', requires_grad=True)
Parameter containing:
tensor(-1.9277, device='cuda:0', requires_grad=True)
Parameter containing:
tensor(-1.9287, device='cuda:0', requires_grad=True)
Parameter containing:
tensor(-1.9298, device='cuda:0', requires_grad=True)
Parameter containing:
tensor(-1.9308, device='cuda:0', requires_grad=True)
Parameter containing:
tensor(-1.9319, device='cuda:0', requires_grad=True)
Parameter containing:
tensor(-1.9330, device='cuda:0', requires_grad=True)
Parameter containing:
tensor(-1.9340, device='cuda:0', requires_grad=True)
Parameter containing:
tensor(-1.9351, device='cuda:0', requires_grad=True)
Parameter containing:
tensor(-1.9362, device='cuda:0', requires_grad=True)
Parameter containing:
tensor(-1.9373, device='cuda:0', requires_grad=True)
Parameter containing:
tensor(-1.9384, device='cuda:0', requires_grad=True)
Parameter containing:
tensor(-1.9395, device='cuda:0', requires_grad=True)
Parameter containing:
tensor(-1.9406, device='cuda:0', requires_grad=True)
Parameter containing:
tensor(-1.9417, device='cuda:0', requires_grad=True)
Parameter containing:
tensor(-1.9428, device='cuda:0', requires_grad=True)
Parameter containing:
tensor(-1.9439, device='cuda:0', requires_grad=True)
Parameter containing:
tensor(-1.9450, device='cuda:0', requires_grad=True)
Parameter containing:
tensor(-1.9461, device='cuda:0', requires_grad=True)
Parameter containing:
tensor(-1.9473, device='cuda:0', requires_grad=True)
Parameter containing:
tensor(-1.9484, device='cuda:0', requires_grad=True)
Parameter containing:
tensor(-1.9495, device='cuda:0', requires_grad=True)
Parameter containing:
tensor(-1.9506, device='cuda:0', requires_grad=True)
Parameter containing:
tensor(-1.9517, device='cuda:0', requires_grad=True)
Parameter containing:
tensor(-1.9528, device='cuda:0', requires_grad=True)
Parameter containing:
tensor(-1.9540, device='cuda:0', requires_grad=True)
Parameter containing:
tensor(-1.9551, device='cuda:0', requires_grad=True)
Parameter containing:
tensor(-1.9562, device='cuda:0', requires_grad=True)
Parameter containing:
tensor(-1.9574, device='cuda:0', requires_grad=True)
Parameter containing:
tensor(-1.9585, device='cuda:0', requires_grad=True)
Parameter containing:
tensor(-1.9596, device='cuda:0', requires_grad=True)
Parameter containing:
tensor(-1.9608, device='cuda:0', requires_grad=True)
Parameter containing:
tensor(-1.9619, device='cuda:0', requires_grad=True)
Parameter containing:
tensor(-1.9631, device='cuda:0', requires_grad=True)
Parameter containing:
tensor(-1.9642, device='cuda:0', requires_grad=True)
Parameter containing:
tensor(-1.9654, device='cuda:0', requires_grad=True)
Parameter containing:
tensor(-1.9665, device='cuda:0', requires_grad=True)
Parameter containing:
tensor(-1.9677, device='cuda:0', requires_grad=True)
Parameter containing:
tensor(-1.9688, device='cuda:0', requires_grad=True)
Parameter containing:
tensor(-1.9700, device='cuda:0', requires_grad=True)
Parameter containing:
tensor(-1.9711, device='cuda:0', requires_grad=True)
Parameter containing:
tensor(-1.9723, device='cuda:0', requires_grad=True)
Parameter containing:
tensor(-1.9735, device='cuda:0', requires_grad=True)
Parameter containing:
tensor(-1.9747, device='cuda:0', requires_grad=True)
Parameter containing:
tensor(-1.9758, device='cuda:0', requires_grad=True)
Parameter containing:
tensor(-1.9770, device='cuda:0', requires_grad=True)
Parameter containing:
tensor(-1.9782, device='cuda:0', requires_grad=True)
Parameter containing:
tensor(-1.9794, device='cuda:0', requires_grad=True)
Parameter containing:
tensor(-1.9806, device='cuda:0', requires_grad=True)
Parameter containing:
tensor(-1.9818, device='cuda:0', requires_grad=True)
Parameter containing:
tensor(-1.9829, device='cuda:0', requires_grad=True)
Parameter containing:
tensor(-1.9841, device='cuda:0', requires_grad=True)
Parameter containing:
tensor(-1.9853, device='cuda:0', requires_grad=True)
Parameter containing:
tensor(-1.9865, device='cuda:0', requires_grad=True)
Parameter containing:
tensor(-1.9877, device='cuda:0', requires_grad=True)
Parameter containing:
tensor(-1.9889, device='cuda:0', requires_grad=True)
Parameter containing:
tensor(-1.9901, device='cuda:0', requires_grad=True)
Parameter containing:
tensor(-1.9912, device='cuda:0', requires_grad=True)
Parameter containing:
tensor(-1.9924, device='cuda:0', requires_grad=True)
Parameter containing:
tensor(-1.9936, device='cuda:0', requires_grad=True)
Parameter containing:
tensor(-1.9948, device='cuda:0', requires_grad=True)
Parameter containing:
tensor(-1.9960, device='cuda:0', requires_grad=True)
Parameter containing:
tensor(-1.9972, device='cuda:0', requires_grad=True)
Parameter containing:
tensor(-1.9984, device='cuda:0', requires_grad=True)
Parameter containing:
tensor(-1.9996, device='cuda:0', requires_grad=True)
Parameter containing:
tensor(-2.0007, device='cuda:0', requires_grad=True)
Parameter containing:
tensor(-2.0019, device='cuda:0', requires_grad=True)
Parameter containing:
tensor(-2.0031, device='cuda:0', requires_grad=True)
Parameter containing:
tensor(-2.0043, device='cuda:0', requires_grad=True)
Parameter containing:
tensor(-2.0055, device='cuda:0', requires_grad=True)
Parameter containing:
tensor(-2.0067, device='cuda:0', requires_grad=True)
Parameter containing:
tensor(-2.0079, device='cuda:0', requires_grad=True)
Parameter containing:
tensor(-2.0090, device='cuda:0', requires_grad=True)
Parameter containing:
tensor(-2.0102, device='cuda:0', requires_grad=True)
Parameter containing:
tensor(-2.0114, device='cuda:0', requires_grad=True)
Parameter containing:
tensor(-2.0126, device='cuda:0', requires_grad=True)
Parameter containing:
tensor(-2.0137, device='cuda:0', requires_grad=True)
Parameter containing:
tensor(-2.0149, device='cuda:0', requires_grad=True)
Parameter containing:
tensor(-2.0160, device='cuda:0', requires_grad=True)
Parameter containing:
tensor(-2.0172, device='cuda:0', requires_grad=True)
Parameter containing:
tensor(-2.0184, device='cuda:0', requires_grad=True)
Parameter containing:
tensor(-2.0195, device='cuda:0', requires_grad=True)
Parameter containing:
tensor(-2.0207, device='cuda:0', requires_grad=True)
Parameter containing:
tensor(-2.0218, device='cuda:0', requires_grad=True)
Parameter containing:
tensor(-2.0230, device='cuda:0', requires_grad=True)
Parameter containing:
tensor(-2.0241, device='cuda:0', requires_grad=True)
Parameter containing:
tensor(-2.0252, device='cuda:0', requires_grad=True)
Parameter containing:
tensor(-2.0264, device='cuda:0', requires_grad=True)
Parameter containing:
tensor(-2.0275, device='cuda:0', requires_grad=True)
Parameter containing:
tensor(-2.0286, device='cuda:0', requires_grad=True)
Parameter containing:
tensor(-2.0297, device='cuda:0', requires_grad=True)
Parameter containing:
tensor(-2.0309, device='cuda:0', requires_grad=True)
Parameter containing:
tensor(-2.0320, device='cuda:0', requires_grad=True)
Parameter containing:
tensor(-2.0331, device='cuda:0', requires_grad=True)
Parameter containing:
tensor(-2.0343, device='cuda:0', requires_grad=True)
Parameter containing:
tensor(-2.0354, device='cuda:0', requires_grad=True)
Parameter containing:
tensor(-2.0365, device='cuda:0', requires_grad=True)
Parameter containing:
tensor(-2.0376, device='cuda:0', requires_grad=True)
Parameter containing:
tensor(-2.0388, device='cuda:0', requires_grad=True)
Parameter containing:
tensor(-2.0399, device='cuda:0', requires_grad=True)
Parameter containing:
tensor(-2.0410, device='cuda:0', requires_grad=True)
Parameter containing:
tensor(-2.0422, device='cuda:0', requires_grad=True)
Parameter containing:
tensor(-2.0433, device='cuda:0', requires_grad=True)
Parameter containing:
tensor(-2.0444, device='cuda:0', requires_grad=True)
Parameter containing:
tensor(-2.0455, device='cuda:0', requires_grad=True)
Parameter containing:
tensor(-2.0467, device='cuda:0', requires_grad=True)
Parameter containing:
tensor(-2.0478, device='cuda:0', requires_grad=True)
Parameter containing:
tensor(-2.0489, device='cuda:0', requires_grad=True)
Parameter containing:
tensor(-2.0500, device='cuda:0', requires_grad=True)
Parameter containing:
tensor(-2.0511, device='cuda:0', requires_grad=True)
Parameter containing:
tensor(-2.0522, device='cuda:0', requires_grad=True)
Parameter containing:
tensor(-2.0533, device='cuda:0', requires_grad=True)
Parameter containing:
tensor(-2.0544, device='cuda:0', requires_grad=True)
Parameter containing:
tensor(-2.0555, device='cuda:0', requires_grad=True)
Parameter containing:
tensor(-2.0567, device='cuda:0', requires_grad=True)
Parameter containing:
tensor(-2.0578, device='cuda:0', requires_grad=True)
Parameter containing:
tensor(-2.0589, device='cuda:0', requires_grad=True)
Parameter containing:
tensor(-2.0600, device='cuda:0', requires_grad=True)
Parameter containing:
tensor(-2.0611, device='cuda:0', requires_grad=True)
Parameter containing:
tensor(-2.0622, device='cuda:0', requires_grad=True)
Parameter containing:
tensor(-2.0634, device='cuda:0', requires_grad=True)
Parameter containing:
tensor(-2.0645, device='cuda:0', requires_grad=True)
Parameter containing:
tensor(-2.0656, device='cuda:0', requires_grad=True)
Parameter containing:
tensor(-2.0667, device='cuda:0', requires_grad=True)
Parameter containing:
tensor(-2.0679, device='cuda:0', requires_grad=True)
Parameter containing:
tensor(-2.0690, device='cuda:0', requires_grad=True)
Parameter containing:
tensor(-2.0701, device='cuda:0', requires_grad=True)
Parameter containing:
tensor(-2.0712, device='cuda:0', requires_grad=True)
Parameter containing:
tensor(-2.0724, device='cuda:0', requires_grad=True)
Parameter containing:
tensor(-2.0735, device='cuda:0', requires_grad=True)
Parameter containing:
tensor(-2.0746, device='cuda:0', requires_grad=True)
Parameter containing:
tensor(-2.0758, device='cuda:0', requires_grad=True)
Parameter containing:
tensor(-2.0769, device='cuda:0', requires_grad=True)
Parameter containing:
tensor(-2.0780, device='cuda:0', requires_grad=True)
Parameter containing:
tensor(-2.0792, device='cuda:0', requires_grad=True)
Parameter containing:
tensor(-2.0803, device='cuda:0', requires_grad=True)
Parameter containing:
tensor(-2.0815, device='cuda:0', requires_grad=True)
Parameter containing:
tensor(-2.0826, device='cuda:0', requires_grad=True)
Parameter containing:
tensor(-2.0838, device='cuda:0', requires_grad=True)
Parameter containing:
tensor(-2.0850, device='cuda:0', requires_grad=True)
Parameter containing:
tensor(-2.0861, device='cuda:0', requires_grad=True)
Parameter containing:
tensor(-2.0873, device='cuda:0', requires_grad=True)
Parameter containing:
tensor(-2.0885, device='cuda:0', requires_grad=True)
Parameter containing:
tensor(-2.0897, device='cuda:0', requires_grad=True)
Parameter containing:
tensor(-2.0909, device='cuda:0', requires_grad=True)
Parameter containing:
tensor(-2.0920, device='cuda:0', requires_grad=True)
Parameter containing:
tensor(-2.0932, device='cuda:0', requires_grad=True)
Parameter containing:
tensor(-2.0944, device='cuda:0', requires_grad=True)
Parameter containing:
tensor(-2.0956, device='cuda:0', requires_grad=True)
Parameter containing:
tensor(-2.0968, device='cuda:0', requires_grad=True)
Parameter containing:
tensor(-2.0981, device='cuda:0', requires_grad=True)
Parameter containing:
tensor(-2.0993, device='cuda:0', requires_grad=True)
Parameter containing:
tensor(-2.1005, device='cuda:0', requires_grad=True)
Parameter containing:
tensor(-2.1017, device='cuda:0', requires_grad=True)
Parameter containing:
tensor(-2.1029, device='cuda:0', requires_grad=True)
Parameter containing:
tensor(-2.1041, device='cuda:0', requires_grad=True)
Parameter containing:
tensor(-2.1053, device='cuda:0', requires_grad=True)
Parameter containing:
tensor(-2.1065, device='cuda:0', requires_grad=True)
Parameter containing:
tensor(-2.1078, device='cuda:0', requires_grad=True)
Parameter containing:
tensor(-2.1090, device='cuda:0', requires_grad=True)
Parameter containing:
tensor(-2.1102, device='cuda:0', requires_grad=True)
Parameter containing:
tensor(-2.1114, device='cuda:0', requires_grad=True)
Parameter containing:
tensor(-2.1127, device='cuda:0', requires_grad=True)
Parameter containing:
tensor(-2.1139, device='cuda:0', requires_grad=True)
Parameter containing:
tensor(-2.1151, device='cuda:0', requires_grad=True)
Parameter containing:
tensor(-2.1163, device='cuda:0', requires_grad=True)
Parameter containing:
tensor(-2.1176, device='cuda:0', requires_grad=True)
Parameter containing:
tensor(-2.1188, device='cuda:0', requires_grad=True)
Parameter containing:
tensor(-2.1201, device='cuda:0', requires_grad=True)
Parameter containing:
tensor(-2.1213, device='cuda:0', requires_grad=True)
Parameter containing:
tensor(-2.1225, device='cuda:0', requires_grad=True)
Parameter containing:
tensor(-2.1238, device='cuda:0', requires_grad=True)
Parameter containing:
tensor(-2.1250, device='cuda:0', requires_grad=True)
Parameter containing:
tensor(-2.1263, device='cuda:0', requires_grad=True)
Parameter containing:
tensor(-2.1275, device='cuda:0', requires_grad=True)
Parameter containing:
tensor(-2.1288, device='cuda:0', requires_grad=True)
Parameter containing:
tensor(-2.1300, device='cuda:0', requires_grad=True)
Parameter containing:
tensor(-2.1313, device='cuda:0', requires_grad=True)
Parameter containing:
tensor(-2.1325, device='cuda:0', requires_grad=True)
Parameter containing:
tensor(-2.1338, device='cuda:0', requires_grad=True)
Parameter containing:
tensor(-2.1350, device='cuda:0', requires_grad=True)
Parameter containing:
tensor(-2.1362, device='cuda:0', requires_grad=True)
Parameter containing:
tensor(-2.1375, device='cuda:0', requires_grad=True)
Parameter containing:
tensor(-2.1387, device='cuda:0', requires_grad=True)
Parameter containing:
tensor(-2.1400, device='cuda:0', requires_grad=True)
Parameter containing:
tensor(-2.1412, device='cuda:0', requires_grad=True)
Parameter containing:
tensor(-2.1425, device='cuda:0', requires_grad=True)
Parameter containing:
tensor(-2.1437, device='cuda:0', requires_grad=True)
Parameter containing:
tensor(-2.1449, device='cuda:0', requires_grad=True)
Parameter containing:
tensor(-2.1462, device='cuda:0', requires_grad=True)
Parameter containing:
tensor(-2.1474, device='cuda:0', requires_grad=True)
Parameter containing:
tensor(-2.1486, device='cuda:0', requires_grad=True)
Parameter containing:
tensor(-2.1498, device='cuda:0', requires_grad=True)
Parameter containing:
tensor(-2.1511, device='cuda:0', requires_grad=True)
Parameter containing:
tensor(-2.1523, device='cuda:0', requires_grad=True)
Parameter containing:
tensor(-2.1535, device='cuda:0', requires_grad=True)
Parameter containing:
tensor(-2.1547, device='cuda:0', requires_grad=True)
Parameter containing:
tensor(-2.1559, device='cuda:0', requires_grad=True)
Parameter containing:
tensor(-2.1571, device='cuda:0', requires_grad=True)
Parameter containing:
tensor(-2.1583, device='cuda:0', requires_grad=True)
Parameter containing:
tensor(-2.1595, device='cuda:0', requires_grad=True)
Parameter containing:
tensor(-2.1607, device='cuda:0', requires_grad=True)
Parameter containing:
tensor(-2.1619, device='cuda:0', requires_grad=True)
Parameter containing:
tensor(-2.1632, device='cuda:0', requires_grad=True)
Parameter containing:
tensor(-2.1644, device='cuda:0', requires_grad=True)
Parameter containing:
tensor(-2.1656, device='cuda:0', requires_grad=True)
Parameter containing:
tensor(-2.1668, device='cuda:0', requires_grad=True)
Parameter containing:
tensor(-2.1680, device='cuda:0', requires_grad=True)
Parameter containing:
tensor(-2.1692, device='cuda:0', requires_grad=True)
Parameter containing:
tensor(-2.1704, device='cuda:0', requires_grad=True)
Parameter containing:
tensor(-2.1716, device='cuda:0', requires_grad=True)
Parameter containing:
tensor(-2.1728, device='cuda:0', requires_grad=True)
Parameter containing:
tensor(-2.1740, device='cuda:0', requires_grad=True)
Parameter containing:
tensor(-2.1752, device='cuda:0', requires_grad=True)
Parameter containing:
tensor(-2.1764, device='cuda:0', requires_grad=True)
Parameter containing:
tensor(-2.1776, device='cuda:0', requires_grad=True)
Parameter containing:
tensor(-2.1788, device='cuda:0', requires_grad=True)
Parameter containing:
tensor(-2.1800, device='cuda:0', requires_grad=True)
Parameter containing:
tensor(-2.1813, device='cuda:0', requires_grad=True)
Parameter containing:
tensor(-2.1825, device='cuda:0', requires_grad=True)
Parameter containing:
tensor(-2.1837, device='cuda:0', requires_grad=True)
Parameter containing:
tensor(-2.1849, device='cuda:0', requires_grad=True)
Parameter containing:
tensor(-2.1861, device='cuda:0', requires_grad=True)
Parameter containing:
tensor(-2.1873, device='cuda:0', requires_grad=True)
Parameter containing:
tensor(-2.1885, device='cuda:0', requires_grad=True)
Parameter containing:
tensor(-2.1897, device='cuda:0', requires_grad=True)
Parameter containing:
tensor(-2.1909, device='cuda:0', requires_grad=True)
Parameter containing:
tensor(-2.1921, device='cuda:0', requires_grad=True)
Parameter containing:
tensor(-2.1933, device='cuda:0', requires_grad=True)
Parameter containing:
tensor(-2.1945, device='cuda:0', requires_grad=True)
Parameter containing:
tensor(-2.1957, device='cuda:0', requires_grad=True)
Parameter containing:
tensor(-2.1969, device='cuda:0', requires_grad=True)
Parameter containing:
tensor(-2.1981, device='cuda:0', requires_grad=True)
Parameter containing:
tensor(-2.1993, device='cuda:0', requires_grad=True)
Parameter containing:
tensor(-2.2005, device='cuda:0', requires_grad=True)
Parameter containing:
tensor(-2.2017, device='cuda:0', requires_grad=True)
Parameter containing:
tensor(-2.2029, device='cuda:0', requires_grad=True)
Parameter containing:
tensor(-2.2041, device='cuda:0', requires_grad=True)
Parameter containing:
tensor(-2.2053, device='cuda:0', requires_grad=True)
Parameter containing:
tensor(-2.2065, device='cuda:0', requires_grad=True)
Parameter containing:
tensor(-2.2077, device='cuda:0', requires_grad=True)
Parameter containing:
tensor(-2.2089, device='cuda:0', requires_grad=True)
Parameter containing:
tensor(-2.2101, device='cuda:0', requires_grad=True)
Parameter containing:
tensor(-2.2114, device='cuda:0', requires_grad=True)
Parameter containing:
tensor(-2.2126, device='cuda:0', requires_grad=True)
Parameter containing:
tensor(-2.2138, device='cuda:0', requires_grad=True)
Parameter containing:
tensor(-2.2150, device='cuda:0', requires_grad=True)
Parameter containing:
tensor(-2.2162, device='cuda:0', requires_grad=True)
Parameter containing:
tensor(-2.2175, device='cuda:0', requires_grad=True)
Parameter containing:
tensor(-2.2187, device='cuda:0', requires_grad=True)
Parameter containing:
tensor(-2.2199, device='cuda:0', requires_grad=True)
Parameter containing:
tensor(-2.2211, device='cuda:0', requires_grad=True)
Parameter containing:
tensor(-2.2224, device='cuda:0', requires_grad=True)
Parameter containing:
tensor(-2.2236, device='cuda:0', requires_grad=True)
Parameter containing:
tensor(-2.2248, device='cuda:0', requires_grad=True)
Parameter containing:
tensor(-2.2260, device='cuda:0', requires_grad=True)
Parameter containing:
tensor(-2.2273, device='cuda:0', requires_grad=True)
Parameter containing:
tensor(-2.2285, device='cuda:0', requires_grad=True)
Parameter containing:
tensor(-2.2297, device='cuda:0', requires_grad=True)
Parameter containing:
tensor(-2.2310, device='cuda:0', requires_grad=True)
Parameter containing:
tensor(-2.2322, device='cuda:0', requires_grad=True)
Parameter containing:
tensor(-2.2335, device='cuda:0', requires_grad=True)
Parameter containing:
tensor(-2.2347, device='cuda:0', requires_grad=True)
Parameter containing:
tensor(-2.2359, device='cuda:0', requires_grad=True)
Parameter containing:
tensor(-2.2371, device='cuda:0', requires_grad=True)
Parameter containing:
tensor(-2.2384, device='cuda:0', requires_grad=True)
Parameter containing:
tensor(-2.2396, device='cuda:0', requires_grad=True)
Parameter containing:
tensor(-2.2408, device='cuda:0', requires_grad=True)
Parameter containing:
tensor(-2.2421, device='cuda:0', requires_grad=True)
Parameter containing:
tensor(-2.2433, device='cuda:0', requires_grad=True)
Parameter containing:
tensor(-2.2445, device='cuda:0', requires_grad=True)
Parameter containing:
tensor(-2.2457, device='cuda:0', requires_grad=True)
Parameter containing:
tensor(-2.2469, device='cuda:0', requires_grad=True)
Parameter containing:
tensor(-2.2482, device='cuda:0', requires_grad=True)
Parameter containing:
tensor(-2.2494, device='cuda:0', requires_grad=True)
Parameter containing:
tensor(-2.2506, device='cuda:0', requires_grad=True)
Parameter containing:
tensor(-2.2518, device='cuda:0', requires_grad=True)
Parameter containing:
tensor(-2.2530, device='cuda:0', requires_grad=True)
Parameter containing:
tensor(-2.2542, device='cuda:0', requires_grad=True)
Parameter containing:
tensor(-2.2554, device='cuda:0', requires_grad=True)
Parameter containing:
tensor(-2.2566, device='cuda:0', requires_grad=True)
Parameter containing:
tensor(-2.2578, device='cuda:0', requires_grad=True)
Parameter containing:
tensor(-2.2590, device='cuda:0', requires_grad=True)
Parameter containing:
tensor(-2.2602, device='cuda:0', requires_grad=True)
Parameter containing:
tensor(-2.2614, device='cuda:0', requires_grad=True)
Parameter containing:
tensor(-2.2626, device='cuda:0', requires_grad=True)
Parameter containing:
tensor(-2.2638, device='cuda:0', requires_grad=True)
Parameter containing:
tensor(-2.2650, device='cuda:0', requires_grad=True)
Parameter containing:
tensor(-2.2663, device='cuda:0', requires_grad=True)
Parameter containing:
tensor(-2.2675, device='cuda:0', requires_grad=True)
Parameter containing:
tensor(-2.2687, device='cuda:0', requires_grad=True)
Parameter containing:
tensor(-2.2699, device='cuda:0', requires_grad=True)
Parameter containing:
tensor(-2.2711, device='cuda:0', requires_grad=True)
Parameter containing:
tensor(-2.2723, device='cuda:0', requires_grad=True)
Parameter containing:
tensor(-2.2735, device='cuda:0', requires_grad=True)
Parameter containing:
tensor(-2.2747, device='cuda:0', requires_grad=True)
Parameter containing:
tensor(-2.2760, device='cuda:0', requires_grad=True)
Parameter containing:
tensor(-2.2772, device='cuda:0', requires_grad=True)
Parameter containing:
tensor(-2.2784, device='cuda:0', requires_grad=True)
Parameter containing:
tensor(-2.2796, device='cuda:0', requires_grad=True)
Parameter containing:
tensor(-2.2808, device='cuda:0', requires_grad=True)
Parameter containing:
tensor(-2.2820, device='cuda:0', requires_grad=True)
Parameter containing:
tensor(-2.2833, device='cuda:0', requires_grad=True)
Parameter containing:
tensor(-2.2845, device='cuda:0', requires_grad=True)
Parameter containing:
tensor(-2.2857, device='cuda:0', requires_grad=True)
Parameter containing:
tensor(-2.2869, device='cuda:0', requires_grad=True)
Parameter containing:
tensor(-2.2882, device='cuda:0', requires_grad=True)
Parameter containing:
tensor(-2.2894, device='cuda:0', requires_grad=True)
Parameter containing:
tensor(-2.2906, device='cuda:0', requires_grad=True)
Parameter containing:
tensor(-2.2918, device='cuda:0', requires_grad=True)
Parameter containing:
tensor(-2.2930, device='cuda:0', requires_grad=True)
Parameter containing:
tensor(-2.2943, device='cuda:0', requires_grad=True)
Parameter containing:
tensor(-2.2955, device='cuda:0', requires_grad=True)
Parameter containing:
tensor(-2.2967, device='cuda:0', requires_grad=True)
Parameter containing:
tensor(-2.2979, device='cuda:0', requires_grad=True)
Parameter containing:
tensor(-2.2992, device='cuda:0', requires_grad=True)
Parameter containing:
tensor(-2.3004, device='cuda:0', requires_grad=True)
Parameter containing:
tensor(-2.3016, device='cuda:0', requires_grad=True)
Parameter containing:
tensor(-2.3029, device='cuda:0', requires_grad=True)
Parameter containing:
tensor(-2.3041, device='cuda:0', requires_grad=True)
Parameter containing:
tensor(-2.3053, device='cuda:0', requires_grad=True)
Parameter containing:
tensor(-2.3065, device='cuda:0', requires_grad=True)
Parameter containing:
tensor(-2.3077, device='cuda:0', requires_grad=True)
Parameter containing:
tensor(-2.3090, device='cuda:0', requires_grad=True)
Parameter containing:
tensor(-2.3102, device='cuda:0', requires_grad=True)
Parameter containing:
tensor(-2.3114, device='cuda:0', requires_grad=True)
Parameter containing:
tensor(-2.3126, device='cuda:0', requires_grad=True)
Parameter containing:
tensor(-2.3138, device='cuda:0', requires_grad=True)
Parameter containing:
tensor(-2.3150, device='cuda:0', requires_grad=True)
Parameter containing:
tensor(-2.3162, device='cuda:0', requires_grad=True)
Parameter containing:
tensor(-2.3174, device='cuda:0', requires_grad=True)
Parameter containing:
tensor(-2.3186, device='cuda:0', requires_grad=True)
Parameter containing:
tensor(-2.3198, device='cuda:0', requires_grad=True)
Parameter containing:
tensor(-2.3210, device='cuda:0', requires_grad=True)
Parameter containing:
tensor(-2.3222, device='cuda:0', requires_grad=True)
Parameter containing:
tensor(-2.3234, device='cuda:0', requires_grad=True)
Parameter containing:
tensor(-2.3246, device='cuda:0', requires_grad=True)
Parameter containing:
tensor(-2.3257, device='cuda:0', requires_grad=True)
Parameter containing:
tensor(-2.3269, device='cuda:0', requires_grad=True)
Parameter containing:
tensor(-2.3281, device='cuda:0', requires_grad=True)
Parameter containing:
tensor(-2.3293, device='cuda:0', requires_grad=True)
Parameter containing:
tensor(-2.3305, device='cuda:0', requires_grad=True)
Parameter containing:
tensor(-2.3317, device='cuda:0', requires_grad=True)
Parameter containing:
tensor(-2.3329, device='cuda:0', requires_grad=True)
Parameter containing:
tensor(-2.3341, device='cuda:0', requires_grad=True)
Parameter containing:
tensor(-2.3352, device='cuda:0', requires_grad=True)
Parameter containing:
tensor(-2.3364, device='cuda:0', requires_grad=True)
Parameter containing:
tensor(-2.3376, device='cuda:0', requires_grad=True)
Parameter containing:
tensor(-2.3388, device='cuda:0', requires_grad=True)
Parameter containing:
tensor(-2.3399, device='cuda:0', requires_grad=True)
Parameter containing:
tensor(-2.3411, device='cuda:0', requires_grad=True)
Parameter containing:
tensor(-2.3422, device='cuda:0', requires_grad=True)
Parameter containing:
tensor(-2.3434, device='cuda:0', requires_grad=True)
Parameter containing:
tensor(-2.3446, device='cuda:0', requires_grad=True)
Parameter containing:
tensor(-2.3457, device='cuda:0', requires_grad=True)
Parameter containing:
tensor(-2.3469, device='cuda:0', requires_grad=True)
Parameter containing:
tensor(-2.3481, device='cuda:0', requires_grad=True)
Parameter containing:
tensor(-2.3492, device='cuda:0', requires_grad=True)
Parameter containing:
tensor(-2.3504, device='cuda:0', requires_grad=True)
Parameter containing:
tensor(-2.3516, device='cuda:0', requires_grad=True)
Parameter containing:
tensor(-2.3527, device='cuda:0', requires_grad=True)
Parameter containing:
tensor(-2.3539, device='cuda:0', requires_grad=True)
Parameter containing:
tensor(-2.3551, device='cuda:0', requires_grad=True)
Parameter containing:
tensor(-2.3562, device='cuda:0', requires_grad=True)
Parameter containing:
tensor(-2.3574, device='cuda:0', requires_grad=True)
Parameter containing:
tensor(-2.3586, device='cuda:0', requires_grad=True)
Parameter containing:
tensor(-2.3598, device='cuda:0', requires_grad=True)
Parameter containing:
tensor(-2.3609, device='cuda:0', requires_grad=True)
Parameter containing:
tensor(-2.3621, device='cuda:0', requires_grad=True)
Parameter containing:
tensor(-2.3633, device='cuda:0', requires_grad=True)
Parameter containing:
tensor(-2.3645, device='cuda:0', requires_grad=True)
Parameter containing:
tensor(-2.3656, device='cuda:0', requires_grad=True)
Parameter containing:
tensor(-2.3668, device='cuda:0', requires_grad=True)
Parameter containing:
tensor(-2.3680, device='cuda:0', requires_grad=True)
Parameter containing:
tensor(-2.3692, device='cuda:0', requires_grad=True)
Parameter containing:
tensor(-2.3703, device='cuda:0', requires_grad=True)
Parameter containing:
tensor(-2.3715, device='cuda:0', requires_grad=True)
Parameter containing:
tensor(-2.3727, device='cuda:0', requires_grad=True)
Parameter containing:
tensor(-2.3739, device='cuda:0', requires_grad=True)
Parameter containing:
tensor(-2.3750, device='cuda:0', requires_grad=True)
Parameter containing:
tensor(-2.3762, device='cuda:0', requires_grad=True)
Parameter containing:
tensor(-2.3774, device='cuda:0', requires_grad=True)
Parameter containing:
tensor(-2.3785, device='cuda:0', requires_grad=True)
Parameter containing:
tensor(-2.3797, device='cuda:0', requires_grad=True)
Parameter containing:
tensor(-2.3809, device='cuda:0', requires_grad=True)
Parameter containing:
tensor(-2.3820, device='cuda:0', requires_grad=True)
Parameter containing:
tensor(-2.3832, device='cuda:0', requires_grad=True)
Parameter containing:
tensor(-2.3843, device='cuda:0', requires_grad=True)
Parameter containing:
tensor(-2.3855, device='cuda:0', requires_grad=True)
Parameter containing:
tensor(-2.3867, device='cuda:0', requires_grad=True)
Parameter containing:
tensor(-2.3878, device='cuda:0', requires_grad=True)
Parameter containing:
tensor(-2.3890, device='cuda:0', requires_grad=True)
Parameter containing:
tensor(-2.3901, device='cuda:0', requires_grad=True)
Parameter containing:
tensor(-2.3913, device='cuda:0', requires_grad=True)
Parameter containing:
tensor(-2.3924, device='cuda:0', requires_grad=True)
Parameter containing:
tensor(-2.3936, device='cuda:0', requires_grad=True)
Parameter containing:
tensor(-2.3947, device='cuda:0', requires_grad=True)
Parameter containing:
tensor(-2.3959, device='cuda:0', requires_grad=True)
Parameter containing:
tensor(-2.3970, device='cuda:0', requires_grad=True)
Parameter containing:
tensor(-2.3982, device='cuda:0', requires_grad=True)
Parameter containing:
tensor(-2.3993, device='cuda:0', requires_grad=True)
Parameter containing:
tensor(-2.4005, device='cuda:0', requires_grad=True)
Parameter containing:
tensor(-2.4016, device='cuda:0', requires_grad=True)
Parameter containing:
tensor(-2.4028, device='cuda:0', requires_grad=True)
Parameter containing:
tensor(-2.4039, device='cuda:0', requires_grad=True)
Parameter containing:
tensor(-2.4050, device='cuda:0', requires_grad=True)
Parameter containing:
tensor(-2.4062, device='cuda:0', requires_grad=True)
Parameter containing:
tensor(-2.4073, device='cuda:0', requires_grad=True)
Parameter containing:
tensor(-2.4084, device='cuda:0', requires_grad=True)
Parameter containing:
tensor(-2.4096, device='cuda:0', requires_grad=True)
Parameter containing:
tensor(-2.4107, device='cuda:0', requires_grad=True)
Parameter containing:
tensor(-2.4118, device='cuda:0', requires_grad=True)
Parameter containing:
tensor(-2.4129, device='cuda:0', requires_grad=True)
Parameter containing:
tensor(-2.4141, device='cuda:0', requires_grad=True)
Parameter containing:
tensor(-2.4152, device='cuda:0', requires_grad=True)
Parameter containing:
tensor(-2.4163, device='cuda:0', requires_grad=True)
Parameter containing:
tensor(-2.4174, device='cuda:0', requires_grad=True)
Parameter containing:
tensor(-2.4185, device='cuda:0', requires_grad=True)
Parameter containing:
tensor(-2.4196, device='cuda:0', requires_grad=True)
Parameter containing:
tensor(-2.4207, device='cuda:0', requires_grad=True)
Parameter containing:
tensor(-2.4218, device='cuda:0', requires_grad=True)
Parameter containing:
tensor(-2.4228, device='cuda:0', requires_grad=True)
Parameter containing:
tensor(-2.4239, device='cuda:0', requires_grad=True)
Parameter containing:
tensor(-2.4250, device='cuda:0', requires_grad=True)
Parameter containing:
tensor(-2.4261, device='cuda:0', requires_grad=True)
Parameter containing:
tensor(-2.4272, device='cuda:0', requires_grad=True)
Parameter containing:
tensor(-2.4282, device='cuda:0', requires_grad=True)
Parameter containing:
tensor(-2.4293, device='cuda:0', requires_grad=True)
Parameter containing:
tensor(-2.4304, device='cuda:0', requires_grad=True)
Parameter containing:
tensor(-2.4314, device='cuda:0', requires_grad=True)
Parameter containing:
tensor(-2.4325, device='cuda:0', requires_grad=True)
Parameter containing:
tensor(-2.4335, device='cuda:0', requires_grad=True)
Parameter containing:
tensor(-2.4346, device='cuda:0', requires_grad=True)
Parameter containing:
tensor(-2.4356, device='cuda:0', requires_grad=True)
Parameter containing:
tensor(-2.4367, device='cuda:0', requires_grad=True)
Parameter containing:
tensor(-2.4377, device='cuda:0', requires_grad=True)
Parameter containing:
tensor(-2.4388, device='cuda:0', requires_grad=True)
Parameter containing:
tensor(-2.4398, device='cuda:0', requires_grad=True)
Parameter containing:
tensor(-2.4409, device='cuda:0', requires_grad=True)
Parameter containing:
tensor(-2.4419, device='cuda:0', requires_grad=True)
Parameter containing:
tensor(-2.4429, device='cuda:0', requires_grad=True)
Parameter containing:
tensor(-2.4439, device='cuda:0', requires_grad=True)
Parameter containing:
tensor(-2.4449, device='cuda:0', requires_grad=True)
Parameter containing:
tensor(-2.4459, device='cuda:0', requires_grad=True)
Parameter containing:
tensor(-2.4469, device='cuda:0', requires_grad=True)
Parameter containing:
tensor(-2.4479, device='cuda:0', requires_grad=True)
Parameter containing:
tensor(-2.4489, device='cuda:0', requires_grad=True)
Parameter containing:
tensor(-2.4498, device='cuda:0', requires_grad=True)
Parameter containing:
tensor(-2.4508, device='cuda:0', requires_grad=True)
Parameter containing:
tensor(-2.4518, device='cuda:0', requires_grad=True)
Parameter containing:
tensor(-2.4527, device='cuda:0', requires_grad=True)
Parameter containing:
tensor(-2.4537, device='cuda:0', requires_grad=True)
Parameter containing:
tensor(-2.4547, device='cuda:0', requires_grad=True)
Parameter containing:
tensor(-2.4557, device='cuda:0', requires_grad=True)
Parameter containing:
tensor(-2.4566, device='cuda:0', requires_grad=True)
Parameter containing:
tensor(-2.4576, device='cuda:0', requires_grad=True)
Parameter containing:
tensor(-2.4586, device='cuda:0', requires_grad=True)
Parameter containing:
tensor(-2.4596, device='cuda:0', requires_grad=True)
Parameter containing:
tensor(-2.4605, device='cuda:0', requires_grad=True)
Parameter containing:
tensor(-2.4615, device='cuda:0', requires_grad=True)
Parameter containing:
tensor(-2.4625, device='cuda:0', requires_grad=True)
Parameter containing:
tensor(-2.4635, device='cuda:0', requires_grad=True)
Parameter containing:
tensor(-2.4644, device='cuda:0', requires_grad=True)
Parameter containing:
tensor(-2.4654, device='cuda:0', requires_grad=True)
Parameter containing:
tensor(-2.4664, device='cuda:0', requires_grad=True)
Parameter containing:
tensor(-2.4674, device='cuda:0', requires_grad=True)
Parameter containing:
tensor(-2.4684, device='cuda:0', requires_grad=True)
Parameter containing:
tensor(-2.4693, device='cuda:0', requires_grad=True)
Parameter containing:
tensor(-2.4703, device='cuda:0', requires_grad=True)
Parameter containing:
tensor(-2.4713, device='cuda:0', requires_grad=True)
Parameter containing:
tensor(-2.4722, device='cuda:0', requires_grad=True)
Parameter containing:
tensor(-2.4732, device='cuda:0', requires_grad=True)
Parameter containing:
tensor(-2.4742, device='cuda:0', requires_grad=True)
Parameter containing:
tensor(-2.4752, device='cuda:0', requires_grad=True)
Parameter containing:
tensor(-2.4762, device='cuda:0', requires_grad=True)
Parameter containing:
tensor(-2.4771, device='cuda:0', requires_grad=True)
Parameter containing:
tensor(-2.4781, device='cuda:0', requires_grad=True)
Parameter containing:
tensor(-2.4791, device='cuda:0', requires_grad=True)
Parameter containing:
tensor(-2.4801, device='cuda:0', requires_grad=True)
Parameter containing:
tensor(-2.4811, device='cuda:0', requires_grad=True)
Parameter containing:
tensor(-2.4821, device='cuda:0', requires_grad=True)
Parameter containing:
tensor(-2.4831, device='cuda:0', requires_grad=True)
Parameter containing:
tensor(-2.4840, device='cuda:0', requires_grad=True)
Parameter containing:
tensor(-2.4850, device='cuda:0', requires_grad=True)
Parameter containing:
tensor(-2.4860, device='cuda:0', requires_grad=True)
Parameter containing:
tensor(-2.4870, device='cuda:0', requires_grad=True)
Parameter containing:
tensor(-2.4880, device='cuda:0', requires_grad=True)
Parameter containing:
tensor(-2.4890, device='cuda:0', requires_grad=True)
Parameter containing:
tensor(-2.4900, device='cuda:0', requires_grad=True)
Parameter containing:
tensor(-2.4910, device='cuda:0', requires_grad=True)
Parameter containing:
tensor(-2.4920, device='cuda:0', requires_grad=True)
Parameter containing:
tensor(-2.4930, device='cuda:0', requires_grad=True)
Parameter containing:
tensor(-2.4940, device='cuda:0', requires_grad=True)
Parameter containing:
tensor(-2.4951, device='cuda:0', requires_grad=True)
Parameter containing:
tensor(-2.4961, device='cuda:0', requires_grad=True)
Parameter containing:
tensor(-2.4971, device='cuda:0', requires_grad=True)
Parameter containing:
tensor(-2.4981, device='cuda:0', requires_grad=True)
Parameter containing:
tensor(-2.4992, device='cuda:0', requires_grad=True)
Parameter containing:
tensor(-2.5002, device='cuda:0', requires_grad=True)
Parameter containing:
tensor(-2.5012, device='cuda:0', requires_grad=True)
Parameter containing:
tensor(-2.5022, device='cuda:0', requires_grad=True)
Parameter containing:
tensor(-2.5033, device='cuda:0', requires_grad=True)
Parameter containing:
tensor(-2.5043, device='cuda:0', requires_grad=True)
Parameter containing:
tensor(-2.5054, device='cuda:0', requires_grad=True)
Parameter containing:
tensor(-2.5064, device='cuda:0', requires_grad=True)
Parameter containing:
tensor(-2.5074, device='cuda:0', requires_grad=True)
Parameter containing:
tensor(-2.5085, device='cuda:0', requires_grad=True)
Parameter containing:
tensor(-2.5095, device='cuda:0', requires_grad=True)
Parameter containing:
tensor(-2.5106, device='cuda:0', requires_grad=True)
Parameter containing:
tensor(-2.5116, device='cuda:0', requires_grad=True)
Parameter containing:
tensor(-2.5127, device='cuda:0', requires_grad=True)
Parameter containing:
tensor(-2.5137, device='cuda:0', requires_grad=True)
Parameter containing:
tensor(-2.5148, device='cuda:0', requires_grad=True)
Parameter containing:
tensor(-2.5158, device='cuda:0', requires_grad=True)
Parameter containing:
tensor(-2.5169, device='cuda:0', requires_grad=True)
Parameter containing:
tensor(-2.5179, device='cuda:0', requires_grad=True)
Parameter containing:
tensor(-2.5190, device='cuda:0', requires_grad=True)
Parameter containing:
tensor(-2.5201, device='cuda:0', requires_grad=True)
Parameter containing:
tensor(-2.5211, device='cuda:0', requires_grad=True)
Parameter containing:
tensor(-2.5222, device='cuda:0', requires_grad=True)
Parameter containing:
tensor(-2.5232, device='cuda:0', requires_grad=True)
Parameter containing:
tensor(-2.5243, device='cuda:0', requires_grad=True)
Parameter containing:
tensor(-2.5254, device='cuda:0', requires_grad=True)
Parameter containing:
tensor(-2.5264, device='cuda:0', requires_grad=True)
Parameter containing:
tensor(-2.5275, device='cuda:0', requires_grad=True)
Parameter containing:
tensor(-2.5286, device='cuda:0', requires_grad=True)
Parameter containing:
tensor(-2.5296, device='cuda:0', requires_grad=True)
Parameter containing:
tensor(-2.5307, device='cuda:0', requires_grad=True)
Parameter containing:
tensor(-2.5318, device='cuda:0', requires_grad=True)
Parameter containing:
tensor(-2.5328, device='cuda:0', requires_grad=True)
Parameter containing:
tensor(-2.5339, device='cuda:0', requires_grad=True)
Parameter containing:
tensor(-2.5350, device='cuda:0', requires_grad=True)
Parameter containing:
tensor(-2.5360, device='cuda:0', requires_grad=True)
Parameter containing:
tensor(-2.5371, device='cuda:0', requires_grad=True)
Parameter containing:
tensor(-2.5382, device='cuda:0', requires_grad=True)
Parameter containing:
tensor(-2.5392, device='cuda:0', requires_grad=True)
Parameter containing:
tensor(-2.5403, device='cuda:0', requires_grad=True)
Parameter containing:
tensor(-2.5414, device='cuda:0', requires_grad=True)
Parameter containing:
tensor(-2.5424, device='cuda:0', requires_grad=True)
Parameter containing:
tensor(-2.5435, device='cuda:0', requires_grad=True)
Parameter containing:
tensor(-2.5446, device='cuda:0', requires_grad=True)
Parameter containing:
tensor(-2.5456, device='cuda:0', requires_grad=True)
Parameter containing:
tensor(-2.5467, device='cuda:0', requires_grad=True)
Parameter containing:
tensor(-2.5478, device='cuda:0', requires_grad=True)
Parameter containing:
tensor(-2.5489, device='cuda:0', requires_grad=True)
Parameter containing:
tensor(-2.5499, device='cuda:0', requires_grad=True)
Parameter containing:
tensor(-2.5510, device='cuda:0', requires_grad=True)
Parameter containing:
tensor(-2.5521, device='cuda:0', requires_grad=True)
Parameter containing:
tensor(-2.5532, device='cuda:0', requires_grad=True)
Parameter containing:
tensor(-2.5542, device='cuda:0', requires_grad=True)
Parameter containing:
tensor(-2.5553, device='cuda:0', requires_grad=True)
Parameter containing:
tensor(-2.5564, device='cuda:0', requires_grad=True)
Parameter containing:
tensor(-2.5574, device='cuda:0', requires_grad=True)
Parameter containing:
tensor(-2.5585, device='cuda:0', requires_grad=True)
Parameter containing:
tensor(-2.5596, device='cuda:0', requires_grad=True)
Parameter containing:
tensor(-2.5607, device='cuda:0', requires_grad=True)
Parameter containing:
tensor(-2.5617, device='cuda:0', requires_grad=True)
Parameter containing:
tensor(-2.5628, device='cuda:0', requires_grad=True)
Parameter containing:
tensor(-2.5639, device='cuda:0', requires_grad=True)
Parameter containing:
tensor(-2.5649, device='cuda:0', requires_grad=True)
Parameter containing:
tensor(-2.5660, device='cuda:0', requires_grad=True)
Parameter containing:
tensor(-2.5671, device='cuda:0', requires_grad=True)
Parameter containing:
tensor(-2.5681, device='cuda:0', requires_grad=True)
Parameter containing:
tensor(-2.5692, device='cuda:0', requires_grad=True)
Parameter containing:
tensor(-2.5703, device='cuda:0', requires_grad=True)
Parameter containing:
tensor(-2.5713, device='cuda:0', requires_grad=True)
Parameter containing:
tensor(-2.5724, device='cuda:0', requires_grad=True)
Parameter containing:
tensor(-2.5735, device='cuda:0', requires_grad=True)
Parameter containing:
tensor(-2.5745, device='cuda:0', requires_grad=True)
Parameter containing:
tensor(-2.5756, device='cuda:0', requires_grad=True)
Parameter containing:
tensor(-2.5767, device='cuda:0', requires_grad=True)
Parameter containing:
tensor(-2.5777, device='cuda:0', requires_grad=True)
Parameter containing:
tensor(-2.5788, device='cuda:0', requires_grad=True)
Parameter containing:
tensor(-2.5799, device='cuda:0', requires_grad=True)
Parameter containing:
tensor(-2.5809, device='cuda:0', requires_grad=True)
Parameter containing:
tensor(-2.5820, device='cuda:0', requires_grad=True)
Parameter containing:
tensor(-2.5831, device='cuda:0', requires_grad=True)
Parameter containing:
tensor(-2.5841, device='cuda:0', requires_grad=True)
Parameter containing:
tensor(-2.5852, device='cuda:0', requires_grad=True)
Parameter containing:
tensor(-2.5863, device='cuda:0', requires_grad=True)
Parameter containing:
tensor(-2.5873, device='cuda:0', requires_grad=True)
Parameter containing:
tensor(-2.5884, device='cuda:0', requires_grad=True)
Parameter containing:
tensor(-2.5895, device='cuda:0', requires_grad=True)
Parameter containing:
tensor(-2.5905, device='cuda:0', requires_grad=True)
Parameter containing:
tensor(-2.5916, device='cuda:0', requires_grad=True)
Parameter containing:
tensor(-2.5927, device='cuda:0', requires_grad=True)
Parameter containing:
tensor(-2.5937, device='cuda:0', requires_grad=True)
Parameter containing:
tensor(-2.5948, device='cuda:0', requires_grad=True)
Parameter containing:
tensor(-2.5959, device='cuda:0', requires_grad=True)
Parameter containing:
tensor(-2.5969, device='cuda:0', requires_grad=True)
Parameter containing:
tensor(-2.5980, device='cuda:0', requires_grad=True)
Parameter containing:
tensor(-2.5991, device='cuda:0', requires_grad=True)
Parameter containing:
tensor(-2.6001, device='cuda:0', requires_grad=True)
Parameter containing:
tensor(-2.6012, device='cuda:0', requires_grad=True)
Parameter containing:
tensor(-2.6023, device='cuda:0', requires_grad=True)
Parameter containing:
tensor(-2.6033, device='cuda:0', requires_grad=True)
Parameter containing:
tensor(-2.6044, device='cuda:0', requires_grad=True)
Parameter containing:
tensor(-2.6055, device='cuda:0', requires_grad=True)
Parameter containing:
tensor(-2.6065, device='cuda:0', requires_grad=True)
Parameter containing:
tensor(-2.6076, device='cuda:0', requires_grad=True)
Parameter containing:
tensor(-2.6086, device='cuda:0', requires_grad=True)
Parameter containing:
tensor(-2.6097, device='cuda:0', requires_grad=True)
Parameter containing:
tensor(-2.6108, device='cuda:0', requires_grad=True)
Parameter containing:
tensor(-2.6118, device='cuda:0', requires_grad=True)
Parameter containing:
tensor(-2.6129, device='cuda:0', requires_grad=True)
Parameter containing:
tensor(-2.6140, device='cuda:0', requires_grad=True)
Parameter containing:
tensor(-2.6150, device='cuda:0', requires_grad=True)
Parameter containing:
tensor(-2.6161, device='cuda:0', requires_grad=True)
Parameter containing:
tensor(-2.6171, device='cuda:0', requires_grad=True)
Parameter containing:
tensor(-2.6182, device='cuda:0', requires_grad=True)
Parameter containing:
tensor(-2.6192, device='cuda:0', requires_grad=True)
Parameter containing:
tensor(-2.6203, device='cuda:0', requires_grad=True)
Parameter containing:
tensor(-2.6213, device='cuda:0', requires_grad=True)
Parameter containing:
tensor(-2.6224, device='cuda:0', requires_grad=True)
Parameter containing:
tensor(-2.6234, device='cuda:0', requires_grad=True)
Parameter containing:
tensor(-2.6245, device='cuda:0', requires_grad=True)
Parameter containing:
tensor(-2.6255, device='cuda:0', requires_grad=True)
Parameter containing:
tensor(-2.6266, device='cuda:0', requires_grad=True)
Parameter containing:
tensor(-2.6276, device='cuda:0', requires_grad=True)
Parameter containing:
tensor(-2.6287, device='cuda:0', requires_grad=True)
Parameter containing:
tensor(-2.6297, device='cuda:0', requires_grad=True)
Parameter containing:
tensor(-2.6308, device='cuda:0', requires_grad=True)
Parameter containing:
tensor(-2.6318, device='cuda:0', requires_grad=True)
Parameter containing:
tensor(-2.6329, device='cuda:0', requires_grad=True)
Parameter containing:
tensor(-2.6339, device='cuda:0', requires_grad=True)
Parameter containing:
tensor(-2.6350, device='cuda:0', requires_grad=True)
Parameter containing:
tensor(-2.6360, device='cuda:0', requires_grad=True)
Parameter containing:
tensor(-2.6371, device='cuda:0', requires_grad=True)
Parameter containing:
tensor(-2.6381, device='cuda:0', requires_grad=True)
Parameter containing:
tensor(-2.6392, device='cuda:0', requires_grad=True)
Parameter containing:
tensor(-2.6402, device='cuda:0', requires_grad=True)
Parameter containing:
tensor(-2.6412, device='cuda:0', requires_grad=True)
Parameter containing:
tensor(-2.6423, device='cuda:0', requires_grad=True)
Parameter containing:
tensor(-2.6433, device='cuda:0', requires_grad=True)
Parameter containing:
tensor(-2.6443, device='cuda:0', requires_grad=True)
Parameter containing:
tensor(-2.6454, device='cuda:0', requires_grad=True)
Parameter containing:
tensor(-2.6464, device='cuda:0', requires_grad=True)
Parameter containing:
tensor(-2.6474, device='cuda:0', requires_grad=True)
Parameter containing:
tensor(-2.6485, device='cuda:0', requires_grad=True)
Parameter containing:
tensor(-2.6495, device='cuda:0', requires_grad=True)
Parameter containing:
tensor(-2.6505, device='cuda:0', requires_grad=True)
Parameter containing:
tensor(-2.6515, device='cuda:0', requires_grad=True)
Parameter containing:
tensor(-2.6526, device='cuda:0', requires_grad=True)
Parameter containing:
tensor(-2.6536, device='cuda:0', requires_grad=True)
Parameter containing:
tensor(-2.6546, device='cuda:0', requires_grad=True)
Parameter containing:
tensor(-2.6556, device='cuda:0', requires_grad=True)
Parameter containing:
tensor(-2.6566, device='cuda:0', requires_grad=True)
Parameter containing:
tensor(-2.6577, device='cuda:0', requires_grad=True)
Parameter containing:
tensor(-2.6587, device='cuda:0', requires_grad=True)
Parameter containing:
tensor(-2.6597, device='cuda:0', requires_grad=True)
Parameter containing:
tensor(-2.6607, device='cuda:0', requires_grad=True)
Parameter containing:
tensor(-2.6617, device='cuda:0', requires_grad=True)
Parameter containing:
tensor(-2.6627, device='cuda:0', requires_grad=True)
Parameter containing:
tensor(-2.6637, device='cuda:0', requires_grad=True)
Parameter containing:
tensor(-2.6647, device='cuda:0', requires_grad=True)
Parameter containing:
tensor(-2.6657, device='cuda:0', requires_grad=True)
Parameter containing:
tensor(-2.6667, device='cuda:0', requires_grad=True)
Parameter containing:
tensor(-2.6677, device='cuda:0', requires_grad=True)


PS:

Read file <14807176.stderr> for stderr output of this job.

