Sender: LSF System <lsfadmin@lt01>
Subject: Job 14830696: <_gp_GINConv> in cluster <lila> Done

Job <_gp_GINConv> was submitted from host <lx12> by user <wangy1> in cluster <lila> at Wed Jun 10 23:18:29 2020
Job was executed on host(s) <12*lt01>, in queue <gpuqueue>, as user <wangy1> in cluster <lila> at Wed Jun 10 23:18:30 2020
</home/wangy1> was used as the home directory.
</data/chodera/wangyq/pinot/scripts/gp_comparison> was used as the working directory.
Started at Wed Jun 10 23:18:30 2020
Terminated at Wed Jun 10 23:21:10 2020
Results reported at Wed Jun 10 23:21:10 2020

Your job looked like:

------------------------------------------------------------
# LSBATCH: User input
python ../../pinot/app/gp_train.py --layer GINConv --out _gp_GINConv --n_epochs 500 --lr 1e-3 --config 32 tanh 32 tanh 32 tanh --lr 1e-3
------------------------------------------------------------

Successfully completed.

Resource usage summary:

    CPU time :                                   437.98 sec.
    Max Memory :                                 2 GB
    Average Memory :                             1.89 GB
    Total Requested Memory :                     48.00 GB
    Delta Memory :                               46.00 GB
    Max Swap :                                   -
    Max Processes :                              3
    Max Threads :                                20
    Run time :                                   161 sec.
    Turnaround time :                            161 sec.

The output (if any) follows:

Parameter containing:
tensor(-3., device='cuda:0', requires_grad=True)
Parameter containing:
tensor(-2.9990, device='cuda:0', requires_grad=True)
Parameter containing:
tensor(-2.9980, device='cuda:0', requires_grad=True)
Parameter containing:
tensor(-2.9970, device='cuda:0', requires_grad=True)
Parameter containing:
tensor(-2.9960, device='cuda:0', requires_grad=True)
Parameter containing:
tensor(-2.9950, device='cuda:0', requires_grad=True)
Parameter containing:
tensor(-2.9941, device='cuda:0', requires_grad=True)
Parameter containing:
tensor(-2.9931, device='cuda:0', requires_grad=True)
Parameter containing:
tensor(-2.9921, device='cuda:0', requires_grad=True)
Parameter containing:
tensor(-2.9912, device='cuda:0', requires_grad=True)
Parameter containing:
tensor(-2.9902, device='cuda:0', requires_grad=True)
Parameter containing:
tensor(-2.9893, device='cuda:0', requires_grad=True)
Parameter containing:
tensor(-2.9883, device='cuda:0', requires_grad=True)
Parameter containing:
tensor(-2.9873, device='cuda:0', requires_grad=True)
Parameter containing:
tensor(-2.9863, device='cuda:0', requires_grad=True)
Parameter containing:
tensor(-2.9854, device='cuda:0', requires_grad=True)
Parameter containing:
tensor(-2.9844, device='cuda:0', requires_grad=True)
Parameter containing:
tensor(-2.9834, device='cuda:0', requires_grad=True)
Parameter containing:
tensor(-2.9824, device='cuda:0', requires_grad=True)
Parameter containing:
tensor(-2.9815, device='cuda:0', requires_grad=True)
Parameter containing:
tensor(-2.9805, device='cuda:0', requires_grad=True)
Parameter containing:
tensor(-2.9795, device='cuda:0', requires_grad=True)
Parameter containing:
tensor(-2.9786, device='cuda:0', requires_grad=True)
Parameter containing:
tensor(-2.9777, device='cuda:0', requires_grad=True)
Parameter containing:
tensor(-2.9767, device='cuda:0', requires_grad=True)
Parameter containing:
tensor(-2.9758, device='cuda:0', requires_grad=True)
Parameter containing:
tensor(-2.9749, device='cuda:0', requires_grad=True)
Parameter containing:
tensor(-2.9740, device='cuda:0', requires_grad=True)
Parameter containing:
tensor(-2.9731, device='cuda:0', requires_grad=True)
Parameter containing:
tensor(-2.9722, device='cuda:0', requires_grad=True)
Parameter containing:
tensor(-2.9714, device='cuda:0', requires_grad=True)
Parameter containing:
tensor(-2.9705, device='cuda:0', requires_grad=True)
Parameter containing:
tensor(-2.9697, device='cuda:0', requires_grad=True)
Parameter containing:
tensor(-2.9688, device='cuda:0', requires_grad=True)
Parameter containing:
tensor(-2.9680, device='cuda:0', requires_grad=True)
Parameter containing:
tensor(-2.9672, device='cuda:0', requires_grad=True)
Parameter containing:
tensor(-2.9664, device='cuda:0', requires_grad=True)
Parameter containing:
tensor(-2.9656, device='cuda:0', requires_grad=True)
Parameter containing:
tensor(-2.9648, device='cuda:0', requires_grad=True)
Parameter containing:
tensor(-2.9640, device='cuda:0', requires_grad=True)
Parameter containing:
tensor(-2.9632, device='cuda:0', requires_grad=True)
Parameter containing:
tensor(-2.9625, device='cuda:0', requires_grad=True)
Parameter containing:
tensor(-2.9617, device='cuda:0', requires_grad=True)
Parameter containing:
tensor(-2.9610, device='cuda:0', requires_grad=True)
Parameter containing:
tensor(-2.9603, device='cuda:0', requires_grad=True)
Parameter containing:
tensor(-2.9595, device='cuda:0', requires_grad=True)
Parameter containing:
tensor(-2.9588, device='cuda:0', requires_grad=True)
Parameter containing:
tensor(-2.9581, device='cuda:0', requires_grad=True)
Parameter containing:
tensor(-2.9573, device='cuda:0', requires_grad=True)
Parameter containing:
tensor(-2.9566, device='cuda:0', requires_grad=True)
Parameter containing:
tensor(-2.9559, device='cuda:0', requires_grad=True)
Parameter containing:
tensor(-2.9551, device='cuda:0', requires_grad=True)
Parameter containing:
tensor(-2.9544, device='cuda:0', requires_grad=True)
Parameter containing:
tensor(-2.9536, device='cuda:0', requires_grad=True)
Parameter containing:
tensor(-2.9529, device='cuda:0', requires_grad=True)
Parameter containing:
tensor(-2.9521, device='cuda:0', requires_grad=True)
Parameter containing:
tensor(-2.9514, device='cuda:0', requires_grad=True)
Parameter containing:
tensor(-2.9506, device='cuda:0', requires_grad=True)
Parameter containing:
tensor(-2.9499, device='cuda:0', requires_grad=True)
Parameter containing:
tensor(-2.9492, device='cuda:0', requires_grad=True)
Parameter containing:
tensor(-2.9484, device='cuda:0', requires_grad=True)
Parameter containing:
tensor(-2.9477, device='cuda:0', requires_grad=True)
Parameter containing:
tensor(-2.9470, device='cuda:0', requires_grad=True)
Parameter containing:
tensor(-2.9462, device='cuda:0', requires_grad=True)
Parameter containing:
tensor(-2.9455, device='cuda:0', requires_grad=True)
Parameter containing:
tensor(-2.9448, device='cuda:0', requires_grad=True)
Parameter containing:
tensor(-2.9441, device='cuda:0', requires_grad=True)
Parameter containing:
tensor(-2.9434, device='cuda:0', requires_grad=True)
Parameter containing:
tensor(-2.9427, device='cuda:0', requires_grad=True)
Parameter containing:
tensor(-2.9420, device='cuda:0', requires_grad=True)
Parameter containing:
tensor(-2.9412, device='cuda:0', requires_grad=True)
Parameter containing:
tensor(-2.9405, device='cuda:0', requires_grad=True)
Parameter containing:
tensor(-2.9398, device='cuda:0', requires_grad=True)
Parameter containing:
tensor(-2.9390, device='cuda:0', requires_grad=True)
Parameter containing:
tensor(-2.9383, device='cuda:0', requires_grad=True)
Parameter containing:
tensor(-2.9376, device='cuda:0', requires_grad=True)
Parameter containing:
tensor(-2.9369, device='cuda:0', requires_grad=True)
Parameter containing:
tensor(-2.9361, device='cuda:0', requires_grad=True)
Parameter containing:
tensor(-2.9354, device='cuda:0', requires_grad=True)
Parameter containing:
tensor(-2.9347, device='cuda:0', requires_grad=True)
Parameter containing:
tensor(-2.9340, device='cuda:0', requires_grad=True)
Parameter containing:
tensor(-2.9333, device='cuda:0', requires_grad=True)
Parameter containing:
tensor(-2.9326, device='cuda:0', requires_grad=True)
Parameter containing:
tensor(-2.9319, device='cuda:0', requires_grad=True)
Parameter containing:
tensor(-2.9312, device='cuda:0', requires_grad=True)
Parameter containing:
tensor(-2.9305, device='cuda:0', requires_grad=True)
Parameter containing:
tensor(-2.9298, device='cuda:0', requires_grad=True)
Parameter containing:
tensor(-2.9291, device='cuda:0', requires_grad=True)
Parameter containing:
tensor(-2.9285, device='cuda:0', requires_grad=True)
Parameter containing:
tensor(-2.9278, device='cuda:0', requires_grad=True)
Parameter containing:
tensor(-2.9271, device='cuda:0', requires_grad=True)
Parameter containing:
tensor(-2.9264, device='cuda:0', requires_grad=True)
Parameter containing:
tensor(-2.9257, device='cuda:0', requires_grad=True)
Parameter containing:
tensor(-2.9250, device='cuda:0', requires_grad=True)
Parameter containing:
tensor(-2.9243, device='cuda:0', requires_grad=True)
Parameter containing:
tensor(-2.9236, device='cuda:0', requires_grad=True)
Parameter containing:
tensor(-2.9229, device='cuda:0', requires_grad=True)
Parameter containing:
tensor(-2.9222, device='cuda:0', requires_grad=True)
Parameter containing:
tensor(-2.9215, device='cuda:0', requires_grad=True)
Parameter containing:
tensor(-2.9208, device='cuda:0', requires_grad=True)
Parameter containing:
tensor(-2.9201, device='cuda:0', requires_grad=True)
Parameter containing:
tensor(-2.9193, device='cuda:0', requires_grad=True)
Parameter containing:
tensor(-2.9186, device='cuda:0', requires_grad=True)
Parameter containing:
tensor(-2.9179, device='cuda:0', requires_grad=True)
Parameter containing:
tensor(-2.9172, device='cuda:0', requires_grad=True)
Parameter containing:
tensor(-2.9165, device='cuda:0', requires_grad=True)
Parameter containing:
tensor(-2.9158, device='cuda:0', requires_grad=True)
Parameter containing:
tensor(-2.9150, device='cuda:0', requires_grad=True)
Parameter containing:
tensor(-2.9143, device='cuda:0', requires_grad=True)
Parameter containing:
tensor(-2.9136, device='cuda:0', requires_grad=True)
Parameter containing:
tensor(-2.9129, device='cuda:0', requires_grad=True)
Parameter containing:
tensor(-2.9122, device='cuda:0', requires_grad=True)
Parameter containing:
tensor(-2.9115, device='cuda:0', requires_grad=True)
Parameter containing:
tensor(-2.9108, device='cuda:0', requires_grad=True)
Parameter containing:
tensor(-2.9101, device='cuda:0', requires_grad=True)
Parameter containing:
tensor(-2.9094, device='cuda:0', requires_grad=True)
Parameter containing:
tensor(-2.9087, device='cuda:0', requires_grad=True)
Parameter containing:
tensor(-2.9080, device='cuda:0', requires_grad=True)
Parameter containing:
tensor(-2.9073, device='cuda:0', requires_grad=True)
Parameter containing:
tensor(-2.9066, device='cuda:0', requires_grad=True)
Parameter containing:
tensor(-2.9058, device='cuda:0', requires_grad=True)
Parameter containing:
tensor(-2.9051, device='cuda:0', requires_grad=True)
Parameter containing:
tensor(-2.9045, device='cuda:0', requires_grad=True)
Parameter containing:
tensor(-2.9038, device='cuda:0', requires_grad=True)
Parameter containing:
tensor(-2.9031, device='cuda:0', requires_grad=True)
Parameter containing:
tensor(-2.9024, device='cuda:0', requires_grad=True)
Parameter containing:
tensor(-2.9017, device='cuda:0', requires_grad=True)
Parameter containing:
tensor(-2.9010, device='cuda:0', requires_grad=True)
Parameter containing:
tensor(-2.9004, device='cuda:0', requires_grad=True)
Parameter containing:
tensor(-2.8997, device='cuda:0', requires_grad=True)
Parameter containing:
tensor(-2.8990, device='cuda:0', requires_grad=True)
Parameter containing:
tensor(-2.8983, device='cuda:0', requires_grad=True)
Parameter containing:
tensor(-2.8976, device='cuda:0', requires_grad=True)
Parameter containing:
tensor(-2.8970, device='cuda:0', requires_grad=True)
Parameter containing:
tensor(-2.8963, device='cuda:0', requires_grad=True)
Parameter containing:
tensor(-2.8956, device='cuda:0', requires_grad=True)
Parameter containing:
tensor(-2.8949, device='cuda:0', requires_grad=True)
Parameter containing:
tensor(-2.8942, device='cuda:0', requires_grad=True)
Parameter containing:
tensor(-2.8935, device='cuda:0', requires_grad=True)
Parameter containing:
tensor(-2.8928, device='cuda:0', requires_grad=True)
Parameter containing:
tensor(-2.8921, device='cuda:0', requires_grad=True)
Parameter containing:
tensor(-2.8915, device='cuda:0', requires_grad=True)
Parameter containing:
tensor(-2.8908, device='cuda:0', requires_grad=True)
Parameter containing:
tensor(-2.8901, device='cuda:0', requires_grad=True)
Parameter containing:
tensor(-2.8894, device='cuda:0', requires_grad=True)
Parameter containing:
tensor(-2.8887, device='cuda:0', requires_grad=True)
Parameter containing:
tensor(-2.8880, device='cuda:0', requires_grad=True)
Parameter containing:
tensor(-2.8873, device='cuda:0', requires_grad=True)
Parameter containing:
tensor(-2.8866, device='cuda:0', requires_grad=True)
Parameter containing:
tensor(-2.8859, device='cuda:0', requires_grad=True)
Parameter containing:
tensor(-2.8852, device='cuda:0', requires_grad=True)
Parameter containing:
tensor(-2.8845, device='cuda:0', requires_grad=True)
Parameter containing:
tensor(-2.8838, device='cuda:0', requires_grad=True)
Parameter containing:
tensor(-2.8831, device='cuda:0', requires_grad=True)
Parameter containing:
tensor(-2.8824, device='cuda:0', requires_grad=True)
Parameter containing:
tensor(-2.8817, device='cuda:0', requires_grad=True)
Parameter containing:
tensor(-2.8810, device='cuda:0', requires_grad=True)
Parameter containing:
tensor(-2.8803, device='cuda:0', requires_grad=True)
Parameter containing:
tensor(-2.8796, device='cuda:0', requires_grad=True)
Parameter containing:
tensor(-2.8789, device='cuda:0', requires_grad=True)
Parameter containing:
tensor(-2.8782, device='cuda:0', requires_grad=True)
Parameter containing:
tensor(-2.8776, device='cuda:0', requires_grad=True)
Parameter containing:
tensor(-2.8769, device='cuda:0', requires_grad=True)
Parameter containing:
tensor(-2.8762, device='cuda:0', requires_grad=True)
Parameter containing:
tensor(-2.8755, device='cuda:0', requires_grad=True)
Parameter containing:
tensor(-2.8748, device='cuda:0', requires_grad=True)
Parameter containing:
tensor(-2.8741, device='cuda:0', requires_grad=True)
Parameter containing:
tensor(-2.8734, device='cuda:0', requires_grad=True)
Parameter containing:
tensor(-2.8728, device='cuda:0', requires_grad=True)
Parameter containing:
tensor(-2.8721, device='cuda:0', requires_grad=True)
Parameter containing:
tensor(-2.8714, device='cuda:0', requires_grad=True)
Parameter containing:
tensor(-2.8707, device='cuda:0', requires_grad=True)
Parameter containing:
tensor(-2.8701, device='cuda:0', requires_grad=True)
Parameter containing:
tensor(-2.8694, device='cuda:0', requires_grad=True)
Parameter containing:
tensor(-2.8687, device='cuda:0', requires_grad=True)
Parameter containing:
tensor(-2.8680, device='cuda:0', requires_grad=True)
Parameter containing:
tensor(-2.8673, device='cuda:0', requires_grad=True)
Parameter containing:
tensor(-2.8666, device='cuda:0', requires_grad=True)
Parameter containing:
tensor(-2.8659, device='cuda:0', requires_grad=True)
Parameter containing:
tensor(-2.8653, device='cuda:0', requires_grad=True)
Parameter containing:
tensor(-2.8646, device='cuda:0', requires_grad=True)
Parameter containing:
tensor(-2.8639, device='cuda:0', requires_grad=True)
Parameter containing:
tensor(-2.8632, device='cuda:0', requires_grad=True)
Parameter containing:
tensor(-2.8626, device='cuda:0', requires_grad=True)
Parameter containing:
tensor(-2.8619, device='cuda:0', requires_grad=True)
Parameter containing:
tensor(-2.8612, device='cuda:0', requires_grad=True)
Parameter containing:
tensor(-2.8605, device='cuda:0', requires_grad=True)
Parameter containing:
tensor(-2.8598, device='cuda:0', requires_grad=True)
Parameter containing:
tensor(-2.8591, device='cuda:0', requires_grad=True)
Parameter containing:
tensor(-2.8584, device='cuda:0', requires_grad=True)
Parameter containing:
tensor(-2.8578, device='cuda:0', requires_grad=True)
Parameter containing:
tensor(-2.8571, device='cuda:0', requires_grad=True)
Parameter containing:
tensor(-2.8564, device='cuda:0', requires_grad=True)
Parameter containing:
tensor(-2.8557, device='cuda:0', requires_grad=True)
Parameter containing:
tensor(-2.8550, device='cuda:0', requires_grad=True)
Parameter containing:
tensor(-2.8544, device='cuda:0', requires_grad=True)
Parameter containing:
tensor(-2.8537, device='cuda:0', requires_grad=True)
Parameter containing:
tensor(-2.8530, device='cuda:0', requires_grad=True)
Parameter containing:
tensor(-2.8523, device='cuda:0', requires_grad=True)
Parameter containing:
tensor(-2.8516, device='cuda:0', requires_grad=True)
Parameter containing:
tensor(-2.8509, device='cuda:0', requires_grad=True)
Parameter containing:
tensor(-2.8502, device='cuda:0', requires_grad=True)
Parameter containing:
tensor(-2.8496, device='cuda:0', requires_grad=True)
Parameter containing:
tensor(-2.8489, device='cuda:0', requires_grad=True)
Parameter containing:
tensor(-2.8482, device='cuda:0', requires_grad=True)
Parameter containing:
tensor(-2.8475, device='cuda:0', requires_grad=True)
Parameter containing:
tensor(-2.8468, device='cuda:0', requires_grad=True)
Parameter containing:
tensor(-2.8461, device='cuda:0', requires_grad=True)
Parameter containing:
tensor(-2.8454, device='cuda:0', requires_grad=True)
Parameter containing:
tensor(-2.8447, device='cuda:0', requires_grad=True)
Parameter containing:
tensor(-2.8440, device='cuda:0', requires_grad=True)
Parameter containing:
tensor(-2.8433, device='cuda:0', requires_grad=True)
Parameter containing:
tensor(-2.8426, device='cuda:0', requires_grad=True)
Parameter containing:
tensor(-2.8419, device='cuda:0', requires_grad=True)
Parameter containing:
tensor(-2.8412, device='cuda:0', requires_grad=True)
Parameter containing:
tensor(-2.8406, device='cuda:0', requires_grad=True)
Parameter containing:
tensor(-2.8399, device='cuda:0', requires_grad=True)
Parameter containing:
tensor(-2.8392, device='cuda:0', requires_grad=True)
Parameter containing:
tensor(-2.8385, device='cuda:0', requires_grad=True)
Parameter containing:
tensor(-2.8378, device='cuda:0', requires_grad=True)
Parameter containing:
tensor(-2.8371, device='cuda:0', requires_grad=True)
Parameter containing:
tensor(-2.8364, device='cuda:0', requires_grad=True)
Parameter containing:
tensor(-2.8357, device='cuda:0', requires_grad=True)
Parameter containing:
tensor(-2.8351, device='cuda:0', requires_grad=True)
Parameter containing:
tensor(-2.8344, device='cuda:0', requires_grad=True)
Parameter containing:
tensor(-2.8337, device='cuda:0', requires_grad=True)
Parameter containing:
tensor(-2.8330, device='cuda:0', requires_grad=True)
Parameter containing:
tensor(-2.8323, device='cuda:0', requires_grad=True)
Parameter containing:
tensor(-2.8316, device='cuda:0', requires_grad=True)
Parameter containing:
tensor(-2.8309, device='cuda:0', requires_grad=True)
Parameter containing:
tensor(-2.8303, device='cuda:0', requires_grad=True)
Parameter containing:
tensor(-2.8296, device='cuda:0', requires_grad=True)
Parameter containing:
tensor(-2.8289, device='cuda:0', requires_grad=True)
Parameter containing:
tensor(-2.8283, device='cuda:0', requires_grad=True)
Parameter containing:
tensor(-2.8276, device='cuda:0', requires_grad=True)
Parameter containing:
tensor(-2.8269, device='cuda:0', requires_grad=True)
Parameter containing:
tensor(-2.8262, device='cuda:0', requires_grad=True)
Parameter containing:
tensor(-2.8256, device='cuda:0', requires_grad=True)
Parameter containing:
tensor(-2.8249, device='cuda:0', requires_grad=True)
Parameter containing:
tensor(-2.8242, device='cuda:0', requires_grad=True)
Parameter containing:
tensor(-2.8236, device='cuda:0', requires_grad=True)
Parameter containing:
tensor(-2.8229, device='cuda:0', requires_grad=True)
Parameter containing:
tensor(-2.8222, device='cuda:0', requires_grad=True)
Parameter containing:
tensor(-2.8216, device='cuda:0', requires_grad=True)
Parameter containing:
tensor(-2.8209, device='cuda:0', requires_grad=True)
Parameter containing:
tensor(-2.8203, device='cuda:0', requires_grad=True)
Parameter containing:
tensor(-2.8196, device='cuda:0', requires_grad=True)
Parameter containing:
tensor(-2.8190, device='cuda:0', requires_grad=True)
Parameter containing:
tensor(-2.8183, device='cuda:0', requires_grad=True)
Parameter containing:
tensor(-2.8177, device='cuda:0', requires_grad=True)
Parameter containing:
tensor(-2.8171, device='cuda:0', requires_grad=True)
Parameter containing:
tensor(-2.8164, device='cuda:0', requires_grad=True)
Parameter containing:
tensor(-2.8158, device='cuda:0', requires_grad=True)
Parameter containing:
tensor(-2.8152, device='cuda:0', requires_grad=True)
Parameter containing:
tensor(-2.8145, device='cuda:0', requires_grad=True)
Parameter containing:
tensor(-2.8139, device='cuda:0', requires_grad=True)
Parameter containing:
tensor(-2.8132, device='cuda:0', requires_grad=True)
Parameter containing:
tensor(-2.8125, device='cuda:0', requires_grad=True)
Parameter containing:
tensor(-2.8119, device='cuda:0', requires_grad=True)
Parameter containing:
tensor(-2.8112, device='cuda:0', requires_grad=True)
Parameter containing:
tensor(-2.8106, device='cuda:0', requires_grad=True)
Parameter containing:
tensor(-2.8099, device='cuda:0', requires_grad=True)
Parameter containing:
tensor(-2.8093, device='cuda:0', requires_grad=True)
Parameter containing:
tensor(-2.8086, device='cuda:0', requires_grad=True)
Parameter containing:
tensor(-2.8079, device='cuda:0', requires_grad=True)
Parameter containing:
tensor(-2.8073, device='cuda:0', requires_grad=True)
Parameter containing:
tensor(-2.8066, device='cuda:0', requires_grad=True)
Parameter containing:
tensor(-2.8060, device='cuda:0', requires_grad=True)
Parameter containing:
tensor(-2.8053, device='cuda:0', requires_grad=True)
Parameter containing:
tensor(-2.8046, device='cuda:0', requires_grad=True)
Parameter containing:
tensor(-2.8040, device='cuda:0', requires_grad=True)
Parameter containing:
tensor(-2.8033, device='cuda:0', requires_grad=True)
Parameter containing:
tensor(-2.8026, device='cuda:0', requires_grad=True)
Parameter containing:
tensor(-2.8020, device='cuda:0', requires_grad=True)
Parameter containing:
tensor(-2.8013, device='cuda:0', requires_grad=True)
Parameter containing:
tensor(-2.8006, device='cuda:0', requires_grad=True)
Parameter containing:
tensor(-2.8000, device='cuda:0', requires_grad=True)
Parameter containing:
tensor(-2.7993, device='cuda:0', requires_grad=True)
Parameter containing:
tensor(-2.7987, device='cuda:0', requires_grad=True)
Parameter containing:
tensor(-2.7980, device='cuda:0', requires_grad=True)
Parameter containing:
tensor(-2.7973, device='cuda:0', requires_grad=True)
Parameter containing:
tensor(-2.7967, device='cuda:0', requires_grad=True)
Parameter containing:
tensor(-2.7960, device='cuda:0', requires_grad=True)
Parameter containing:
tensor(-2.7954, device='cuda:0', requires_grad=True)
Parameter containing:
tensor(-2.7947, device='cuda:0', requires_grad=True)
Parameter containing:
tensor(-2.7940, device='cuda:0', requires_grad=True)
Parameter containing:
tensor(-2.7934, device='cuda:0', requires_grad=True)
Parameter containing:
tensor(-2.7927, device='cuda:0', requires_grad=True)
Parameter containing:
tensor(-2.7921, device='cuda:0', requires_grad=True)
Parameter containing:
tensor(-2.7914, device='cuda:0', requires_grad=True)
Parameter containing:
tensor(-2.7908, device='cuda:0', requires_grad=True)
Parameter containing:
tensor(-2.7901, device='cuda:0', requires_grad=True)
Parameter containing:
tensor(-2.7894, device='cuda:0', requires_grad=True)
Parameter containing:
tensor(-2.7888, device='cuda:0', requires_grad=True)
Parameter containing:
tensor(-2.7881, device='cuda:0', requires_grad=True)
Parameter containing:
tensor(-2.7875, device='cuda:0', requires_grad=True)
Parameter containing:
tensor(-2.7868, device='cuda:0', requires_grad=True)
Parameter containing:
tensor(-2.7862, device='cuda:0', requires_grad=True)
Parameter containing:
tensor(-2.7855, device='cuda:0', requires_grad=True)
Parameter containing:
tensor(-2.7849, device='cuda:0', requires_grad=True)
Parameter containing:
tensor(-2.7842, device='cuda:0', requires_grad=True)
Parameter containing:
tensor(-2.7836, device='cuda:0', requires_grad=True)
Parameter containing:
tensor(-2.7829, device='cuda:0', requires_grad=True)
Parameter containing:
tensor(-2.7823, device='cuda:0', requires_grad=True)
Parameter containing:
tensor(-2.7816, device='cuda:0', requires_grad=True)
Parameter containing:
tensor(-2.7810, device='cuda:0', requires_grad=True)
Parameter containing:
tensor(-2.7804, device='cuda:0', requires_grad=True)
Parameter containing:
tensor(-2.7797, device='cuda:0', requires_grad=True)
Parameter containing:
tensor(-2.7791, device='cuda:0', requires_grad=True)
Parameter containing:
tensor(-2.7784, device='cuda:0', requires_grad=True)
Parameter containing:
tensor(-2.7778, device='cuda:0', requires_grad=True)
Parameter containing:
tensor(-2.7771, device='cuda:0', requires_grad=True)
Parameter containing:
tensor(-2.7765, device='cuda:0', requires_grad=True)
Parameter containing:
tensor(-2.7759, device='cuda:0', requires_grad=True)
Parameter containing:
tensor(-2.7753, device='cuda:0', requires_grad=True)
Parameter containing:
tensor(-2.7746, device='cuda:0', requires_grad=True)
Parameter containing:
tensor(-2.7740, device='cuda:0', requires_grad=True)
Parameter containing:
tensor(-2.7734, device='cuda:0', requires_grad=True)
Parameter containing:
tensor(-2.7728, device='cuda:0', requires_grad=True)
Parameter containing:
tensor(-2.7721, device='cuda:0', requires_grad=True)
Parameter containing:
tensor(-2.7715, device='cuda:0', requires_grad=True)
Parameter containing:
tensor(-2.7709, device='cuda:0', requires_grad=True)
Parameter containing:
tensor(-2.7703, device='cuda:0', requires_grad=True)
Parameter containing:
tensor(-2.7697, device='cuda:0', requires_grad=True)
Parameter containing:
tensor(-2.7690, device='cuda:0', requires_grad=True)
Parameter containing:
tensor(-2.7684, device='cuda:0', requires_grad=True)
Parameter containing:
tensor(-2.7678, device='cuda:0', requires_grad=True)
Parameter containing:
tensor(-2.7672, device='cuda:0', requires_grad=True)
Parameter containing:
tensor(-2.7666, device='cuda:0', requires_grad=True)
Parameter containing:
tensor(-2.7660, device='cuda:0', requires_grad=True)
Parameter containing:
tensor(-2.7653, device='cuda:0', requires_grad=True)
Parameter containing:
tensor(-2.7647, device='cuda:0', requires_grad=True)
Parameter containing:
tensor(-2.7641, device='cuda:0', requires_grad=True)
Parameter containing:
tensor(-2.7635, device='cuda:0', requires_grad=True)
Parameter containing:
tensor(-2.7628, device='cuda:0', requires_grad=True)
Parameter containing:
tensor(-2.7622, device='cuda:0', requires_grad=True)
Parameter containing:
tensor(-2.7616, device='cuda:0', requires_grad=True)
Parameter containing:
tensor(-2.7610, device='cuda:0', requires_grad=True)
Parameter containing:
tensor(-2.7604, device='cuda:0', requires_grad=True)
Parameter containing:
tensor(-2.7597, device='cuda:0', requires_grad=True)
Parameter containing:
tensor(-2.7591, device='cuda:0', requires_grad=True)
Parameter containing:
tensor(-2.7585, device='cuda:0', requires_grad=True)
Parameter containing:
tensor(-2.7578, device='cuda:0', requires_grad=True)
Parameter containing:
tensor(-2.7572, device='cuda:0', requires_grad=True)
Parameter containing:
tensor(-2.7566, device='cuda:0', requires_grad=True)
Parameter containing:
tensor(-2.7560, device='cuda:0', requires_grad=True)
Parameter containing:
tensor(-2.7553, device='cuda:0', requires_grad=True)
Parameter containing:
tensor(-2.7547, device='cuda:0', requires_grad=True)
Parameter containing:
tensor(-2.7541, device='cuda:0', requires_grad=True)
Parameter containing:
tensor(-2.7534, device='cuda:0', requires_grad=True)
Parameter containing:
tensor(-2.7528, device='cuda:0', requires_grad=True)
Parameter containing:
tensor(-2.7522, device='cuda:0', requires_grad=True)
Parameter containing:
tensor(-2.7515, device='cuda:0', requires_grad=True)
Parameter containing:
tensor(-2.7509, device='cuda:0', requires_grad=True)
Parameter containing:
tensor(-2.7503, device='cuda:0', requires_grad=True)
Parameter containing:
tensor(-2.7497, device='cuda:0', requires_grad=True)
Parameter containing:
tensor(-2.7491, device='cuda:0', requires_grad=True)
Parameter containing:
tensor(-2.7485, device='cuda:0', requires_grad=True)
Parameter containing:
tensor(-2.7479, device='cuda:0', requires_grad=True)
Parameter containing:
tensor(-2.7473, device='cuda:0', requires_grad=True)
Parameter containing:
tensor(-2.7467, device='cuda:0', requires_grad=True)
Parameter containing:
tensor(-2.7461, device='cuda:0', requires_grad=True)
Parameter containing:
tensor(-2.7456, device='cuda:0', requires_grad=True)
Parameter containing:
tensor(-2.7450, device='cuda:0', requires_grad=True)
Parameter containing:
tensor(-2.7444, device='cuda:0', requires_grad=True)
Parameter containing:
tensor(-2.7439, device='cuda:0', requires_grad=True)
Parameter containing:
tensor(-2.7433, device='cuda:0', requires_grad=True)
Parameter containing:
tensor(-2.7427, device='cuda:0', requires_grad=True)
Parameter containing:
tensor(-2.7421, device='cuda:0', requires_grad=True)
Parameter containing:
tensor(-2.7415, device='cuda:0', requires_grad=True)
Parameter containing:
tensor(-2.7410, device='cuda:0', requires_grad=True)
Parameter containing:
tensor(-2.7404, device='cuda:0', requires_grad=True)
Parameter containing:
tensor(-2.7398, device='cuda:0', requires_grad=True)
Parameter containing:
tensor(-2.7392, device='cuda:0', requires_grad=True)
Parameter containing:
tensor(-2.7386, device='cuda:0', requires_grad=True)
Parameter containing:
tensor(-2.7380, device='cuda:0', requires_grad=True)
Parameter containing:
tensor(-2.7374, device='cuda:0', requires_grad=True)
Parameter containing:
tensor(-2.7368, device='cuda:0', requires_grad=True)
Parameter containing:
tensor(-2.7362, device='cuda:0', requires_grad=True)
Parameter containing:
tensor(-2.7357, device='cuda:0', requires_grad=True)
Parameter containing:
tensor(-2.7351, device='cuda:0', requires_grad=True)
Parameter containing:
tensor(-2.7345, device='cuda:0', requires_grad=True)
Parameter containing:
tensor(-2.7339, device='cuda:0', requires_grad=True)
Parameter containing:
tensor(-2.7333, device='cuda:0', requires_grad=True)
Parameter containing:
tensor(-2.7327, device='cuda:0', requires_grad=True)
Parameter containing:
tensor(-2.7321, device='cuda:0', requires_grad=True)
Parameter containing:
tensor(-2.7314, device='cuda:0', requires_grad=True)
Parameter containing:
tensor(-2.7308, device='cuda:0', requires_grad=True)
Parameter containing:
tensor(-2.7302, device='cuda:0', requires_grad=True)
Parameter containing:
tensor(-2.7296, device='cuda:0', requires_grad=True)
Parameter containing:
tensor(-2.7290, device='cuda:0', requires_grad=True)
Parameter containing:
tensor(-2.7284, device='cuda:0', requires_grad=True)
Parameter containing:
tensor(-2.7277, device='cuda:0', requires_grad=True)
Parameter containing:
tensor(-2.7271, device='cuda:0', requires_grad=True)
Parameter containing:
tensor(-2.7265, device='cuda:0', requires_grad=True)
Parameter containing:
tensor(-2.7259, device='cuda:0', requires_grad=True)
Parameter containing:
tensor(-2.7253, device='cuda:0', requires_grad=True)
Parameter containing:
tensor(-2.7247, device='cuda:0', requires_grad=True)
Parameter containing:
tensor(-2.7241, device='cuda:0', requires_grad=True)
Parameter containing:
tensor(-2.7235, device='cuda:0', requires_grad=True)
Parameter containing:
tensor(-2.7229, device='cuda:0', requires_grad=True)
Parameter containing:
tensor(-2.7223, device='cuda:0', requires_grad=True)
Parameter containing:
tensor(-2.7217, device='cuda:0', requires_grad=True)
Parameter containing:
tensor(-2.7211, device='cuda:0', requires_grad=True)
Parameter containing:
tensor(-2.7205, device='cuda:0', requires_grad=True)
Parameter containing:
tensor(-2.7199, device='cuda:0', requires_grad=True)
Parameter containing:
tensor(-2.7193, device='cuda:0', requires_grad=True)
Parameter containing:
tensor(-2.7188, device='cuda:0', requires_grad=True)
Parameter containing:
tensor(-2.7182, device='cuda:0', requires_grad=True)
Parameter containing:
tensor(-2.7176, device='cuda:0', requires_grad=True)
Parameter containing:
tensor(-2.7170, device='cuda:0', requires_grad=True)
Parameter containing:
tensor(-2.7165, device='cuda:0', requires_grad=True)
Parameter containing:
tensor(-2.7159, device='cuda:0', requires_grad=True)
Parameter containing:
tensor(-2.7153, device='cuda:0', requires_grad=True)
Parameter containing:
tensor(-2.7148, device='cuda:0', requires_grad=True)
Parameter containing:
tensor(-2.7142, device='cuda:0', requires_grad=True)
Parameter containing:
tensor(-2.7137, device='cuda:0', requires_grad=True)
Parameter containing:
tensor(-2.7131, device='cuda:0', requires_grad=True)
Parameter containing:
tensor(-2.7125, device='cuda:0', requires_grad=True)
Parameter containing:
tensor(-2.7120, device='cuda:0', requires_grad=True)
Parameter containing:
tensor(-2.7114, device='cuda:0', requires_grad=True)
Parameter containing:
tensor(-2.7108, device='cuda:0', requires_grad=True)
Parameter containing:
tensor(-2.7103, device='cuda:0', requires_grad=True)
Parameter containing:
tensor(-2.7097, device='cuda:0', requires_grad=True)
Parameter containing:
tensor(-2.7091, device='cuda:0', requires_grad=True)
Parameter containing:
tensor(-2.7086, device='cuda:0', requires_grad=True)
Parameter containing:
tensor(-2.7081, device='cuda:0', requires_grad=True)
Parameter containing:
tensor(-2.7075, device='cuda:0', requires_grad=True)
Parameter containing:
tensor(-2.7070, device='cuda:0', requires_grad=True)
Parameter containing:
tensor(-2.7064, device='cuda:0', requires_grad=True)
Parameter containing:
tensor(-2.7059, device='cuda:0', requires_grad=True)
Parameter containing:
tensor(-2.7053, device='cuda:0', requires_grad=True)
Parameter containing:
tensor(-2.7048, device='cuda:0', requires_grad=True)
Parameter containing:
tensor(-2.7042, device='cuda:0', requires_grad=True)
Parameter containing:
tensor(-2.7037, device='cuda:0', requires_grad=True)
Parameter containing:
tensor(-2.7032, device='cuda:0', requires_grad=True)
Parameter containing:
tensor(-2.7027, device='cuda:0', requires_grad=True)
Parameter containing:
tensor(-2.7021, device='cuda:0', requires_grad=True)
Parameter containing:
tensor(-2.7016, device='cuda:0', requires_grad=True)
Parameter containing:
tensor(-2.7011, device='cuda:0', requires_grad=True)
Parameter containing:
tensor(-2.7005, device='cuda:0', requires_grad=True)
Parameter containing:
tensor(-2.7000, device='cuda:0', requires_grad=True)
Parameter containing:
tensor(-2.6995, device='cuda:0', requires_grad=True)
Parameter containing:
tensor(-2.6989, device='cuda:0', requires_grad=True)
Parameter containing:
tensor(-2.6984, device='cuda:0', requires_grad=True)
Parameter containing:
tensor(-2.6978, device='cuda:0', requires_grad=True)
Parameter containing:
tensor(-2.6973, device='cuda:0', requires_grad=True)
Parameter containing:
tensor(-2.6967, device='cuda:0', requires_grad=True)
Parameter containing:
tensor(-2.6961, device='cuda:0', requires_grad=True)
Parameter containing:
tensor(-2.6956, device='cuda:0', requires_grad=True)
Parameter containing:
tensor(-2.6950, device='cuda:0', requires_grad=True)
Parameter containing:
tensor(-2.6944, device='cuda:0', requires_grad=True)
Parameter containing:
tensor(-2.6939, device='cuda:0', requires_grad=True)
Parameter containing:
tensor(-2.6933, device='cuda:0', requires_grad=True)
Parameter containing:
tensor(-2.6927, device='cuda:0', requires_grad=True)
Parameter containing:
tensor(-2.6922, device='cuda:0', requires_grad=True)
Parameter containing:
tensor(-2.6916, device='cuda:0', requires_grad=True)
Parameter containing:
tensor(-2.6910, device='cuda:0', requires_grad=True)
Parameter containing:
tensor(-2.6905, device='cuda:0', requires_grad=True)
Parameter containing:
tensor(-2.6899, device='cuda:0', requires_grad=True)
Parameter containing:
tensor(-2.6893, device='cuda:0', requires_grad=True)
Parameter containing:
tensor(-2.6888, device='cuda:0', requires_grad=True)
Parameter containing:
tensor(-2.6882, device='cuda:0', requires_grad=True)
Parameter containing:
tensor(-2.6876, device='cuda:0', requires_grad=True)
Parameter containing:
tensor(-2.6871, device='cuda:0', requires_grad=True)
Parameter containing:
tensor(-2.6865, device='cuda:0', requires_grad=True)
Parameter containing:
tensor(-2.6860, device='cuda:0', requires_grad=True)
Parameter containing:
tensor(-2.6855, device='cuda:0', requires_grad=True)
Parameter containing:
tensor(-2.6849, device='cuda:0', requires_grad=True)
Parameter containing:
tensor(-2.6843, device='cuda:0', requires_grad=True)
Parameter containing:
tensor(-2.6838, device='cuda:0', requires_grad=True)
Parameter containing:
tensor(-2.6832, device='cuda:0', requires_grad=True)
Parameter containing:
tensor(-2.6826, device='cuda:0', requires_grad=True)
Parameter containing:
tensor(-2.6821, device='cuda:0', requires_grad=True)
Parameter containing:
tensor(-2.6815, device='cuda:0', requires_grad=True)
Parameter containing:
tensor(-2.6810, device='cuda:0', requires_grad=True)
Parameter containing:
tensor(-2.6804, device='cuda:0', requires_grad=True)
Parameter containing:
tensor(-2.6798, device='cuda:0', requires_grad=True)
Parameter containing:
tensor(-2.6793, device='cuda:0', requires_grad=True)
Parameter containing:
tensor(-2.6787, device='cuda:0', requires_grad=True)
Parameter containing:
tensor(-2.6782, device='cuda:0', requires_grad=True)
Parameter containing:
tensor(-2.6776, device='cuda:0', requires_grad=True)
Parameter containing:
tensor(-2.6771, device='cuda:0', requires_grad=True)
Parameter containing:
tensor(-2.6766, device='cuda:0', requires_grad=True)
Parameter containing:
tensor(-2.6760, device='cuda:0', requires_grad=True)
Parameter containing:
tensor(-2.6755, device='cuda:0', requires_grad=True)
Parameter containing:
tensor(-2.6750, device='cuda:0', requires_grad=True)
Parameter containing:
tensor(-2.6744, device='cuda:0', requires_grad=True)
Parameter containing:
tensor(-2.6739, device='cuda:0', requires_grad=True)
Parameter containing:
tensor(-2.6733, device='cuda:0', requires_grad=True)
Parameter containing:
tensor(-2.6728, device='cuda:0', requires_grad=True)
Parameter containing:
tensor(-2.6722, device='cuda:0', requires_grad=True)
Parameter containing:
tensor(-2.6717, device='cuda:0', requires_grad=True)
Parameter containing:
tensor(-2.6712, device='cuda:0', requires_grad=True)
Parameter containing:
tensor(-2.6707, device='cuda:0', requires_grad=True)
Parameter containing:
tensor(-2.6701, device='cuda:0', requires_grad=True)
Parameter containing:
tensor(-2.6696, device='cuda:0', requires_grad=True)
Parameter containing:
tensor(-2.6691, device='cuda:0', requires_grad=True)
Parameter containing:
tensor(-2.6685, device='cuda:0', requires_grad=True)
Parameter containing:
tensor(-2.6680, device='cuda:0', requires_grad=True)


PS:

Read file <14830696.stderr> for stderr output of this job.

