Sender: LSF System <lsfadmin@ls16>
Subject: Job 15340318: <supervised> in cluster <lila> Done

Job <supervised> was submitted from host <lilac> by user <nguyenm5> in cluster <lila> at Wed Jul 15 12:23:35 2020
Job was executed on host(s) <12*ls16>, in queue <gpuqueue>, as user <nguyenm5> in cluster <lila> at Wed Jul 15 12:33:34 2020
</home/nguyenm5> was used as the home directory.
</home/nguyenm5/coding/pinot> was used as the working directory.
Started at Wed Jul 15 12:33:34 2020
Terminated at Wed Jul 15 12:33:46 2020
Results reported at Wed Jul 15 12:33:46 2020

Your job looked like:

------------------------------------------------------------
# LSBATCH: User input
/home/nguyenm5/anaconda3/envs/pinot/bin/python scripts/active/plotting_active.py --net ExactGaussianProcessRegressor --num_rounds 4 --num_trials 1 --num_epochs 100 --data moonshot --q 96 --acquisition ExpectedImprovement --output_folder /home/nguyenm5/coding/pinot/jul-16-final/active-supervised --index 1
------------------------------------------------------------

Successfully completed.

Resource usage summary:

    CPU time :                                   24.33 sec.
    Max Memory :                                 2 GB
    Average Memory :                             1.12 GB
    Total Requested Memory :                     192.00 GB
    Delta Memory :                               190.00 GB
    Max Swap :                                   -
    Max Processes :                              3
    Max Threads :                                20
    Run time :                                   12 sec.
    Turnaround time :                            611 sec.

The output (if any) follows:

0
Max probability of improvement:
[array(0.49517953, dtype=float32), array(0.48556513, dtype=float32), array(0.49532437, dtype=float32), array(0.4959395, dtype=float32)]
Max UCB:
[array(1.9509362, dtype=float32), array(1.9393431, dtype=float32), array(1.9264883, dtype=float32), array(1.9029213, dtype=float32)]
Max UCB - ybest
[1.8962458, 1.8841143, 1.8712595, 1.8476925]


PS:

Read file </home/nguyenm5/coding/pinot/jul-16-final/active-supervised/ExpectedImprovement_100.stderr> for stderr output of this job.

Sender: LSF System <lsfadmin@ls06>
Subject: Job 15340319: <supervised> in cluster <lila> Done

Job <supervised> was submitted from host <lilac> by user <nguyenm5> in cluster <lila> at Wed Jul 15 12:23:36 2020
Job was executed on host(s) <12*ls06>, in queue <gpuqueue>, as user <nguyenm5> in cluster <lila> at Wed Jul 15 12:33:35 2020
</home/nguyenm5> was used as the home directory.
</home/nguyenm5/coding/pinot> was used as the working directory.
Started at Wed Jul 15 12:33:35 2020
Terminated at Wed Jul 15 12:33:47 2020
Results reported at Wed Jul 15 12:33:47 2020

Your job looked like:

------------------------------------------------------------
# LSBATCH: User input
/home/nguyenm5/anaconda3/envs/pinot/bin/python scripts/active/plotting_active.py --net ExactGaussianProcessRegressor --num_rounds 4 --num_trials 1 --num_epochs 100 --data moonshot --q 96 --acquisition ExpectedImprovement --output_folder /home/nguyenm5/coding/pinot/jul-16-final/active-supervised --index 2
------------------------------------------------------------

Successfully completed.

Resource usage summary:

    CPU time :                                   25.14 sec.
    Max Memory :                                 2 GB
    Average Memory :                             1.38 GB
    Total Requested Memory :                     192.00 GB
    Delta Memory :                               190.00 GB
    Max Swap :                                   -
    Max Processes :                              3
    Max Threads :                                20
    Run time :                                   12 sec.
    Turnaround time :                            611 sec.

The output (if any) follows:

0
Max probability of improvement:
[array(0.49669796, dtype=float32), array(0.4710381, dtype=float32), array(0.31107068, dtype=float32), array(0.45643002, dtype=float32)]
Max UCB:
[array(1.9505503, dtype=float32), array(1.9386264, dtype=float32), array(1.9273237, dtype=float32), array(1.9694563, dtype=float32)]
Max UCB - ybest
[1.913088, 1.8664503, 1.4381837, 1.4803163]


PS:

Read file </home/nguyenm5/coding/pinot/jul-16-final/active-supervised/ExpectedImprovement_100.stderr> for stderr output of this job.

Sender: LSF System <lsfadmin@ls17>
Subject: Job 15340320: <supervised> in cluster <lila> Done

Job <supervised> was submitted from host <lilac> by user <nguyenm5> in cluster <lila> at Wed Jul 15 12:23:36 2020
Job was executed on host(s) <12*ls17>, in queue <gpuqueue>, as user <nguyenm5> in cluster <lila> at Wed Jul 15 12:33:38 2020
</home/nguyenm5> was used as the home directory.
</home/nguyenm5/coding/pinot> was used as the working directory.
Started at Wed Jul 15 12:33:38 2020
Terminated at Wed Jul 15 12:33:49 2020
Results reported at Wed Jul 15 12:33:49 2020

Your job looked like:

------------------------------------------------------------
# LSBATCH: User input
/home/nguyenm5/anaconda3/envs/pinot/bin/python scripts/active/plotting_active.py --net ExactGaussianProcessRegressor --num_rounds 4 --num_trials 1 --num_epochs 100 --data moonshot --q 96 --acquisition ExpectedImprovement --output_folder /home/nguyenm5/coding/pinot/jul-16-final/active-supervised --index 3
------------------------------------------------------------

Successfully completed.

Resource usage summary:

    CPU time :                                   23.78 sec.
    Max Memory :                                 2 GB
    Average Memory :                             1.38 GB
    Total Requested Memory :                     192.00 GB
    Delta Memory :                               190.00 GB
    Max Swap :                                   -
    Max Processes :                              3
    Max Threads :                                20
    Run time :                                   11 sec.
    Turnaround time :                            613 sec.

The output (if any) follows:

0
Max probability of improvement:
[array(0.47108722, dtype=float32), array(0.49359447, dtype=float32), array(0.46704608, dtype=float32), array(0.46500868, dtype=float32)]
Max UCB:
[array(1.950209, dtype=float32), array(1.937911, dtype=float32), array(1.8932878, dtype=float32), array(1.7744372, dtype=float32)]
Max UCB - ybest
[1.8780329, 1.8657349, 1.8211117, 1.7022611]


PS:

Read file </home/nguyenm5/coding/pinot/jul-16-final/active-supervised/ExpectedImprovement_100.stderr> for stderr output of this job.

Sender: LSF System <lsfadmin@ls07>
Subject: Job 15340321: <supervised> in cluster <lila> Done

Job <supervised> was submitted from host <lilac> by user <nguyenm5> in cluster <lila> at Wed Jul 15 12:23:36 2020
Job was executed on host(s) <12*ls07>, in queue <gpuqueue>, as user <nguyenm5> in cluster <lila> at Wed Jul 15 12:33:40 2020
</home/nguyenm5> was used as the home directory.
</home/nguyenm5/coding/pinot> was used as the working directory.
Started at Wed Jul 15 12:33:40 2020
Terminated at Wed Jul 15 12:33:54 2020
Results reported at Wed Jul 15 12:33:54 2020

Your job looked like:

------------------------------------------------------------
# LSBATCH: User input
/home/nguyenm5/anaconda3/envs/pinot/bin/python scripts/active/plotting_active.py --net ExactGaussianProcessRegressor --num_rounds 4 --num_trials 1 --num_epochs 100 --data moonshot --q 96 --acquisition ExpectedImprovement --output_folder /home/nguyenm5/coding/pinot/jul-16-final/active-supervised --index 4
------------------------------------------------------------

Successfully completed.

Resource usage summary:

    CPU time :                                   25.18 sec.
    Max Memory :                                 2 GB
    Average Memory :                             1.22 GB
    Total Requested Memory :                     192.00 GB
    Delta Memory :                               190.00 GB
    Max Swap :                                   -
    Max Processes :                              3
    Max Threads :                                20
    Run time :                                   14 sec.
    Turnaround time :                            618 sec.

The output (if any) follows:

0
Max probability of improvement:
[array(0.4886682, dtype=float32), array(0.45969564, dtype=float32), array(0.45715463, dtype=float32), array(0.45473677, dtype=float32)]
Max UCB:
[array(1.9542346, dtype=float32), array(1.9398216, dtype=float32), array(1.9259409, dtype=float32), array(1.8874807, dtype=float32)]
Max UCB - ybest
[1.8256559, 1.811243, 1.7973623, 1.7589021]


PS:

Read file </home/nguyenm5/coding/pinot/jul-16-final/active-supervised/ExpectedImprovement_100.stderr> for stderr output of this job.

Sender: LSF System <lsfadmin@ls17>
Subject: Job 15340324: <supervised> in cluster <lila> Done

Job <supervised> was submitted from host <lilac> by user <nguyenm5> in cluster <lila> at Wed Jul 15 12:23:36 2020
Job was executed on host(s) <12*ls17>, in queue <gpuqueue>, as user <nguyenm5> in cluster <lila> at Wed Jul 15 12:33:50 2020
</home/nguyenm5> was used as the home directory.
</home/nguyenm5/coding/pinot> was used as the working directory.
Started at Wed Jul 15 12:33:50 2020
Terminated at Wed Jul 15 12:34:02 2020
Results reported at Wed Jul 15 12:34:02 2020

Your job looked like:

------------------------------------------------------------
# LSBATCH: User input
/home/nguyenm5/anaconda3/envs/pinot/bin/python scripts/active/plotting_active.py --net ExactGaussianProcessRegressor --num_rounds 4 --num_trials 1 --num_epochs 100 --data moonshot --q 96 --acquisition ExpectedImprovement --output_folder /home/nguyenm5/coding/pinot/jul-16-final/active-supervised --index 7
------------------------------------------------------------

Successfully completed.

Resource usage summary:

    CPU time :                                   25.12 sec.
    Max Memory :                                 2 GB
    Average Memory :                             1.38 GB
    Total Requested Memory :                     192.00 GB
    Delta Memory :                               190.00 GB
    Max Swap :                                   -
    Max Processes :                              3
    Max Threads :                                20
    Run time :                                   12 sec.
    Turnaround time :                            626 sec.

The output (if any) follows:

0
Max probability of improvement:
[array(0.49630332, dtype=float32), array(0.4814747, dtype=float32), array(0.4832132, dtype=float32), array(0.43679094, dtype=float32)]
Max UCB:
[array(1.9502085, dtype=float32), array(1.9368999, dtype=float32), array(1.9184062, dtype=float32), array(1.8851196, dtype=float32)]
Max UCB - ybest
[1.9409883, 1.890121, 1.8716273, 1.7281216]


PS:

Read file </home/nguyenm5/coding/pinot/jul-16-final/active-supervised/ExpectedImprovement_100.stderr> for stderr output of this job.

Sender: LSF System <lsfadmin@ls07>
Subject: Job 15340325: <supervised> in cluster <lila> Done

Job <supervised> was submitted from host <lilac> by user <nguyenm5> in cluster <lila> at Wed Jul 15 12:23:36 2020
Job was executed on host(s) <12*ls07>, in queue <gpuqueue>, as user <nguyenm5> in cluster <lila> at Wed Jul 15 12:33:55 2020
</home/nguyenm5> was used as the home directory.
</home/nguyenm5/coding/pinot> was used as the working directory.
Started at Wed Jul 15 12:33:55 2020
Terminated at Wed Jul 15 12:34:07 2020
Results reported at Wed Jul 15 12:34:07 2020

Your job looked like:

------------------------------------------------------------
# LSBATCH: User input
/home/nguyenm5/anaconda3/envs/pinot/bin/python scripts/active/plotting_active.py --net ExactGaussianProcessRegressor --num_rounds 4 --num_trials 1 --num_epochs 100 --data moonshot --q 96 --acquisition ExpectedImprovement --output_folder /home/nguyenm5/coding/pinot/jul-16-final/active-supervised --index 8
------------------------------------------------------------

Successfully completed.

Resource usage summary:

    CPU time :                                   24.42 sec.
    Max Memory :                                 2 GB
    Average Memory :                             1.38 GB
    Total Requested Memory :                     192.00 GB
    Delta Memory :                               190.00 GB
    Max Swap :                                   -
    Max Processes :                              3
    Max Threads :                                20
    Run time :                                   12 sec.
    Turnaround time :                            631 sec.

The output (if any) follows:

0
Max probability of improvement:
[array(0.49639755, dtype=float32), array(0.48034632, dtype=float32), array(0.48075116, dtype=float32), array(0.49399388, dtype=float32)]
Max UCB:
[array(1.9506159, dtype=float32), array(1.9390428, dtype=float32), array(1.9267247, dtype=float32), array(1.899718, dtype=float32)]
Max UCB - ybest
[1.9097445, 1.883814, 1.8545486, 1.827542]


PS:

Read file </home/nguyenm5/coding/pinot/jul-16-final/active-supervised/ExpectedImprovement_100.stderr> for stderr output of this job.

Sender: LSF System <lsfadmin@ls06>
Subject: Job 15340323: <supervised> in cluster <lila> Done

Job <supervised> was submitted from host <lilac> by user <nguyenm5> in cluster <lila> at Wed Jul 15 12:23:36 2020
Job was executed on host(s) <12*ls06>, in queue <gpuqueue>, as user <nguyenm5> in cluster <lila> at Wed Jul 15 12:33:49 2020
</home/nguyenm5> was used as the home directory.
</home/nguyenm5/coding/pinot> was used as the working directory.
Started at Wed Jul 15 12:33:49 2020
Terminated at Wed Jul 15 12:34:09 2020
Results reported at Wed Jul 15 12:34:09 2020

Your job looked like:

------------------------------------------------------------
# LSBATCH: User input
/home/nguyenm5/anaconda3/envs/pinot/bin/python scripts/active/plotting_active.py --net ExactGaussianProcessRegressor --num_rounds 4 --num_trials 1 --num_epochs 100 --data moonshot --q 96 --acquisition ExpectedImprovement --output_folder /home/nguyenm5/coding/pinot/jul-16-final/active-supervised --index 6
------------------------------------------------------------

Successfully completed.

Resource usage summary:

    CPU time :                                   28.19 sec.
    Max Memory :                                 2 GB
    Average Memory :                             0.92 GB
    Total Requested Memory :                     192.00 GB
    Delta Memory :                               190.00 GB
    Max Swap :                                   -
    Max Processes :                              3
    Max Threads :                                20
    Run time :                                   21 sec.
    Turnaround time :                            633 sec.

The output (if any) follows:

0
Max probability of improvement:
[array(0.4899491, dtype=float32), array(0.47358423, dtype=float32), array(0.4719593, dtype=float32), array(0.46229678, dtype=float32)]
Max UCB:
[array(1.9533732, dtype=float32), array(1.9409155, dtype=float32), array(1.9261596, dtype=float32), array(1.9100766, dtype=float32)]
Max UCB - ybest
[1.8393319, 1.8268741, 1.8121183, 1.7960353]


PS:

Read file </home/nguyenm5/coding/pinot/jul-16-final/active-supervised/ExpectedImprovement_100.stderr> for stderr output of this job.

Sender: LSF System <lsfadmin@ls16>
Subject: Job 15340322: <supervised> in cluster <lila> Done

Job <supervised> was submitted from host <lilac> by user <nguyenm5> in cluster <lila> at Wed Jul 15 12:23:36 2020
Job was executed on host(s) <12*ls16>, in queue <gpuqueue>, as user <nguyenm5> in cluster <lila> at Wed Jul 15 12:33:48 2020
</home/nguyenm5> was used as the home directory.
</home/nguyenm5/coding/pinot> was used as the working directory.
Started at Wed Jul 15 12:33:48 2020
Terminated at Wed Jul 15 12:34:09 2020
Results reported at Wed Jul 15 12:34:09 2020

Your job looked like:

------------------------------------------------------------
# LSBATCH: User input
/home/nguyenm5/anaconda3/envs/pinot/bin/python scripts/active/plotting_active.py --net ExactGaussianProcessRegressor --num_rounds 4 --num_trials 1 --num_epochs 100 --data moonshot --q 96 --acquisition ExpectedImprovement --output_folder /home/nguyenm5/coding/pinot/jul-16-final/active-supervised --index 5
------------------------------------------------------------

Successfully completed.

Resource usage summary:

    CPU time :                                   28.25 sec.
    Max Memory :                                 2 GB
    Average Memory :                             0.92 GB
    Total Requested Memory :                     192.00 GB
    Delta Memory :                               190.00 GB
    Max Swap :                                   -
    Max Processes :                              3
    Max Threads :                                20
    Run time :                                   21 sec.
    Turnaround time :                            633 sec.

The output (if any) follows:

0
Max probability of improvement:
[array(0.4149112, dtype=float32), array(0.38264698, dtype=float32), array(0.4211728, dtype=float32), array(0.41988385, dtype=float32)]
Max UCB:
[array(2.1690366, dtype=float32), array(2.1336, dtype=float32), array(2.1474242, dtype=float32), array(2.136556, dtype=float32)]
Max UCB - ybest
[1.1961465, 1.1470053, 1.1608295, 1.1499612]


PS:

Read file </home/nguyenm5/coding/pinot/jul-16-final/active-supervised/ExpectedImprovement_100.stderr> for stderr output of this job.

Sender: LSF System <lsfadmin@ls17>
Subject: Job 15340326: <supervised> in cluster <lila> Done

Job <supervised> was submitted from host <lilac> by user <nguyenm5> in cluster <lila> at Wed Jul 15 12:23:36 2020
Job was executed on host(s) <12*ls17>, in queue <gpuqueue>, as user <nguyenm5> in cluster <lila> at Wed Jul 15 12:34:03 2020
</home/nguyenm5> was used as the home directory.
</home/nguyenm5/coding/pinot> was used as the working directory.
Started at Wed Jul 15 12:34:03 2020
Terminated at Wed Jul 15 12:34:15 2020
Results reported at Wed Jul 15 12:34:15 2020

Your job looked like:

------------------------------------------------------------
# LSBATCH: User input
/home/nguyenm5/anaconda3/envs/pinot/bin/python scripts/active/plotting_active.py --net ExactGaussianProcessRegressor --num_rounds 4 --num_trials 1 --num_epochs 100 --data moonshot --q 96 --acquisition ExpectedImprovement --output_folder /home/nguyenm5/coding/pinot/jul-16-final/active-supervised --index 9
------------------------------------------------------------

Successfully completed.

Resource usage summary:

    CPU time :                                   24.57 sec.
    Max Memory :                                 2 GB
    Average Memory :                             1.38 GB
    Total Requested Memory :                     192.00 GB
    Delta Memory :                               190.00 GB
    Max Swap :                                   -
    Max Processes :                              3
    Max Threads :                                20
    Run time :                                   12 sec.
    Turnaround time :                            639 sec.

The output (if any) follows:

0
Max probability of improvement:
[array(0.44957304, dtype=float32), array(0.3894865, dtype=float32), array(0.38974696, dtype=float32), array(0.38124114, dtype=float32)]
Max UCB:
[array(2.0289104, dtype=float32), array(1.9951591, dtype=float32), array(1.9514507, dtype=float32), array(1.9515762, dtype=float32)]
Max UCB - ybest
[1.4552987, 1.4215474, 1.3778389, 1.3779645]


PS:

Read file </home/nguyenm5/coding/pinot/jul-16-final/active-supervised/ExpectedImprovement_100.stderr> for stderr output of this job.

Sender: LSF System <lsfadmin@ls07>
Subject: Job 15340327: <supervised> in cluster <lila> Done

Job <supervised> was submitted from host <lilac> by user <nguyenm5> in cluster <lila> at Wed Jul 15 12:23:36 2020
Job was executed on host(s) <12*ls07>, in queue <gpuqueue>, as user <nguyenm5> in cluster <lila> at Wed Jul 15 12:34:08 2020
</home/nguyenm5> was used as the home directory.
</home/nguyenm5/coding/pinot> was used as the working directory.
Started at Wed Jul 15 12:34:08 2020
Terminated at Wed Jul 15 12:34:19 2020
Results reported at Wed Jul 15 12:34:19 2020

Your job looked like:

------------------------------------------------------------
# LSBATCH: User input
/home/nguyenm5/anaconda3/envs/pinot/bin/python scripts/active/plotting_active.py --net ExactGaussianProcessRegressor --num_rounds 4 --num_trials 1 --num_epochs 100 --data moonshot --q 96 --acquisition ExpectedImprovement --output_folder /home/nguyenm5/coding/pinot/jul-16-final/active-supervised --index 10
------------------------------------------------------------

Successfully completed.

Resource usage summary:

    CPU time :                                   25.12 sec.
    Max Memory :                                 2 GB
    Average Memory :                             1.38 GB
    Total Requested Memory :                     192.00 GB
    Delta Memory :                               190.00 GB
    Max Swap :                                   -
    Max Processes :                              3
    Max Threads :                                20
    Run time :                                   11 sec.
    Turnaround time :                            643 sec.

The output (if any) follows:

0
Max probability of improvement:
[array(0.44435865, dtype=float32), array(0.38268888, dtype=float32), array(0.38621283, dtype=float32), array(0.38946527, dtype=float32)]
Max UCB:
[array(2.0457354, dtype=float32), array(1.9717872, dtype=float32), array(1.9928986, dtype=float32), array(1.9302672, dtype=float32)]
Max UCB - ybest
[1.4124379, 1.3384898, 1.359601, 1.2969697]


PS:

Read file </home/nguyenm5/coding/pinot/jul-16-final/active-supervised/ExpectedImprovement_100.stderr> for stderr output of this job.

