Sender: LSF System <lsfadmin@ls16>
Subject: Job 15340348: <supervised> in cluster <lila> Done

Job <supervised> was submitted from host <lilac> by user <nguyenm5> in cluster <lila> at Wed Jul 15 12:23:37 2020
Job was executed on host(s) <12*ls16>, in queue <gpuqueue>, as user <nguyenm5> in cluster <lila> at Wed Jul 15 12:35:19 2020
</home/nguyenm5> was used as the home directory.
</home/nguyenm5/coding/pinot> was used as the working directory.
Started at Wed Jul 15 12:35:19 2020
Terminated at Wed Jul 15 12:35:30 2020
Results reported at Wed Jul 15 12:35:30 2020

Your job looked like:

------------------------------------------------------------
# LSBATCH: User input
/home/nguyenm5/anaconda3/envs/pinot/bin/python scripts/active/plotting_active.py --net ExactGaussianProcessRegressor --num_rounds 4 --num_trials 1 --num_epochs 100 --data moonshot --q 96 --acquisition Human --output_folder /home/nguyenm5/coding/pinot/jul-16-final/active-supervised --index 1
------------------------------------------------------------

Successfully completed.

Resource usage summary:

    CPU time :                                   24.92 sec.
    Max Memory :                                 2 GB
    Average Memory :                             1.38 GB
    Total Requested Memory :                     192.00 GB
    Delta Memory :                               190.00 GB
    Max Swap :                                   -
    Max Processes :                              3
    Max Threads :                                20
    Run time :                                   11 sec.
    Turnaround time :                            713 sec.

The output (if any) follows:

0
Max probability of improvement:
[array(0.5203705, dtype=float32), array(0.48400068, dtype=float32), array(0.35482436, dtype=float32), array(0.21661937, dtype=float32)]
Max UCB:
[array(1.9502082, dtype=float32), array(1.9378561, dtype=float32), array(1.9258597, dtype=float32), array(1.9322166, dtype=float32)]
Max UCB - ybest
[2.0010374, 1.898362, 1.5601664, 1.1100376]


PS:

Read file </home/nguyenm5/coding/pinot/jul-16-final/active-supervised/Human_100.stderr> for stderr output of this job.

Sender: LSF System <lsfadmin@ls06>
Subject: Job 15340349: <supervised> in cluster <lila> Done

Job <supervised> was submitted from host <lilac> by user <nguyenm5> in cluster <lila> at Wed Jul 15 12:23:37 2020
Job was executed on host(s) <12*ls06>, in queue <gpuqueue>, as user <nguyenm5> in cluster <lila> at Wed Jul 15 12:35:20 2020
</home/nguyenm5> was used as the home directory.
</home/nguyenm5/coding/pinot> was used as the working directory.
Started at Wed Jul 15 12:35:20 2020
Terminated at Wed Jul 15 12:35:32 2020
Results reported at Wed Jul 15 12:35:32 2020

Your job looked like:

------------------------------------------------------------
# LSBATCH: User input
/home/nguyenm5/anaconda3/envs/pinot/bin/python scripts/active/plotting_active.py --net ExactGaussianProcessRegressor --num_rounds 4 --num_trials 1 --num_epochs 100 --data moonshot --q 96 --acquisition Human --output_folder /home/nguyenm5/coding/pinot/jul-16-final/active-supervised --index 2
------------------------------------------------------------

Successfully completed.

Resource usage summary:

    CPU time :                                   24.98 sec.
    Max Memory :                                 2 GB
    Average Memory :                             1.38 GB
    Total Requested Memory :                     192.00 GB
    Delta Memory :                               190.00 GB
    Max Swap :                                   -
    Max Processes :                              3
    Max Threads :                                20
    Run time :                                   12 sec.
    Turnaround time :                            715 sec.

The output (if any) follows:

0
Max probability of improvement:
[array(0.47168958, dtype=float32), array(0.47147125, dtype=float32), array(0.37688142, dtype=float32), array(0.22371304, dtype=float32)]
Max UCB:
[array(1.9752612, dtype=float32), array(1.9618562, dtype=float32), array(1.9336661, dtype=float32), array(1.9435312, dtype=float32)]
Max UCB - ybest
[1.6538115, 1.6404066, 1.5679727, 1.1213522]


PS:

Read file </home/nguyenm5/coding/pinot/jul-16-final/active-supervised/Human_100.stderr> for stderr output of this job.

Sender: LSF System <lsfadmin@ls17>
Subject: Job 15340350: <supervised> in cluster <lila> Done

Job <supervised> was submitted from host <lilac> by user <nguyenm5> in cluster <lila> at Wed Jul 15 12:23:37 2020
Job was executed on host(s) <12*ls17>, in queue <gpuqueue>, as user <nguyenm5> in cluster <lila> at Wed Jul 15 12:35:25 2020
</home/nguyenm5> was used as the home directory.
</home/nguyenm5/coding/pinot> was used as the working directory.
Started at Wed Jul 15 12:35:25 2020
Terminated at Wed Jul 15 12:35:37 2020
Results reported at Wed Jul 15 12:35:37 2020

Your job looked like:

------------------------------------------------------------
# LSBATCH: User input
/home/nguyenm5/anaconda3/envs/pinot/bin/python scripts/active/plotting_active.py --net ExactGaussianProcessRegressor --num_rounds 4 --num_trials 1 --num_epochs 100 --data moonshot --q 96 --acquisition Human --output_folder /home/nguyenm5/coding/pinot/jul-16-final/active-supervised --index 3
------------------------------------------------------------

Successfully completed.

Resource usage summary:

    CPU time :                                   24.54 sec.
    Max Memory :                                 2 GB
    Average Memory :                             1.38 GB
    Total Requested Memory :                     192.00 GB
    Delta Memory :                               190.00 GB
    Max Swap :                                   -
    Max Processes :                              3
    Max Threads :                                20
    Run time :                                   12 sec.
    Turnaround time :                            720 sec.

The output (if any) follows:

0
Max probability of improvement:
[array(0.52243805, dtype=float32), array(0.48408902, dtype=float32), array(0.35567057, dtype=float32), array(0.22371829, dtype=float32)]
Max UCB:
[array(1.9502088, dtype=float32), array(1.939862, dtype=float32), array(1.9264549, dtype=float32), array(1.9441853, dtype=float32)]
Max UCB - ybest
[2.0062022, 1.900368, 1.5607615, 1.1220062]


PS:

Read file </home/nguyenm5/coding/pinot/jul-16-final/active-supervised/Human_100.stderr> for stderr output of this job.

Sender: LSF System <lsfadmin@ls16>
Subject: Job 15340351: <supervised> in cluster <lila> Done

Job <supervised> was submitted from host <lilac> by user <nguyenm5> in cluster <lila> at Wed Jul 15 12:23:37 2020
Job was executed on host(s) <12*ls16>, in queue <gpuqueue>, as user <nguyenm5> in cluster <lila> at Wed Jul 15 12:35:32 2020
</home/nguyenm5> was used as the home directory.
</home/nguyenm5/coding/pinot> was used as the working directory.
Started at Wed Jul 15 12:35:32 2020
Terminated at Wed Jul 15 12:35:43 2020
Results reported at Wed Jul 15 12:35:43 2020

Your job looked like:

------------------------------------------------------------
# LSBATCH: User input
/home/nguyenm5/anaconda3/envs/pinot/bin/python scripts/active/plotting_active.py --net ExactGaussianProcessRegressor --num_rounds 4 --num_trials 1 --num_epochs 100 --data moonshot --q 96 --acquisition Human --output_folder /home/nguyenm5/coding/pinot/jul-16-final/active-supervised --index 4
------------------------------------------------------------

Successfully completed.

Resource usage summary:

    CPU time :                                   25.44 sec.
    Max Memory :                                 2 GB
    Average Memory :                             1.38 GB
    Total Requested Memory :                     192.00 GB
    Delta Memory :                               190.00 GB
    Max Swap :                                   -
    Max Processes :                              3
    Max Threads :                                20
    Run time :                                   12 sec.
    Turnaround time :                            726 sec.

The output (if any) follows:

0
Max probability of improvement:
[array(0.4979434, dtype=float32), array(0.48697257, dtype=float32), array(0.35531557, dtype=float32), array(0.22357446, dtype=float32)]
Max UCB:
[array(1.950341, dtype=float32), array(1.9370002, dtype=float32), array(1.9248682, dtype=float32), array(1.9408644, dtype=float32)]
Max UCB - ybest
[1.9270085, 1.8975061, 1.5591748, 1.1186855]


PS:

Read file </home/nguyenm5/coding/pinot/jul-16-final/active-supervised/Human_100.stderr> for stderr output of this job.

Sender: LSF System <lsfadmin@ls06>
Subject: Job 15340352: <supervised> in cluster <lila> Done

Job <supervised> was submitted from host <lilac> by user <nguyenm5> in cluster <lila> at Wed Jul 15 12:23:37 2020
Job was executed on host(s) <12*ls06>, in queue <gpuqueue>, as user <nguyenm5> in cluster <lila> at Wed Jul 15 12:35:33 2020
</home/nguyenm5> was used as the home directory.
</home/nguyenm5/coding/pinot> was used as the working directory.
Started at Wed Jul 15 12:35:33 2020
Terminated at Wed Jul 15 12:35:45 2020
Results reported at Wed Jul 15 12:35:45 2020

Your job looked like:

------------------------------------------------------------
# LSBATCH: User input
/home/nguyenm5/anaconda3/envs/pinot/bin/python scripts/active/plotting_active.py --net ExactGaussianProcessRegressor --num_rounds 4 --num_trials 1 --num_epochs 100 --data moonshot --q 96 --acquisition Human --output_folder /home/nguyenm5/coding/pinot/jul-16-final/active-supervised --index 5
------------------------------------------------------------

Successfully completed.

Resource usage summary:

    CPU time :                                   24.92 sec.
    Max Memory :                                 2 GB
    Average Memory :                             1.38 GB
    Total Requested Memory :                     192.00 GB
    Delta Memory :                               190.00 GB
    Max Swap :                                   -
    Max Processes :                              3
    Max Threads :                                20
    Run time :                                   12 sec.
    Turnaround time :                            728 sec.

The output (if any) follows:

0
Max probability of improvement:
[array(0.5100225, dtype=float32), array(0.48407763, dtype=float32), array(0.35567266, dtype=float32), array(0.22326636, dtype=float32)]
Max UCB:
[array(1.9502083, dtype=float32), array(1.938951, dtype=float32), array(1.9263997, dtype=float32), array(1.9410005, dtype=float32)]
Max UCB - ybest
[1.9752088, 1.899457, 1.5607064, 1.1188214]


PS:

Read file </home/nguyenm5/coding/pinot/jul-16-final/active-supervised/Human_100.stderr> for stderr output of this job.

Sender: LSF System <lsfadmin@ls17>
Subject: Job 15340354: <supervised> in cluster <lila> Done

Job <supervised> was submitted from host <lilac> by user <nguyenm5> in cluster <lila> at Wed Jul 15 12:23:38 2020
Job was executed on host(s) <12*ls17>, in queue <gpuqueue>, as user <nguyenm5> in cluster <lila> at Wed Jul 15 12:35:38 2020
</home/nguyenm5> was used as the home directory.
</home/nguyenm5/coding/pinot> was used as the working directory.
Started at Wed Jul 15 12:35:38 2020
Terminated at Wed Jul 15 12:35:49 2020
Results reported at Wed Jul 15 12:35:49 2020

Your job looked like:

------------------------------------------------------------
# LSBATCH: User input
/home/nguyenm5/anaconda3/envs/pinot/bin/python scripts/active/plotting_active.py --net ExactGaussianProcessRegressor --num_rounds 4 --num_trials 1 --num_epochs 100 --data moonshot --q 96 --acquisition Human --output_folder /home/nguyenm5/coding/pinot/jul-16-final/active-supervised --index 7
------------------------------------------------------------

Successfully completed.

Resource usage summary:

    CPU time :                                   26.80 sec.
    Max Memory :                                 2 GB
    Average Memory :                             1.38 GB
    Total Requested Memory :                     192.00 GB
    Delta Memory :                               190.00 GB
    Max Swap :                                   -
    Max Processes :                              3
    Max Threads :                                20
    Run time :                                   11 sec.
    Turnaround time :                            731 sec.

The output (if any) follows:

0
Max probability of improvement:
[array(0.4325564, dtype=float32), array(0.431616, dtype=float32), array(0.3952257, dtype=float32), array(0.32301748, dtype=float32)]
Max UCB:
[array(2.0894673, dtype=float32), array(2.075411, dtype=float32), array(2.0430145, dtype=float32), array(2.007638, dtype=float32)]
Max UCB - ybest
[1.3206489, 1.3065927, 1.2741961, 1.1854589]


PS:

Read file </home/nguyenm5/coding/pinot/jul-16-final/active-supervised/Human_100.stderr> for stderr output of this job.

Sender: LSF System <lsfadmin@ls07>
Subject: Job 15340353: <supervised> in cluster <lila> Done

Job <supervised> was submitted from host <lilac> by user <nguyenm5> in cluster <lila> at Wed Jul 15 12:23:38 2020
Job was executed on host(s) <12*ls07>, in queue <gpuqueue>, as user <nguyenm5> in cluster <lila> at Wed Jul 15 12:35:33 2020
</home/nguyenm5> was used as the home directory.
</home/nguyenm5/coding/pinot> was used as the working directory.
Started at Wed Jul 15 12:35:33 2020
Terminated at Wed Jul 15 12:35:50 2020
Results reported at Wed Jul 15 12:35:50 2020

Your job looked like:

------------------------------------------------------------
# LSBATCH: User input
/home/nguyenm5/anaconda3/envs/pinot/bin/python scripts/active/plotting_active.py --net ExactGaussianProcessRegressor --num_rounds 4 --num_trials 1 --num_epochs 100 --data moonshot --q 96 --acquisition Human --output_folder /home/nguyenm5/coding/pinot/jul-16-final/active-supervised --index 6
------------------------------------------------------------

Successfully completed.

Resource usage summary:

    CPU time :                                   26.38 sec.
    Max Memory :                                 2 GB
    Average Memory :                             1.10 GB
    Total Requested Memory :                     192.00 GB
    Delta Memory :                               190.00 GB
    Max Swap :                                   -
    Max Processes :                              3
    Max Threads :                                20
    Run time :                                   17 sec.
    Turnaround time :                            732 sec.

The output (if any) follows:

0
Max probability of improvement:
[array(0.52243805, dtype=float32), array(0.4840821, dtype=float32), array(0.3556732, dtype=float32), array(0.22264689, dtype=float32)]
Max UCB:
[array(1.9502085, dtype=float32), array(1.9395074, dtype=float32), array(1.9264172, dtype=float32), array(1.9381973, dtype=float32)]
Max UCB - ybest
[2.006202, 1.9000133, 1.5607238, 1.1160183]


PS:

Read file </home/nguyenm5/coding/pinot/jul-16-final/active-supervised/Human_100.stderr> for stderr output of this job.

Sender: LSF System <lsfadmin@ls16>
Subject: Job 15340355: <supervised> in cluster <lila> Done

Job <supervised> was submitted from host <lilac> by user <nguyenm5> in cluster <lila> at Wed Jul 15 12:23:38 2020
Job was executed on host(s) <12*ls16>, in queue <gpuqueue>, as user <nguyenm5> in cluster <lila> at Wed Jul 15 12:35:44 2020
</home/nguyenm5> was used as the home directory.
</home/nguyenm5/coding/pinot> was used as the working directory.
Started at Wed Jul 15 12:35:44 2020
Terminated at Wed Jul 15 12:35:56 2020
Results reported at Wed Jul 15 12:35:56 2020

Your job looked like:

------------------------------------------------------------
# LSBATCH: User input
/home/nguyenm5/anaconda3/envs/pinot/bin/python scripts/active/plotting_active.py --net ExactGaussianProcessRegressor --num_rounds 4 --num_trials 1 --num_epochs 100 --data moonshot --q 96 --acquisition Human --output_folder /home/nguyenm5/coding/pinot/jul-16-final/active-supervised --index 8
------------------------------------------------------------

Successfully completed.

Resource usage summary:

    CPU time :                                   24.84 sec.
    Max Memory :                                 2 GB
    Average Memory :                             1.38 GB
    Total Requested Memory :                     192.00 GB
    Delta Memory :                               190.00 GB
    Max Swap :                                   -
    Max Processes :                              3
    Max Threads :                                20
    Run time :                                   12 sec.
    Turnaround time :                            738 sec.

The output (if any) follows:

0
Max probability of improvement:
[array(0.413633, dtype=float32), array(0.41211873, dtype=float32), array(0.4010259, dtype=float32), array(0.386253, dtype=float32)]
Max UCB:
[array(2.1754916, dtype=float32), array(2.1605463, dtype=float32), array(2.1305306, dtype=float32), array(2.115729, dtype=float32)]
Max UCB - ybest
[1.1876984, 1.1727531, 1.1427374, 1.1279359]


PS:

Read file </home/nguyenm5/coding/pinot/jul-16-final/active-supervised/Human_100.stderr> for stderr output of this job.

Sender: LSF System <lsfadmin@ls06>
Subject: Job 15340356: <supervised> in cluster <lila> Done

Job <supervised> was submitted from host <lilac> by user <nguyenm5> in cluster <lila> at Wed Jul 15 12:23:38 2020
Job was executed on host(s) <12*ls06>, in queue <gpuqueue>, as user <nguyenm5> in cluster <lila> at Wed Jul 15 12:35:46 2020
</home/nguyenm5> was used as the home directory.
</home/nguyenm5/coding/pinot> was used as the working directory.
Started at Wed Jul 15 12:35:46 2020
Terminated at Wed Jul 15 12:35:57 2020
Results reported at Wed Jul 15 12:35:57 2020

Your job looked like:

------------------------------------------------------------
# LSBATCH: User input
/home/nguyenm5/anaconda3/envs/pinot/bin/python scripts/active/plotting_active.py --net ExactGaussianProcessRegressor --num_rounds 4 --num_trials 1 --num_epochs 100 --data moonshot --q 96 --acquisition Human --output_folder /home/nguyenm5/coding/pinot/jul-16-final/active-supervised --index 9
------------------------------------------------------------

Successfully completed.

Resource usage summary:

    CPU time :                                   24.20 sec.
    Max Memory :                                 2 GB
    Average Memory :                             1.38 GB
    Total Requested Memory :                     192.00 GB
    Delta Memory :                               190.00 GB
    Max Swap :                                   -
    Max Processes :                              3
    Max Threads :                                20
    Run time :                                   12 sec.
    Turnaround time :                            739 sec.

The output (if any) follows:

0
Max probability of improvement:
[array(0.49455345, dtype=float32), array(0.47597843, dtype=float32), array(0.35563827, dtype=float32), array(0.22317797, dtype=float32)]
Max UCB:
[array(1.9511398, dtype=float32), array(1.9388238, dtype=float32), array(1.9261551, dtype=float32), array(1.9438741, dtype=float32)]
Max UCB - ybest
[1.8893454, 1.8770294, 1.5604618, 1.121695]


PS:

Read file </home/nguyenm5/coding/pinot/jul-16-final/active-supervised/Human_100.stderr> for stderr output of this job.

Sender: LSF System <lsfadmin@ls17>
Subject: Job 15340357: <supervised> in cluster <lila> Done

Job <supervised> was submitted from host <lilac> by user <nguyenm5> in cluster <lila> at Wed Jul 15 12:23:38 2020
Job was executed on host(s) <12*ls17>, in queue <gpuqueue>, as user <nguyenm5> in cluster <lila> at Wed Jul 15 12:35:50 2020
</home/nguyenm5> was used as the home directory.
</home/nguyenm5/coding/pinot> was used as the working directory.
Started at Wed Jul 15 12:35:50 2020
Terminated at Wed Jul 15 12:36:02 2020
Results reported at Wed Jul 15 12:36:02 2020

Your job looked like:

------------------------------------------------------------
# LSBATCH: User input
/home/nguyenm5/anaconda3/envs/pinot/bin/python scripts/active/plotting_active.py --net ExactGaussianProcessRegressor --num_rounds 4 --num_trials 1 --num_epochs 100 --data moonshot --q 96 --acquisition Human --output_folder /home/nguyenm5/coding/pinot/jul-16-final/active-supervised --index 10
------------------------------------------------------------

Successfully completed.

Resource usage summary:

    CPU time :                                   24.60 sec.
    Max Memory :                                 2 GB
    Average Memory :                             1.38 GB
    Total Requested Memory :                     192.00 GB
    Delta Memory :                               190.00 GB
    Max Swap :                                   -
    Max Processes :                              3
    Max Threads :                                20
    Run time :                                   12 sec.
    Turnaround time :                            744 sec.

The output (if any) follows:

0
Max probability of improvement:
[array(0.48967892, dtype=float32), array(0.4547196, dtype=float32), array(0.35613215, dtype=float32), array(0.20396787, dtype=float32)]
Max UCB:
[array(1.953551, dtype=float32), array(1.9401771, dtype=float32), array(1.9266614, dtype=float32), array(1.9176158, dtype=float32)]
Max UCB - ybest
[1.8364434, 1.8230695, 1.5609679, 1.0954368]


PS:

Read file </home/nguyenm5/coding/pinot/jul-16-final/active-supervised/Human_100.stderr> for stderr output of this job.

