Sender: LSF System <lsfadmin@ls07>
Subject: Job 15340308: <supervised> in cluster <lila> Done

Job <supervised> was submitted from host <lilac> by user <nguyenm5> in cluster <lila> at Wed Jul 15 12:23:35 2020
Job was executed on host(s) <12*ls07>, in queue <gpuqueue>, as user <nguyenm5> in cluster <lila> at Wed Jul 15 12:33:07 2020
</home/nguyenm5> was used as the home directory.
</home/nguyenm5/coding/pinot> was used as the working directory.
Started at Wed Jul 15 12:33:07 2020
Terminated at Wed Jul 15 12:33:15 2020
Results reported at Wed Jul 15 12:33:15 2020

Your job looked like:

------------------------------------------------------------
# LSBATCH: User input
/home/nguyenm5/anaconda3/envs/pinot/bin/python scripts/active/plotting_active.py --net ExactGaussianProcessRegressor --num_rounds 4 --num_trials 1 --num_epochs 20 --data moonshot --q 96 --acquisition Human --output_folder /home/nguyenm5/coding/pinot/jul-16-final/active-supervised --index 1
------------------------------------------------------------

Successfully completed.

Resource usage summary:

    CPU time :                                   22.02 sec.
    Max Memory :                                 2 GB
    Average Memory :                             1.17 GB
    Total Requested Memory :                     192.00 GB
    Delta Memory :                               190.00 GB
    Max Swap :                                   -
    Max Processes :                              3
    Max Threads :                                20
    Run time :                                   8 sec.
    Turnaround time :                            580 sec.

The output (if any) follows:

0
Max probability of improvement:
[array(0.47639048, dtype=float32), array(0.47635114, dtype=float32), array(0.389979, dtype=float32), array(0.2282654, dtype=float32)]
Max UCB:
[array(1.9758118, dtype=float32), array(1.9735411, dtype=float32), array(1.9664892, dtype=float32), array(1.9790428, dtype=float32)]
Max UCB - ybest
[1.7046883, 1.7024176, 1.6007957, 1.1568637]


PS:

Read file </home/nguyenm5/coding/pinot/jul-16-final/active-supervised/Human_20.stderr> for stderr output of this job.

Sender: LSF System <lsfadmin@ls16>
Subject: Job 15340309: <supervised> in cluster <lila> Done

Job <supervised> was submitted from host <lilac> by user <nguyenm5> in cluster <lila> at Wed Jul 15 12:23:35 2020
Job was executed on host(s) <12*ls16>, in queue <gpuqueue>, as user <nguyenm5> in cluster <lila> at Wed Jul 15 12:33:09 2020
</home/nguyenm5> was used as the home directory.
</home/nguyenm5/coding/pinot> was used as the working directory.
Started at Wed Jul 15 12:33:09 2020
Terminated at Wed Jul 15 12:33:16 2020
Results reported at Wed Jul 15 12:33:16 2020

Your job looked like:

------------------------------------------------------------
# LSBATCH: User input
/home/nguyenm5/anaconda3/envs/pinot/bin/python scripts/active/plotting_active.py --net ExactGaussianProcessRegressor --num_rounds 4 --num_trials 1 --num_epochs 20 --data moonshot --q 96 --acquisition Human --output_folder /home/nguyenm5/coding/pinot/jul-16-final/active-supervised --index 2
------------------------------------------------------------

Successfully completed.

Resource usage summary:

    CPU time :                                   20.90 sec.
    Max Memory :                                 2 GB
    Average Memory :                             1.17 GB
    Total Requested Memory :                     192.00 GB
    Delta Memory :                               190.00 GB
    Max Swap :                                   -
    Max Processes :                              3
    Max Threads :                                20
    Run time :                                   8 sec.
    Turnaround time :                            581 sec.

The output (if any) follows:

0
Max probability of improvement:
[array(0.46470517, dtype=float32), array(0.4646405, dtype=float32), array(0.4642132, dtype=float32), array(0.22866893, dtype=float32)]
Max UCB:
[array(1.9974035, dtype=float32), array(1.9952799, dtype=float32), array(1.9926219, dtype=float32), array(1.9694811, dtype=float32)]
Max UCB - ybest
[1.5917966, 1.589673, 1.587015, 1.1473022]


PS:

Read file </home/nguyenm5/coding/pinot/jul-16-final/active-supervised/Human_20.stderr> for stderr output of this job.

Sender: LSF System <lsfadmin@ls07>
Subject: Job 15340311: <supervised> in cluster <lila> Done

Job <supervised> was submitted from host <lilac> by user <nguyenm5> in cluster <lila> at Wed Jul 15 12:23:35 2020
Job was executed on host(s) <12*ls07>, in queue <gpuqueue>, as user <nguyenm5> in cluster <lila> at Wed Jul 15 12:33:15 2020
</home/nguyenm5> was used as the home directory.
</home/nguyenm5/coding/pinot> was used as the working directory.
Started at Wed Jul 15 12:33:15 2020
Terminated at Wed Jul 15 12:33:24 2020
Results reported at Wed Jul 15 12:33:24 2020

Your job looked like:

------------------------------------------------------------
# LSBATCH: User input
/home/nguyenm5/anaconda3/envs/pinot/bin/python scripts/active/plotting_active.py --net ExactGaussianProcessRegressor --num_rounds 4 --num_trials 1 --num_epochs 20 --data moonshot --q 96 --acquisition Human --output_folder /home/nguyenm5/coding/pinot/jul-16-final/active-supervised --index 4
------------------------------------------------------------

Successfully completed.

Resource usage summary:

    CPU time :                                   22.66 sec.
    Max Memory :                                 2 GB
    Average Memory :                             1.33 GB
    Total Requested Memory :                     192.00 GB
    Delta Memory :                               190.00 GB
    Max Swap :                                   -
    Max Processes :                              3
    Max Threads :                                20
    Run time :                                   9 sec.
    Turnaround time :                            589 sec.

The output (if any) follows:

0
Max probability of improvement:
[array(0.44958127, dtype=float32), array(0.44947183, dtype=float32), array(0.4301772, dtype=float32), array(0.24026012, dtype=float32)]
Max UCB:
[array(2.038232, dtype=float32), array(2.0359826, dtype=float32), array(2.0204878, dtype=float32), array(1.9940797, dtype=float32)]
Max UCB - ybest
[1.4580297, 1.4557803, 1.4402854, 1.1719007]


PS:

Read file </home/nguyenm5/coding/pinot/jul-16-final/active-supervised/Human_20.stderr> for stderr output of this job.

Sender: LSF System <lsfadmin@ls16>
Subject: Job 15340313: <supervised> in cluster <lila> Done

Job <supervised> was submitted from host <lilac> by user <nguyenm5> in cluster <lila> at Wed Jul 15 12:23:35 2020
Job was executed on host(s) <12*ls16>, in queue <gpuqueue>, as user <nguyenm5> in cluster <lila> at Wed Jul 15 12:33:17 2020
</home/nguyenm5> was used as the home directory.
</home/nguyenm5/coding/pinot> was used as the working directory.
Started at Wed Jul 15 12:33:17 2020
Terminated at Wed Jul 15 12:33:25 2020
Results reported at Wed Jul 15 12:33:25 2020

Your job looked like:

------------------------------------------------------------
# LSBATCH: User input
/home/nguyenm5/anaconda3/envs/pinot/bin/python scripts/active/plotting_active.py --net ExactGaussianProcessRegressor --num_rounds 4 --num_trials 1 --num_epochs 20 --data moonshot --q 96 --acquisition Human --output_folder /home/nguyenm5/coding/pinot/jul-16-final/active-supervised --index 6
------------------------------------------------------------

Successfully completed.

Resource usage summary:

    CPU time :                                   21.74 sec.
    Max Memory :                                 2 GB
    Average Memory :                             1.17 GB
    Total Requested Memory :                     192.00 GB
    Delta Memory :                               190.00 GB
    Max Swap :                                   -
    Max Processes :                              3
    Max Threads :                                20
    Run time :                                   8 sec.
    Turnaround time :                            590 sec.

The output (if any) follows:

0
Max probability of improvement:
[array(0.50022364, dtype=float32), array(0.48421425, dtype=float32), array(0.35757113, dtype=float32), array(0.22831714, dtype=float32)]
Max UCB:
[array(1.9580154, dtype=float32), array(1.9557415, dtype=float32), array(1.9535363, dtype=float32), array(1.9818313, dtype=float32)]
Max UCB - ybest
[1.9585755, 1.9162475, 1.587843, 1.1596522]


PS:

Read file </home/nguyenm5/coding/pinot/jul-16-final/active-supervised/Human_20.stderr> for stderr output of this job.

Sender: LSF System <lsfadmin@ls06>
Subject: Job 15340312: <supervised> in cluster <lila> Done

Job <supervised> was submitted from host <lilac> by user <nguyenm5> in cluster <lila> at Wed Jul 15 12:23:35 2020
Job was executed on host(s) <12*ls06>, in queue <gpuqueue>, as user <nguyenm5> in cluster <lila> at Wed Jul 15 12:33:16 2020
</home/nguyenm5> was used as the home directory.
</home/nguyenm5/coding/pinot> was used as the working directory.
Started at Wed Jul 15 12:33:16 2020
Terminated at Wed Jul 15 12:33:26 2020
Results reported at Wed Jul 15 12:33:26 2020

Your job looked like:

------------------------------------------------------------
# LSBATCH: User input
/home/nguyenm5/anaconda3/envs/pinot/bin/python scripts/active/plotting_active.py --net ExactGaussianProcessRegressor --num_rounds 4 --num_trials 1 --num_epochs 20 --data moonshot --q 96 --acquisition Human --output_folder /home/nguyenm5/coding/pinot/jul-16-final/active-supervised --index 5
------------------------------------------------------------

Successfully completed.

Resource usage summary:

    CPU time :                                   22.46 sec.
    Max Memory :                                 2 GB
    Average Memory :                             1.00 GB
    Total Requested Memory :                     192.00 GB
    Delta Memory :                               190.00 GB
    Max Swap :                                   -
    Max Processes :                              3
    Max Threads :                                20
    Run time :                                   10 sec.
    Turnaround time :                            591 sec.

The output (if any) follows:

0
Max probability of improvement:
[array(0.49537665, dtype=float32), array(0.49458218, dtype=float32), array(0.35846674, dtype=float32), array(0.22814357, dtype=float32)]
Max UCB:
[array(1.9586998, dtype=float32), array(1.9563504, dtype=float32), array(1.9531761, dtype=float32), array(1.9810425, dtype=float32)]
Max UCB - ybest
[1.9056368, 1.9032874, 1.5874827, 1.1588635]


PS:

Read file </home/nguyenm5/coding/pinot/jul-16-final/active-supervised/Human_20.stderr> for stderr output of this job.

Sender: LSF System <lsfadmin@ls17>
Subject: Job 15340310: <supervised> in cluster <lila> Done

Job <supervised> was submitted from host <lilac> by user <nguyenm5> in cluster <lila> at Wed Jul 15 12:23:35 2020
Job was executed on host(s) <12*ls17>, in queue <gpuqueue>, as user <nguyenm5> in cluster <lila> at Wed Jul 15 12:33:14 2020
</home/nguyenm5> was used as the home directory.
</home/nguyenm5/coding/pinot> was used as the working directory.
Started at Wed Jul 15 12:33:14 2020
Terminated at Wed Jul 15 12:33:27 2020
Results reported at Wed Jul 15 12:33:27 2020

Your job looked like:

------------------------------------------------------------
# LSBATCH: User input
/home/nguyenm5/anaconda3/envs/pinot/bin/python scripts/active/plotting_active.py --net ExactGaussianProcessRegressor --num_rounds 4 --num_trials 1 --num_epochs 20 --data moonshot --q 96 --acquisition Human --output_folder /home/nguyenm5/coding/pinot/jul-16-final/active-supervised --index 3
------------------------------------------------------------

Successfully completed.

Resource usage summary:

    CPU time :                                   22.38 sec.
    Max Memory :                                 2 GB
    Average Memory :                             0.88 GB
    Total Requested Memory :                     192.00 GB
    Delta Memory :                               190.00 GB
    Max Swap :                                   -
    Max Processes :                              3
    Max Threads :                                9
    Run time :                                   13 sec.
    Turnaround time :                            592 sec.

The output (if any) follows:

0
Max probability of improvement:
[array(0.49537665, dtype=float32), array(0.49532938, dtype=float32), array(0.35831273, dtype=float32), array(0.22816217, dtype=float32)]
Max UCB:
[array(1.9587, dtype=float32), array(1.9564221, dtype=float32), array(1.9542124, dtype=float32), array(1.9827567, dtype=float32)]
Max UCB - ybest
[1.9056369, 1.903359, 1.5885191, 1.1605778]


PS:

Read file </home/nguyenm5/coding/pinot/jul-16-final/active-supervised/Human_20.stderr> for stderr output of this job.

Sender: LSF System <lsfadmin@ls16>
Subject: Job 15340315: <supervised> in cluster <lila> Done

Job <supervised> was submitted from host <lilac> by user <nguyenm5> in cluster <lila> at Wed Jul 15 12:23:35 2020
Job was executed on host(s) <12*ls16>, in queue <gpuqueue>, as user <nguyenm5> in cluster <lila> at Wed Jul 15 12:33:26 2020
</home/nguyenm5> was used as the home directory.
</home/nguyenm5/coding/pinot> was used as the working directory.
Started at Wed Jul 15 12:33:26 2020
Terminated at Wed Jul 15 12:33:34 2020
Results reported at Wed Jul 15 12:33:34 2020

Your job looked like:

------------------------------------------------------------
# LSBATCH: User input
/home/nguyenm5/anaconda3/envs/pinot/bin/python scripts/active/plotting_active.py --net ExactGaussianProcessRegressor --num_rounds 4 --num_trials 1 --num_epochs 20 --data moonshot --q 96 --acquisition Human --output_folder /home/nguyenm5/coding/pinot/jul-16-final/active-supervised --index 8
------------------------------------------------------------

Successfully completed.

Resource usage summary:

    CPU time :                                   21.34 sec.
    Max Memory :                                 2 GB
    Average Memory :                             1.17 GB
    Total Requested Memory :                     192.00 GB
    Delta Memory :                               190.00 GB
    Max Swap :                                   -
    Max Processes :                              3
    Max Threads :                                20
    Run time :                                   8 sec.
    Turnaround time :                            599 sec.

The output (if any) follows:

0
Max probability of improvement:
[array(0.49215364, dtype=float32), array(0.49066764, dtype=float32), array(0.35904574, dtype=float32), array(0.21024776, dtype=float32)]
Max UCB:
[array(1.9599808, dtype=float32), array(1.957623, dtype=float32), array(1.9534087, dtype=float32), array(1.958078, dtype=float32)]
Max UCB - ybest
[1.8699226, 1.8675647, 1.5877154, 1.1358991]


PS:

Read file </home/nguyenm5/coding/pinot/jul-16-final/active-supervised/Human_20.stderr> for stderr output of this job.

Sender: LSF System <lsfadmin@ls06>
Subject: Job 15340316: <supervised> in cluster <lila> Done

Job <supervised> was submitted from host <lilac> by user <nguyenm5> in cluster <lila> at Wed Jul 15 12:23:35 2020
Job was executed on host(s) <12*ls06>, in queue <gpuqueue>, as user <nguyenm5> in cluster <lila> at Wed Jul 15 12:33:27 2020
</home/nguyenm5> was used as the home directory.
</home/nguyenm5/coding/pinot> was used as the working directory.
Started at Wed Jul 15 12:33:27 2020
Terminated at Wed Jul 15 12:33:34 2020
Results reported at Wed Jul 15 12:33:34 2020

Your job looked like:

------------------------------------------------------------
# LSBATCH: User input
/home/nguyenm5/anaconda3/envs/pinot/bin/python scripts/active/plotting_active.py --net ExactGaussianProcessRegressor --num_rounds 4 --num_trials 1 --num_epochs 20 --data moonshot --q 96 --acquisition Human --output_folder /home/nguyenm5/coding/pinot/jul-16-final/active-supervised --index 9
------------------------------------------------------------

Successfully completed.

Resource usage summary:

    CPU time :                                   21.49 sec.
    Max Memory :                                 2 GB
    Average Memory :                             1.17 GB
    Total Requested Memory :                     192.00 GB
    Delta Memory :                               190.00 GB
    Max Swap :                                   -
    Max Processes :                              3
    Max Threads :                                20
    Run time :                                   7 sec.
    Turnaround time :                            599 sec.

The output (if any) follows:

0
Max probability of improvement:
[array(0.52234864, dtype=float32), array(0.48421425, dtype=float32), array(0.35758138, dtype=float32), array(0.22826135, dtype=float32)]
Max UCB:
[array(1.9580153, dtype=float32), array(1.9557394, dtype=float32), array(1.9531888, dtype=float32), array(1.9824276, dtype=float32)]
Max UCB - ybest
[2.0140088, 1.9162453, 1.5874953, 1.1602485]


PS:

Read file </home/nguyenm5/coding/pinot/jul-16-final/active-supervised/Human_20.stderr> for stderr output of this job.

Sender: LSF System <lsfadmin@ls17>
Subject: Job 15340317: <supervised> in cluster <lila> Done

Job <supervised> was submitted from host <lilac> by user <nguyenm5> in cluster <lila> at Wed Jul 15 12:23:35 2020
Job was executed on host(s) <12*ls17>, in queue <gpuqueue>, as user <nguyenm5> in cluster <lila> at Wed Jul 15 12:33:27 2020
</home/nguyenm5> was used as the home directory.
</home/nguyenm5/coding/pinot> was used as the working directory.
Started at Wed Jul 15 12:33:27 2020
Terminated at Wed Jul 15 12:33:37 2020
Results reported at Wed Jul 15 12:33:37 2020

Your job looked like:

------------------------------------------------------------
# LSBATCH: User input
/home/nguyenm5/anaconda3/envs/pinot/bin/python scripts/active/plotting_active.py --net ExactGaussianProcessRegressor --num_rounds 4 --num_trials 1 --num_epochs 20 --data moonshot --q 96 --acquisition Human --output_folder /home/nguyenm5/coding/pinot/jul-16-final/active-supervised --index 10
------------------------------------------------------------

Successfully completed.

Resource usage summary:

    CPU time :                                   22.17 sec.
    Max Memory :                                 2 GB
    Average Memory :                             1.00 GB
    Total Requested Memory :                     192.00 GB
    Delta Memory :                               190.00 GB
    Max Swap :                                   -
    Max Processes :                              3
    Max Threads :                                20
    Run time :                                   9 sec.
    Turnaround time :                            602 sec.

The output (if any) follows:

0
Max probability of improvement:
[array(0.49746704, dtype=float32), array(0.4890104, dtype=float32), array(0.35771406, dtype=float32), array(0.22803241, dtype=float32)]
Max UCB:
[array(1.9582207, dtype=float32), array(1.9558756, dtype=float32), array(1.9533575, dtype=float32), array(1.9794452, dtype=float32)]
Max UCB - ybest
[1.9291501, 1.9163816, 1.5876641, 1.1572661]


PS:

Read file </home/nguyenm5/coding/pinot/jul-16-final/active-supervised/Human_20.stderr> for stderr output of this job.

Sender: LSF System <lsfadmin@ls07>
Subject: Job 15340314: <supervised> in cluster <lila> Done

Job <supervised> was submitted from host <lilac> by user <nguyenm5> in cluster <lila> at Wed Jul 15 12:23:35 2020
Job was executed on host(s) <12*ls07>, in queue <gpuqueue>, as user <nguyenm5> in cluster <lila> at Wed Jul 15 12:33:25 2020
</home/nguyenm5> was used as the home directory.
</home/nguyenm5/coding/pinot> was used as the working directory.
Started at Wed Jul 15 12:33:25 2020
Terminated at Wed Jul 15 12:33:40 2020
Results reported at Wed Jul 15 12:33:40 2020

Your job looked like:

------------------------------------------------------------
# LSBATCH: User input
/home/nguyenm5/anaconda3/envs/pinot/bin/python scripts/active/plotting_active.py --net ExactGaussianProcessRegressor --num_rounds 4 --num_trials 1 --num_epochs 20 --data moonshot --q 96 --acquisition Human --output_folder /home/nguyenm5/coding/pinot/jul-16-final/active-supervised --index 7
------------------------------------------------------------

Successfully completed.

Resource usage summary:

    CPU time :                                   22.45 sec.
    Max Memory :                                 2 GB
    Average Memory :                             0.78 GB
    Total Requested Memory :                     192.00 GB
    Delta Memory :                               190.00 GB
    Max Swap :                                   -
    Max Processes :                              3
    Max Threads :                                20
    Run time :                                   15 sec.
    Turnaround time :                            605 sec.

The output (if any) follows:

0
Max probability of improvement:
[array(0.4970503, dtype=float32), array(0.49012285, dtype=float32), array(0.35797203, dtype=float32), array(0.22792614, dtype=float32)]
Max UCB:
[array(1.9582938, dtype=float32), array(1.9560182, dtype=float32), array(1.9535412, dtype=float32), array(1.9783074, dtype=float32)]
Max UCB - ybest
[1.9244398, 1.9165242, 1.5878477, 1.1561284]


PS:

Read file </home/nguyenm5/coding/pinot/jul-16-final/active-supervised/Human_20.stderr> for stderr output of this job.

