Sender: LSF System <lsfadmin@ls17>
Subject: Job 15340338: <supervised> in cluster <lila> Done

Job <supervised> was submitted from host <lilac> by user <nguyenm5> in cluster <lila> at Wed Jul 15 12:23:37 2020
Job was executed on host(s) <12*ls17>, in queue <gpuqueue>, as user <nguyenm5> in cluster <lila> at Wed Jul 15 12:34:42 2020
</home/nguyenm5> was used as the home directory.
</home/nguyenm5/coding/pinot> was used as the working directory.
Started at Wed Jul 15 12:34:42 2020
Terminated at Wed Jul 15 12:34:57 2020
Results reported at Wed Jul 15 12:34:57 2020

Your job looked like:

------------------------------------------------------------
# LSBATCH: User input
/home/nguyenm5/anaconda3/envs/pinot/bin/python scripts/active/plotting_active.py --net ExactGaussianProcessRegressor --num_rounds 4 --num_trials 1 --num_epochs 100 --data moonshot --q 96 --acquisition ProbabilityOfImprovement --output_folder /home/nguyenm5/coding/pinot/jul-16-final/active-supervised --index 1
------------------------------------------------------------

Successfully completed.

Resource usage summary:

    CPU time :                                   24.59 sec.
    Max Memory :                                 2 GB
    Average Memory :                             0.60 GB
    Total Requested Memory :                     192.00 GB
    Delta Memory :                               190.00 GB
    Max Swap :                                   -
    Max Processes :                              3
    Max Threads :                                20
    Run time :                                   15 sec.
    Turnaround time :                            680 sec.

The output (if any) follows:

0
Max probability of improvement:
[array(0.46566033, dtype=float32), array(0.44974405, dtype=float32), array(0.46132684, dtype=float32), array(0.44934928, dtype=float32)]
Max UCB:
[array(1.9502198, dtype=float32), array(1.9406537, dtype=float32), array(1.9303457, dtype=float32), array(1.916829, dtype=float32)]
Max UCB - ybest
[1.8642069, 1.8072197, 1.7969117, 1.783395]


PS:

Read file </home/nguyenm5/coding/pinot/jul-16-final/active-supervised/ProbabilityOfImprovement_100.stderr> for stderr output of this job.

Sender: LSF System <lsfadmin@ls07>
Subject: Job 15340339: <supervised> in cluster <lila> Done

Job <supervised> was submitted from host <lilac> by user <nguyenm5> in cluster <lila> at Wed Jul 15 12:23:37 2020
Job was executed on host(s) <12*ls07>, in queue <gpuqueue>, as user <nguyenm5> in cluster <lila> at Wed Jul 15 12:34:46 2020
</home/nguyenm5> was used as the home directory.
</home/nguyenm5/coding/pinot> was used as the working directory.
Started at Wed Jul 15 12:34:46 2020
Terminated at Wed Jul 15 12:34:59 2020
Results reported at Wed Jul 15 12:34:59 2020

Your job looked like:

------------------------------------------------------------
# LSBATCH: User input
/home/nguyenm5/anaconda3/envs/pinot/bin/python scripts/active/plotting_active.py --net ExactGaussianProcessRegressor --num_rounds 4 --num_trials 1 --num_epochs 100 --data moonshot --q 96 --acquisition ProbabilityOfImprovement --output_folder /home/nguyenm5/coding/pinot/jul-16-final/active-supervised --index 2
------------------------------------------------------------

Successfully completed.

Resource usage summary:

    CPU time :                                   25.99 sec.
    Max Memory :                                 2 GB
    Average Memory :                             1.38 GB
    Total Requested Memory :                     192.00 GB
    Delta Memory :                               190.00 GB
    Max Swap :                                   -
    Max Processes :                              3
    Max Threads :                                20
    Run time :                                   12 sec.
    Turnaround time :                            682 sec.

The output (if any) follows:

0
Max probability of improvement:
[array(0.4173717, dtype=float32), array(0.43076253, dtype=float32), array(0.4245636, dtype=float32), array(0.42537278, dtype=float32)]
Max UCB:
[array(1.9503609, dtype=float32), array(1.9434928, dtype=float32), array(1.9322348, dtype=float32), array(1.9206175, dtype=float32)]
Max UCB - ybest
[1.7413487, 1.7344806, 1.7232226, 1.7116053]


PS:

Read file </home/nguyenm5/coding/pinot/jul-16-final/active-supervised/ProbabilityOfImprovement_100.stderr> for stderr output of this job.

Sender: LSF System <lsfadmin@ls16>
Subject: Job 15340340: <supervised> in cluster <lila> Done

Job <supervised> was submitted from host <lilac> by user <nguyenm5> in cluster <lila> at Wed Jul 15 12:23:37 2020
Job was executed on host(s) <12*ls16>, in queue <gpuqueue>, as user <nguyenm5> in cluster <lila> at Wed Jul 15 12:34:53 2020
</home/nguyenm5> was used as the home directory.
</home/nguyenm5/coding/pinot> was used as the working directory.
Started at Wed Jul 15 12:34:53 2020
Terminated at Wed Jul 15 12:35:05 2020
Results reported at Wed Jul 15 12:35:05 2020

Your job looked like:

------------------------------------------------------------
# LSBATCH: User input
/home/nguyenm5/anaconda3/envs/pinot/bin/python scripts/active/plotting_active.py --net ExactGaussianProcessRegressor --num_rounds 4 --num_trials 1 --num_epochs 100 --data moonshot --q 96 --acquisition ProbabilityOfImprovement --output_folder /home/nguyenm5/coding/pinot/jul-16-final/active-supervised --index 3
------------------------------------------------------------

Successfully completed.

Resource usage summary:

    CPU time :                                   24.72 sec.
    Max Memory :                                 2 GB
    Average Memory :                             1.38 GB
    Total Requested Memory :                     192.00 GB
    Delta Memory :                               190.00 GB
    Max Swap :                                   -
    Max Processes :                              3
    Max Threads :                                20
    Run time :                                   12 sec.
    Turnaround time :                            688 sec.

The output (if any) follows:

0
Max probability of improvement:
[array(0.31420887, dtype=float32), array(0.3503425, dtype=float32), array(0.27480507, dtype=float32), array(0.31847507, dtype=float32)]
Max UCB:
[array(1.9870151, dtype=float32), array(2.0098379, dtype=float32), array(1.9810606, dtype=float32), array(1.9959767, dtype=float32)]
Max UCB - ybest
[1.3731885, 1.3960111, 1.2364519, 1.2513679]


PS:

Read file </home/nguyenm5/coding/pinot/jul-16-final/active-supervised/ProbabilityOfImprovement_100.stderr> for stderr output of this job.

Sender: LSF System <lsfadmin@ls06>
Subject: Job 15340341: <supervised> in cluster <lila> Done

Job <supervised> was submitted from host <lilac> by user <nguyenm5> in cluster <lila> at Wed Jul 15 12:23:37 2020
Job was executed on host(s) <12*ls06>, in queue <gpuqueue>, as user <nguyenm5> in cluster <lila> at Wed Jul 15 12:34:54 2020
</home/nguyenm5> was used as the home directory.
</home/nguyenm5/coding/pinot> was used as the working directory.
Started at Wed Jul 15 12:34:54 2020
Terminated at Wed Jul 15 12:35:07 2020
Results reported at Wed Jul 15 12:35:07 2020

Your job looked like:

------------------------------------------------------------
# LSBATCH: User input
/home/nguyenm5/anaconda3/envs/pinot/bin/python scripts/active/plotting_active.py --net ExactGaussianProcessRegressor --num_rounds 4 --num_trials 1 --num_epochs 100 --data moonshot --q 96 --acquisition ProbabilityOfImprovement --output_folder /home/nguyenm5/coding/pinot/jul-16-final/active-supervised --index 4
------------------------------------------------------------

Successfully completed.

Resource usage summary:

    CPU time :                                   24.81 sec.
    Max Memory :                                 2 GB
    Average Memory :                             1.38 GB
    Total Requested Memory :                     192.00 GB
    Delta Memory :                               190.00 GB
    Max Swap :                                   -
    Max Processes :                              3
    Max Threads :                                20
    Run time :                                   13 sec.
    Turnaround time :                            690 sec.

The output (if any) follows:

0
Max probability of improvement:
[array(0.39022177, dtype=float32), array(0.41550922, dtype=float32), array(0.30449134, dtype=float32), array(0.3437364, dtype=float32)]
Max UCB:
[array(1.9593426, dtype=float32), array(1.957992, dtype=float32), array(1.9382644, dtype=float32), array(1.9429972, dtype=float32)]
Max UCB - ybest
[1.6237261, 1.6223755, 1.4045608, 1.4092937]


PS:

Read file </home/nguyenm5/coding/pinot/jul-16-final/active-supervised/ProbabilityOfImprovement_100.stderr> for stderr output of this job.

Sender: LSF System <lsfadmin@ls07>
Subject: Job 15340343: <supervised> in cluster <lila> Done

Job <supervised> was submitted from host <lilac> by user <nguyenm5> in cluster <lila> at Wed Jul 15 12:23:37 2020
Job was executed on host(s) <12*ls07>, in queue <gpuqueue>, as user <nguyenm5> in cluster <lila> at Wed Jul 15 12:34:59 2020
</home/nguyenm5> was used as the home directory.
</home/nguyenm5/coding/pinot> was used as the working directory.
Started at Wed Jul 15 12:34:59 2020
Terminated at Wed Jul 15 12:35:11 2020
Results reported at Wed Jul 15 12:35:11 2020

Your job looked like:

------------------------------------------------------------
# LSBATCH: User input
/home/nguyenm5/anaconda3/envs/pinot/bin/python scripts/active/plotting_active.py --net ExactGaussianProcessRegressor --num_rounds 4 --num_trials 1 --num_epochs 100 --data moonshot --q 96 --acquisition ProbabilityOfImprovement --output_folder /home/nguyenm5/coding/pinot/jul-16-final/active-supervised --index 6
------------------------------------------------------------

Successfully completed.

Resource usage summary:

    CPU time :                                   26.54 sec.
    Max Memory :                                 2 GB
    Average Memory :                             1.38 GB
    Total Requested Memory :                     192.00 GB
    Delta Memory :                               190.00 GB
    Max Swap :                                   -
    Max Processes :                              3
    Max Threads :                                20
    Run time :                                   12 sec.
    Turnaround time :                            694 sec.

The output (if any) follows:

0
Max probability of improvement:
[array(0.4951321, dtype=float32), array(0.48552895, dtype=float32), array(0.31021273, dtype=float32), array(0.4040085, dtype=float32)]
Max UCB:
[array(1.9509523, dtype=float32), array(1.9404109, dtype=float32), array(1.9303676, dtype=float32), array(1.9700875, dtype=float32)]
Max UCB - ybest
[1.8957235, 1.885182, 1.4412276, 1.4809475]


PS:

Read file </home/nguyenm5/coding/pinot/jul-16-final/active-supervised/ProbabilityOfImprovement_100.stderr> for stderr output of this job.

Sender: LSF System <lsfadmin@ls17>
Subject: Job 15340342: <supervised> in cluster <lila> Done

Job <supervised> was submitted from host <lilac> by user <nguyenm5> in cluster <lila> at Wed Jul 15 12:23:37 2020
Job was executed on host(s) <12*ls17>, in queue <gpuqueue>, as user <nguyenm5> in cluster <lila> at Wed Jul 15 12:34:59 2020
</home/nguyenm5> was used as the home directory.
</home/nguyenm5/coding/pinot> was used as the working directory.
Started at Wed Jul 15 12:34:59 2020
Terminated at Wed Jul 15 12:35:11 2020
Results reported at Wed Jul 15 12:35:11 2020

Your job looked like:

------------------------------------------------------------
# LSBATCH: User input
/home/nguyenm5/anaconda3/envs/pinot/bin/python scripts/active/plotting_active.py --net ExactGaussianProcessRegressor --num_rounds 4 --num_trials 1 --num_epochs 100 --data moonshot --q 96 --acquisition ProbabilityOfImprovement --output_folder /home/nguyenm5/coding/pinot/jul-16-final/active-supervised --index 5
------------------------------------------------------------

Successfully completed.

Resource usage summary:

    CPU time :                                   25.44 sec.
    Max Memory :                                 2 GB
    Average Memory :                             1.38 GB
    Total Requested Memory :                     192.00 GB
    Delta Memory :                               190.00 GB
    Max Swap :                                   -
    Max Processes :                              3
    Max Threads :                                20
    Run time :                                   12 sec.
    Turnaround time :                            694 sec.

The output (if any) follows:

0
Max probability of improvement:
[array(0.47108728, dtype=float32), array(0.49358714, dtype=float32), array(0.46677697, dtype=float32), array(0.45488387, dtype=float32)]
Max UCB:
[array(1.9502114, dtype=float32), array(1.9378693, dtype=float32), array(1.8744473, dtype=float32), array(1.7862478, dtype=float32)]
Max UCB - ybest
[1.8780353, 1.8656932, 1.8022712, 1.7140718]


PS:

Read file </home/nguyenm5/coding/pinot/jul-16-final/active-supervised/ProbabilityOfImprovement_100.stderr> for stderr output of this job.

Sender: LSF System <lsfadmin@ls16>
Subject: Job 15340344: <supervised> in cluster <lila> Done

Job <supervised> was submitted from host <lilac> by user <nguyenm5> in cluster <lila> at Wed Jul 15 12:23:37 2020
Job was executed on host(s) <12*ls16>, in queue <gpuqueue>, as user <nguyenm5> in cluster <lila> at Wed Jul 15 12:35:06 2020
</home/nguyenm5> was used as the home directory.
</home/nguyenm5/coding/pinot> was used as the working directory.
Started at Wed Jul 15 12:35:06 2020
Terminated at Wed Jul 15 12:35:18 2020
Results reported at Wed Jul 15 12:35:18 2020

Your job looked like:

------------------------------------------------------------
# LSBATCH: User input
/home/nguyenm5/anaconda3/envs/pinot/bin/python scripts/active/plotting_active.py --net ExactGaussianProcessRegressor --num_rounds 4 --num_trials 1 --num_epochs 100 --data moonshot --q 96 --acquisition ProbabilityOfImprovement --output_folder /home/nguyenm5/coding/pinot/jul-16-final/active-supervised --index 7
------------------------------------------------------------

Successfully completed.

Resource usage summary:

    CPU time :                                   25.94 sec.
    Max Memory :                                 2 GB
    Average Memory :                             1.38 GB
    Total Requested Memory :                     192.00 GB
    Delta Memory :                               190.00 GB
    Max Swap :                                   -
    Max Processes :                              3
    Max Threads :                                20
    Run time :                                   12 sec.
    Turnaround time :                            701 sec.

The output (if any) follows:

0
Max probability of improvement:
[array(0.46926522, dtype=float32), array(0.49319243, dtype=float32), array(0.26032197, dtype=float32), array(0.38723898, dtype=float32)]
Max UCB:
[array(1.9502085, dtype=float32), array(1.9383501, dtype=float32), array(1.926096, dtype=float32), array(1.9954708, dtype=float32)]
Max UCB - ybest
[1.8734754, 1.861617, 1.2927985, 1.3621733]


PS:

Read file </home/nguyenm5/coding/pinot/jul-16-final/active-supervised/ProbabilityOfImprovement_100.stderr> for stderr output of this job.

Sender: LSF System <lsfadmin@ls06>
Subject: Job 15340345: <supervised> in cluster <lila> Done

Job <supervised> was submitted from host <lilac> by user <nguyenm5> in cluster <lila> at Wed Jul 15 12:23:37 2020
Job was executed on host(s) <12*ls06>, in queue <gpuqueue>, as user <nguyenm5> in cluster <lila> at Wed Jul 15 12:35:07 2020
</home/nguyenm5> was used as the home directory.
</home/nguyenm5/coding/pinot> was used as the working directory.
Started at Wed Jul 15 12:35:07 2020
Terminated at Wed Jul 15 12:35:19 2020
Results reported at Wed Jul 15 12:35:19 2020

Your job looked like:

------------------------------------------------------------
# LSBATCH: User input
/home/nguyenm5/anaconda3/envs/pinot/bin/python scripts/active/plotting_active.py --net ExactGaussianProcessRegressor --num_rounds 4 --num_trials 1 --num_epochs 100 --data moonshot --q 96 --acquisition ProbabilityOfImprovement --output_folder /home/nguyenm5/coding/pinot/jul-16-final/active-supervised --index 8
------------------------------------------------------------

Successfully completed.

Resource usage summary:

    CPU time :                                   24.69 sec.
    Max Memory :                                 2 GB
    Average Memory :                             1.38 GB
    Total Requested Memory :                     192.00 GB
    Delta Memory :                               190.00 GB
    Max Swap :                                   -
    Max Processes :                              3
    Max Threads :                                20
    Run time :                                   12 sec.
    Turnaround time :                            702 sec.

The output (if any) follows:

0
Max probability of improvement:
[array(0.52125126, dtype=float32), array(0.47088838, dtype=float32), array(0.4935575, dtype=float32), array(0.4685108, dtype=float32)]
Max UCB:
[array(1.9502085, dtype=float32), array(1.9368645, dtype=float32), array(1.9237014, dtype=float32), array(1.8884629, dtype=float32)]
Max UCB - ybest
[2.0032375, 1.8646884, 1.8515253, 1.8162868]


PS:

Read file </home/nguyenm5/coding/pinot/jul-16-final/active-supervised/ProbabilityOfImprovement_100.stderr> for stderr output of this job.

Sender: LSF System <lsfadmin@ls17>
Subject: Job 15340346: <supervised> in cluster <lila> Done

Job <supervised> was submitted from host <lilac> by user <nguyenm5> in cluster <lila> at Wed Jul 15 12:23:37 2020
Job was executed on host(s) <12*ls17>, in queue <gpuqueue>, as user <nguyenm5> in cluster <lila> at Wed Jul 15 12:35:12 2020
</home/nguyenm5> was used as the home directory.
</home/nguyenm5/coding/pinot> was used as the working directory.
Started at Wed Jul 15 12:35:12 2020
Terminated at Wed Jul 15 12:35:24 2020
Results reported at Wed Jul 15 12:35:24 2020

Your job looked like:

------------------------------------------------------------
# LSBATCH: User input
/home/nguyenm5/anaconda3/envs/pinot/bin/python scripts/active/plotting_active.py --net ExactGaussianProcessRegressor --num_rounds 4 --num_trials 1 --num_epochs 100 --data moonshot --q 96 --acquisition ProbabilityOfImprovement --output_folder /home/nguyenm5/coding/pinot/jul-16-final/active-supervised --index 9
------------------------------------------------------------

Successfully completed.

Resource usage summary:

    CPU time :                                   25.31 sec.
    Max Memory :                                 2 GB
    Average Memory :                             1.38 GB
    Total Requested Memory :                     192.00 GB
    Delta Memory :                               190.00 GB
    Max Swap :                                   -
    Max Processes :                              3
    Max Threads :                                20
    Run time :                                   12 sec.
    Turnaround time :                            707 sec.

The output (if any) follows:

0
Max probability of improvement:
[array(0.4846806, dtype=float32), array(0.45363486, dtype=float32), array(0.4373631, dtype=float32), array(0.4344629, dtype=float32)]
Max UCB:
[array(1.9575607, dtype=float32), array(1.9445688, dtype=float32), array(1.931062, dtype=float32), array(1.9192967, dtype=float32)]
Max UCB - ybest
[1.7837174, 1.7707255, 1.7572187, 1.7454535]


PS:

Read file </home/nguyenm5/coding/pinot/jul-16-final/active-supervised/ProbabilityOfImprovement_100.stderr> for stderr output of this job.

Sender: LSF System <lsfadmin@ls07>
Subject: Job 15340347: <supervised> in cluster <lila> Done

Job <supervised> was submitted from host <lilac> by user <nguyenm5> in cluster <lila> at Wed Jul 15 12:23:37 2020
Job was executed on host(s) <12*ls07>, in queue <gpuqueue>, as user <nguyenm5> in cluster <lila> at Wed Jul 15 12:35:13 2020
</home/nguyenm5> was used as the home directory.
</home/nguyenm5/coding/pinot> was used as the working directory.
Started at Wed Jul 15 12:35:13 2020
Terminated at Wed Jul 15 12:35:33 2020
Results reported at Wed Jul 15 12:35:33 2020

Your job looked like:

------------------------------------------------------------
# LSBATCH: User input
/home/nguyenm5/anaconda3/envs/pinot/bin/python scripts/active/plotting_active.py --net ExactGaussianProcessRegressor --num_rounds 4 --num_trials 1 --num_epochs 100 --data moonshot --q 96 --acquisition ProbabilityOfImprovement --output_folder /home/nguyenm5/coding/pinot/jul-16-final/active-supervised --index 10
------------------------------------------------------------

Successfully completed.

Resource usage summary:

    CPU time :                                   26.14 sec.
    Max Memory :                                 2 GB
    Average Memory :                             0.92 GB
    Total Requested Memory :                     192.00 GB
    Delta Memory :                               190.00 GB
    Max Swap :                                   -
    Max Processes :                              3
    Max Threads :                                20
    Run time :                                   20 sec.
    Turnaround time :                            716 sec.

The output (if any) follows:

0
Max probability of improvement:
[array(0.4975822, dtype=float32), array(0.45828307, dtype=float32), array(0.46172047, dtype=float32), array(0.45752424, dtype=float32)]
Max UCB:
[array(1.9503918, dtype=float32), array(1.9402282, dtype=float32), array(1.9287037, dtype=float32), array(1.9184102, dtype=float32)]
Max UCB - ybest
[1.9229614, 1.8358716, 1.824347, 1.8140535]


PS:

Read file </home/nguyenm5/coding/pinot/jul-16-final/active-supervised/ProbabilityOfImprovement_100.stderr> for stderr output of this job.

