Sender: LSF System <lsfadmin@ls06>
Subject: Job 15340379: <supervised> in cluster <lila> Done

Job <supervised> was submitted from host <lilac> by user <nguyenm5> in cluster <lila> at Wed Jul 15 12:23:39 2020
Job was executed on host(s) <12*ls06>, in queue <gpuqueue>, as user <nguyenm5> in cluster <lila> at Wed Jul 15 12:38:32 2020
</home/nguyenm5> was used as the home directory.
</home/nguyenm5/coding/pinot> was used as the working directory.
Started at Wed Jul 15 12:38:32 2020
Terminated at Wed Jul 15 12:39:03 2020
Results reported at Wed Jul 15 12:39:03 2020

Your job looked like:

------------------------------------------------------------
# LSBATCH: User input
/home/nguyenm5/anaconda3/envs/pinot/bin/python scripts/active/plotting_active.py --net ExactGaussianProcessRegressor --num_rounds 4 --num_trials 1 --num_epochs 500 --data moonshot --q 96 --acquisition ProbabilityOfImprovement --output_folder /home/nguyenm5/coding/pinot/jul-16-final/active-supervised --index 2
------------------------------------------------------------

Successfully completed.

Resource usage summary:

    CPU time :                                   42.69 sec.
    Max Memory :                                 2 GB
    Average Memory :                             1.71 GB
    Total Requested Memory :                     192.00 GB
    Delta Memory :                               190.00 GB
    Max Swap :                                   -
    Max Processes :                              3
    Max Threads :                                20
    Run time :                                   31 sec.
    Turnaround time :                            924 sec.

The output (if any) follows:

0
Max probability of improvement:
[array(0.49053752, dtype=float32), array(0.4789489, dtype=float32), array(0.46436375, dtype=float32), array(0.39536893, dtype=float32)]
Max UCB:
[array(1.9118495, dtype=float32), array(1.5140927, dtype=float32), array(1.4513018, dtype=float32), array(1.213479, dtype=float32)]
Max UCB - ybest
[1.888744, 1.4909872, 1.4281963, 1.0839299]


PS:

Read file </home/nguyenm5/coding/pinot/jul-16-final/active-supervised/ProbabilityOfImprovement_500.stderr> for stderr output of this job.

Sender: LSF System <lsfadmin@ls16>
Subject: Job 15340380: <supervised> in cluster <lila> Done

Job <supervised> was submitted from host <lilac> by user <nguyenm5> in cluster <lila> at Wed Jul 15 12:23:39 2020
Job was executed on host(s) <12*ls16>, in queue <gpuqueue>, as user <nguyenm5> in cluster <lila> at Wed Jul 15 12:38:33 2020
</home/nguyenm5> was used as the home directory.
</home/nguyenm5/coding/pinot> was used as the working directory.
Started at Wed Jul 15 12:38:33 2020
Terminated at Wed Jul 15 12:39:04 2020
Results reported at Wed Jul 15 12:39:04 2020

Your job looked like:

------------------------------------------------------------
# LSBATCH: User input
/home/nguyenm5/anaconda3/envs/pinot/bin/python scripts/active/plotting_active.py --net ExactGaussianProcessRegressor --num_rounds 4 --num_trials 1 --num_epochs 500 --data moonshot --q 96 --acquisition ProbabilityOfImprovement --output_folder /home/nguyenm5/coding/pinot/jul-16-final/active-supervised --index 3
------------------------------------------------------------

Successfully completed.

Resource usage summary:

    CPU time :                                   42.94 sec.
    Max Memory :                                 2 GB
    Average Memory :                             1.56 GB
    Total Requested Memory :                     192.00 GB
    Delta Memory :                               190.00 GB
    Max Swap :                                   -
    Max Processes :                              3
    Max Threads :                                20
    Run time :                                   32 sec.
    Turnaround time :                            925 sec.

The output (if any) follows:

0
Max probability of improvement:
[array(0.4905513, dtype=float32), array(0.48656905, dtype=float32), array(0.4057318, dtype=float32), array(0.41612983, dtype=float32)]
Max UCB:
[array(1.9118776, dtype=float32), array(1.4411952, dtype=float32), array(1.3662544, dtype=float32), array(1.1384485, dtype=float32)]
Max UCB - ybest
[1.8887721, 1.4180897, 1.2092565, 0.98145056]


PS:

Read file </home/nguyenm5/coding/pinot/jul-16-final/active-supervised/ProbabilityOfImprovement_500.stderr> for stderr output of this job.

Sender: LSF System <lsfadmin@ls07>
Subject: Job 15340378: <supervised> in cluster <lila> Done

Job <supervised> was submitted from host <lilac> by user <nguyenm5> in cluster <lila> at Wed Jul 15 12:23:39 2020
Job was executed on host(s) <12*ls07>, in queue <gpuqueue>, as user <nguyenm5> in cluster <lila> at Wed Jul 15 12:38:28 2020
</home/nguyenm5> was used as the home directory.
</home/nguyenm5/coding/pinot> was used as the working directory.
Started at Wed Jul 15 12:38:28 2020
Terminated at Wed Jul 15 12:39:05 2020
Results reported at Wed Jul 15 12:39:05 2020

Your job looked like:

------------------------------------------------------------
# LSBATCH: User input
/home/nguyenm5/anaconda3/envs/pinot/bin/python scripts/active/plotting_active.py --net ExactGaussianProcessRegressor --num_rounds 4 --num_trials 1 --num_epochs 500 --data moonshot --q 96 --acquisition ProbabilityOfImprovement --output_folder /home/nguyenm5/coding/pinot/jul-16-final/active-supervised --index 1
------------------------------------------------------------

Successfully completed.

Resource usage summary:

    CPU time :                                   44.03 sec.
    Max Memory :                                 2 GB
    Average Memory :                             1.60 GB
    Total Requested Memory :                     192.00 GB
    Delta Memory :                               190.00 GB
    Max Swap :                                   -
    Max Processes :                              3
    Max Threads :                                20
    Run time :                                   37 sec.
    Turnaround time :                            926 sec.

The output (if any) follows:

0
Max probability of improvement:
[array(0.4904427, dtype=float32), array(0.44448048, dtype=float32), array(0.44284958, dtype=float32), array(0.42411733, dtype=float32)]
Max UCB:
[array(1.9116414, dtype=float32), array(1.169709, dtype=float32), array(1.116081, dtype=float32), array(0.89757735, dtype=float32)]
Max UCB - ybest
[1.8885359, 1.1466035, 1.0929755, 0.8744719]


PS:

Read file </home/nguyenm5/coding/pinot/jul-16-final/active-supervised/ProbabilityOfImprovement_500.stderr> for stderr output of this job.

Sender: LSF System <lsfadmin@ls17>
Subject: Job 15340382: <supervised> in cluster <lila> Done

Job <supervised> was submitted from host <lilac> by user <nguyenm5> in cluster <lila> at Wed Jul 15 12:23:39 2020
Job was executed on host(s) <12*ls17>, in queue <gpuqueue>, as user <nguyenm5> in cluster <lila> at Wed Jul 15 12:38:38 2020
</home/nguyenm5> was used as the home directory.
</home/nguyenm5/coding/pinot> was used as the working directory.
Started at Wed Jul 15 12:38:38 2020
Terminated at Wed Jul 15 12:39:11 2020
Results reported at Wed Jul 15 12:39:11 2020

Your job looked like:

------------------------------------------------------------
# LSBATCH: User input
/home/nguyenm5/anaconda3/envs/pinot/bin/python scripts/active/plotting_active.py --net ExactGaussianProcessRegressor --num_rounds 4 --num_trials 1 --num_epochs 500 --data moonshot --q 96 --acquisition ProbabilityOfImprovement --output_folder /home/nguyenm5/coding/pinot/jul-16-final/active-supervised --index 4
------------------------------------------------------------

Successfully completed.

Resource usage summary:

    CPU time :                                   43.47 sec.
    Max Memory :                                 2 GB
    Average Memory :                             1.61 GB
    Total Requested Memory :                     192.00 GB
    Delta Memory :                               190.00 GB
    Max Swap :                                   -
    Max Processes :                              3
    Max Threads :                                20
    Run time :                                   33 sec.
    Turnaround time :                            932 sec.

The output (if any) follows:

0
Max probability of improvement:
[array(0.47925472, dtype=float32), array(0.42942846, dtype=float32), array(0.4294473, dtype=float32), array(0.41703975, dtype=float32)]
Max UCB:
[array(1.924165, dtype=float32), array(1.8701179, dtype=float32), array(1.8194168, dtype=float32), array(1.4926662, dtype=float32)]
Max UCB - ybest
[1.7015134, 1.6474663, 1.5967652, 1.2700146]


PS:

Read file </home/nguyenm5/coding/pinot/jul-16-final/active-supervised/ProbabilityOfImprovement_500.stderr> for stderr output of this job.

Sender: LSF System <lsfadmin@ls16>
Subject: Job 15340384: <supervised> in cluster <lila> Done

Job <supervised> was submitted from host <lilac> by user <nguyenm5> in cluster <lila> at Wed Jul 15 12:23:39 2020
Job was executed on host(s) <12*ls16>, in queue <gpuqueue>, as user <nguyenm5> in cluster <lila> at Wed Jul 15 12:39:04 2020
</home/nguyenm5> was used as the home directory.
</home/nguyenm5/coding/pinot> was used as the working directory.
Started at Wed Jul 15 12:39:04 2020
Terminated at Wed Jul 15 12:39:35 2020
Results reported at Wed Jul 15 12:39:35 2020

Your job looked like:

------------------------------------------------------------
# LSBATCH: User input
/home/nguyenm5/anaconda3/envs/pinot/bin/python scripts/active/plotting_active.py --net ExactGaussianProcessRegressor --num_rounds 4 --num_trials 1 --num_epochs 500 --data moonshot --q 96 --acquisition ProbabilityOfImprovement --output_folder /home/nguyenm5/coding/pinot/jul-16-final/active-supervised --index 6
------------------------------------------------------------

Successfully completed.

Resource usage summary:

    CPU time :                                   43.70 sec.
    Max Memory :                                 2 GB
    Average Memory :                             1.71 GB
    Total Requested Memory :                     192.00 GB
    Delta Memory :                               190.00 GB
    Max Swap :                                   -
    Max Processes :                              3
    Max Threads :                                20
    Run time :                                   31 sec.
    Turnaround time :                            956 sec.

The output (if any) follows:

0
Max probability of improvement:
[array(0.4905219, dtype=float32), array(0.18334663, dtype=float32), array(0.21945906, dtype=float32), array(0.30092025, dtype=float32)]
Max UCB:
[array(1.9118186, dtype=float32), array(1.722257, dtype=float32), array(1.7226195, dtype=float32), array(1.9500126, dtype=float32)]
Max UCB - ybest
[1.8887131, 0.93674344, 0.72966254, 0.95705557]


PS:

Read file </home/nguyenm5/coding/pinot/jul-16-final/active-supervised/ProbabilityOfImprovement_500.stderr> for stderr output of this job.

Sender: LSF System <lsfadmin@ls06>
Subject: Job 15340383: <supervised> in cluster <lila> Done

Job <supervised> was submitted from host <lilac> by user <nguyenm5> in cluster <lila> at Wed Jul 15 12:23:39 2020
Job was executed on host(s) <12*ls06>, in queue <gpuqueue>, as user <nguyenm5> in cluster <lila> at Wed Jul 15 12:39:03 2020
</home/nguyenm5> was used as the home directory.
</home/nguyenm5/coding/pinot> was used as the working directory.
Started at Wed Jul 15 12:39:03 2020
Terminated at Wed Jul 15 12:39:41 2020
Results reported at Wed Jul 15 12:39:41 2020

Your job looked like:

------------------------------------------------------------
# LSBATCH: User input
/home/nguyenm5/anaconda3/envs/pinot/bin/python scripts/active/plotting_active.py --net ExactGaussianProcessRegressor --num_rounds 4 --num_trials 1 --num_epochs 500 --data moonshot --q 96 --acquisition ProbabilityOfImprovement --output_folder /home/nguyenm5/coding/pinot/jul-16-final/active-supervised --index 5
------------------------------------------------------------

Successfully completed.

Resource usage summary:

    CPU time :                                   43.41 sec.
    Max Memory :                                 2 GB
    Average Memory :                             1.38 GB
    Total Requested Memory :                     192.00 GB
    Delta Memory :                               190.00 GB
    Max Swap :                                   -
    Max Processes :                              3
    Max Threads :                                20
    Run time :                                   38 sec.
    Turnaround time :                            962 sec.

The output (if any) follows:

0
Max probability of improvement:
[array(0.49384123, dtype=float32), array(0.4761715, dtype=float32), array(0.42135513, dtype=float32), array(0.3309933, dtype=float32)]
Max UCB:
[array(1.9129618, dtype=float32), array(1.8648757, dtype=float32), array(1.1035615, dtype=float32), array(0.69184065, dtype=float32)]
Max UCB - ybest
[1.8468579, 1.7987717, 1.0374576, 0.62573665]


PS:

Read file </home/nguyenm5/coding/pinot/jul-16-final/active-supervised/ProbabilityOfImprovement_500.stderr> for stderr output of this job.

Sender: LSF System <lsfadmin@ls07>
Subject: Job 15340385: <supervised> in cluster <lila> Done

Job <supervised> was submitted from host <lilac> by user <nguyenm5> in cluster <lila> at Wed Jul 15 12:23:39 2020
Job was executed on host(s) <12*ls07>, in queue <gpuqueue>, as user <nguyenm5> in cluster <lila> at Wed Jul 15 12:39:05 2020
</home/nguyenm5> was used as the home directory.
</home/nguyenm5/coding/pinot> was used as the working directory.
Started at Wed Jul 15 12:39:05 2020
Terminated at Wed Jul 15 12:39:42 2020
Results reported at Wed Jul 15 12:39:42 2020

Your job looked like:

------------------------------------------------------------
# LSBATCH: User input
/home/nguyenm5/anaconda3/envs/pinot/bin/python scripts/active/plotting_active.py --net ExactGaussianProcessRegressor --num_rounds 4 --num_trials 1 --num_epochs 500 --data moonshot --q 96 --acquisition ProbabilityOfImprovement --output_folder /home/nguyenm5/coding/pinot/jul-16-final/active-supervised --index 7
------------------------------------------------------------

Successfully completed.

Resource usage summary:

    CPU time :                                   45.13 sec.
    Max Memory :                                 2 GB
    Average Memory :                             1.50 GB
    Total Requested Memory :                     192.00 GB
    Delta Memory :                               190.00 GB
    Max Swap :                                   -
    Max Processes :                              3
    Max Threads :                                20
    Run time :                                   37 sec.
    Turnaround time :                            963 sec.

The output (if any) follows:

0
Max probability of improvement:
[array(0.4949674, dtype=float32), array(0.47539437, dtype=float32), array(0.41851985, dtype=float32), array(0.42221993, dtype=float32)]
Max UCB:
[array(1.9126023, dtype=float32), array(1.8649325, dtype=float32), array(1.8186845, dtype=float32), array(1.6199926, dtype=float32)]
Max UCB - ybest
[1.8585851, 1.8031381, 1.6249603, 1.4262685]


PS:

Read file </home/nguyenm5/coding/pinot/jul-16-final/active-supervised/ProbabilityOfImprovement_500.stderr> for stderr output of this job.

Sender: LSF System <lsfadmin@ls17>
Subject: Job 15340386: <supervised> in cluster <lila> Done

Job <supervised> was submitted from host <lilac> by user <nguyenm5> in cluster <lila> at Wed Jul 15 12:23:39 2020
Job was executed on host(s) <12*ls17>, in queue <gpuqueue>, as user <nguyenm5> in cluster <lila> at Wed Jul 15 12:39:12 2020
</home/nguyenm5> was used as the home directory.
</home/nguyenm5/coding/pinot> was used as the working directory.
Started at Wed Jul 15 12:39:12 2020
Terminated at Wed Jul 15 12:39:47 2020
Results reported at Wed Jul 15 12:39:47 2020

Your job looked like:

------------------------------------------------------------
# LSBATCH: User input
/home/nguyenm5/anaconda3/envs/pinot/bin/python scripts/active/plotting_active.py --net ExactGaussianProcessRegressor --num_rounds 4 --num_trials 1 --num_epochs 500 --data moonshot --q 96 --acquisition ProbabilityOfImprovement --output_folder /home/nguyenm5/coding/pinot/jul-16-final/active-supervised --index 8
------------------------------------------------------------

Successfully completed.

Resource usage summary:

    CPU time :                                   43.73 sec.
    Max Memory :                                 2 GB
    Average Memory :                             1.60 GB
    Total Requested Memory :                     192.00 GB
    Delta Memory :                               190.00 GB
    Max Swap :                                   -
    Max Processes :                              3
    Max Threads :                                20
    Run time :                                   36 sec.
    Turnaround time :                            968 sec.

The output (if any) follows:

0
Max probability of improvement:
[array(0.489065, dtype=float32), array(0.4917394, dtype=float32), array(0.48212677, dtype=float32), array(0.0905115, dtype=float32)]
Max UCB:
[array(1.9120988, dtype=float32), array(1.8654815, dtype=float32), array(1.8120363, dtype=float32), array(0.71553767, dtype=float32)]
Max UCB - ybest
[1.8726047, 1.8259875, 1.7725422, 0.22822243]


PS:

Read file </home/nguyenm5/coding/pinot/jul-16-final/active-supervised/ProbabilityOfImprovement_500.stderr> for stderr output of this job.

Sender: LSF System <lsfadmin@ls16>
Subject: Job 15340387: <supervised> in cluster <lila> Done

Job <supervised> was submitted from host <lilac> by user <nguyenm5> in cluster <lila> at Wed Jul 15 12:23:40 2020
Job was executed on host(s) <12*ls16>, in queue <gpuqueue>, as user <nguyenm5> in cluster <lila> at Wed Jul 15 12:39:35 2020
</home/nguyenm5> was used as the home directory.
</home/nguyenm5/coding/pinot> was used as the working directory.
Started at Wed Jul 15 12:39:35 2020
Terminated at Wed Jul 15 12:40:13 2020
Results reported at Wed Jul 15 12:40:13 2020

Your job looked like:

------------------------------------------------------------
# LSBATCH: User input
/home/nguyenm5/anaconda3/envs/pinot/bin/python scripts/active/plotting_active.py --net ExactGaussianProcessRegressor --num_rounds 4 --num_trials 1 --num_epochs 500 --data moonshot --q 96 --acquisition ProbabilityOfImprovement --output_folder /home/nguyenm5/coding/pinot/jul-16-final/active-supervised --index 9
------------------------------------------------------------

Successfully completed.

Resource usage summary:

    CPU time :                                   43.50 sec.
    Max Memory :                                 2 GB
    Average Memory :                             1.57 GB
    Total Requested Memory :                     192.00 GB
    Delta Memory :                               190.00 GB
    Max Swap :                                   -
    Max Processes :                              3
    Max Threads :                                20
    Run time :                                   38 sec.
    Turnaround time :                            993 sec.

The output (if any) follows:

0
Max probability of improvement:
[array(0.49055105, dtype=float32), array(0.47634947, dtype=float32), array(0.48016405, dtype=float32), array(0.46031797, dtype=float32)]
Max UCB:
[array(1.9118764, dtype=float32), array(1.4809254, dtype=float32), array(1.32078, dtype=float32), array(1.3407862, dtype=float32)]
Max UCB - ybest
[1.8887709, 1.431791, 1.2716455, 1.2686101]


PS:

Read file </home/nguyenm5/coding/pinot/jul-16-final/active-supervised/ProbabilityOfImprovement_500.stderr> for stderr output of this job.

Sender: LSF System <lsfadmin@ls06>
Subject: Job 15340388: <supervised> in cluster <lila> Done

Job <supervised> was submitted from host <lilac> by user <nguyenm5> in cluster <lila> at Wed Jul 15 12:23:40 2020
Job was executed on host(s) <12*ls06>, in queue <gpuqueue>, as user <nguyenm5> in cluster <lila> at Wed Jul 15 12:39:41 2020
</home/nguyenm5> was used as the home directory.
</home/nguyenm5/coding/pinot> was used as the working directory.
Started at Wed Jul 15 12:39:41 2020
Terminated at Wed Jul 15 12:40:16 2020
Results reported at Wed Jul 15 12:40:16 2020

Your job looked like:

------------------------------------------------------------
# LSBATCH: User input
/home/nguyenm5/anaconda3/envs/pinot/bin/python scripts/active/plotting_active.py --net ExactGaussianProcessRegressor --num_rounds 4 --num_trials 1 --num_epochs 500 --data moonshot --q 96 --acquisition ProbabilityOfImprovement --output_folder /home/nguyenm5/coding/pinot/jul-16-final/active-supervised --index 10
------------------------------------------------------------

Successfully completed.

Resource usage summary:

    CPU time :                                   42.52 sec.
    Max Memory :                                 2 GB
    Average Memory :                             1.53 GB
    Total Requested Memory :                     192.00 GB
    Delta Memory :                               190.00 GB
    Max Swap :                                   -
    Max Processes :                              3
    Max Threads :                                20
    Run time :                                   34 sec.
    Turnaround time :                            996 sec.

The output (if any) follows:

0
Max probability of improvement:
[array(0.48840457, dtype=float32), array(0.44866085, dtype=float32), array(0.40271378, dtype=float32), array(0.362871, dtype=float32)]
Max UCB:
[array(1.9157236, dtype=float32), array(1.8622416, dtype=float32), array(1.0864152, dtype=float32), array(0.8762631, dtype=float32)]
Max UCB - ybest
[1.7912705, 1.7377886, 0.9619621, 0.71926516]


PS:

Read file </home/nguyenm5/coding/pinot/jul-16-final/active-supervised/ProbabilityOfImprovement_500.stderr> for stderr output of this job.

