Sender: LSF System <lsfadmin@ls06>
Subject: Job 15340368: <supervised> in cluster <lila> Done

Job <supervised> was submitted from host <lilac> by user <nguyenm5> in cluster <lila> at Wed Jul 15 12:23:38 2020
Job was executed on host(s) <12*ls06>, in queue <gpuqueue>, as user <nguyenm5> in cluster <lila> at Wed Jul 15 12:37:00 2020
</home/nguyenm5> was used as the home directory.
</home/nguyenm5/coding/pinot> was used as the working directory.
Started at Wed Jul 15 12:37:00 2020
Terminated at Wed Jul 15 12:37:30 2020
Results reported at Wed Jul 15 12:37:30 2020

Your job looked like:

------------------------------------------------------------
# LSBATCH: User input
/home/nguyenm5/anaconda3/envs/pinot/bin/python scripts/active/plotting_active.py --net ExactGaussianProcessRegressor --num_rounds 4 --num_trials 1 --num_epochs 500 --data moonshot --q 96 --acquisition UpperConfidenceBound --output_folder /home/nguyenm5/coding/pinot/jul-16-final/active-supervised --index 1
------------------------------------------------------------

Successfully completed.

Resource usage summary:

    CPU time :                                   40.95 sec.
    Max Memory :                                 2 GB
    Average Memory :                             1.71 GB
    Total Requested Memory :                     192.00 GB
    Delta Memory :                               190.00 GB
    Max Swap :                                   -
    Max Processes :                              3
    Max Threads :                                20
    Run time :                                   30 sec.
    Turnaround time :                            832 sec.

The output (if any) follows:

0
Max probability of improvement:
[array(0.49489945, dtype=float32), array(0.47727746, dtype=float32), array(0.4713819, dtype=float32), array(0.13888156, dtype=float32)]
Max UCB:
[array(1.9126225, dtype=float32), array(1.6920872, dtype=float32), array(1.515826, dtype=float32), array(1.428079, dtype=float32)]
Max UCB - ybest
[1.8578763, 1.637341, 1.4610798, 0.6425654]


PS:

Read file </home/nguyenm5/coding/pinot/jul-16-final/active-supervised/UpperConfidenceBound_500.stderr> for stderr output of this job.

Sender: LSF System <lsfadmin@ls17>
Subject: Job 15340369: <supervised> in cluster <lila> Done

Job <supervised> was submitted from host <lilac> by user <nguyenm5> in cluster <lila> at Wed Jul 15 12:23:39 2020
Job was executed on host(s) <12*ls17>, in queue <gpuqueue>, as user <nguyenm5> in cluster <lila> at Wed Jul 15 12:37:05 2020
</home/nguyenm5> was used as the home directory.
</home/nguyenm5/coding/pinot> was used as the working directory.
Started at Wed Jul 15 12:37:05 2020
Terminated at Wed Jul 15 12:37:34 2020
Results reported at Wed Jul 15 12:37:34 2020

Your job looked like:

------------------------------------------------------------
# LSBATCH: User input
/home/nguyenm5/anaconda3/envs/pinot/bin/python scripts/active/plotting_active.py --net ExactGaussianProcessRegressor --num_rounds 4 --num_trials 1 --num_epochs 500 --data moonshot --q 96 --acquisition UpperConfidenceBound --output_folder /home/nguyenm5/coding/pinot/jul-16-final/active-supervised --index 2
------------------------------------------------------------

Successfully completed.

Resource usage summary:

    CPU time :                                   41.37 sec.
    Max Memory :                                 2 GB
    Average Memory :                             1.71 GB
    Total Requested Memory :                     192.00 GB
    Delta Memory :                               190.00 GB
    Max Swap :                                   -
    Max Processes :                              3
    Max Threads :                                20
    Run time :                                   29 sec.
    Turnaround time :                            835 sec.

The output (if any) follows:

0
Max probability of improvement:
[array(0.45928252, dtype=float32), array(0.46894163, dtype=float32), array(0.17414618, dtype=float32), array(0.40053058, dtype=float32)]
Max UCB:
[array(1.9128704, dtype=float32), array(1.754781, dtype=float32), array(1.620205, dtype=float32), array(1.5767791, dtype=float32)]
Max UCB - ybest
[1.7956825, 1.6375932, 0.83469146, 0.79126555]


PS:

Read file </home/nguyenm5/coding/pinot/jul-16-final/active-supervised/UpperConfidenceBound_500.stderr> for stderr output of this job.

Sender: LSF System <lsfadmin@ls07>
Subject: Job 15340370: <supervised> in cluster <lila> Done

Job <supervised> was submitted from host <lilac> by user <nguyenm5> in cluster <lila> at Wed Jul 15 12:23:39 2020
Job was executed on host(s) <12*ls07>, in queue <gpuqueue>, as user <nguyenm5> in cluster <lila> at Wed Jul 15 12:37:25 2020
</home/nguyenm5> was used as the home directory.
</home/nguyenm5/coding/pinot> was used as the working directory.
Started at Wed Jul 15 12:37:25 2020
Terminated at Wed Jul 15 12:37:54 2020
Results reported at Wed Jul 15 12:37:54 2020

Your job looked like:

------------------------------------------------------------
# LSBATCH: User input
/home/nguyenm5/anaconda3/envs/pinot/bin/python scripts/active/plotting_active.py --net ExactGaussianProcessRegressor --num_rounds 4 --num_trials 1 --num_epochs 500 --data moonshot --q 96 --acquisition UpperConfidenceBound --output_folder /home/nguyenm5/coding/pinot/jul-16-final/active-supervised --index 3
------------------------------------------------------------

Successfully completed.

Resource usage summary:

    CPU time :                                   42.03 sec.
    Max Memory :                                 2 GB
    Average Memory :                             1.71 GB
    Total Requested Memory :                     192.00 GB
    Delta Memory :                               190.00 GB
    Max Swap :                                   -
    Max Processes :                              3
    Max Threads :                                20
    Run time :                                   29 sec.
    Turnaround time :                            855 sec.

The output (if any) follows:

0
Max probability of improvement:
[array(0.40895647, dtype=float32), array(0.3961082, dtype=float32), array(0.3927641, dtype=float32), array(0.3169086, dtype=float32)]
Max UCB:
[array(2.150348, dtype=float32), array(2.074118, dtype=float32), array(2.003321, dtype=float32), array(1.9104261, dtype=float32)]
Max UCB - ybest
[1.1578562, 1.0816262, 1.0108292, 0.9179344]


PS:

Read file </home/nguyenm5/coding/pinot/jul-16-final/active-supervised/UpperConfidenceBound_500.stderr> for stderr output of this job.

Sender: LSF System <lsfadmin@ls16>
Subject: Job 15340371: <supervised> in cluster <lila> Done

Job <supervised> was submitted from host <lilac> by user <nguyenm5> in cluster <lila> at Wed Jul 15 12:23:39 2020
Job was executed on host(s) <12*ls16>, in queue <gpuqueue>, as user <nguyenm5> in cluster <lila> at Wed Jul 15 12:37:29 2020
</home/nguyenm5> was used as the home directory.
</home/nguyenm5/coding/pinot> was used as the working directory.
Started at Wed Jul 15 12:37:29 2020
Terminated at Wed Jul 15 12:37:59 2020
Results reported at Wed Jul 15 12:37:59 2020

Your job looked like:

------------------------------------------------------------
# LSBATCH: User input
/home/nguyenm5/anaconda3/envs/pinot/bin/python scripts/active/plotting_active.py --net ExactGaussianProcessRegressor --num_rounds 4 --num_trials 1 --num_epochs 500 --data moonshot --q 96 --acquisition UpperConfidenceBound --output_folder /home/nguyenm5/coding/pinot/jul-16-final/active-supervised --index 4
------------------------------------------------------------

Successfully completed.

Resource usage summary:

    CPU time :                                   41.49 sec.
    Max Memory :                                 2 GB
    Average Memory :                             1.71 GB
    Total Requested Memory :                     192.00 GB
    Delta Memory :                               190.00 GB
    Max Swap :                                   -
    Max Processes :                              3
    Max Threads :                                20
    Run time :                                   30 sec.
    Turnaround time :                            860 sec.

The output (if any) follows:

0
Max probability of improvement:
[array(0.4670145, dtype=float32), array(0.39478767, dtype=float32), array(0.37718976, dtype=float32), array(0.15088665, dtype=float32)]
Max UCB:
[array(1.9428083, dtype=float32), array(1.8707724, dtype=float32), array(1.4883685, dtype=float32), array(1.3221283, dtype=float32)]
Max UCB - ybest
[1.588719, 1.5166831, 1.1342793, 0.5366147]


PS:

Read file </home/nguyenm5/coding/pinot/jul-16-final/active-supervised/UpperConfidenceBound_500.stderr> for stderr output of this job.

Sender: LSF System <lsfadmin@ls06>
Subject: Job 15340372: <supervised> in cluster <lila> Done

Job <supervised> was submitted from host <lilac> by user <nguyenm5> in cluster <lila> at Wed Jul 15 12:23:39 2020
Job was executed on host(s) <12*ls06>, in queue <gpuqueue>, as user <nguyenm5> in cluster <lila> at Wed Jul 15 12:37:31 2020
</home/nguyenm5> was used as the home directory.
</home/nguyenm5/coding/pinot> was used as the working directory.
Started at Wed Jul 15 12:37:31 2020
Terminated at Wed Jul 15 12:38:01 2020
Results reported at Wed Jul 15 12:38:01 2020

Your job looked like:

------------------------------------------------------------
# LSBATCH: User input
/home/nguyenm5/anaconda3/envs/pinot/bin/python scripts/active/plotting_active.py --net ExactGaussianProcessRegressor --num_rounds 4 --num_trials 1 --num_epochs 500 --data moonshot --q 96 --acquisition UpperConfidenceBound --output_folder /home/nguyenm5/coding/pinot/jul-16-final/active-supervised --index 5
------------------------------------------------------------

Successfully completed.

Resource usage summary:

    CPU time :                                   43.14 sec.
    Max Memory :                                 2 GB
    Average Memory :                             1.71 GB
    Total Requested Memory :                     192.00 GB
    Delta Memory :                               190.00 GB
    Max Swap :                                   -
    Max Processes :                              3
    Max Threads :                                20
    Run time :                                   30 sec.
    Turnaround time :                            862 sec.

The output (if any) follows:

0
Max probability of improvement:
[array(0.4858023, dtype=float32), array(0.49093556, dtype=float32), array(0.4894902, dtype=float32), array(0.4777997, dtype=float32)]
Max UCB:
[array(1.9123981, dtype=float32), array(1.7540146, dtype=float32), array(1.3906134, dtype=float32), array(1.4098866, dtype=float32)]
Max UCB - ybest
[1.855888, 1.6975045, 1.3341033, 1.3533765]


PS:

Read file </home/nguyenm5/coding/pinot/jul-16-final/active-supervised/UpperConfidenceBound_500.stderr> for stderr output of this job.

Sender: LSF System <lsfadmin@ls17>
Subject: Job 15340373: <supervised> in cluster <lila> Done

Job <supervised> was submitted from host <lilac> by user <nguyenm5> in cluster <lila> at Wed Jul 15 12:23:39 2020
Job was executed on host(s) <12*ls17>, in queue <gpuqueue>, as user <nguyenm5> in cluster <lila> at Wed Jul 15 12:37:36 2020
</home/nguyenm5> was used as the home directory.
</home/nguyenm5/coding/pinot> was used as the working directory.
Started at Wed Jul 15 12:37:36 2020
Terminated at Wed Jul 15 12:38:06 2020
Results reported at Wed Jul 15 12:38:06 2020

Your job looked like:

------------------------------------------------------------
# LSBATCH: User input
/home/nguyenm5/anaconda3/envs/pinot/bin/python scripts/active/plotting_active.py --net ExactGaussianProcessRegressor --num_rounds 4 --num_trials 1 --num_epochs 500 --data moonshot --q 96 --acquisition UpperConfidenceBound --output_folder /home/nguyenm5/coding/pinot/jul-16-final/active-supervised --index 6
------------------------------------------------------------

Successfully completed.

Resource usage summary:

    CPU time :                                   41.89 sec.
    Max Memory :                                 2 GB
    Average Memory :                             1.59 GB
    Total Requested Memory :                     192.00 GB
    Delta Memory :                               190.00 GB
    Max Swap :                                   -
    Max Processes :                              3
    Max Threads :                                20
    Run time :                                   30 sec.
    Turnaround time :                            867 sec.

The output (if any) follows:

0
Max probability of improvement:
[array(0.41044366, dtype=float32), array(0.40197462, dtype=float32), array(0.390225, dtype=float32), array(0.37968218, dtype=float32)]
Max UCB:
[array(2.138928, dtype=float32), array(2.0640283, dtype=float32), array(1.9918915, dtype=float32), array(1.7936473, dtype=float32)]
Max UCB - ybest
[1.1660378, 1.0911381, 1.0190015, 0.8207572]


PS:

Read file </home/nguyenm5/coding/pinot/jul-16-final/active-supervised/UpperConfidenceBound_500.stderr> for stderr output of this job.

Sender: LSF System <lsfadmin@ls07>
Subject: Job 15340374: <supervised> in cluster <lila> Done

Job <supervised> was submitted from host <lilac> by user <nguyenm5> in cluster <lila> at Wed Jul 15 12:23:39 2020
Job was executed on host(s) <12*ls07>, in queue <gpuqueue>, as user <nguyenm5> in cluster <lila> at Wed Jul 15 12:37:55 2020
</home/nguyenm5> was used as the home directory.
</home/nguyenm5/coding/pinot> was used as the working directory.
Started at Wed Jul 15 12:37:55 2020
Terminated at Wed Jul 15 12:38:26 2020
Results reported at Wed Jul 15 12:38:26 2020

Your job looked like:

------------------------------------------------------------
# LSBATCH: User input
/home/nguyenm5/anaconda3/envs/pinot/bin/python scripts/active/plotting_active.py --net ExactGaussianProcessRegressor --num_rounds 4 --num_trials 1 --num_epochs 500 --data moonshot --q 96 --acquisition UpperConfidenceBound --output_folder /home/nguyenm5/coding/pinot/jul-16-final/active-supervised --index 7
------------------------------------------------------------

Successfully completed.

Resource usage summary:

    CPU time :                                   41.76 sec.
    Max Memory :                                 2 GB
    Average Memory :                             1.56 GB
    Total Requested Memory :                     192.00 GB
    Delta Memory :                               190.00 GB
    Max Swap :                                   -
    Max Processes :                              3
    Max Threads :                                20
    Run time :                                   31 sec.
    Turnaround time :                            887 sec.

The output (if any) follows:

0
Max probability of improvement:
[array(0.4905513, dtype=float32), array(0.12560225, dtype=float32), array(0.40501434, dtype=float32), array(0.40176475, dtype=float32)]
Max UCB:
[array(1.9118772, dtype=float32), array(1.3384992, dtype=float32), array(1.7947257, dtype=float32), array(1.5258306, dtype=float32)]
Max UCB - ybest
[1.8887717, 0.5529856, 1.009212, 0.74031705]


PS:

Read file </home/nguyenm5/coding/pinot/jul-16-final/active-supervised/UpperConfidenceBound_500.stderr> for stderr output of this job.

Sender: LSF System <lsfadmin@ls16>
Subject: Job 15340375: <supervised> in cluster <lila> Done

Job <supervised> was submitted from host <lilac> by user <nguyenm5> in cluster <lila> at Wed Jul 15 12:23:39 2020
Job was executed on host(s) <12*ls16>, in queue <gpuqueue>, as user <nguyenm5> in cluster <lila> at Wed Jul 15 12:37:59 2020
</home/nguyenm5> was used as the home directory.
</home/nguyenm5/coding/pinot> was used as the working directory.
Started at Wed Jul 15 12:37:59 2020
Terminated at Wed Jul 15 12:38:31 2020
Results reported at Wed Jul 15 12:38:31 2020

Your job looked like:

------------------------------------------------------------
# LSBATCH: User input
/home/nguyenm5/anaconda3/envs/pinot/bin/python scripts/active/plotting_active.py --net ExactGaussianProcessRegressor --num_rounds 4 --num_trials 1 --num_epochs 500 --data moonshot --q 96 --acquisition UpperConfidenceBound --output_folder /home/nguyenm5/coding/pinot/jul-16-final/active-supervised --index 8
------------------------------------------------------------

Successfully completed.

Resource usage summary:

    CPU time :                                   43.67 sec.
    Max Memory :                                 2 GB
    Average Memory :                             1.72 GB
    Total Requested Memory :                     192.00 GB
    Delta Memory :                               190.00 GB
    Max Swap :                                   -
    Max Processes :                              3
    Max Threads :                                20
    Run time :                                   32 sec.
    Turnaround time :                            892 sec.

The output (if any) follows:

0
Max probability of improvement:
[array(0.49054092, dtype=float32), array(0.13015103, dtype=float32), array(0.4026212, dtype=float32), array(0.39994025, dtype=float32)]
Max UCB:
[array(1.9118491, dtype=float32), array(1.7286471, dtype=float32), array(1.9654096, dtype=float32), array(1.895532, dtype=float32)]
Max UCB - ybest
[1.8887436, 0.7356901, 0.97245264, 0.902575]


PS:

Read file </home/nguyenm5/coding/pinot/jul-16-final/active-supervised/UpperConfidenceBound_500.stderr> for stderr output of this job.

Sender: LSF System <lsfadmin@ls06>
Subject: Job 15340376: <supervised> in cluster <lila> Done

Job <supervised> was submitted from host <lilac> by user <nguyenm5> in cluster <lila> at Wed Jul 15 12:23:39 2020
Job was executed on host(s) <12*ls06>, in queue <gpuqueue>, as user <nguyenm5> in cluster <lila> at Wed Jul 15 12:38:01 2020
</home/nguyenm5> was used as the home directory.
</home/nguyenm5/coding/pinot> was used as the working directory.
Started at Wed Jul 15 12:38:01 2020
Terminated at Wed Jul 15 12:38:31 2020
Results reported at Wed Jul 15 12:38:31 2020

Your job looked like:

------------------------------------------------------------
# LSBATCH: User input
/home/nguyenm5/anaconda3/envs/pinot/bin/python scripts/active/plotting_active.py --net ExactGaussianProcessRegressor --num_rounds 4 --num_trials 1 --num_epochs 500 --data moonshot --q 96 --acquisition UpperConfidenceBound --output_folder /home/nguyenm5/coding/pinot/jul-16-final/active-supervised --index 9
------------------------------------------------------------

Successfully completed.

Resource usage summary:

    CPU time :                                   43.47 sec.
    Max Memory :                                 2 GB
    Average Memory :                             1.71 GB
    Total Requested Memory :                     192.00 GB
    Delta Memory :                               190.00 GB
    Max Swap :                                   -
    Max Processes :                              3
    Max Threads :                                20
    Run time :                                   30 sec.
    Turnaround time :                            892 sec.

The output (if any) follows:

0
Max probability of improvement:
[array(0.4532224, dtype=float32), array(0.38173777, dtype=float32), array(0.39697963, dtype=float32), array(0.4022845, dtype=float32)]
Max UCB:
[array(1.9737067, dtype=float32), array(1.8918971, dtype=float32), array(1.579152, dtype=float32), array(1.5204678, dtype=float32)]
Max UCB - ybest
[1.4711784, 1.3893688, 1.0766237, 1.0179394]


PS:

Read file </home/nguyenm5/coding/pinot/jul-16-final/active-supervised/UpperConfidenceBound_500.stderr> for stderr output of this job.

Sender: LSF System <lsfadmin@ls17>
Subject: Job 15340377: <supervised> in cluster <lila> Done

Job <supervised> was submitted from host <lilac> by user <nguyenm5> in cluster <lila> at Wed Jul 15 12:23:39 2020
Job was executed on host(s) <12*ls17>, in queue <gpuqueue>, as user <nguyenm5> in cluster <lila> at Wed Jul 15 12:38:07 2020
</home/nguyenm5> was used as the home directory.
</home/nguyenm5/coding/pinot> was used as the working directory.
Started at Wed Jul 15 12:38:07 2020
Terminated at Wed Jul 15 12:38:38 2020
Results reported at Wed Jul 15 12:38:38 2020

Your job looked like:

------------------------------------------------------------
# LSBATCH: User input
/home/nguyenm5/anaconda3/envs/pinot/bin/python scripts/active/plotting_active.py --net ExactGaussianProcessRegressor --num_rounds 4 --num_trials 1 --num_epochs 500 --data moonshot --q 96 --acquisition UpperConfidenceBound --output_folder /home/nguyenm5/coding/pinot/jul-16-final/active-supervised --index 10
------------------------------------------------------------

Successfully completed.

Resource usage summary:

    CPU time :                                   42.65 sec.
    Max Memory :                                 2 GB
    Average Memory :                             1.71 GB
    Total Requested Memory :                     192.00 GB
    Delta Memory :                               190.00 GB
    Max Swap :                                   -
    Max Processes :                              3
    Max Threads :                                20
    Run time :                                   31 sec.
    Turnaround time :                            899 sec.

The output (if any) follows:

0
Max probability of improvement:
[array(0.49055123, dtype=float32), array(0.49171, dtype=float32), array(0.48521972, dtype=float32), array(0.04178846, dtype=float32)]
Max UCB:
[array(1.911877, dtype=float32), array(1.5465623, dtype=float32), array(1.3962542, dtype=float32), array(1.1243966, dtype=float32)]
Max UCB - ybest
[1.8887715, 1.5234568, 1.3731487, 0.13143957]


PS:

Read file </home/nguyenm5/coding/pinot/jul-16-final/active-supervised/UpperConfidenceBound_500.stderr> for stderr output of this job.

