Sender: LSF System <lsfadmin@ls16>
Subject: Job 14804841: <_gp_SGD_TAGConv_1e-3> in cluster <lila> Done

Job <_gp_SGD_TAGConv_1e-3> was submitted from host <lx12> by user <wangy1> in cluster <lila> at Mon Jun  8 12:41:51 2020
Job was executed on host(s) <12*ls16>, in queue <gpuqueue>, as user <wangy1> in cluster <lila> at Mon Jun  8 12:41:51 2020
</home/wangy1> was used as the home directory.
</data/chodera/wangyq/pinot/scripts/gp_comparison> was used as the working directory.
Started at Mon Jun  8 12:41:51 2020
Terminated at Mon Jun  8 12:43:00 2020
Results reported at Mon Jun  8 12:43:00 2020

Your job looked like:

------------------------------------------------------------
# LSBATCH: User input
python ../../pinot/app/gp_train.py --layer TAGConv --optimizer SGD --lr 1e-3 --out _gp_SGD_TAGConv_1e-3 --n_epochs 100
------------------------------------------------------------

Successfully completed.

Resource usage summary:

    CPU time :                                   166.76 sec.
    Max Memory :                                 2 GB
    Average Memory :                             1.38 GB
    Total Requested Memory :                     48.00 GB
    Delta Memory :                               46.00 GB
    Max Swap :                                   -
    Max Processes :                              3
    Max Threads :                                20
    Run time :                                   69 sec.
    Turnaround time :                            69 sec.

The output (if any) follows:

Parameter containing:
tensor(1., device='cuda:0', requires_grad=True)
Parameter containing:
tensor(0.8880, device='cuda:0', requires_grad=True)
Parameter containing:
tensor(0.6141, device='cuda:0', requires_grad=True)
Parameter containing:
tensor(0.4930, device='cuda:0', requires_grad=True)
Parameter containing:
tensor(0.4773, device='cuda:0', requires_grad=True)
Parameter containing:
tensor(0.4913, device='cuda:0', requires_grad=True)
Parameter containing:
tensor(0.4996, device='cuda:0', requires_grad=True)
Parameter containing:
tensor(0.4927, device='cuda:0', requires_grad=True)
Parameter containing:
tensor(0.4734, device='cuda:0', requires_grad=True)
Parameter containing:
tensor(0.4910, device='cuda:0', requires_grad=True)
Parameter containing:
tensor(0.4498, device='cuda:0', requires_grad=True)
Parameter containing:
tensor(0.4929, device='cuda:0', requires_grad=True)
Parameter containing:
tensor(0.5145, device='cuda:0', requires_grad=True)
Parameter containing:
tensor(0.5237, device='cuda:0', requires_grad=True)
Parameter containing:
tensor(0.4789, device='cuda:0', requires_grad=True)
Parameter containing:
tensor(0.4219, device='cuda:0', requires_grad=True)
Parameter containing:
tensor(0.4678, device='cuda:0', requires_grad=True)
Parameter containing:
tensor(0.4806, device='cuda:0', requires_grad=True)
Parameter containing:
tensor(0.4739, device='cuda:0', requires_grad=True)
Parameter containing:
tensor(0.3799, device='cuda:0', requires_grad=True)
Parameter containing:
tensor(0.4701, device='cuda:0', requires_grad=True)
Parameter containing:
tensor(0.4862, device='cuda:0', requires_grad=True)
Parameter containing:
tensor(0.4835, device='cuda:0', requires_grad=True)
Parameter containing:
tensor(0.4932, device='cuda:0', requires_grad=True)
Parameter containing:
tensor(0.4736, device='cuda:0', requires_grad=True)
Parameter containing:
tensor(0.4569, device='cuda:0', requires_grad=True)
Parameter containing:
tensor(0.4822, device='cuda:0', requires_grad=True)
Parameter containing:
tensor(0.4808, device='cuda:0', requires_grad=True)
Parameter containing:
tensor(0.4119, device='cuda:0', requires_grad=True)
Parameter containing:
tensor(0.4578, device='cuda:0', requires_grad=True)
Parameter containing:
tensor(0.4836, device='cuda:0', requires_grad=True)
Parameter containing:
tensor(0.4736, device='cuda:0', requires_grad=True)
Parameter containing:
tensor(0.4815, device='cuda:0', requires_grad=True)
Parameter containing:
tensor(0.4755, device='cuda:0', requires_grad=True)
Parameter containing:
tensor(0.4820, device='cuda:0', requires_grad=True)
Parameter containing:
tensor(0.4952, device='cuda:0', requires_grad=True)
Parameter containing:
tensor(0.4530, device='cuda:0', requires_grad=True)
Parameter containing:
tensor(0.4647, device='cuda:0', requires_grad=True)
Parameter containing:
tensor(0.4671, device='cuda:0', requires_grad=True)
Parameter containing:
tensor(0.4569, device='cuda:0', requires_grad=True)
Parameter containing:
tensor(0.4704, device='cuda:0', requires_grad=True)
Parameter containing:
tensor(0.4810, device='cuda:0', requires_grad=True)
Parameter containing:
tensor(0.5003, device='cuda:0', requires_grad=True)
Parameter containing:
tensor(0.5021, device='cuda:0', requires_grad=True)
Parameter containing:
tensor(0.5031, device='cuda:0', requires_grad=True)
Parameter containing:
tensor(0.4976, device='cuda:0', requires_grad=True)
Parameter containing:
tensor(0.4952, device='cuda:0', requires_grad=True)
Parameter containing:
tensor(0.4942, device='cuda:0', requires_grad=True)
Parameter containing:
tensor(0.4920, device='cuda:0', requires_grad=True)
Parameter containing:
tensor(0.4896, device='cuda:0', requires_grad=True)
Parameter containing:
tensor(0.4823, device='cuda:0', requires_grad=True)
Parameter containing:
tensor(0.4749, device='cuda:0', requires_grad=True)
Parameter containing:
tensor(0.4852, device='cuda:0', requires_grad=True)
Parameter containing:
tensor(0.4793, device='cuda:0', requires_grad=True)
Parameter containing:
tensor(0.4795, device='cuda:0', requires_grad=True)
Parameter containing:
tensor(0.4883, device='cuda:0', requires_grad=True)
Parameter containing:
tensor(0.4927, device='cuda:0', requires_grad=True)
Parameter containing:
tensor(0.4964, device='cuda:0', requires_grad=True)
Parameter containing:
tensor(0.4831, device='cuda:0', requires_grad=True)
Parameter containing:
tensor(0.4797, device='cuda:0', requires_grad=True)
Parameter containing:
tensor(0.4719, device='cuda:0', requires_grad=True)
Parameter containing:
tensor(0.4238, device='cuda:0', requires_grad=True)
Parameter containing:
tensor(0.4595, device='cuda:0', requires_grad=True)
Parameter containing:
tensor(0.4737, device='cuda:0', requires_grad=True)
Parameter containing:
tensor(0.4601, device='cuda:0', requires_grad=True)
Parameter containing:
tensor(0.4783, device='cuda:0', requires_grad=True)
Parameter containing:
tensor(0.4888, device='cuda:0', requires_grad=True)
Parameter containing:
tensor(0.4898, device='cuda:0', requires_grad=True)
Parameter containing:
tensor(0.4837, device='cuda:0', requires_grad=True)
Parameter containing:
tensor(0.4182, device='cuda:0', requires_grad=True)
Parameter containing:
tensor(0.4649, device='cuda:0', requires_grad=True)
Parameter containing:
tensor(0.4472, device='cuda:0', requires_grad=True)
Parameter containing:
tensor(0.4736, device='cuda:0', requires_grad=True)
Parameter containing:
tensor(0.4928, device='cuda:0', requires_grad=True)
Parameter containing:
tensor(0.5055, device='cuda:0', requires_grad=True)
Parameter containing:
tensor(0.4883, device='cuda:0', requires_grad=True)
Parameter containing:
tensor(0.4859, device='cuda:0', requires_grad=True)
Parameter containing:
tensor(0.4546, device='cuda:0', requires_grad=True)
Parameter containing:
tensor(0.4804, device='cuda:0', requires_grad=True)
Parameter containing:
tensor(0.4475, device='cuda:0', requires_grad=True)
Parameter containing:
tensor(0.4781, device='cuda:0', requires_grad=True)
Parameter containing:
tensor(0.5006, device='cuda:0', requires_grad=True)
Parameter containing:
tensor(0.4938, device='cuda:0', requires_grad=True)
Parameter containing:
tensor(0.4945, device='cuda:0', requires_grad=True)
Parameter containing:
tensor(0.4919, device='cuda:0', requires_grad=True)
Parameter containing:
tensor(0.4967, device='cuda:0', requires_grad=True)
Parameter containing:
tensor(0.4880, device='cuda:0', requires_grad=True)
Parameter containing:
tensor(0.4906, device='cuda:0', requires_grad=True)
Parameter containing:
tensor(0.4954, device='cuda:0', requires_grad=True)
Parameter containing:
tensor(0.5010, device='cuda:0', requires_grad=True)
Parameter containing:
tensor(0.4873, device='cuda:0', requires_grad=True)
Parameter containing:
tensor(0.4928, device='cuda:0', requires_grad=True)
Parameter containing:
tensor(0.4835, device='cuda:0', requires_grad=True)
Parameter containing:
tensor(0.4891, device='cuda:0', requires_grad=True)
Parameter containing:
tensor(0.4953, device='cuda:0', requires_grad=True)
Parameter containing:
tensor(0.5049, device='cuda:0', requires_grad=True)
Parameter containing:
tensor(0.5021, device='cuda:0', requires_grad=True)
Parameter containing:
tensor(0.4838, device='cuda:0', requires_grad=True)
Parameter containing:
tensor(0.4906, device='cuda:0', requires_grad=True)
Parameter containing:
tensor(0.4875, device='cuda:0', requires_grad=True)


PS:

Read file <14804841.stderr> for stderr output of this job.

