Sender: LSF System <lsfadmin@ls08>
Subject: Job 14836090: <_gp_65> in cluster <lila> Done

Job <_gp_65> was submitted from host <ls14> by user <wangy1> in cluster <lila> at Thu Jun 11 19:30:08 2020
Job was executed on host(s) <12*ls08>, in queue <gpuqueue>, as user <wangy1> in cluster <lila> at Thu Jun 11 19:30:08 2020
</home/wangy1> was used as the home directory.
</data/chodera/wangyq/pinot/scripts/gp_split> was used as the working directory.
Started at Thu Jun 11 19:30:08 2020
Terminated at Thu Jun 11 19:33:03 2020
Results reported at Thu Jun 11 19:33:03 2020

Your job looked like:

------------------------------------------------------------
# LSBATCH: User input
python ../../pinot/app/gp_train.py --layer GraphConv --out _gp_65 --n_epochs 500 --lr 1e-3 --config 32 tanh 32 tanh 32 tanh --lr 1e-3 --partition 65:35
------------------------------------------------------------

Successfully completed.

Resource usage summary:

    CPU time :                                   536.34 sec.
    Max Memory :                                 2 GB
    Average Memory :                             1.88 GB
    Total Requested Memory :                     48.00 GB
    Delta Memory :                               46.00 GB
    Max Swap :                                   -
    Max Processes :                              3
    Max Threads :                                20
    Run time :                                   176 sec.
    Turnaround time :                            175 sec.

The output (if any) follows:

Parameter containing:
tensor(-3., device='cuda:0', requires_grad=True)
Parameter containing:
tensor(-2.9990, device='cuda:0', requires_grad=True)
Parameter containing:
tensor(-2.9980, device='cuda:0', requires_grad=True)
Parameter containing:
tensor(-2.9971, device='cuda:0', requires_grad=True)
Parameter containing:
tensor(-2.9961, device='cuda:0', requires_grad=True)
Parameter containing:
tensor(-2.9952, device='cuda:0', requires_grad=True)
Parameter containing:
tensor(-2.9943, device='cuda:0', requires_grad=True)
Parameter containing:
tensor(-2.9934, device='cuda:0', requires_grad=True)
Parameter containing:
tensor(-2.9925, device='cuda:0', requires_grad=True)
Parameter containing:
tensor(-2.9916, device='cuda:0', requires_grad=True)
Parameter containing:
tensor(-2.9908, device='cuda:0', requires_grad=True)
Parameter containing:
tensor(-2.9899, device='cuda:0', requires_grad=True)
Parameter containing:
tensor(-2.9890, device='cuda:0', requires_grad=True)
Parameter containing:
tensor(-2.9881, device='cuda:0', requires_grad=True)
Parameter containing:
tensor(-2.9872, device='cuda:0', requires_grad=True)
Parameter containing:
tensor(-2.9863, device='cuda:0', requires_grad=True)
Parameter containing:
tensor(-2.9855, device='cuda:0', requires_grad=True)
Parameter containing:
tensor(-2.9846, device='cuda:0', requires_grad=True)
Parameter containing:
tensor(-2.9837, device='cuda:0', requires_grad=True)
Parameter containing:
tensor(-2.9828, device='cuda:0', requires_grad=True)
Parameter containing:
tensor(-2.9819, device='cuda:0', requires_grad=True)
Parameter containing:
tensor(-2.9810, device='cuda:0', requires_grad=True)
Parameter containing:
tensor(-2.9801, device='cuda:0', requires_grad=True)
Parameter containing:
tensor(-2.9792, device='cuda:0', requires_grad=True)
Parameter containing:
tensor(-2.9783, device='cuda:0', requires_grad=True)
Parameter containing:
tensor(-2.9774, device='cuda:0', requires_grad=True)
Parameter containing:
tensor(-2.9765, device='cuda:0', requires_grad=True)
Parameter containing:
tensor(-2.9756, device='cuda:0', requires_grad=True)
Parameter containing:
tensor(-2.9747, device='cuda:0', requires_grad=True)
Parameter containing:
tensor(-2.9738, device='cuda:0', requires_grad=True)
Parameter containing:
tensor(-2.9729, device='cuda:0', requires_grad=True)
Parameter containing:
tensor(-2.9721, device='cuda:0', requires_grad=True)
Parameter containing:
tensor(-2.9712, device='cuda:0', requires_grad=True)
Parameter containing:
tensor(-2.9703, device='cuda:0', requires_grad=True)
Parameter containing:
tensor(-2.9694, device='cuda:0', requires_grad=True)
Parameter containing:
tensor(-2.9685, device='cuda:0', requires_grad=True)
Parameter containing:
tensor(-2.9676, device='cuda:0', requires_grad=True)
Parameter containing:
tensor(-2.9667, device='cuda:0', requires_grad=True)
Parameter containing:
tensor(-2.9658, device='cuda:0', requires_grad=True)
Parameter containing:
tensor(-2.9650, device='cuda:0', requires_grad=True)
Parameter containing:
tensor(-2.9641, device='cuda:0', requires_grad=True)
Parameter containing:
tensor(-2.9632, device='cuda:0', requires_grad=True)
Parameter containing:
tensor(-2.9623, device='cuda:0', requires_grad=True)
Parameter containing:
tensor(-2.9615, device='cuda:0', requires_grad=True)
Parameter containing:
tensor(-2.9606, device='cuda:0', requires_grad=True)
Parameter containing:
tensor(-2.9598, device='cuda:0', requires_grad=True)
Parameter containing:
tensor(-2.9589, device='cuda:0', requires_grad=True)
Parameter containing:
tensor(-2.9581, device='cuda:0', requires_grad=True)
Parameter containing:
tensor(-2.9572, device='cuda:0', requires_grad=True)
Parameter containing:
tensor(-2.9564, device='cuda:0', requires_grad=True)
Parameter containing:
tensor(-2.9555, device='cuda:0', requires_grad=True)
Parameter containing:
tensor(-2.9547, device='cuda:0', requires_grad=True)
Parameter containing:
tensor(-2.9538, device='cuda:0', requires_grad=True)
Parameter containing:
tensor(-2.9530, device='cuda:0', requires_grad=True)
Parameter containing:
tensor(-2.9521, device='cuda:0', requires_grad=True)
Parameter containing:
tensor(-2.9513, device='cuda:0', requires_grad=True)
Parameter containing:
tensor(-2.9505, device='cuda:0', requires_grad=True)
Parameter containing:
tensor(-2.9496, device='cuda:0', requires_grad=True)
Parameter containing:
tensor(-2.9488, device='cuda:0', requires_grad=True)
Parameter containing:
tensor(-2.9480, device='cuda:0', requires_grad=True)
Parameter containing:
tensor(-2.9472, device='cuda:0', requires_grad=True)
Parameter containing:
tensor(-2.9464, device='cuda:0', requires_grad=True)
Parameter containing:
tensor(-2.9455, device='cuda:0', requires_grad=True)
Parameter containing:
tensor(-2.9447, device='cuda:0', requires_grad=True)
Parameter containing:
tensor(-2.9439, device='cuda:0', requires_grad=True)
Parameter containing:
tensor(-2.9431, device='cuda:0', requires_grad=True)
Parameter containing:
tensor(-2.9423, device='cuda:0', requires_grad=True)
Parameter containing:
tensor(-2.9415, device='cuda:0', requires_grad=True)
Parameter containing:
tensor(-2.9407, device='cuda:0', requires_grad=True)
Parameter containing:
tensor(-2.9399, device='cuda:0', requires_grad=True)
Parameter containing:
tensor(-2.9390, device='cuda:0', requires_grad=True)
Parameter containing:
tensor(-2.9382, device='cuda:0', requires_grad=True)
Parameter containing:
tensor(-2.9374, device='cuda:0', requires_grad=True)
Parameter containing:
tensor(-2.9366, device='cuda:0', requires_grad=True)
Parameter containing:
tensor(-2.9358, device='cuda:0', requires_grad=True)
Parameter containing:
tensor(-2.9350, device='cuda:0', requires_grad=True)
Parameter containing:
tensor(-2.9342, device='cuda:0', requires_grad=True)
Parameter containing:
tensor(-2.9334, device='cuda:0', requires_grad=True)
Parameter containing:
tensor(-2.9326, device='cuda:0', requires_grad=True)
Parameter containing:
tensor(-2.9318, device='cuda:0', requires_grad=True)
Parameter containing:
tensor(-2.9309, device='cuda:0', requires_grad=True)
Parameter containing:
tensor(-2.9301, device='cuda:0', requires_grad=True)
Parameter containing:
tensor(-2.9293, device='cuda:0', requires_grad=True)
Parameter containing:
tensor(-2.9285, device='cuda:0', requires_grad=True)
Parameter containing:
tensor(-2.9277, device='cuda:0', requires_grad=True)
Parameter containing:
tensor(-2.9269, device='cuda:0', requires_grad=True)
Parameter containing:
tensor(-2.9262, device='cuda:0', requires_grad=True)
Parameter containing:
tensor(-2.9254, device='cuda:0', requires_grad=True)
Parameter containing:
tensor(-2.9246, device='cuda:0', requires_grad=True)
Parameter containing:
tensor(-2.9238, device='cuda:0', requires_grad=True)
Parameter containing:
tensor(-2.9230, device='cuda:0', requires_grad=True)
Parameter containing:
tensor(-2.9222, device='cuda:0', requires_grad=True)
Parameter containing:
tensor(-2.9214, device='cuda:0', requires_grad=True)
Parameter containing:
tensor(-2.9207, device='cuda:0', requires_grad=True)
Parameter containing:
tensor(-2.9199, device='cuda:0', requires_grad=True)
Parameter containing:
tensor(-2.9191, device='cuda:0', requires_grad=True)
Parameter containing:
tensor(-2.9183, device='cuda:0', requires_grad=True)
Parameter containing:
tensor(-2.9175, device='cuda:0', requires_grad=True)
Parameter containing:
tensor(-2.9167, device='cuda:0', requires_grad=True)
Parameter containing:
tensor(-2.9160, device='cuda:0', requires_grad=True)
Parameter containing:
tensor(-2.9152, device='cuda:0', requires_grad=True)
Parameter containing:
tensor(-2.9144, device='cuda:0', requires_grad=True)
Parameter containing:
tensor(-2.9136, device='cuda:0', requires_grad=True)
Parameter containing:
tensor(-2.9128, device='cuda:0', requires_grad=True)
Parameter containing:
tensor(-2.9121, device='cuda:0', requires_grad=True)
Parameter containing:
tensor(-2.9113, device='cuda:0', requires_grad=True)
Parameter containing:
tensor(-2.9105, device='cuda:0', requires_grad=True)
Parameter containing:
tensor(-2.9098, device='cuda:0', requires_grad=True)
Parameter containing:
tensor(-2.9090, device='cuda:0', requires_grad=True)
Parameter containing:
tensor(-2.9082, device='cuda:0', requires_grad=True)
Parameter containing:
tensor(-2.9075, device='cuda:0', requires_grad=True)
Parameter containing:
tensor(-2.9067, device='cuda:0', requires_grad=True)
Parameter containing:
tensor(-2.9060, device='cuda:0', requires_grad=True)
Parameter containing:
tensor(-2.9052, device='cuda:0', requires_grad=True)
Parameter containing:
tensor(-2.9044, device='cuda:0', requires_grad=True)
Parameter containing:
tensor(-2.9037, device='cuda:0', requires_grad=True)
Parameter containing:
tensor(-2.9029, device='cuda:0', requires_grad=True)
Parameter containing:
tensor(-2.9022, device='cuda:0', requires_grad=True)
Parameter containing:
tensor(-2.9014, device='cuda:0', requires_grad=True)
Parameter containing:
tensor(-2.9007, device='cuda:0', requires_grad=True)
Parameter containing:
tensor(-2.8999, device='cuda:0', requires_grad=True)
Parameter containing:
tensor(-2.8992, device='cuda:0', requires_grad=True)
Parameter containing:
tensor(-2.8984, device='cuda:0', requires_grad=True)
Parameter containing:
tensor(-2.8977, device='cuda:0', requires_grad=True)
Parameter containing:
tensor(-2.8969, device='cuda:0', requires_grad=True)
Parameter containing:
tensor(-2.8962, device='cuda:0', requires_grad=True)
Parameter containing:
tensor(-2.8954, device='cuda:0', requires_grad=True)
Parameter containing:
tensor(-2.8947, device='cuda:0', requires_grad=True)
Parameter containing:
tensor(-2.8939, device='cuda:0', requires_grad=True)
Parameter containing:
tensor(-2.8932, device='cuda:0', requires_grad=True)
Parameter containing:
tensor(-2.8924, device='cuda:0', requires_grad=True)
Parameter containing:
tensor(-2.8917, device='cuda:0', requires_grad=True)
Parameter containing:
tensor(-2.8909, device='cuda:0', requires_grad=True)
Parameter containing:
tensor(-2.8902, device='cuda:0', requires_grad=True)
Parameter containing:
tensor(-2.8895, device='cuda:0', requires_grad=True)
Parameter containing:
tensor(-2.8887, device='cuda:0', requires_grad=True)
Parameter containing:
tensor(-2.8880, device='cuda:0', requires_grad=True)
Parameter containing:
tensor(-2.8872, device='cuda:0', requires_grad=True)
Parameter containing:
tensor(-2.8865, device='cuda:0', requires_grad=True)
Parameter containing:
tensor(-2.8857, device='cuda:0', requires_grad=True)
Parameter containing:
tensor(-2.8850, device='cuda:0', requires_grad=True)
Parameter containing:
tensor(-2.8842, device='cuda:0', requires_grad=True)
Parameter containing:
tensor(-2.8835, device='cuda:0', requires_grad=True)
Parameter containing:
tensor(-2.8828, device='cuda:0', requires_grad=True)
Parameter containing:
tensor(-2.8820, device='cuda:0', requires_grad=True)
Parameter containing:
tensor(-2.8813, device='cuda:0', requires_grad=True)
Parameter containing:
tensor(-2.8805, device='cuda:0', requires_grad=True)
Parameter containing:
tensor(-2.8798, device='cuda:0', requires_grad=True)
Parameter containing:
tensor(-2.8790, device='cuda:0', requires_grad=True)
Parameter containing:
tensor(-2.8783, device='cuda:0', requires_grad=True)
Parameter containing:
tensor(-2.8776, device='cuda:0', requires_grad=True)
Parameter containing:
tensor(-2.8768, device='cuda:0', requires_grad=True)
Parameter containing:
tensor(-2.8761, device='cuda:0', requires_grad=True)
Parameter containing:
tensor(-2.8753, device='cuda:0', requires_grad=True)
Parameter containing:
tensor(-2.8746, device='cuda:0', requires_grad=True)
Parameter containing:
tensor(-2.8739, device='cuda:0', requires_grad=True)
Parameter containing:
tensor(-2.8731, device='cuda:0', requires_grad=True)
Parameter containing:
tensor(-2.8724, device='cuda:0', requires_grad=True)
Parameter containing:
tensor(-2.8717, device='cuda:0', requires_grad=True)
Parameter containing:
tensor(-2.8709, device='cuda:0', requires_grad=True)
Parameter containing:
tensor(-2.8702, device='cuda:0', requires_grad=True)
Parameter containing:
tensor(-2.8695, device='cuda:0', requires_grad=True)
Parameter containing:
tensor(-2.8687, device='cuda:0', requires_grad=True)
Parameter containing:
tensor(-2.8680, device='cuda:0', requires_grad=True)
Parameter containing:
tensor(-2.8673, device='cuda:0', requires_grad=True)
Parameter containing:
tensor(-2.8665, device='cuda:0', requires_grad=True)
Parameter containing:
tensor(-2.8658, device='cuda:0', requires_grad=True)
Parameter containing:
tensor(-2.8651, device='cuda:0', requires_grad=True)
Parameter containing:
tensor(-2.8643, device='cuda:0', requires_grad=True)
Parameter containing:
tensor(-2.8636, device='cuda:0', requires_grad=True)
Parameter containing:
tensor(-2.8629, device='cuda:0', requires_grad=True)
Parameter containing:
tensor(-2.8621, device='cuda:0', requires_grad=True)
Parameter containing:
tensor(-2.8614, device='cuda:0', requires_grad=True)
Parameter containing:
tensor(-2.8607, device='cuda:0', requires_grad=True)
Parameter containing:
tensor(-2.8599, device='cuda:0', requires_grad=True)
Parameter containing:
tensor(-2.8592, device='cuda:0', requires_grad=True)
Parameter containing:
tensor(-2.8585, device='cuda:0', requires_grad=True)
Parameter containing:
tensor(-2.8578, device='cuda:0', requires_grad=True)
Parameter containing:
tensor(-2.8570, device='cuda:0', requires_grad=True)
Parameter containing:
tensor(-2.8563, device='cuda:0', requires_grad=True)
Parameter containing:
tensor(-2.8556, device='cuda:0', requires_grad=True)
Parameter containing:
tensor(-2.8549, device='cuda:0', requires_grad=True)
Parameter containing:
tensor(-2.8541, device='cuda:0', requires_grad=True)
Parameter containing:
tensor(-2.8534, device='cuda:0', requires_grad=True)
Parameter containing:
tensor(-2.8527, device='cuda:0', requires_grad=True)
Parameter containing:
tensor(-2.8520, device='cuda:0', requires_grad=True)
Parameter containing:
tensor(-2.8512, device='cuda:0', requires_grad=True)
Parameter containing:
tensor(-2.8505, device='cuda:0', requires_grad=True)
Parameter containing:
tensor(-2.8498, device='cuda:0', requires_grad=True)
Parameter containing:
tensor(-2.8491, device='cuda:0', requires_grad=True)
Parameter containing:
tensor(-2.8484, device='cuda:0', requires_grad=True)
Parameter containing:
tensor(-2.8476, device='cuda:0', requires_grad=True)
Parameter containing:
tensor(-2.8469, device='cuda:0', requires_grad=True)
Parameter containing:
tensor(-2.8462, device='cuda:0', requires_grad=True)
Parameter containing:
tensor(-2.8455, device='cuda:0', requires_grad=True)
Parameter containing:
tensor(-2.8448, device='cuda:0', requires_grad=True)
Parameter containing:
tensor(-2.8441, device='cuda:0', requires_grad=True)
Parameter containing:
tensor(-2.8433, device='cuda:0', requires_grad=True)
Parameter containing:
tensor(-2.8426, device='cuda:0', requires_grad=True)
Parameter containing:
tensor(-2.8419, device='cuda:0', requires_grad=True)
Parameter containing:
tensor(-2.8412, device='cuda:0', requires_grad=True)
Parameter containing:
tensor(-2.8404, device='cuda:0', requires_grad=True)
Parameter containing:
tensor(-2.8397, device='cuda:0', requires_grad=True)
Parameter containing:
tensor(-2.8390, device='cuda:0', requires_grad=True)
Parameter containing:
tensor(-2.8383, device='cuda:0', requires_grad=True)
Parameter containing:
tensor(-2.8376, device='cuda:0', requires_grad=True)
Parameter containing:
tensor(-2.8370, device='cuda:0', requires_grad=True)
Parameter containing:
tensor(-2.8363, device='cuda:0', requires_grad=True)
Parameter containing:
tensor(-2.8356, device='cuda:0', requires_grad=True)
Parameter containing:
tensor(-2.8349, device='cuda:0', requires_grad=True)
Parameter containing:
tensor(-2.8342, device='cuda:0', requires_grad=True)
Parameter containing:
tensor(-2.8336, device='cuda:0', requires_grad=True)
Parameter containing:
tensor(-2.8329, device='cuda:0', requires_grad=True)
Parameter containing:
tensor(-2.8322, device='cuda:0', requires_grad=True)
Parameter containing:
tensor(-2.8315, device='cuda:0', requires_grad=True)
Parameter containing:
tensor(-2.8308, device='cuda:0', requires_grad=True)
Parameter containing:
tensor(-2.8301, device='cuda:0', requires_grad=True)
Parameter containing:
tensor(-2.8295, device='cuda:0', requires_grad=True)
Parameter containing:
tensor(-2.8288, device='cuda:0', requires_grad=True)
Parameter containing:
tensor(-2.8281, device='cuda:0', requires_grad=True)
Parameter containing:
tensor(-2.8274, device='cuda:0', requires_grad=True)
Parameter containing:
tensor(-2.8267, device='cuda:0', requires_grad=True)
Parameter containing:
tensor(-2.8260, device='cuda:0', requires_grad=True)
Parameter containing:
tensor(-2.8253, device='cuda:0', requires_grad=True)
Parameter containing:
tensor(-2.8246, device='cuda:0', requires_grad=True)
Parameter containing:
tensor(-2.8239, device='cuda:0', requires_grad=True)
Parameter containing:
tensor(-2.8232, device='cuda:0', requires_grad=True)
Parameter containing:
tensor(-2.8225, device='cuda:0', requires_grad=True)
Parameter containing:
tensor(-2.8219, device='cuda:0', requires_grad=True)
Parameter containing:
tensor(-2.8212, device='cuda:0', requires_grad=True)
Parameter containing:
tensor(-2.8205, device='cuda:0', requires_grad=True)
Parameter containing:
tensor(-2.8198, device='cuda:0', requires_grad=True)
Parameter containing:
tensor(-2.8191, device='cuda:0', requires_grad=True)
Parameter containing:
tensor(-2.8184, device='cuda:0', requires_grad=True)
Parameter containing:
tensor(-2.8177, device='cuda:0', requires_grad=True)
Parameter containing:
tensor(-2.8170, device='cuda:0', requires_grad=True)
Parameter containing:
tensor(-2.8163, device='cuda:0', requires_grad=True)
Parameter containing:
tensor(-2.8156, device='cuda:0', requires_grad=True)
Parameter containing:
tensor(-2.8149, device='cuda:0', requires_grad=True)
Parameter containing:
tensor(-2.8142, device='cuda:0', requires_grad=True)
Parameter containing:
tensor(-2.8135, device='cuda:0', requires_grad=True)
Parameter containing:
tensor(-2.8128, device='cuda:0', requires_grad=True)
Parameter containing:
tensor(-2.8121, device='cuda:0', requires_grad=True)
Parameter containing:
tensor(-2.8114, device='cuda:0', requires_grad=True)
Parameter containing:
tensor(-2.8107, device='cuda:0', requires_grad=True)
Parameter containing:
tensor(-2.8100, device='cuda:0', requires_grad=True)
Parameter containing:
tensor(-2.8093, device='cuda:0', requires_grad=True)
Parameter containing:
tensor(-2.8087, device='cuda:0', requires_grad=True)
Parameter containing:
tensor(-2.8080, device='cuda:0', requires_grad=True)
Parameter containing:
tensor(-2.8073, device='cuda:0', requires_grad=True)
Parameter containing:
tensor(-2.8066, device='cuda:0', requires_grad=True)
Parameter containing:
tensor(-2.8059, device='cuda:0', requires_grad=True)
Parameter containing:
tensor(-2.8052, device='cuda:0', requires_grad=True)
Parameter containing:
tensor(-2.8045, device='cuda:0', requires_grad=True)
Parameter containing:
tensor(-2.8038, device='cuda:0', requires_grad=True)
Parameter containing:
tensor(-2.8031, device='cuda:0', requires_grad=True)
Parameter containing:
tensor(-2.8024, device='cuda:0', requires_grad=True)
Parameter containing:
tensor(-2.8017, device='cuda:0', requires_grad=True)
Parameter containing:
tensor(-2.8010, device='cuda:0', requires_grad=True)
Parameter containing:
tensor(-2.8003, device='cuda:0', requires_grad=True)
Parameter containing:
tensor(-2.7996, device='cuda:0', requires_grad=True)
Parameter containing:
tensor(-2.7989, device='cuda:0', requires_grad=True)
Parameter containing:
tensor(-2.7982, device='cuda:0', requires_grad=True)
Parameter containing:
tensor(-2.7975, device='cuda:0', requires_grad=True)
Parameter containing:
tensor(-2.7968, device='cuda:0', requires_grad=True)
Parameter containing:
tensor(-2.7962, device='cuda:0', requires_grad=True)
Parameter containing:
tensor(-2.7955, device='cuda:0', requires_grad=True)
Parameter containing:
tensor(-2.7948, device='cuda:0', requires_grad=True)
Parameter containing:
tensor(-2.7941, device='cuda:0', requires_grad=True)
Parameter containing:
tensor(-2.7934, device='cuda:0', requires_grad=True)
Parameter containing:
tensor(-2.7927, device='cuda:0', requires_grad=True)
Parameter containing:
tensor(-2.7920, device='cuda:0', requires_grad=True)
Parameter containing:
tensor(-2.7913, device='cuda:0', requires_grad=True)
Parameter containing:
tensor(-2.7907, device='cuda:0', requires_grad=True)
Parameter containing:
tensor(-2.7900, device='cuda:0', requires_grad=True)
Parameter containing:
tensor(-2.7893, device='cuda:0', requires_grad=True)
Parameter containing:
tensor(-2.7886, device='cuda:0', requires_grad=True)
Parameter containing:
tensor(-2.7879, device='cuda:0', requires_grad=True)
Parameter containing:
tensor(-2.7872, device='cuda:0', requires_grad=True)
Parameter containing:
tensor(-2.7865, device='cuda:0', requires_grad=True)
Parameter containing:
tensor(-2.7858, device='cuda:0', requires_grad=True)
Parameter containing:
tensor(-2.7852, device='cuda:0', requires_grad=True)
Parameter containing:
tensor(-2.7845, device='cuda:0', requires_grad=True)
Parameter containing:
tensor(-2.7838, device='cuda:0', requires_grad=True)
Parameter containing:
tensor(-2.7831, device='cuda:0', requires_grad=True)
Parameter containing:
tensor(-2.7824, device='cuda:0', requires_grad=True)
Parameter containing:
tensor(-2.7817, device='cuda:0', requires_grad=True)
Parameter containing:
tensor(-2.7810, device='cuda:0', requires_grad=True)
Parameter containing:
tensor(-2.7804, device='cuda:0', requires_grad=True)
Parameter containing:
tensor(-2.7797, device='cuda:0', requires_grad=True)
Parameter containing:
tensor(-2.7790, device='cuda:0', requires_grad=True)
Parameter containing:
tensor(-2.7783, device='cuda:0', requires_grad=True)
Parameter containing:
tensor(-2.7776, device='cuda:0', requires_grad=True)
Parameter containing:
tensor(-2.7769, device='cuda:0', requires_grad=True)
Parameter containing:
tensor(-2.7763, device='cuda:0', requires_grad=True)
Parameter containing:
tensor(-2.7756, device='cuda:0', requires_grad=True)
Parameter containing:
tensor(-2.7749, device='cuda:0', requires_grad=True)
Parameter containing:
tensor(-2.7742, device='cuda:0', requires_grad=True)
Parameter containing:
tensor(-2.7735, device='cuda:0', requires_grad=True)
Parameter containing:
tensor(-2.7728, device='cuda:0', requires_grad=True)
Parameter containing:
tensor(-2.7721, device='cuda:0', requires_grad=True)
Parameter containing:
tensor(-2.7715, device='cuda:0', requires_grad=True)
Parameter containing:
tensor(-2.7708, device='cuda:0', requires_grad=True)
Parameter containing:
tensor(-2.7701, device='cuda:0', requires_grad=True)
Parameter containing:
tensor(-2.7694, device='cuda:0', requires_grad=True)
Parameter containing:
tensor(-2.7687, device='cuda:0', requires_grad=True)
Parameter containing:
tensor(-2.7681, device='cuda:0', requires_grad=True)
Parameter containing:
tensor(-2.7674, device='cuda:0', requires_grad=True)
Parameter containing:
tensor(-2.7667, device='cuda:0', requires_grad=True)
Parameter containing:
tensor(-2.7660, device='cuda:0', requires_grad=True)
Parameter containing:
tensor(-2.7653, device='cuda:0', requires_grad=True)
Parameter containing:
tensor(-2.7647, device='cuda:0', requires_grad=True)
Parameter containing:
tensor(-2.7640, device='cuda:0', requires_grad=True)
Parameter containing:
tensor(-2.7633, device='cuda:0', requires_grad=True)
Parameter containing:
tensor(-2.7626, device='cuda:0', requires_grad=True)
Parameter containing:
tensor(-2.7620, device='cuda:0', requires_grad=True)
Parameter containing:
tensor(-2.7613, device='cuda:0', requires_grad=True)
Parameter containing:
tensor(-2.7606, device='cuda:0', requires_grad=True)
Parameter containing:
tensor(-2.7599, device='cuda:0', requires_grad=True)
Parameter containing:
tensor(-2.7593, device='cuda:0', requires_grad=True)
Parameter containing:
tensor(-2.7586, device='cuda:0', requires_grad=True)
Parameter containing:
tensor(-2.7579, device='cuda:0', requires_grad=True)
Parameter containing:
tensor(-2.7573, device='cuda:0', requires_grad=True)
Parameter containing:
tensor(-2.7566, device='cuda:0', requires_grad=True)
Parameter containing:
tensor(-2.7559, device='cuda:0', requires_grad=True)
Parameter containing:
tensor(-2.7552, device='cuda:0', requires_grad=True)
Parameter containing:
tensor(-2.7546, device='cuda:0', requires_grad=True)
Parameter containing:
tensor(-2.7539, device='cuda:0', requires_grad=True)
Parameter containing:
tensor(-2.7532, device='cuda:0', requires_grad=True)
Parameter containing:
tensor(-2.7526, device='cuda:0', requires_grad=True)
Parameter containing:
tensor(-2.7519, device='cuda:0', requires_grad=True)
Parameter containing:
tensor(-2.7512, device='cuda:0', requires_grad=True)
Parameter containing:
tensor(-2.7506, device='cuda:0', requires_grad=True)
Parameter containing:
tensor(-2.7499, device='cuda:0', requires_grad=True)
Parameter containing:
tensor(-2.7493, device='cuda:0', requires_grad=True)
Parameter containing:
tensor(-2.7486, device='cuda:0', requires_grad=True)
Parameter containing:
tensor(-2.7480, device='cuda:0', requires_grad=True)
Parameter containing:
tensor(-2.7473, device='cuda:0', requires_grad=True)
Parameter containing:
tensor(-2.7466, device='cuda:0', requires_grad=True)
Parameter containing:
tensor(-2.7460, device='cuda:0', requires_grad=True)
Parameter containing:
tensor(-2.7453, device='cuda:0', requires_grad=True)
Parameter containing:
tensor(-2.7447, device='cuda:0', requires_grad=True)
Parameter containing:
tensor(-2.7440, device='cuda:0', requires_grad=True)
Parameter containing:
tensor(-2.7434, device='cuda:0', requires_grad=True)
Parameter containing:
tensor(-2.7428, device='cuda:0', requires_grad=True)
Parameter containing:
tensor(-2.7421, device='cuda:0', requires_grad=True)
Parameter containing:
tensor(-2.7415, device='cuda:0', requires_grad=True)
Parameter containing:
tensor(-2.7408, device='cuda:0', requires_grad=True)
Parameter containing:
tensor(-2.7402, device='cuda:0', requires_grad=True)
Parameter containing:
tensor(-2.7395, device='cuda:0', requires_grad=True)
Parameter containing:
tensor(-2.7389, device='cuda:0', requires_grad=True)
Parameter containing:
tensor(-2.7382, device='cuda:0', requires_grad=True)
Parameter containing:
tensor(-2.7376, device='cuda:0', requires_grad=True)
Parameter containing:
tensor(-2.7369, device='cuda:0', requires_grad=True)
Parameter containing:
tensor(-2.7363, device='cuda:0', requires_grad=True)
Parameter containing:
tensor(-2.7356, device='cuda:0', requires_grad=True)
Parameter containing:
tensor(-2.7350, device='cuda:0', requires_grad=True)
Parameter containing:
tensor(-2.7343, device='cuda:0', requires_grad=True)
Parameter containing:
tensor(-2.7337, device='cuda:0', requires_grad=True)
Parameter containing:
tensor(-2.7330, device='cuda:0', requires_grad=True)
Parameter containing:
tensor(-2.7324, device='cuda:0', requires_grad=True)
Parameter containing:
tensor(-2.7318, device='cuda:0', requires_grad=True)
Parameter containing:
tensor(-2.7311, device='cuda:0', requires_grad=True)
Parameter containing:
tensor(-2.7305, device='cuda:0', requires_grad=True)
Parameter containing:
tensor(-2.7299, device='cuda:0', requires_grad=True)
Parameter containing:
tensor(-2.7292, device='cuda:0', requires_grad=True)
Parameter containing:
tensor(-2.7286, device='cuda:0', requires_grad=True)
Parameter containing:
tensor(-2.7280, device='cuda:0', requires_grad=True)
Parameter containing:
tensor(-2.7274, device='cuda:0', requires_grad=True)
Parameter containing:
tensor(-2.7267, device='cuda:0', requires_grad=True)
Parameter containing:
tensor(-2.7261, device='cuda:0', requires_grad=True)
Parameter containing:
tensor(-2.7255, device='cuda:0', requires_grad=True)
Parameter containing:
tensor(-2.7248, device='cuda:0', requires_grad=True)
Parameter containing:
tensor(-2.7242, device='cuda:0', requires_grad=True)
Parameter containing:
tensor(-2.7236, device='cuda:0', requires_grad=True)
Parameter containing:
tensor(-2.7229, device='cuda:0', requires_grad=True)
Parameter containing:
tensor(-2.7223, device='cuda:0', requires_grad=True)
Parameter containing:
tensor(-2.7217, device='cuda:0', requires_grad=True)
Parameter containing:
tensor(-2.7210, device='cuda:0', requires_grad=True)
Parameter containing:
tensor(-2.7204, device='cuda:0', requires_grad=True)
Parameter containing:
tensor(-2.7198, device='cuda:0', requires_grad=True)
Parameter containing:
tensor(-2.7191, device='cuda:0', requires_grad=True)
Parameter containing:
tensor(-2.7185, device='cuda:0', requires_grad=True)
Parameter containing:
tensor(-2.7179, device='cuda:0', requires_grad=True)
Parameter containing:
tensor(-2.7173, device='cuda:0', requires_grad=True)
Parameter containing:
tensor(-2.7166, device='cuda:0', requires_grad=True)
Parameter containing:
tensor(-2.7160, device='cuda:0', requires_grad=True)
Parameter containing:
tensor(-2.7154, device='cuda:0', requires_grad=True)
Parameter containing:
tensor(-2.7148, device='cuda:0', requires_grad=True)
Parameter containing:
tensor(-2.7142, device='cuda:0', requires_grad=True)
Parameter containing:
tensor(-2.7136, device='cuda:0', requires_grad=True)
Parameter containing:
tensor(-2.7130, device='cuda:0', requires_grad=True)
Parameter containing:
tensor(-2.7124, device='cuda:0', requires_grad=True)
Parameter containing:
tensor(-2.7118, device='cuda:0', requires_grad=True)
Parameter containing:
tensor(-2.7111, device='cuda:0', requires_grad=True)
Parameter containing:
tensor(-2.7105, device='cuda:0', requires_grad=True)
Parameter containing:
tensor(-2.7099, device='cuda:0', requires_grad=True)
Parameter containing:
tensor(-2.7093, device='cuda:0', requires_grad=True)
Parameter containing:
tensor(-2.7087, device='cuda:0', requires_grad=True)
Parameter containing:
tensor(-2.7081, device='cuda:0', requires_grad=True)
Parameter containing:
tensor(-2.7075, device='cuda:0', requires_grad=True)
Parameter containing:
tensor(-2.7069, device='cuda:0', requires_grad=True)
Parameter containing:
tensor(-2.7062, device='cuda:0', requires_grad=True)
Parameter containing:
tensor(-2.7056, device='cuda:0', requires_grad=True)
Parameter containing:
tensor(-2.7050, device='cuda:0', requires_grad=True)
Parameter containing:
tensor(-2.7044, device='cuda:0', requires_grad=True)
Parameter containing:
tensor(-2.7038, device='cuda:0', requires_grad=True)
Parameter containing:
tensor(-2.7032, device='cuda:0', requires_grad=True)
Parameter containing:
tensor(-2.7026, device='cuda:0', requires_grad=True)
Parameter containing:
tensor(-2.7020, device='cuda:0', requires_grad=True)
Parameter containing:
tensor(-2.7014, device='cuda:0', requires_grad=True)
Parameter containing:
tensor(-2.7008, device='cuda:0', requires_grad=True)
Parameter containing:
tensor(-2.7002, device='cuda:0', requires_grad=True)
Parameter containing:
tensor(-2.6996, device='cuda:0', requires_grad=True)
Parameter containing:
tensor(-2.6990, device='cuda:0', requires_grad=True)
Parameter containing:
tensor(-2.6983, device='cuda:0', requires_grad=True)
Parameter containing:
tensor(-2.6977, device='cuda:0', requires_grad=True)
Parameter containing:
tensor(-2.6971, device='cuda:0', requires_grad=True)
Parameter containing:
tensor(-2.6965, device='cuda:0', requires_grad=True)
Parameter containing:
tensor(-2.6959, device='cuda:0', requires_grad=True)
Parameter containing:
tensor(-2.6953, device='cuda:0', requires_grad=True)
Parameter containing:
tensor(-2.6947, device='cuda:0', requires_grad=True)
Parameter containing:
tensor(-2.6941, device='cuda:0', requires_grad=True)
Parameter containing:
tensor(-2.6935, device='cuda:0', requires_grad=True)
Parameter containing:
tensor(-2.6929, device='cuda:0', requires_grad=True)
Parameter containing:
tensor(-2.6923, device='cuda:0', requires_grad=True)
Parameter containing:
tensor(-2.6917, device='cuda:0', requires_grad=True)
Parameter containing:
tensor(-2.6911, device='cuda:0', requires_grad=True)
Parameter containing:
tensor(-2.6905, device='cuda:0', requires_grad=True)
Parameter containing:
tensor(-2.6899, device='cuda:0', requires_grad=True)
Parameter containing:
tensor(-2.6894, device='cuda:0', requires_grad=True)
Parameter containing:
tensor(-2.6888, device='cuda:0', requires_grad=True)
Parameter containing:
tensor(-2.6882, device='cuda:0', requires_grad=True)
Parameter containing:
tensor(-2.6876, device='cuda:0', requires_grad=True)
Parameter containing:
tensor(-2.6870, device='cuda:0', requires_grad=True)
Parameter containing:
tensor(-2.6864, device='cuda:0', requires_grad=True)
Parameter containing:
tensor(-2.6858, device='cuda:0', requires_grad=True)
Parameter containing:
tensor(-2.6852, device='cuda:0', requires_grad=True)
Parameter containing:
tensor(-2.6846, device='cuda:0', requires_grad=True)
Parameter containing:
tensor(-2.6841, device='cuda:0', requires_grad=True)
Parameter containing:
tensor(-2.6835, device='cuda:0', requires_grad=True)
Parameter containing:
tensor(-2.6829, device='cuda:0', requires_grad=True)
Parameter containing:
tensor(-2.6823, device='cuda:0', requires_grad=True)
Parameter containing:
tensor(-2.6817, device='cuda:0', requires_grad=True)
Parameter containing:
tensor(-2.6811, device='cuda:0', requires_grad=True)
Parameter containing:
tensor(-2.6806, device='cuda:0', requires_grad=True)
Parameter containing:
tensor(-2.6800, device='cuda:0', requires_grad=True)
Parameter containing:
tensor(-2.6794, device='cuda:0', requires_grad=True)
Parameter containing:
tensor(-2.6788, device='cuda:0', requires_grad=True)
Parameter containing:
tensor(-2.6783, device='cuda:0', requires_grad=True)
Parameter containing:
tensor(-2.6777, device='cuda:0', requires_grad=True)
Parameter containing:
tensor(-2.6771, device='cuda:0', requires_grad=True)
Parameter containing:
tensor(-2.6765, device='cuda:0', requires_grad=True)
Parameter containing:
tensor(-2.6760, device='cuda:0', requires_grad=True)
Parameter containing:
tensor(-2.6754, device='cuda:0', requires_grad=True)
Parameter containing:
tensor(-2.6748, device='cuda:0', requires_grad=True)
Parameter containing:
tensor(-2.6743, device='cuda:0', requires_grad=True)
Parameter containing:
tensor(-2.6737, device='cuda:0', requires_grad=True)
Parameter containing:
tensor(-2.6732, device='cuda:0', requires_grad=True)
Parameter containing:
tensor(-2.6726, device='cuda:0', requires_grad=True)
Parameter containing:
tensor(-2.6720, device='cuda:0', requires_grad=True)
Parameter containing:
tensor(-2.6715, device='cuda:0', requires_grad=True)
Parameter containing:
tensor(-2.6709, device='cuda:0', requires_grad=True)
Parameter containing:
tensor(-2.6704, device='cuda:0', requires_grad=True)
Parameter containing:
tensor(-2.6698, device='cuda:0', requires_grad=True)
Parameter containing:
tensor(-2.6692, device='cuda:0', requires_grad=True)
Parameter containing:
tensor(-2.6687, device='cuda:0', requires_grad=True)
Parameter containing:
tensor(-2.6681, device='cuda:0', requires_grad=True)
Parameter containing:
tensor(-2.6675, device='cuda:0', requires_grad=True)
Parameter containing:
tensor(-2.6670, device='cuda:0', requires_grad=True)
Parameter containing:
tensor(-2.6664, device='cuda:0', requires_grad=True)
Parameter containing:
tensor(-2.6659, device='cuda:0', requires_grad=True)
Parameter containing:
tensor(-2.6653, device='cuda:0', requires_grad=True)
Parameter containing:
tensor(-2.6648, device='cuda:0', requires_grad=True)
Parameter containing:
tensor(-2.6642, device='cuda:0', requires_grad=True)
Parameter containing:
tensor(-2.6637, device='cuda:0', requires_grad=True)
Parameter containing:
tensor(-2.6631, device='cuda:0', requires_grad=True)
Parameter containing:
tensor(-2.6626, device='cuda:0', requires_grad=True)
Parameter containing:
tensor(-2.6621, device='cuda:0', requires_grad=True)
Parameter containing:
tensor(-2.6616, device='cuda:0', requires_grad=True)
Parameter containing:
tensor(-2.6610, device='cuda:0', requires_grad=True)
Parameter containing:
tensor(-2.6605, device='cuda:0', requires_grad=True)
Parameter containing:
tensor(-2.6599, device='cuda:0', requires_grad=True)
Parameter containing:
tensor(-2.6594, device='cuda:0', requires_grad=True)
Parameter containing:
tensor(-2.6589, device='cuda:0', requires_grad=True)
Parameter containing:
tensor(-2.6583, device='cuda:0', requires_grad=True)
Parameter containing:
tensor(-2.6578, device='cuda:0', requires_grad=True)
Parameter containing:
tensor(-2.6573, device='cuda:0', requires_grad=True)
Parameter containing:
tensor(-2.6567, device='cuda:0', requires_grad=True)
Parameter containing:
tensor(-2.6562, device='cuda:0', requires_grad=True)
Parameter containing:
tensor(-2.6557, device='cuda:0', requires_grad=True)
Parameter containing:
tensor(-2.6552, device='cuda:0', requires_grad=True)
Parameter containing:
tensor(-2.6546, device='cuda:0', requires_grad=True)
Parameter containing:
tensor(-2.6541, device='cuda:0', requires_grad=True)
Parameter containing:
tensor(-2.6536, device='cuda:0', requires_grad=True)
Parameter containing:
tensor(-2.6531, device='cuda:0', requires_grad=True)
Parameter containing:
tensor(-2.6526, device='cuda:0', requires_grad=True)
Parameter containing:
tensor(-2.6521, device='cuda:0', requires_grad=True)
Parameter containing:
tensor(-2.6516, device='cuda:0', requires_grad=True)
Parameter containing:
tensor(-2.6511, device='cuda:0', requires_grad=True)


PS:

Read file <14836090.stderr> for stderr output of this job.

