Sender: LSF System <lsfadmin@lu01>
Subject: Job 14836101: <_gp_76> in cluster <lila> Done

Job <_gp_76> was submitted from host <ls14> by user <wangy1> in cluster <lila> at Thu Jun 11 19:30:08 2020
Job was executed on host(s) <12*lu01>, in queue <gpuqueue>, as user <wangy1> in cluster <lila> at Thu Jun 11 19:30:09 2020
</home/wangy1> was used as the home directory.
</data/chodera/wangyq/pinot/scripts/gp_split> was used as the working directory.
Started at Thu Jun 11 19:30:09 2020
Terminated at Thu Jun 11 19:33:00 2020
Results reported at Thu Jun 11 19:33:00 2020

Your job looked like:

------------------------------------------------------------
# LSBATCH: User input
python ../../pinot/app/gp_train.py --layer GraphConv --out _gp_76 --n_epochs 500 --lr 1e-3 --config 32 tanh 32 tanh 32 tanh --lr 1e-3 --partition 76:24
------------------------------------------------------------

Successfully completed.

Resource usage summary:

    CPU time :                                   538.07 sec.
    Max Memory :                                 2 GB
    Average Memory :                             1.87 GB
    Total Requested Memory :                     48.00 GB
    Delta Memory :                               46.00 GB
    Max Swap :                                   -
    Max Processes :                              3
    Max Threads :                                20
    Run time :                                   173 sec.
    Turnaround time :                            172 sec.

The output (if any) follows:

Parameter containing:
tensor(-3., device='cuda:0', requires_grad=True)
Parameter containing:
tensor(-2.9990, device='cuda:0', requires_grad=True)
Parameter containing:
tensor(-2.9980, device='cuda:0', requires_grad=True)
Parameter containing:
tensor(-2.9970, device='cuda:0', requires_grad=True)
Parameter containing:
tensor(-2.9961, device='cuda:0', requires_grad=True)
Parameter containing:
tensor(-2.9951, device='cuda:0', requires_grad=True)
Parameter containing:
tensor(-2.9941, device='cuda:0', requires_grad=True)
Parameter containing:
tensor(-2.9932, device='cuda:0', requires_grad=True)
Parameter containing:
tensor(-2.9922, device='cuda:0', requires_grad=True)
Parameter containing:
tensor(-2.9913, device='cuda:0', requires_grad=True)
Parameter containing:
tensor(-2.9903, device='cuda:0', requires_grad=True)
Parameter containing:
tensor(-2.9894, device='cuda:0', requires_grad=True)
Parameter containing:
tensor(-2.9885, device='cuda:0', requires_grad=True)
Parameter containing:
tensor(-2.9875, device='cuda:0', requires_grad=True)
Parameter containing:
tensor(-2.9866, device='cuda:0', requires_grad=True)
Parameter containing:
tensor(-2.9857, device='cuda:0', requires_grad=True)
Parameter containing:
tensor(-2.9847, device='cuda:0', requires_grad=True)
Parameter containing:
tensor(-2.9838, device='cuda:0', requires_grad=True)
Parameter containing:
tensor(-2.9829, device='cuda:0', requires_grad=True)
Parameter containing:
tensor(-2.9819, device='cuda:0', requires_grad=True)
Parameter containing:
tensor(-2.9810, device='cuda:0', requires_grad=True)
Parameter containing:
tensor(-2.9801, device='cuda:0', requires_grad=True)
Parameter containing:
tensor(-2.9792, device='cuda:0', requires_grad=True)
Parameter containing:
tensor(-2.9782, device='cuda:0', requires_grad=True)
Parameter containing:
tensor(-2.9773, device='cuda:0', requires_grad=True)
Parameter containing:
tensor(-2.9764, device='cuda:0', requires_grad=True)
Parameter containing:
tensor(-2.9754, device='cuda:0', requires_grad=True)
Parameter containing:
tensor(-2.9745, device='cuda:0', requires_grad=True)
Parameter containing:
tensor(-2.9736, device='cuda:0', requires_grad=True)
Parameter containing:
tensor(-2.9726, device='cuda:0', requires_grad=True)
Parameter containing:
tensor(-2.9717, device='cuda:0', requires_grad=True)
Parameter containing:
tensor(-2.9708, device='cuda:0', requires_grad=True)
Parameter containing:
tensor(-2.9698, device='cuda:0', requires_grad=True)
Parameter containing:
tensor(-2.9689, device='cuda:0', requires_grad=True)
Parameter containing:
tensor(-2.9680, device='cuda:0', requires_grad=True)
Parameter containing:
tensor(-2.9670, device='cuda:0', requires_grad=True)
Parameter containing:
tensor(-2.9661, device='cuda:0', requires_grad=True)
Parameter containing:
tensor(-2.9652, device='cuda:0', requires_grad=True)
Parameter containing:
tensor(-2.9642, device='cuda:0', requires_grad=True)
Parameter containing:
tensor(-2.9633, device='cuda:0', requires_grad=True)
Parameter containing:
tensor(-2.9624, device='cuda:0', requires_grad=True)
Parameter containing:
tensor(-2.9615, device='cuda:0', requires_grad=True)
Parameter containing:
tensor(-2.9606, device='cuda:0', requires_grad=True)
Parameter containing:
tensor(-2.9597, device='cuda:0', requires_grad=True)
Parameter containing:
tensor(-2.9587, device='cuda:0', requires_grad=True)
Parameter containing:
tensor(-2.9578, device='cuda:0', requires_grad=True)
Parameter containing:
tensor(-2.9569, device='cuda:0', requires_grad=True)
Parameter containing:
tensor(-2.9560, device='cuda:0', requires_grad=True)
Parameter containing:
tensor(-2.9551, device='cuda:0', requires_grad=True)
Parameter containing:
tensor(-2.9542, device='cuda:0', requires_grad=True)
Parameter containing:
tensor(-2.9534, device='cuda:0', requires_grad=True)
Parameter containing:
tensor(-2.9525, device='cuda:0', requires_grad=True)
Parameter containing:
tensor(-2.9516, device='cuda:0', requires_grad=True)
Parameter containing:
tensor(-2.9507, device='cuda:0', requires_grad=True)
Parameter containing:
tensor(-2.9498, device='cuda:0', requires_grad=True)
Parameter containing:
tensor(-2.9489, device='cuda:0', requires_grad=True)
Parameter containing:
tensor(-2.9481, device='cuda:0', requires_grad=True)
Parameter containing:
tensor(-2.9472, device='cuda:0', requires_grad=True)
Parameter containing:
tensor(-2.9463, device='cuda:0', requires_grad=True)
Parameter containing:
tensor(-2.9454, device='cuda:0', requires_grad=True)
Parameter containing:
tensor(-2.9445, device='cuda:0', requires_grad=True)
Parameter containing:
tensor(-2.9437, device='cuda:0', requires_grad=True)
Parameter containing:
tensor(-2.9428, device='cuda:0', requires_grad=True)
Parameter containing:
tensor(-2.9419, device='cuda:0', requires_grad=True)
Parameter containing:
tensor(-2.9410, device='cuda:0', requires_grad=True)
Parameter containing:
tensor(-2.9402, device='cuda:0', requires_grad=True)
Parameter containing:
tensor(-2.9393, device='cuda:0', requires_grad=True)
Parameter containing:
tensor(-2.9384, device='cuda:0', requires_grad=True)
Parameter containing:
tensor(-2.9376, device='cuda:0', requires_grad=True)
Parameter containing:
tensor(-2.9367, device='cuda:0', requires_grad=True)
Parameter containing:
tensor(-2.9358, device='cuda:0', requires_grad=True)
Parameter containing:
tensor(-2.9350, device='cuda:0', requires_grad=True)
Parameter containing:
tensor(-2.9341, device='cuda:0', requires_grad=True)
Parameter containing:
tensor(-2.9332, device='cuda:0', requires_grad=True)
Parameter containing:
tensor(-2.9324, device='cuda:0', requires_grad=True)
Parameter containing:
tensor(-2.9315, device='cuda:0', requires_grad=True)
Parameter containing:
tensor(-2.9306, device='cuda:0', requires_grad=True)
Parameter containing:
tensor(-2.9298, device='cuda:0', requires_grad=True)
Parameter containing:
tensor(-2.9289, device='cuda:0', requires_grad=True)
Parameter containing:
tensor(-2.9281, device='cuda:0', requires_grad=True)
Parameter containing:
tensor(-2.9272, device='cuda:0', requires_grad=True)
Parameter containing:
tensor(-2.9263, device='cuda:0', requires_grad=True)
Parameter containing:
tensor(-2.9255, device='cuda:0', requires_grad=True)
Parameter containing:
tensor(-2.9246, device='cuda:0', requires_grad=True)
Parameter containing:
tensor(-2.9238, device='cuda:0', requires_grad=True)
Parameter containing:
tensor(-2.9229, device='cuda:0', requires_grad=True)
Parameter containing:
tensor(-2.9220, device='cuda:0', requires_grad=True)
Parameter containing:
tensor(-2.9212, device='cuda:0', requires_grad=True)
Parameter containing:
tensor(-2.9203, device='cuda:0', requires_grad=True)
Parameter containing:
tensor(-2.9195, device='cuda:0', requires_grad=True)
Parameter containing:
tensor(-2.9186, device='cuda:0', requires_grad=True)
Parameter containing:
tensor(-2.9177, device='cuda:0', requires_grad=True)
Parameter containing:
tensor(-2.9169, device='cuda:0', requires_grad=True)
Parameter containing:
tensor(-2.9160, device='cuda:0', requires_grad=True)
Parameter containing:
tensor(-2.9152, device='cuda:0', requires_grad=True)
Parameter containing:
tensor(-2.9143, device='cuda:0', requires_grad=True)
Parameter containing:
tensor(-2.9135, device='cuda:0', requires_grad=True)
Parameter containing:
tensor(-2.9127, device='cuda:0', requires_grad=True)
Parameter containing:
tensor(-2.9118, device='cuda:0', requires_grad=True)
Parameter containing:
tensor(-2.9110, device='cuda:0', requires_grad=True)
Parameter containing:
tensor(-2.9101, device='cuda:0', requires_grad=True)
Parameter containing:
tensor(-2.9093, device='cuda:0', requires_grad=True)
Parameter containing:
tensor(-2.9084, device='cuda:0', requires_grad=True)
Parameter containing:
tensor(-2.9076, device='cuda:0', requires_grad=True)
Parameter containing:
tensor(-2.9068, device='cuda:0', requires_grad=True)
Parameter containing:
tensor(-2.9059, device='cuda:0', requires_grad=True)
Parameter containing:
tensor(-2.9051, device='cuda:0', requires_grad=True)
Parameter containing:
tensor(-2.9043, device='cuda:0', requires_grad=True)
Parameter containing:
tensor(-2.9035, device='cuda:0', requires_grad=True)
Parameter containing:
tensor(-2.9026, device='cuda:0', requires_grad=True)
Parameter containing:
tensor(-2.9018, device='cuda:0', requires_grad=True)
Parameter containing:
tensor(-2.9010, device='cuda:0', requires_grad=True)
Parameter containing:
tensor(-2.9002, device='cuda:0', requires_grad=True)
Parameter containing:
tensor(-2.8993, device='cuda:0', requires_grad=True)
Parameter containing:
tensor(-2.8985, device='cuda:0', requires_grad=True)
Parameter containing:
tensor(-2.8977, device='cuda:0', requires_grad=True)
Parameter containing:
tensor(-2.8969, device='cuda:0', requires_grad=True)
Parameter containing:
tensor(-2.8960, device='cuda:0', requires_grad=True)
Parameter containing:
tensor(-2.8952, device='cuda:0', requires_grad=True)
Parameter containing:
tensor(-2.8944, device='cuda:0', requires_grad=True)
Parameter containing:
tensor(-2.8936, device='cuda:0', requires_grad=True)
Parameter containing:
tensor(-2.8928, device='cuda:0', requires_grad=True)
Parameter containing:
tensor(-2.8920, device='cuda:0', requires_grad=True)
Parameter containing:
tensor(-2.8911, device='cuda:0', requires_grad=True)
Parameter containing:
tensor(-2.8903, device='cuda:0', requires_grad=True)
Parameter containing:
tensor(-2.8895, device='cuda:0', requires_grad=True)
Parameter containing:
tensor(-2.8887, device='cuda:0', requires_grad=True)
Parameter containing:
tensor(-2.8879, device='cuda:0', requires_grad=True)
Parameter containing:
tensor(-2.8871, device='cuda:0', requires_grad=True)
Parameter containing:
tensor(-2.8863, device='cuda:0', requires_grad=True)
Parameter containing:
tensor(-2.8855, device='cuda:0', requires_grad=True)
Parameter containing:
tensor(-2.8847, device='cuda:0', requires_grad=True)
Parameter containing:
tensor(-2.8838, device='cuda:0', requires_grad=True)
Parameter containing:
tensor(-2.8830, device='cuda:0', requires_grad=True)
Parameter containing:
tensor(-2.8822, device='cuda:0', requires_grad=True)
Parameter containing:
tensor(-2.8814, device='cuda:0', requires_grad=True)
Parameter containing:
tensor(-2.8806, device='cuda:0', requires_grad=True)
Parameter containing:
tensor(-2.8798, device='cuda:0', requires_grad=True)
Parameter containing:
tensor(-2.8790, device='cuda:0', requires_grad=True)
Parameter containing:
tensor(-2.8782, device='cuda:0', requires_grad=True)
Parameter containing:
tensor(-2.8775, device='cuda:0', requires_grad=True)
Parameter containing:
tensor(-2.8767, device='cuda:0', requires_grad=True)
Parameter containing:
tensor(-2.8759, device='cuda:0', requires_grad=True)
Parameter containing:
tensor(-2.8751, device='cuda:0', requires_grad=True)
Parameter containing:
tensor(-2.8743, device='cuda:0', requires_grad=True)
Parameter containing:
tensor(-2.8735, device='cuda:0', requires_grad=True)
Parameter containing:
tensor(-2.8727, device='cuda:0', requires_grad=True)
Parameter containing:
tensor(-2.8719, device='cuda:0', requires_grad=True)
Parameter containing:
tensor(-2.8712, device='cuda:0', requires_grad=True)
Parameter containing:
tensor(-2.8704, device='cuda:0', requires_grad=True)
Parameter containing:
tensor(-2.8696, device='cuda:0', requires_grad=True)
Parameter containing:
tensor(-2.8688, device='cuda:0', requires_grad=True)
Parameter containing:
tensor(-2.8680, device='cuda:0', requires_grad=True)
Parameter containing:
tensor(-2.8673, device='cuda:0', requires_grad=True)
Parameter containing:
tensor(-2.8665, device='cuda:0', requires_grad=True)
Parameter containing:
tensor(-2.8657, device='cuda:0', requires_grad=True)
Parameter containing:
tensor(-2.8649, device='cuda:0', requires_grad=True)
Parameter containing:
tensor(-2.8642, device='cuda:0', requires_grad=True)
Parameter containing:
tensor(-2.8634, device='cuda:0', requires_grad=True)
Parameter containing:
tensor(-2.8626, device='cuda:0', requires_grad=True)
Parameter containing:
tensor(-2.8618, device='cuda:0', requires_grad=True)
Parameter containing:
tensor(-2.8611, device='cuda:0', requires_grad=True)
Parameter containing:
tensor(-2.8603, device='cuda:0', requires_grad=True)
Parameter containing:
tensor(-2.8595, device='cuda:0', requires_grad=True)
Parameter containing:
tensor(-2.8588, device='cuda:0', requires_grad=True)
Parameter containing:
tensor(-2.8580, device='cuda:0', requires_grad=True)
Parameter containing:
tensor(-2.8572, device='cuda:0', requires_grad=True)
Parameter containing:
tensor(-2.8565, device='cuda:0', requires_grad=True)
Parameter containing:
tensor(-2.8557, device='cuda:0', requires_grad=True)
Parameter containing:
tensor(-2.8550, device='cuda:0', requires_grad=True)
Parameter containing:
tensor(-2.8542, device='cuda:0', requires_grad=True)
Parameter containing:
tensor(-2.8534, device='cuda:0', requires_grad=True)
Parameter containing:
tensor(-2.8527, device='cuda:0', requires_grad=True)
Parameter containing:
tensor(-2.8519, device='cuda:0', requires_grad=True)
Parameter containing:
tensor(-2.8512, device='cuda:0', requires_grad=True)
Parameter containing:
tensor(-2.8504, device='cuda:0', requires_grad=True)
Parameter containing:
tensor(-2.8496, device='cuda:0', requires_grad=True)
Parameter containing:
tensor(-2.8489, device='cuda:0', requires_grad=True)
Parameter containing:
tensor(-2.8481, device='cuda:0', requires_grad=True)
Parameter containing:
tensor(-2.8474, device='cuda:0', requires_grad=True)
Parameter containing:
tensor(-2.8466, device='cuda:0', requires_grad=True)
Parameter containing:
tensor(-2.8459, device='cuda:0', requires_grad=True)
Parameter containing:
tensor(-2.8451, device='cuda:0', requires_grad=True)
Parameter containing:
tensor(-2.8444, device='cuda:0', requires_grad=True)
Parameter containing:
tensor(-2.8437, device='cuda:0', requires_grad=True)
Parameter containing:
tensor(-2.8429, device='cuda:0', requires_grad=True)
Parameter containing:
tensor(-2.8422, device='cuda:0', requires_grad=True)
Parameter containing:
tensor(-2.8415, device='cuda:0', requires_grad=True)
Parameter containing:
tensor(-2.8408, device='cuda:0', requires_grad=True)
Parameter containing:
tensor(-2.8400, device='cuda:0', requires_grad=True)
Parameter containing:
tensor(-2.8393, device='cuda:0', requires_grad=True)
Parameter containing:
tensor(-2.8386, device='cuda:0', requires_grad=True)
Parameter containing:
tensor(-2.8379, device='cuda:0', requires_grad=True)
Parameter containing:
tensor(-2.8372, device='cuda:0', requires_grad=True)
Parameter containing:
tensor(-2.8364, device='cuda:0', requires_grad=True)
Parameter containing:
tensor(-2.8357, device='cuda:0', requires_grad=True)
Parameter containing:
tensor(-2.8350, device='cuda:0', requires_grad=True)
Parameter containing:
tensor(-2.8343, device='cuda:0', requires_grad=True)
Parameter containing:
tensor(-2.8336, device='cuda:0', requires_grad=True)
Parameter containing:
tensor(-2.8328, device='cuda:0', requires_grad=True)
Parameter containing:
tensor(-2.8321, device='cuda:0', requires_grad=True)
Parameter containing:
tensor(-2.8314, device='cuda:0', requires_grad=True)
Parameter containing:
tensor(-2.8307, device='cuda:0', requires_grad=True)
Parameter containing:
tensor(-2.8299, device='cuda:0', requires_grad=True)
Parameter containing:
tensor(-2.8292, device='cuda:0', requires_grad=True)
Parameter containing:
tensor(-2.8285, device='cuda:0', requires_grad=True)
Parameter containing:
tensor(-2.8277, device='cuda:0', requires_grad=True)
Parameter containing:
tensor(-2.8270, device='cuda:0', requires_grad=True)
Parameter containing:
tensor(-2.8263, device='cuda:0', requires_grad=True)
Parameter containing:
tensor(-2.8256, device='cuda:0', requires_grad=True)
Parameter containing:
tensor(-2.8248, device='cuda:0', requires_grad=True)
Parameter containing:
tensor(-2.8241, device='cuda:0', requires_grad=True)
Parameter containing:
tensor(-2.8234, device='cuda:0', requires_grad=True)
Parameter containing:
tensor(-2.8227, device='cuda:0', requires_grad=True)
Parameter containing:
tensor(-2.8219, device='cuda:0', requires_grad=True)
Parameter containing:
tensor(-2.8212, device='cuda:0', requires_grad=True)
Parameter containing:
tensor(-2.8205, device='cuda:0', requires_grad=True)
Parameter containing:
tensor(-2.8198, device='cuda:0', requires_grad=True)
Parameter containing:
tensor(-2.8191, device='cuda:0', requires_grad=True)
Parameter containing:
tensor(-2.8183, device='cuda:0', requires_grad=True)
Parameter containing:
tensor(-2.8176, device='cuda:0', requires_grad=True)
Parameter containing:
tensor(-2.8169, device='cuda:0', requires_grad=True)
Parameter containing:
tensor(-2.8162, device='cuda:0', requires_grad=True)
Parameter containing:
tensor(-2.8155, device='cuda:0', requires_grad=True)
Parameter containing:
tensor(-2.8147, device='cuda:0', requires_grad=True)
Parameter containing:
tensor(-2.8140, device='cuda:0', requires_grad=True)
Parameter containing:
tensor(-2.8133, device='cuda:0', requires_grad=True)
Parameter containing:
tensor(-2.8126, device='cuda:0', requires_grad=True)
Parameter containing:
tensor(-2.8119, device='cuda:0', requires_grad=True)
Parameter containing:
tensor(-2.8112, device='cuda:0', requires_grad=True)
Parameter containing:
tensor(-2.8105, device='cuda:0', requires_grad=True)
Parameter containing:
tensor(-2.8097, device='cuda:0', requires_grad=True)
Parameter containing:
tensor(-2.8090, device='cuda:0', requires_grad=True)
Parameter containing:
tensor(-2.8083, device='cuda:0', requires_grad=True)
Parameter containing:
tensor(-2.8076, device='cuda:0', requires_grad=True)
Parameter containing:
tensor(-2.8069, device='cuda:0', requires_grad=True)
Parameter containing:
tensor(-2.8062, device='cuda:0', requires_grad=True)
Parameter containing:
tensor(-2.8055, device='cuda:0', requires_grad=True)
Parameter containing:
tensor(-2.8048, device='cuda:0', requires_grad=True)
Parameter containing:
tensor(-2.8041, device='cuda:0', requires_grad=True)
Parameter containing:
tensor(-2.8034, device='cuda:0', requires_grad=True)
Parameter containing:
tensor(-2.8027, device='cuda:0', requires_grad=True)
Parameter containing:
tensor(-2.8020, device='cuda:0', requires_grad=True)
Parameter containing:
tensor(-2.8014, device='cuda:0', requires_grad=True)
Parameter containing:
tensor(-2.8007, device='cuda:0', requires_grad=True)
Parameter containing:
tensor(-2.8000, device='cuda:0', requires_grad=True)
Parameter containing:
tensor(-2.7993, device='cuda:0', requires_grad=True)
Parameter containing:
tensor(-2.7986, device='cuda:0', requires_grad=True)
Parameter containing:
tensor(-2.7979, device='cuda:0', requires_grad=True)
Parameter containing:
tensor(-2.7972, device='cuda:0', requires_grad=True)
Parameter containing:
tensor(-2.7965, device='cuda:0', requires_grad=True)
Parameter containing:
tensor(-2.7959, device='cuda:0', requires_grad=True)
Parameter containing:
tensor(-2.7952, device='cuda:0', requires_grad=True)
Parameter containing:
tensor(-2.7945, device='cuda:0', requires_grad=True)
Parameter containing:
tensor(-2.7939, device='cuda:0', requires_grad=True)
Parameter containing:
tensor(-2.7932, device='cuda:0', requires_grad=True)
Parameter containing:
tensor(-2.7925, device='cuda:0', requires_grad=True)
Parameter containing:
tensor(-2.7918, device='cuda:0', requires_grad=True)
Parameter containing:
tensor(-2.7912, device='cuda:0', requires_grad=True)
Parameter containing:
tensor(-2.7905, device='cuda:0', requires_grad=True)
Parameter containing:
tensor(-2.7898, device='cuda:0', requires_grad=True)
Parameter containing:
tensor(-2.7891, device='cuda:0', requires_grad=True)
Parameter containing:
tensor(-2.7885, device='cuda:0', requires_grad=True)
Parameter containing:
tensor(-2.7878, device='cuda:0', requires_grad=True)
Parameter containing:
tensor(-2.7871, device='cuda:0', requires_grad=True)
Parameter containing:
tensor(-2.7864, device='cuda:0', requires_grad=True)
Parameter containing:
tensor(-2.7858, device='cuda:0', requires_grad=True)
Parameter containing:
tensor(-2.7851, device='cuda:0', requires_grad=True)
Parameter containing:
tensor(-2.7844, device='cuda:0', requires_grad=True)
Parameter containing:
tensor(-2.7838, device='cuda:0', requires_grad=True)
Parameter containing:
tensor(-2.7831, device='cuda:0', requires_grad=True)
Parameter containing:
tensor(-2.7824, device='cuda:0', requires_grad=True)
Parameter containing:
tensor(-2.7817, device='cuda:0', requires_grad=True)
Parameter containing:
tensor(-2.7811, device='cuda:0', requires_grad=True)
Parameter containing:
tensor(-2.7804, device='cuda:0', requires_grad=True)
Parameter containing:
tensor(-2.7797, device='cuda:0', requires_grad=True)
Parameter containing:
tensor(-2.7790, device='cuda:0', requires_grad=True)
Parameter containing:
tensor(-2.7783, device='cuda:0', requires_grad=True)
Parameter containing:
tensor(-2.7777, device='cuda:0', requires_grad=True)
Parameter containing:
tensor(-2.7770, device='cuda:0', requires_grad=True)
Parameter containing:
tensor(-2.7763, device='cuda:0', requires_grad=True)
Parameter containing:
tensor(-2.7757, device='cuda:0', requires_grad=True)
Parameter containing:
tensor(-2.7750, device='cuda:0', requires_grad=True)
Parameter containing:
tensor(-2.7744, device='cuda:0', requires_grad=True)
Parameter containing:
tensor(-2.7737, device='cuda:0', requires_grad=True)
Parameter containing:
tensor(-2.7731, device='cuda:0', requires_grad=True)
Parameter containing:
tensor(-2.7724, device='cuda:0', requires_grad=True)
Parameter containing:
tensor(-2.7718, device='cuda:0', requires_grad=True)
Parameter containing:
tensor(-2.7712, device='cuda:0', requires_grad=True)
Parameter containing:
tensor(-2.7705, device='cuda:0', requires_grad=True)
Parameter containing:
tensor(-2.7699, device='cuda:0', requires_grad=True)
Parameter containing:
tensor(-2.7692, device='cuda:0', requires_grad=True)
Parameter containing:
tensor(-2.7686, device='cuda:0', requires_grad=True)
Parameter containing:
tensor(-2.7679, device='cuda:0', requires_grad=True)
Parameter containing:
tensor(-2.7673, device='cuda:0', requires_grad=True)
Parameter containing:
tensor(-2.7667, device='cuda:0', requires_grad=True)
Parameter containing:
tensor(-2.7660, device='cuda:0', requires_grad=True)
Parameter containing:
tensor(-2.7654, device='cuda:0', requires_grad=True)
Parameter containing:
tensor(-2.7647, device='cuda:0', requires_grad=True)
Parameter containing:
tensor(-2.7641, device='cuda:0', requires_grad=True)
Parameter containing:
tensor(-2.7634, device='cuda:0', requires_grad=True)
Parameter containing:
tensor(-2.7628, device='cuda:0', requires_grad=True)
Parameter containing:
tensor(-2.7622, device='cuda:0', requires_grad=True)
Parameter containing:
tensor(-2.7615, device='cuda:0', requires_grad=True)
Parameter containing:
tensor(-2.7609, device='cuda:0', requires_grad=True)
Parameter containing:
tensor(-2.7603, device='cuda:0', requires_grad=True)
Parameter containing:
tensor(-2.7596, device='cuda:0', requires_grad=True)
Parameter containing:
tensor(-2.7590, device='cuda:0', requires_grad=True)
Parameter containing:
tensor(-2.7583, device='cuda:0', requires_grad=True)
Parameter containing:
tensor(-2.7577, device='cuda:0', requires_grad=True)
Parameter containing:
tensor(-2.7571, device='cuda:0', requires_grad=True)
Parameter containing:
tensor(-2.7564, device='cuda:0', requires_grad=True)
Parameter containing:
tensor(-2.7558, device='cuda:0', requires_grad=True)
Parameter containing:
tensor(-2.7552, device='cuda:0', requires_grad=True)
Parameter containing:
tensor(-2.7545, device='cuda:0', requires_grad=True)
Parameter containing:
tensor(-2.7539, device='cuda:0', requires_grad=True)
Parameter containing:
tensor(-2.7533, device='cuda:0', requires_grad=True)
Parameter containing:
tensor(-2.7527, device='cuda:0', requires_grad=True)
Parameter containing:
tensor(-2.7520, device='cuda:0', requires_grad=True)
Parameter containing:
tensor(-2.7514, device='cuda:0', requires_grad=True)
Parameter containing:
tensor(-2.7508, device='cuda:0', requires_grad=True)
Parameter containing:
tensor(-2.7502, device='cuda:0', requires_grad=True)
Parameter containing:
tensor(-2.7495, device='cuda:0', requires_grad=True)
Parameter containing:
tensor(-2.7489, device='cuda:0', requires_grad=True)
Parameter containing:
tensor(-2.7483, device='cuda:0', requires_grad=True)
Parameter containing:
tensor(-2.7476, device='cuda:0', requires_grad=True)
Parameter containing:
tensor(-2.7470, device='cuda:0', requires_grad=True)
Parameter containing:
tensor(-2.7464, device='cuda:0', requires_grad=True)
Parameter containing:
tensor(-2.7458, device='cuda:0', requires_grad=True)
Parameter containing:
tensor(-2.7452, device='cuda:0', requires_grad=True)
Parameter containing:
tensor(-2.7446, device='cuda:0', requires_grad=True)
Parameter containing:
tensor(-2.7440, device='cuda:0', requires_grad=True)
Parameter containing:
tensor(-2.7434, device='cuda:0', requires_grad=True)
Parameter containing:
tensor(-2.7427, device='cuda:0', requires_grad=True)
Parameter containing:
tensor(-2.7421, device='cuda:0', requires_grad=True)
Parameter containing:
tensor(-2.7415, device='cuda:0', requires_grad=True)
Parameter containing:
tensor(-2.7409, device='cuda:0', requires_grad=True)
Parameter containing:
tensor(-2.7403, device='cuda:0', requires_grad=True)
Parameter containing:
tensor(-2.7397, device='cuda:0', requires_grad=True)
Parameter containing:
tensor(-2.7390, device='cuda:0', requires_grad=True)
Parameter containing:
tensor(-2.7384, device='cuda:0', requires_grad=True)
Parameter containing:
tensor(-2.7378, device='cuda:0', requires_grad=True)
Parameter containing:
tensor(-2.7372, device='cuda:0', requires_grad=True)
Parameter containing:
tensor(-2.7366, device='cuda:0', requires_grad=True)
Parameter containing:
tensor(-2.7359, device='cuda:0', requires_grad=True)
Parameter containing:
tensor(-2.7353, device='cuda:0', requires_grad=True)
Parameter containing:
tensor(-2.7347, device='cuda:0', requires_grad=True)
Parameter containing:
tensor(-2.7341, device='cuda:0', requires_grad=True)
Parameter containing:
tensor(-2.7335, device='cuda:0', requires_grad=True)
Parameter containing:
tensor(-2.7329, device='cuda:0', requires_grad=True)
Parameter containing:
tensor(-2.7323, device='cuda:0', requires_grad=True)
Parameter containing:
tensor(-2.7317, device='cuda:0', requires_grad=True)
Parameter containing:
tensor(-2.7311, device='cuda:0', requires_grad=True)
Parameter containing:
tensor(-2.7305, device='cuda:0', requires_grad=True)
Parameter containing:
tensor(-2.7299, device='cuda:0', requires_grad=True)
Parameter containing:
tensor(-2.7293, device='cuda:0', requires_grad=True)
Parameter containing:
tensor(-2.7287, device='cuda:0', requires_grad=True)
Parameter containing:
tensor(-2.7281, device='cuda:0', requires_grad=True)
Parameter containing:
tensor(-2.7275, device='cuda:0', requires_grad=True)
Parameter containing:
tensor(-2.7269, device='cuda:0', requires_grad=True)
Parameter containing:
tensor(-2.7263, device='cuda:0', requires_grad=True)
Parameter containing:
tensor(-2.7257, device='cuda:0', requires_grad=True)
Parameter containing:
tensor(-2.7251, device='cuda:0', requires_grad=True)
Parameter containing:
tensor(-2.7245, device='cuda:0', requires_grad=True)
Parameter containing:
tensor(-2.7239, device='cuda:0', requires_grad=True)
Parameter containing:
tensor(-2.7233, device='cuda:0', requires_grad=True)
Parameter containing:
tensor(-2.7227, device='cuda:0', requires_grad=True)
Parameter containing:
tensor(-2.7221, device='cuda:0', requires_grad=True)
Parameter containing:
tensor(-2.7215, device='cuda:0', requires_grad=True)
Parameter containing:
tensor(-2.7209, device='cuda:0', requires_grad=True)
Parameter containing:
tensor(-2.7203, device='cuda:0', requires_grad=True)
Parameter containing:
tensor(-2.7197, device='cuda:0', requires_grad=True)
Parameter containing:
tensor(-2.7191, device='cuda:0', requires_grad=True)
Parameter containing:
tensor(-2.7185, device='cuda:0', requires_grad=True)
Parameter containing:
tensor(-2.7179, device='cuda:0', requires_grad=True)
Parameter containing:
tensor(-2.7173, device='cuda:0', requires_grad=True)
Parameter containing:
tensor(-2.7167, device='cuda:0', requires_grad=True)
Parameter containing:
tensor(-2.7162, device='cuda:0', requires_grad=True)
Parameter containing:
tensor(-2.7156, device='cuda:0', requires_grad=True)
Parameter containing:
tensor(-2.7150, device='cuda:0', requires_grad=True)
Parameter containing:
tensor(-2.7144, device='cuda:0', requires_grad=True)
Parameter containing:
tensor(-2.7138, device='cuda:0', requires_grad=True)
Parameter containing:
tensor(-2.7132, device='cuda:0', requires_grad=True)
Parameter containing:
tensor(-2.7126, device='cuda:0', requires_grad=True)
Parameter containing:
tensor(-2.7121, device='cuda:0', requires_grad=True)
Parameter containing:
tensor(-2.7115, device='cuda:0', requires_grad=True)
Parameter containing:
tensor(-2.7109, device='cuda:0', requires_grad=True)
Parameter containing:
tensor(-2.7103, device='cuda:0', requires_grad=True)
Parameter containing:
tensor(-2.7098, device='cuda:0', requires_grad=True)
Parameter containing:
tensor(-2.7092, device='cuda:0', requires_grad=True)
Parameter containing:
tensor(-2.7086, device='cuda:0', requires_grad=True)
Parameter containing:
tensor(-2.7080, device='cuda:0', requires_grad=True)
Parameter containing:
tensor(-2.7074, device='cuda:0', requires_grad=True)
Parameter containing:
tensor(-2.7069, device='cuda:0', requires_grad=True)
Parameter containing:
tensor(-2.7063, device='cuda:0', requires_grad=True)
Parameter containing:
tensor(-2.7057, device='cuda:0', requires_grad=True)
Parameter containing:
tensor(-2.7051, device='cuda:0', requires_grad=True)
Parameter containing:
tensor(-2.7045, device='cuda:0', requires_grad=True)
Parameter containing:
tensor(-2.7040, device='cuda:0', requires_grad=True)
Parameter containing:
tensor(-2.7034, device='cuda:0', requires_grad=True)
Parameter containing:
tensor(-2.7028, device='cuda:0', requires_grad=True)
Parameter containing:
tensor(-2.7022, device='cuda:0', requires_grad=True)
Parameter containing:
tensor(-2.7017, device='cuda:0', requires_grad=True)
Parameter containing:
tensor(-2.7011, device='cuda:0', requires_grad=True)
Parameter containing:
tensor(-2.7006, device='cuda:0', requires_grad=True)
Parameter containing:
tensor(-2.7000, device='cuda:0', requires_grad=True)
Parameter containing:
tensor(-2.6994, device='cuda:0', requires_grad=True)
Parameter containing:
tensor(-2.6989, device='cuda:0', requires_grad=True)
Parameter containing:
tensor(-2.6983, device='cuda:0', requires_grad=True)
Parameter containing:
tensor(-2.6978, device='cuda:0', requires_grad=True)
Parameter containing:
tensor(-2.6972, device='cuda:0', requires_grad=True)
Parameter containing:
tensor(-2.6966, device='cuda:0', requires_grad=True)
Parameter containing:
tensor(-2.6961, device='cuda:0', requires_grad=True)
Parameter containing:
tensor(-2.6956, device='cuda:0', requires_grad=True)
Parameter containing:
tensor(-2.6950, device='cuda:0', requires_grad=True)
Parameter containing:
tensor(-2.6945, device='cuda:0', requires_grad=True)
Parameter containing:
tensor(-2.6939, device='cuda:0', requires_grad=True)
Parameter containing:
tensor(-2.6934, device='cuda:0', requires_grad=True)
Parameter containing:
tensor(-2.6928, device='cuda:0', requires_grad=True)
Parameter containing:
tensor(-2.6923, device='cuda:0', requires_grad=True)
Parameter containing:
tensor(-2.6917, device='cuda:0', requires_grad=True)
Parameter containing:
tensor(-2.6912, device='cuda:0', requires_grad=True)
Parameter containing:
tensor(-2.6906, device='cuda:0', requires_grad=True)
Parameter containing:
tensor(-2.6901, device='cuda:0', requires_grad=True)
Parameter containing:
tensor(-2.6895, device='cuda:0', requires_grad=True)
Parameter containing:
tensor(-2.6889, device='cuda:0', requires_grad=True)
Parameter containing:
tensor(-2.6884, device='cuda:0', requires_grad=True)
Parameter containing:
tensor(-2.6878, device='cuda:0', requires_grad=True)
Parameter containing:
tensor(-2.6873, device='cuda:0', requires_grad=True)
Parameter containing:
tensor(-2.6867, device='cuda:0', requires_grad=True)
Parameter containing:
tensor(-2.6862, device='cuda:0', requires_grad=True)
Parameter containing:
tensor(-2.6856, device='cuda:0', requires_grad=True)
Parameter containing:
tensor(-2.6850, device='cuda:0', requires_grad=True)
Parameter containing:
tensor(-2.6845, device='cuda:0', requires_grad=True)
Parameter containing:
tensor(-2.6840, device='cuda:0', requires_grad=True)
Parameter containing:
tensor(-2.6834, device='cuda:0', requires_grad=True)
Parameter containing:
tensor(-2.6829, device='cuda:0', requires_grad=True)
Parameter containing:
tensor(-2.6824, device='cuda:0', requires_grad=True)
Parameter containing:
tensor(-2.6818, device='cuda:0', requires_grad=True)
Parameter containing:
tensor(-2.6813, device='cuda:0', requires_grad=True)
Parameter containing:
tensor(-2.6807, device='cuda:0', requires_grad=True)
Parameter containing:
tensor(-2.6802, device='cuda:0', requires_grad=True)
Parameter containing:
tensor(-2.6797, device='cuda:0', requires_grad=True)
Parameter containing:
tensor(-2.6791, device='cuda:0', requires_grad=True)
Parameter containing:
tensor(-2.6786, device='cuda:0', requires_grad=True)
Parameter containing:
tensor(-2.6780, device='cuda:0', requires_grad=True)
Parameter containing:
tensor(-2.6775, device='cuda:0', requires_grad=True)
Parameter containing:
tensor(-2.6770, device='cuda:0', requires_grad=True)
Parameter containing:
tensor(-2.6764, device='cuda:0', requires_grad=True)
Parameter containing:
tensor(-2.6759, device='cuda:0', requires_grad=True)
Parameter containing:
tensor(-2.6753, device='cuda:0', requires_grad=True)
Parameter containing:
tensor(-2.6748, device='cuda:0', requires_grad=True)
Parameter containing:
tensor(-2.6743, device='cuda:0', requires_grad=True)
Parameter containing:
tensor(-2.6737, device='cuda:0', requires_grad=True)
Parameter containing:
tensor(-2.6732, device='cuda:0', requires_grad=True)
Parameter containing:
tensor(-2.6726, device='cuda:0', requires_grad=True)
Parameter containing:
tensor(-2.6721, device='cuda:0', requires_grad=True)
Parameter containing:
tensor(-2.6715, device='cuda:0', requires_grad=True)
Parameter containing:
tensor(-2.6710, device='cuda:0', requires_grad=True)
Parameter containing:
tensor(-2.6705, device='cuda:0', requires_grad=True)
Parameter containing:
tensor(-2.6700, device='cuda:0', requires_grad=True)
Parameter containing:
tensor(-2.6694, device='cuda:0', requires_grad=True)
Parameter containing:
tensor(-2.6689, device='cuda:0', requires_grad=True)
Parameter containing:
tensor(-2.6684, device='cuda:0', requires_grad=True)
Parameter containing:
tensor(-2.6679, device='cuda:0', requires_grad=True)
Parameter containing:
tensor(-2.6674, device='cuda:0', requires_grad=True)
Parameter containing:
tensor(-2.6669, device='cuda:0', requires_grad=True)
Parameter containing:
tensor(-2.6663, device='cuda:0', requires_grad=True)
Parameter containing:
tensor(-2.6658, device='cuda:0', requires_grad=True)
Parameter containing:
tensor(-2.6653, device='cuda:0', requires_grad=True)
Parameter containing:
tensor(-2.6648, device='cuda:0', requires_grad=True)
Parameter containing:
tensor(-2.6643, device='cuda:0', requires_grad=True)
Parameter containing:
tensor(-2.6638, device='cuda:0', requires_grad=True)
Parameter containing:
tensor(-2.6633, device='cuda:0', requires_grad=True)
Parameter containing:
tensor(-2.6628, device='cuda:0', requires_grad=True)
Parameter containing:
tensor(-2.6623, device='cuda:0', requires_grad=True)
Parameter containing:
tensor(-2.6618, device='cuda:0', requires_grad=True)
Parameter containing:
tensor(-2.6613, device='cuda:0', requires_grad=True)
Parameter containing:
tensor(-2.6608, device='cuda:0', requires_grad=True)
Parameter containing:
tensor(-2.6602, device='cuda:0', requires_grad=True)
Parameter containing:
tensor(-2.6597, device='cuda:0', requires_grad=True)
Parameter containing:
tensor(-2.6592, device='cuda:0', requires_grad=True)
Parameter containing:
tensor(-2.6587, device='cuda:0', requires_grad=True)
Parameter containing:
tensor(-2.6582, device='cuda:0', requires_grad=True)
Parameter containing:
tensor(-2.6577, device='cuda:0', requires_grad=True)
Parameter containing:
tensor(-2.6572, device='cuda:0', requires_grad=True)
Parameter containing:
tensor(-2.6567, device='cuda:0', requires_grad=True)
Parameter containing:
tensor(-2.6561, device='cuda:0', requires_grad=True)
Parameter containing:
tensor(-2.6556, device='cuda:0', requires_grad=True)
Parameter containing:
tensor(-2.6551, device='cuda:0', requires_grad=True)
Parameter containing:
tensor(-2.6546, device='cuda:0', requires_grad=True)
Parameter containing:
tensor(-2.6541, device='cuda:0', requires_grad=True)
Parameter containing:
tensor(-2.6536, device='cuda:0', requires_grad=True)
Parameter containing:
tensor(-2.6531, device='cuda:0', requires_grad=True)
Parameter containing:
tensor(-2.6526, device='cuda:0', requires_grad=True)
Parameter containing:
tensor(-2.6521, device='cuda:0', requires_grad=True)
Parameter containing:
tensor(-2.6516, device='cuda:0', requires_grad=True)
Parameter containing:
tensor(-2.6511, device='cuda:0', requires_grad=True)
Parameter containing:
tensor(-2.6506, device='cuda:0', requires_grad=True)
Parameter containing:
tensor(-2.6501, device='cuda:0', requires_grad=True)


PS:

Read file <14836101.stderr> for stderr output of this job.

