Sender: LSF System <lsfadmin@lt21>
Subject: Job 14789300: <_gp_sgld_SGConv_1e-4> in cluster <lila> Done

Job <_gp_sgld_SGConv_1e-4> was submitted from host <lx13> by user <wangy1> in cluster <lila> at Tue Jun  2 22:37:35 2020
Job was executed on host(s) <12*lt21>, in queue <gpuqueue>, as user <wangy1> in cluster <lila> at Tue Jun  2 23:17:00 2020
</home/wangy1> was used as the home directory.
</data/chodera/wangyq/pinot/scripts/gp_comparison> was used as the working directory.
Started at Tue Jun  2 23:17:00 2020
Terminated at Tue Jun  2 23:31:36 2020
Results reported at Tue Jun  2 23:31:36 2020

Your job looked like:

------------------------------------------------------------
# LSBATCH: User input
python ../../pinot/app/gp_train.py --layer SGConv --optimizer sgld --lr 1e-4 --out _gp_sgld_SGConv_1e-4 --n_epochs 1000
------------------------------------------------------------

Successfully completed.

Resource usage summary:

    CPU time :                                   2143.09 sec.
    Max Memory :                                 2 GB
    Average Memory :                             1.98 GB
    Total Requested Memory :                     48.00 GB
    Delta Memory :                               46.00 GB
    Max Swap :                                   -
    Max Processes :                              3
    Max Threads :                                20
    Run time :                                   877 sec.
    Turnaround time :                            3241 sec.

The output (if any) follows:



PS:

Read file <14789300.stderr> for stderr output of this job.

