Sender: LSF System <lsfadmin@ls16>
Subject: Job 14836051: <_gp_26> in cluster <lila> Done

Job <_gp_26> was submitted from host <ls14> by user <wangy1> in cluster <lila> at Thu Jun 11 19:30:06 2020
Job was executed on host(s) <12*ls16>, in queue <gpuqueue>, as user <wangy1> in cluster <lila> at Thu Jun 11 19:30:07 2020
</home/wangy1> was used as the home directory.
</data/chodera/wangyq/pinot/scripts/gp_split> was used as the working directory.
Started at Thu Jun 11 19:30:07 2020
Terminated at Thu Jun 11 19:32:47 2020
Results reported at Thu Jun 11 19:32:47 2020

Your job looked like:

------------------------------------------------------------
# LSBATCH: User input
python ../../pinot/app/gp_train.py --layer GraphConv --out _gp_26 --n_epochs 500 --lr 1e-3 --config 32 tanh 32 tanh 32 tanh --lr 1e-3 --partition 26:74
------------------------------------------------------------

Successfully completed.

Resource usage summary:

    CPU time :                                   487.09 sec.
    Max Memory :                                 2 GB
    Average Memory :                             1.88 GB
    Total Requested Memory :                     48.00 GB
    Delta Memory :                               46.00 GB
    Max Swap :                                   -
    Max Processes :                              3
    Max Threads :                                20
    Run time :                                   162 sec.
    Turnaround time :                            161 sec.

The output (if any) follows:

Parameter containing:
tensor(-3., device='cuda:0', requires_grad=True)
Parameter containing:
tensor(-2.9990, device='cuda:0', requires_grad=True)
Parameter containing:
tensor(-2.9980, device='cuda:0', requires_grad=True)
Parameter containing:
tensor(-2.9971, device='cuda:0', requires_grad=True)
Parameter containing:
tensor(-2.9961, device='cuda:0', requires_grad=True)
Parameter containing:
tensor(-2.9952, device='cuda:0', requires_grad=True)
Parameter containing:
tensor(-2.9944, device='cuda:0', requires_grad=True)
Parameter containing:
tensor(-2.9935, device='cuda:0', requires_grad=True)
Parameter containing:
tensor(-2.9927, device='cuda:0', requires_grad=True)
Parameter containing:
tensor(-2.9918, device='cuda:0', requires_grad=True)
Parameter containing:
tensor(-2.9910, device='cuda:0', requires_grad=True)
Parameter containing:
tensor(-2.9902, device='cuda:0', requires_grad=True)
Parameter containing:
tensor(-2.9895, device='cuda:0', requires_grad=True)
Parameter containing:
tensor(-2.9887, device='cuda:0', requires_grad=True)
Parameter containing:
tensor(-2.9879, device='cuda:0', requires_grad=True)
Parameter containing:
tensor(-2.9872, device='cuda:0', requires_grad=True)
Parameter containing:
tensor(-2.9864, device='cuda:0', requires_grad=True)
Parameter containing:
tensor(-2.9856, device='cuda:0', requires_grad=True)
Parameter containing:
tensor(-2.9849, device='cuda:0', requires_grad=True)
Parameter containing:
tensor(-2.9841, device='cuda:0', requires_grad=True)
Parameter containing:
tensor(-2.9833, device='cuda:0', requires_grad=True)
Parameter containing:
tensor(-2.9825, device='cuda:0', requires_grad=True)
Parameter containing:
tensor(-2.9818, device='cuda:0', requires_grad=True)
Parameter containing:
tensor(-2.9810, device='cuda:0', requires_grad=True)
Parameter containing:
tensor(-2.9802, device='cuda:0', requires_grad=True)
Parameter containing:
tensor(-2.9794, device='cuda:0', requires_grad=True)
Parameter containing:
tensor(-2.9786, device='cuda:0', requires_grad=True)
Parameter containing:
tensor(-2.9779, device='cuda:0', requires_grad=True)
Parameter containing:
tensor(-2.9771, device='cuda:0', requires_grad=True)
Parameter containing:
tensor(-2.9763, device='cuda:0', requires_grad=True)
Parameter containing:
tensor(-2.9755, device='cuda:0', requires_grad=True)
Parameter containing:
tensor(-2.9747, device='cuda:0', requires_grad=True)
Parameter containing:
tensor(-2.9739, device='cuda:0', requires_grad=True)
Parameter containing:
tensor(-2.9731, device='cuda:0', requires_grad=True)
Parameter containing:
tensor(-2.9723, device='cuda:0', requires_grad=True)
Parameter containing:
tensor(-2.9715, device='cuda:0', requires_grad=True)
Parameter containing:
tensor(-2.9707, device='cuda:0', requires_grad=True)
Parameter containing:
tensor(-2.9699, device='cuda:0', requires_grad=True)
Parameter containing:
tensor(-2.9691, device='cuda:0', requires_grad=True)
Parameter containing:
tensor(-2.9683, device='cuda:0', requires_grad=True)
Parameter containing:
tensor(-2.9675, device='cuda:0', requires_grad=True)
Parameter containing:
tensor(-2.9667, device='cuda:0', requires_grad=True)
Parameter containing:
tensor(-2.9659, device='cuda:0', requires_grad=True)
Parameter containing:
tensor(-2.9651, device='cuda:0', requires_grad=True)
Parameter containing:
tensor(-2.9644, device='cuda:0', requires_grad=True)
Parameter containing:
tensor(-2.9636, device='cuda:0', requires_grad=True)
Parameter containing:
tensor(-2.9628, device='cuda:0', requires_grad=True)
Parameter containing:
tensor(-2.9620, device='cuda:0', requires_grad=True)
Parameter containing:
tensor(-2.9612, device='cuda:0', requires_grad=True)
Parameter containing:
tensor(-2.9605, device='cuda:0', requires_grad=True)
Parameter containing:
tensor(-2.9597, device='cuda:0', requires_grad=True)
Parameter containing:
tensor(-2.9589, device='cuda:0', requires_grad=True)
Parameter containing:
tensor(-2.9582, device='cuda:0', requires_grad=True)
Parameter containing:
tensor(-2.9574, device='cuda:0', requires_grad=True)
Parameter containing:
tensor(-2.9566, device='cuda:0', requires_grad=True)
Parameter containing:
tensor(-2.9559, device='cuda:0', requires_grad=True)
Parameter containing:
tensor(-2.9551, device='cuda:0', requires_grad=True)
Parameter containing:
tensor(-2.9543, device='cuda:0', requires_grad=True)
Parameter containing:
tensor(-2.9536, device='cuda:0', requires_grad=True)
Parameter containing:
tensor(-2.9528, device='cuda:0', requires_grad=True)
Parameter containing:
tensor(-2.9521, device='cuda:0', requires_grad=True)
Parameter containing:
tensor(-2.9513, device='cuda:0', requires_grad=True)
Parameter containing:
tensor(-2.9506, device='cuda:0', requires_grad=True)
Parameter containing:
tensor(-2.9498, device='cuda:0', requires_grad=True)
Parameter containing:
tensor(-2.9491, device='cuda:0', requires_grad=True)
Parameter containing:
tensor(-2.9483, device='cuda:0', requires_grad=True)
Parameter containing:
tensor(-2.9476, device='cuda:0', requires_grad=True)
Parameter containing:
tensor(-2.9468, device='cuda:0', requires_grad=True)
Parameter containing:
tensor(-2.9461, device='cuda:0', requires_grad=True)
Parameter containing:
tensor(-2.9454, device='cuda:0', requires_grad=True)
Parameter containing:
tensor(-2.9446, device='cuda:0', requires_grad=True)
Parameter containing:
tensor(-2.9439, device='cuda:0', requires_grad=True)
Parameter containing:
tensor(-2.9432, device='cuda:0', requires_grad=True)
Parameter containing:
tensor(-2.9424, device='cuda:0', requires_grad=True)
Parameter containing:
tensor(-2.9417, device='cuda:0', requires_grad=True)
Parameter containing:
tensor(-2.9410, device='cuda:0', requires_grad=True)
Parameter containing:
tensor(-2.9402, device='cuda:0', requires_grad=True)
Parameter containing:
tensor(-2.9395, device='cuda:0', requires_grad=True)
Parameter containing:
tensor(-2.9388, device='cuda:0', requires_grad=True)
Parameter containing:
tensor(-2.9381, device='cuda:0', requires_grad=True)
Parameter containing:
tensor(-2.9373, device='cuda:0', requires_grad=True)
Parameter containing:
tensor(-2.9366, device='cuda:0', requires_grad=True)
Parameter containing:
tensor(-2.9358, device='cuda:0', requires_grad=True)
Parameter containing:
tensor(-2.9351, device='cuda:0', requires_grad=True)
Parameter containing:
tensor(-2.9343, device='cuda:0', requires_grad=True)
Parameter containing:
tensor(-2.9336, device='cuda:0', requires_grad=True)
Parameter containing:
tensor(-2.9328, device='cuda:0', requires_grad=True)
Parameter containing:
tensor(-2.9321, device='cuda:0', requires_grad=True)
Parameter containing:
tensor(-2.9314, device='cuda:0', requires_grad=True)
Parameter containing:
tensor(-2.9306, device='cuda:0', requires_grad=True)
Parameter containing:
tensor(-2.9298, device='cuda:0', requires_grad=True)
Parameter containing:
tensor(-2.9291, device='cuda:0', requires_grad=True)
Parameter containing:
tensor(-2.9283, device='cuda:0', requires_grad=True)
Parameter containing:
tensor(-2.9276, device='cuda:0', requires_grad=True)
Parameter containing:
tensor(-2.9268, device='cuda:0', requires_grad=True)
Parameter containing:
tensor(-2.9261, device='cuda:0', requires_grad=True)
Parameter containing:
tensor(-2.9253, device='cuda:0', requires_grad=True)
Parameter containing:
tensor(-2.9246, device='cuda:0', requires_grad=True)
Parameter containing:
tensor(-2.9238, device='cuda:0', requires_grad=True)
Parameter containing:
tensor(-2.9231, device='cuda:0', requires_grad=True)
Parameter containing:
tensor(-2.9224, device='cuda:0', requires_grad=True)
Parameter containing:
tensor(-2.9216, device='cuda:0', requires_grad=True)
Parameter containing:
tensor(-2.9209, device='cuda:0', requires_grad=True)
Parameter containing:
tensor(-2.9201, device='cuda:0', requires_grad=True)
Parameter containing:
tensor(-2.9194, device='cuda:0', requires_grad=True)
Parameter containing:
tensor(-2.9187, device='cuda:0', requires_grad=True)
Parameter containing:
tensor(-2.9179, device='cuda:0', requires_grad=True)
Parameter containing:
tensor(-2.9172, device='cuda:0', requires_grad=True)
Parameter containing:
tensor(-2.9165, device='cuda:0', requires_grad=True)
Parameter containing:
tensor(-2.9157, device='cuda:0', requires_grad=True)
Parameter containing:
tensor(-2.9150, device='cuda:0', requires_grad=True)
Parameter containing:
tensor(-2.9143, device='cuda:0', requires_grad=True)
Parameter containing:
tensor(-2.9135, device='cuda:0', requires_grad=True)
Parameter containing:
tensor(-2.9128, device='cuda:0', requires_grad=True)
Parameter containing:
tensor(-2.9121, device='cuda:0', requires_grad=True)
Parameter containing:
tensor(-2.9113, device='cuda:0', requires_grad=True)
Parameter containing:
tensor(-2.9106, device='cuda:0', requires_grad=True)
Parameter containing:
tensor(-2.9099, device='cuda:0', requires_grad=True)
Parameter containing:
tensor(-2.9091, device='cuda:0', requires_grad=True)
Parameter containing:
tensor(-2.9084, device='cuda:0', requires_grad=True)
Parameter containing:
tensor(-2.9077, device='cuda:0', requires_grad=True)
Parameter containing:
tensor(-2.9070, device='cuda:0', requires_grad=True)
Parameter containing:
tensor(-2.9062, device='cuda:0', requires_grad=True)
Parameter containing:
tensor(-2.9055, device='cuda:0', requires_grad=True)
Parameter containing:
tensor(-2.9048, device='cuda:0', requires_grad=True)
Parameter containing:
tensor(-2.9041, device='cuda:0', requires_grad=True)
Parameter containing:
tensor(-2.9034, device='cuda:0', requires_grad=True)
Parameter containing:
tensor(-2.9027, device='cuda:0', requires_grad=True)
Parameter containing:
tensor(-2.9020, device='cuda:0', requires_grad=True)
Parameter containing:
tensor(-2.9013, device='cuda:0', requires_grad=True)
Parameter containing:
tensor(-2.9005, device='cuda:0', requires_grad=True)
Parameter containing:
tensor(-2.8998, device='cuda:0', requires_grad=True)
Parameter containing:
tensor(-2.8991, device='cuda:0', requires_grad=True)
Parameter containing:
tensor(-2.8984, device='cuda:0', requires_grad=True)
Parameter containing:
tensor(-2.8977, device='cuda:0', requires_grad=True)
Parameter containing:
tensor(-2.8970, device='cuda:0', requires_grad=True)
Parameter containing:
tensor(-2.8963, device='cuda:0', requires_grad=True)
Parameter containing:
tensor(-2.8956, device='cuda:0', requires_grad=True)
Parameter containing:
tensor(-2.8948, device='cuda:0', requires_grad=True)
Parameter containing:
tensor(-2.8941, device='cuda:0', requires_grad=True)
Parameter containing:
tensor(-2.8934, device='cuda:0', requires_grad=True)
Parameter containing:
tensor(-2.8927, device='cuda:0', requires_grad=True)
Parameter containing:
tensor(-2.8919, device='cuda:0', requires_grad=True)
Parameter containing:
tensor(-2.8912, device='cuda:0', requires_grad=True)
Parameter containing:
tensor(-2.8905, device='cuda:0', requires_grad=True)
Parameter containing:
tensor(-2.8898, device='cuda:0', requires_grad=True)
Parameter containing:
tensor(-2.8891, device='cuda:0', requires_grad=True)
Parameter containing:
tensor(-2.8884, device='cuda:0', requires_grad=True)
Parameter containing:
tensor(-2.8877, device='cuda:0', requires_grad=True)
Parameter containing:
tensor(-2.8870, device='cuda:0', requires_grad=True)
Parameter containing:
tensor(-2.8863, device='cuda:0', requires_grad=True)
Parameter containing:
tensor(-2.8856, device='cuda:0', requires_grad=True)
Parameter containing:
tensor(-2.8849, device='cuda:0', requires_grad=True)
Parameter containing:
tensor(-2.8842, device='cuda:0', requires_grad=True)
Parameter containing:
tensor(-2.8835, device='cuda:0', requires_grad=True)
Parameter containing:
tensor(-2.8828, device='cuda:0', requires_grad=True)
Parameter containing:
tensor(-2.8821, device='cuda:0', requires_grad=True)
Parameter containing:
tensor(-2.8814, device='cuda:0', requires_grad=True)
Parameter containing:
tensor(-2.8807, device='cuda:0', requires_grad=True)
Parameter containing:
tensor(-2.8801, device='cuda:0', requires_grad=True)
Parameter containing:
tensor(-2.8794, device='cuda:0', requires_grad=True)
Parameter containing:
tensor(-2.8787, device='cuda:0', requires_grad=True)
Parameter containing:
tensor(-2.8780, device='cuda:0', requires_grad=True)
Parameter containing:
tensor(-2.8774, device='cuda:0', requires_grad=True)
Parameter containing:
tensor(-2.8767, device='cuda:0', requires_grad=True)
Parameter containing:
tensor(-2.8760, device='cuda:0', requires_grad=True)
Parameter containing:
tensor(-2.8754, device='cuda:0', requires_grad=True)
Parameter containing:
tensor(-2.8747, device='cuda:0', requires_grad=True)
Parameter containing:
tensor(-2.8740, device='cuda:0', requires_grad=True)
Parameter containing:
tensor(-2.8734, device='cuda:0', requires_grad=True)
Parameter containing:
tensor(-2.8727, device='cuda:0', requires_grad=True)
Parameter containing:
tensor(-2.8721, device='cuda:0', requires_grad=True)
Parameter containing:
tensor(-2.8714, device='cuda:0', requires_grad=True)
Parameter containing:
tensor(-2.8708, device='cuda:0', requires_grad=True)
Parameter containing:
tensor(-2.8701, device='cuda:0', requires_grad=True)
Parameter containing:
tensor(-2.8695, device='cuda:0', requires_grad=True)
Parameter containing:
tensor(-2.8688, device='cuda:0', requires_grad=True)
Parameter containing:
tensor(-2.8682, device='cuda:0', requires_grad=True)
Parameter containing:
tensor(-2.8676, device='cuda:0', requires_grad=True)
Parameter containing:
tensor(-2.8669, device='cuda:0', requires_grad=True)
Parameter containing:
tensor(-2.8663, device='cuda:0', requires_grad=True)
Parameter containing:
tensor(-2.8657, device='cuda:0', requires_grad=True)
Parameter containing:
tensor(-2.8651, device='cuda:0', requires_grad=True)
Parameter containing:
tensor(-2.8645, device='cuda:0', requires_grad=True)
Parameter containing:
tensor(-2.8638, device='cuda:0', requires_grad=True)
Parameter containing:
tensor(-2.8632, device='cuda:0', requires_grad=True)
Parameter containing:
tensor(-2.8625, device='cuda:0', requires_grad=True)
Parameter containing:
tensor(-2.8619, device='cuda:0', requires_grad=True)
Parameter containing:
tensor(-2.8613, device='cuda:0', requires_grad=True)
Parameter containing:
tensor(-2.8606, device='cuda:0', requires_grad=True)
Parameter containing:
tensor(-2.8600, device='cuda:0', requires_grad=True)
Parameter containing:
tensor(-2.8594, device='cuda:0', requires_grad=True)
Parameter containing:
tensor(-2.8587, device='cuda:0', requires_grad=True)
Parameter containing:
tensor(-2.8581, device='cuda:0', requires_grad=True)
Parameter containing:
tensor(-2.8575, device='cuda:0', requires_grad=True)
Parameter containing:
tensor(-2.8569, device='cuda:0', requires_grad=True)
Parameter containing:
tensor(-2.8563, device='cuda:0', requires_grad=True)
Parameter containing:
tensor(-2.8557, device='cuda:0', requires_grad=True)
Parameter containing:
tensor(-2.8551, device='cuda:0', requires_grad=True)
Parameter containing:
tensor(-2.8545, device='cuda:0', requires_grad=True)
Parameter containing:
tensor(-2.8539, device='cuda:0', requires_grad=True)
Parameter containing:
tensor(-2.8533, device='cuda:0', requires_grad=True)
Parameter containing:
tensor(-2.8527, device='cuda:0', requires_grad=True)
Parameter containing:
tensor(-2.8521, device='cuda:0', requires_grad=True)
Parameter containing:
tensor(-2.8515, device='cuda:0', requires_grad=True)
Parameter containing:
tensor(-2.8509, device='cuda:0', requires_grad=True)
Parameter containing:
tensor(-2.8504, device='cuda:0', requires_grad=True)
Parameter containing:
tensor(-2.8498, device='cuda:0', requires_grad=True)
Parameter containing:
tensor(-2.8492, device='cuda:0', requires_grad=True)
Parameter containing:
tensor(-2.8486, device='cuda:0', requires_grad=True)
Parameter containing:
tensor(-2.8481, device='cuda:0', requires_grad=True)
Parameter containing:
tensor(-2.8475, device='cuda:0', requires_grad=True)
Parameter containing:
tensor(-2.8469, device='cuda:0', requires_grad=True)
Parameter containing:
tensor(-2.8463, device='cuda:0', requires_grad=True)
Parameter containing:
tensor(-2.8457, device='cuda:0', requires_grad=True)
Parameter containing:
tensor(-2.8452, device='cuda:0', requires_grad=True)
Parameter containing:
tensor(-2.8446, device='cuda:0', requires_grad=True)
Parameter containing:
tensor(-2.8441, device='cuda:0', requires_grad=True)
Parameter containing:
tensor(-2.8436, device='cuda:0', requires_grad=True)
Parameter containing:
tensor(-2.8430, device='cuda:0', requires_grad=True)
Parameter containing:
tensor(-2.8425, device='cuda:0', requires_grad=True)
Parameter containing:
tensor(-2.8420, device='cuda:0', requires_grad=True)
Parameter containing:
tensor(-2.8414, device='cuda:0', requires_grad=True)
Parameter containing:
tensor(-2.8408, device='cuda:0', requires_grad=True)
Parameter containing:
tensor(-2.8403, device='cuda:0', requires_grad=True)
Parameter containing:
tensor(-2.8397, device='cuda:0', requires_grad=True)
Parameter containing:
tensor(-2.8391, device='cuda:0', requires_grad=True)
Parameter containing:
tensor(-2.8386, device='cuda:0', requires_grad=True)
Parameter containing:
tensor(-2.8380, device='cuda:0', requires_grad=True)
Parameter containing:
tensor(-2.8374, device='cuda:0', requires_grad=True)
Parameter containing:
tensor(-2.8369, device='cuda:0', requires_grad=True)
Parameter containing:
tensor(-2.8363, device='cuda:0', requires_grad=True)
Parameter containing:
tensor(-2.8358, device='cuda:0', requires_grad=True)
Parameter containing:
tensor(-2.8352, device='cuda:0', requires_grad=True)
Parameter containing:
tensor(-2.8347, device='cuda:0', requires_grad=True)
Parameter containing:
tensor(-2.8342, device='cuda:0', requires_grad=True)
Parameter containing:
tensor(-2.8336, device='cuda:0', requires_grad=True)
Parameter containing:
tensor(-2.8331, device='cuda:0', requires_grad=True)
Parameter containing:
tensor(-2.8326, device='cuda:0', requires_grad=True)
Parameter containing:
tensor(-2.8321, device='cuda:0', requires_grad=True)
Parameter containing:
tensor(-2.8316, device='cuda:0', requires_grad=True)
Parameter containing:
tensor(-2.8311, device='cuda:0', requires_grad=True)
Parameter containing:
tensor(-2.8306, device='cuda:0', requires_grad=True)
Parameter containing:
tensor(-2.8301, device='cuda:0', requires_grad=True)
Parameter containing:
tensor(-2.8296, device='cuda:0', requires_grad=True)
Parameter containing:
tensor(-2.8291, device='cuda:0', requires_grad=True)
Parameter containing:
tensor(-2.8286, device='cuda:0', requires_grad=True)
Parameter containing:
tensor(-2.8282, device='cuda:0', requires_grad=True)
Parameter containing:
tensor(-2.8277, device='cuda:0', requires_grad=True)
Parameter containing:
tensor(-2.8272, device='cuda:0', requires_grad=True)
Parameter containing:
tensor(-2.8268, device='cuda:0', requires_grad=True)
Parameter containing:
tensor(-2.8264, device='cuda:0', requires_grad=True)
Parameter containing:
tensor(-2.8259, device='cuda:0', requires_grad=True)
Parameter containing:
tensor(-2.8254, device='cuda:0', requires_grad=True)
Parameter containing:
tensor(-2.8250, device='cuda:0', requires_grad=True)
Parameter containing:
tensor(-2.8245, device='cuda:0', requires_grad=True)
Parameter containing:
tensor(-2.8241, device='cuda:0', requires_grad=True)
Parameter containing:
tensor(-2.8236, device='cuda:0', requires_grad=True)
Parameter containing:
tensor(-2.8231, device='cuda:0', requires_grad=True)
Parameter containing:
tensor(-2.8226, device='cuda:0', requires_grad=True)
Parameter containing:
tensor(-2.8221, device='cuda:0', requires_grad=True)
Parameter containing:
tensor(-2.8216, device='cuda:0', requires_grad=True)
Parameter containing:
tensor(-2.8212, device='cuda:0', requires_grad=True)
Parameter containing:
tensor(-2.8207, device='cuda:0', requires_grad=True)
Parameter containing:
tensor(-2.8202, device='cuda:0', requires_grad=True)
Parameter containing:
tensor(-2.8197, device='cuda:0', requires_grad=True)
Parameter containing:
tensor(-2.8192, device='cuda:0', requires_grad=True)
Parameter containing:
tensor(-2.8187, device='cuda:0', requires_grad=True)
Parameter containing:
tensor(-2.8182, device='cuda:0', requires_grad=True)
Parameter containing:
tensor(-2.8178, device='cuda:0', requires_grad=True)
Parameter containing:
tensor(-2.8173, device='cuda:0', requires_grad=True)
Parameter containing:
tensor(-2.8168, device='cuda:0', requires_grad=True)
Parameter containing:
tensor(-2.8164, device='cuda:0', requires_grad=True)
Parameter containing:
tensor(-2.8159, device='cuda:0', requires_grad=True)
Parameter containing:
tensor(-2.8155, device='cuda:0', requires_grad=True)
Parameter containing:
tensor(-2.8150, device='cuda:0', requires_grad=True)
Parameter containing:
tensor(-2.8146, device='cuda:0', requires_grad=True)
Parameter containing:
tensor(-2.8142, device='cuda:0', requires_grad=True)
Parameter containing:
tensor(-2.8138, device='cuda:0', requires_grad=True)
Parameter containing:
tensor(-2.8134, device='cuda:0', requires_grad=True)
Parameter containing:
tensor(-2.8130, device='cuda:0', requires_grad=True)
Parameter containing:
tensor(-2.8125, device='cuda:0', requires_grad=True)
Parameter containing:
tensor(-2.8121, device='cuda:0', requires_grad=True)
Parameter containing:
tensor(-2.8117, device='cuda:0', requires_grad=True)
Parameter containing:
tensor(-2.8113, device='cuda:0', requires_grad=True)
Parameter containing:
tensor(-2.8109, device='cuda:0', requires_grad=True)
Parameter containing:
tensor(-2.8104, device='cuda:0', requires_grad=True)
Parameter containing:
tensor(-2.8100, device='cuda:0', requires_grad=True)
Parameter containing:
tensor(-2.8096, device='cuda:0', requires_grad=True)
Parameter containing:
tensor(-2.8092, device='cuda:0', requires_grad=True)
Parameter containing:
tensor(-2.8087, device='cuda:0', requires_grad=True)
Parameter containing:
tensor(-2.8083, device='cuda:0', requires_grad=True)
Parameter containing:
tensor(-2.8079, device='cuda:0', requires_grad=True)
Parameter containing:
tensor(-2.8075, device='cuda:0', requires_grad=True)
Parameter containing:
tensor(-2.8071, device='cuda:0', requires_grad=True)
Parameter containing:
tensor(-2.8067, device='cuda:0', requires_grad=True)
Parameter containing:
tensor(-2.8063, device='cuda:0', requires_grad=True)
Parameter containing:
tensor(-2.8059, device='cuda:0', requires_grad=True)
Parameter containing:
tensor(-2.8055, device='cuda:0', requires_grad=True)
Parameter containing:
tensor(-2.8051, device='cuda:0', requires_grad=True)
Parameter containing:
tensor(-2.8047, device='cuda:0', requires_grad=True)
Parameter containing:
tensor(-2.8043, device='cuda:0', requires_grad=True)
Parameter containing:
tensor(-2.8039, device='cuda:0', requires_grad=True)
Parameter containing:
tensor(-2.8035, device='cuda:0', requires_grad=True)
Parameter containing:
tensor(-2.8031, device='cuda:0', requires_grad=True)
Parameter containing:
tensor(-2.8027, device='cuda:0', requires_grad=True)
Parameter containing:
tensor(-2.8022, device='cuda:0', requires_grad=True)
Parameter containing:
tensor(-2.8018, device='cuda:0', requires_grad=True)
Parameter containing:
tensor(-2.8014, device='cuda:0', requires_grad=True)
Parameter containing:
tensor(-2.8010, device='cuda:0', requires_grad=True)
Parameter containing:
tensor(-2.8006, device='cuda:0', requires_grad=True)
Parameter containing:
tensor(-2.8002, device='cuda:0', requires_grad=True)
Parameter containing:
tensor(-2.7998, device='cuda:0', requires_grad=True)
Parameter containing:
tensor(-2.7994, device='cuda:0', requires_grad=True)
Parameter containing:
tensor(-2.7990, device='cuda:0', requires_grad=True)
Parameter containing:
tensor(-2.7986, device='cuda:0', requires_grad=True)
Parameter containing:
tensor(-2.7982, device='cuda:0', requires_grad=True)
Parameter containing:
tensor(-2.7978, device='cuda:0', requires_grad=True)
Parameter containing:
tensor(-2.7974, device='cuda:0', requires_grad=True)
Parameter containing:
tensor(-2.7970, device='cuda:0', requires_grad=True)
Parameter containing:
tensor(-2.7967, device='cuda:0', requires_grad=True)
Parameter containing:
tensor(-2.7963, device='cuda:0', requires_grad=True)
Parameter containing:
tensor(-2.7960, device='cuda:0', requires_grad=True)
Parameter containing:
tensor(-2.7956, device='cuda:0', requires_grad=True)
Parameter containing:
tensor(-2.7952, device='cuda:0', requires_grad=True)
Parameter containing:
tensor(-2.7949, device='cuda:0', requires_grad=True)
Parameter containing:
tensor(-2.7945, device='cuda:0', requires_grad=True)
Parameter containing:
tensor(-2.7941, device='cuda:0', requires_grad=True)
Parameter containing:
tensor(-2.7938, device='cuda:0', requires_grad=True)
Parameter containing:
tensor(-2.7934, device='cuda:0', requires_grad=True)
Parameter containing:
tensor(-2.7931, device='cuda:0', requires_grad=True)
Parameter containing:
tensor(-2.7927, device='cuda:0', requires_grad=True)
Parameter containing:
tensor(-2.7924, device='cuda:0', requires_grad=True)
Parameter containing:
tensor(-2.7920, device='cuda:0', requires_grad=True)
Parameter containing:
tensor(-2.7916, device='cuda:0', requires_grad=True)
Parameter containing:
tensor(-2.7913, device='cuda:0', requires_grad=True)
Parameter containing:
tensor(-2.7909, device='cuda:0', requires_grad=True)
Parameter containing:
tensor(-2.7906, device='cuda:0', requires_grad=True)
Parameter containing:
tensor(-2.7902, device='cuda:0', requires_grad=True)
Parameter containing:
tensor(-2.7899, device='cuda:0', requires_grad=True)
Parameter containing:
tensor(-2.7896, device='cuda:0', requires_grad=True)
Parameter containing:
tensor(-2.7892, device='cuda:0', requires_grad=True)
Parameter containing:
tensor(-2.7889, device='cuda:0', requires_grad=True)
Parameter containing:
tensor(-2.7886, device='cuda:0', requires_grad=True)
Parameter containing:
tensor(-2.7883, device='cuda:0', requires_grad=True)
Parameter containing:
tensor(-2.7880, device='cuda:0', requires_grad=True)
Parameter containing:
tensor(-2.7877, device='cuda:0', requires_grad=True)
Parameter containing:
tensor(-2.7873, device='cuda:0', requires_grad=True)
Parameter containing:
tensor(-2.7870, device='cuda:0', requires_grad=True)
Parameter containing:
tensor(-2.7867, device='cuda:0', requires_grad=True)
Parameter containing:
tensor(-2.7864, device='cuda:0', requires_grad=True)
Parameter containing:
tensor(-2.7860, device='cuda:0', requires_grad=True)
Parameter containing:
tensor(-2.7856, device='cuda:0', requires_grad=True)
Parameter containing:
tensor(-2.7851, device='cuda:0', requires_grad=True)
Parameter containing:
tensor(-2.7846, device='cuda:0', requires_grad=True)
Parameter containing:
tensor(-2.7840, device='cuda:0', requires_grad=True)
Parameter containing:
tensor(-2.7834, device='cuda:0', requires_grad=True)
Parameter containing:
tensor(-2.7828, device='cuda:0', requires_grad=True)
Parameter containing:
tensor(-2.7822, device='cuda:0', requires_grad=True)
Parameter containing:
tensor(-2.7817, device='cuda:0', requires_grad=True)
Parameter containing:
tensor(-2.7811, device='cuda:0', requires_grad=True)
Parameter containing:
tensor(-2.7806, device='cuda:0', requires_grad=True)
Parameter containing:
tensor(-2.7800, device='cuda:0', requires_grad=True)
Parameter containing:
tensor(-2.7795, device='cuda:0', requires_grad=True)
Parameter containing:
tensor(-2.7790, device='cuda:0', requires_grad=True)
Parameter containing:
tensor(-2.7785, device='cuda:0', requires_grad=True)
Parameter containing:
tensor(-2.7780, device='cuda:0', requires_grad=True)
Parameter containing:
tensor(-2.7776, device='cuda:0', requires_grad=True)
Parameter containing:
tensor(-2.7771, device='cuda:0', requires_grad=True)
Parameter containing:
tensor(-2.7767, device='cuda:0', requires_grad=True)
Parameter containing:
tensor(-2.7762, device='cuda:0', requires_grad=True)
Parameter containing:
tensor(-2.7758, device='cuda:0', requires_grad=True)
Parameter containing:
tensor(-2.7754, device='cuda:0', requires_grad=True)
Parameter containing:
tensor(-2.7750, device='cuda:0', requires_grad=True)
Parameter containing:
tensor(-2.7746, device='cuda:0', requires_grad=True)
Parameter containing:
tensor(-2.7743, device='cuda:0', requires_grad=True)
Parameter containing:
tensor(-2.7740, device='cuda:0', requires_grad=True)
Parameter containing:
tensor(-2.7736, device='cuda:0', requires_grad=True)
Parameter containing:
tensor(-2.7733, device='cuda:0', requires_grad=True)
Parameter containing:
tensor(-2.7730, device='cuda:0', requires_grad=True)
Parameter containing:
tensor(-2.7727, device='cuda:0', requires_grad=True)
Parameter containing:
tensor(-2.7724, device='cuda:0', requires_grad=True)
Parameter containing:
tensor(-2.7721, device='cuda:0', requires_grad=True)
Parameter containing:
tensor(-2.7718, device='cuda:0', requires_grad=True)
Parameter containing:
tensor(-2.7715, device='cuda:0', requires_grad=True)
Parameter containing:
tensor(-2.7712, device='cuda:0', requires_grad=True)
Parameter containing:
tensor(-2.7709, device='cuda:0', requires_grad=True)
Parameter containing:
tensor(-2.7706, device='cuda:0', requires_grad=True)
Parameter containing:
tensor(-2.7703, device='cuda:0', requires_grad=True)
Parameter containing:
tensor(-2.7701, device='cuda:0', requires_grad=True)
Parameter containing:
tensor(-2.7698, device='cuda:0', requires_grad=True)
Parameter containing:
tensor(-2.7695, device='cuda:0', requires_grad=True)
Parameter containing:
tensor(-2.7693, device='cuda:0', requires_grad=True)
Parameter containing:
tensor(-2.7690, device='cuda:0', requires_grad=True)
Parameter containing:
tensor(-2.7687, device='cuda:0', requires_grad=True)
Parameter containing:
tensor(-2.7684, device='cuda:0', requires_grad=True)
Parameter containing:
tensor(-2.7681, device='cuda:0', requires_grad=True)
Parameter containing:
tensor(-2.7679, device='cuda:0', requires_grad=True)
Parameter containing:
tensor(-2.7676, device='cuda:0', requires_grad=True)
Parameter containing:
tensor(-2.7673, device='cuda:0', requires_grad=True)
Parameter containing:
tensor(-2.7670, device='cuda:0', requires_grad=True)
Parameter containing:
tensor(-2.7668, device='cuda:0', requires_grad=True)
Parameter containing:
tensor(-2.7665, device='cuda:0', requires_grad=True)
Parameter containing:
tensor(-2.7662, device='cuda:0', requires_grad=True)
Parameter containing:
tensor(-2.7660, device='cuda:0', requires_grad=True)
Parameter containing:
tensor(-2.7657, device='cuda:0', requires_grad=True)
Parameter containing:
tensor(-2.7654, device='cuda:0', requires_grad=True)
Parameter containing:
tensor(-2.7652, device='cuda:0', requires_grad=True)
Parameter containing:
tensor(-2.7649, device='cuda:0', requires_grad=True)
Parameter containing:
tensor(-2.7646, device='cuda:0', requires_grad=True)
Parameter containing:
tensor(-2.7643, device='cuda:0', requires_grad=True)
Parameter containing:
tensor(-2.7641, device='cuda:0', requires_grad=True)
Parameter containing:
tensor(-2.7638, device='cuda:0', requires_grad=True)
Parameter containing:
tensor(-2.7634, device='cuda:0', requires_grad=True)
Parameter containing:
tensor(-2.7630, device='cuda:0', requires_grad=True)
Parameter containing:
tensor(-2.7625, device='cuda:0', requires_grad=True)
Parameter containing:
tensor(-2.7619, device='cuda:0', requires_grad=True)
Parameter containing:
tensor(-2.7612, device='cuda:0', requires_grad=True)
Parameter containing:
tensor(-2.7605, device='cuda:0', requires_grad=True)
Parameter containing:
tensor(-2.7597, device='cuda:0', requires_grad=True)
Parameter containing:
tensor(-2.7589, device='cuda:0', requires_grad=True)
Parameter containing:
tensor(-2.7581, device='cuda:0', requires_grad=True)
Parameter containing:
tensor(-2.7573, device='cuda:0', requires_grad=True)
Parameter containing:
tensor(-2.7565, device='cuda:0', requires_grad=True)
Parameter containing:
tensor(-2.7556, device='cuda:0', requires_grad=True)
Parameter containing:
tensor(-2.7548, device='cuda:0', requires_grad=True)
Parameter containing:
tensor(-2.7541, device='cuda:0', requires_grad=True)
Parameter containing:
tensor(-2.7533, device='cuda:0', requires_grad=True)
Parameter containing:
tensor(-2.7526, device='cuda:0', requires_grad=True)
Parameter containing:
tensor(-2.7519, device='cuda:0', requires_grad=True)
Parameter containing:
tensor(-2.7512, device='cuda:0', requires_grad=True)
Parameter containing:
tensor(-2.7505, device='cuda:0', requires_grad=True)
Parameter containing:
tensor(-2.7499, device='cuda:0', requires_grad=True)
Parameter containing:
tensor(-2.7493, device='cuda:0', requires_grad=True)
Parameter containing:
tensor(-2.7487, device='cuda:0', requires_grad=True)
Parameter containing:
tensor(-2.7482, device='cuda:0', requires_grad=True)
Parameter containing:
tensor(-2.7477, device='cuda:0', requires_grad=True)
Parameter containing:
tensor(-2.7472, device='cuda:0', requires_grad=True)
Parameter containing:
tensor(-2.7467, device='cuda:0', requires_grad=True)
Parameter containing:
tensor(-2.7463, device='cuda:0', requires_grad=True)
Parameter containing:
tensor(-2.7459, device='cuda:0', requires_grad=True)
Parameter containing:
tensor(-2.7455, device='cuda:0', requires_grad=True)
Parameter containing:
tensor(-2.7452, device='cuda:0', requires_grad=True)
Parameter containing:
tensor(-2.7448, device='cuda:0', requires_grad=True)
Parameter containing:
tensor(-2.7445, device='cuda:0', requires_grad=True)
Parameter containing:
tensor(-2.7442, device='cuda:0', requires_grad=True)
Parameter containing:
tensor(-2.7439, device='cuda:0', requires_grad=True)
Parameter containing:
tensor(-2.7436, device='cuda:0', requires_grad=True)
Parameter containing:
tensor(-2.7434, device='cuda:0', requires_grad=True)
Parameter containing:
tensor(-2.7432, device='cuda:0', requires_grad=True)
Parameter containing:
tensor(-2.7429, device='cuda:0', requires_grad=True)
Parameter containing:
tensor(-2.7427, device='cuda:0', requires_grad=True)
Parameter containing:
tensor(-2.7425, device='cuda:0', requires_grad=True)
Parameter containing:
tensor(-2.7423, device='cuda:0', requires_grad=True)
Parameter containing:
tensor(-2.7421, device='cuda:0', requires_grad=True)
Parameter containing:
tensor(-2.7420, device='cuda:0', requires_grad=True)
Parameter containing:
tensor(-2.7418, device='cuda:0', requires_grad=True)
Parameter containing:
tensor(-2.7416, device='cuda:0', requires_grad=True)
Parameter containing:
tensor(-2.7415, device='cuda:0', requires_grad=True)
Parameter containing:
tensor(-2.7413, device='cuda:0', requires_grad=True)
Parameter containing:
tensor(-2.7412, device='cuda:0', requires_grad=True)
Parameter containing:
tensor(-2.7410, device='cuda:0', requires_grad=True)
Parameter containing:
tensor(-2.7409, device='cuda:0', requires_grad=True)
Parameter containing:
tensor(-2.7408, device='cuda:0', requires_grad=True)
Parameter containing:
tensor(-2.7407, device='cuda:0', requires_grad=True)
Parameter containing:
tensor(-2.7405, device='cuda:0', requires_grad=True)
Parameter containing:
tensor(-2.7404, device='cuda:0', requires_grad=True)
Parameter containing:
tensor(-2.7402, device='cuda:0', requires_grad=True)
Parameter containing:
tensor(-2.7401, device='cuda:0', requires_grad=True)
Parameter containing:
tensor(-2.7399, device='cuda:0', requires_grad=True)
Parameter containing:
tensor(-2.7398, device='cuda:0', requires_grad=True)
Parameter containing:
tensor(-2.7396, device='cuda:0', requires_grad=True)
Parameter containing:
tensor(-2.7395, device='cuda:0', requires_grad=True)
Parameter containing:
tensor(-2.7393, device='cuda:0', requires_grad=True)
Parameter containing:
tensor(-2.7391, device='cuda:0', requires_grad=True)
Parameter containing:
tensor(-2.7389, device='cuda:0', requires_grad=True)
Parameter containing:
tensor(-2.7387, device='cuda:0', requires_grad=True)
Parameter containing:
tensor(-2.7386, device='cuda:0', requires_grad=True)
Parameter containing:
tensor(-2.7384, device='cuda:0', requires_grad=True)
Parameter containing:
tensor(-2.7382, device='cuda:0', requires_grad=True)
Parameter containing:
tensor(-2.7381, device='cuda:0', requires_grad=True)
Parameter containing:
tensor(-2.7379, device='cuda:0', requires_grad=True)
Parameter containing:
tensor(-2.7378, device='cuda:0', requires_grad=True)
Parameter containing:
tensor(-2.7377, device='cuda:0', requires_grad=True)
Parameter containing:
tensor(-2.7375, device='cuda:0', requires_grad=True)
Parameter containing:
tensor(-2.7374, device='cuda:0', requires_grad=True)
Parameter containing:
tensor(-2.7372, device='cuda:0', requires_grad=True)
Parameter containing:
tensor(-2.7371, device='cuda:0', requires_grad=True)
Parameter containing:
tensor(-2.7369, device='cuda:0', requires_grad=True)
Parameter containing:
tensor(-2.7367, device='cuda:0', requires_grad=True)
Parameter containing:
tensor(-2.7365, device='cuda:0', requires_grad=True)
Parameter containing:
tensor(-2.7364, device='cuda:0', requires_grad=True)
Parameter containing:
tensor(-2.7362, device='cuda:0', requires_grad=True)
Parameter containing:
tensor(-2.7360, device='cuda:0', requires_grad=True)
Parameter containing:
tensor(-2.7359, device='cuda:0', requires_grad=True)
Parameter containing:
tensor(-2.7357, device='cuda:0', requires_grad=True)
Parameter containing:
tensor(-2.7356, device='cuda:0', requires_grad=True)
Parameter containing:
tensor(-2.7354, device='cuda:0', requires_grad=True)
Parameter containing:
tensor(-2.7353, device='cuda:0', requires_grad=True)
Parameter containing:
tensor(-2.7351, device='cuda:0', requires_grad=True)


PS:

Read file <14836051.stderr> for stderr output of this job.

