Sender: LSF System <lsfadmin@lt22>
Subject: Job 14807191: <_gp_Adam_SGConv_1e-3_-2> in cluster <lila> Done

Job <_gp_Adam_SGConv_1e-3_-2> was submitted from host <lx12> by user <wangy1> in cluster <lila> at Mon Jun  8 22:41:39 2020
Job was executed on host(s) <12*lt22>, in queue <gpuqueue>, as user <wangy1> in cluster <lila> at Mon Jun  8 22:41:39 2020
</home/wangy1> was used as the home directory.
</data/chodera/wangyq/pinot/scripts/gp_comparison> was used as the working directory.
Started at Mon Jun  8 22:41:39 2020
Terminated at Mon Jun  8 22:47:51 2020
Results reported at Mon Jun  8 22:47:51 2020

Your job looked like:

------------------------------------------------------------
# LSBATCH: User input
python ../../pinot/app/gp_train.py --layer SGConv --optimizer Adam --lr 1e-3 --out _gp_Adam_SGConv_1e-3_-2 --log_sigma -2 --n_epochs 1000
------------------------------------------------------------

Successfully completed.

Resource usage summary:

    CPU time :                                   1088.39 sec.
    Max Memory :                                 2 GB
    Average Memory :                             1.91 GB
    Total Requested Memory :                     48.00 GB
    Delta Memory :                               46.00 GB
    Max Swap :                                   -
    Max Processes :                              3
    Max Threads :                                20
    Run time :                                   372 sec.
    Turnaround time :                            372 sec.

The output (if any) follows:

Parameter containing:
tensor(-2., device='cuda:0', requires_grad=True)
Parameter containing:
tensor(-1.9990, device='cuda:0', requires_grad=True)
Parameter containing:
tensor(-1.9980, device='cuda:0', requires_grad=True)
Parameter containing:
tensor(-1.9971, device='cuda:0', requires_grad=True)
Parameter containing:
tensor(-1.9962, device='cuda:0', requires_grad=True)
Parameter containing:
tensor(-1.9953, device='cuda:0', requires_grad=True)
Parameter containing:
tensor(-1.9945, device='cuda:0', requires_grad=True)
Parameter containing:
tensor(-1.9937, device='cuda:0', requires_grad=True)
Parameter containing:
tensor(-1.9929, device='cuda:0', requires_grad=True)
Parameter containing:
tensor(-1.9921, device='cuda:0', requires_grad=True)
Parameter containing:
tensor(-1.9913, device='cuda:0', requires_grad=True)
Parameter containing:
tensor(-1.9905, device='cuda:0', requires_grad=True)
Parameter containing:
tensor(-1.9897, device='cuda:0', requires_grad=True)
Parameter containing:
tensor(-1.9890, device='cuda:0', requires_grad=True)
Parameter containing:
tensor(-1.9882, device='cuda:0', requires_grad=True)
Parameter containing:
tensor(-1.9875, device='cuda:0', requires_grad=True)
Parameter containing:
tensor(-1.9867, device='cuda:0', requires_grad=True)
Parameter containing:
tensor(-1.9860, device='cuda:0', requires_grad=True)
Parameter containing:
tensor(-1.9853, device='cuda:0', requires_grad=True)
Parameter containing:
tensor(-1.9845, device='cuda:0', requires_grad=True)
Parameter containing:
tensor(-1.9838, device='cuda:0', requires_grad=True)
Parameter containing:
tensor(-1.9830, device='cuda:0', requires_grad=True)
Parameter containing:
tensor(-1.9823, device='cuda:0', requires_grad=True)
Parameter containing:
tensor(-1.9815, device='cuda:0', requires_grad=True)
Parameter containing:
tensor(-1.9808, device='cuda:0', requires_grad=True)
Parameter containing:
tensor(-1.9800, device='cuda:0', requires_grad=True)
Parameter containing:
tensor(-1.9792, device='cuda:0', requires_grad=True)
Parameter containing:
tensor(-1.9785, device='cuda:0', requires_grad=True)
Parameter containing:
tensor(-1.9777, device='cuda:0', requires_grad=True)
Parameter containing:
tensor(-1.9769, device='cuda:0', requires_grad=True)
Parameter containing:
tensor(-1.9762, device='cuda:0', requires_grad=True)
Parameter containing:
tensor(-1.9754, device='cuda:0', requires_grad=True)
Parameter containing:
tensor(-1.9746, device='cuda:0', requires_grad=True)
Parameter containing:
tensor(-1.9739, device='cuda:0', requires_grad=True)
Parameter containing:
tensor(-1.9731, device='cuda:0', requires_grad=True)
Parameter containing:
tensor(-1.9723, device='cuda:0', requires_grad=True)
Parameter containing:
tensor(-1.9716, device='cuda:0', requires_grad=True)
Parameter containing:
tensor(-1.9708, device='cuda:0', requires_grad=True)
Parameter containing:
tensor(-1.9701, device='cuda:0', requires_grad=True)
Parameter containing:
tensor(-1.9693, device='cuda:0', requires_grad=True)
Parameter containing:
tensor(-1.9686, device='cuda:0', requires_grad=True)
Parameter containing:
tensor(-1.9678, device='cuda:0', requires_grad=True)
Parameter containing:
tensor(-1.9671, device='cuda:0', requires_grad=True)
Parameter containing:
tensor(-1.9664, device='cuda:0', requires_grad=True)
Parameter containing:
tensor(-1.9656, device='cuda:0', requires_grad=True)
Parameter containing:
tensor(-1.9649, device='cuda:0', requires_grad=True)
Parameter containing:
tensor(-1.9641, device='cuda:0', requires_grad=True)
Parameter containing:
tensor(-1.9634, device='cuda:0', requires_grad=True)
Parameter containing:
tensor(-1.9626, device='cuda:0', requires_grad=True)
Parameter containing:
tensor(-1.9619, device='cuda:0', requires_grad=True)
Parameter containing:
tensor(-1.9612, device='cuda:0', requires_grad=True)
Parameter containing:
tensor(-1.9605, device='cuda:0', requires_grad=True)
Parameter containing:
tensor(-1.9598, device='cuda:0', requires_grad=True)
Parameter containing:
tensor(-1.9591, device='cuda:0', requires_grad=True)
Parameter containing:
tensor(-1.9584, device='cuda:0', requires_grad=True)
Parameter containing:
tensor(-1.9577, device='cuda:0', requires_grad=True)
Parameter containing:
tensor(-1.9571, device='cuda:0', requires_grad=True)
Parameter containing:
tensor(-1.9564, device='cuda:0', requires_grad=True)
Parameter containing:
tensor(-1.9557, device='cuda:0', requires_grad=True)
Parameter containing:
tensor(-1.9550, device='cuda:0', requires_grad=True)
Parameter containing:
tensor(-1.9544, device='cuda:0', requires_grad=True)
Parameter containing:
tensor(-1.9537, device='cuda:0', requires_grad=True)
Parameter containing:
tensor(-1.9530, device='cuda:0', requires_grad=True)
Parameter containing:
tensor(-1.9524, device='cuda:0', requires_grad=True)
Parameter containing:
tensor(-1.9517, device='cuda:0', requires_grad=True)
Parameter containing:
tensor(-1.9511, device='cuda:0', requires_grad=True)
Parameter containing:
tensor(-1.9504, device='cuda:0', requires_grad=True)
Parameter containing:
tensor(-1.9497, device='cuda:0', requires_grad=True)
Parameter containing:
tensor(-1.9490, device='cuda:0', requires_grad=True)
Parameter containing:
tensor(-1.9484, device='cuda:0', requires_grad=True)
Parameter containing:
tensor(-1.9477, device='cuda:0', requires_grad=True)
Parameter containing:
tensor(-1.9470, device='cuda:0', requires_grad=True)
Parameter containing:
tensor(-1.9463, device='cuda:0', requires_grad=True)
Parameter containing:
tensor(-1.9456, device='cuda:0', requires_grad=True)
Parameter containing:
tensor(-1.9449, device='cuda:0', requires_grad=True)
Parameter containing:
tensor(-1.9442, device='cuda:0', requires_grad=True)
Parameter containing:
tensor(-1.9435, device='cuda:0', requires_grad=True)
Parameter containing:
tensor(-1.9428, device='cuda:0', requires_grad=True)
Parameter containing:
tensor(-1.9421, device='cuda:0', requires_grad=True)
Parameter containing:
tensor(-1.9414, device='cuda:0', requires_grad=True)
Parameter containing:
tensor(-1.9407, device='cuda:0', requires_grad=True)
Parameter containing:
tensor(-1.9400, device='cuda:0', requires_grad=True)
Parameter containing:
tensor(-1.9393, device='cuda:0', requires_grad=True)
Parameter containing:
tensor(-1.9386, device='cuda:0', requires_grad=True)
Parameter containing:
tensor(-1.9379, device='cuda:0', requires_grad=True)
Parameter containing:
tensor(-1.9372, device='cuda:0', requires_grad=True)
Parameter containing:
tensor(-1.9364, device='cuda:0', requires_grad=True)
Parameter containing:
tensor(-1.9357, device='cuda:0', requires_grad=True)
Parameter containing:
tensor(-1.9350, device='cuda:0', requires_grad=True)
Parameter containing:
tensor(-1.9343, device='cuda:0', requires_grad=True)
Parameter containing:
tensor(-1.9335, device='cuda:0', requires_grad=True)
Parameter containing:
tensor(-1.9328, device='cuda:0', requires_grad=True)
Parameter containing:
tensor(-1.9321, device='cuda:0', requires_grad=True)
Parameter containing:
tensor(-1.9314, device='cuda:0', requires_grad=True)
Parameter containing:
tensor(-1.9307, device='cuda:0', requires_grad=True)
Parameter containing:
tensor(-1.9300, device='cuda:0', requires_grad=True)
Parameter containing:
tensor(-1.9293, device='cuda:0', requires_grad=True)
Parameter containing:
tensor(-1.9287, device='cuda:0', requires_grad=True)
Parameter containing:
tensor(-1.9280, device='cuda:0', requires_grad=True)
Parameter containing:
tensor(-1.9273, device='cuda:0', requires_grad=True)
Parameter containing:
tensor(-1.9266, device='cuda:0', requires_grad=True)
Parameter containing:
tensor(-1.9259, device='cuda:0', requires_grad=True)
Parameter containing:
tensor(-1.9252, device='cuda:0', requires_grad=True)
Parameter containing:
tensor(-1.9245, device='cuda:0', requires_grad=True)
Parameter containing:
tensor(-1.9238, device='cuda:0', requires_grad=True)
Parameter containing:
tensor(-1.9231, device='cuda:0', requires_grad=True)
Parameter containing:
tensor(-1.9224, device='cuda:0', requires_grad=True)
Parameter containing:
tensor(-1.9217, device='cuda:0', requires_grad=True)
Parameter containing:
tensor(-1.9210, device='cuda:0', requires_grad=True)
Parameter containing:
tensor(-1.9203, device='cuda:0', requires_grad=True)
Parameter containing:
tensor(-1.9196, device='cuda:0', requires_grad=True)
Parameter containing:
tensor(-1.9189, device='cuda:0', requires_grad=True)
Parameter containing:
tensor(-1.9183, device='cuda:0', requires_grad=True)
Parameter containing:
tensor(-1.9176, device='cuda:0', requires_grad=True)
Parameter containing:
tensor(-1.9169, device='cuda:0', requires_grad=True)
Parameter containing:
tensor(-1.9162, device='cuda:0', requires_grad=True)
Parameter containing:
tensor(-1.9155, device='cuda:0', requires_grad=True)
Parameter containing:
tensor(-1.9148, device='cuda:0', requires_grad=True)
Parameter containing:
tensor(-1.9141, device='cuda:0', requires_grad=True)
Parameter containing:
tensor(-1.9135, device='cuda:0', requires_grad=True)
Parameter containing:
tensor(-1.9128, device='cuda:0', requires_grad=True)
Parameter containing:
tensor(-1.9121, device='cuda:0', requires_grad=True)
Parameter containing:
tensor(-1.9114, device='cuda:0', requires_grad=True)
Parameter containing:
tensor(-1.9107, device='cuda:0', requires_grad=True)
Parameter containing:
tensor(-1.9100, device='cuda:0', requires_grad=True)
Parameter containing:
tensor(-1.9093, device='cuda:0', requires_grad=True)
Parameter containing:
tensor(-1.9087, device='cuda:0', requires_grad=True)
Parameter containing:
tensor(-1.9080, device='cuda:0', requires_grad=True)
Parameter containing:
tensor(-1.9073, device='cuda:0', requires_grad=True)
Parameter containing:
tensor(-1.9066, device='cuda:0', requires_grad=True)
Parameter containing:
tensor(-1.9059, device='cuda:0', requires_grad=True)
Parameter containing:
tensor(-1.9052, device='cuda:0', requires_grad=True)
Parameter containing:
tensor(-1.9045, device='cuda:0', requires_grad=True)
Parameter containing:
tensor(-1.9039, device='cuda:0', requires_grad=True)
Parameter containing:
tensor(-1.9032, device='cuda:0', requires_grad=True)
Parameter containing:
tensor(-1.9025, device='cuda:0', requires_grad=True)
Parameter containing:
tensor(-1.9018, device='cuda:0', requires_grad=True)
Parameter containing:
tensor(-1.9012, device='cuda:0', requires_grad=True)
Parameter containing:
tensor(-1.9005, device='cuda:0', requires_grad=True)
Parameter containing:
tensor(-1.8998, device='cuda:0', requires_grad=True)
Parameter containing:
tensor(-1.8992, device='cuda:0', requires_grad=True)
Parameter containing:
tensor(-1.8985, device='cuda:0', requires_grad=True)
Parameter containing:
tensor(-1.8978, device='cuda:0', requires_grad=True)
Parameter containing:
tensor(-1.8972, device='cuda:0', requires_grad=True)
Parameter containing:
tensor(-1.8965, device='cuda:0', requires_grad=True)
Parameter containing:
tensor(-1.8958, device='cuda:0', requires_grad=True)
Parameter containing:
tensor(-1.8951, device='cuda:0', requires_grad=True)
Parameter containing:
tensor(-1.8945, device='cuda:0', requires_grad=True)
Parameter containing:
tensor(-1.8938, device='cuda:0', requires_grad=True)
Parameter containing:
tensor(-1.8932, device='cuda:0', requires_grad=True)
Parameter containing:
tensor(-1.8925, device='cuda:0', requires_grad=True)
Parameter containing:
tensor(-1.8919, device='cuda:0', requires_grad=True)
Parameter containing:
tensor(-1.8912, device='cuda:0', requires_grad=True)
Parameter containing:
tensor(-1.8906, device='cuda:0', requires_grad=True)
Parameter containing:
tensor(-1.8899, device='cuda:0', requires_grad=True)
Parameter containing:
tensor(-1.8892, device='cuda:0', requires_grad=True)
Parameter containing:
tensor(-1.8886, device='cuda:0', requires_grad=True)
Parameter containing:
tensor(-1.8879, device='cuda:0', requires_grad=True)
Parameter containing:
tensor(-1.8873, device='cuda:0', requires_grad=True)
Parameter containing:
tensor(-1.8866, device='cuda:0', requires_grad=True)
Parameter containing:
tensor(-1.8860, device='cuda:0', requires_grad=True)
Parameter containing:
tensor(-1.8853, device='cuda:0', requires_grad=True)
Parameter containing:
tensor(-1.8847, device='cuda:0', requires_grad=True)
Parameter containing:
tensor(-1.8841, device='cuda:0', requires_grad=True)
Parameter containing:
tensor(-1.8834, device='cuda:0', requires_grad=True)
Parameter containing:
tensor(-1.8828, device='cuda:0', requires_grad=True)
Parameter containing:
tensor(-1.8821, device='cuda:0', requires_grad=True)
Parameter containing:
tensor(-1.8815, device='cuda:0', requires_grad=True)
Parameter containing:
tensor(-1.8808, device='cuda:0', requires_grad=True)
Parameter containing:
tensor(-1.8802, device='cuda:0', requires_grad=True)
Parameter containing:
tensor(-1.8796, device='cuda:0', requires_grad=True)
Parameter containing:
tensor(-1.8789, device='cuda:0', requires_grad=True)
Parameter containing:
tensor(-1.8783, device='cuda:0', requires_grad=True)
Parameter containing:
tensor(-1.8777, device='cuda:0', requires_grad=True)
Parameter containing:
tensor(-1.8771, device='cuda:0', requires_grad=True)
Parameter containing:
tensor(-1.8765, device='cuda:0', requires_grad=True)
Parameter containing:
tensor(-1.8759, device='cuda:0', requires_grad=True)
Parameter containing:
tensor(-1.8753, device='cuda:0', requires_grad=True)
Parameter containing:
tensor(-1.8747, device='cuda:0', requires_grad=True)
Parameter containing:
tensor(-1.8741, device='cuda:0', requires_grad=True)
Parameter containing:
tensor(-1.8735, device='cuda:0', requires_grad=True)
Parameter containing:
tensor(-1.8729, device='cuda:0', requires_grad=True)
Parameter containing:
tensor(-1.8723, device='cuda:0', requires_grad=True)
Parameter containing:
tensor(-1.8717, device='cuda:0', requires_grad=True)
Parameter containing:
tensor(-1.8712, device='cuda:0', requires_grad=True)
Parameter containing:
tensor(-1.8706, device='cuda:0', requires_grad=True)
Parameter containing:
tensor(-1.8700, device='cuda:0', requires_grad=True)
Parameter containing:
tensor(-1.8694, device='cuda:0', requires_grad=True)
Parameter containing:
tensor(-1.8689, device='cuda:0', requires_grad=True)
Parameter containing:
tensor(-1.8683, device='cuda:0', requires_grad=True)
Parameter containing:
tensor(-1.8677, device='cuda:0', requires_grad=True)
Parameter containing:
tensor(-1.8671, device='cuda:0', requires_grad=True)
Parameter containing:
tensor(-1.8665, device='cuda:0', requires_grad=True)
Parameter containing:
tensor(-1.8660, device='cuda:0', requires_grad=True)
Parameter containing:
tensor(-1.8654, device='cuda:0', requires_grad=True)
Parameter containing:
tensor(-1.8649, device='cuda:0', requires_grad=True)
Parameter containing:
tensor(-1.8643, device='cuda:0', requires_grad=True)
Parameter containing:
tensor(-1.8638, device='cuda:0', requires_grad=True)
Parameter containing:
tensor(-1.8633, device='cuda:0', requires_grad=True)
Parameter containing:
tensor(-1.8627, device='cuda:0', requires_grad=True)
Parameter containing:
tensor(-1.8622, device='cuda:0', requires_grad=True)
Parameter containing:
tensor(-1.8616, device='cuda:0', requires_grad=True)
Parameter containing:
tensor(-1.8611, device='cuda:0', requires_grad=True)
Parameter containing:
tensor(-1.8606, device='cuda:0', requires_grad=True)
Parameter containing:
tensor(-1.8601, device='cuda:0', requires_grad=True)
Parameter containing:
tensor(-1.8596, device='cuda:0', requires_grad=True)
Parameter containing:
tensor(-1.8591, device='cuda:0', requires_grad=True)
Parameter containing:
tensor(-1.8585, device='cuda:0', requires_grad=True)
Parameter containing:
tensor(-1.8580, device='cuda:0', requires_grad=True)
Parameter containing:
tensor(-1.8575, device='cuda:0', requires_grad=True)
Parameter containing:
tensor(-1.8570, device='cuda:0', requires_grad=True)
Parameter containing:
tensor(-1.8565, device='cuda:0', requires_grad=True)
Parameter containing:
tensor(-1.8560, device='cuda:0', requires_grad=True)
Parameter containing:
tensor(-1.8555, device='cuda:0', requires_grad=True)
Parameter containing:
tensor(-1.8550, device='cuda:0', requires_grad=True)
Parameter containing:
tensor(-1.8545, device='cuda:0', requires_grad=True)
Parameter containing:
tensor(-1.8540, device='cuda:0', requires_grad=True)
Parameter containing:
tensor(-1.8535, device='cuda:0', requires_grad=True)
Parameter containing:
tensor(-1.8530, device='cuda:0', requires_grad=True)
Parameter containing:
tensor(-1.8525, device='cuda:0', requires_grad=True)
Parameter containing:
tensor(-1.8520, device='cuda:0', requires_grad=True)
Parameter containing:
tensor(-1.8515, device='cuda:0', requires_grad=True)
Parameter containing:
tensor(-1.8511, device='cuda:0', requires_grad=True)
Parameter containing:
tensor(-1.8506, device='cuda:0', requires_grad=True)
Parameter containing:
tensor(-1.8501, device='cuda:0', requires_grad=True)
Parameter containing:
tensor(-1.8496, device='cuda:0', requires_grad=True)
Parameter containing:
tensor(-1.8491, device='cuda:0', requires_grad=True)
Parameter containing:
tensor(-1.8486, device='cuda:0', requires_grad=True)
Parameter containing:
tensor(-1.8481, device='cuda:0', requires_grad=True)
Parameter containing:
tensor(-1.8477, device='cuda:0', requires_grad=True)
Parameter containing:
tensor(-1.8472, device='cuda:0', requires_grad=True)
Parameter containing:
tensor(-1.8467, device='cuda:0', requires_grad=True)
Parameter containing:
tensor(-1.8462, device='cuda:0', requires_grad=True)
Parameter containing:
tensor(-1.8457, device='cuda:0', requires_grad=True)
Parameter containing:
tensor(-1.8453, device='cuda:0', requires_grad=True)
Parameter containing:
tensor(-1.8448, device='cuda:0', requires_grad=True)
Parameter containing:
tensor(-1.8443, device='cuda:0', requires_grad=True)
Parameter containing:
tensor(-1.8439, device='cuda:0', requires_grad=True)
Parameter containing:
tensor(-1.8434, device='cuda:0', requires_grad=True)
Parameter containing:
tensor(-1.8429, device='cuda:0', requires_grad=True)
Parameter containing:
tensor(-1.8424, device='cuda:0', requires_grad=True)
Parameter containing:
tensor(-1.8420, device='cuda:0', requires_grad=True)
Parameter containing:
tensor(-1.8415, device='cuda:0', requires_grad=True)
Parameter containing:
tensor(-1.8411, device='cuda:0', requires_grad=True)
Parameter containing:
tensor(-1.8406, device='cuda:0', requires_grad=True)
Parameter containing:
tensor(-1.8402, device='cuda:0', requires_grad=True)
Parameter containing:
tensor(-1.8397, device='cuda:0', requires_grad=True)
Parameter containing:
tensor(-1.8393, device='cuda:0', requires_grad=True)
Parameter containing:
tensor(-1.8388, device='cuda:0', requires_grad=True)
Parameter containing:
tensor(-1.8384, device='cuda:0', requires_grad=True)
Parameter containing:
tensor(-1.8379, device='cuda:0', requires_grad=True)
Parameter containing:
tensor(-1.8375, device='cuda:0', requires_grad=True)
Parameter containing:
tensor(-1.8370, device='cuda:0', requires_grad=True)
Parameter containing:
tensor(-1.8366, device='cuda:0', requires_grad=True)
Parameter containing:
tensor(-1.8361, device='cuda:0', requires_grad=True)
Parameter containing:
tensor(-1.8357, device='cuda:0', requires_grad=True)
Parameter containing:
tensor(-1.8352, device='cuda:0', requires_grad=True)
Parameter containing:
tensor(-1.8348, device='cuda:0', requires_grad=True)
Parameter containing:
tensor(-1.8344, device='cuda:0', requires_grad=True)
Parameter containing:
tensor(-1.8339, device='cuda:0', requires_grad=True)
Parameter containing:
tensor(-1.8335, device='cuda:0', requires_grad=True)
Parameter containing:
tensor(-1.8330, device='cuda:0', requires_grad=True)
Parameter containing:
tensor(-1.8325, device='cuda:0', requires_grad=True)
Parameter containing:
tensor(-1.8320, device='cuda:0', requires_grad=True)
Parameter containing:
tensor(-1.8316, device='cuda:0', requires_grad=True)
Parameter containing:
tensor(-1.8311, device='cuda:0', requires_grad=True)
Parameter containing:
tensor(-1.8307, device='cuda:0', requires_grad=True)
Parameter containing:
tensor(-1.8303, device='cuda:0', requires_grad=True)
Parameter containing:
tensor(-1.8299, device='cuda:0', requires_grad=True)
Parameter containing:
tensor(-1.8294, device='cuda:0', requires_grad=True)
Parameter containing:
tensor(-1.8290, device='cuda:0', requires_grad=True)
Parameter containing:
tensor(-1.8286, device='cuda:0', requires_grad=True)
Parameter containing:
tensor(-1.8283, device='cuda:0', requires_grad=True)
Parameter containing:
tensor(-1.8279, device='cuda:0', requires_grad=True)
Parameter containing:
tensor(-1.8275, device='cuda:0', requires_grad=True)
Parameter containing:
tensor(-1.8272, device='cuda:0', requires_grad=True)
Parameter containing:
tensor(-1.8268, device='cuda:0', requires_grad=True)
Parameter containing:
tensor(-1.8264, device='cuda:0', requires_grad=True)
Parameter containing:
tensor(-1.8261, device='cuda:0', requires_grad=True)
Parameter containing:
tensor(-1.8257, device='cuda:0', requires_grad=True)
Parameter containing:
tensor(-1.8254, device='cuda:0', requires_grad=True)
Parameter containing:
tensor(-1.8251, device='cuda:0', requires_grad=True)
Parameter containing:
tensor(-1.8247, device='cuda:0', requires_grad=True)
Parameter containing:
tensor(-1.8243, device='cuda:0', requires_grad=True)
Parameter containing:
tensor(-1.8240, device='cuda:0', requires_grad=True)
Parameter containing:
tensor(-1.8236, device='cuda:0', requires_grad=True)
Parameter containing:
tensor(-1.8233, device='cuda:0', requires_grad=True)
Parameter containing:
tensor(-1.8229, device='cuda:0', requires_grad=True)
Parameter containing:
tensor(-1.8225, device='cuda:0', requires_grad=True)
Parameter containing:
tensor(-1.8222, device='cuda:0', requires_grad=True)
Parameter containing:
tensor(-1.8218, device='cuda:0', requires_grad=True)
Parameter containing:
tensor(-1.8214, device='cuda:0', requires_grad=True)
Parameter containing:
tensor(-1.8210, device='cuda:0', requires_grad=True)
Parameter containing:
tensor(-1.8207, device='cuda:0', requires_grad=True)
Parameter containing:
tensor(-1.8203, device='cuda:0', requires_grad=True)
Parameter containing:
tensor(-1.8200, device='cuda:0', requires_grad=True)
Parameter containing:
tensor(-1.8196, device='cuda:0', requires_grad=True)
Parameter containing:
tensor(-1.8193, device='cuda:0', requires_grad=True)
Parameter containing:
tensor(-1.8189, device='cuda:0', requires_grad=True)
Parameter containing:
tensor(-1.8186, device='cuda:0', requires_grad=True)
Parameter containing:
tensor(-1.8182, device='cuda:0', requires_grad=True)
Parameter containing:
tensor(-1.8179, device='cuda:0', requires_grad=True)
Parameter containing:
tensor(-1.8175, device='cuda:0', requires_grad=True)
Parameter containing:
tensor(-1.8172, device='cuda:0', requires_grad=True)
Parameter containing:
tensor(-1.8168, device='cuda:0', requires_grad=True)
Parameter containing:
tensor(-1.8165, device='cuda:0', requires_grad=True)
Parameter containing:
tensor(-1.8161, device='cuda:0', requires_grad=True)
Parameter containing:
tensor(-1.8157, device='cuda:0', requires_grad=True)
Parameter containing:
tensor(-1.8154, device='cuda:0', requires_grad=True)
Parameter containing:
tensor(-1.8150, device='cuda:0', requires_grad=True)
Parameter containing:
tensor(-1.8147, device='cuda:0', requires_grad=True)
Parameter containing:
tensor(-1.8143, device='cuda:0', requires_grad=True)
Parameter containing:
tensor(-1.8140, device='cuda:0', requires_grad=True)
Parameter containing:
tensor(-1.8136, device='cuda:0', requires_grad=True)
Parameter containing:
tensor(-1.8133, device='cuda:0', requires_grad=True)
Parameter containing:
tensor(-1.8129, device='cuda:0', requires_grad=True)
Parameter containing:
tensor(-1.8126, device='cuda:0', requires_grad=True)
Parameter containing:
tensor(-1.8122, device='cuda:0', requires_grad=True)
Parameter containing:
tensor(-1.8119, device='cuda:0', requires_grad=True)
Parameter containing:
tensor(-1.8115, device='cuda:0', requires_grad=True)
Parameter containing:
tensor(-1.8112, device='cuda:0', requires_grad=True)
Parameter containing:
tensor(-1.8108, device='cuda:0', requires_grad=True)
Parameter containing:
tensor(-1.8105, device='cuda:0', requires_grad=True)
Parameter containing:
tensor(-1.8102, device='cuda:0', requires_grad=True)
Parameter containing:
tensor(-1.8099, device='cuda:0', requires_grad=True)
Parameter containing:
tensor(-1.8095, device='cuda:0', requires_grad=True)
Parameter containing:
tensor(-1.8092, device='cuda:0', requires_grad=True)
Parameter containing:
tensor(-1.8089, device='cuda:0', requires_grad=True)
Parameter containing:
tensor(-1.8085, device='cuda:0', requires_grad=True)
Parameter containing:
tensor(-1.8081, device='cuda:0', requires_grad=True)
Parameter containing:
tensor(-1.8077, device='cuda:0', requires_grad=True)
Parameter containing:
tensor(-1.8074, device='cuda:0', requires_grad=True)
Parameter containing:
tensor(-1.8070, device='cuda:0', requires_grad=True)
Parameter containing:
tensor(-1.8066, device='cuda:0', requires_grad=True)
Parameter containing:
tensor(-1.8062, device='cuda:0', requires_grad=True)
Parameter containing:
tensor(-1.8058, device='cuda:0', requires_grad=True)
Parameter containing:
tensor(-1.8055, device='cuda:0', requires_grad=True)
Parameter containing:
tensor(-1.8051, device='cuda:0', requires_grad=True)
Parameter containing:
tensor(-1.8048, device='cuda:0', requires_grad=True)
Parameter containing:
tensor(-1.8044, device='cuda:0', requires_grad=True)
Parameter containing:
tensor(-1.8041, device='cuda:0', requires_grad=True)
Parameter containing:
tensor(-1.8038, device='cuda:0', requires_grad=True)
Parameter containing:
tensor(-1.8035, device='cuda:0', requires_grad=True)
Parameter containing:
tensor(-1.8032, device='cuda:0', requires_grad=True)
Parameter containing:
tensor(-1.8029, device='cuda:0', requires_grad=True)
Parameter containing:
tensor(-1.8026, device='cuda:0', requires_grad=True)
Parameter containing:
tensor(-1.8024, device='cuda:0', requires_grad=True)
Parameter containing:
tensor(-1.8021, device='cuda:0', requires_grad=True)
Parameter containing:
tensor(-1.8018, device='cuda:0', requires_grad=True)
Parameter containing:
tensor(-1.8015, device='cuda:0', requires_grad=True)
Parameter containing:
tensor(-1.8012, device='cuda:0', requires_grad=True)
Parameter containing:
tensor(-1.8009, device='cuda:0', requires_grad=True)
Parameter containing:
tensor(-1.8007, device='cuda:0', requires_grad=True)
Parameter containing:
tensor(-1.8004, device='cuda:0', requires_grad=True)
Parameter containing:
tensor(-1.8001, device='cuda:0', requires_grad=True)
Parameter containing:
tensor(-1.7998, device='cuda:0', requires_grad=True)
Parameter containing:
tensor(-1.7996, device='cuda:0', requires_grad=True)
Parameter containing:
tensor(-1.7993, device='cuda:0', requires_grad=True)
Parameter containing:
tensor(-1.7990, device='cuda:0', requires_grad=True)
Parameter containing:
tensor(-1.7988, device='cuda:0', requires_grad=True)
Parameter containing:
tensor(-1.7985, device='cuda:0', requires_grad=True)
Parameter containing:
tensor(-1.7983, device='cuda:0', requires_grad=True)
Parameter containing:
tensor(-1.7980, device='cuda:0', requires_grad=True)
Parameter containing:
tensor(-1.7977, device='cuda:0', requires_grad=True)
Parameter containing:
tensor(-1.7974, device='cuda:0', requires_grad=True)
Parameter containing:
tensor(-1.7970, device='cuda:0', requires_grad=True)
Parameter containing:
tensor(-1.7966, device='cuda:0', requires_grad=True)
Parameter containing:
tensor(-1.7963, device='cuda:0', requires_grad=True)
Parameter containing:
tensor(-1.7960, device='cuda:0', requires_grad=True)
Parameter containing:
tensor(-1.7956, device='cuda:0', requires_grad=True)
Parameter containing:
tensor(-1.7953, device='cuda:0', requires_grad=True)
Parameter containing:
tensor(-1.7950, device='cuda:0', requires_grad=True)
Parameter containing:
tensor(-1.7947, device='cuda:0', requires_grad=True)
Parameter containing:
tensor(-1.7944, device='cuda:0', requires_grad=True)
Parameter containing:
tensor(-1.7941, device='cuda:0', requires_grad=True)
Parameter containing:
tensor(-1.7938, device='cuda:0', requires_grad=True)
Parameter containing:
tensor(-1.7936, device='cuda:0', requires_grad=True)
Parameter containing:
tensor(-1.7934, device='cuda:0', requires_grad=True)
Parameter containing:
tensor(-1.7931, device='cuda:0', requires_grad=True)
Parameter containing:
tensor(-1.7929, device='cuda:0', requires_grad=True)
Parameter containing:
tensor(-1.7927, device='cuda:0', requires_grad=True)
Parameter containing:
tensor(-1.7925, device='cuda:0', requires_grad=True)
Parameter containing:
tensor(-1.7923, device='cuda:0', requires_grad=True)
Parameter containing:
tensor(-1.7921, device='cuda:0', requires_grad=True)
Parameter containing:
tensor(-1.7919, device='cuda:0', requires_grad=True)
Parameter containing:
tensor(-1.7916, device='cuda:0', requires_grad=True)
Parameter containing:
tensor(-1.7914, device='cuda:0', requires_grad=True)
Parameter containing:
tensor(-1.7912, device='cuda:0', requires_grad=True)
Parameter containing:
tensor(-1.7910, device='cuda:0', requires_grad=True)
Parameter containing:
tensor(-1.7908, device='cuda:0', requires_grad=True)
Parameter containing:
tensor(-1.7906, device='cuda:0', requires_grad=True)
Parameter containing:
tensor(-1.7904, device='cuda:0', requires_grad=True)
Parameter containing:
tensor(-1.7902, device='cuda:0', requires_grad=True)
Parameter containing:
tensor(-1.7900, device='cuda:0', requires_grad=True)
Parameter containing:
tensor(-1.7898, device='cuda:0', requires_grad=True)
Parameter containing:
tensor(-1.7897, device='cuda:0', requires_grad=True)
Parameter containing:
tensor(-1.7895, device='cuda:0', requires_grad=True)
Parameter containing:
tensor(-1.7893, device='cuda:0', requires_grad=True)
Parameter containing:
tensor(-1.7891, device='cuda:0', requires_grad=True)
Parameter containing:
tensor(-1.7890, device='cuda:0', requires_grad=True)
Parameter containing:
tensor(-1.7888, device='cuda:0', requires_grad=True)
Parameter containing:
tensor(-1.7886, device='cuda:0', requires_grad=True)
Parameter containing:
tensor(-1.7884, device='cuda:0', requires_grad=True)
Parameter containing:
tensor(-1.7882, device='cuda:0', requires_grad=True)
Parameter containing:
tensor(-1.7880, device='cuda:0', requires_grad=True)
Parameter containing:
tensor(-1.7878, device='cuda:0', requires_grad=True)
Parameter containing:
tensor(-1.7875, device='cuda:0', requires_grad=True)
Parameter containing:
tensor(-1.7873, device='cuda:0', requires_grad=True)
Parameter containing:
tensor(-1.7871, device='cuda:0', requires_grad=True)
Parameter containing:
tensor(-1.7869, device='cuda:0', requires_grad=True)
Parameter containing:
tensor(-1.7866, device='cuda:0', requires_grad=True)
Parameter containing:
tensor(-1.7864, device='cuda:0', requires_grad=True)
Parameter containing:
tensor(-1.7861, device='cuda:0', requires_grad=True)
Parameter containing:
tensor(-1.7859, device='cuda:0', requires_grad=True)
Parameter containing:
tensor(-1.7857, device='cuda:0', requires_grad=True)
Parameter containing:
tensor(-1.7854, device='cuda:0', requires_grad=True)
Parameter containing:
tensor(-1.7852, device='cuda:0', requires_grad=True)
Parameter containing:
tensor(-1.7849, device='cuda:0', requires_grad=True)
Parameter containing:
tensor(-1.7847, device='cuda:0', requires_grad=True)
Parameter containing:
tensor(-1.7845, device='cuda:0', requires_grad=True)
Parameter containing:
tensor(-1.7842, device='cuda:0', requires_grad=True)
Parameter containing:
tensor(-1.7840, device='cuda:0', requires_grad=True)
Parameter containing:
tensor(-1.7837, device='cuda:0', requires_grad=True)
Parameter containing:
tensor(-1.7835, device='cuda:0', requires_grad=True)
Parameter containing:
tensor(-1.7833, device='cuda:0', requires_grad=True)
Parameter containing:
tensor(-1.7831, device='cuda:0', requires_grad=True)
Parameter containing:
tensor(-1.7829, device='cuda:0', requires_grad=True)
Parameter containing:
tensor(-1.7827, device='cuda:0', requires_grad=True)
Parameter containing:
tensor(-1.7825, device='cuda:0', requires_grad=True)
Parameter containing:
tensor(-1.7823, device='cuda:0', requires_grad=True)
Parameter containing:
tensor(-1.7821, device='cuda:0', requires_grad=True)
Parameter containing:
tensor(-1.7819, device='cuda:0', requires_grad=True)
Parameter containing:
tensor(-1.7817, device='cuda:0', requires_grad=True)
Parameter containing:
tensor(-1.7815, device='cuda:0', requires_grad=True)
Parameter containing:
tensor(-1.7813, device='cuda:0', requires_grad=True)
Parameter containing:
tensor(-1.7811, device='cuda:0', requires_grad=True)
Parameter containing:
tensor(-1.7809, device='cuda:0', requires_grad=True)
Parameter containing:
tensor(-1.7806, device='cuda:0', requires_grad=True)
Parameter containing:
tensor(-1.7804, device='cuda:0', requires_grad=True)
Parameter containing:
tensor(-1.7802, device='cuda:0', requires_grad=True)
Parameter containing:
tensor(-1.7800, device='cuda:0', requires_grad=True)
Parameter containing:
tensor(-1.7798, device='cuda:0', requires_grad=True)
Parameter containing:
tensor(-1.7796, device='cuda:0', requires_grad=True)
Parameter containing:
tensor(-1.7794, device='cuda:0', requires_grad=True)
Parameter containing:
tensor(-1.7792, device='cuda:0', requires_grad=True)
Parameter containing:
tensor(-1.7791, device='cuda:0', requires_grad=True)
Parameter containing:
tensor(-1.7789, device='cuda:0', requires_grad=True)
Parameter containing:
tensor(-1.7787, device='cuda:0', requires_grad=True)
Parameter containing:
tensor(-1.7785, device='cuda:0', requires_grad=True)
Parameter containing:
tensor(-1.7784, device='cuda:0', requires_grad=True)
Parameter containing:
tensor(-1.7782, device='cuda:0', requires_grad=True)
Parameter containing:
tensor(-1.7780, device='cuda:0', requires_grad=True)
Parameter containing:
tensor(-1.7778, device='cuda:0', requires_grad=True)
Parameter containing:
tensor(-1.7776, device='cuda:0', requires_grad=True)
Parameter containing:
tensor(-1.7774, device='cuda:0', requires_grad=True)
Parameter containing:
tensor(-1.7772, device='cuda:0', requires_grad=True)
Parameter containing:
tensor(-1.7771, device='cuda:0', requires_grad=True)
Parameter containing:
tensor(-1.7769, device='cuda:0', requires_grad=True)
Parameter containing:
tensor(-1.7767, device='cuda:0', requires_grad=True)
Parameter containing:
tensor(-1.7765, device='cuda:0', requires_grad=True)
Parameter containing:
tensor(-1.7763, device='cuda:0', requires_grad=True)
Parameter containing:
tensor(-1.7762, device='cuda:0', requires_grad=True)
Parameter containing:
tensor(-1.7760, device='cuda:0', requires_grad=True)
Parameter containing:
tensor(-1.7759, device='cuda:0', requires_grad=True)
Parameter containing:
tensor(-1.7757, device='cuda:0', requires_grad=True)
Parameter containing:
tensor(-1.7755, device='cuda:0', requires_grad=True)
Parameter containing:
tensor(-1.7753, device='cuda:0', requires_grad=True)
Parameter containing:
tensor(-1.7751, device='cuda:0', requires_grad=True)
Parameter containing:
tensor(-1.7749, device='cuda:0', requires_grad=True)
Parameter containing:
tensor(-1.7747, device='cuda:0', requires_grad=True)
Parameter containing:
tensor(-1.7746, device='cuda:0', requires_grad=True)
Parameter containing:
tensor(-1.7744, device='cuda:0', requires_grad=True)
Parameter containing:
tensor(-1.7743, device='cuda:0', requires_grad=True)
Parameter containing:
tensor(-1.7741, device='cuda:0', requires_grad=True)
Parameter containing:
tensor(-1.7740, device='cuda:0', requires_grad=True)
Parameter containing:
tensor(-1.7739, device='cuda:0', requires_grad=True)
Parameter containing:
tensor(-1.7738, device='cuda:0', requires_grad=True)
Parameter containing:
tensor(-1.7737, device='cuda:0', requires_grad=True)
Parameter containing:
tensor(-1.7736, device='cuda:0', requires_grad=True)
Parameter containing:
tensor(-1.7735, device='cuda:0', requires_grad=True)
Parameter containing:
tensor(-1.7734, device='cuda:0', requires_grad=True)
Parameter containing:
tensor(-1.7733, device='cuda:0', requires_grad=True)
Parameter containing:
tensor(-1.7732, device='cuda:0', requires_grad=True)
Parameter containing:
tensor(-1.7731, device='cuda:0', requires_grad=True)
Parameter containing:
tensor(-1.7730, device='cuda:0', requires_grad=True)
Parameter containing:
tensor(-1.7728, device='cuda:0', requires_grad=True)
Parameter containing:
tensor(-1.7727, device='cuda:0', requires_grad=True)
Parameter containing:
tensor(-1.7726, device='cuda:0', requires_grad=True)
Parameter containing:
tensor(-1.7725, device='cuda:0', requires_grad=True)
Parameter containing:
tensor(-1.7724, device='cuda:0', requires_grad=True)
Parameter containing:
tensor(-1.7723, device='cuda:0', requires_grad=True)
Parameter containing:
tensor(-1.7721, device='cuda:0', requires_grad=True)
Parameter containing:
tensor(-1.7720, device='cuda:0', requires_grad=True)
Parameter containing:
tensor(-1.7719, device='cuda:0', requires_grad=True)
Parameter containing:
tensor(-1.7717, device='cuda:0', requires_grad=True)
Parameter containing:
tensor(-1.7716, device='cuda:0', requires_grad=True)
Parameter containing:
tensor(-1.7715, device='cuda:0', requires_grad=True)
Parameter containing:
tensor(-1.7714, device='cuda:0', requires_grad=True)
Parameter containing:
tensor(-1.7712, device='cuda:0', requires_grad=True)
Parameter containing:
tensor(-1.7711, device='cuda:0', requires_grad=True)
Parameter containing:
tensor(-1.7710, device='cuda:0', requires_grad=True)
Parameter containing:
tensor(-1.7709, device='cuda:0', requires_grad=True)
Parameter containing:
tensor(-1.7708, device='cuda:0', requires_grad=True)
Parameter containing:
tensor(-1.7707, device='cuda:0', requires_grad=True)
Parameter containing:
tensor(-1.7706, device='cuda:0', requires_grad=True)
Parameter containing:
tensor(-1.7704, device='cuda:0', requires_grad=True)
Parameter containing:
tensor(-1.7703, device='cuda:0', requires_grad=True)
Parameter containing:
tensor(-1.7702, device='cuda:0', requires_grad=True)
Parameter containing:
tensor(-1.7700, device='cuda:0', requires_grad=True)
Parameter containing:
tensor(-1.7699, device='cuda:0', requires_grad=True)
Parameter containing:
tensor(-1.7698, device='cuda:0', requires_grad=True)
Parameter containing:
tensor(-1.7697, device='cuda:0', requires_grad=True)
Parameter containing:
tensor(-1.7696, device='cuda:0', requires_grad=True)
Parameter containing:
tensor(-1.7695, device='cuda:0', requires_grad=True)
Parameter containing:
tensor(-1.7694, device='cuda:0', requires_grad=True)
Parameter containing:
tensor(-1.7693, device='cuda:0', requires_grad=True)
Parameter containing:
tensor(-1.7692, device='cuda:0', requires_grad=True)
Parameter containing:
tensor(-1.7691, device='cuda:0', requires_grad=True)
Parameter containing:
tensor(-1.7690, device='cuda:0', requires_grad=True)
Parameter containing:
tensor(-1.7689, device='cuda:0', requires_grad=True)
Parameter containing:
tensor(-1.7688, device='cuda:0', requires_grad=True)
Parameter containing:
tensor(-1.7687, device='cuda:0', requires_grad=True)
Parameter containing:
tensor(-1.7686, device='cuda:0', requires_grad=True)
Parameter containing:
tensor(-1.7685, device='cuda:0', requires_grad=True)
Parameter containing:
tensor(-1.7685, device='cuda:0', requires_grad=True)
Parameter containing:
tensor(-1.7684, device='cuda:0', requires_grad=True)
Parameter containing:
tensor(-1.7683, device='cuda:0', requires_grad=True)
Parameter containing:
tensor(-1.7682, device='cuda:0', requires_grad=True)
Parameter containing:
tensor(-1.7681, device='cuda:0', requires_grad=True)
Parameter containing:
tensor(-1.7681, device='cuda:0', requires_grad=True)
Parameter containing:
tensor(-1.7680, device='cuda:0', requires_grad=True)
Parameter containing:
tensor(-1.7679, device='cuda:0', requires_grad=True)
Parameter containing:
tensor(-1.7678, device='cuda:0', requires_grad=True)
Parameter containing:
tensor(-1.7677, device='cuda:0', requires_grad=True)
Parameter containing:
tensor(-1.7677, device='cuda:0', requires_grad=True)
Parameter containing:
tensor(-1.7676, device='cuda:0', requires_grad=True)
Parameter containing:
tensor(-1.7675, device='cuda:0', requires_grad=True)
Parameter containing:
tensor(-1.7675, device='cuda:0', requires_grad=True)
Parameter containing:
tensor(-1.7674, device='cuda:0', requires_grad=True)
Parameter containing:
tensor(-1.7673, device='cuda:0', requires_grad=True)
Parameter containing:
tensor(-1.7673, device='cuda:0', requires_grad=True)
Parameter containing:
tensor(-1.7672, device='cuda:0', requires_grad=True)
Parameter containing:
tensor(-1.7671, device='cuda:0', requires_grad=True)
Parameter containing:
tensor(-1.7671, device='cuda:0', requires_grad=True)
Parameter containing:
tensor(-1.7670, device='cuda:0', requires_grad=True)
Parameter containing:
tensor(-1.7670, device='cuda:0', requires_grad=True)
Parameter containing:
tensor(-1.7670, device='cuda:0', requires_grad=True)
Parameter containing:
tensor(-1.7669, device='cuda:0', requires_grad=True)
Parameter containing:
tensor(-1.7669, device='cuda:0', requires_grad=True)
Parameter containing:
tensor(-1.7668, device='cuda:0', requires_grad=True)
Parameter containing:
tensor(-1.7668, device='cuda:0', requires_grad=True)
Parameter containing:
tensor(-1.7668, device='cuda:0', requires_grad=True)
Parameter containing:
tensor(-1.7668, device='cuda:0', requires_grad=True)
Parameter containing:
tensor(-1.7667, device='cuda:0', requires_grad=True)
Parameter containing:
tensor(-1.7667, device='cuda:0', requires_grad=True)
Parameter containing:
tensor(-1.7667, device='cuda:0', requires_grad=True)
Parameter containing:
tensor(-1.7667, device='cuda:0', requires_grad=True)
Parameter containing:
tensor(-1.7667, device='cuda:0', requires_grad=True)
Parameter containing:
tensor(-1.7666, device='cuda:0', requires_grad=True)
Parameter containing:
tensor(-1.7666, device='cuda:0', requires_grad=True)
Parameter containing:
tensor(-1.7666, device='cuda:0', requires_grad=True)
Parameter containing:
tensor(-1.7665, device='cuda:0', requires_grad=True)
Parameter containing:
tensor(-1.7665, device='cuda:0', requires_grad=True)
Parameter containing:
tensor(-1.7664, device='cuda:0', requires_grad=True)
Parameter containing:
tensor(-1.7664, device='cuda:0', requires_grad=True)
Parameter containing:
tensor(-1.7663, device='cuda:0', requires_grad=True)
Parameter containing:
tensor(-1.7663, device='cuda:0', requires_grad=True)
Parameter containing:
tensor(-1.7662, device='cuda:0', requires_grad=True)
Parameter containing:
tensor(-1.7662, device='cuda:0', requires_grad=True)
Parameter containing:
tensor(-1.7661, device='cuda:0', requires_grad=True)
Parameter containing:
tensor(-1.7661, device='cuda:0', requires_grad=True)
Parameter containing:
tensor(-1.7660, device='cuda:0', requires_grad=True)
Parameter containing:
tensor(-1.7660, device='cuda:0', requires_grad=True)
Parameter containing:
tensor(-1.7660, device='cuda:0', requires_grad=True)
Parameter containing:
tensor(-1.7659, device='cuda:0', requires_grad=True)
Parameter containing:
tensor(-1.7659, device='cuda:0', requires_grad=True)
Parameter containing:
tensor(-1.7659, device='cuda:0', requires_grad=True)
Parameter containing:
tensor(-1.7659, device='cuda:0', requires_grad=True)
Parameter containing:
tensor(-1.7659, device='cuda:0', requires_grad=True)
Parameter containing:
tensor(-1.7659, device='cuda:0', requires_grad=True)
Parameter containing:
tensor(-1.7658, device='cuda:0', requires_grad=True)
Parameter containing:
tensor(-1.7657, device='cuda:0', requires_grad=True)
Parameter containing:
tensor(-1.7656, device='cuda:0', requires_grad=True)
Parameter containing:
tensor(-1.7655, device='cuda:0', requires_grad=True)
Parameter containing:
tensor(-1.7655, device='cuda:0', requires_grad=True)
Parameter containing:
tensor(-1.7654, device='cuda:0', requires_grad=True)
Parameter containing:
tensor(-1.7654, device='cuda:0', requires_grad=True)
Parameter containing:
tensor(-1.7653, device='cuda:0', requires_grad=True)
Parameter containing:
tensor(-1.7652, device='cuda:0', requires_grad=True)
Parameter containing:
tensor(-1.7652, device='cuda:0', requires_grad=True)
Parameter containing:
tensor(-1.7651, device='cuda:0', requires_grad=True)
Parameter containing:
tensor(-1.7651, device='cuda:0', requires_grad=True)
Parameter containing:
tensor(-1.7650, device='cuda:0', requires_grad=True)
Parameter containing:
tensor(-1.7650, device='cuda:0', requires_grad=True)
Parameter containing:
tensor(-1.7650, device='cuda:0', requires_grad=True)
Parameter containing:
tensor(-1.7650, device='cuda:0', requires_grad=True)
Parameter containing:
tensor(-1.7650, device='cuda:0', requires_grad=True)
Parameter containing:
tensor(-1.7650, device='cuda:0', requires_grad=True)
Parameter containing:
tensor(-1.7650, device='cuda:0', requires_grad=True)
Parameter containing:
tensor(-1.7650, device='cuda:0', requires_grad=True)
Parameter containing:
tensor(-1.7650, device='cuda:0', requires_grad=True)
Parameter containing:
tensor(-1.7650, device='cuda:0', requires_grad=True)
Parameter containing:
tensor(-1.7650, device='cuda:0', requires_grad=True)
Parameter containing:
tensor(-1.7650, device='cuda:0', requires_grad=True)
Parameter containing:
tensor(-1.7651, device='cuda:0', requires_grad=True)
Parameter containing:
tensor(-1.7651, device='cuda:0', requires_grad=True)
Parameter containing:
tensor(-1.7651, device='cuda:0', requires_grad=True)
Parameter containing:
tensor(-1.7651, device='cuda:0', requires_grad=True)
Parameter containing:
tensor(-1.7652, device='cuda:0', requires_grad=True)
Parameter containing:
tensor(-1.7652, device='cuda:0', requires_grad=True)
Parameter containing:
tensor(-1.7652, device='cuda:0', requires_grad=True)
Parameter containing:
tensor(-1.7652, device='cuda:0', requires_grad=True)
Parameter containing:
tensor(-1.7652, device='cuda:0', requires_grad=True)
Parameter containing:
tensor(-1.7652, device='cuda:0', requires_grad=True)
Parameter containing:
tensor(-1.7652, device='cuda:0', requires_grad=True)
Parameter containing:
tensor(-1.7653, device='cuda:0', requires_grad=True)
Parameter containing:
tensor(-1.7653, device='cuda:0', requires_grad=True)
Parameter containing:
tensor(-1.7653, device='cuda:0', requires_grad=True)
Parameter containing:
tensor(-1.7654, device='cuda:0', requires_grad=True)
Parameter containing:
tensor(-1.7654, device='cuda:0', requires_grad=True)
Parameter containing:
tensor(-1.7654, device='cuda:0', requires_grad=True)
Parameter containing:
tensor(-1.7655, device='cuda:0', requires_grad=True)
Parameter containing:
tensor(-1.7655, device='cuda:0', requires_grad=True)
Parameter containing:
tensor(-1.7655, device='cuda:0', requires_grad=True)
Parameter containing:
tensor(-1.7656, device='cuda:0', requires_grad=True)
Parameter containing:
tensor(-1.7656, device='cuda:0', requires_grad=True)
Parameter containing:
tensor(-1.7656, device='cuda:0', requires_grad=True)
Parameter containing:
tensor(-1.7657, device='cuda:0', requires_grad=True)
Parameter containing:
tensor(-1.7657, device='cuda:0', requires_grad=True)
Parameter containing:
tensor(-1.7657, device='cuda:0', requires_grad=True)
Parameter containing:
tensor(-1.7657, device='cuda:0', requires_grad=True)
Parameter containing:
tensor(-1.7657, device='cuda:0', requires_grad=True)
Parameter containing:
tensor(-1.7657, device='cuda:0', requires_grad=True)
Parameter containing:
tensor(-1.7658, device='cuda:0', requires_grad=True)
Parameter containing:
tensor(-1.7658, device='cuda:0', requires_grad=True)
Parameter containing:
tensor(-1.7658, device='cuda:0', requires_grad=True)
Parameter containing:
tensor(-1.7659, device='cuda:0', requires_grad=True)
Parameter containing:
tensor(-1.7659, device='cuda:0', requires_grad=True)
Parameter containing:
tensor(-1.7659, device='cuda:0', requires_grad=True)
Parameter containing:
tensor(-1.7660, device='cuda:0', requires_grad=True)
Parameter containing:
tensor(-1.7660, device='cuda:0', requires_grad=True)
Parameter containing:
tensor(-1.7659, device='cuda:0', requires_grad=True)
Parameter containing:
tensor(-1.7659, device='cuda:0', requires_grad=True)
Parameter containing:
tensor(-1.7659, device='cuda:0', requires_grad=True)
Parameter containing:
tensor(-1.7659, device='cuda:0', requires_grad=True)
Parameter containing:
tensor(-1.7659, device='cuda:0', requires_grad=True)
Parameter containing:
tensor(-1.7659, device='cuda:0', requires_grad=True)
Parameter containing:
tensor(-1.7659, device='cuda:0', requires_grad=True)
Parameter containing:
tensor(-1.7660, device='cuda:0', requires_grad=True)
Parameter containing:
tensor(-1.7660, device='cuda:0', requires_grad=True)
Parameter containing:
tensor(-1.7661, device='cuda:0', requires_grad=True)
Parameter containing:
tensor(-1.7661, device='cuda:0', requires_grad=True)
Parameter containing:
tensor(-1.7662, device='cuda:0', requires_grad=True)
Parameter containing:
tensor(-1.7662, device='cuda:0', requires_grad=True)
Parameter containing:
tensor(-1.7663, device='cuda:0', requires_grad=True)
Parameter containing:
tensor(-1.7664, device='cuda:0', requires_grad=True)
Parameter containing:
tensor(-1.7664, device='cuda:0', requires_grad=True)
Parameter containing:
tensor(-1.7665, device='cuda:0', requires_grad=True)
Parameter containing:
tensor(-1.7666, device='cuda:0', requires_grad=True)
Parameter containing:
tensor(-1.7667, device='cuda:0', requires_grad=True)
Parameter containing:
tensor(-1.7668, device='cuda:0', requires_grad=True)
Parameter containing:
tensor(-1.7669, device='cuda:0', requires_grad=True)
Parameter containing:
tensor(-1.7670, device='cuda:0', requires_grad=True)
Parameter containing:
tensor(-1.7671, device='cuda:0', requires_grad=True)
Parameter containing:
tensor(-1.7672, device='cuda:0', requires_grad=True)
Parameter containing:
tensor(-1.7673, device='cuda:0', requires_grad=True)
Parameter containing:
tensor(-1.7673, device='cuda:0', requires_grad=True)
Parameter containing:
tensor(-1.7674, device='cuda:0', requires_grad=True)
Parameter containing:
tensor(-1.7675, device='cuda:0', requires_grad=True)
Parameter containing:
tensor(-1.7676, device='cuda:0', requires_grad=True)
Parameter containing:
tensor(-1.7677, device='cuda:0', requires_grad=True)
Parameter containing:
tensor(-1.7677, device='cuda:0', requires_grad=True)
Parameter containing:
tensor(-1.7678, device='cuda:0', requires_grad=True)
Parameter containing:
tensor(-1.7678, device='cuda:0', requires_grad=True)
Parameter containing:
tensor(-1.7679, device='cuda:0', requires_grad=True)
Parameter containing:
tensor(-1.7679, device='cuda:0', requires_grad=True)
Parameter containing:
tensor(-1.7680, device='cuda:0', requires_grad=True)
Parameter containing:
tensor(-1.7681, device='cuda:0', requires_grad=True)
Parameter containing:
tensor(-1.7682, device='cuda:0', requires_grad=True)
Parameter containing:
tensor(-1.7683, device='cuda:0', requires_grad=True)
Parameter containing:
tensor(-1.7683, device='cuda:0', requires_grad=True)
Parameter containing:
tensor(-1.7684, device='cuda:0', requires_grad=True)
Parameter containing:
tensor(-1.7685, device='cuda:0', requires_grad=True)
Parameter containing:
tensor(-1.7686, device='cuda:0', requires_grad=True)
Parameter containing:
tensor(-1.7687, device='cuda:0', requires_grad=True)
Parameter containing:
tensor(-1.7688, device='cuda:0', requires_grad=True)
Parameter containing:
tensor(-1.7688, device='cuda:0', requires_grad=True)
Parameter containing:
tensor(-1.7689, device='cuda:0', requires_grad=True)
Parameter containing:
tensor(-1.7690, device='cuda:0', requires_grad=True)
Parameter containing:
tensor(-1.7691, device='cuda:0', requires_grad=True)
Parameter containing:
tensor(-1.7691, device='cuda:0', requires_grad=True)
Parameter containing:
tensor(-1.7691, device='cuda:0', requires_grad=True)
Parameter containing:
tensor(-1.7692, device='cuda:0', requires_grad=True)
Parameter containing:
tensor(-1.7693, device='cuda:0', requires_grad=True)
Parameter containing:
tensor(-1.7693, device='cuda:0', requires_grad=True)
Parameter containing:
tensor(-1.7694, device='cuda:0', requires_grad=True)
Parameter containing:
tensor(-1.7694, device='cuda:0', requires_grad=True)
Parameter containing:
tensor(-1.7694, device='cuda:0', requires_grad=True)
Parameter containing:
tensor(-1.7695, device='cuda:0', requires_grad=True)
Parameter containing:
tensor(-1.7695, device='cuda:0', requires_grad=True)
Parameter containing:
tensor(-1.7696, device='cuda:0', requires_grad=True)
Parameter containing:
tensor(-1.7696, device='cuda:0', requires_grad=True)
Parameter containing:
tensor(-1.7696, device='cuda:0', requires_grad=True)
Parameter containing:
tensor(-1.7696, device='cuda:0', requires_grad=True)
Parameter containing:
tensor(-1.7696, device='cuda:0', requires_grad=True)
Parameter containing:
tensor(-1.7696, device='cuda:0', requires_grad=True)
Parameter containing:
tensor(-1.7696, device='cuda:0', requires_grad=True)
Parameter containing:
tensor(-1.7697, device='cuda:0', requires_grad=True)
Parameter containing:
tensor(-1.7698, device='cuda:0', requires_grad=True)
Parameter containing:
tensor(-1.7699, device='cuda:0', requires_grad=True)
Parameter containing:
tensor(-1.7700, device='cuda:0', requires_grad=True)
Parameter containing:
tensor(-1.7701, device='cuda:0', requires_grad=True)
Parameter containing:
tensor(-1.7702, device='cuda:0', requires_grad=True)
Parameter containing:
tensor(-1.7703, device='cuda:0', requires_grad=True)
Parameter containing:
tensor(-1.7704, device='cuda:0', requires_grad=True)
Parameter containing:
tensor(-1.7705, device='cuda:0', requires_grad=True)
Parameter containing:
tensor(-1.7706, device='cuda:0', requires_grad=True)
Parameter containing:
tensor(-1.7706, device='cuda:0', requires_grad=True)
Parameter containing:
tensor(-1.7707, device='cuda:0', requires_grad=True)
Parameter containing:
tensor(-1.7708, device='cuda:0', requires_grad=True)
Parameter containing:
tensor(-1.7708, device='cuda:0', requires_grad=True)
Parameter containing:
tensor(-1.7709, device='cuda:0', requires_grad=True)
Parameter containing:
tensor(-1.7710, device='cuda:0', requires_grad=True)
Parameter containing:
tensor(-1.7710, device='cuda:0', requires_grad=True)
Parameter containing:
tensor(-1.7711, device='cuda:0', requires_grad=True)
Parameter containing:
tensor(-1.7712, device='cuda:0', requires_grad=True)
Parameter containing:
tensor(-1.7713, device='cuda:0', requires_grad=True)
Parameter containing:
tensor(-1.7712, device='cuda:0', requires_grad=True)
Parameter containing:
tensor(-1.7711, device='cuda:0', requires_grad=True)
Parameter containing:
tensor(-1.7709, device='cuda:0', requires_grad=True)
Parameter containing:
tensor(-1.7705, device='cuda:0', requires_grad=True)
Parameter containing:
tensor(-1.7700, device='cuda:0', requires_grad=True)
Parameter containing:
tensor(-1.7695, device='cuda:0', requires_grad=True)
Parameter containing:
tensor(-1.7690, device='cuda:0', requires_grad=True)
Parameter containing:
tensor(-1.7685, device='cuda:0', requires_grad=True)
Parameter containing:
tensor(-1.7680, device='cuda:0', requires_grad=True)
Parameter containing:
tensor(-1.7675, device='cuda:0', requires_grad=True)
Parameter containing:
tensor(-1.7670, device='cuda:0', requires_grad=True)
Parameter containing:
tensor(-1.7666, device='cuda:0', requires_grad=True)
Parameter containing:
tensor(-1.7662, device='cuda:0', requires_grad=True)
Parameter containing:
tensor(-1.7658, device='cuda:0', requires_grad=True)
Parameter containing:
tensor(-1.7654, device='cuda:0', requires_grad=True)
Parameter containing:
tensor(-1.7651, device='cuda:0', requires_grad=True)
Parameter containing:
tensor(-1.7648, device='cuda:0', requires_grad=True)
Parameter containing:
tensor(-1.7645, device='cuda:0', requires_grad=True)
Parameter containing:
tensor(-1.7643, device='cuda:0', requires_grad=True)
Parameter containing:
tensor(-1.7640, device='cuda:0', requires_grad=True)
Parameter containing:
tensor(-1.7639, device='cuda:0', requires_grad=True)
Parameter containing:
tensor(-1.7637, device='cuda:0', requires_grad=True)
Parameter containing:
tensor(-1.7636, device='cuda:0', requires_grad=True)
Parameter containing:
tensor(-1.7635, device='cuda:0', requires_grad=True)
Parameter containing:
tensor(-1.7635, device='cuda:0', requires_grad=True)
Parameter containing:
tensor(-1.7634, device='cuda:0', requires_grad=True)
Parameter containing:
tensor(-1.7634, device='cuda:0', requires_grad=True)
Parameter containing:
tensor(-1.7635, device='cuda:0', requires_grad=True)
Parameter containing:
tensor(-1.7635, device='cuda:0', requires_grad=True)
Parameter containing:
tensor(-1.7636, device='cuda:0', requires_grad=True)
Parameter containing:
tensor(-1.7636, device='cuda:0', requires_grad=True)
Parameter containing:
tensor(-1.7637, device='cuda:0', requires_grad=True)
Parameter containing:
tensor(-1.7638, device='cuda:0', requires_grad=True)
Parameter containing:
tensor(-1.7639, device='cuda:0', requires_grad=True)
Parameter containing:
tensor(-1.7640, device='cuda:0', requires_grad=True)
Parameter containing:
tensor(-1.7641, device='cuda:0', requires_grad=True)
Parameter containing:
tensor(-1.7642, device='cuda:0', requires_grad=True)
Parameter containing:
tensor(-1.7643, device='cuda:0', requires_grad=True)
Parameter containing:
tensor(-1.7645, device='cuda:0', requires_grad=True)
Parameter containing:
tensor(-1.7646, device='cuda:0', requires_grad=True)
Parameter containing:
tensor(-1.7647, device='cuda:0', requires_grad=True)
Parameter containing:
tensor(-1.7649, device='cuda:0', requires_grad=True)
Parameter containing:
tensor(-1.7650, device='cuda:0', requires_grad=True)
Parameter containing:
tensor(-1.7651, device='cuda:0', requires_grad=True)
Parameter containing:
tensor(-1.7653, device='cuda:0', requires_grad=True)
Parameter containing:
tensor(-1.7654, device='cuda:0', requires_grad=True)
Parameter containing:
tensor(-1.7655, device='cuda:0', requires_grad=True)
Parameter containing:
tensor(-1.7656, device='cuda:0', requires_grad=True)
Parameter containing:
tensor(-1.7658, device='cuda:0', requires_grad=True)
Parameter containing:
tensor(-1.7659, device='cuda:0', requires_grad=True)
Parameter containing:
tensor(-1.7660, device='cuda:0', requires_grad=True)
Parameter containing:
tensor(-1.7661, device='cuda:0', requires_grad=True)
Parameter containing:
tensor(-1.7662, device='cuda:0', requires_grad=True)
Parameter containing:
tensor(-1.7663, device='cuda:0', requires_grad=True)
Parameter containing:
tensor(-1.7663, device='cuda:0', requires_grad=True)
Parameter containing:
tensor(-1.7663, device='cuda:0', requires_grad=True)
Parameter containing:
tensor(-1.7663, device='cuda:0', requires_grad=True)
Parameter containing:
tensor(-1.7663, device='cuda:0', requires_grad=True)
Parameter containing:
tensor(-1.7664, device='cuda:0', requires_grad=True)
Parameter containing:
tensor(-1.7665, device='cuda:0', requires_grad=True)
Parameter containing:
tensor(-1.7666, device='cuda:0', requires_grad=True)
Parameter containing:
tensor(-1.7667, device='cuda:0', requires_grad=True)
Parameter containing:
tensor(-1.7669, device='cuda:0', requires_grad=True)
Parameter containing:
tensor(-1.7670, device='cuda:0', requires_grad=True)
Parameter containing:
tensor(-1.7671, device='cuda:0', requires_grad=True)
Parameter containing:
tensor(-1.7673, device='cuda:0', requires_grad=True)
Parameter containing:
tensor(-1.7675, device='cuda:0', requires_grad=True)
Parameter containing:
tensor(-1.7677, device='cuda:0', requires_grad=True)
Parameter containing:
tensor(-1.7678, device='cuda:0', requires_grad=True)
Parameter containing:
tensor(-1.7680, device='cuda:0', requires_grad=True)
Parameter containing:
tensor(-1.7682, device='cuda:0', requires_grad=True)
Parameter containing:
tensor(-1.7683, device='cuda:0', requires_grad=True)
Parameter containing:
tensor(-1.7685, device='cuda:0', requires_grad=True)
Parameter containing:
tensor(-1.7686, device='cuda:0', requires_grad=True)
Parameter containing:
tensor(-1.7687, device='cuda:0', requires_grad=True)
Parameter containing:
tensor(-1.7689, device='cuda:0', requires_grad=True)
Parameter containing:
tensor(-1.7690, device='cuda:0', requires_grad=True)
Parameter containing:
tensor(-1.7692, device='cuda:0', requires_grad=True)
Parameter containing:
tensor(-1.7693, device='cuda:0', requires_grad=True)
Parameter containing:
tensor(-1.7695, device='cuda:0', requires_grad=True)
Parameter containing:
tensor(-1.7696, device='cuda:0', requires_grad=True)
Parameter containing:
tensor(-1.7696, device='cuda:0', requires_grad=True)
Parameter containing:
tensor(-1.7697, device='cuda:0', requires_grad=True)
Parameter containing:
tensor(-1.7697, device='cuda:0', requires_grad=True)
Parameter containing:
tensor(-1.7698, device='cuda:0', requires_grad=True)
Parameter containing:
tensor(-1.7698, device='cuda:0', requires_grad=True)
Parameter containing:
tensor(-1.7699, device='cuda:0', requires_grad=True)
Parameter containing:
tensor(-1.7700, device='cuda:0', requires_grad=True)
Parameter containing:
tensor(-1.7701, device='cuda:0', requires_grad=True)
Parameter containing:
tensor(-1.7701, device='cuda:0', requires_grad=True)
Parameter containing:
tensor(-1.7702, device='cuda:0', requires_grad=True)
Parameter containing:
tensor(-1.7702, device='cuda:0', requires_grad=True)
Parameter containing:
tensor(-1.7702, device='cuda:0', requires_grad=True)
Parameter containing:
tensor(-1.7703, device='cuda:0', requires_grad=True)
Parameter containing:
tensor(-1.7703, device='cuda:0', requires_grad=True)
Parameter containing:
tensor(-1.7704, device='cuda:0', requires_grad=True)
Parameter containing:
tensor(-1.7705, device='cuda:0', requires_grad=True)
Parameter containing:
tensor(-1.7706, device='cuda:0', requires_grad=True)
Parameter containing:
tensor(-1.7707, device='cuda:0', requires_grad=True)
Parameter containing:
tensor(-1.7708, device='cuda:0', requires_grad=True)
Parameter containing:
tensor(-1.7708, device='cuda:0', requires_grad=True)
Parameter containing:
tensor(-1.7709, device='cuda:0', requires_grad=True)
Parameter containing:
tensor(-1.7709, device='cuda:0', requires_grad=True)
Parameter containing:
tensor(-1.7710, device='cuda:0', requires_grad=True)
Parameter containing:
tensor(-1.7710, device='cuda:0', requires_grad=True)
Parameter containing:
tensor(-1.7711, device='cuda:0', requires_grad=True)
Parameter containing:
tensor(-1.7712, device='cuda:0', requires_grad=True)
Parameter containing:
tensor(-1.7714, device='cuda:0', requires_grad=True)
Parameter containing:
tensor(-1.7715, device='cuda:0', requires_grad=True)
Parameter containing:
tensor(-1.7716, device='cuda:0', requires_grad=True)
Parameter containing:
tensor(-1.7717, device='cuda:0', requires_grad=True)
Parameter containing:
tensor(-1.7718, device='cuda:0', requires_grad=True)
Parameter containing:
tensor(-1.7719, device='cuda:0', requires_grad=True)
Parameter containing:
tensor(-1.7720, device='cuda:0', requires_grad=True)
Parameter containing:
tensor(-1.7721, device='cuda:0', requires_grad=True)
Parameter containing:
tensor(-1.7722, device='cuda:0', requires_grad=True)
Parameter containing:
tensor(-1.7723, device='cuda:0', requires_grad=True)
Parameter containing:
tensor(-1.7723, device='cuda:0', requires_grad=True)
Parameter containing:
tensor(-1.7724, device='cuda:0', requires_grad=True)
Parameter containing:
tensor(-1.7725, device='cuda:0', requires_grad=True)
Parameter containing:
tensor(-1.7726, device='cuda:0', requires_grad=True)
Parameter containing:
tensor(-1.7727, device='cuda:0', requires_grad=True)
Parameter containing:
tensor(-1.7728, device='cuda:0', requires_grad=True)
Parameter containing:
tensor(-1.7729, device='cuda:0', requires_grad=True)
Parameter containing:
tensor(-1.7730, device='cuda:0', requires_grad=True)
Parameter containing:
tensor(-1.7731, device='cuda:0', requires_grad=True)
Parameter containing:
tensor(-1.7732, device='cuda:0', requires_grad=True)
Parameter containing:
tensor(-1.7733, device='cuda:0', requires_grad=True)
Parameter containing:
tensor(-1.7734, device='cuda:0', requires_grad=True)
Parameter containing:
tensor(-1.7735, device='cuda:0', requires_grad=True)
Parameter containing:
tensor(-1.7736, device='cuda:0', requires_grad=True)
Parameter containing:
tensor(-1.7737, device='cuda:0', requires_grad=True)
Parameter containing:
tensor(-1.7738, device='cuda:0', requires_grad=True)
Parameter containing:
tensor(-1.7739, device='cuda:0', requires_grad=True)
Parameter containing:
tensor(-1.7740, device='cuda:0', requires_grad=True)
Parameter containing:
tensor(-1.7741, device='cuda:0', requires_grad=True)
Parameter containing:
tensor(-1.7742, device='cuda:0', requires_grad=True)
Parameter containing:
tensor(-1.7743, device='cuda:0', requires_grad=True)
Parameter containing:
tensor(-1.7743, device='cuda:0', requires_grad=True)
Parameter containing:
tensor(-1.7744, device='cuda:0', requires_grad=True)
Parameter containing:
tensor(-1.7744, device='cuda:0', requires_grad=True)
Parameter containing:
tensor(-1.7744, device='cuda:0', requires_grad=True)
Parameter containing:
tensor(-1.7745, device='cuda:0', requires_grad=True)
Parameter containing:
tensor(-1.7746, device='cuda:0', requires_grad=True)
Parameter containing:
tensor(-1.7747, device='cuda:0', requires_grad=True)
Parameter containing:
tensor(-1.7748, device='cuda:0', requires_grad=True)
Parameter containing:
tensor(-1.7749, device='cuda:0', requires_grad=True)
Parameter containing:
tensor(-1.7749, device='cuda:0', requires_grad=True)
Parameter containing:
tensor(-1.7750, device='cuda:0', requires_grad=True)
Parameter containing:
tensor(-1.7751, device='cuda:0', requires_grad=True)
Parameter containing:
tensor(-1.7752, device='cuda:0', requires_grad=True)
Parameter containing:
tensor(-1.7753, device='cuda:0', requires_grad=True)
Parameter containing:
tensor(-1.7754, device='cuda:0', requires_grad=True)
Parameter containing:
tensor(-1.7755, device='cuda:0', requires_grad=True)
Parameter containing:
tensor(-1.7756, device='cuda:0', requires_grad=True)
Parameter containing:
tensor(-1.7757, device='cuda:0', requires_grad=True)
Parameter containing:
tensor(-1.7758, device='cuda:0', requires_grad=True)
Parameter containing:
tensor(-1.7759, device='cuda:0', requires_grad=True)
Parameter containing:
tensor(-1.7759, device='cuda:0', requires_grad=True)
Parameter containing:
tensor(-1.7760, device='cuda:0', requires_grad=True)
Parameter containing:
tensor(-1.7761, device='cuda:0', requires_grad=True)
Parameter containing:
tensor(-1.7763, device='cuda:0', requires_grad=True)
Parameter containing:
tensor(-1.7764, device='cuda:0', requires_grad=True)
Parameter containing:
tensor(-1.7764, device='cuda:0', requires_grad=True)
Parameter containing:
tensor(-1.7765, device='cuda:0', requires_grad=True)
Parameter containing:
tensor(-1.7766, device='cuda:0', requires_grad=True)
Parameter containing:
tensor(-1.7766, device='cuda:0', requires_grad=True)
Parameter containing:
tensor(-1.7767, device='cuda:0', requires_grad=True)
Parameter containing:
tensor(-1.7768, device='cuda:0', requires_grad=True)
Parameter containing:
tensor(-1.7769, device='cuda:0', requires_grad=True)
Parameter containing:
tensor(-1.7770, device='cuda:0', requires_grad=True)
Parameter containing:
tensor(-1.7770, device='cuda:0', requires_grad=True)
Parameter containing:
tensor(-1.7770, device='cuda:0', requires_grad=True)
Parameter containing:
tensor(-1.7770, device='cuda:0', requires_grad=True)
Parameter containing:
tensor(-1.7771, device='cuda:0', requires_grad=True)
Parameter containing:
tensor(-1.7771, device='cuda:0', requires_grad=True)
Parameter containing:
tensor(-1.7771, device='cuda:0', requires_grad=True)
Parameter containing:
tensor(-1.7772, device='cuda:0', requires_grad=True)
Parameter containing:
tensor(-1.7773, device='cuda:0', requires_grad=True)
Parameter containing:
tensor(-1.7774, device='cuda:0', requires_grad=True)
Parameter containing:
tensor(-1.7775, device='cuda:0', requires_grad=True)
Parameter containing:
tensor(-1.7775, device='cuda:0', requires_grad=True)
Parameter containing:
tensor(-1.7776, device='cuda:0', requires_grad=True)
Parameter containing:
tensor(-1.7777, device='cuda:0', requires_grad=True)
Parameter containing:
tensor(-1.7778, device='cuda:0', requires_grad=True)
Parameter containing:
tensor(-1.7779, device='cuda:0', requires_grad=True)
Parameter containing:
tensor(-1.7780, device='cuda:0', requires_grad=True)
Parameter containing:
tensor(-1.7781, device='cuda:0', requires_grad=True)
Parameter containing:
tensor(-1.7782, device='cuda:0', requires_grad=True)
Parameter containing:
tensor(-1.7783, device='cuda:0', requires_grad=True)
Parameter containing:
tensor(-1.7784, device='cuda:0', requires_grad=True)
Parameter containing:
tensor(-1.7784, device='cuda:0', requires_grad=True)
Parameter containing:
tensor(-1.7784, device='cuda:0', requires_grad=True)
Parameter containing:
tensor(-1.7785, device='cuda:0', requires_grad=True)
Parameter containing:
tensor(-1.7785, device='cuda:0', requires_grad=True)
Parameter containing:
tensor(-1.7786, device='cuda:0', requires_grad=True)
Parameter containing:
tensor(-1.7786, device='cuda:0', requires_grad=True)
Parameter containing:
tensor(-1.7787, device='cuda:0', requires_grad=True)
Parameter containing:
tensor(-1.7788, device='cuda:0', requires_grad=True)
Parameter containing:
tensor(-1.7790, device='cuda:0', requires_grad=True)
Parameter containing:
tensor(-1.7791, device='cuda:0', requires_grad=True)
Parameter containing:
tensor(-1.7792, device='cuda:0', requires_grad=True)
Parameter containing:
tensor(-1.7794, device='cuda:0', requires_grad=True)
Parameter containing:
tensor(-1.7795, device='cuda:0', requires_grad=True)
Parameter containing:
tensor(-1.7796, device='cuda:0', requires_grad=True)
Parameter containing:
tensor(-1.7798, device='cuda:0', requires_grad=True)
Parameter containing:
tensor(-1.7799, device='cuda:0', requires_grad=True)
Parameter containing:
tensor(-1.7801, device='cuda:0', requires_grad=True)
Parameter containing:
tensor(-1.7802, device='cuda:0', requires_grad=True)
Parameter containing:
tensor(-1.7804, device='cuda:0', requires_grad=True)
Parameter containing:
tensor(-1.7805, device='cuda:0', requires_grad=True)
Parameter containing:
tensor(-1.7807, device='cuda:0', requires_grad=True)
Parameter containing:
tensor(-1.7808, device='cuda:0', requires_grad=True)
Parameter containing:
tensor(-1.7810, device='cuda:0', requires_grad=True)
Parameter containing:
tensor(-1.7811, device='cuda:0', requires_grad=True)
Parameter containing:
tensor(-1.7812, device='cuda:0', requires_grad=True)
Parameter containing:
tensor(-1.7813, device='cuda:0', requires_grad=True)
Parameter containing:
tensor(-1.7814, device='cuda:0', requires_grad=True)
Parameter containing:
tensor(-1.7815, device='cuda:0', requires_grad=True)
Parameter containing:
tensor(-1.7816, device='cuda:0', requires_grad=True)
Parameter containing:
tensor(-1.7818, device='cuda:0', requires_grad=True)
Parameter containing:
tensor(-1.7819, device='cuda:0', requires_grad=True)
Parameter containing:
tensor(-1.7820, device='cuda:0', requires_grad=True)
Parameter containing:
tensor(-1.7821, device='cuda:0', requires_grad=True)
Parameter containing:
tensor(-1.7822, device='cuda:0', requires_grad=True)
Parameter containing:
tensor(-1.7823, device='cuda:0', requires_grad=True)
Parameter containing:
tensor(-1.7824, device='cuda:0', requires_grad=True)
Parameter containing:
tensor(-1.7825, device='cuda:0', requires_grad=True)
Parameter containing:
tensor(-1.7825, device='cuda:0', requires_grad=True)
Parameter containing:
tensor(-1.7826, device='cuda:0', requires_grad=True)
Parameter containing:
tensor(-1.7827, device='cuda:0', requires_grad=True)
Parameter containing:
tensor(-1.7828, device='cuda:0', requires_grad=True)
Parameter containing:
tensor(-1.7829, device='cuda:0', requires_grad=True)
Parameter containing:
tensor(-1.7830, device='cuda:0', requires_grad=True)
Parameter containing:
tensor(-1.7831, device='cuda:0', requires_grad=True)
Parameter containing:
tensor(-1.7832, device='cuda:0', requires_grad=True)
Parameter containing:
tensor(-1.7833, device='cuda:0', requires_grad=True)
Parameter containing:
tensor(-1.7835, device='cuda:0', requires_grad=True)
Parameter containing:
tensor(-1.7836, device='cuda:0', requires_grad=True)
Parameter containing:
tensor(-1.7836, device='cuda:0', requires_grad=True)
Parameter containing:
tensor(-1.7837, device='cuda:0', requires_grad=True)
Parameter containing:
tensor(-1.7837, device='cuda:0', requires_grad=True)
Parameter containing:
tensor(-1.7838, device='cuda:0', requires_grad=True)
Parameter containing:
tensor(-1.7839, device='cuda:0', requires_grad=True)
Parameter containing:
tensor(-1.7840, device='cuda:0', requires_grad=True)
Parameter containing:
tensor(-1.7841, device='cuda:0', requires_grad=True)
Parameter containing:
tensor(-1.7842, device='cuda:0', requires_grad=True)
Parameter containing:
tensor(-1.7843, device='cuda:0', requires_grad=True)
Parameter containing:
tensor(-1.7844, device='cuda:0', requires_grad=True)
Parameter containing:
tensor(-1.7845, device='cuda:0', requires_grad=True)
Parameter containing:
tensor(-1.7846, device='cuda:0', requires_grad=True)
Parameter containing:
tensor(-1.7847, device='cuda:0', requires_grad=True)
Parameter containing:
tensor(-1.7848, device='cuda:0', requires_grad=True)
Parameter containing:
tensor(-1.7849, device='cuda:0', requires_grad=True)
Parameter containing:
tensor(-1.7850, device='cuda:0', requires_grad=True)
Parameter containing:
tensor(-1.7852, device='cuda:0', requires_grad=True)
Parameter containing:
tensor(-1.7853, device='cuda:0', requires_grad=True)
Parameter containing:
tensor(-1.7855, device='cuda:0', requires_grad=True)
Parameter containing:
tensor(-1.7856, device='cuda:0', requires_grad=True)
Parameter containing:
tensor(-1.7858, device='cuda:0', requires_grad=True)
Parameter containing:
tensor(-1.7859, device='cuda:0', requires_grad=True)
Parameter containing:
tensor(-1.7861, device='cuda:0', requires_grad=True)
Parameter containing:
tensor(-1.7861, device='cuda:0', requires_grad=True)
Parameter containing:
tensor(-1.7862, device='cuda:0', requires_grad=True)
Parameter containing:
tensor(-1.7863, device='cuda:0', requires_grad=True)
Parameter containing:
tensor(-1.7863, device='cuda:0', requires_grad=True)
Parameter containing:
tensor(-1.7864, device='cuda:0', requires_grad=True)
Parameter containing:
tensor(-1.7865, device='cuda:0', requires_grad=True)
Parameter containing:
tensor(-1.7866, device='cuda:0', requires_grad=True)
Parameter containing:
tensor(-1.7867, device='cuda:0', requires_grad=True)
Parameter containing:
tensor(-1.7867, device='cuda:0', requires_grad=True)
Parameter containing:
tensor(-1.7868, device='cuda:0', requires_grad=True)
Parameter containing:
tensor(-1.7868, device='cuda:0', requires_grad=True)


PS:

Read file <14807191.stderr> for stderr output of this job.

