Sender: LSF System <lsfadmin@lt17>
Subject: Job 16039077: <semi> in cluster <lila> Exited

Job <semi> was submitted from host <lilac> by user <nguyenm5> in cluster <lila> at Mon Jul 20 17:39:32 2020
Job was executed on host(s) <12*lt17>, in queue <gpuqueue>, as user <nguyenm5> in cluster <lila> at Mon Jul 20 17:41:20 2020
</home/nguyenm5> was used as the home directory.
</home/nguyenm5/coding/pinot> was used as the working directory.
Started at Mon Jul 20 17:41:20 2020
Terminated at Mon Jul 20 17:41:23 2020
Results reported at Mon Jul 20 17:41:23 2020

Your job looked like:

------------------------------------------------------------
# LSBATCH: User input
/home/nguyenm5/anaconda3/envs/pinot/bin/python scripts/active/plotting_active.py --net semi_gp --num_rounds 6 --num_trials 1 --num_epochs 750 --data moonshot_sorted_by_date --q 96 --acquisition ProbabilityOfImprovement --output_folder /home/nguyenm5/coding/pinot/jul-20/active-semi-no-background --index 1 --device cuda:0
------------------------------------------------------------

Exited with exit code 1.

Resource usage summary:

    CPU time :                                   0.13 sec.
    Max Memory :                                 -
    Average Memory :                             -
    Total Requested Memory :                     192.00 GB
    Delta Memory :                               -
    Max Swap :                                   -
    Max Processes :                              1
    Max Threads :                                1
    Run time :                                   1 sec.
    Turnaround time :                            111 sec.

The output (if any) follows:



PS:

Read file </home/nguyenm5/coding/pinot/jul-20/active-semi-no-background/ProbabilityOfImprovement_750.stderr> for stderr output of this job.

Sender: LSF System <lsfadmin@lt17>
Subject: Job 16039079: <semi> in cluster <lila> Exited

Job <semi> was submitted from host <lilac> by user <nguyenm5> in cluster <lila> at Mon Jul 20 17:39:33 2020
Job was executed on host(s) <12*lt17>, in queue <gpuqueue>, as user <nguyenm5> in cluster <lila> at Mon Jul 20 17:41:23 2020
</home/nguyenm5> was used as the home directory.
</home/nguyenm5/coding/pinot> was used as the working directory.
Started at Mon Jul 20 17:41:23 2020
Terminated at Mon Jul 20 17:41:26 2020
Results reported at Mon Jul 20 17:41:26 2020

Your job looked like:

------------------------------------------------------------
# LSBATCH: User input
/home/nguyenm5/anaconda3/envs/pinot/bin/python scripts/active/plotting_active.py --net semi_gp --num_rounds 6 --num_trials 1 --num_epochs 750 --data moonshot_sorted_by_date --q 96 --acquisition ProbabilityOfImprovement --output_folder /home/nguyenm5/coding/pinot/jul-20/active-semi-no-background --index 2 --device cuda:0
------------------------------------------------------------

Exited with exit code 1.

Resource usage summary:

    CPU time :                                   0.12 sec.
    Max Memory :                                 -
    Average Memory :                             -
    Total Requested Memory :                     192.00 GB
    Delta Memory :                               -
    Max Swap :                                   -
    Max Processes :                              2
    Max Threads :                                4
    Run time :                                   3 sec.
    Turnaround time :                            113 sec.

The output (if any) follows:



PS:

Read file </home/nguyenm5/coding/pinot/jul-20/active-semi-no-background/ProbabilityOfImprovement_750.stderr> for stderr output of this job.

Sender: LSF System <lsfadmin@lt17>
Subject: Job 16039083: <semi> in cluster <lila> Exited

Job <semi> was submitted from host <lilac> by user <nguyenm5> in cluster <lila> at Mon Jul 20 17:39:34 2020
Job was executed on host(s) <12*lt17>, in queue <gpuqueue>, as user <nguyenm5> in cluster <lila> at Mon Jul 20 17:41:29 2020
</home/nguyenm5> was used as the home directory.
</home/nguyenm5/coding/pinot> was used as the working directory.
Started at Mon Jul 20 17:41:29 2020
Terminated at Mon Jul 20 17:41:30 2020
Results reported at Mon Jul 20 17:41:30 2020

Your job looked like:

------------------------------------------------------------
# LSBATCH: User input
/home/nguyenm5/anaconda3/envs/pinot/bin/python scripts/active/plotting_active.py --net semi_gp --num_rounds 6 --num_trials 1 --num_epochs 750 --data moonshot_sorted_by_date --q 96 --acquisition ProbabilityOfImprovement --output_folder /home/nguyenm5/coding/pinot/jul-20/active-semi-no-background --index 4 --device cuda:0
------------------------------------------------------------

Exited with exit code 1.

Resource usage summary:

    CPU time :                                   0.13 sec.
    Max Memory :                                 -
    Average Memory :                             -
    Total Requested Memory :                     192.00 GB
    Delta Memory :                               -
    Max Swap :                                   -
    Max Processes :                              1
    Max Threads :                                1
    Run time :                                   0 sec.
    Turnaround time :                            116 sec.

The output (if any) follows:



PS:

Read file </home/nguyenm5/coding/pinot/jul-20/active-semi-no-background/ProbabilityOfImprovement_750.stderr> for stderr output of this job.

Sender: LSF System <lsfadmin@ls17>
Subject: Job 16039081: <semi> in cluster <lila> Exited

Job <semi> was submitted from host <lilac> by user <nguyenm5> in cluster <lila> at Mon Jul 20 17:39:34 2020
Job was executed on host(s) <12*ls17>, in queue <gpuqueue>, as user <nguyenm5> in cluster <lila> at Mon Jul 20 17:41:28 2020
</home/nguyenm5> was used as the home directory.
</home/nguyenm5/coding/pinot> was used as the working directory.
Started at Mon Jul 20 17:41:28 2020
Terminated at Mon Jul 20 17:41:31 2020
Results reported at Mon Jul 20 17:41:31 2020

Your job looked like:

------------------------------------------------------------
# LSBATCH: User input
/home/nguyenm5/anaconda3/envs/pinot/bin/python scripts/active/plotting_active.py --net semi_gp --num_rounds 6 --num_trials 1 --num_epochs 750 --data moonshot_sorted_by_date --q 96 --acquisition ProbabilityOfImprovement --output_folder /home/nguyenm5/coding/pinot/jul-20/active-semi-no-background --index 3 --device cuda:0
------------------------------------------------------------

Exited with exit code 1.

Resource usage summary:

    CPU time :                                   0.13 sec.
    Max Memory :                                 -
    Average Memory :                             -
    Total Requested Memory :                     192.00 GB
    Delta Memory :                               -
    Max Swap :                                   -
    Max Processes :                              4
    Max Threads :                                6
    Run time :                                   5 sec.
    Turnaround time :                            117 sec.

The output (if any) follows:



PS:

Read file </home/nguyenm5/coding/pinot/jul-20/active-semi-no-background/ProbabilityOfImprovement_750.stderr> for stderr output of this job.

Sender: LSF System <lsfadmin@lt17>
Subject: Job 16039085: <semi> in cluster <lila> Exited

Job <semi> was submitted from host <lilac> by user <nguyenm5> in cluster <lila> at Mon Jul 20 17:39:37 2020
Job was executed on host(s) <12*lt17>, in queue <gpuqueue>, as user <nguyenm5> in cluster <lila> at Mon Jul 20 17:41:31 2020
</home/nguyenm5> was used as the home directory.
</home/nguyenm5/coding/pinot> was used as the working directory.
Started at Mon Jul 20 17:41:31 2020
Terminated at Mon Jul 20 17:41:33 2020
Results reported at Mon Jul 20 17:41:33 2020

Your job looked like:

------------------------------------------------------------
# LSBATCH: User input
/home/nguyenm5/anaconda3/envs/pinot/bin/python scripts/active/plotting_active.py --net semi_gp --num_rounds 6 --num_trials 1 --num_epochs 750 --data moonshot_sorted_by_date --q 96 --acquisition ProbabilityOfImprovement --output_folder /home/nguyenm5/coding/pinot/jul-20/active-semi-no-background --index 5 --device cuda:0
------------------------------------------------------------

Exited with exit code 1.

Resource usage summary:

    CPU time :                                   0.12 sec.
    Max Memory :                                 -
    Average Memory :                             -
    Total Requested Memory :                     192.00 GB
    Delta Memory :                               -
    Max Swap :                                   -
    Max Processes :                              1
    Max Threads :                                1
    Run time :                                   3 sec.
    Turnaround time :                            116 sec.

The output (if any) follows:



PS:

Read file </home/nguyenm5/coding/pinot/jul-20/active-semi-no-background/ProbabilityOfImprovement_750.stderr> for stderr output of this job.

Sender: LSF System <lsfadmin@lu09>
Subject: Job 16046668: <semi> in cluster <lila> Done

Job <semi> was submitted from host <lilac> by user <nguyenm5> in cluster <lila> at Mon Jul 20 19:40:09 2020
Job was executed on host(s) <12*lu09>, in queue <gpuqueue>, as user <nguyenm5> in cluster <lila> at Mon Jul 20 19:59:58 2020
</home/nguyenm5> was used as the home directory.
</home/nguyenm5/coding/pinot> was used as the working directory.
Started at Mon Jul 20 19:59:58 2020
Terminated at Tue Jul 21 04:42:38 2020
Results reported at Tue Jul 21 04:42:38 2020

Your job looked like:

------------------------------------------------------------
# LSBATCH: User input
/home/nguyenm5/anaconda3/envs/pinot/bin/python scripts/active/plotting_active.py --net semi_gp --num_rounds 6 --num_trials 1 --num_epochs 750 --data moonshot_sorted_by_date --q 96 --acquisition ProbabilityOfImprovement --output_folder /home/nguyenm5/coding/pinot/jul-20/active-semi-no-background --index 4 --device cuda:0
------------------------------------------------------------

Successfully completed.

Resource usage summary:

    CPU time :                                   512920.00 sec.
    Max Memory :                                 2 GB
    Average Memory :                             2.00 GB
    Total Requested Memory :                     192.00 GB
    Delta Memory :                               190.00 GB
    Max Swap :                                   -
    Max Processes :                              4
    Max Threads :                                21
    Run time :                                   31359 sec.
    Turnaround time :                            32549 sec.

The output (if any) follows:

0
MPI, UCB, UCB-ybest, Expected Improv
[array(0.5672751, dtype=float32), array(0.49776185, dtype=float32), array(0.4738779, dtype=float32), array(0.47273523, dtype=float32), array(0.47155547, dtype=float32), array(0.4703409, dtype=float32)]
[array(1.8885288, dtype=float32), array(1.7964983, dtype=float32), array(1.7136924, dtype=float32), array(1.6342877, dtype=float32), array(1.559877, dtype=float32), array(1.4974272, dtype=float32)]
[array(2.051794, dtype=float32), array(1.7742246, dtype=float32), array(1.4642185, dtype=float32), array(1.3848138, dtype=float32), array(1.3104031, dtype=float32), array(1.2479533, dtype=float32)]
[array(0.4715395, dtype=float32), array(0.35464966, dtype=float32), array(0.23865025, dtype=float32), array(0.22308859, dtype=float32), array(0.20835863, dtype=float32), array(0.19898391, dtype=float32)]
[array(0.5672751, dtype=float32), array(0.4903201, dtype=float32), array(0.3886112, dtype=float32), array(0.3832134, dtype=float32), array(0.37722176, dtype=float32), array(0.378497, dtype=float32)]
[array(1.8885288, dtype=float32), array(1.7964983, dtype=float32), array(1.7136924, dtype=float32), array(1.6342877, dtype=float32), array(1.5598768, dtype=float32), array(1.4974272, dtype=float32)]
[array(2.051794, dtype=float32), array(1.7742246, dtype=float32), array(1.4642185, dtype=float32), array(1.3848138, dtype=float32), array(1.3104029, dtype=float32), array(1.2479533, dtype=float32)]
[array(0.4715395, dtype=float32), array(0.35464966, dtype=float32), array(0.23865025, dtype=float32), array(0.22308859, dtype=float32), array(0.20835862, dtype=float32), array(0.19898394, dtype=float32)]


PS:

Read file </home/nguyenm5/coding/pinot/jul-20/active-semi-no-background/ProbabilityOfImprovement_750.stderr> for stderr output of this job.

Sender: LSF System <lsfadmin@lu08>
Subject: Job 16046664: <semi> in cluster <lila> Done

Job <semi> was submitted from host <lilac> by user <nguyenm5> in cluster <lila> at Mon Jul 20 19:40:08 2020
Job was executed on host(s) <12*lu08>, in queue <gpuqueue>, as user <nguyenm5> in cluster <lila> at Mon Jul 20 19:59:23 2020
</home/nguyenm5> was used as the home directory.
</home/nguyenm5/coding/pinot> was used as the working directory.
Started at Mon Jul 20 19:59:23 2020
Terminated at Tue Jul 21 04:47:07 2020
Results reported at Tue Jul 21 04:47:07 2020

Your job looked like:

------------------------------------------------------------
# LSBATCH: User input
/home/nguyenm5/anaconda3/envs/pinot/bin/python scripts/active/plotting_active.py --net semi_gp --num_rounds 6 --num_trials 1 --num_epochs 750 --data moonshot_sorted_by_date --q 96 --acquisition ProbabilityOfImprovement --output_folder /home/nguyenm5/coding/pinot/jul-20/active-semi-no-background --index 2 --device cuda:0
------------------------------------------------------------

Successfully completed.

Resource usage summary:

    CPU time :                                   526147.00 sec.
    Max Memory :                                 2 GB
    Average Memory :                             2.00 GB
    Total Requested Memory :                     192.00 GB
    Delta Memory :                               190.00 GB
    Max Swap :                                   -
    Max Processes :                              4
    Max Threads :                                21
    Run time :                                   31665 sec.
    Turnaround time :                            32819 sec.

The output (if any) follows:

0
MPI, UCB, UCB-ybest, Expected Improv
[array(0.56101805, dtype=float32), array(0.49776274, dtype=float32), array(0.49767256, dtype=float32), array(0.47273815, dtype=float32), array(0.4715587, dtype=float32), array(0.47033656, dtype=float32)]
[array(1.888521, dtype=float32), array(1.7966342, dtype=float32), array(1.7104024, dtype=float32), array(1.6339138, dtype=float32), array(1.5603653, dtype=float32), array(1.4927616, dtype=float32)]
[array(2.0364747, dtype=float32), array(1.7743605, dtype=float32), array(1.6881287, dtype=float32), array(1.3844398, dtype=float32), array(1.3108914, dtype=float32), array(1.2432877, dtype=float32)]
[array(0.46289998, dtype=float32), array(0.35476655, dtype=float32), array(0.3371611, dtype=float32), array(0.22295055, dtype=float32), array(0.20849776, dtype=float32), array(0.19545835, dtype=float32)]
[array(0.56101805, dtype=float32), array(0.4904545, dtype=float32), array(0.48988193, dtype=float32), array(0.38305277, dtype=float32), array(0.37735617, dtype=float32), array(0.372074, dtype=float32)]
[array(1.888521, dtype=float32), array(1.7966342, dtype=float32), array(1.7104024, dtype=float32), array(1.6339138, dtype=float32), array(1.5603653, dtype=float32), array(1.4927616, dtype=float32)]
[array(2.0364747, dtype=float32), array(1.7743605, dtype=float32), array(1.6881287, dtype=float32), array(1.3844398, dtype=float32), array(1.3108914, dtype=float32), array(1.2432877, dtype=float32)]
[array(0.46289998, dtype=float32), array(0.35476655, dtype=float32), array(0.33716106, dtype=float32), array(0.22295055, dtype=float32), array(0.20849776, dtype=float32), array(0.19545838, dtype=float32)]


PS:

Read file </home/nguyenm5/coding/pinot/jul-20/active-semi-no-background/ProbabilityOfImprovement_750.stderr> for stderr output of this job.

Sender: LSF System <lsfadmin@lt06>
Subject: Job 16046666: <semi> in cluster <lila> Done

Job <semi> was submitted from host <lilac> by user <nguyenm5> in cluster <lila> at Mon Jul 20 19:40:09 2020
Job was executed on host(s) <12*lt06>, in queue <gpuqueue>, as user <nguyenm5> in cluster <lila> at Mon Jul 20 19:59:29 2020
</home/nguyenm5> was used as the home directory.
</home/nguyenm5/coding/pinot> was used as the working directory.
Started at Mon Jul 20 19:59:29 2020
Terminated at Tue Jul 21 05:17:07 2020
Results reported at Tue Jul 21 05:17:07 2020

Your job looked like:

------------------------------------------------------------
# LSBATCH: User input
/home/nguyenm5/anaconda3/envs/pinot/bin/python scripts/active/plotting_active.py --net semi_gp --num_rounds 6 --num_trials 1 --num_epochs 750 --data moonshot_sorted_by_date --q 96 --acquisition ProbabilityOfImprovement --output_folder /home/nguyenm5/coding/pinot/jul-20/active-semi-no-background --index 3 --device cuda:0
------------------------------------------------------------

Successfully completed.

Resource usage summary:

    CPU time :                                   561220.00 sec.
    Max Memory :                                 2 GB
    Average Memory :                             2.00 GB
    Total Requested Memory :                     192.00 GB
    Delta Memory :                               190.00 GB
    Max Swap :                                   -
    Max Processes :                              4
    Max Threads :                                21
    Run time :                                   33459 sec.
    Turnaround time :                            34618 sec.

The output (if any) follows:

0
MPI, UCB, UCB-ybest, Expected Improv
[array(0.40691906, dtype=float32), array(0.4378454, dtype=float32), array(0.43000937, dtype=float32), array(0.44512206, dtype=float32), array(0.4575308, dtype=float32), array(0.45430583, dtype=float32)]
[array(2.0274098, dtype=float32), array(1.9798799, dtype=float32), array(2.015159, dtype=float32), array(1.9370655, dtype=float32), array(1.9242421, dtype=float32), array(1.7844735, dtype=float32)]
[array(1.0374292, dtype=float32), array(0.9898993, dtype=float32), array(1.0207841, dtype=float32), array(0.94269073, dtype=float32), array(0.9298674, dtype=float32), array(0.7900988, dtype=float32)]
[array(0.09980346, dtype=float32), array(0.08970164, dtype=float32), array(0.09856483, dtype=float32), array(0.08323982, dtype=float32), array(0.08121966, dtype=float32), array(0.06452747, dtype=float32)]
[array(0.406919, dtype=float32), array(0.17094278, dtype=float32), array(0.4186979, dtype=float32), array(0.44512182, dtype=float32), array(0.1604482, dtype=float32), array(0.14191866, dtype=float32)]
[array(2.02741, dtype=float32), array(1.9798799, dtype=float32), array(2.015159, dtype=float32), array(1.9370654, dtype=float32), array(1.9242421, dtype=float32), array(1.7844737, dtype=float32)]
[array(1.0374295, dtype=float32), array(0.9898993, dtype=float32), array(1.0207841, dtype=float32), array(0.9426906, dtype=float32), array(0.9298674, dtype=float32), array(0.7900989, dtype=float32)]
[array(0.09980348, dtype=float32), array(0.08970164, dtype=float32), array(0.09856483, dtype=float32), array(0.08323982, dtype=float32), array(0.08121966, dtype=float32), array(0.06452748, dtype=float32)]


PS:

Read file </home/nguyenm5/coding/pinot/jul-20/active-semi-no-background/ProbabilityOfImprovement_750.stderr> for stderr output of this job.

Sender: LSF System <lsfadmin@lu03>
Subject: Job 16046662: <semi> in cluster <lila> Done

Job <semi> was submitted from host <lilac> by user <nguyenm5> in cluster <lila> at Mon Jul 20 19:40:07 2020
Job was executed on host(s) <12*lu03>, in queue <gpuqueue>, as user <nguyenm5> in cluster <lila> at Mon Jul 20 19:59:14 2020
</home/nguyenm5> was used as the home directory.
</home/nguyenm5/coding/pinot> was used as the working directory.
Started at Mon Jul 20 19:59:14 2020
Terminated at Tue Jul 21 06:22:35 2020
Results reported at Tue Jul 21 06:22:35 2020

Your job looked like:

------------------------------------------------------------
# LSBATCH: User input
/home/nguyenm5/anaconda3/envs/pinot/bin/python scripts/active/plotting_active.py --net semi_gp --num_rounds 6 --num_trials 1 --num_epochs 750 --data moonshot_sorted_by_date --q 96 --acquisition ProbabilityOfImprovement --output_folder /home/nguyenm5/coding/pinot/jul-20/active-semi-no-background --index 1 --device cuda:0
------------------------------------------------------------

Successfully completed.

Resource usage summary:

    CPU time :                                   583276.00 sec.
    Max Memory :                                 2 GB
    Average Memory :                             2.00 GB
    Total Requested Memory :                     192.00 GB
    Delta Memory :                               190.00 GB
    Max Swap :                                   -
    Max Processes :                              4
    Max Threads :                                21
    Run time :                                   37402 sec.
    Turnaround time :                            38548 sec.

The output (if any) follows:

0
MPI, UCB, UCB-ybest, Expected Improv
[array(0.49433565, dtype=float32), array(0.4828002, dtype=float32), array(0.47851133, dtype=float32), array(0.48530453, dtype=float32), array(0.4807886, dtype=float32), array(0.47906274, dtype=float32)]
[array(1.889358, dtype=float32), array(1.8022605, dtype=float32), array(1.7268559, dtype=float32), array(1.6509774, dtype=float32), array(1.5785096, dtype=float32), array(1.5102109, dtype=float32)]
[array(1.8305112, dtype=float32), array(1.6261163, dtype=float32), array(1.5110842, dtype=float32), array(1.4352057, dtype=float32), array(1.3627379, dtype=float32), array(1.2944392, dtype=float32)]
[array(0.35665247, dtype=float32), array(0.2881493, dtype=float32), array(0.26088324, dtype=float32), array(0.25056875, dtype=float32), array(0.23265973, dtype=float32), array(0.21745448, dtype=float32)]
[array(0.48052955, dtype=float32), array(0.43074274, dtype=float32), array(0.44669425, dtype=float32), array(0.45673293, dtype=float32), array(0.41406268, dtype=float32), array(0.40503263, dtype=float32)]
[array(1.8893578, dtype=float32), array(1.8022605, dtype=float32), array(1.7268559, dtype=float32), array(1.6509775, dtype=float32), array(1.5785096, dtype=float32), array(1.5102109, dtype=float32)]
[array(1.830511, dtype=float32), array(1.6261163, dtype=float32), array(1.5110842, dtype=float32), array(1.4352058, dtype=float32), array(1.3627379, dtype=float32), array(1.2944392, dtype=float32)]
[array(0.35665247, dtype=float32), array(0.28814936, dtype=float32), array(0.2608832, dtype=float32), array(0.2505688, dtype=float32), array(0.23265973, dtype=float32), array(0.21745445, dtype=float32)]


PS:

Read file </home/nguyenm5/coding/pinot/jul-20/active-semi-no-background/ProbabilityOfImprovement_750.stderr> for stderr output of this job.

Sender: LSF System <lsfadmin@lt10>
Subject: Job 16046670: <semi> in cluster <lila> Done

Job <semi> was submitted from host <lilac> by user <nguyenm5> in cluster <lila> at Mon Jul 20 19:40:09 2020
Job was executed on host(s) <12*lt10>, in queue <gpuqueue>, as user <nguyenm5> in cluster <lila> at Mon Jul 20 20:00:29 2020
</home/nguyenm5> was used as the home directory.
</home/nguyenm5/coding/pinot> was used as the working directory.
Started at Mon Jul 20 20:00:29 2020
Terminated at Tue Jul 21 06:45:48 2020
Results reported at Tue Jul 21 06:45:48 2020

Your job looked like:

------------------------------------------------------------
# LSBATCH: User input
/home/nguyenm5/anaconda3/envs/pinot/bin/python scripts/active/plotting_active.py --net semi_gp --num_rounds 6 --num_trials 1 --num_epochs 750 --data moonshot_sorted_by_date --q 96 --acquisition ProbabilityOfImprovement --output_folder /home/nguyenm5/coding/pinot/jul-20/active-semi-no-background --index 5 --device cuda:0
------------------------------------------------------------

Successfully completed.

Resource usage summary:

    CPU time :                                   659418.00 sec.
    Max Memory :                                 2 GB
    Average Memory :                             2.00 GB
    Total Requested Memory :                     192.00 GB
    Delta Memory :                               190.00 GB
    Max Swap :                                   -
    Max Processes :                              4
    Max Threads :                                21
    Run time :                                   38719 sec.
    Turnaround time :                            39939 sec.

The output (if any) follows:

0
MPI, UCB, UCB-ybest, Expected Improv
[array(0.49342, dtype=float32), array(0.4927231, dtype=float32), array(0.4926923, dtype=float32), array(0.4918173, dtype=float32), array(0.43476653, dtype=float32), array(0.43155545, dtype=float32)]
[array(1.8896635, dtype=float32), array(1.7980447, dtype=float32), array(1.7121733, dtype=float32), array(1.6331569, dtype=float32), array(1.5768651, dtype=float32), array(1.5095967, dtype=float32)]
[array(1.821306, dtype=float32), array(1.7255468, dtype=float32), array(1.6396754, dtype=float32), array(1.5508248, dtype=float32), array(0.9989264, dtype=float32), array(0.931658, dtype=float32)]
[array(0.35246888, dtype=float32), array(0.33210412, dtype=float32), array(0.31484154, dtype=float32), array(0.29556525, dtype=float32), array(0.11283205, dtype=float32), array(0.10199654, dtype=float32)]
[array(0.47860008, dtype=float32), array(0.47617948, dtype=float32), array(0.47247785, dtype=float32), array(0.46544296, dtype=float32), array(0.24059778, dtype=float32), array(0.22993153, dtype=float32)]
[array(1.8896636, dtype=float32), array(1.7980447, dtype=float32), array(1.7121733, dtype=float32), array(1.633157, dtype=float32), array(1.5768651, dtype=float32), array(1.5095968, dtype=float32)]
[array(1.8213061, dtype=float32), array(1.7255468, dtype=float32), array(1.6396754, dtype=float32), array(1.5508249, dtype=float32), array(0.9989264, dtype=float32), array(0.93165815, dtype=float32)]
[array(0.35246885, dtype=float32), array(0.33210415, dtype=float32), array(0.31484157, dtype=float32), array(0.29556525, dtype=float32), array(0.11283207, dtype=float32), array(0.10199657, dtype=float32)]


PS:

Read file </home/nguyenm5/coding/pinot/jul-20/active-semi-no-background/ProbabilityOfImprovement_750.stderr> for stderr output of this job.

