Sender: LSF System <lsfadmin@lt18>
Subject: Job 14805208: <_gp_SGD_SGConv_1e-3> in cluster <lila> Done

Job <_gp_SGD_SGConv_1e-3> was submitted from host <lx12> by user <wangy1> in cluster <lila> at Mon Jun  8 14:49:02 2020
Job was executed on host(s) <12*lt18>, in queue <gpuqueue>, as user <wangy1> in cluster <lila> at Mon Jun  8 14:49:03 2020
</home/wangy1> was used as the home directory.
</data/chodera/wangyq/pinot/scripts/gp_comparison> was used as the working directory.
Started at Mon Jun  8 14:49:03 2020
Terminated at Mon Jun  8 14:49:54 2020
Results reported at Mon Jun  8 14:49:54 2020

Your job looked like:

------------------------------------------------------------
# LSBATCH: User input
python ../../pinot/app/gp_train.py --layer SGConv --optimizer SGD --lr 1e-3 --out _gp_SGD_SGConv_1e-3 --n_epochs 100
------------------------------------------------------------

Successfully completed.

Resource usage summary:

    CPU time :                                   149.26 sec.
    Max Memory :                                 2 GB
    Average Memory :                             1.81 GB
    Total Requested Memory :                     48.00 GB
    Delta Memory :                               46.00 GB
    Max Swap :                                   -
    Max Processes :                              3
    Max Threads :                                20
    Run time :                                   51 sec.
    Turnaround time :                            52 sec.

The output (if any) follows:

Parameter containing:
tensor(1., device='cuda:0', requires_grad=True)
Parameter containing:
tensor(0.5885, device='cuda:0', requires_grad=True)
Parameter containing:
tensor(0.3759, device='cuda:0', requires_grad=True)
Parameter containing:
tensor(0.3400, device='cuda:0', requires_grad=True)
Parameter containing:
tensor(0.2393, device='cuda:0', requires_grad=True)
Parameter containing:
tensor(0.2673, device='cuda:0', requires_grad=True)
Parameter containing:
tensor(0.2100, device='cuda:0', requires_grad=True)
Parameter containing:
tensor(0.1870, device='cuda:0', requires_grad=True)
Parameter containing:
tensor(0.1535, device='cuda:0', requires_grad=True)
Parameter containing:
tensor(0.1789, device='cuda:0', requires_grad=True)
Parameter containing:
tensor(0.2551, device='cuda:0', requires_grad=True)
Parameter containing:
tensor(0.2140, device='cuda:0', requires_grad=True)
Parameter containing:
tensor(0.2968, device='cuda:0', requires_grad=True)
Parameter containing:
tensor(0.3045, device='cuda:0', requires_grad=True)
Parameter containing:
tensor(0.3020, device='cuda:0', requires_grad=True)
Parameter containing:
tensor(0.2739, device='cuda:0', requires_grad=True)
Parameter containing:
tensor(0.2756, device='cuda:0', requires_grad=True)
Parameter containing:
tensor(0.2720, device='cuda:0', requires_grad=True)
Parameter containing:
tensor(0.3392, device='cuda:0', requires_grad=True)
Parameter containing:
tensor(0.3492, device='cuda:0', requires_grad=True)
Parameter containing:
tensor(0.3635, device='cuda:0', requires_grad=True)
Parameter containing:
tensor(0.3011, device='cuda:0', requires_grad=True)
Parameter containing:
tensor(0.3210, device='cuda:0', requires_grad=True)
Parameter containing:
tensor(0.2644, device='cuda:0', requires_grad=True)
Parameter containing:
tensor(0.3285, device='cuda:0', requires_grad=True)
Parameter containing:
tensor(0.3510, device='cuda:0', requires_grad=True)
Parameter containing:
tensor(0.3475, device='cuda:0', requires_grad=True)
Parameter containing:
tensor(0.3288, device='cuda:0', requires_grad=True)
Parameter containing:
tensor(0.3738, device='cuda:0', requires_grad=True)
Parameter containing:
tensor(0.3393, device='cuda:0', requires_grad=True)
Parameter containing:
tensor(0.3002, device='cuda:0', requires_grad=True)
Parameter containing:
tensor(0.3418, device='cuda:0', requires_grad=True)
Parameter containing:
tensor(0.3222, device='cuda:0', requires_grad=True)
Parameter containing:
tensor(0.3162, device='cuda:0', requires_grad=True)
Parameter containing:
tensor(0.2794, device='cuda:0', requires_grad=True)
Parameter containing:
tensor(0.3309, device='cuda:0', requires_grad=True)
Parameter containing:
tensor(0.3395, device='cuda:0', requires_grad=True)
Parameter containing:
tensor(0.3062, device='cuda:0', requires_grad=True)
Parameter containing:
tensor(0.2931, device='cuda:0', requires_grad=True)
Parameter containing:
tensor(0.2560, device='cuda:0', requires_grad=True)
Parameter containing:
tensor(0.2901, device='cuda:0', requires_grad=True)
Parameter containing:
tensor(0.3722, device='cuda:0', requires_grad=True)
Parameter containing:
tensor(0.3624, device='cuda:0', requires_grad=True)
Parameter containing:
tensor(0.3369, device='cuda:0', requires_grad=True)
Parameter containing:
tensor(0.2661, device='cuda:0', requires_grad=True)
Parameter containing:
tensor(0.2665, device='cuda:0', requires_grad=True)
Parameter containing:
tensor(0.3455, device='cuda:0', requires_grad=True)
Parameter containing:
tensor(0.2482, device='cuda:0', requires_grad=True)
Parameter containing:
tensor(0.2686, device='cuda:0', requires_grad=True)
Parameter containing:
tensor(0.1625, device='cuda:0', requires_grad=True)
Parameter containing:
tensor(0.2952, device='cuda:0', requires_grad=True)
Parameter containing:
tensor(0.3019, device='cuda:0', requires_grad=True)
Parameter containing:
tensor(0.3100, device='cuda:0', requires_grad=True)
Parameter containing:
tensor(0.3369, device='cuda:0', requires_grad=True)
Parameter containing:
tensor(0.2932, device='cuda:0', requires_grad=True)
Parameter containing:
tensor(0.2875, device='cuda:0', requires_grad=True)
Parameter containing:
tensor(0.3102, device='cuda:0', requires_grad=True)
Parameter containing:
tensor(0.2982, device='cuda:0', requires_grad=True)
Parameter containing:
tensor(0.3453, device='cuda:0', requires_grad=True)
Parameter containing:
tensor(0.3121, device='cuda:0', requires_grad=True)
Parameter containing:
tensor(0.2793, device='cuda:0', requires_grad=True)
Parameter containing:
tensor(0.3421, device='cuda:0', requires_grad=True)
Parameter containing:
tensor(0.3222, device='cuda:0', requires_grad=True)
Parameter containing:
tensor(0.2806, device='cuda:0', requires_grad=True)
Parameter containing:
tensor(0.3075, device='cuda:0', requires_grad=True)
Parameter containing:
tensor(0.2119, device='cuda:0', requires_grad=True)
Parameter containing:
tensor(0.2956, device='cuda:0', requires_grad=True)
Parameter containing:
tensor(0.2363, device='cuda:0', requires_grad=True)
Parameter containing:
tensor(0.2914, device='cuda:0', requires_grad=True)
Parameter containing:
tensor(0.3542, device='cuda:0', requires_grad=True)
Parameter containing:
tensor(0.3759, device='cuda:0', requires_grad=True)
Parameter containing:
tensor(0.3485, device='cuda:0', requires_grad=True)
Parameter containing:
tensor(0.2575, device='cuda:0', requires_grad=True)
Parameter containing:
tensor(0.2055, device='cuda:0', requires_grad=True)
Parameter containing:
tensor(0.2433, device='cuda:0', requires_grad=True)
Parameter containing:
tensor(0.2023, device='cuda:0', requires_grad=True)
Parameter containing:
tensor(0.2643, device='cuda:0', requires_grad=True)
Parameter containing:
tensor(0.3404, device='cuda:0', requires_grad=True)
Parameter containing:
tensor(0.2774, device='cuda:0', requires_grad=True)
Parameter containing:
tensor(0.3726, device='cuda:0', requires_grad=True)
Parameter containing:
tensor(0.4619, device='cuda:0', requires_grad=True)
Parameter containing:
tensor(0.4541, device='cuda:0', requires_grad=True)
Parameter containing:
tensor(0.4105, device='cuda:0', requires_grad=True)
Parameter containing:
tensor(0.3457, device='cuda:0', requires_grad=True)
Parameter containing:
tensor(0.3031, device='cuda:0', requires_grad=True)
Parameter containing:
tensor(0.3685, device='cuda:0', requires_grad=True)
Parameter containing:
tensor(0.3561, device='cuda:0', requires_grad=True)
Parameter containing:
tensor(0.4250, device='cuda:0', requires_grad=True)
Parameter containing:
tensor(0.4609, device='cuda:0', requires_grad=True)
Parameter containing:
tensor(0.4035, device='cuda:0', requires_grad=True)
Parameter containing:
tensor(0.4407, device='cuda:0', requires_grad=True)
Parameter containing:
tensor(0.4335, device='cuda:0', requires_grad=True)
Parameter containing:
tensor(0.4254, device='cuda:0', requires_grad=True)
Parameter containing:
tensor(0.4585, device='cuda:0', requires_grad=True)
Parameter containing:
tensor(0.3267, device='cuda:0', requires_grad=True)
Parameter containing:
tensor(0.4398, device='cuda:0', requires_grad=True)
Parameter containing:
tensor(0.4392, device='cuda:0', requires_grad=True)
Parameter containing:
tensor(0.4360, device='cuda:0', requires_grad=True)
Parameter containing:
tensor(0.4151, device='cuda:0', requires_grad=True)
Parameter containing:
tensor(0.3137, device='cuda:0', requires_grad=True)


PS:

Read file <14805208.stderr> for stderr output of this job.

