Sender: LSF System <lsfadmin@ls04>
Subject: Job 14804952: <_gp_SGD_SGConv_1e-3> in cluster <lila> Done

Job <_gp_SGD_SGConv_1e-3> was submitted from host <lx12> by user <wangy1> in cluster <lila> at Mon Jun  8 13:33:41 2020
Job was executed on host(s) <12*ls04>, in queue <gpuqueue>, as user <wangy1> in cluster <lila> at Mon Jun  8 13:33:41 2020
</home/wangy1> was used as the home directory.
</data/chodera/wangyq/pinot/scripts/gp_comparison> was used as the working directory.
Started at Mon Jun  8 13:33:41 2020
Terminated at Mon Jun  8 13:34:42 2020
Results reported at Mon Jun  8 13:34:42 2020

Your job looked like:

------------------------------------------------------------
# LSBATCH: User input
python ../../pinot/app/gp_train.py --layer SGConv --optimizer SGD --lr 1e-3 --out _gp_SGD_SGConv_1e-3 --n_epochs 100
------------------------------------------------------------

Successfully completed.

Resource usage summary:

    CPU time :                                   143.72 sec.
    Max Memory :                                 2 GB
    Average Memory :                             1.53 GB
    Total Requested Memory :                     48.00 GB
    Delta Memory :                               46.00 GB
    Max Swap :                                   -
    Max Processes :                              3
    Max Threads :                                20
    Run time :                                   62 sec.
    Turnaround time :                            61 sec.

The output (if any) follows:

Parameter containing:
tensor(1., device='cuda:0', requires_grad=True)
Parameter containing:
tensor(0.5854, device='cuda:0', requires_grad=True)
Parameter containing:
tensor(0.4269, device='cuda:0', requires_grad=True)
Parameter containing:
tensor(0.2923, device='cuda:0', requires_grad=True)
Parameter containing:
tensor(0.2843, device='cuda:0', requires_grad=True)
Parameter containing:
tensor(0.2638, device='cuda:0', requires_grad=True)
Parameter containing:
tensor(0.2929, device='cuda:0', requires_grad=True)
Parameter containing:
tensor(0.3026, device='cuda:0', requires_grad=True)
Parameter containing:
tensor(0.2506, device='cuda:0', requires_grad=True)
Parameter containing:
tensor(0.3275, device='cuda:0', requires_grad=True)
Parameter containing:
tensor(0.3523, device='cuda:0', requires_grad=True)
Parameter containing:
tensor(0.2898, device='cuda:0', requires_grad=True)
Parameter containing:
tensor(0.2963, device='cuda:0', requires_grad=True)
Parameter containing:
tensor(0.3256, device='cuda:0', requires_grad=True)
Parameter containing:
tensor(0.3046, device='cuda:0', requires_grad=True)
Parameter containing:
tensor(0.3164, device='cuda:0', requires_grad=True)
Parameter containing:
tensor(0.3332, device='cuda:0', requires_grad=True)
Parameter containing:
tensor(0.3169, device='cuda:0', requires_grad=True)
Parameter containing:
tensor(0.3523, device='cuda:0', requires_grad=True)
Parameter containing:
tensor(0.3183, device='cuda:0', requires_grad=True)
Parameter containing:
tensor(0.3508, device='cuda:0', requires_grad=True)
Parameter containing:
tensor(0.3775, device='cuda:0', requires_grad=True)
Parameter containing:
tensor(0.2954, device='cuda:0', requires_grad=True)
Parameter containing:
tensor(0.3011, device='cuda:0', requires_grad=True)
Parameter containing:
tensor(0.3165, device='cuda:0', requires_grad=True)
Parameter containing:
tensor(0.3443, device='cuda:0', requires_grad=True)
Parameter containing:
tensor(0.2843, device='cuda:0', requires_grad=True)
Parameter containing:
tensor(0.3099, device='cuda:0', requires_grad=True)
Parameter containing:
tensor(0.3226, device='cuda:0', requires_grad=True)
Parameter containing:
tensor(0.2180, device='cuda:0', requires_grad=True)
Parameter containing:
tensor(0.2182, device='cuda:0', requires_grad=True)
Parameter containing:
tensor(0.2970, device='cuda:0', requires_grad=True)
Parameter containing:
tensor(0.2301, device='cuda:0', requires_grad=True)
Parameter containing:
tensor(0.2833, device='cuda:0', requires_grad=True)
Parameter containing:
tensor(0.2270, device='cuda:0', requires_grad=True)
Parameter containing:
tensor(0.3353, device='cuda:0', requires_grad=True)
Parameter containing:
tensor(0.3931, device='cuda:0', requires_grad=True)
Parameter containing:
tensor(0.3282, device='cuda:0', requires_grad=True)
Parameter containing:
tensor(0.4347, device='cuda:0', requires_grad=True)
Parameter containing:
tensor(0.3494, device='cuda:0', requires_grad=True)
Parameter containing:
tensor(0.4174, device='cuda:0', requires_grad=True)
Parameter containing:
tensor(0.4127, device='cuda:0', requires_grad=True)
Parameter containing:
tensor(0.4325, device='cuda:0', requires_grad=True)
Parameter containing:
tensor(0.4629, device='cuda:0', requires_grad=True)
Parameter containing:
tensor(0.3986, device='cuda:0', requires_grad=True)
Parameter containing:
tensor(0.3074, device='cuda:0', requires_grad=True)
Parameter containing:
tensor(0.4362, device='cuda:0', requires_grad=True)
Parameter containing:
tensor(0.4637, device='cuda:0', requires_grad=True)
Parameter containing:
tensor(0.4587, device='cuda:0', requires_grad=True)
Parameter containing:
tensor(0.4711, device='cuda:0', requires_grad=True)
Parameter containing:
tensor(0.4229, device='cuda:0', requires_grad=True)
Parameter containing:
tensor(0.4003, device='cuda:0', requires_grad=True)
Parameter containing:
tensor(0.3841, device='cuda:0', requires_grad=True)
Parameter containing:
tensor(0.3900, device='cuda:0', requires_grad=True)
Parameter containing:
tensor(0.4329, device='cuda:0', requires_grad=True)
Parameter containing:
tensor(0.4258, device='cuda:0', requires_grad=True)
Parameter containing:
tensor(0.4006, device='cuda:0', requires_grad=True)
Parameter containing:
tensor(0.4364, device='cuda:0', requires_grad=True)
Parameter containing:
tensor(0.4596, device='cuda:0', requires_grad=True)
Parameter containing:
tensor(0.4336, device='cuda:0', requires_grad=True)
Parameter containing:
tensor(0.4826, device='cuda:0', requires_grad=True)
Parameter containing:
tensor(0.4629, device='cuda:0', requires_grad=True)
Parameter containing:
tensor(0.4165, device='cuda:0', requires_grad=True)
Parameter containing:
tensor(0.3977, device='cuda:0', requires_grad=True)
Parameter containing:
tensor(0.4479, device='cuda:0', requires_grad=True)
Parameter containing:
tensor(0.3841, device='cuda:0', requires_grad=True)
Parameter containing:
tensor(0.4398, device='cuda:0', requires_grad=True)
Parameter containing:
tensor(0.4452, device='cuda:0', requires_grad=True)
Parameter containing:
tensor(0.4845, device='cuda:0', requires_grad=True)
Parameter containing:
tensor(0.4339, device='cuda:0', requires_grad=True)
Parameter containing:
tensor(0.4202, device='cuda:0', requires_grad=True)
Parameter containing:
tensor(0.3692, device='cuda:0', requires_grad=True)
Parameter containing:
tensor(0.4080, device='cuda:0', requires_grad=True)
Parameter containing:
tensor(0.3645, device='cuda:0', requires_grad=True)
Parameter containing:
tensor(0.3663, device='cuda:0', requires_grad=True)
Parameter containing:
tensor(0.4199, device='cuda:0', requires_grad=True)
Parameter containing:
tensor(0.3570, device='cuda:0', requires_grad=True)
Parameter containing:
tensor(0.4327, device='cuda:0', requires_grad=True)
Parameter containing:
tensor(0.3705, device='cuda:0', requires_grad=True)
Parameter containing:
tensor(0.3731, device='cuda:0', requires_grad=True)
Parameter containing:
tensor(0.3038, device='cuda:0', requires_grad=True)
Parameter containing:
tensor(0.3170, device='cuda:0', requires_grad=True)
Parameter containing:
tensor(0.3412, device='cuda:0', requires_grad=True)
Parameter containing:
tensor(0.3164, device='cuda:0', requires_grad=True)
Parameter containing:
tensor(0.3867, device='cuda:0', requires_grad=True)
Parameter containing:
tensor(0.3988, device='cuda:0', requires_grad=True)
Parameter containing:
tensor(0.3166, device='cuda:0', requires_grad=True)
Parameter containing:
tensor(0.3459, device='cuda:0', requires_grad=True)
Parameter containing:
tensor(0.3905, device='cuda:0', requires_grad=True)
Parameter containing:
tensor(0.3190, device='cuda:0', requires_grad=True)
Parameter containing:
tensor(0.3174, device='cuda:0', requires_grad=True)
Parameter containing:
tensor(0.2321, device='cuda:0', requires_grad=True)
Parameter containing:
tensor(0.1983, device='cuda:0', requires_grad=True)
Parameter containing:
tensor(0.2981, device='cuda:0', requires_grad=True)
Parameter containing:
tensor(0.3614, device='cuda:0', requires_grad=True)
Parameter containing:
tensor(0.3234, device='cuda:0', requires_grad=True)
Parameter containing:
tensor(0.4056, device='cuda:0', requires_grad=True)
Parameter containing:
tensor(0.3948, device='cuda:0', requires_grad=True)
Parameter containing:
tensor(0.3335, device='cuda:0', requires_grad=True)
Parameter containing:
tensor(0.3248, device='cuda:0', requires_grad=True)


PS:

Read file <14804952.stderr> for stderr output of this job.

