Sender: LSF System <lsfadmin@lt06>
Subject: Job 14804831: <_gp_SGD_EdgeConv_1e-5> in cluster <lila> Done

Job <_gp_SGD_EdgeConv_1e-5> was submitted from host <lx12> by user <wangy1> in cluster <lila> at Mon Jun  8 12:41:50 2020
Job was executed on host(s) <12*lt06>, in queue <gpuqueue>, as user <wangy1> in cluster <lila> at Mon Jun  8 12:41:51 2020
</home/wangy1> was used as the home directory.
</data/chodera/wangyq/pinot/scripts/gp_comparison> was used as the working directory.
Started at Mon Jun  8 12:41:51 2020
Terminated at Mon Jun  8 12:42:46 2020
Results reported at Mon Jun  8 12:42:46 2020

Your job looked like:

------------------------------------------------------------
# LSBATCH: User input
python ../../pinot/app/gp_train.py --layer EdgeConv --optimizer SGD --lr 1e-5 --out _gp_SGD_EdgeConv_1e-5 --n_epochs 100
------------------------------------------------------------

Successfully completed.

Resource usage summary:

    CPU time :                                   162.87 sec.
    Max Memory :                                 1 GB
    Average Memory :                             0.93 GB
    Total Requested Memory :                     48.00 GB
    Delta Memory :                               47.00 GB
    Max Swap :                                   -
    Max Processes :                              3
    Max Threads :                                20
    Run time :                                   56 sec.
    Turnaround time :                            56 sec.

The output (if any) follows:

Parameter containing:
tensor(1., device='cuda:0', requires_grad=True)
Parameter containing:
tensor(0.9955, device='cuda:0', requires_grad=True)
Parameter containing:
tensor(0.9910, device='cuda:0', requires_grad=True)
Parameter containing:
tensor(0.9864, device='cuda:0', requires_grad=True)
Parameter containing:
tensor(0.9818, device='cuda:0', requires_grad=True)
Parameter containing:
tensor(0.9771, device='cuda:0', requires_grad=True)
Parameter containing:
tensor(0.9725, device='cuda:0', requires_grad=True)
Parameter containing:
tensor(0.9678, device='cuda:0', requires_grad=True)
Parameter containing:
tensor(0.9631, device='cuda:0', requires_grad=True)
Parameter containing:
tensor(0.9584, device='cuda:0', requires_grad=True)
Parameter containing:
tensor(0.9537, device='cuda:0', requires_grad=True)
Parameter containing:
tensor(0.9490, device='cuda:0', requires_grad=True)
Parameter containing:
tensor(0.9443, device='cuda:0', requires_grad=True)
Parameter containing:
tensor(0.9396, device='cuda:0', requires_grad=True)
Parameter containing:
tensor(0.9348, device='cuda:0', requires_grad=True)
Parameter containing:
tensor(0.9300, device='cuda:0', requires_grad=True)
Parameter containing:
tensor(0.9253, device='cuda:0', requires_grad=True)
Parameter containing:
tensor(0.9205, device='cuda:0', requires_grad=True)
Parameter containing:
tensor(0.9157, device='cuda:0', requires_grad=True)
Parameter containing:
tensor(0.9109, device='cuda:0', requires_grad=True)
Parameter containing:
tensor(0.9061, device='cuda:0', requires_grad=True)
Parameter containing:
tensor(0.9013, device='cuda:0', requires_grad=True)
Parameter containing:
tensor(0.8965, device='cuda:0', requires_grad=True)
Parameter containing:
tensor(0.8916, device='cuda:0', requires_grad=True)
Parameter containing:
tensor(0.8868, device='cuda:0', requires_grad=True)
Parameter containing:
tensor(0.8819, device='cuda:0', requires_grad=True)
Parameter containing:
tensor(0.8771, device='cuda:0', requires_grad=True)
Parameter containing:
tensor(0.8723, device='cuda:0', requires_grad=True)
Parameter containing:
tensor(0.8674, device='cuda:0', requires_grad=True)
Parameter containing:
tensor(0.8626, device='cuda:0', requires_grad=True)
Parameter containing:
tensor(0.8577, device='cuda:0', requires_grad=True)
Parameter containing:
tensor(0.8529, device='cuda:0', requires_grad=True)
Parameter containing:
tensor(0.8481, device='cuda:0', requires_grad=True)
Parameter containing:
tensor(0.8433, device='cuda:0', requires_grad=True)
Parameter containing:
tensor(0.8385, device='cuda:0', requires_grad=True)
Parameter containing:
tensor(0.8337, device='cuda:0', requires_grad=True)
Parameter containing:
tensor(0.8289, device='cuda:0', requires_grad=True)
Parameter containing:
tensor(0.8241, device='cuda:0', requires_grad=True)
Parameter containing:
tensor(0.8193, device='cuda:0', requires_grad=True)
Parameter containing:
tensor(0.8145, device='cuda:0', requires_grad=True)
Parameter containing:
tensor(0.8098, device='cuda:0', requires_grad=True)
Parameter containing:
tensor(0.8050, device='cuda:0', requires_grad=True)
Parameter containing:
tensor(0.8003, device='cuda:0', requires_grad=True)
Parameter containing:
tensor(0.7956, device='cuda:0', requires_grad=True)
Parameter containing:
tensor(0.7908, device='cuda:0', requires_grad=True)
Parameter containing:
tensor(0.7861, device='cuda:0', requires_grad=True)
Parameter containing:
tensor(0.7814, device='cuda:0', requires_grad=True)
Parameter containing:
tensor(0.7767, device='cuda:0', requires_grad=True)
Parameter containing:
tensor(0.7721, device='cuda:0', requires_grad=True)
Parameter containing:
tensor(0.7674, device='cuda:0', requires_grad=True)
Parameter containing:
tensor(0.7627, device='cuda:0', requires_grad=True)
Parameter containing:
tensor(0.7581, device='cuda:0', requires_grad=True)
Parameter containing:
tensor(0.7534, device='cuda:0', requires_grad=True)
Parameter containing:
tensor(0.7488, device='cuda:0', requires_grad=True)
Parameter containing:
tensor(0.7442, device='cuda:0', requires_grad=True)
Parameter containing:
tensor(0.7395, device='cuda:0', requires_grad=True)
Parameter containing:
tensor(0.7349, device='cuda:0', requires_grad=True)
Parameter containing:
tensor(0.7303, device='cuda:0', requires_grad=True)
Parameter containing:
tensor(0.7257, device='cuda:0', requires_grad=True)
Parameter containing:
tensor(0.7212, device='cuda:0', requires_grad=True)
Parameter containing:
tensor(0.7166, device='cuda:0', requires_grad=True)
Parameter containing:
tensor(0.7121, device='cuda:0', requires_grad=True)
Parameter containing:
tensor(0.7075, device='cuda:0', requires_grad=True)
Parameter containing:
tensor(0.7030, device='cuda:0', requires_grad=True)
Parameter containing:
tensor(0.6985, device='cuda:0', requires_grad=True)
Parameter containing:
tensor(0.6939, device='cuda:0', requires_grad=True)
Parameter containing:
tensor(0.6894, device='cuda:0', requires_grad=True)
Parameter containing:
tensor(0.6849, device='cuda:0', requires_grad=True)
Parameter containing:
tensor(0.6804, device='cuda:0', requires_grad=True)
Parameter containing:
tensor(0.6759, device='cuda:0', requires_grad=True)
Parameter containing:
tensor(0.6715, device='cuda:0', requires_grad=True)
Parameter containing:
tensor(0.6670, device='cuda:0', requires_grad=True)
Parameter containing:
tensor(0.6625, device='cuda:0', requires_grad=True)
Parameter containing:
tensor(0.6581, device='cuda:0', requires_grad=True)
Parameter containing:
tensor(0.6536, device='cuda:0', requires_grad=True)
Parameter containing:
tensor(0.6492, device='cuda:0', requires_grad=True)
Parameter containing:
tensor(0.6447, device='cuda:0', requires_grad=True)
Parameter containing:
tensor(0.6403, device='cuda:0', requires_grad=True)
Parameter containing:
tensor(0.6359, device='cuda:0', requires_grad=True)
Parameter containing:
tensor(0.6314, device='cuda:0', requires_grad=True)
Parameter containing:
tensor(0.6270, device='cuda:0', requires_grad=True)
Parameter containing:
tensor(0.6226, device='cuda:0', requires_grad=True)
Parameter containing:
tensor(0.6182, device='cuda:0', requires_grad=True)
Parameter containing:
tensor(0.6139, device='cuda:0', requires_grad=True)
Parameter containing:
tensor(0.6095, device='cuda:0', requires_grad=True)
Parameter containing:
tensor(0.6051, device='cuda:0', requires_grad=True)
Parameter containing:
tensor(0.6007, device='cuda:0', requires_grad=True)
Parameter containing:
tensor(0.5964, device='cuda:0', requires_grad=True)
Parameter containing:
tensor(0.5920, device='cuda:0', requires_grad=True)
Parameter containing:
tensor(0.5877, device='cuda:0', requires_grad=True)
Parameter containing:
tensor(0.5833, device='cuda:0', requires_grad=True)
Parameter containing:
tensor(0.5790, device='cuda:0', requires_grad=True)
Parameter containing:
tensor(0.5747, device='cuda:0', requires_grad=True)
Parameter containing:
tensor(0.5703, device='cuda:0', requires_grad=True)
Parameter containing:
tensor(0.5660, device='cuda:0', requires_grad=True)
Parameter containing:
tensor(0.5617, device='cuda:0', requires_grad=True)
Parameter containing:
tensor(0.5574, device='cuda:0', requires_grad=True)
Parameter containing:
tensor(0.5531, device='cuda:0', requires_grad=True)
Parameter containing:
tensor(0.5488, device='cuda:0', requires_grad=True)
Parameter containing:
tensor(0.5445, device='cuda:0', requires_grad=True)


PS:

Read file <14804831.stderr> for stderr output of this job.

