Sender: LSF System <lsfadmin@lt20>
Subject: Job 14787097: <_adam_EdgeConv_1e-3> in cluster <lila> Done

Job <_adam_EdgeConv_1e-3> was submitted from host <lt18> by user <wangy1> in cluster <lila> at Mon Jun  1 18:13:49 2020
Job was executed on host(s) <12*lt20>, in queue <gpuqueue>, as user <wangy1> in cluster <lila> at Mon Jun  1 18:13:50 2020
</home/wangy1> was used as the home directory.
</data/chodera/wangyq/pinot/scripts/comparison> was used as the working directory.
Started at Mon Jun  1 18:13:50 2020
Terminated at Mon Jun  1 18:14:28 2020
Results reported at Mon Jun  1 18:14:28 2020

Your job looked like:

------------------------------------------------------------
# LSBATCH: User input
python ../../pinot/app/supervised_train.py --layer EdgeConv --optimizer adam --lr 1e-3 --out _adam_EdgeConv_1e-3 --n_epochs 100
------------------------------------------------------------

Successfully completed.

Resource usage summary:

    CPU time :                                   39.32 sec.
    Max Memory :                                 1 GB
    Average Memory :                             0.90 GB
    Total Requested Memory :                     48.00 GB
    Delta Memory :                               47.00 GB
    Max Swap :                                   -
    Max Processes :                              3
    Max Threads :                                15
    Run time :                                   39 sec.
    Turnaround time :                            39 sec.

The output (if any) follows:



PS:

Read file <14787097.stderr> for stderr output of this job.

