Sender: LSF System <lsfadmin@ls10>
Subject: Job 14787418: <_adam_EdgeConv_1e-3> in cluster <lila> Done

Job <_adam_EdgeConv_1e-3> was submitted from host <lt21> by user <wangy1> in cluster <lila> at Mon Jun  1 23:09:58 2020
Job was executed on host(s) <12*ls10>, in queue <gpuqueue>, as user <wangy1> in cluster <lila> at Mon Jun  1 23:09:58 2020
</home/wangy1> was used as the home directory.
</data/chodera/wangyq/pinot/scripts/comparison> was used as the working directory.
Started at Mon Jun  1 23:09:58 2020
Terminated at Mon Jun  1 23:15:22 2020
Results reported at Mon Jun  1 23:15:22 2020

Your job looked like:

------------------------------------------------------------
# LSBATCH: User input
python ../../pinot/app/supervised_train.py --layer EdgeConv --optimizer adam --lr 1e-3 --out _adam_EdgeConv_1e-3 --n_epochs 1000
------------------------------------------------------------

Successfully completed.

Resource usage summary:

    CPU time :                                   322.64 sec.
    Max Memory :                                 1 GB
    Average Memory :                             0.98 GB
    Total Requested Memory :                     48.00 GB
    Delta Memory :                               47.00 GB
    Max Swap :                                   -
    Max Processes :                              3
    Max Threads :                                9
    Run time :                                   325 sec.
    Turnaround time :                            324 sec.

The output (if any) follows:



PS:

Read file <14787418.stderr> for stderr output of this job.

