Sender: LSF System <lsfadmin@lt06>
Subject: Job 14804833: <_gp_SGD_SAGEConv_1e-4> in cluster <lila> Done

Job <_gp_SGD_SAGEConv_1e-4> was submitted from host <lx12> by user <wangy1> in cluster <lila> at Mon Jun  8 12:41:51 2020
Job was executed on host(s) <12*lt06>, in queue <gpuqueue>, as user <wangy1> in cluster <lila> at Mon Jun  8 12:41:51 2020
</home/wangy1> was used as the home directory.
</data/chodera/wangyq/pinot/scripts/gp_comparison> was used as the working directory.
Started at Mon Jun  8 12:41:51 2020
Terminated at Mon Jun  8 12:42:44 2020
Results reported at Mon Jun  8 12:42:44 2020

Your job looked like:

------------------------------------------------------------
# LSBATCH: User input
python ../../pinot/app/gp_train.py --layer SAGEConv --optimizer SGD --lr 1e-4 --out _gp_SGD_SAGEConv_1e-4 --n_epochs 100
------------------------------------------------------------

Successfully completed.

Resource usage summary:

    CPU time :                                   148.44 sec.
    Max Memory :                                 2 GB
    Average Memory :                             1.83 GB
    Total Requested Memory :                     48.00 GB
    Delta Memory :                               46.00 GB
    Max Swap :                                   -
    Max Processes :                              3
    Max Threads :                                20
    Run time :                                   54 sec.
    Turnaround time :                            53 sec.

The output (if any) follows:

Parameter containing:
tensor(1., device='cuda:0', requires_grad=True)
Parameter containing:
tensor(0.9875, device='cuda:0', requires_grad=True)
Parameter containing:
tensor(0.9530, device='cuda:0', requires_grad=True)
Parameter containing:
tensor(0.9242, device='cuda:0', requires_grad=True)
Parameter containing:
tensor(0.8921, device='cuda:0', requires_grad=True)
Parameter containing:
tensor(0.8623, device='cuda:0', requires_grad=True)
Parameter containing:
tensor(0.8333, device='cuda:0', requires_grad=True)
Parameter containing:
tensor(0.8021, device='cuda:0', requires_grad=True)
Parameter containing:
tensor(0.7688, device='cuda:0', requires_grad=True)
Parameter containing:
tensor(0.7440, device='cuda:0', requires_grad=True)
Parameter containing:
tensor(0.7249, device='cuda:0', requires_grad=True)
Parameter containing:
tensor(0.7031, device='cuda:0', requires_grad=True)
Parameter containing:
tensor(0.6771, device='cuda:0', requires_grad=True)
Parameter containing:
tensor(0.6592, device='cuda:0', requires_grad=True)
Parameter containing:
tensor(0.6396, device='cuda:0', requires_grad=True)
Parameter containing:
tensor(0.6239, device='cuda:0', requires_grad=True)
Parameter containing:
tensor(0.6067, device='cuda:0', requires_grad=True)
Parameter containing:
tensor(0.5804, device='cuda:0', requires_grad=True)
Parameter containing:
tensor(0.5604, device='cuda:0', requires_grad=True)
Parameter containing:
tensor(0.5448, device='cuda:0', requires_grad=True)
Parameter containing:
tensor(0.5275, device='cuda:0', requires_grad=True)
Parameter containing:
tensor(0.5097, device='cuda:0', requires_grad=True)
Parameter containing:
tensor(0.4933, device='cuda:0', requires_grad=True)
Parameter containing:
tensor(0.4774, device='cuda:0', requires_grad=True)
Parameter containing:
tensor(0.4612, device='cuda:0', requires_grad=True)
Parameter containing:
tensor(0.4501, device='cuda:0', requires_grad=True)
Parameter containing:
tensor(0.4357, device='cuda:0', requires_grad=True)
Parameter containing:
tensor(0.4218, device='cuda:0', requires_grad=True)
Parameter containing:
tensor(0.4103, device='cuda:0', requires_grad=True)
Parameter containing:
tensor(0.3902, device='cuda:0', requires_grad=True)
Parameter containing:
tensor(0.3746, device='cuda:0', requires_grad=True)
Parameter containing:
tensor(0.3613, device='cuda:0', requires_grad=True)
Parameter containing:
tensor(0.3492, device='cuda:0', requires_grad=True)
Parameter containing:
tensor(0.3437, device='cuda:0', requires_grad=True)
Parameter containing:
tensor(0.3308, device='cuda:0', requires_grad=True)
Parameter containing:
tensor(0.3342, device='cuda:0', requires_grad=True)
Parameter containing:
tensor(0.3358, device='cuda:0', requires_grad=True)
Parameter containing:
tensor(0.3272, device='cuda:0', requires_grad=True)
Parameter containing:
tensor(0.3228, device='cuda:0', requires_grad=True)
Parameter containing:
tensor(0.3155, device='cuda:0', requires_grad=True)
Parameter containing:
tensor(0.3203, device='cuda:0', requires_grad=True)
Parameter containing:
tensor(0.3037, device='cuda:0', requires_grad=True)
Parameter containing:
tensor(0.2956, device='cuda:0', requires_grad=True)
Parameter containing:
tensor(0.2945, device='cuda:0', requires_grad=True)
Parameter containing:
tensor(0.2827, device='cuda:0', requires_grad=True)
Parameter containing:
tensor(0.2762, device='cuda:0', requires_grad=True)
Parameter containing:
tensor(0.2666, device='cuda:0', requires_grad=True)
Parameter containing:
tensor(0.2489, device='cuda:0', requires_grad=True)
Parameter containing:
tensor(0.2437, device='cuda:0', requires_grad=True)
Parameter containing:
tensor(0.2398, device='cuda:0', requires_grad=True)
Parameter containing:
tensor(0.2307, device='cuda:0', requires_grad=True)
Parameter containing:
tensor(0.2307, device='cuda:0', requires_grad=True)
Parameter containing:
tensor(0.2210, device='cuda:0', requires_grad=True)
Parameter containing:
tensor(0.2046, device='cuda:0', requires_grad=True)
Parameter containing:
tensor(0.1906, device='cuda:0', requires_grad=True)
Parameter containing:
tensor(0.1887, device='cuda:0', requires_grad=True)
Parameter containing:
tensor(0.2081, device='cuda:0', requires_grad=True)
Parameter containing:
tensor(0.2035, device='cuda:0', requires_grad=True)
Parameter containing:
tensor(0.1935, device='cuda:0', requires_grad=True)
Parameter containing:
tensor(0.1857, device='cuda:0', requires_grad=True)
Parameter containing:
tensor(0.1883, device='cuda:0', requires_grad=True)
Parameter containing:
tensor(0.1797, device='cuda:0', requires_grad=True)
Parameter containing:
tensor(0.1677, device='cuda:0', requires_grad=True)
Parameter containing:
tensor(0.1543, device='cuda:0', requires_grad=True)
Parameter containing:
tensor(0.1461, device='cuda:0', requires_grad=True)
Parameter containing:
tensor(0.1425, device='cuda:0', requires_grad=True)
Parameter containing:
tensor(0.1410, device='cuda:0', requires_grad=True)
Parameter containing:
tensor(0.1336, device='cuda:0', requires_grad=True)
Parameter containing:
tensor(0.1187, device='cuda:0', requires_grad=True)
Parameter containing:
tensor(0.1096, device='cuda:0', requires_grad=True)
Parameter containing:
tensor(0.1083, device='cuda:0', requires_grad=True)
Parameter containing:
tensor(0.1021, device='cuda:0', requires_grad=True)
Parameter containing:
tensor(0.0965, device='cuda:0', requires_grad=True)
Parameter containing:
tensor(0.0843, device='cuda:0', requires_grad=True)
Parameter containing:
tensor(0.0731, device='cuda:0', requires_grad=True)
Parameter containing:
tensor(0.0615, device='cuda:0', requires_grad=True)
Parameter containing:
tensor(0.0516, device='cuda:0', requires_grad=True)
Parameter containing:
tensor(0.0447, device='cuda:0', requires_grad=True)
Parameter containing:
tensor(0.0309, device='cuda:0', requires_grad=True)
Parameter containing:
tensor(0.0190, device='cuda:0', requires_grad=True)
Parameter containing:
tensor(0.0107, device='cuda:0', requires_grad=True)
Parameter containing:
tensor(0.0067, device='cuda:0', requires_grad=True)
Parameter containing:
tensor(0.0059, device='cuda:0', requires_grad=True)
Parameter containing:
tensor(-0.0030, device='cuda:0', requires_grad=True)
Parameter containing:
tensor(-0.0149, device='cuda:0', requires_grad=True)
Parameter containing:
tensor(-0.0210, device='cuda:0', requires_grad=True)
Parameter containing:
tensor(-0.0100, device='cuda:0', requires_grad=True)
Parameter containing:
tensor(-0.0127, device='cuda:0', requires_grad=True)
Parameter containing:
tensor(-0.0171, device='cuda:0', requires_grad=True)
Parameter containing:
tensor(0.0011, device='cuda:0', requires_grad=True)
Parameter containing:
tensor(0.0113, device='cuda:0', requires_grad=True)
Parameter containing:
tensor(0.0340, device='cuda:0', requires_grad=True)
Parameter containing:
tensor(0.0318, device='cuda:0', requires_grad=True)
Parameter containing:
tensor(0.0379, device='cuda:0', requires_grad=True)
Parameter containing:
tensor(0.0315, device='cuda:0', requires_grad=True)
Parameter containing:
tensor(0.0330, device='cuda:0', requires_grad=True)
Parameter containing:
tensor(0.0296, device='cuda:0', requires_grad=True)
Parameter containing:
tensor(0.0290, device='cuda:0', requires_grad=True)
Parameter containing:
tensor(0.0304, device='cuda:0', requires_grad=True)
Parameter containing:
tensor(0.0245, device='cuda:0', requires_grad=True)


PS:

Read file <14804833.stderr> for stderr output of this job.

