Sender: LSF System <lsfadmin@lt04>
Subject: Job 14804947: <_gp_SGD_SAGEConv_1e-4> in cluster <lila> Done

Job <_gp_SGD_SAGEConv_1e-4> was submitted from host <lx12> by user <wangy1> in cluster <lila> at Mon Jun  8 13:33:41 2020
Job was executed on host(s) <12*lt04>, in queue <gpuqueue>, as user <wangy1> in cluster <lila> at Mon Jun  8 13:33:41 2020
</home/wangy1> was used as the home directory.
</data/chodera/wangyq/pinot/scripts/gp_comparison> was used as the working directory.
Started at Mon Jun  8 13:33:41 2020
Terminated at Mon Jun  8 13:34:33 2020
Results reported at Mon Jun  8 13:34:33 2020

Your job looked like:

------------------------------------------------------------
# LSBATCH: User input
python ../../pinot/app/gp_train.py --layer SAGEConv --optimizer SGD --lr 1e-4 --out _gp_SGD_SAGEConv_1e-4 --n_epochs 100
------------------------------------------------------------

Successfully completed.

Resource usage summary:

    CPU time :                                   147.76 sec.
    Max Memory :                                 2 GB
    Average Memory :                             1.46 GB
    Total Requested Memory :                     48.00 GB
    Delta Memory :                               46.00 GB
    Max Swap :                                   -
    Max Processes :                              3
    Max Threads :                                20
    Run time :                                   52 sec.
    Turnaround time :                            52 sec.

The output (if any) follows:

Parameter containing:
tensor(1., device='cuda:0', requires_grad=True)
Parameter containing:
tensor(0.9924, device='cuda:0', requires_grad=True)
Parameter containing:
tensor(0.9556, device='cuda:0', requires_grad=True)
Parameter containing:
tensor(0.9207, device='cuda:0', requires_grad=True)
Parameter containing:
tensor(0.8917, device='cuda:0', requires_grad=True)
Parameter containing:
tensor(0.8622, device='cuda:0', requires_grad=True)
Parameter containing:
tensor(0.8307, device='cuda:0', requires_grad=True)
Parameter containing:
tensor(0.8051, device='cuda:0', requires_grad=True)
Parameter containing:
tensor(0.7828, device='cuda:0', requires_grad=True)
Parameter containing:
tensor(0.7633, device='cuda:0', requires_grad=True)
Parameter containing:
tensor(0.7373, device='cuda:0', requires_grad=True)
Parameter containing:
tensor(0.7178, device='cuda:0', requires_grad=True)
Parameter containing:
tensor(0.7033, device='cuda:0', requires_grad=True)
Parameter containing:
tensor(0.6834, device='cuda:0', requires_grad=True)
Parameter containing:
tensor(0.6668, device='cuda:0', requires_grad=True)
Parameter containing:
tensor(0.6481, device='cuda:0', requires_grad=True)
Parameter containing:
tensor(0.6239, device='cuda:0', requires_grad=True)
Parameter containing:
tensor(0.6063, device='cuda:0', requires_grad=True)
Parameter containing:
tensor(0.5928, device='cuda:0', requires_grad=True)
Parameter containing:
tensor(0.5719, device='cuda:0', requires_grad=True)
Parameter containing:
tensor(0.5613, device='cuda:0', requires_grad=True)
Parameter containing:
tensor(0.5518, device='cuda:0', requires_grad=True)
Parameter containing:
tensor(0.5410, device='cuda:0', requires_grad=True)
Parameter containing:
tensor(0.5320, device='cuda:0', requires_grad=True)
Parameter containing:
tensor(0.5198, device='cuda:0', requires_grad=True)
Parameter containing:
tensor(0.5130, device='cuda:0', requires_grad=True)
Parameter containing:
tensor(0.4911, device='cuda:0', requires_grad=True)
Parameter containing:
tensor(0.4833, device='cuda:0', requires_grad=True)
Parameter containing:
tensor(0.4786, device='cuda:0', requires_grad=True)
Parameter containing:
tensor(0.4669, device='cuda:0', requires_grad=True)
Parameter containing:
tensor(0.4504, device='cuda:0', requires_grad=True)
Parameter containing:
tensor(0.4372, device='cuda:0', requires_grad=True)
Parameter containing:
tensor(0.4226, device='cuda:0', requires_grad=True)
Parameter containing:
tensor(0.4206, device='cuda:0', requires_grad=True)
Parameter containing:
tensor(0.4168, device='cuda:0', requires_grad=True)
Parameter containing:
tensor(0.4089, device='cuda:0', requires_grad=True)
Parameter containing:
tensor(0.4127, device='cuda:0', requires_grad=True)
Parameter containing:
tensor(0.4042, device='cuda:0', requires_grad=True)
Parameter containing:
tensor(0.4013, device='cuda:0', requires_grad=True)
Parameter containing:
tensor(0.3797, device='cuda:0', requires_grad=True)
Parameter containing:
tensor(0.3643, device='cuda:0', requires_grad=True)
Parameter containing:
tensor(0.3632, device='cuda:0', requires_grad=True)
Parameter containing:
tensor(0.3487, device='cuda:0', requires_grad=True)
Parameter containing:
tensor(0.3435, device='cuda:0', requires_grad=True)
Parameter containing:
tensor(0.3489, device='cuda:0', requires_grad=True)
Parameter containing:
tensor(0.3494, device='cuda:0', requires_grad=True)
Parameter containing:
tensor(0.3563, device='cuda:0', requires_grad=True)
Parameter containing:
tensor(0.3387, device='cuda:0', requires_grad=True)
Parameter containing:
tensor(0.3331, device='cuda:0', requires_grad=True)
Parameter containing:
tensor(0.3433, device='cuda:0', requires_grad=True)
Parameter containing:
tensor(0.3439, device='cuda:0', requires_grad=True)
Parameter containing:
tensor(0.3547, device='cuda:0', requires_grad=True)
Parameter containing:
tensor(0.3381, device='cuda:0', requires_grad=True)
Parameter containing:
tensor(0.3245, device='cuda:0', requires_grad=True)
Parameter containing:
tensor(0.3084, device='cuda:0', requires_grad=True)
Parameter containing:
tensor(0.2985, device='cuda:0', requires_grad=True)
Parameter containing:
tensor(0.2786, device='cuda:0', requires_grad=True)
Parameter containing:
tensor(0.2657, device='cuda:0', requires_grad=True)
Parameter containing:
tensor(0.2603, device='cuda:0', requires_grad=True)
Parameter containing:
tensor(0.2458, device='cuda:0', requires_grad=True)
Parameter containing:
tensor(0.2361, device='cuda:0', requires_grad=True)
Parameter containing:
tensor(0.2227, device='cuda:0', requires_grad=True)
Parameter containing:
tensor(0.2432, device='cuda:0', requires_grad=True)
Parameter containing:
tensor(0.2356, device='cuda:0', requires_grad=True)
Parameter containing:
tensor(0.2412, device='cuda:0', requires_grad=True)
Parameter containing:
tensor(0.2431, device='cuda:0', requires_grad=True)
Parameter containing:
tensor(0.2485, device='cuda:0', requires_grad=True)
Parameter containing:
tensor(0.2374, device='cuda:0', requires_grad=True)
Parameter containing:
tensor(0.2335, device='cuda:0', requires_grad=True)
Parameter containing:
tensor(0.2272, device='cuda:0', requires_grad=True)
Parameter containing:
tensor(0.2105, device='cuda:0', requires_grad=True)
Parameter containing:
tensor(0.1974, device='cuda:0', requires_grad=True)
Parameter containing:
tensor(0.1863, device='cuda:0', requires_grad=True)
Parameter containing:
tensor(0.1734, device='cuda:0', requires_grad=True)
Parameter containing:
tensor(0.1632, device='cuda:0', requires_grad=True)
Parameter containing:
tensor(0.1552, device='cuda:0', requires_grad=True)
Parameter containing:
tensor(0.1607, device='cuda:0', requires_grad=True)
Parameter containing:
tensor(0.1472, device='cuda:0', requires_grad=True)
Parameter containing:
tensor(0.1342, device='cuda:0', requires_grad=True)
Parameter containing:
tensor(0.1283, device='cuda:0', requires_grad=True)
Parameter containing:
tensor(0.1344, device='cuda:0', requires_grad=True)
Parameter containing:
tensor(0.1219, device='cuda:0', requires_grad=True)
Parameter containing:
tensor(0.1200, device='cuda:0', requires_grad=True)
Parameter containing:
tensor(0.1166, device='cuda:0', requires_grad=True)
Parameter containing:
tensor(0.1087, device='cuda:0', requires_grad=True)
Parameter containing:
tensor(0.0928, device='cuda:0', requires_grad=True)
Parameter containing:
tensor(0.0882, device='cuda:0', requires_grad=True)
Parameter containing:
tensor(0.0835, device='cuda:0', requires_grad=True)
Parameter containing:
tensor(0.0849, device='cuda:0', requires_grad=True)
Parameter containing:
tensor(0.0782, device='cuda:0', requires_grad=True)
Parameter containing:
tensor(0.0703, device='cuda:0', requires_grad=True)
Parameter containing:
tensor(0.0633, device='cuda:0', requires_grad=True)
Parameter containing:
tensor(0.0506, device='cuda:0', requires_grad=True)
Parameter containing:
tensor(0.0361, device='cuda:0', requires_grad=True)
Parameter containing:
tensor(0.0256, device='cuda:0', requires_grad=True)
Parameter containing:
tensor(0.0263, device='cuda:0', requires_grad=True)
Parameter containing:
tensor(0.0178, device='cuda:0', requires_grad=True)
Parameter containing:
tensor(0.0085, device='cuda:0', requires_grad=True)
Parameter containing:
tensor(-0.0058, device='cuda:0', requires_grad=True)
Parameter containing:
tensor(-0.0184, device='cuda:0', requires_grad=True)


PS:

Read file <14804947.stderr> for stderr output of this job.

