Sender: LSF System <lsfadmin@lt22>
Subject: Job 14804941: <_gp_SGD_GraphConv_1e-4> in cluster <lila> Done

Job <_gp_SGD_GraphConv_1e-4> was submitted from host <lx12> by user <wangy1> in cluster <lila> at Mon Jun  8 13:33:41 2020
Job was executed on host(s) <12*lt22>, in queue <gpuqueue>, as user <wangy1> in cluster <lila> at Mon Jun  8 13:33:41 2020
</home/wangy1> was used as the home directory.
</data/chodera/wangyq/pinot/scripts/gp_comparison> was used as the working directory.
Started at Mon Jun  8 13:33:41 2020
Terminated at Mon Jun  8 13:34:33 2020
Results reported at Mon Jun  8 13:34:33 2020

Your job looked like:

------------------------------------------------------------
# LSBATCH: User input
python ../../pinot/app/gp_train.py --layer GraphConv --optimizer SGD --lr 1e-4 --out _gp_SGD_GraphConv_1e-4 --n_epochs 100
------------------------------------------------------------

Successfully completed.

Resource usage summary:

    CPU time :                                   157.00 sec.
    Max Memory :                                 2 GB
    Average Memory :                             1.82 GB
    Total Requested Memory :                     48.00 GB
    Delta Memory :                               46.00 GB
    Max Swap :                                   -
    Max Processes :                              3
    Max Threads :                                20
    Run time :                                   52 sec.
    Turnaround time :                            52 sec.

The output (if any) follows:

Parameter containing:
tensor(1., device='cuda:0', requires_grad=True)
Parameter containing:
tensor(0.9584, device='cuda:0', requires_grad=True)
Parameter containing:
tensor(0.9174, device='cuda:0', requires_grad=True)
Parameter containing:
tensor(0.8784, device='cuda:0', requires_grad=True)
Parameter containing:
tensor(0.8357, device='cuda:0', requires_grad=True)
Parameter containing:
tensor(0.7979, device='cuda:0', requires_grad=True)
Parameter containing:
tensor(0.7558, device='cuda:0', requires_grad=True)
Parameter containing:
tensor(0.7168, device='cuda:0', requires_grad=True)
Parameter containing:
tensor(0.6800, device='cuda:0', requires_grad=True)
Parameter containing:
tensor(0.6486, device='cuda:0', requires_grad=True)
Parameter containing:
tensor(0.6167, device='cuda:0', requires_grad=True)
Parameter containing:
tensor(0.5787, device='cuda:0', requires_grad=True)
Parameter containing:
tensor(0.5440, device='cuda:0', requires_grad=True)
Parameter containing:
tensor(0.5122, device='cuda:0', requires_grad=True)
Parameter containing:
tensor(0.4842, device='cuda:0', requires_grad=True)
Parameter containing:
tensor(0.4529, device='cuda:0', requires_grad=True)
Parameter containing:
tensor(0.4220, device='cuda:0', requires_grad=True)
Parameter containing:
tensor(0.4033, device='cuda:0', requires_grad=True)
Parameter containing:
tensor(0.3741, device='cuda:0', requires_grad=True)
Parameter containing:
tensor(0.3462, device='cuda:0', requires_grad=True)
Parameter containing:
tensor(0.3207, device='cuda:0', requires_grad=True)
Parameter containing:
tensor(0.2940, device='cuda:0', requires_grad=True)
Parameter containing:
tensor(0.2711, device='cuda:0', requires_grad=True)
Parameter containing:
tensor(0.2573, device='cuda:0', requires_grad=True)
Parameter containing:
tensor(0.2331, device='cuda:0', requires_grad=True)
Parameter containing:
tensor(0.2111, device='cuda:0', requires_grad=True)
Parameter containing:
tensor(0.1961, device='cuda:0', requires_grad=True)
Parameter containing:
tensor(0.1791, device='cuda:0', requires_grad=True)
Parameter containing:
tensor(0.1678, device='cuda:0', requires_grad=True)
Parameter containing:
tensor(0.1472, device='cuda:0', requires_grad=True)
Parameter containing:
tensor(0.1207, device='cuda:0', requires_grad=True)
Parameter containing:
tensor(0.1114, device='cuda:0', requires_grad=True)
Parameter containing:
tensor(0.0981, device='cuda:0', requires_grad=True)
Parameter containing:
tensor(0.0856, device='cuda:0', requires_grad=True)
Parameter containing:
tensor(0.0667, device='cuda:0', requires_grad=True)
Parameter containing:
tensor(0.0558, device='cuda:0', requires_grad=True)
Parameter containing:
tensor(0.0483, device='cuda:0', requires_grad=True)
Parameter containing:
tensor(0.0310, device='cuda:0', requires_grad=True)
Parameter containing:
tensor(0.0276, device='cuda:0', requires_grad=True)
Parameter containing:
tensor(0.0160, device='cuda:0', requires_grad=True)
Parameter containing:
tensor(0.0007, device='cuda:0', requires_grad=True)
Parameter containing:
tensor(-0.0108, device='cuda:0', requires_grad=True)
Parameter containing:
tensor(-0.0076, device='cuda:0', requires_grad=True)
Parameter containing:
tensor(-0.0148, device='cuda:0', requires_grad=True)
Parameter containing:
tensor(-0.0261, device='cuda:0', requires_grad=True)
Parameter containing:
tensor(-0.0381, device='cuda:0', requires_grad=True)
Parameter containing:
tensor(-0.0238, device='cuda:0', requires_grad=True)
Parameter containing:
tensor(-0.0260, device='cuda:0', requires_grad=True)
Parameter containing:
tensor(-0.0246, device='cuda:0', requires_grad=True)
Parameter containing:
tensor(-0.0289, device='cuda:0', requires_grad=True)
Parameter containing:
tensor(-0.0403, device='cuda:0', requires_grad=True)
Parameter containing:
tensor(-0.0284, device='cuda:0', requires_grad=True)
Parameter containing:
tensor(-0.0344, device='cuda:0', requires_grad=True)
Parameter containing:
tensor(-0.0479, device='cuda:0', requires_grad=True)
Parameter containing:
tensor(-0.0409, device='cuda:0', requires_grad=True)
Parameter containing:
tensor(-0.0426, device='cuda:0', requires_grad=True)
Parameter containing:
tensor(-0.0533, device='cuda:0', requires_grad=True)
Parameter containing:
tensor(-0.0663, device='cuda:0', requires_grad=True)
Parameter containing:
tensor(-0.0774, device='cuda:0', requires_grad=True)
Parameter containing:
tensor(-0.0844, device='cuda:0', requires_grad=True)
Parameter containing:
tensor(-0.0879, device='cuda:0', requires_grad=True)
Parameter containing:
tensor(-0.0932, device='cuda:0', requires_grad=True)
Parameter containing:
tensor(-0.1094, device='cuda:0', requires_grad=True)
Parameter containing:
tensor(-0.1121, device='cuda:0', requires_grad=True)
Parameter containing:
tensor(-0.1162, device='cuda:0', requires_grad=True)
Parameter containing:
tensor(-0.1174, device='cuda:0', requires_grad=True)
Parameter containing:
tensor(-0.1226, device='cuda:0', requires_grad=True)
Parameter containing:
tensor(-0.1259, device='cuda:0', requires_grad=True)
Parameter containing:
tensor(-0.1350, device='cuda:0', requires_grad=True)
Parameter containing:
tensor(-0.1350, device='cuda:0', requires_grad=True)
Parameter containing:
tensor(-0.1443, device='cuda:0', requires_grad=True)
Parameter containing:
tensor(-0.1556, device='cuda:0', requires_grad=True)
Parameter containing:
tensor(-0.1619, device='cuda:0', requires_grad=True)
Parameter containing:
tensor(-0.1675, device='cuda:0', requires_grad=True)
Parameter containing:
tensor(-0.1811, device='cuda:0', requires_grad=True)
Parameter containing:
tensor(-0.1855, device='cuda:0', requires_grad=True)
Parameter containing:
tensor(-0.1920, device='cuda:0', requires_grad=True)
Parameter containing:
tensor(-0.2032, device='cuda:0', requires_grad=True)
Parameter containing:
tensor(-0.2000, device='cuda:0', requires_grad=True)
Parameter containing:
tensor(-0.1949, device='cuda:0', requires_grad=True)
Parameter containing:
tensor(-0.2057, device='cuda:0', requires_grad=True)
Parameter containing:
tensor(-0.2181, device='cuda:0', requires_grad=True)
Parameter containing:
tensor(-0.2270, device='cuda:0', requires_grad=True)
Parameter containing:
tensor(-0.2357, device='cuda:0', requires_grad=True)
Parameter containing:
tensor(-0.2320, device='cuda:0', requires_grad=True)
Parameter containing:
tensor(-0.2312, device='cuda:0', requires_grad=True)
Parameter containing:
tensor(-0.2405, device='cuda:0', requires_grad=True)
Parameter containing:
tensor(-0.2496, device='cuda:0', requires_grad=True)
Parameter containing:
tensor(-0.2301, device='cuda:0', requires_grad=True)
Parameter containing:
tensor(-0.2119, device='cuda:0', requires_grad=True)
Parameter containing:
tensor(-0.2124, device='cuda:0', requires_grad=True)
Parameter containing:
tensor(-0.2177, device='cuda:0', requires_grad=True)
Parameter containing:
tensor(-0.2241, device='cuda:0', requires_grad=True)
Parameter containing:
tensor(-0.2171, device='cuda:0', requires_grad=True)
Parameter containing:
tensor(-0.2118, device='cuda:0', requires_grad=True)
Parameter containing:
tensor(-0.2177, device='cuda:0', requires_grad=True)
Parameter containing:
tensor(-0.2276, device='cuda:0', requires_grad=True)
Parameter containing:
tensor(-0.2282, device='cuda:0', requires_grad=True)
Parameter containing:
tensor(-0.2201, device='cuda:0', requires_grad=True)
Parameter containing:
tensor(-0.2157, device='cuda:0', requires_grad=True)


PS:

Read file <14804941.stderr> for stderr output of this job.

