Sender: LSF System <lsfadmin@lt21>
Subject: Job 14804286: <_gp_SGD_GraphConv_1e-4> in cluster <lila> Done

Job <_gp_SGD_GraphConv_1e-4> was submitted from host <lx09> by user <wangy1> in cluster <lila> at Mon Jun  8 11:09:10 2020
Job was executed on host(s) <12*lt21>, in queue <gpuqueue>, as user <wangy1> in cluster <lila> at Mon Jun  8 11:09:10 2020
</home/wangy1> was used as the home directory.
</data/chodera/wangyq/pinot/scripts/gp_comparison> was used as the working directory.
Started at Mon Jun  8 11:09:10 2020
Terminated at Mon Jun  8 11:10:05 2020
Results reported at Mon Jun  8 11:10:05 2020

Your job looked like:

------------------------------------------------------------
# LSBATCH: User input
python ../../pinot/app/gp_train.py --layer GraphConv --optimizer SGD --lr 1e-4 --out _gp_SGD_GraphConv_1e-4 --n_epochs 100
------------------------------------------------------------

Successfully completed.

Resource usage summary:

    CPU time :                                   158.34 sec.
    Max Memory :                                 2 GB
    Average Memory :                             1.50 GB
    Total Requested Memory :                     48.00 GB
    Delta Memory :                               46.00 GB
    Max Swap :                                   -
    Max Processes :                              3
    Max Threads :                                20
    Run time :                                   55 sec.
    Turnaround time :                            55 sec.

The output (if any) follows:

Parameter containing:
tensor(1., device='cuda:0', requires_grad=True)
Parameter containing:
tensor(0.9590, device='cuda:0', requires_grad=True)
Parameter containing:
tensor(0.9176, device='cuda:0', requires_grad=True)
Parameter containing:
tensor(0.8739, device='cuda:0', requires_grad=True)
Parameter containing:
tensor(0.8318, device='cuda:0', requires_grad=True)
Parameter containing:
tensor(0.7927, device='cuda:0', requires_grad=True)
Parameter containing:
tensor(0.7505, device='cuda:0', requires_grad=True)
Parameter containing:
tensor(0.7130, device='cuda:0', requires_grad=True)
Parameter containing:
tensor(0.6733, device='cuda:0', requires_grad=True)
Parameter containing:
tensor(0.6400, device='cuda:0', requires_grad=True)
Parameter containing:
tensor(0.6007, device='cuda:0', requires_grad=True)
Parameter containing:
tensor(0.5656, device='cuda:0', requires_grad=True)
Parameter containing:
tensor(0.5336, device='cuda:0', requires_grad=True)
Parameter containing:
tensor(0.5025, device='cuda:0', requires_grad=True)
Parameter containing:
tensor(0.4713, device='cuda:0', requires_grad=True)
Parameter containing:
tensor(0.4418, device='cuda:0', requires_grad=True)
Parameter containing:
tensor(0.4093, device='cuda:0', requires_grad=True)
Parameter containing:
tensor(0.3815, device='cuda:0', requires_grad=True)
Parameter containing:
tensor(0.3535, device='cuda:0', requires_grad=True)
Parameter containing:
tensor(0.3407, device='cuda:0', requires_grad=True)
Parameter containing:
tensor(0.3177, device='cuda:0', requires_grad=True)
Parameter containing:
tensor(0.2935, device='cuda:0', requires_grad=True)
Parameter containing:
tensor(0.2731, device='cuda:0', requires_grad=True)
Parameter containing:
tensor(0.2492, device='cuda:0', requires_grad=True)
Parameter containing:
tensor(0.2305, device='cuda:0', requires_grad=True)
Parameter containing:
tensor(0.2099, device='cuda:0', requires_grad=True)
Parameter containing:
tensor(0.1930, device='cuda:0', requires_grad=True)
Parameter containing:
tensor(0.1706, device='cuda:0', requires_grad=True)
Parameter containing:
tensor(0.1512, device='cuda:0', requires_grad=True)
Parameter containing:
tensor(0.1310, device='cuda:0', requires_grad=True)
Parameter containing:
tensor(0.1256, device='cuda:0', requires_grad=True)
Parameter containing:
tensor(0.1077, device='cuda:0', requires_grad=True)
Parameter containing:
tensor(0.0881, device='cuda:0', requires_grad=True)
Parameter containing:
tensor(0.0733, device='cuda:0', requires_grad=True)
Parameter containing:
tensor(0.0562, device='cuda:0', requires_grad=True)
Parameter containing:
tensor(0.0468, device='cuda:0', requires_grad=True)
Parameter containing:
tensor(0.0450, device='cuda:0', requires_grad=True)
Parameter containing:
tensor(0.0368, device='cuda:0', requires_grad=True)
Parameter containing:
tensor(0.0274, device='cuda:0', requires_grad=True)
Parameter containing:
tensor(0.0183, device='cuda:0', requires_grad=True)
Parameter containing:
tensor(0.0021, device='cuda:0', requires_grad=True)
Parameter containing:
tensor(-0.0063, device='cuda:0', requires_grad=True)
Parameter containing:
tensor(-0.0150, device='cuda:0', requires_grad=True)
Parameter containing:
tensor(-0.0328, device='cuda:0', requires_grad=True)
Parameter containing:
tensor(-0.0465, device='cuda:0', requires_grad=True)
Parameter containing:
tensor(-0.0633, device='cuda:0', requires_grad=True)
Parameter containing:
tensor(-0.0717, device='cuda:0', requires_grad=True)
Parameter containing:
tensor(-0.0835, device='cuda:0', requires_grad=True)
Parameter containing:
tensor(-0.0946, device='cuda:0', requires_grad=True)
Parameter containing:
tensor(-0.0946, device='cuda:0', requires_grad=True)
Parameter containing:
tensor(-0.1008, device='cuda:0', requires_grad=True)
Parameter containing:
tensor(-0.1041, device='cuda:0', requires_grad=True)
Parameter containing:
tensor(-0.1102, device='cuda:0', requires_grad=True)
Parameter containing:
tensor(-0.1117, device='cuda:0', requires_grad=True)
Parameter containing:
tensor(-0.1218, device='cuda:0', requires_grad=True)
Parameter containing:
tensor(-0.1143, device='cuda:0', requires_grad=True)
Parameter containing:
tensor(-0.1223, device='cuda:0', requires_grad=True)
Parameter containing:
tensor(-0.1373, device='cuda:0', requires_grad=True)
Parameter containing:
tensor(-0.1426, device='cuda:0', requires_grad=True)
Parameter containing:
tensor(-0.1412, device='cuda:0', requires_grad=True)
Parameter containing:
tensor(-0.1426, device='cuda:0', requires_grad=True)
Parameter containing:
tensor(-0.1452, device='cuda:0', requires_grad=True)
Parameter containing:
tensor(-0.1457, device='cuda:0', requires_grad=True)
Parameter containing:
tensor(-0.1508, device='cuda:0', requires_grad=True)
Parameter containing:
tensor(-0.1536, device='cuda:0', requires_grad=True)
Parameter containing:
tensor(-0.1654, device='cuda:0', requires_grad=True)
Parameter containing:
tensor(-0.1740, device='cuda:0', requires_grad=True)
Parameter containing:
tensor(-0.1751, device='cuda:0', requires_grad=True)
Parameter containing:
tensor(-0.1848, device='cuda:0', requires_grad=True)
Parameter containing:
tensor(-0.1957, device='cuda:0', requires_grad=True)
Parameter containing:
tensor(-0.2038, device='cuda:0', requires_grad=True)
Parameter containing:
tensor(-0.2060, device='cuda:0', requires_grad=True)
Parameter containing:
tensor(-0.2124, device='cuda:0', requires_grad=True)
Parameter containing:
tensor(-0.2241, device='cuda:0', requires_grad=True)
Parameter containing:
tensor(-0.2334, device='cuda:0', requires_grad=True)
Parameter containing:
tensor(-0.2457, device='cuda:0', requires_grad=True)
Parameter containing:
tensor(-0.2539, device='cuda:0', requires_grad=True)
Parameter containing:
tensor(-0.2543, device='cuda:0', requires_grad=True)
Parameter containing:
tensor(-0.2421, device='cuda:0', requires_grad=True)
Parameter containing:
tensor(-0.2346, device='cuda:0', requires_grad=True)
Parameter containing:
tensor(-0.2324, device='cuda:0', requires_grad=True)
Parameter containing:
tensor(-0.2305, device='cuda:0', requires_grad=True)
Parameter containing:
tensor(-0.2316, device='cuda:0', requires_grad=True)
Parameter containing:
tensor(-0.2392, device='cuda:0', requires_grad=True)
Parameter containing:
tensor(-0.2472, device='cuda:0', requires_grad=True)
Parameter containing:
tensor(-0.2479, device='cuda:0', requires_grad=True)
Parameter containing:
tensor(-0.2385, device='cuda:0', requires_grad=True)
Parameter containing:
tensor(-0.2432, device='cuda:0', requires_grad=True)
Parameter containing:
tensor(-0.2536, device='cuda:0', requires_grad=True)
Parameter containing:
tensor(-0.2573, device='cuda:0', requires_grad=True)
Parameter containing:
tensor(-0.2636, device='cuda:0', requires_grad=True)
Parameter containing:
tensor(-0.2720, device='cuda:0', requires_grad=True)
Parameter containing:
tensor(-0.2653, device='cuda:0', requires_grad=True)
Parameter containing:
tensor(-0.2523, device='cuda:0', requires_grad=True)
Parameter containing:
tensor(-0.2558, device='cuda:0', requires_grad=True)
Parameter containing:
tensor(-0.2528, device='cuda:0', requires_grad=True)
Parameter containing:
tensor(-0.2568, device='cuda:0', requires_grad=True)
Parameter containing:
tensor(-0.2635, device='cuda:0', requires_grad=True)
Parameter containing:
tensor(-0.2715, device='cuda:0', requires_grad=True)
Parameter containing:
tensor(-0.2814, device='cuda:0', requires_grad=True)


PS:

Read file <14804286.stderr> for stderr output of this job.

