Sender: LSF System <lsfadmin@lt22>
Subject: Job 14789235: <_gp_adam_GraphConv_1e-3> in cluster <lila> Done

Job <_gp_adam_GraphConv_1e-3> was submitted from host <lx13> by user <wangy1> in cluster <lila> at Tue Jun  2 22:37:34 2020
Job was executed on host(s) <12*lt22>, in queue <gpuqueue>, as user <wangy1> in cluster <lila> at Tue Jun  2 22:39:55 2020
</home/wangy1> was used as the home directory.
</data/chodera/wangyq/pinot/scripts/gp_comparison> was used as the working directory.
Started at Tue Jun  2 22:39:55 2020
Terminated at Tue Jun  2 22:51:04 2020
Results reported at Tue Jun  2 22:51:04 2020

Your job looked like:

------------------------------------------------------------
# LSBATCH: User input
python ../../pinot/app/gp_train.py --layer GraphConv --optimizer adam --lr 1e-3 --out _gp_adam_GraphConv_1e-3 --n_epochs 1000
------------------------------------------------------------

Successfully completed.

Resource usage summary:

    CPU time :                                   1132.85 sec.
    Max Memory :                                 2 GB
    Average Memory :                             1.92 GB
    Total Requested Memory :                     48.00 GB
    Delta Memory :                               46.00 GB
    Max Swap :                                   -
    Max Processes :                              3
    Max Threads :                                20
    Run time :                                   670 sec.
    Turnaround time :                            810 sec.

The output (if any) follows:



PS:

Read file <14789235.stderr> for stderr output of this job.

