Sender: LSF System <lsfadmin@lt03>
Subject: Job 14804267: <_gp_Adam_GraphConv_1e-3> in cluster <lila> Done

Job <_gp_Adam_GraphConv_1e-3> was submitted from host <lx09> by user <wangy1> in cluster <lila> at Mon Jun  8 11:09:09 2020
Job was executed on host(s) <12*lt03>, in queue <gpuqueue>, as user <wangy1> in cluster <lila> at Mon Jun  8 11:09:10 2020
</home/wangy1> was used as the home directory.
</data/chodera/wangyq/pinot/scripts/gp_comparison> was used as the working directory.
Started at Mon Jun  8 11:09:10 2020
Terminated at Mon Jun  8 11:10:03 2020
Results reported at Mon Jun  8 11:10:03 2020

Your job looked like:

------------------------------------------------------------
# LSBATCH: User input
python ../../pinot/app/gp_train.py --layer GraphConv --optimizer Adam --lr 1e-3 --out _gp_Adam_GraphConv_1e-3 --n_epochs 100
------------------------------------------------------------

Successfully completed.

Resource usage summary:

    CPU time :                                   160.04 sec.
    Max Memory :                                 2 GB
    Average Memory :                             1.82 GB
    Total Requested Memory :                     48.00 GB
    Delta Memory :                               46.00 GB
    Max Swap :                                   -
    Max Processes :                              3
    Max Threads :                                20
    Run time :                                   55 sec.
    Turnaround time :                            54 sec.

The output (if any) follows:

Parameter containing:
tensor(1., device='cuda:0', requires_grad=True)
Parameter containing:
tensor(0.9990, device='cuda:0', requires_grad=True)
Parameter containing:
tensor(0.9980, device='cuda:0', requires_grad=True)
Parameter containing:
tensor(0.9970, device='cuda:0', requires_grad=True)
Parameter containing:
tensor(0.9960, device='cuda:0', requires_grad=True)
Parameter containing:
tensor(0.9950, device='cuda:0', requires_grad=True)
Parameter containing:
tensor(0.9940, device='cuda:0', requires_grad=True)
Parameter containing:
tensor(0.9930, device='cuda:0', requires_grad=True)
Parameter containing:
tensor(0.9919, device='cuda:0', requires_grad=True)
Parameter containing:
tensor(0.9909, device='cuda:0', requires_grad=True)
Parameter containing:
tensor(0.9899, device='cuda:0', requires_grad=True)
Parameter containing:
tensor(0.9889, device='cuda:0', requires_grad=True)
Parameter containing:
tensor(0.9879, device='cuda:0', requires_grad=True)
Parameter containing:
tensor(0.9868, device='cuda:0', requires_grad=True)
Parameter containing:
tensor(0.9858, device='cuda:0', requires_grad=True)
Parameter containing:
tensor(0.9848, device='cuda:0', requires_grad=True)
Parameter containing:
tensor(0.9837, device='cuda:0', requires_grad=True)
Parameter containing:
tensor(0.9827, device='cuda:0', requires_grad=True)
Parameter containing:
tensor(0.9817, device='cuda:0', requires_grad=True)
Parameter containing:
tensor(0.9806, device='cuda:0', requires_grad=True)
Parameter containing:
tensor(0.9796, device='cuda:0', requires_grad=True)
Parameter containing:
tensor(0.9785, device='cuda:0', requires_grad=True)
Parameter containing:
tensor(0.9775, device='cuda:0', requires_grad=True)
Parameter containing:
tensor(0.9764, device='cuda:0', requires_grad=True)
Parameter containing:
tensor(0.9754, device='cuda:0', requires_grad=True)
Parameter containing:
tensor(0.9744, device='cuda:0', requires_grad=True)
Parameter containing:
tensor(0.9733, device='cuda:0', requires_grad=True)
Parameter containing:
tensor(0.9723, device='cuda:0', requires_grad=True)
Parameter containing:
tensor(0.9712, device='cuda:0', requires_grad=True)
Parameter containing:
tensor(0.9702, device='cuda:0', requires_grad=True)
Parameter containing:
tensor(0.9691, device='cuda:0', requires_grad=True)
Parameter containing:
tensor(0.9681, device='cuda:0', requires_grad=True)
Parameter containing:
tensor(0.9670, device='cuda:0', requires_grad=True)
Parameter containing:
tensor(0.9660, device='cuda:0', requires_grad=True)
Parameter containing:
tensor(0.9649, device='cuda:0', requires_grad=True)
Parameter containing:
tensor(0.9639, device='cuda:0', requires_grad=True)
Parameter containing:
tensor(0.9628, device='cuda:0', requires_grad=True)
Parameter containing:
tensor(0.9618, device='cuda:0', requires_grad=True)
Parameter containing:
tensor(0.9607, device='cuda:0', requires_grad=True)
Parameter containing:
tensor(0.9597, device='cuda:0', requires_grad=True)
Parameter containing:
tensor(0.9586, device='cuda:0', requires_grad=True)
Parameter containing:
tensor(0.9576, device='cuda:0', requires_grad=True)
Parameter containing:
tensor(0.9565, device='cuda:0', requires_grad=True)
Parameter containing:
tensor(0.9555, device='cuda:0', requires_grad=True)
Parameter containing:
tensor(0.9545, device='cuda:0', requires_grad=True)
Parameter containing:
tensor(0.9534, device='cuda:0', requires_grad=True)
Parameter containing:
tensor(0.9524, device='cuda:0', requires_grad=True)
Parameter containing:
tensor(0.9513, device='cuda:0', requires_grad=True)
Parameter containing:
tensor(0.9503, device='cuda:0', requires_grad=True)
Parameter containing:
tensor(0.9493, device='cuda:0', requires_grad=True)
Parameter containing:
tensor(0.9482, device='cuda:0', requires_grad=True)
Parameter containing:
tensor(0.9472, device='cuda:0', requires_grad=True)
Parameter containing:
tensor(0.9462, device='cuda:0', requires_grad=True)
Parameter containing:
tensor(0.9451, device='cuda:0', requires_grad=True)
Parameter containing:
tensor(0.9441, device='cuda:0', requires_grad=True)
Parameter containing:
tensor(0.9430, device='cuda:0', requires_grad=True)
Parameter containing:
tensor(0.9420, device='cuda:0', requires_grad=True)
Parameter containing:
tensor(0.9410, device='cuda:0', requires_grad=True)
Parameter containing:
tensor(0.9399, device='cuda:0', requires_grad=True)
Parameter containing:
tensor(0.9389, device='cuda:0', requires_grad=True)
Parameter containing:
tensor(0.9379, device='cuda:0', requires_grad=True)
Parameter containing:
tensor(0.9368, device='cuda:0', requires_grad=True)
Parameter containing:
tensor(0.9358, device='cuda:0', requires_grad=True)
Parameter containing:
tensor(0.9348, device='cuda:0', requires_grad=True)
Parameter containing:
tensor(0.9338, device='cuda:0', requires_grad=True)
Parameter containing:
tensor(0.9327, device='cuda:0', requires_grad=True)
Parameter containing:
tensor(0.9317, device='cuda:0', requires_grad=True)
Parameter containing:
tensor(0.9307, device='cuda:0', requires_grad=True)
Parameter containing:
tensor(0.9296, device='cuda:0', requires_grad=True)
Parameter containing:
tensor(0.9286, device='cuda:0', requires_grad=True)
Parameter containing:
tensor(0.9276, device='cuda:0', requires_grad=True)
Parameter containing:
tensor(0.9266, device='cuda:0', requires_grad=True)
Parameter containing:
tensor(0.9255, device='cuda:0', requires_grad=True)
Parameter containing:
tensor(0.9245, device='cuda:0', requires_grad=True)
Parameter containing:
tensor(0.9235, device='cuda:0', requires_grad=True)
Parameter containing:
tensor(0.9225, device='cuda:0', requires_grad=True)
Parameter containing:
tensor(0.9215, device='cuda:0', requires_grad=True)
Parameter containing:
tensor(0.9205, device='cuda:0', requires_grad=True)
Parameter containing:
tensor(0.9194, device='cuda:0', requires_grad=True)
Parameter containing:
tensor(0.9184, device='cuda:0', requires_grad=True)
Parameter containing:
tensor(0.9174, device='cuda:0', requires_grad=True)
Parameter containing:
tensor(0.9164, device='cuda:0', requires_grad=True)
Parameter containing:
tensor(0.9154, device='cuda:0', requires_grad=True)
Parameter containing:
tensor(0.9144, device='cuda:0', requires_grad=True)
Parameter containing:
tensor(0.9134, device='cuda:0', requires_grad=True)
Parameter containing:
tensor(0.9123, device='cuda:0', requires_grad=True)
Parameter containing:
tensor(0.9113, device='cuda:0', requires_grad=True)
Parameter containing:
tensor(0.9103, device='cuda:0', requires_grad=True)
Parameter containing:
tensor(0.9093, device='cuda:0', requires_grad=True)
Parameter containing:
tensor(0.9083, device='cuda:0', requires_grad=True)
Parameter containing:
tensor(0.9073, device='cuda:0', requires_grad=True)
Parameter containing:
tensor(0.9063, device='cuda:0', requires_grad=True)
Parameter containing:
tensor(0.9053, device='cuda:0', requires_grad=True)
Parameter containing:
tensor(0.9042, device='cuda:0', requires_grad=True)
Parameter containing:
tensor(0.9032, device='cuda:0', requires_grad=True)
Parameter containing:
tensor(0.9022, device='cuda:0', requires_grad=True)
Parameter containing:
tensor(0.9012, device='cuda:0', requires_grad=True)
Parameter containing:
tensor(0.9002, device='cuda:0', requires_grad=True)
Parameter containing:
tensor(0.8992, device='cuda:0', requires_grad=True)
Parameter containing:
tensor(0.8982, device='cuda:0', requires_grad=True)


PS:

Read file <14804267.stderr> for stderr output of this job.

