Sender: LSF System <lsfadmin@lt14>
Subject: Job 14787419: <_adam_EdgeConv_1e-4> in cluster <lila> Done

Job <_adam_EdgeConv_1e-4> was submitted from host <lt21> by user <wangy1> in cluster <lila> at Mon Jun  1 23:09:58 2020
Job was executed on host(s) <12*lt14>, in queue <gpuqueue>, as user <wangy1> in cluster <lila> at Mon Jun  1 23:09:58 2020
</home/wangy1> was used as the home directory.
</data/chodera/wangyq/pinot/scripts/comparison> was used as the working directory.
Started at Mon Jun  1 23:09:58 2020
Terminated at Mon Jun  1 23:15:36 2020
Results reported at Mon Jun  1 23:15:36 2020

Your job looked like:

------------------------------------------------------------
# LSBATCH: User input
python ../../pinot/app/supervised_train.py --layer EdgeConv --optimizer adam --lr 1e-4 --out _adam_EdgeConv_1e-4 --n_epochs 1000
------------------------------------------------------------

Successfully completed.

Resource usage summary:

    CPU time :                                   331.88 sec.
    Max Memory :                                 1 GB
    Average Memory :                             0.96 GB
    Total Requested Memory :                     48.00 GB
    Delta Memory :                               47.00 GB
    Max Swap :                                   -
    Max Processes :                              3
    Max Threads :                                9
    Run time :                                   339 sec.
    Turnaround time :                            338 sec.

The output (if any) follows:



PS:

Read file <14787419.stderr> for stderr output of this job.

