Sender: LSF System <lsfadmin@lx13>
Subject: Job 14789234: <#BSUB -q cpuqueue;#BSUB -o %J.stdout; for opt in 'adam' 'bbb' 'sgld';do;    for layer in 'GraphConv' 'EdgeConv' 'SAGEConv' 'GINConv' 'SGConv' 'TAGConv' ;    do;        for lr in '1e-3' '1e-4' '1e-5' '1e-6';        do;            name="_gp_"$opt"_"$layer"_"$lr;            bsub -q gpuqueue -J $name -m "ld-gpu ls-gpu lt-gpu lg-gpu lu-gpu" -n 12 -gpu "num=1:j_exclusive=yes" -R "rusage[mem=4] span[hosts=1]" -W 8:00 -o $name/%J.stdout -eo %J.stderr python ../../pinot/app/gp_train.py --layer $layer --optimizer $opt --lr $lr --out $name --n_epochs 1000; done;done;done> in cluster <lila> Done

Job <#BSUB -q cpuqueue;#BSUB -o %J.stdout; for opt in 'adam' 'bbb' 'sgld';do;    for layer in 'GraphConv' 'EdgeConv' 'SAGEConv' 'GINConv' 'SGConv' 'TAGConv' ;    do;        for lr in '1e-3' '1e-4' '1e-5' '1e-6';        do;            name="_gp_"$opt"_"$layer"_"$lr;            bsub -q gpuqueue -J $name -m "ld-gpu ls-gpu lt-gpu lg-gpu lu-gpu" -n 12 -gpu "num=1:j_exclusive=yes" -R "rusage[mem=4] span[hosts=1]" -W 8:00 -o $name/%J.stdout -eo %J.stderr python ../../pinot/app/gp_train.py --layer $layer --optimizer $opt --lr $lr --out $name --n_epochs 1000; done;done;done> was submitted from host <lilac> by user <wangy1> in cluster <lila> at Tue Jun  2 22:37:32 2020
Job was executed on host(s) <lx13>, in queue <cpuqueue>, as user <wangy1> in cluster <lila> at Tue Jun  2 22:37:33 2020
</home/wangy1> was used as the home directory.
</data/chodera/wangyq/pinot/scripts/gp_comparison> was used as the working directory.
Started at Tue Jun  2 22:37:33 2020
Terminated at Tue Jun  2 22:37:36 2020
Results reported at Tue Jun  2 22:37:36 2020

Your job looked like:

------------------------------------------------------------
# LSBATCH: User input
#BSUB -q cpuqueue
#BSUB -o %J.stdout

for opt in 'adam' 'bbb' 'sgld'
do
    for layer in 'GraphConv' 'EdgeConv' 'SAGEConv' 'GINConv' 'SGConv' 'TAGConv' 
    do
        for lr in '1e-3' '1e-4' '1e-5' '1e-6'
        do
            name="_gp_"$opt"_"$layer"_"$lr
            bsub -q gpuqueue -J $name -m "ld-gpu ls-gpu lt-gpu lg-gpu lu-gpu" -n 12 -gpu "num=1:j_exclusive=yes" -R "rusage[mem=4] span[hosts=1]" -W 8:00 -o $name/%J.stdout -eo %J.stderr python ../../pinot/app/gp_train.py --layer $layer --optimizer $opt --lr $lr --out $name --n_epochs 1000

done
done
done


------------------------------------------------------------

Successfully completed.

Resource usage summary:

    CPU time :                                   1.67 sec.
    Max Memory :                                 -
    Average Memory :                             -
    Total Requested Memory :                     2.00 GB
    Delta Memory :                               -
    Max Swap :                                   -
    Max Processes :                              4
    Max Threads :                                5
    Run time :                                   3 sec.
    Turnaround time :                            4 sec.

The output (if any) follows:

Job <14789235> is submitted to queue <gpuqueue>.
Job <14789236> is submitted to queue <gpuqueue>.
Job <14789237> is submitted to queue <gpuqueue>.
Job <14789238> is submitted to queue <gpuqueue>.
Job <14789239> is submitted to queue <gpuqueue>.
Job <14789240> is submitted to queue <gpuqueue>.
Job <14789241> is submitted to queue <gpuqueue>.
Job <14789242> is submitted to queue <gpuqueue>.
Job <14789243> is submitted to queue <gpuqueue>.
Job <14789244> is submitted to queue <gpuqueue>.
Job <14789245> is submitted to queue <gpuqueue>.
Job <14789246> is submitted to queue <gpuqueue>.
Job <14789247> is submitted to queue <gpuqueue>.
Job <14789248> is submitted to queue <gpuqueue>.
Job <14789249> is submitted to queue <gpuqueue>.
Job <14789250> is submitted to queue <gpuqueue>.
Job <14789251> is submitted to queue <gpuqueue>.
Job <14789252> is submitted to queue <gpuqueue>.
Job <14789253> is submitted to queue <gpuqueue>.
Job <14789254> is submitted to queue <gpuqueue>.
Job <14789255> is submitted to queue <gpuqueue>.
Job <14789256> is submitted to queue <gpuqueue>.
Job <14789257> is submitted to queue <gpuqueue>.
Job <14789258> is submitted to queue <gpuqueue>.
Job <14789259> is submitted to queue <gpuqueue>.
Job <14789260> is submitted to queue <gpuqueue>.
Job <14789261> is submitted to queue <gpuqueue>.
Job <14789262> is submitted to queue <gpuqueue>.
Job <14789263> is submitted to queue <gpuqueue>.
Job <14789264> is submitted to queue <gpuqueue>.
Job <14789265> is submitted to queue <gpuqueue>.
Job <14789266> is submitted to queue <gpuqueue>.
Job <14789267> is submitted to queue <gpuqueue>.
Job <14789268> is submitted to queue <gpuqueue>.
Job <14789269> is submitted to queue <gpuqueue>.
Job <14789270> is submitted to queue <gpuqueue>.
Job <14789271> is submitted to queue <gpuqueue>.
Job <14789272> is submitted to queue <gpuqueue>.
Job <14789273> is submitted to queue <gpuqueue>.
Job <14789274> is submitted to queue <gpuqueue>.
Job <14789275> is submitted to queue <gpuqueue>.
Job <14789276> is submitted to queue <gpuqueue>.
Job <14789277> is submitted to queue <gpuqueue>.
Job <14789278> is submitted to queue <gpuqueue>.
Job <14789279> is submitted to queue <gpuqueue>.
Job <14789280> is submitted to queue <gpuqueue>.
Job <14789281> is submitted to queue <gpuqueue>.
Job <14789282> is submitted to queue <gpuqueue>.
Job <14789283> is submitted to queue <gpuqueue>.
Job <14789284> is submitted to queue <gpuqueue>.
Job <14789285> is submitted to queue <gpuqueue>.
Job <14789286> is submitted to queue <gpuqueue>.
Job <14789287> is submitted to queue <gpuqueue>.
Job <14789288> is submitted to queue <gpuqueue>.
Job <14789289> is submitted to queue <gpuqueue>.
Job <14789290> is submitted to queue <gpuqueue>.
Job <14789291> is submitted to queue <gpuqueue>.
Job <14789292> is submitted to queue <gpuqueue>.
Job <14789293> is submitted to queue <gpuqueue>.
Job <14789294> is submitted to queue <gpuqueue>.
Job <14789295> is submitted to queue <gpuqueue>.
Job <14789296> is submitted to queue <gpuqueue>.
Job <14789297> is submitted to queue <gpuqueue>.
Job <14789298> is submitted to queue <gpuqueue>.
Job <14789299> is submitted to queue <gpuqueue>.
Job <14789300> is submitted to queue <gpuqueue>.
Job <14789301> is submitted to queue <gpuqueue>.
Job <14789302> is submitted to queue <gpuqueue>.
Job <14789303> is submitted to queue <gpuqueue>.
Job <14789304> is submitted to queue <gpuqueue>.
Job <14789305> is submitted to queue <gpuqueue>.
Job <14789306> is submitted to queue <gpuqueue>.
