Sender: LSF System <lsfadmin@lt13>
Subject: Job 14804299: <_gp_SGD_SGConv_1e-5> in cluster <lila> Done

Job <_gp_SGD_SGConv_1e-5> was submitted from host <lx09> by user <wangy1> in cluster <lila> at Mon Jun  8 11:09:10 2020
Job was executed on host(s) <12*lt13>, in queue <gpuqueue>, as user <wangy1> in cluster <lila> at Mon Jun  8 11:09:11 2020
</home/wangy1> was used as the home directory.
</data/chodera/wangyq/pinot/scripts/gp_comparison> was used as the working directory.
Started at Mon Jun  8 11:09:11 2020
Terminated at Mon Jun  8 11:10:03 2020
Results reported at Mon Jun  8 11:10:03 2020

Your job looked like:

------------------------------------------------------------
# LSBATCH: User input
python ../../pinot/app/gp_train.py --layer SGConv --optimizer SGD --lr 1e-5 --out _gp_SGD_SGConv_1e-5 --n_epochs 100
------------------------------------------------------------

Successfully completed.

Resource usage summary:

    CPU time :                                   142.98 sec.
    Max Memory :                                 2 GB
    Average Memory :                             1.75 GB
    Total Requested Memory :                     48.00 GB
    Delta Memory :                               46.00 GB
    Max Swap :                                   -
    Max Processes :                              3
    Max Threads :                                20
    Run time :                                   52 sec.
    Turnaround time :                            53 sec.

The output (if any) follows:

Parameter containing:
tensor(1., device='cuda:0', requires_grad=True)
Parameter containing:
tensor(0.9959, device='cuda:0', requires_grad=True)
Parameter containing:
tensor(0.9918, device='cuda:0', requires_grad=True)
Parameter containing:
tensor(0.9876, device='cuda:0', requires_grad=True)
Parameter containing:
tensor(0.9834, device='cuda:0', requires_grad=True)
Parameter containing:
tensor(0.9792, device='cuda:0', requires_grad=True)
Parameter containing:
tensor(0.9749, device='cuda:0', requires_grad=True)
Parameter containing:
tensor(0.9705, device='cuda:0', requires_grad=True)
Parameter containing:
tensor(0.9662, device='cuda:0', requires_grad=True)
Parameter containing:
tensor(0.9618, device='cuda:0', requires_grad=True)
Parameter containing:
tensor(0.9574, device='cuda:0', requires_grad=True)
Parameter containing:
tensor(0.9530, device='cuda:0', requires_grad=True)
Parameter containing:
tensor(0.9485, device='cuda:0', requires_grad=True)
Parameter containing:
tensor(0.9441, device='cuda:0', requires_grad=True)
Parameter containing:
tensor(0.9396, device='cuda:0', requires_grad=True)
Parameter containing:
tensor(0.9350, device='cuda:0', requires_grad=True)
Parameter containing:
tensor(0.9305, device='cuda:0', requires_grad=True)
Parameter containing:
tensor(0.9259, device='cuda:0', requires_grad=True)
Parameter containing:
tensor(0.9214, device='cuda:0', requires_grad=True)
Parameter containing:
tensor(0.9168, device='cuda:0', requires_grad=True)
Parameter containing:
tensor(0.9122, device='cuda:0', requires_grad=True)
Parameter containing:
tensor(0.9076, device='cuda:0', requires_grad=True)
Parameter containing:
tensor(0.9030, device='cuda:0', requires_grad=True)
Parameter containing:
tensor(0.8984, device='cuda:0', requires_grad=True)
Parameter containing:
tensor(0.8937, device='cuda:0', requires_grad=True)
Parameter containing:
tensor(0.8891, device='cuda:0', requires_grad=True)
Parameter containing:
tensor(0.8845, device='cuda:0', requires_grad=True)
Parameter containing:
tensor(0.8798, device='cuda:0', requires_grad=True)
Parameter containing:
tensor(0.8752, device='cuda:0', requires_grad=True)
Parameter containing:
tensor(0.8705, device='cuda:0', requires_grad=True)
Parameter containing:
tensor(0.8659, device='cuda:0', requires_grad=True)
Parameter containing:
tensor(0.8612, device='cuda:0', requires_grad=True)
Parameter containing:
tensor(0.8566, device='cuda:0', requires_grad=True)
Parameter containing:
tensor(0.8519, device='cuda:0', requires_grad=True)
Parameter containing:
tensor(0.8473, device='cuda:0', requires_grad=True)
Parameter containing:
tensor(0.8426, device='cuda:0', requires_grad=True)
Parameter containing:
tensor(0.8379, device='cuda:0', requires_grad=True)
Parameter containing:
tensor(0.8333, device='cuda:0', requires_grad=True)
Parameter containing:
tensor(0.8286, device='cuda:0', requires_grad=True)
Parameter containing:
tensor(0.8239, device='cuda:0', requires_grad=True)
Parameter containing:
tensor(0.8193, device='cuda:0', requires_grad=True)
Parameter containing:
tensor(0.8146, device='cuda:0', requires_grad=True)
Parameter containing:
tensor(0.8100, device='cuda:0', requires_grad=True)
Parameter containing:
tensor(0.8053, device='cuda:0', requires_grad=True)
Parameter containing:
tensor(0.8006, device='cuda:0', requires_grad=True)
Parameter containing:
tensor(0.7960, device='cuda:0', requires_grad=True)
Parameter containing:
tensor(0.7913, device='cuda:0', requires_grad=True)
Parameter containing:
tensor(0.7867, device='cuda:0', requires_grad=True)
Parameter containing:
tensor(0.7820, device='cuda:0', requires_grad=True)
Parameter containing:
tensor(0.7773, device='cuda:0', requires_grad=True)
Parameter containing:
tensor(0.7727, device='cuda:0', requires_grad=True)
Parameter containing:
tensor(0.7680, device='cuda:0', requires_grad=True)
Parameter containing:
tensor(0.7633, device='cuda:0', requires_grad=True)
Parameter containing:
tensor(0.7586, device='cuda:0', requires_grad=True)
Parameter containing:
tensor(0.7539, device='cuda:0', requires_grad=True)
Parameter containing:
tensor(0.7492, device='cuda:0', requires_grad=True)
Parameter containing:
tensor(0.7445, device='cuda:0', requires_grad=True)
Parameter containing:
tensor(0.7398, device='cuda:0', requires_grad=True)
Parameter containing:
tensor(0.7351, device='cuda:0', requires_grad=True)
Parameter containing:
tensor(0.7304, device='cuda:0', requires_grad=True)
Parameter containing:
tensor(0.7257, device='cuda:0', requires_grad=True)
Parameter containing:
tensor(0.7210, device='cuda:0', requires_grad=True)
Parameter containing:
tensor(0.7162, device='cuda:0', requires_grad=True)
Parameter containing:
tensor(0.7115, device='cuda:0', requires_grad=True)
Parameter containing:
tensor(0.7068, device='cuda:0', requires_grad=True)
Parameter containing:
tensor(0.7021, device='cuda:0', requires_grad=True)
Parameter containing:
tensor(0.6975, device='cuda:0', requires_grad=True)
Parameter containing:
tensor(0.6935, device='cuda:0', requires_grad=True)
Parameter containing:
tensor(0.6889, device='cuda:0', requires_grad=True)
Parameter containing:
tensor(0.6847, device='cuda:0', requires_grad=True)
Parameter containing:
tensor(0.6805, device='cuda:0', requires_grad=True)
Parameter containing:
tensor(0.6764, device='cuda:0', requires_grad=True)
Parameter containing:
tensor(0.6723, device='cuda:0', requires_grad=True)
Parameter containing:
tensor(0.6681, device='cuda:0', requires_grad=True)
Parameter containing:
tensor(0.6640, device='cuda:0', requires_grad=True)
Parameter containing:
tensor(0.6596, device='cuda:0', requires_grad=True)
Parameter containing:
tensor(0.6556, device='cuda:0', requires_grad=True)
Parameter containing:
tensor(0.6512, device='cuda:0', requires_grad=True)
Parameter containing:
tensor(0.6469, device='cuda:0', requires_grad=True)
Parameter containing:
tensor(0.6428, device='cuda:0', requires_grad=True)
Parameter containing:
tensor(0.6387, device='cuda:0', requires_grad=True)
Parameter containing:
tensor(0.6347, device='cuda:0', requires_grad=True)
Parameter containing:
tensor(0.6306, device='cuda:0', requires_grad=True)
Parameter containing:
tensor(0.6265, device='cuda:0', requires_grad=True)
Parameter containing:
tensor(0.6225, device='cuda:0', requires_grad=True)
Parameter containing:
tensor(0.6184, device='cuda:0', requires_grad=True)
Parameter containing:
tensor(0.6145, device='cuda:0', requires_grad=True)
Parameter containing:
tensor(0.6103, device='cuda:0', requires_grad=True)
Parameter containing:
tensor(0.6064, device='cuda:0', requires_grad=True)
Parameter containing:
tensor(0.6021, device='cuda:0', requires_grad=True)
Parameter containing:
tensor(0.5981, device='cuda:0', requires_grad=True)
Parameter containing:
tensor(0.5941, device='cuda:0', requires_grad=True)
Parameter containing:
tensor(0.5902, device='cuda:0', requires_grad=True)
Parameter containing:
tensor(0.5861, device='cuda:0', requires_grad=True)
Parameter containing:
tensor(0.5824, device='cuda:0', requires_grad=True)
Parameter containing:
tensor(0.5782, device='cuda:0', requires_grad=True)
Parameter containing:
tensor(0.5742, device='cuda:0', requires_grad=True)
Parameter containing:
tensor(0.5703, device='cuda:0', requires_grad=True)
Parameter containing:
tensor(0.5665, device='cuda:0', requires_grad=True)
Parameter containing:
tensor(0.5626, device='cuda:0', requires_grad=True)


PS:

Read file <14804299.stderr> for stderr output of this job.

