Sender: LSF System <lsfadmin@ls04>
Subject: Job 14804954: <_gp_SGD_SGConv_1e-5> in cluster <lila> Done

Job <_gp_SGD_SGConv_1e-5> was submitted from host <lx12> by user <wangy1> in cluster <lila> at Mon Jun  8 13:33:41 2020
Job was executed on host(s) <12*ls04>, in queue <gpuqueue>, as user <wangy1> in cluster <lila> at Mon Jun  8 13:33:42 2020
</home/wangy1> was used as the home directory.
</data/chodera/wangyq/pinot/scripts/gp_comparison> was used as the working directory.
Started at Mon Jun  8 13:33:42 2020
Terminated at Mon Jun  8 13:34:43 2020
Results reported at Mon Jun  8 13:34:43 2020

Your job looked like:

------------------------------------------------------------
# LSBATCH: User input
python ../../pinot/app/gp_train.py --layer SGConv --optimizer SGD --lr 1e-5 --out _gp_SGD_SGConv_1e-5 --n_epochs 100
------------------------------------------------------------

Successfully completed.

Resource usage summary:

    CPU time :                                   148.05 sec.
    Max Memory :                                 2 GB
    Average Memory :                             1.36 GB
    Total Requested Memory :                     48.00 GB
    Delta Memory :                               46.00 GB
    Max Swap :                                   -
    Max Processes :                              3
    Max Threads :                                20
    Run time :                                   63 sec.
    Turnaround time :                            62 sec.

The output (if any) follows:

Parameter containing:
tensor(1., device='cuda:0', requires_grad=True)
Parameter containing:
tensor(0.9959, device='cuda:0', requires_grad=True)
Parameter containing:
tensor(0.9919, device='cuda:0', requires_grad=True)
Parameter containing:
tensor(0.9878, device='cuda:0', requires_grad=True)
Parameter containing:
tensor(0.9836, device='cuda:0', requires_grad=True)
Parameter containing:
tensor(0.9795, device='cuda:0', requires_grad=True)
Parameter containing:
tensor(0.9753, device='cuda:0', requires_grad=True)
Parameter containing:
tensor(0.9711, device='cuda:0', requires_grad=True)
Parameter containing:
tensor(0.9668, device='cuda:0', requires_grad=True)
Parameter containing:
tensor(0.9626, device='cuda:0', requires_grad=True)
Parameter containing:
tensor(0.9583, device='cuda:0', requires_grad=True)
Parameter containing:
tensor(0.9540, device='cuda:0', requires_grad=True)
Parameter containing:
tensor(0.9496, device='cuda:0', requires_grad=True)
Parameter containing:
tensor(0.9452, device='cuda:0', requires_grad=True)
Parameter containing:
tensor(0.9407, device='cuda:0', requires_grad=True)
Parameter containing:
tensor(0.9362, device='cuda:0', requires_grad=True)
Parameter containing:
tensor(0.9317, device='cuda:0', requires_grad=True)
Parameter containing:
tensor(0.9271, device='cuda:0', requires_grad=True)
Parameter containing:
tensor(0.9224, device='cuda:0', requires_grad=True)
Parameter containing:
tensor(0.9178, device='cuda:0', requires_grad=True)
Parameter containing:
tensor(0.9131, device='cuda:0', requires_grad=True)
Parameter containing:
tensor(0.9084, device='cuda:0', requires_grad=True)
Parameter containing:
tensor(0.9037, device='cuda:0', requires_grad=True)
Parameter containing:
tensor(0.8990, device='cuda:0', requires_grad=True)
Parameter containing:
tensor(0.8942, device='cuda:0', requires_grad=True)
Parameter containing:
tensor(0.8895, device='cuda:0', requires_grad=True)
Parameter containing:
tensor(0.8847, device='cuda:0', requires_grad=True)
Parameter containing:
tensor(0.8799, device='cuda:0', requires_grad=True)
Parameter containing:
tensor(0.8752, device='cuda:0', requires_grad=True)
Parameter containing:
tensor(0.8704, device='cuda:0', requires_grad=True)
Parameter containing:
tensor(0.8657, device='cuda:0', requires_grad=True)
Parameter containing:
tensor(0.8609, device='cuda:0', requires_grad=True)
Parameter containing:
tensor(0.8561, device='cuda:0', requires_grad=True)
Parameter containing:
tensor(0.8514, device='cuda:0', requires_grad=True)
Parameter containing:
tensor(0.8466, device='cuda:0', requires_grad=True)
Parameter containing:
tensor(0.8419, device='cuda:0', requires_grad=True)
Parameter containing:
tensor(0.8371, device='cuda:0', requires_grad=True)
Parameter containing:
tensor(0.8324, device='cuda:0', requires_grad=True)
Parameter containing:
tensor(0.8277, device='cuda:0', requires_grad=True)
Parameter containing:
tensor(0.8230, device='cuda:0', requires_grad=True)
Parameter containing:
tensor(0.8183, device='cuda:0', requires_grad=True)
Parameter containing:
tensor(0.8136, device='cuda:0', requires_grad=True)
Parameter containing:
tensor(0.8089, device='cuda:0', requires_grad=True)
Parameter containing:
tensor(0.8043, device='cuda:0', requires_grad=True)
Parameter containing:
tensor(0.7996, device='cuda:0', requires_grad=True)
Parameter containing:
tensor(0.7950, device='cuda:0', requires_grad=True)
Parameter containing:
tensor(0.7903, device='cuda:0', requires_grad=True)
Parameter containing:
tensor(0.7857, device='cuda:0', requires_grad=True)
Parameter containing:
tensor(0.7811, device='cuda:0', requires_grad=True)
Parameter containing:
tensor(0.7765, device='cuda:0', requires_grad=True)
Parameter containing:
tensor(0.7721, device='cuda:0', requires_grad=True)
Parameter containing:
tensor(0.7679, device='cuda:0', requires_grad=True)
Parameter containing:
tensor(0.7634, device='cuda:0', requires_grad=True)
Parameter containing:
tensor(0.7591, device='cuda:0', requires_grad=True)
Parameter containing:
tensor(0.7547, device='cuda:0', requires_grad=True)
Parameter containing:
tensor(0.7504, device='cuda:0', requires_grad=True)
Parameter containing:
tensor(0.7459, device='cuda:0', requires_grad=True)
Parameter containing:
tensor(0.7415, device='cuda:0', requires_grad=True)
Parameter containing:
tensor(0.7370, device='cuda:0', requires_grad=True)
Parameter containing:
tensor(0.7326, device='cuda:0', requires_grad=True)
Parameter containing:
tensor(0.7282, device='cuda:0', requires_grad=True)
Parameter containing:
tensor(0.7238, device='cuda:0', requires_grad=True)
Parameter containing:
tensor(0.7195, device='cuda:0', requires_grad=True)
Parameter containing:
tensor(0.7151, device='cuda:0', requires_grad=True)
Parameter containing:
tensor(0.7108, device='cuda:0', requires_grad=True)
Parameter containing:
tensor(0.7064, device='cuda:0', requires_grad=True)
Parameter containing:
tensor(0.7021, device='cuda:0', requires_grad=True)
Parameter containing:
tensor(0.6978, device='cuda:0', requires_grad=True)
Parameter containing:
tensor(0.6935, device='cuda:0', requires_grad=True)
Parameter containing:
tensor(0.6893, device='cuda:0', requires_grad=True)
Parameter containing:
tensor(0.6850, device='cuda:0', requires_grad=True)
Parameter containing:
tensor(0.6807, device='cuda:0', requires_grad=True)
Parameter containing:
tensor(0.6765, device='cuda:0', requires_grad=True)
Parameter containing:
tensor(0.6722, device='cuda:0', requires_grad=True)
Parameter containing:
tensor(0.6680, device='cuda:0', requires_grad=True)
Parameter containing:
tensor(0.6638, device='cuda:0', requires_grad=True)
Parameter containing:
tensor(0.6596, device='cuda:0', requires_grad=True)
Parameter containing:
tensor(0.6554, device='cuda:0', requires_grad=True)
Parameter containing:
tensor(0.6512, device='cuda:0', requires_grad=True)
Parameter containing:
tensor(0.6470, device='cuda:0', requires_grad=True)
Parameter containing:
tensor(0.6428, device='cuda:0', requires_grad=True)
Parameter containing:
tensor(0.6387, device='cuda:0', requires_grad=True)
Parameter containing:
tensor(0.6346, device='cuda:0', requires_grad=True)
Parameter containing:
tensor(0.6305, device='cuda:0', requires_grad=True)
Parameter containing:
tensor(0.6264, device='cuda:0', requires_grad=True)
Parameter containing:
tensor(0.6223, device='cuda:0', requires_grad=True)
Parameter containing:
tensor(0.6182, device='cuda:0', requires_grad=True)
Parameter containing:
tensor(0.6142, device='cuda:0', requires_grad=True)
Parameter containing:
tensor(0.6102, device='cuda:0', requires_grad=True)
Parameter containing:
tensor(0.6062, device='cuda:0', requires_grad=True)
Parameter containing:
tensor(0.6022, device='cuda:0', requires_grad=True)
Parameter containing:
tensor(0.5982, device='cuda:0', requires_grad=True)
Parameter containing:
tensor(0.5942, device='cuda:0', requires_grad=True)
Parameter containing:
tensor(0.5903, device='cuda:0', requires_grad=True)
Parameter containing:
tensor(0.5863, device='cuda:0', requires_grad=True)
Parameter containing:
tensor(0.5824, device='cuda:0', requires_grad=True)
Parameter containing:
tensor(0.5785, device='cuda:0', requires_grad=True)
Parameter containing:
tensor(0.5747, device='cuda:0', requires_grad=True)
Parameter containing:
tensor(0.5707, device='cuda:0', requires_grad=True)
Parameter containing:
tensor(0.5669, device='cuda:0', requires_grad=True)


PS:

Read file <14804954.stderr> for stderr output of this job.

