Sender: LSF System <lsfadmin@lt18>
Subject: Job 14805210: <_gp_SGD_SGConv_1e-5> in cluster <lila> Done

Job <_gp_SGD_SGConv_1e-5> was submitted from host <lx12> by user <wangy1> in cluster <lila> at Mon Jun  8 14:49:03 2020
Job was executed on host(s) <12*lt18>, in queue <gpuqueue>, as user <wangy1> in cluster <lila> at Mon Jun  8 14:49:03 2020
</home/wangy1> was used as the home directory.
</data/chodera/wangyq/pinot/scripts/gp_comparison> was used as the working directory.
Started at Mon Jun  8 14:49:03 2020
Terminated at Mon Jun  8 14:49:54 2020
Results reported at Mon Jun  8 14:49:54 2020

Your job looked like:

------------------------------------------------------------
# LSBATCH: User input
python ../../pinot/app/gp_train.py --layer SGConv --optimizer SGD --lr 1e-5 --out _gp_SGD_SGConv_1e-5 --n_epochs 100
------------------------------------------------------------

Successfully completed.

Resource usage summary:

    CPU time :                                   154.89 sec.
    Max Memory :                                 2 GB
    Average Memory :                             1.61 GB
    Total Requested Memory :                     48.00 GB
    Delta Memory :                               46.00 GB
    Max Swap :                                   -
    Max Processes :                              3
    Max Threads :                                20
    Run time :                                   51 sec.
    Turnaround time :                            51 sec.

The output (if any) follows:

Parameter containing:
tensor(1., device='cuda:0', requires_grad=True)
Parameter containing:
tensor(0.9957, device='cuda:0', requires_grad=True)
Parameter containing:
tensor(0.9913, device='cuda:0', requires_grad=True)
Parameter containing:
tensor(0.9868, device='cuda:0', requires_grad=True)
Parameter containing:
tensor(0.9823, device='cuda:0', requires_grad=True)
Parameter containing:
tensor(0.9777, device='cuda:0', requires_grad=True)
Parameter containing:
tensor(0.9730, device='cuda:0', requires_grad=True)
Parameter containing:
tensor(0.9683, device='cuda:0', requires_grad=True)
Parameter containing:
tensor(0.9635, device='cuda:0', requires_grad=True)
Parameter containing:
tensor(0.9586, device='cuda:0', requires_grad=True)
Parameter containing:
tensor(0.9537, device='cuda:0', requires_grad=True)
Parameter containing:
tensor(0.9487, device='cuda:0', requires_grad=True)
Parameter containing:
tensor(0.9436, device='cuda:0', requires_grad=True)
Parameter containing:
tensor(0.9385, device='cuda:0', requires_grad=True)
Parameter containing:
tensor(0.9334, device='cuda:0', requires_grad=True)
Parameter containing:
tensor(0.9282, device='cuda:0', requires_grad=True)
Parameter containing:
tensor(0.9230, device='cuda:0', requires_grad=True)
Parameter containing:
tensor(0.9178, device='cuda:0', requires_grad=True)
Parameter containing:
tensor(0.9126, device='cuda:0', requires_grad=True)
Parameter containing:
tensor(0.9073, device='cuda:0', requires_grad=True)
Parameter containing:
tensor(0.9021, device='cuda:0', requires_grad=True)
Parameter containing:
tensor(0.8969, device='cuda:0', requires_grad=True)
Parameter containing:
tensor(0.8917, device='cuda:0', requires_grad=True)
Parameter containing:
tensor(0.8865, device='cuda:0', requires_grad=True)
Parameter containing:
tensor(0.8812, device='cuda:0', requires_grad=True)
Parameter containing:
tensor(0.8760, device='cuda:0', requires_grad=True)
Parameter containing:
tensor(0.8708, device='cuda:0', requires_grad=True)
Parameter containing:
tensor(0.8656, device='cuda:0', requires_grad=True)
Parameter containing:
tensor(0.8604, device='cuda:0', requires_grad=True)
Parameter containing:
tensor(0.8552, device='cuda:0', requires_grad=True)
Parameter containing:
tensor(0.8500, device='cuda:0', requires_grad=True)
Parameter containing:
tensor(0.8448, device='cuda:0', requires_grad=True)
Parameter containing:
tensor(0.8397, device='cuda:0', requires_grad=True)
Parameter containing:
tensor(0.8345, device='cuda:0', requires_grad=True)
Parameter containing:
tensor(0.8293, device='cuda:0', requires_grad=True)
Parameter containing:
tensor(0.8242, device='cuda:0', requires_grad=True)
Parameter containing:
tensor(0.8190, device='cuda:0', requires_grad=True)
Parameter containing:
tensor(0.8139, device='cuda:0', requires_grad=True)
Parameter containing:
tensor(0.8092, device='cuda:0', requires_grad=True)
Parameter containing:
tensor(0.8046, device='cuda:0', requires_grad=True)
Parameter containing:
tensor(0.8004, device='cuda:0', requires_grad=True)
Parameter containing:
tensor(0.7956, device='cuda:0', requires_grad=True)
Parameter containing:
tensor(0.7906, device='cuda:0', requires_grad=True)
Parameter containing:
tensor(0.7859, device='cuda:0', requires_grad=True)
Parameter containing:
tensor(0.7810, device='cuda:0', requires_grad=True)
Parameter containing:
tensor(0.7767, device='cuda:0', requires_grad=True)
Parameter containing:
tensor(0.7718, device='cuda:0', requires_grad=True)
Parameter containing:
tensor(0.7669, device='cuda:0', requires_grad=True)
Parameter containing:
tensor(0.7623, device='cuda:0', requires_grad=True)
Parameter containing:
tensor(0.7575, device='cuda:0', requires_grad=True)
Parameter containing:
tensor(0.7532, device='cuda:0', requires_grad=True)
Parameter containing:
tensor(0.7483, device='cuda:0', requires_grad=True)
Parameter containing:
tensor(0.7437, device='cuda:0', requires_grad=True)
Parameter containing:
tensor(0.7389, device='cuda:0', requires_grad=True)
Parameter containing:
tensor(0.7348, device='cuda:0', requires_grad=True)
Parameter containing:
tensor(0.7301, device='cuda:0', requires_grad=True)
Parameter containing:
tensor(0.7254, device='cuda:0', requires_grad=True)
Parameter containing:
tensor(0.7210, device='cuda:0', requires_grad=True)
Parameter containing:
tensor(0.7163, device='cuda:0', requires_grad=True)
Parameter containing:
tensor(0.7117, device='cuda:0', requires_grad=True)
Parameter containing:
tensor(0.7071, device='cuda:0', requires_grad=True)
Parameter containing:
tensor(0.7026, device='cuda:0', requires_grad=True)
Parameter containing:
tensor(0.6981, device='cuda:0', requires_grad=True)
Parameter containing:
tensor(0.6940, device='cuda:0', requires_grad=True)
Parameter containing:
tensor(0.6897, device='cuda:0', requires_grad=True)
Parameter containing:
tensor(0.6852, device='cuda:0', requires_grad=True)
Parameter containing:
tensor(0.6806, device='cuda:0', requires_grad=True)
Parameter containing:
tensor(0.6762, device='cuda:0', requires_grad=True)
Parameter containing:
tensor(0.6717, device='cuda:0', requires_grad=True)
Parameter containing:
tensor(0.6674, device='cuda:0', requires_grad=True)
Parameter containing:
tensor(0.6629, device='cuda:0', requires_grad=True)
Parameter containing:
tensor(0.6589, device='cuda:0', requires_grad=True)
Parameter containing:
tensor(0.6548, device='cuda:0', requires_grad=True)
Parameter containing:
tensor(0.6505, device='cuda:0', requires_grad=True)
Parameter containing:
tensor(0.6460, device='cuda:0', requires_grad=True)
Parameter containing:
tensor(0.6416, device='cuda:0', requires_grad=True)
Parameter containing:
tensor(0.6372, device='cuda:0', requires_grad=True)
Parameter containing:
tensor(0.6330, device='cuda:0', requires_grad=True)
Parameter containing:
tensor(0.6286, device='cuda:0', requires_grad=True)
Parameter containing:
tensor(0.6244, device='cuda:0', requires_grad=True)
Parameter containing:
tensor(0.6200, device='cuda:0', requires_grad=True)
Parameter containing:
tensor(0.6157, device='cuda:0', requires_grad=True)
Parameter containing:
tensor(0.6115, device='cuda:0', requires_grad=True)
Parameter containing:
tensor(0.6073, device='cuda:0', requires_grad=True)
Parameter containing:
tensor(0.6033, device='cuda:0', requires_grad=True)
Parameter containing:
tensor(0.5998, device='cuda:0', requires_grad=True)
Parameter containing:
tensor(0.5959, device='cuda:0', requires_grad=True)
Parameter containing:
tensor(0.5918, device='cuda:0', requires_grad=True)
Parameter containing:
tensor(0.5875, device='cuda:0', requires_grad=True)
Parameter containing:
tensor(0.5832, device='cuda:0', requires_grad=True)
Parameter containing:
tensor(0.5791, device='cuda:0', requires_grad=True)
Parameter containing:
tensor(0.5755, device='cuda:0', requires_grad=True)
Parameter containing:
tensor(0.5716, device='cuda:0', requires_grad=True)
Parameter containing:
tensor(0.5676, device='cuda:0', requires_grad=True)
Parameter containing:
tensor(0.5634, device='cuda:0', requires_grad=True)
Parameter containing:
tensor(0.5593, device='cuda:0', requires_grad=True)
Parameter containing:
tensor(0.5556, device='cuda:0', requires_grad=True)
Parameter containing:
tensor(0.5518, device='cuda:0', requires_grad=True)
Parameter containing:
tensor(0.5477, device='cuda:0', requires_grad=True)
Parameter containing:
tensor(0.5437, device='cuda:0', requires_grad=True)


PS:

Read file <14805210.stderr> for stderr output of this job.

