Sender: LSF System <lsfadmin@lt21>
Subject: Job 14830688: <_bbb_GINConv_1e-3> in cluster <lila> Done

Job <_bbb_GINConv_1e-3> was submitted from host <lx12> by user <wangy1> in cluster <lila> at Wed Jun 10 23:18:10 2020
Job was executed on host(s) <12*lt21>, in queue <gpuqueue>, as user <wangy1> in cluster <lila> at Wed Jun 10 23:18:10 2020
</home/wangy1> was used as the home directory.
</data/chodera/wangyq/pinot/scripts/comparison> was used as the working directory.
Started at Wed Jun 10 23:18:10 2020
Terminated at Wed Jun 10 23:45:32 2020
Results reported at Wed Jun 10 23:45:32 2020

Your job looked like:

------------------------------------------------------------
# LSBATCH: User input
python ../../pinot/app/train_old.py --layer GINConv --optimizer bbb --lr 1e-3 --out _bbb_GINConv_1e-3 --n_epochs 500 --config 32 tanh 32 tanh 32 tanh
------------------------------------------------------------

Successfully completed.

Resource usage summary:

    CPU time :                                   1973.79 sec.
    Max Memory :                                 2 GB
    Average Memory :                             1.12 GB
    Total Requested Memory :                     48.00 GB
    Delta Memory :                               46.00 GB
    Max Swap :                                   -
    Max Processes :                              3
    Max Threads :                                20
    Run time :                                   1642 sec.
    Turnaround time :                            1642 sec.

The output (if any) follows:



PS:

Read file <14830688.stderr> for stderr output of this job.

