Sender: LSF System <lsfadmin@lt03>
Subject: Job 14789296: <_gp_sgld_GINConv_1e-4> in cluster <lila> Done

Job <_gp_sgld_GINConv_1e-4> was submitted from host <lx13> by user <wangy1> in cluster <lila> at Tue Jun  2 22:37:35 2020
Job was executed on host(s) <12*lt03>, in queue <gpuqueue>, as user <wangy1> in cluster <lila> at Tue Jun  2 23:16:05 2020
</home/wangy1> was used as the home directory.
</data/chodera/wangyq/pinot/scripts/gp_comparison> was used as the working directory.
Started at Tue Jun  2 23:16:05 2020
Terminated at Tue Jun  2 23:26:48 2020
Results reported at Tue Jun  2 23:26:48 2020

Your job looked like:

------------------------------------------------------------
# LSBATCH: User input
python ../../pinot/app/gp_train.py --layer GINConv --optimizer sgld --lr 1e-4 --out _gp_sgld_GINConv_1e-4 --n_epochs 1000
------------------------------------------------------------

Successfully completed.

Resource usage summary:

    CPU time :                                   1196.02 sec.
    Max Memory :                                 2 GB
    Average Memory :                             1.95 GB
    Total Requested Memory :                     48.00 GB
    Delta Memory :                               46.00 GB
    Max Swap :                                   -
    Max Processes :                              3
    Max Threads :                                31
    Run time :                                   643 sec.
    Turnaround time :                            2953 sec.

The output (if any) follows:



PS:

Read file <14789296.stderr> for stderr output of this job.

