Sender: LSF System <lsfadmin@lt04>
Subject: Job 14805193: <_gp_Adam_TAGConv_1e-3> in cluster <lila> Done

Job <_gp_Adam_TAGConv_1e-3> was submitted from host <lx12> by user <wangy1> in cluster <lila> at Mon Jun  8 14:49:02 2020
Job was executed on host(s) <12*lt04>, in queue <gpuqueue>, as user <wangy1> in cluster <lila> at Mon Jun  8 14:49:02 2020
</home/wangy1> was used as the home directory.
</data/chodera/wangyq/pinot/scripts/gp_comparison> was used as the working directory.
Started at Mon Jun  8 14:49:02 2020
Terminated at Mon Jun  8 14:49:59 2020
Results reported at Mon Jun  8 14:49:59 2020

Your job looked like:

------------------------------------------------------------
# LSBATCH: User input
python ../../pinot/app/gp_train.py --layer TAGConv --optimizer Adam --lr 1e-3 --out _gp_Adam_TAGConv_1e-3 --n_epochs 100
------------------------------------------------------------

Successfully completed.

Resource usage summary:

    CPU time :                                   160.49 sec.
    Max Memory :                                 2 GB
    Average Memory :                             1.83 GB
    Total Requested Memory :                     48.00 GB
    Delta Memory :                               46.00 GB
    Max Swap :                                   -
    Max Processes :                              3
    Max Threads :                                20
    Run time :                                   57 sec.
    Turnaround time :                            57 sec.

The output (if any) follows:

Parameter containing:
tensor(1., device='cuda:0', requires_grad=True)
Parameter containing:
tensor(0.9990, device='cuda:0', requires_grad=True)
Parameter containing:
tensor(0.9980, device='cuda:0', requires_grad=True)
Parameter containing:
tensor(0.9970, device='cuda:0', requires_grad=True)
Parameter containing:
tensor(0.9960, device='cuda:0', requires_grad=True)
Parameter containing:
tensor(0.9950, device='cuda:0', requires_grad=True)
Parameter containing:
tensor(0.9940, device='cuda:0', requires_grad=True)
Parameter containing:
tensor(0.9930, device='cuda:0', requires_grad=True)
Parameter containing:
tensor(0.9920, device='cuda:0', requires_grad=True)
Parameter containing:
tensor(0.9910, device='cuda:0', requires_grad=True)
Parameter containing:
tensor(0.9899, device='cuda:0', requires_grad=True)
Parameter containing:
tensor(0.9889, device='cuda:0', requires_grad=True)
Parameter containing:
tensor(0.9879, device='cuda:0', requires_grad=True)
Parameter containing:
tensor(0.9868, device='cuda:0', requires_grad=True)
Parameter containing:
tensor(0.9858, device='cuda:0', requires_grad=True)
Parameter containing:
tensor(0.9847, device='cuda:0', requires_grad=True)
Parameter containing:
tensor(0.9837, device='cuda:0', requires_grad=True)
Parameter containing:
tensor(0.9826, device='cuda:0', requires_grad=True)
Parameter containing:
tensor(0.9815, device='cuda:0', requires_grad=True)
Parameter containing:
tensor(0.9805, device='cuda:0', requires_grad=True)
Parameter containing:
tensor(0.9794, device='cuda:0', requires_grad=True)
Parameter containing:
tensor(0.9784, device='cuda:0', requires_grad=True)
Parameter containing:
tensor(0.9773, device='cuda:0', requires_grad=True)
Parameter containing:
tensor(0.9762, device='cuda:0', requires_grad=True)
Parameter containing:
tensor(0.9751, device='cuda:0', requires_grad=True)
Parameter containing:
tensor(0.9741, device='cuda:0', requires_grad=True)
Parameter containing:
tensor(0.9730, device='cuda:0', requires_grad=True)
Parameter containing:
tensor(0.9719, device='cuda:0', requires_grad=True)
Parameter containing:
tensor(0.9708, device='cuda:0', requires_grad=True)
Parameter containing:
tensor(0.9698, device='cuda:0', requires_grad=True)
Parameter containing:
tensor(0.9687, device='cuda:0', requires_grad=True)
Parameter containing:
tensor(0.9676, device='cuda:0', requires_grad=True)
Parameter containing:
tensor(0.9665, device='cuda:0', requires_grad=True)
Parameter containing:
tensor(0.9654, device='cuda:0', requires_grad=True)
Parameter containing:
tensor(0.9643, device='cuda:0', requires_grad=True)
Parameter containing:
tensor(0.9633, device='cuda:0', requires_grad=True)
Parameter containing:
tensor(0.9622, device='cuda:0', requires_grad=True)
Parameter containing:
tensor(0.9611, device='cuda:0', requires_grad=True)
Parameter containing:
tensor(0.9600, device='cuda:0', requires_grad=True)
Parameter containing:
tensor(0.9589, device='cuda:0', requires_grad=True)
Parameter containing:
tensor(0.9578, device='cuda:0', requires_grad=True)
Parameter containing:
tensor(0.9567, device='cuda:0', requires_grad=True)
Parameter containing:
tensor(0.9556, device='cuda:0', requires_grad=True)
Parameter containing:
tensor(0.9545, device='cuda:0', requires_grad=True)
Parameter containing:
tensor(0.9534, device='cuda:0', requires_grad=True)
Parameter containing:
tensor(0.9524, device='cuda:0', requires_grad=True)
Parameter containing:
tensor(0.9513, device='cuda:0', requires_grad=True)
Parameter containing:
tensor(0.9502, device='cuda:0', requires_grad=True)
Parameter containing:
tensor(0.9491, device='cuda:0', requires_grad=True)
Parameter containing:
tensor(0.9480, device='cuda:0', requires_grad=True)
Parameter containing:
tensor(0.9469, device='cuda:0', requires_grad=True)
Parameter containing:
tensor(0.9458, device='cuda:0', requires_grad=True)
Parameter containing:
tensor(0.9447, device='cuda:0', requires_grad=True)
Parameter containing:
tensor(0.9436, device='cuda:0', requires_grad=True)
Parameter containing:
tensor(0.9425, device='cuda:0', requires_grad=True)
Parameter containing:
tensor(0.9414, device='cuda:0', requires_grad=True)
Parameter containing:
tensor(0.9403, device='cuda:0', requires_grad=True)
Parameter containing:
tensor(0.9392, device='cuda:0', requires_grad=True)
Parameter containing:
tensor(0.9381, device='cuda:0', requires_grad=True)
Parameter containing:
tensor(0.9370, device='cuda:0', requires_grad=True)
Parameter containing:
tensor(0.9359, device='cuda:0', requires_grad=True)
Parameter containing:
tensor(0.9348, device='cuda:0', requires_grad=True)
Parameter containing:
tensor(0.9337, device='cuda:0', requires_grad=True)
Parameter containing:
tensor(0.9326, device='cuda:0', requires_grad=True)
Parameter containing:
tensor(0.9315, device='cuda:0', requires_grad=True)
Parameter containing:
tensor(0.9305, device='cuda:0', requires_grad=True)
Parameter containing:
tensor(0.9294, device='cuda:0', requires_grad=True)
Parameter containing:
tensor(0.9283, device='cuda:0', requires_grad=True)
Parameter containing:
tensor(0.9272, device='cuda:0', requires_grad=True)
Parameter containing:
tensor(0.9261, device='cuda:0', requires_grad=True)
Parameter containing:
tensor(0.9250, device='cuda:0', requires_grad=True)
Parameter containing:
tensor(0.9239, device='cuda:0', requires_grad=True)
Parameter containing:
tensor(0.9228, device='cuda:0', requires_grad=True)
Parameter containing:
tensor(0.9217, device='cuda:0', requires_grad=True)
Parameter containing:
tensor(0.9206, device='cuda:0', requires_grad=True)
Parameter containing:
tensor(0.9196, device='cuda:0', requires_grad=True)
Parameter containing:
tensor(0.9185, device='cuda:0', requires_grad=True)
Parameter containing:
tensor(0.9174, device='cuda:0', requires_grad=True)
Parameter containing:
tensor(0.9163, device='cuda:0', requires_grad=True)
Parameter containing:
tensor(0.9152, device='cuda:0', requires_grad=True)
Parameter containing:
tensor(0.9141, device='cuda:0', requires_grad=True)
Parameter containing:
tensor(0.9131, device='cuda:0', requires_grad=True)
Parameter containing:
tensor(0.9120, device='cuda:0', requires_grad=True)
Parameter containing:
tensor(0.9109, device='cuda:0', requires_grad=True)
Parameter containing:
tensor(0.9098, device='cuda:0', requires_grad=True)
Parameter containing:
tensor(0.9087, device='cuda:0', requires_grad=True)
Parameter containing:
tensor(0.9076, device='cuda:0', requires_grad=True)
Parameter containing:
tensor(0.9066, device='cuda:0', requires_grad=True)
Parameter containing:
tensor(0.9055, device='cuda:0', requires_grad=True)
Parameter containing:
tensor(0.9044, device='cuda:0', requires_grad=True)
Parameter containing:
tensor(0.9033, device='cuda:0', requires_grad=True)
Parameter containing:
tensor(0.9023, device='cuda:0', requires_grad=True)
Parameter containing:
tensor(0.9012, device='cuda:0', requires_grad=True)
Parameter containing:
tensor(0.9001, device='cuda:0', requires_grad=True)
Parameter containing:
tensor(0.8990, device='cuda:0', requires_grad=True)
Parameter containing:
tensor(0.8979, device='cuda:0', requires_grad=True)
Parameter containing:
tensor(0.8969, device='cuda:0', requires_grad=True)
Parameter containing:
tensor(0.8958, device='cuda:0', requires_grad=True)
Parameter containing:
tensor(0.8947, device='cuda:0', requires_grad=True)
Parameter containing:
tensor(0.8936, device='cuda:0', requires_grad=True)


PS:

Read file <14805193.stderr> for stderr output of this job.

