Sender: LSF System <lsfadmin@ls17>
Subject: Job 14836068: <_gp_43> in cluster <lila> Done

Job <_gp_43> was submitted from host <ls14> by user <wangy1> in cluster <lila> at Thu Jun 11 19:30:07 2020
Job was executed on host(s) <12*ls17>, in queue <gpuqueue>, as user <wangy1> in cluster <lila> at Thu Jun 11 19:30:07 2020
</home/wangy1> was used as the home directory.
</data/chodera/wangyq/pinot/scripts/gp_split> was used as the working directory.
Started at Thu Jun 11 19:30:07 2020
Terminated at Thu Jun 11 19:33:01 2020
Results reported at Thu Jun 11 19:33:01 2020

Your job looked like:

------------------------------------------------------------
# LSBATCH: User input
python ../../pinot/app/gp_train.py --layer GraphConv --out _gp_43 --n_epochs 500 --lr 1e-3 --config 32 tanh 32 tanh 32 tanh --lr 1e-3 --partition 43:57
------------------------------------------------------------

Successfully completed.

Resource usage summary:

    CPU time :                                   546.37 sec.
    Max Memory :                                 2 GB
    Average Memory :                             1.87 GB
    Total Requested Memory :                     48.00 GB
    Delta Memory :                               46.00 GB
    Max Swap :                                   -
    Max Processes :                              3
    Max Threads :                                20
    Run time :                                   176 sec.
    Turnaround time :                            174 sec.

The output (if any) follows:

Parameter containing:
tensor(-3., device='cuda:0', requires_grad=True)
Parameter containing:
tensor(-2.9990, device='cuda:0', requires_grad=True)
Parameter containing:
tensor(-2.9980, device='cuda:0', requires_grad=True)
Parameter containing:
tensor(-2.9970, device='cuda:0', requires_grad=True)
Parameter containing:
tensor(-2.9961, device='cuda:0', requires_grad=True)
Parameter containing:
tensor(-2.9951, device='cuda:0', requires_grad=True)
Parameter containing:
tensor(-2.9941, device='cuda:0', requires_grad=True)
Parameter containing:
tensor(-2.9932, device='cuda:0', requires_grad=True)
Parameter containing:
tensor(-2.9922, device='cuda:0', requires_grad=True)
Parameter containing:
tensor(-2.9913, device='cuda:0', requires_grad=True)
Parameter containing:
tensor(-2.9904, device='cuda:0', requires_grad=True)
Parameter containing:
tensor(-2.9894, device='cuda:0', requires_grad=True)
Parameter containing:
tensor(-2.9885, device='cuda:0', requires_grad=True)
Parameter containing:
tensor(-2.9875, device='cuda:0', requires_grad=True)
Parameter containing:
tensor(-2.9866, device='cuda:0', requires_grad=True)
Parameter containing:
tensor(-2.9856, device='cuda:0', requires_grad=True)
Parameter containing:
tensor(-2.9846, device='cuda:0', requires_grad=True)
Parameter containing:
tensor(-2.9837, device='cuda:0', requires_grad=True)
Parameter containing:
tensor(-2.9827, device='cuda:0', requires_grad=True)
Parameter containing:
tensor(-2.9817, device='cuda:0', requires_grad=True)
Parameter containing:
tensor(-2.9808, device='cuda:0', requires_grad=True)
Parameter containing:
tensor(-2.9798, device='cuda:0', requires_grad=True)
Parameter containing:
tensor(-2.9788, device='cuda:0', requires_grad=True)
Parameter containing:
tensor(-2.9779, device='cuda:0', requires_grad=True)
Parameter containing:
tensor(-2.9769, device='cuda:0', requires_grad=True)
Parameter containing:
tensor(-2.9759, device='cuda:0', requires_grad=True)
Parameter containing:
tensor(-2.9749, device='cuda:0', requires_grad=True)
Parameter containing:
tensor(-2.9739, device='cuda:0', requires_grad=True)
Parameter containing:
tensor(-2.9730, device='cuda:0', requires_grad=True)
Parameter containing:
tensor(-2.9720, device='cuda:0', requires_grad=True)
Parameter containing:
tensor(-2.9710, device='cuda:0', requires_grad=True)
Parameter containing:
tensor(-2.9700, device='cuda:0', requires_grad=True)
Parameter containing:
tensor(-2.9690, device='cuda:0', requires_grad=True)
Parameter containing:
tensor(-2.9680, device='cuda:0', requires_grad=True)
Parameter containing:
tensor(-2.9670, device='cuda:0', requires_grad=True)
Parameter containing:
tensor(-2.9661, device='cuda:0', requires_grad=True)
Parameter containing:
tensor(-2.9651, device='cuda:0', requires_grad=True)
Parameter containing:
tensor(-2.9641, device='cuda:0', requires_grad=True)
Parameter containing:
tensor(-2.9631, device='cuda:0', requires_grad=True)
Parameter containing:
tensor(-2.9621, device='cuda:0', requires_grad=True)
Parameter containing:
tensor(-2.9612, device='cuda:0', requires_grad=True)
Parameter containing:
tensor(-2.9602, device='cuda:0', requires_grad=True)
Parameter containing:
tensor(-2.9592, device='cuda:0', requires_grad=True)
Parameter containing:
tensor(-2.9583, device='cuda:0', requires_grad=True)
Parameter containing:
tensor(-2.9573, device='cuda:0', requires_grad=True)
Parameter containing:
tensor(-2.9564, device='cuda:0', requires_grad=True)
Parameter containing:
tensor(-2.9554, device='cuda:0', requires_grad=True)
Parameter containing:
tensor(-2.9545, device='cuda:0', requires_grad=True)
Parameter containing:
tensor(-2.9536, device='cuda:0', requires_grad=True)
Parameter containing:
tensor(-2.9526, device='cuda:0', requires_grad=True)
Parameter containing:
tensor(-2.9517, device='cuda:0', requires_grad=True)
Parameter containing:
tensor(-2.9508, device='cuda:0', requires_grad=True)
Parameter containing:
tensor(-2.9498, device='cuda:0', requires_grad=True)
Parameter containing:
tensor(-2.9489, device='cuda:0', requires_grad=True)
Parameter containing:
tensor(-2.9480, device='cuda:0', requires_grad=True)
Parameter containing:
tensor(-2.9471, device='cuda:0', requires_grad=True)
Parameter containing:
tensor(-2.9461, device='cuda:0', requires_grad=True)
Parameter containing:
tensor(-2.9452, device='cuda:0', requires_grad=True)
Parameter containing:
tensor(-2.9443, device='cuda:0', requires_grad=True)
Parameter containing:
tensor(-2.9434, device='cuda:0', requires_grad=True)
Parameter containing:
tensor(-2.9425, device='cuda:0', requires_grad=True)
Parameter containing:
tensor(-2.9415, device='cuda:0', requires_grad=True)
Parameter containing:
tensor(-2.9406, device='cuda:0', requires_grad=True)
Parameter containing:
tensor(-2.9397, device='cuda:0', requires_grad=True)
Parameter containing:
tensor(-2.9388, device='cuda:0', requires_grad=True)
Parameter containing:
tensor(-2.9379, device='cuda:0', requires_grad=True)
Parameter containing:
tensor(-2.9370, device='cuda:0', requires_grad=True)
Parameter containing:
tensor(-2.9361, device='cuda:0', requires_grad=True)
Parameter containing:
tensor(-2.9352, device='cuda:0', requires_grad=True)
Parameter containing:
tensor(-2.9343, device='cuda:0', requires_grad=True)
Parameter containing:
tensor(-2.9334, device='cuda:0', requires_grad=True)
Parameter containing:
tensor(-2.9325, device='cuda:0', requires_grad=True)
Parameter containing:
tensor(-2.9316, device='cuda:0', requires_grad=True)
Parameter containing:
tensor(-2.9307, device='cuda:0', requires_grad=True)
Parameter containing:
tensor(-2.9298, device='cuda:0', requires_grad=True)
Parameter containing:
tensor(-2.9289, device='cuda:0', requires_grad=True)
Parameter containing:
tensor(-2.9280, device='cuda:0', requires_grad=True)
Parameter containing:
tensor(-2.9271, device='cuda:0', requires_grad=True)
Parameter containing:
tensor(-2.9262, device='cuda:0', requires_grad=True)
Parameter containing:
tensor(-2.9253, device='cuda:0', requires_grad=True)
Parameter containing:
tensor(-2.9244, device='cuda:0', requires_grad=True)
Parameter containing:
tensor(-2.9235, device='cuda:0', requires_grad=True)
Parameter containing:
tensor(-2.9226, device='cuda:0', requires_grad=True)
Parameter containing:
tensor(-2.9218, device='cuda:0', requires_grad=True)
Parameter containing:
tensor(-2.9209, device='cuda:0', requires_grad=True)
Parameter containing:
tensor(-2.9200, device='cuda:0', requires_grad=True)
Parameter containing:
tensor(-2.9191, device='cuda:0', requires_grad=True)
Parameter containing:
tensor(-2.9183, device='cuda:0', requires_grad=True)
Parameter containing:
tensor(-2.9174, device='cuda:0', requires_grad=True)
Parameter containing:
tensor(-2.9165, device='cuda:0', requires_grad=True)
Parameter containing:
tensor(-2.9156, device='cuda:0', requires_grad=True)
Parameter containing:
tensor(-2.9148, device='cuda:0', requires_grad=True)
Parameter containing:
tensor(-2.9139, device='cuda:0', requires_grad=True)
Parameter containing:
tensor(-2.9131, device='cuda:0', requires_grad=True)
Parameter containing:
tensor(-2.9122, device='cuda:0', requires_grad=True)
Parameter containing:
tensor(-2.9113, device='cuda:0', requires_grad=True)
Parameter containing:
tensor(-2.9105, device='cuda:0', requires_grad=True)
Parameter containing:
tensor(-2.9096, device='cuda:0', requires_grad=True)
Parameter containing:
tensor(-2.9088, device='cuda:0', requires_grad=True)
Parameter containing:
tensor(-2.9080, device='cuda:0', requires_grad=True)
Parameter containing:
tensor(-2.9071, device='cuda:0', requires_grad=True)
Parameter containing:
tensor(-2.9063, device='cuda:0', requires_grad=True)
Parameter containing:
tensor(-2.9055, device='cuda:0', requires_grad=True)
Parameter containing:
tensor(-2.9046, device='cuda:0', requires_grad=True)
Parameter containing:
tensor(-2.9038, device='cuda:0', requires_grad=True)
Parameter containing:
tensor(-2.9030, device='cuda:0', requires_grad=True)
Parameter containing:
tensor(-2.9022, device='cuda:0', requires_grad=True)
Parameter containing:
tensor(-2.9014, device='cuda:0', requires_grad=True)
Parameter containing:
tensor(-2.9005, device='cuda:0', requires_grad=True)
Parameter containing:
tensor(-2.8997, device='cuda:0', requires_grad=True)
Parameter containing:
tensor(-2.8989, device='cuda:0', requires_grad=True)
Parameter containing:
tensor(-2.8981, device='cuda:0', requires_grad=True)
Parameter containing:
tensor(-2.8973, device='cuda:0', requires_grad=True)
Parameter containing:
tensor(-2.8965, device='cuda:0', requires_grad=True)
Parameter containing:
tensor(-2.8957, device='cuda:0', requires_grad=True)
Parameter containing:
tensor(-2.8949, device='cuda:0', requires_grad=True)
Parameter containing:
tensor(-2.8941, device='cuda:0', requires_grad=True)
Parameter containing:
tensor(-2.8933, device='cuda:0', requires_grad=True)
Parameter containing:
tensor(-2.8925, device='cuda:0', requires_grad=True)
Parameter containing:
tensor(-2.8917, device='cuda:0', requires_grad=True)
Parameter containing:
tensor(-2.8909, device='cuda:0', requires_grad=True)
Parameter containing:
tensor(-2.8902, device='cuda:0', requires_grad=True)
Parameter containing:
tensor(-2.8894, device='cuda:0', requires_grad=True)
Parameter containing:
tensor(-2.8886, device='cuda:0', requires_grad=True)
Parameter containing:
tensor(-2.8878, device='cuda:0', requires_grad=True)
Parameter containing:
tensor(-2.8871, device='cuda:0', requires_grad=True)
Parameter containing:
tensor(-2.8863, device='cuda:0', requires_grad=True)
Parameter containing:
tensor(-2.8855, device='cuda:0', requires_grad=True)
Parameter containing:
tensor(-2.8848, device='cuda:0', requires_grad=True)
Parameter containing:
tensor(-2.8840, device='cuda:0', requires_grad=True)
Parameter containing:
tensor(-2.8832, device='cuda:0', requires_grad=True)
Parameter containing:
tensor(-2.8825, device='cuda:0', requires_grad=True)
Parameter containing:
tensor(-2.8817, device='cuda:0', requires_grad=True)
Parameter containing:
tensor(-2.8810, device='cuda:0', requires_grad=True)
Parameter containing:
tensor(-2.8802, device='cuda:0', requires_grad=True)
Parameter containing:
tensor(-2.8795, device='cuda:0', requires_grad=True)
Parameter containing:
tensor(-2.8788, device='cuda:0', requires_grad=True)
Parameter containing:
tensor(-2.8780, device='cuda:0', requires_grad=True)
Parameter containing:
tensor(-2.8773, device='cuda:0', requires_grad=True)
Parameter containing:
tensor(-2.8766, device='cuda:0', requires_grad=True)
Parameter containing:
tensor(-2.8758, device='cuda:0', requires_grad=True)
Parameter containing:
tensor(-2.8751, device='cuda:0', requires_grad=True)
Parameter containing:
tensor(-2.8744, device='cuda:0', requires_grad=True)
Parameter containing:
tensor(-2.8737, device='cuda:0', requires_grad=True)
Parameter containing:
tensor(-2.8730, device='cuda:0', requires_grad=True)
Parameter containing:
tensor(-2.8722, device='cuda:0', requires_grad=True)
Parameter containing:
tensor(-2.8715, device='cuda:0', requires_grad=True)
Parameter containing:
tensor(-2.8708, device='cuda:0', requires_grad=True)
Parameter containing:
tensor(-2.8701, device='cuda:0', requires_grad=True)
Parameter containing:
tensor(-2.8694, device='cuda:0', requires_grad=True)
Parameter containing:
tensor(-2.8687, device='cuda:0', requires_grad=True)
Parameter containing:
tensor(-2.8680, device='cuda:0', requires_grad=True)
Parameter containing:
tensor(-2.8673, device='cuda:0', requires_grad=True)
Parameter containing:
tensor(-2.8666, device='cuda:0', requires_grad=True)
Parameter containing:
tensor(-2.8659, device='cuda:0', requires_grad=True)
Parameter containing:
tensor(-2.8652, device='cuda:0', requires_grad=True)
Parameter containing:
tensor(-2.8645, device='cuda:0', requires_grad=True)
Parameter containing:
tensor(-2.8638, device='cuda:0', requires_grad=True)
Parameter containing:
tensor(-2.8631, device='cuda:0', requires_grad=True)
Parameter containing:
tensor(-2.8624, device='cuda:0', requires_grad=True)
Parameter containing:
tensor(-2.8617, device='cuda:0', requires_grad=True)
Parameter containing:
tensor(-2.8610, device='cuda:0', requires_grad=True)
Parameter containing:
tensor(-2.8603, device='cuda:0', requires_grad=True)
Parameter containing:
tensor(-2.8596, device='cuda:0', requires_grad=True)
Parameter containing:
tensor(-2.8589, device='cuda:0', requires_grad=True)
Parameter containing:
tensor(-2.8583, device='cuda:0', requires_grad=True)
Parameter containing:
tensor(-2.8576, device='cuda:0', requires_grad=True)
Parameter containing:
tensor(-2.8569, device='cuda:0', requires_grad=True)
Parameter containing:
tensor(-2.8562, device='cuda:0', requires_grad=True)
Parameter containing:
tensor(-2.8555, device='cuda:0', requires_grad=True)
Parameter containing:
tensor(-2.8548, device='cuda:0', requires_grad=True)
Parameter containing:
tensor(-2.8542, device='cuda:0', requires_grad=True)
Parameter containing:
tensor(-2.8535, device='cuda:0', requires_grad=True)
Parameter containing:
tensor(-2.8528, device='cuda:0', requires_grad=True)
Parameter containing:
tensor(-2.8522, device='cuda:0', requires_grad=True)
Parameter containing:
tensor(-2.8515, device='cuda:0', requires_grad=True)
Parameter containing:
tensor(-2.8508, device='cuda:0', requires_grad=True)
Parameter containing:
tensor(-2.8502, device='cuda:0', requires_grad=True)
Parameter containing:
tensor(-2.8495, device='cuda:0', requires_grad=True)
Parameter containing:
tensor(-2.8488, device='cuda:0', requires_grad=True)
Parameter containing:
tensor(-2.8481, device='cuda:0', requires_grad=True)
Parameter containing:
tensor(-2.8475, device='cuda:0', requires_grad=True)
Parameter containing:
tensor(-2.8468, device='cuda:0', requires_grad=True)
Parameter containing:
tensor(-2.8462, device='cuda:0', requires_grad=True)
Parameter containing:
tensor(-2.8455, device='cuda:0', requires_grad=True)
Parameter containing:
tensor(-2.8449, device='cuda:0', requires_grad=True)
Parameter containing:
tensor(-2.8442, device='cuda:0', requires_grad=True)
Parameter containing:
tensor(-2.8436, device='cuda:0', requires_grad=True)
Parameter containing:
tensor(-2.8429, device='cuda:0', requires_grad=True)
Parameter containing:
tensor(-2.8423, device='cuda:0', requires_grad=True)
Parameter containing:
tensor(-2.8416, device='cuda:0', requires_grad=True)
Parameter containing:
tensor(-2.8410, device='cuda:0', requires_grad=True)
Parameter containing:
tensor(-2.8403, device='cuda:0', requires_grad=True)
Parameter containing:
tensor(-2.8397, device='cuda:0', requires_grad=True)
Parameter containing:
tensor(-2.8390, device='cuda:0', requires_grad=True)
Parameter containing:
tensor(-2.8384, device='cuda:0', requires_grad=True)
Parameter containing:
tensor(-2.8377, device='cuda:0', requires_grad=True)
Parameter containing:
tensor(-2.8371, device='cuda:0', requires_grad=True)
Parameter containing:
tensor(-2.8364, device='cuda:0', requires_grad=True)
Parameter containing:
tensor(-2.8358, device='cuda:0', requires_grad=True)
Parameter containing:
tensor(-2.8351, device='cuda:0', requires_grad=True)
Parameter containing:
tensor(-2.8345, device='cuda:0', requires_grad=True)
Parameter containing:
tensor(-2.8339, device='cuda:0', requires_grad=True)
Parameter containing:
tensor(-2.8332, device='cuda:0', requires_grad=True)
Parameter containing:
tensor(-2.8326, device='cuda:0', requires_grad=True)
Parameter containing:
tensor(-2.8320, device='cuda:0', requires_grad=True)
Parameter containing:
tensor(-2.8314, device='cuda:0', requires_grad=True)
Parameter containing:
tensor(-2.8307, device='cuda:0', requires_grad=True)
Parameter containing:
tensor(-2.8301, device='cuda:0', requires_grad=True)
Parameter containing:
tensor(-2.8295, device='cuda:0', requires_grad=True)
Parameter containing:
tensor(-2.8289, device='cuda:0', requires_grad=True)
Parameter containing:
tensor(-2.8283, device='cuda:0', requires_grad=True)
Parameter containing:
tensor(-2.8277, device='cuda:0', requires_grad=True)
Parameter containing:
tensor(-2.8271, device='cuda:0', requires_grad=True)
Parameter containing:
tensor(-2.8264, device='cuda:0', requires_grad=True)
Parameter containing:
tensor(-2.8258, device='cuda:0', requires_grad=True)
Parameter containing:
tensor(-2.8252, device='cuda:0', requires_grad=True)
Parameter containing:
tensor(-2.8246, device='cuda:0', requires_grad=True)
Parameter containing:
tensor(-2.8240, device='cuda:0', requires_grad=True)
Parameter containing:
tensor(-2.8234, device='cuda:0', requires_grad=True)
Parameter containing:
tensor(-2.8228, device='cuda:0', requires_grad=True)
Parameter containing:
tensor(-2.8222, device='cuda:0', requires_grad=True)
Parameter containing:
tensor(-2.8216, device='cuda:0', requires_grad=True)
Parameter containing:
tensor(-2.8209, device='cuda:0', requires_grad=True)
Parameter containing:
tensor(-2.8203, device='cuda:0', requires_grad=True)
Parameter containing:
tensor(-2.8196, device='cuda:0', requires_grad=True)
Parameter containing:
tensor(-2.8190, device='cuda:0', requires_grad=True)
Parameter containing:
tensor(-2.8184, device='cuda:0', requires_grad=True)
Parameter containing:
tensor(-2.8177, device='cuda:0', requires_grad=True)
Parameter containing:
tensor(-2.8171, device='cuda:0', requires_grad=True)
Parameter containing:
tensor(-2.8165, device='cuda:0', requires_grad=True)
Parameter containing:
tensor(-2.8159, device='cuda:0', requires_grad=True)
Parameter containing:
tensor(-2.8152, device='cuda:0', requires_grad=True)
Parameter containing:
tensor(-2.8146, device='cuda:0', requires_grad=True)
Parameter containing:
tensor(-2.8140, device='cuda:0', requires_grad=True)
Parameter containing:
tensor(-2.8134, device='cuda:0', requires_grad=True)
Parameter containing:
tensor(-2.8128, device='cuda:0', requires_grad=True)
Parameter containing:
tensor(-2.8122, device='cuda:0', requires_grad=True)
Parameter containing:
tensor(-2.8116, device='cuda:0', requires_grad=True)
Parameter containing:
tensor(-2.8111, device='cuda:0', requires_grad=True)
Parameter containing:
tensor(-2.8105, device='cuda:0', requires_grad=True)
Parameter containing:
tensor(-2.8099, device='cuda:0', requires_grad=True)
Parameter containing:
tensor(-2.8094, device='cuda:0', requires_grad=True)
Parameter containing:
tensor(-2.8088, device='cuda:0', requires_grad=True)
Parameter containing:
tensor(-2.8083, device='cuda:0', requires_grad=True)
Parameter containing:
tensor(-2.8077, device='cuda:0', requires_grad=True)
Parameter containing:
tensor(-2.8072, device='cuda:0', requires_grad=True)
Parameter containing:
tensor(-2.8066, device='cuda:0', requires_grad=True)
Parameter containing:
tensor(-2.8060, device='cuda:0', requires_grad=True)
Parameter containing:
tensor(-2.8055, device='cuda:0', requires_grad=True)
Parameter containing:
tensor(-2.8049, device='cuda:0', requires_grad=True)
Parameter containing:
tensor(-2.8044, device='cuda:0', requires_grad=True)
Parameter containing:
tensor(-2.8038, device='cuda:0', requires_grad=True)
Parameter containing:
tensor(-2.8033, device='cuda:0', requires_grad=True)
Parameter containing:
tensor(-2.8027, device='cuda:0', requires_grad=True)
Parameter containing:
tensor(-2.8022, device='cuda:0', requires_grad=True)
Parameter containing:
tensor(-2.8016, device='cuda:0', requires_grad=True)
Parameter containing:
tensor(-2.8010, device='cuda:0', requires_grad=True)
Parameter containing:
tensor(-2.8005, device='cuda:0', requires_grad=True)
Parameter containing:
tensor(-2.7999, device='cuda:0', requires_grad=True)
Parameter containing:
tensor(-2.7994, device='cuda:0', requires_grad=True)
Parameter containing:
tensor(-2.7988, device='cuda:0', requires_grad=True)
Parameter containing:
tensor(-2.7982, device='cuda:0', requires_grad=True)
Parameter containing:
tensor(-2.7977, device='cuda:0', requires_grad=True)
Parameter containing:
tensor(-2.7971, device='cuda:0', requires_grad=True)
Parameter containing:
tensor(-2.7965, device='cuda:0', requires_grad=True)
Parameter containing:
tensor(-2.7959, device='cuda:0', requires_grad=True)
Parameter containing:
tensor(-2.7954, device='cuda:0', requires_grad=True)
Parameter containing:
tensor(-2.7948, device='cuda:0', requires_grad=True)
Parameter containing:
tensor(-2.7942, device='cuda:0', requires_grad=True)
Parameter containing:
tensor(-2.7936, device='cuda:0', requires_grad=True)
Parameter containing:
tensor(-2.7931, device='cuda:0', requires_grad=True)
Parameter containing:
tensor(-2.7925, device='cuda:0', requires_grad=True)
Parameter containing:
tensor(-2.7919, device='cuda:0', requires_grad=True)
Parameter containing:
tensor(-2.7913, device='cuda:0', requires_grad=True)
Parameter containing:
tensor(-2.7907, device='cuda:0', requires_grad=True)
Parameter containing:
tensor(-2.7902, device='cuda:0', requires_grad=True)
Parameter containing:
tensor(-2.7896, device='cuda:0', requires_grad=True)
Parameter containing:
tensor(-2.7890, device='cuda:0', requires_grad=True)
Parameter containing:
tensor(-2.7884, device='cuda:0', requires_grad=True)
Parameter containing:
tensor(-2.7879, device='cuda:0', requires_grad=True)
Parameter containing:
tensor(-2.7873, device='cuda:0', requires_grad=True)
Parameter containing:
tensor(-2.7868, device='cuda:0', requires_grad=True)
Parameter containing:
tensor(-2.7862, device='cuda:0', requires_grad=True)
Parameter containing:
tensor(-2.7856, device='cuda:0', requires_grad=True)
Parameter containing:
tensor(-2.7851, device='cuda:0', requires_grad=True)
Parameter containing:
tensor(-2.7845, device='cuda:0', requires_grad=True)
Parameter containing:
tensor(-2.7839, device='cuda:0', requires_grad=True)
Parameter containing:
tensor(-2.7834, device='cuda:0', requires_grad=True)
Parameter containing:
tensor(-2.7828, device='cuda:0', requires_grad=True)
Parameter containing:
tensor(-2.7822, device='cuda:0', requires_grad=True)
Parameter containing:
tensor(-2.7816, device='cuda:0', requires_grad=True)
Parameter containing:
tensor(-2.7810, device='cuda:0', requires_grad=True)
Parameter containing:
tensor(-2.7804, device='cuda:0', requires_grad=True)
Parameter containing:
tensor(-2.7798, device='cuda:0', requires_grad=True)
Parameter containing:
tensor(-2.7792, device='cuda:0', requires_grad=True)
Parameter containing:
tensor(-2.7786, device='cuda:0', requires_grad=True)
Parameter containing:
tensor(-2.7781, device='cuda:0', requires_grad=True)
Parameter containing:
tensor(-2.7775, device='cuda:0', requires_grad=True)
Parameter containing:
tensor(-2.7769, device='cuda:0', requires_grad=True)
Parameter containing:
tensor(-2.7764, device='cuda:0', requires_grad=True)
Parameter containing:
tensor(-2.7758, device='cuda:0', requires_grad=True)
Parameter containing:
tensor(-2.7752, device='cuda:0', requires_grad=True)
Parameter containing:
tensor(-2.7747, device='cuda:0', requires_grad=True)
Parameter containing:
tensor(-2.7741, device='cuda:0', requires_grad=True)
Parameter containing:
tensor(-2.7736, device='cuda:0', requires_grad=True)
Parameter containing:
tensor(-2.7730, device='cuda:0', requires_grad=True)
Parameter containing:
tensor(-2.7725, device='cuda:0', requires_grad=True)
Parameter containing:
tensor(-2.7719, device='cuda:0', requires_grad=True)
Parameter containing:
tensor(-2.7714, device='cuda:0', requires_grad=True)
Parameter containing:
tensor(-2.7708, device='cuda:0', requires_grad=True)
Parameter containing:
tensor(-2.7703, device='cuda:0', requires_grad=True)
Parameter containing:
tensor(-2.7698, device='cuda:0', requires_grad=True)
Parameter containing:
tensor(-2.7692, device='cuda:0', requires_grad=True)
Parameter containing:
tensor(-2.7687, device='cuda:0', requires_grad=True)
Parameter containing:
tensor(-2.7681, device='cuda:0', requires_grad=True)
Parameter containing:
tensor(-2.7675, device='cuda:0', requires_grad=True)
Parameter containing:
tensor(-2.7670, device='cuda:0', requires_grad=True)
Parameter containing:
tensor(-2.7665, device='cuda:0', requires_grad=True)
Parameter containing:
tensor(-2.7659, device='cuda:0', requires_grad=True)
Parameter containing:
tensor(-2.7654, device='cuda:0', requires_grad=True)
Parameter containing:
tensor(-2.7648, device='cuda:0', requires_grad=True)
Parameter containing:
tensor(-2.7643, device='cuda:0', requires_grad=True)
Parameter containing:
tensor(-2.7638, device='cuda:0', requires_grad=True)
Parameter containing:
tensor(-2.7632, device='cuda:0', requires_grad=True)
Parameter containing:
tensor(-2.7627, device='cuda:0', requires_grad=True)
Parameter containing:
tensor(-2.7622, device='cuda:0', requires_grad=True)
Parameter containing:
tensor(-2.7616, device='cuda:0', requires_grad=True)
Parameter containing:
tensor(-2.7611, device='cuda:0', requires_grad=True)
Parameter containing:
tensor(-2.7605, device='cuda:0', requires_grad=True)
Parameter containing:
tensor(-2.7600, device='cuda:0', requires_grad=True)
Parameter containing:
tensor(-2.7595, device='cuda:0', requires_grad=True)
Parameter containing:
tensor(-2.7590, device='cuda:0', requires_grad=True)
Parameter containing:
tensor(-2.7584, device='cuda:0', requires_grad=True)
Parameter containing:
tensor(-2.7579, device='cuda:0', requires_grad=True)
Parameter containing:
tensor(-2.7574, device='cuda:0', requires_grad=True)
Parameter containing:
tensor(-2.7568, device='cuda:0', requires_grad=True)
Parameter containing:
tensor(-2.7563, device='cuda:0', requires_grad=True)
Parameter containing:
tensor(-2.7558, device='cuda:0', requires_grad=True)
Parameter containing:
tensor(-2.7552, device='cuda:0', requires_grad=True)
Parameter containing:
tensor(-2.7547, device='cuda:0', requires_grad=True)
Parameter containing:
tensor(-2.7542, device='cuda:0', requires_grad=True)
Parameter containing:
tensor(-2.7536, device='cuda:0', requires_grad=True)
Parameter containing:
tensor(-2.7531, device='cuda:0', requires_grad=True)
Parameter containing:
tensor(-2.7526, device='cuda:0', requires_grad=True)
Parameter containing:
tensor(-2.7520, device='cuda:0', requires_grad=True)
Parameter containing:
tensor(-2.7515, device='cuda:0', requires_grad=True)
Parameter containing:
tensor(-2.7510, device='cuda:0', requires_grad=True)
Parameter containing:
tensor(-2.7505, device='cuda:0', requires_grad=True)
Parameter containing:
tensor(-2.7499, device='cuda:0', requires_grad=True)
Parameter containing:
tensor(-2.7494, device='cuda:0', requires_grad=True)
Parameter containing:
tensor(-2.7489, device='cuda:0', requires_grad=True)
Parameter containing:
tensor(-2.7483, device='cuda:0', requires_grad=True)
Parameter containing:
tensor(-2.7478, device='cuda:0', requires_grad=True)
Parameter containing:
tensor(-2.7473, device='cuda:0', requires_grad=True)
Parameter containing:
tensor(-2.7467, device='cuda:0', requires_grad=True)
Parameter containing:
tensor(-2.7462, device='cuda:0', requires_grad=True)
Parameter containing:
tensor(-2.7457, device='cuda:0', requires_grad=True)
Parameter containing:
tensor(-2.7452, device='cuda:0', requires_grad=True)
Parameter containing:
tensor(-2.7446, device='cuda:0', requires_grad=True)
Parameter containing:
tensor(-2.7441, device='cuda:0', requires_grad=True)
Parameter containing:
tensor(-2.7436, device='cuda:0', requires_grad=True)
Parameter containing:
tensor(-2.7430, device='cuda:0', requires_grad=True)
Parameter containing:
tensor(-2.7425, device='cuda:0', requires_grad=True)
Parameter containing:
tensor(-2.7420, device='cuda:0', requires_grad=True)
Parameter containing:
tensor(-2.7414, device='cuda:0', requires_grad=True)
Parameter containing:
tensor(-2.7409, device='cuda:0', requires_grad=True)
Parameter containing:
tensor(-2.7404, device='cuda:0', requires_grad=True)
Parameter containing:
tensor(-2.7398, device='cuda:0', requires_grad=True)
Parameter containing:
tensor(-2.7393, device='cuda:0', requires_grad=True)
Parameter containing:
tensor(-2.7388, device='cuda:0', requires_grad=True)
Parameter containing:
tensor(-2.7383, device='cuda:0', requires_grad=True)
Parameter containing:
tensor(-2.7378, device='cuda:0', requires_grad=True)
Parameter containing:
tensor(-2.7373, device='cuda:0', requires_grad=True)
Parameter containing:
tensor(-2.7368, device='cuda:0', requires_grad=True)
Parameter containing:
tensor(-2.7363, device='cuda:0', requires_grad=True)
Parameter containing:
tensor(-2.7358, device='cuda:0', requires_grad=True)
Parameter containing:
tensor(-2.7353, device='cuda:0', requires_grad=True)
Parameter containing:
tensor(-2.7348, device='cuda:0', requires_grad=True)
Parameter containing:
tensor(-2.7343, device='cuda:0', requires_grad=True)
Parameter containing:
tensor(-2.7338, device='cuda:0', requires_grad=True)
Parameter containing:
tensor(-2.7333, device='cuda:0', requires_grad=True)
Parameter containing:
tensor(-2.7329, device='cuda:0', requires_grad=True)
Parameter containing:
tensor(-2.7324, device='cuda:0', requires_grad=True)
Parameter containing:
tensor(-2.7319, device='cuda:0', requires_grad=True)
Parameter containing:
tensor(-2.7314, device='cuda:0', requires_grad=True)
Parameter containing:
tensor(-2.7309, device='cuda:0', requires_grad=True)
Parameter containing:
tensor(-2.7304, device='cuda:0', requires_grad=True)
Parameter containing:
tensor(-2.7299, device='cuda:0', requires_grad=True)
Parameter containing:
tensor(-2.7295, device='cuda:0', requires_grad=True)
Parameter containing:
tensor(-2.7290, device='cuda:0', requires_grad=True)
Parameter containing:
tensor(-2.7285, device='cuda:0', requires_grad=True)
Parameter containing:
tensor(-2.7280, device='cuda:0', requires_grad=True)
Parameter containing:
tensor(-2.7275, device='cuda:0', requires_grad=True)
Parameter containing:
tensor(-2.7270, device='cuda:0', requires_grad=True)
Parameter containing:
tensor(-2.7265, device='cuda:0', requires_grad=True)
Parameter containing:
tensor(-2.7260, device='cuda:0', requires_grad=True)
Parameter containing:
tensor(-2.7256, device='cuda:0', requires_grad=True)
Parameter containing:
tensor(-2.7251, device='cuda:0', requires_grad=True)
Parameter containing:
tensor(-2.7246, device='cuda:0', requires_grad=True)
Parameter containing:
tensor(-2.7241, device='cuda:0', requires_grad=True)
Parameter containing:
tensor(-2.7236, device='cuda:0', requires_grad=True)
Parameter containing:
tensor(-2.7232, device='cuda:0', requires_grad=True)
Parameter containing:
tensor(-2.7227, device='cuda:0', requires_grad=True)
Parameter containing:
tensor(-2.7222, device='cuda:0', requires_grad=True)
Parameter containing:
tensor(-2.7217, device='cuda:0', requires_grad=True)
Parameter containing:
tensor(-2.7213, device='cuda:0', requires_grad=True)
Parameter containing:
tensor(-2.7208, device='cuda:0', requires_grad=True)
Parameter containing:
tensor(-2.7204, device='cuda:0', requires_grad=True)
Parameter containing:
tensor(-2.7199, device='cuda:0', requires_grad=True)
Parameter containing:
tensor(-2.7195, device='cuda:0', requires_grad=True)
Parameter containing:
tensor(-2.7190, device='cuda:0', requires_grad=True)
Parameter containing:
tensor(-2.7186, device='cuda:0', requires_grad=True)
Parameter containing:
tensor(-2.7181, device='cuda:0', requires_grad=True)
Parameter containing:
tensor(-2.7176, device='cuda:0', requires_grad=True)
Parameter containing:
tensor(-2.7172, device='cuda:0', requires_grad=True)
Parameter containing:
tensor(-2.7167, device='cuda:0', requires_grad=True)
Parameter containing:
tensor(-2.7163, device='cuda:0', requires_grad=True)
Parameter containing:
tensor(-2.7158, device='cuda:0', requires_grad=True)
Parameter containing:
tensor(-2.7154, device='cuda:0', requires_grad=True)
Parameter containing:
tensor(-2.7149, device='cuda:0', requires_grad=True)
Parameter containing:
tensor(-2.7145, device='cuda:0', requires_grad=True)
Parameter containing:
tensor(-2.7140, device='cuda:0', requires_grad=True)
Parameter containing:
tensor(-2.7136, device='cuda:0', requires_grad=True)
Parameter containing:
tensor(-2.7131, device='cuda:0', requires_grad=True)
Parameter containing:
tensor(-2.7127, device='cuda:0', requires_grad=True)
Parameter containing:
tensor(-2.7123, device='cuda:0', requires_grad=True)
Parameter containing:
tensor(-2.7118, device='cuda:0', requires_grad=True)
Parameter containing:
tensor(-2.7114, device='cuda:0', requires_grad=True)
Parameter containing:
tensor(-2.7109, device='cuda:0', requires_grad=True)
Parameter containing:
tensor(-2.7105, device='cuda:0', requires_grad=True)
Parameter containing:
tensor(-2.7101, device='cuda:0', requires_grad=True)
Parameter containing:
tensor(-2.7096, device='cuda:0', requires_grad=True)
Parameter containing:
tensor(-2.7092, device='cuda:0', requires_grad=True)
Parameter containing:
tensor(-2.7088, device='cuda:0', requires_grad=True)
Parameter containing:
tensor(-2.7083, device='cuda:0', requires_grad=True)
Parameter containing:
tensor(-2.7079, device='cuda:0', requires_grad=True)
Parameter containing:
tensor(-2.7075, device='cuda:0', requires_grad=True)
Parameter containing:
tensor(-2.7070, device='cuda:0', requires_grad=True)
Parameter containing:
tensor(-2.7066, device='cuda:0', requires_grad=True)
Parameter containing:
tensor(-2.7061, device='cuda:0', requires_grad=True)
Parameter containing:
tensor(-2.7057, device='cuda:0', requires_grad=True)
Parameter containing:
tensor(-2.7053, device='cuda:0', requires_grad=True)
Parameter containing:
tensor(-2.7048, device='cuda:0', requires_grad=True)
Parameter containing:
tensor(-2.7044, device='cuda:0', requires_grad=True)
Parameter containing:
tensor(-2.7039, device='cuda:0', requires_grad=True)
Parameter containing:
tensor(-2.7035, device='cuda:0', requires_grad=True)
Parameter containing:
tensor(-2.7031, device='cuda:0', requires_grad=True)
Parameter containing:
tensor(-2.7027, device='cuda:0', requires_grad=True)
Parameter containing:
tensor(-2.7022, device='cuda:0', requires_grad=True)
Parameter containing:
tensor(-2.7018, device='cuda:0', requires_grad=True)
Parameter containing:
tensor(-2.7013, device='cuda:0', requires_grad=True)
Parameter containing:
tensor(-2.7009, device='cuda:0', requires_grad=True)
Parameter containing:
tensor(-2.7005, device='cuda:0', requires_grad=True)
Parameter containing:
tensor(-2.7000, device='cuda:0', requires_grad=True)
Parameter containing:
tensor(-2.6996, device='cuda:0', requires_grad=True)
Parameter containing:
tensor(-2.6992, device='cuda:0', requires_grad=True)
Parameter containing:
tensor(-2.6988, device='cuda:0', requires_grad=True)
Parameter containing:
tensor(-2.6984, device='cuda:0', requires_grad=True)
Parameter containing:
tensor(-2.6980, device='cuda:0', requires_grad=True)
Parameter containing:
tensor(-2.6976, device='cuda:0', requires_grad=True)
Parameter containing:
tensor(-2.6972, device='cuda:0', requires_grad=True)
Parameter containing:
tensor(-2.6968, device='cuda:0', requires_grad=True)
Parameter containing:
tensor(-2.6964, device='cuda:0', requires_grad=True)
Parameter containing:
tensor(-2.6960, device='cuda:0', requires_grad=True)
Parameter containing:
tensor(-2.6956, device='cuda:0', requires_grad=True)
Parameter containing:
tensor(-2.6951, device='cuda:0', requires_grad=True)
Parameter containing:
tensor(-2.6947, device='cuda:0', requires_grad=True)
Parameter containing:
tensor(-2.6944, device='cuda:0', requires_grad=True)
Parameter containing:
tensor(-2.6940, device='cuda:0', requires_grad=True)
Parameter containing:
tensor(-2.6936, device='cuda:0', requires_grad=True)
Parameter containing:
tensor(-2.6932, device='cuda:0', requires_grad=True)
Parameter containing:
tensor(-2.6928, device='cuda:0', requires_grad=True)
Parameter containing:
tensor(-2.6924, device='cuda:0', requires_grad=True)
Parameter containing:
tensor(-2.6920, device='cuda:0', requires_grad=True)
Parameter containing:
tensor(-2.6916, device='cuda:0', requires_grad=True)
Parameter containing:
tensor(-2.6912, device='cuda:0', requires_grad=True)
Parameter containing:
tensor(-2.6908, device='cuda:0', requires_grad=True)
Parameter containing:
tensor(-2.6904, device='cuda:0', requires_grad=True)
Parameter containing:
tensor(-2.6901, device='cuda:0', requires_grad=True)
Parameter containing:
tensor(-2.6897, device='cuda:0', requires_grad=True)
Parameter containing:
tensor(-2.6893, device='cuda:0', requires_grad=True)
Parameter containing:
tensor(-2.6889, device='cuda:0', requires_grad=True)
Parameter containing:
tensor(-2.6886, device='cuda:0', requires_grad=True)
Parameter containing:
tensor(-2.6882, device='cuda:0', requires_grad=True)
Parameter containing:
tensor(-2.6879, device='cuda:0', requires_grad=True)
Parameter containing:
tensor(-2.6875, device='cuda:0', requires_grad=True)
Parameter containing:
tensor(-2.6872, device='cuda:0', requires_grad=True)
Parameter containing:
tensor(-2.6868, device='cuda:0', requires_grad=True)
Parameter containing:
tensor(-2.6863, device='cuda:0', requires_grad=True)
Parameter containing:
tensor(-2.6859, device='cuda:0', requires_grad=True)
Parameter containing:
tensor(-2.6855, device='cuda:0', requires_grad=True)
Parameter containing:
tensor(-2.6851, device='cuda:0', requires_grad=True)
Parameter containing:
tensor(-2.6846, device='cuda:0', requires_grad=True)
Parameter containing:
tensor(-2.6842, device='cuda:0', requires_grad=True)
Parameter containing:
tensor(-2.6838, device='cuda:0', requires_grad=True)
Parameter containing:
tensor(-2.6834, device='cuda:0', requires_grad=True)
Parameter containing:
tensor(-2.6830, device='cuda:0', requires_grad=True)
Parameter containing:
tensor(-2.6827, device='cuda:0', requires_grad=True)
Parameter containing:
tensor(-2.6823, device='cuda:0', requires_grad=True)


PS:

Read file <14836068.stderr> for stderr output of this job.

