Sender: LSF System <lsfadmin@ls11>
Subject: Job 14788409: <_gp_sgld_GraphConv_1e-4> in cluster <lila> Done

Job <_gp_sgld_GraphConv_1e-4> was submitted from host <lx08> by user <wangy1> in cluster <lila> at Tue Jun  2 12:52:19 2020
Job was executed on host(s) <12*ls11>, in queue <gpuqueue>, as user <wangy1> in cluster <lila> at Tue Jun  2 12:52:19 2020
</home/wangy1> was used as the home directory.
</data/chodera/wangyq/pinot/scripts/gp_comparison> was used as the working directory.
Started at Tue Jun  2 12:52:19 2020
Terminated at Tue Jun  2 13:02:51 2020
Results reported at Tue Jun  2 13:02:51 2020

Your job looked like:

------------------------------------------------------------
# LSBATCH: User input
python ../../pinot/app/gp_train.py --layer GraphConv --optimizer sgld --lr 1e-4 --out _gp_sgld_GraphConv_1e-4 --n_epochs 1000
------------------------------------------------------------

Successfully completed.

Resource usage summary:

    CPU time :                                   1191.01 sec.
    Max Memory :                                 2 GB
    Average Memory :                             1.96 GB
    Total Requested Memory :                     48.00 GB
    Delta Memory :                               46.00 GB
    Max Swap :                                   -
    Max Processes :                              3
    Max Threads :                                20
    Run time :                                   632 sec.
    Turnaround time :                            632 sec.

The output (if any) follows:



PS:

Read file <14788409.stderr> for stderr output of this job.

